[0.017s] Invoking command in '/home/sarthak/precise_docking_ws/build/norlab_icp_mapper_ros': AMENT_PREFIX_PATH=/home/sarthak/precise_docking_ws/install/libpointmatcher_ros:${AMENT_PREFIX_PATH} CMAKE_PREFIX_PATH=/home/sarthak/precise_docking_ws/install/libpointmatcher_ros:/home/sarthak/precise_docking_ws/install/norlab_icp_mapper/lib/cmake:/home/sarthak/precise_docking_ws/install/frontend:/home/sarthak/precise_docking_ws/install/docking_bringup:/home/sarthak/precise_docking_ws/install/template_ros2:/home/sarthak/precise_docking_ws/install/reach_the_goal:/home/sarthak/precise_docking_ws/install/arcuo_marker_detection:/opt/ros/humble LD_LIBRARY_PATH=/home/sarthak/precise_docking_ws/install/libpointmatcher_ros/lib:${LD_LIBRARY_PATH} /usr/bin/cmake --build /home/sarthak/precise_docking_ws/build/norlab_icp_mapper_ros -- -j20 -l20
[0.067s] [35m[1mConsolidate compiler generated dependencies of target norlab_icp_mapper_ros__rosidl_generator_c[0m
[0.085s] [  2%] Built target norlab_icp_mapper_ros__cpp
[0.090s] [ 12%] Built target norlab_icp_mapper_ros__rosidl_generator_c
[0.105s] [ 12%] Built target ament_cmake_python_copy_norlab_icp_mapper_ros
[0.108s] [35m[1mConsolidate compiler generated dependencies of target norlab_icp_mapper_ros__rosidl_typesupport_introspection_cpp[0m
[0.109s] [35m[1mConsolidate compiler generated dependencies of target norlab_icp_mapper_ros__rosidl_typesupport_introspection_c[0m
[0.110s] [35m[1mConsolidate compiler generated dependencies of target norlab_icp_mapper_ros__rosidl_typesupport_fastrtps_c[0m
[0.110s] [35m[1mConsolidate compiler generated dependencies of target norlab_icp_mapper_ros__rosidl_typesupport_cpp[0m
[0.111s] [35m[1mConsolidate compiler generated dependencies of target norlab_icp_mapper_ros__rosidl_typesupport_c[0m
[0.111s] [35m[1mConsolidate compiler generated dependencies of target norlab_icp_mapper_ros__rosidl_typesupport_fastrtps_cpp[0m
[0.130s] [ 22%] Built target norlab_icp_mapper_ros__rosidl_typesupport_cpp
[0.131s] [ 32%] Built target norlab_icp_mapper_ros__rosidl_typesupport_c
[0.132s] [ 44%] Built target norlab_icp_mapper_ros__rosidl_typesupport_introspection_cpp
[0.132s] [ 52%] Built target norlab_icp_mapper_ros__rosidl_typesupport_fastrtps_c
[0.133s] [ 62%] Built target norlab_icp_mapper_ros__rosidl_typesupport_introspection_c
[0.135s] [ 72%] Built target norlab_icp_mapper_ros__rosidl_typesupport_fastrtps_cpp
[0.157s] [35m[1mConsolidate compiler generated dependencies of target mapper_node[0m
[0.168s] [ 72%] Built target norlab_icp_mapper_ros
[0.195s] [ 76%] Built target norlab_icp_mapper_ros__py
[0.195s] [ 80%] Built target mapper_node
[0.205s] [35m[1mConsolidate compiler generated dependencies of target norlab_icp_mapper_ros__rosidl_generator_py[0m
[0.219s] [ 88%] Built target norlab_icp_mapper_ros__rosidl_generator_py
[0.231s] [35m[1mConsolidate compiler generated dependencies of target norlab_icp_mapper_ros__rosidl_typesupport_fastrtps_c__pyext[0m
[0.231s] [35m[1mConsolidate compiler generated dependencies of target norlab_icp_mapper_ros__rosidl_typesupport_introspection_c__pyext[0m
[0.232s] [35m[1mConsolidate compiler generated dependencies of target norlab_icp_mapper_ros__rosidl_typesupport_c__pyext[0m
[0.243s] [ 92%] Built target norlab_icp_mapper_ros__rosidl_typesupport_introspection_c__pyext
[0.244s] [ 96%] Built target norlab_icp_mapper_ros__rosidl_typesupport_c__pyext
[0.244s] [100%] Built target norlab_icp_mapper_ros__rosidl_typesupport_fastrtps_c__pyext
[0.343s] running egg_info
[0.344s] writing norlab_icp_mapper_ros.egg-info/PKG-INFO
[0.344s] writing dependency_links to norlab_icp_mapper_ros.egg-info/dependency_links.txt
[0.344s] writing top-level names to norlab_icp_mapper_ros.egg-info/top_level.txt
[0.346s] reading manifest file 'norlab_icp_mapper_ros.egg-info/SOURCES.txt'
[0.346s] writing manifest file 'norlab_icp_mapper_ros.egg-info/SOURCES.txt'
[0.379s] [100%] Built target ament_cmake_python_build_norlab_icp_mapper_ros_egg
[0.394s] Invoked command in '/home/sarthak/precise_docking_ws/build/norlab_icp_mapper_ros' returned '0': AMENT_PREFIX_PATH=/home/sarthak/precise_docking_ws/install/libpointmatcher_ros:${AMENT_PREFIX_PATH} CMAKE_PREFIX_PATH=/home/sarthak/precise_docking_ws/install/libpointmatcher_ros:/home/sarthak/precise_docking_ws/install/norlab_icp_mapper/lib/cmake:/home/sarthak/precise_docking_ws/install/frontend:/home/sarthak/precise_docking_ws/install/docking_bringup:/home/sarthak/precise_docking_ws/install/template_ros2:/home/sarthak/precise_docking_ws/install/reach_the_goal:/home/sarthak/precise_docking_ws/install/arcuo_marker_detection:/opt/ros/humble LD_LIBRARY_PATH=/home/sarthak/precise_docking_ws/install/libpointmatcher_ros/lib:${LD_LIBRARY_PATH} /usr/bin/cmake --build /home/sarthak/precise_docking_ws/build/norlab_icp_mapper_ros -- -j20 -l20
[0.558s] Invoking command in '/home/sarthak/precise_docking_ws/build/norlab_icp_mapper_ros': AMENT_PREFIX_PATH=/home/sarthak/precise_docking_ws/install/libpointmatcher_ros:${AMENT_PREFIX_PATH} CMAKE_PREFIX_PATH=/home/sarthak/precise_docking_ws/install/libpointmatcher_ros:/home/sarthak/precise_docking_ws/install/norlab_icp_mapper/lib/cmake:/home/sarthak/precise_docking_ws/install/frontend:/home/sarthak/precise_docking_ws/install/docking_bringup:/home/sarthak/precise_docking_ws/install/template_ros2:/home/sarthak/precise_docking_ws/install/reach_the_goal:/home/sarthak/precise_docking_ws/install/arcuo_marker_detection:/opt/ros/humble LD_LIBRARY_PATH=/home/sarthak/precise_docking_ws/install/libpointmatcher_ros/lib:${LD_LIBRARY_PATH} /usr/bin/cmake --install /home/sarthak/precise_docking_ws/build/norlab_icp_mapper_ros
[0.572s] -- Install configuration: "Release"
[0.572s] -- Up-to-date: /home/sarthak/precise_docking_ws/install/norlab_icp_mapper_ros/share/ament_index/resource_index/rosidl_interfaces/norlab_icp_mapper_ros
[0.572s] -- Up-to-date: /home/sarthak/precise_docking_ws/install/norlab_icp_mapper_ros/include/norlab_icp_mapper_ros/norlab_icp_mapper_ros
[0.572s] -- Up-to-date: /home/sarthak/precise_docking_ws/install/norlab_icp_mapper_ros/include/norlab_icp_mapper_ros/norlab_icp_mapper_ros/srv
[0.572s] -- Up-to-date: /home/sarthak/precise_docking_ws/install/norlab_icp_mapper_ros/include/norlab_icp_mapper_ros/norlab_icp_mapper_ros/srv/save_map.h
[0.572s] -- Up-to-date: /home/sarthak/precise_docking_ws/install/norlab_icp_mapper_ros/include/norlab_icp_mapper_ros/norlab_icp_mapper_ros/srv/save_trajectory.h
[0.572s] -- Up-to-date: /home/sarthak/precise_docking_ws/install/norlab_icp_mapper_ros/include/norlab_icp_mapper_ros/norlab_icp_mapper_ros/srv/load_map.h
[0.572s] -- Up-to-date: /home/sarthak/precise_docking_ws/install/norlab_icp_mapper_ros/include/norlab_icp_mapper_ros/norlab_icp_mapper_ros/srv/detail
[0.572s] -- Up-to-date: /home/sarthak/precise_docking_ws/install/norlab_icp_mapper_ros/include/norlab_icp_mapper_ros/norlab_icp_mapper_ros/srv/detail/load_map__functions.h
[0.573s] -- Up-to-date: /home/sarthak/precise_docking_ws/install/norlab_icp_mapper_ros/include/norlab_icp_mapper_ros/norlab_icp_mapper_ros/srv/detail/load_map__functions.c
[0.573s] -- Up-to-date: /home/sarthak/precise_docking_ws/install/norlab_icp_mapper_ros/include/norlab_icp_mapper_ros/norlab_icp_mapper_ros/srv/detail/save_map__functions.c
[0.573s] -- Up-to-date: /home/sarthak/precise_docking_ws/install/norlab_icp_mapper_ros/include/norlab_icp_mapper_ros/norlab_icp_mapper_ros/srv/detail/save_trajectory__functions.c
[0.573s] -- Up-to-date: /home/sarthak/precise_docking_ws/install/norlab_icp_mapper_ros/include/norlab_icp_mapper_ros/norlab_icp_mapper_ros/srv/detail/load_map__struct.h
[0.573s] -- Up-to-date: /home/sarthak/precise_docking_ws/install/norlab_icp_mapper_ros/include/norlab_icp_mapper_ros/norlab_icp_mapper_ros/srv/detail/load_map__type_support.h
[0.573s] -- Up-to-date: /home/sarthak/precise_docking_ws/install/norlab_icp_mapper_ros/include/norlab_icp_mapper_ros/norlab_icp_mapper_ros/srv/detail/save_trajectory__type_support.h
[0.573s] -- Up-to-date: /home/sarthak/precise_docking_ws/install/norlab_icp_mapper_ros/include/norlab_icp_mapper_ros/norlab_icp_mapper_ros/srv/detail/save_trajectory__struct.h
[0.573s] -- Up-to-date: /home/sarthak/precise_docking_ws/install/norlab_icp_mapper_ros/include/norlab_icp_mapper_ros/norlab_icp_mapper_ros/srv/detail/save_trajectory__functions.h
[0.573s] -- Up-to-date: /home/sarthak/precise_docking_ws/install/norlab_icp_mapper_ros/include/norlab_icp_mapper_ros/norlab_icp_mapper_ros/srv/detail/save_map__struct.h
[0.573s] -- Up-to-date: /home/sarthak/precise_docking_ws/install/norlab_icp_mapper_ros/include/norlab_icp_mapper_ros/norlab_icp_mapper_ros/srv/detail/save_map__functions.h
[0.573s] -- Up-to-date: /home/sarthak/precise_docking_ws/install/norlab_icp_mapper_ros/include/norlab_icp_mapper_ros/norlab_icp_mapper_ros/srv/detail/save_map__type_support.h
[0.573s] -- Up-to-date: /home/sarthak/precise_docking_ws/install/norlab_icp_mapper_ros/include/norlab_icp_mapper_ros/norlab_icp_mapper_ros/msg
[0.573s] -- Up-to-date: /home/sarthak/precise_docking_ws/install/norlab_icp_mapper_ros/include/norlab_icp_mapper_ros/norlab_icp_mapper_ros/msg/rosidl_generator_c__visibility_control.h
[0.573s] -- Up-to-date: /home/sarthak/precise_docking_ws/install/norlab_icp_mapper_ros/share/norlab_icp_mapper_ros/environment/library_path.sh
[0.573s] -- Up-to-date: /home/sarthak/precise_docking_ws/install/norlab_icp_mapper_ros/share/norlab_icp_mapper_ros/environment/library_path.dsv
[0.573s] -- Up-to-date: /home/sarthak/precise_docking_ws/install/norlab_icp_mapper_ros/lib/libnorlab_icp_mapper_ros__rosidl_generator_c.so
[0.573s] -- Up-to-date: /home/sarthak/precise_docking_ws/install/norlab_icp_mapper_ros/include/norlab_icp_mapper_ros/norlab_icp_mapper_ros
[0.573s] -- Up-to-date: /home/sarthak/precise_docking_ws/install/norlab_icp_mapper_ros/include/norlab_icp_mapper_ros/norlab_icp_mapper_ros/srv
[0.574s] -- Up-to-date: /home/sarthak/precise_docking_ws/install/norlab_icp_mapper_ros/include/norlab_icp_mapper_ros/norlab_icp_mapper_ros/srv/detail
[0.574s] -- Up-to-date: /home/sarthak/precise_docking_ws/install/norlab_icp_mapper_ros/include/norlab_icp_mapper_ros/norlab_icp_mapper_ros/srv/detail/save_trajectory__rosidl_typesupport_fastrtps_c.h
[0.574s] -- Up-to-date: /home/sarthak/precise_docking_ws/install/norlab_icp_mapper_ros/include/norlab_icp_mapper_ros/norlab_icp_mapper_ros/srv/detail/save_map__rosidl_typesupport_fastrtps_c.h
[0.574s] -- Up-to-date: /home/sarthak/precise_docking_ws/install/norlab_icp_mapper_ros/include/norlab_icp_mapper_ros/norlab_icp_mapper_ros/srv/detail/load_map__rosidl_typesupport_fastrtps_c.h
[0.574s] -- Up-to-date: /home/sarthak/precise_docking_ws/install/norlab_icp_mapper_ros/include/norlab_icp_mapper_ros/norlab_icp_mapper_ros/msg
[0.574s] -- Up-to-date: /home/sarthak/precise_docking_ws/install/norlab_icp_mapper_ros/include/norlab_icp_mapper_ros/norlab_icp_mapper_ros/msg/rosidl_typesupport_fastrtps_c__visibility_control.h
[0.574s] -- Up-to-date: /home/sarthak/precise_docking_ws/install/norlab_icp_mapper_ros/lib/libnorlab_icp_mapper_ros__rosidl_typesupport_fastrtps_c.so
[0.575s] -- Up-to-date: /home/sarthak/precise_docking_ws/install/norlab_icp_mapper_ros/include/norlab_icp_mapper_ros/norlab_icp_mapper_ros
[0.575s] -- Up-to-date: /home/sarthak/precise_docking_ws/install/norlab_icp_mapper_ros/include/norlab_icp_mapper_ros/norlab_icp_mapper_ros/srv
[0.575s] -- Up-to-date: /home/sarthak/precise_docking_ws/install/norlab_icp_mapper_ros/include/norlab_icp_mapper_ros/norlab_icp_mapper_ros/srv/save_map.hpp
[0.575s] -- Up-to-date: /home/sarthak/precise_docking_ws/install/norlab_icp_mapper_ros/include/norlab_icp_mapper_ros/norlab_icp_mapper_ros/srv/save_trajectory.hpp
[0.575s] -- Up-to-date: /home/sarthak/precise_docking_ws/install/norlab_icp_mapper_ros/include/norlab_icp_mapper_ros/norlab_icp_mapper_ros/srv/load_map.hpp
[0.575s] -- Up-to-date: /home/sarthak/precise_docking_ws/install/norlab_icp_mapper_ros/include/norlab_icp_mapper_ros/norlab_icp_mapper_ros/srv/detail
[0.575s] -- Up-to-date: /home/sarthak/precise_docking_ws/install/norlab_icp_mapper_ros/include/norlab_icp_mapper_ros/norlab_icp_mapper_ros/srv/detail/load_map__traits.hpp
[0.575s] -- Up-to-date: /home/sarthak/precise_docking_ws/install/norlab_icp_mapper_ros/include/norlab_icp_mapper_ros/norlab_icp_mapper_ros/srv/detail/save_trajectory__struct.hpp
[0.576s] -- Up-to-date: /home/sarthak/precise_docking_ws/install/norlab_icp_mapper_ros/include/norlab_icp_mapper_ros/norlab_icp_mapper_ros/srv/detail/save_map__traits.hpp
[0.576s] -- Up-to-date: /home/sarthak/precise_docking_ws/install/norlab_icp_mapper_ros/include/norlab_icp_mapper_ros/norlab_icp_mapper_ros/srv/detail/save_trajectory__traits.hpp
[0.576s] -- Up-to-date: /home/sarthak/precise_docking_ws/install/norlab_icp_mapper_ros/include/norlab_icp_mapper_ros/norlab_icp_mapper_ros/srv/detail/load_map__builder.hpp
[0.576s] -- Up-to-date: /home/sarthak/precise_docking_ws/install/norlab_icp_mapper_ros/include/norlab_icp_mapper_ros/norlab_icp_mapper_ros/srv/detail/save_map__builder.hpp
[0.576s] -- Up-to-date: /home/sarthak/precise_docking_ws/install/norlab_icp_mapper_ros/include/norlab_icp_mapper_ros/norlab_icp_mapper_ros/srv/detail/save_trajectory__builder.hpp
[0.577s] -- Up-to-date: /home/sarthak/precise_docking_ws/install/norlab_icp_mapper_ros/include/norlab_icp_mapper_ros/norlab_icp_mapper_ros/srv/detail/load_map__struct.hpp
[0.577s] -- Up-to-date: /home/sarthak/precise_docking_ws/install/norlab_icp_mapper_ros/include/norlab_icp_mapper_ros/norlab_icp_mapper_ros/srv/detail/save_map__struct.hpp
[0.577s] -- Up-to-date: /home/sarthak/precise_docking_ws/install/norlab_icp_mapper_ros/include/norlab_icp_mapper_ros/norlab_icp_mapper_ros
[0.577s] -- Up-to-date: /home/sarthak/precise_docking_ws/install/norlab_icp_mapper_ros/include/norlab_icp_mapper_ros/norlab_icp_mapper_ros/srv
[0.577s] -- Up-to-date: /home/sarthak/precise_docking_ws/install/norlab_icp_mapper_ros/include/norlab_icp_mapper_ros/norlab_icp_mapper_ros/srv/detail
[0.578s] -- Up-to-date: /home/sarthak/precise_docking_ws/install/norlab_icp_mapper_ros/include/norlab_icp_mapper_ros/norlab_icp_mapper_ros/srv/detail/load_map__rosidl_typesupport_fastrtps_cpp.hpp
[0.578s] -- Up-to-date: /home/sarthak/precise_docking_ws/install/norlab_icp_mapper_ros/include/norlab_icp_mapper_ros/norlab_icp_mapper_ros/srv/detail/save_trajectory__rosidl_typesupport_fastrtps_cpp.hpp
[0.578s] -- Up-to-date: /home/sarthak/precise_docking_ws/install/norlab_icp_mapper_ros/include/norlab_icp_mapper_ros/norlab_icp_mapper_ros/srv/detail/save_map__rosidl_typesupport_fastrtps_cpp.hpp
[0.578s] -- Up-to-date: /home/sarthak/precise_docking_ws/install/norlab_icp_mapper_ros/include/norlab_icp_mapper_ros/norlab_icp_mapper_ros/srv/detail/dds_fastrtps
[0.578s] -- Up-to-date: /home/sarthak/precise_docking_ws/install/norlab_icp_mapper_ros/include/norlab_icp_mapper_ros/norlab_icp_mapper_ros/msg
[0.579s] -- Up-to-date: /home/sarthak/precise_docking_ws/install/norlab_icp_mapper_ros/include/norlab_icp_mapper_ros/norlab_icp_mapper_ros/msg/rosidl_typesupport_fastrtps_cpp__visibility_control.h
[0.579s] -- Up-to-date: /home/sarthak/precise_docking_ws/install/norlab_icp_mapper_ros/lib/libnorlab_icp_mapper_ros__rosidl_typesupport_fastrtps_cpp.so
[0.579s] -- Up-to-date: /home/sarthak/precise_docking_ws/install/norlab_icp_mapper_ros/include/norlab_icp_mapper_ros/norlab_icp_mapper_ros
[0.579s] -- Up-to-date: /home/sarthak/precise_docking_ws/install/norlab_icp_mapper_ros/include/norlab_icp_mapper_ros/norlab_icp_mapper_ros/srv
[0.579s] -- Up-to-date: /home/sarthak/precise_docking_ws/install/norlab_icp_mapper_ros/include/norlab_icp_mapper_ros/norlab_icp_mapper_ros/srv/detail
[0.580s] -- Up-to-date: /home/sarthak/precise_docking_ws/install/norlab_icp_mapper_ros/include/norlab_icp_mapper_ros/norlab_icp_mapper_ros/srv/detail/save_trajectory__type_support.c
[0.580s] -- Up-to-date: /home/sarthak/precise_docking_ws/install/norlab_icp_mapper_ros/include/norlab_icp_mapper_ros/norlab_icp_mapper_ros/srv/detail/load_map__type_support.c
[0.580s] -- Up-to-date: /home/sarthak/precise_docking_ws/install/norlab_icp_mapper_ros/include/norlab_icp_mapper_ros/norlab_icp_mapper_ros/srv/detail/save_map__rosidl_typesupport_introspection_c.h
[0.580s] -- Up-to-date: /home/sarthak/precise_docking_ws/install/norlab_icp_mapper_ros/include/norlab_icp_mapper_ros/norlab_icp_mapper_ros/srv/detail/save_trajectory__rosidl_typesupport_introspection_c.h
[0.580s] -- Up-to-date: /home/sarthak/precise_docking_ws/install/norlab_icp_mapper_ros/include/norlab_icp_mapper_ros/norlab_icp_mapper_ros/srv/detail/save_map__type_support.c
[0.580s] -- Up-to-date: /home/sarthak/precise_docking_ws/install/norlab_icp_mapper_ros/include/norlab_icp_mapper_ros/norlab_icp_mapper_ros/srv/detail/load_map__rosidl_typesupport_introspection_c.h
[0.580s] -- Up-to-date: /home/sarthak/precise_docking_ws/install/norlab_icp_mapper_ros/include/norlab_icp_mapper_ros/norlab_icp_mapper_ros/msg
[0.580s] -- Up-to-date: /home/sarthak/precise_docking_ws/install/norlab_icp_mapper_ros/include/norlab_icp_mapper_ros/norlab_icp_mapper_ros/msg/rosidl_typesupport_introspection_c__visibility_control.h
[0.580s] -- Up-to-date: /home/sarthak/precise_docking_ws/install/norlab_icp_mapper_ros/lib/libnorlab_icp_mapper_ros__rosidl_typesupport_introspection_c.so
[0.580s] -- Up-to-date: /home/sarthak/precise_docking_ws/install/norlab_icp_mapper_ros/lib/libnorlab_icp_mapper_ros__rosidl_typesupport_c.so
[0.580s] -- Up-to-date: /home/sarthak/precise_docking_ws/install/norlab_icp_mapper_ros/include/norlab_icp_mapper_ros/norlab_icp_mapper_ros
[0.581s] -- Up-to-date: /home/sarthak/precise_docking_ws/install/norlab_icp_mapper_ros/include/norlab_icp_mapper_ros/norlab_icp_mapper_ros/srv
[0.581s] -- Up-to-date: /home/sarthak/precise_docking_ws/install/norlab_icp_mapper_ros/include/norlab_icp_mapper_ros/norlab_icp_mapper_ros/srv/detail
[0.581s] -- Up-to-date: /home/sarthak/precise_docking_ws/install/norlab_icp_mapper_ros/include/norlab_icp_mapper_ros/norlab_icp_mapper_ros/srv/detail/save_trajectory__rosidl_typesupport_introspection_cpp.hpp
[0.581s] -- Up-to-date: /home/sarthak/precise_docking_ws/install/norlab_icp_mapper_ros/include/norlab_icp_mapper_ros/norlab_icp_mapper_ros/srv/detail/load_map__rosidl_typesupport_introspection_cpp.hpp
[0.581s] -- Up-to-date: /home/sarthak/precise_docking_ws/install/norlab_icp_mapper_ros/include/norlab_icp_mapper_ros/norlab_icp_mapper_ros/srv/detail/save_trajectory__type_support.cpp
[0.581s] -- Up-to-date: /home/sarthak/precise_docking_ws/install/norlab_icp_mapper_ros/include/norlab_icp_mapper_ros/norlab_icp_mapper_ros/srv/detail/load_map__type_support.cpp
[0.581s] -- Up-to-date: /home/sarthak/precise_docking_ws/install/norlab_icp_mapper_ros/include/norlab_icp_mapper_ros/norlab_icp_mapper_ros/srv/detail/save_map__rosidl_typesupport_introspection_cpp.hpp
[0.581s] -- Up-to-date: /home/sarthak/precise_docking_ws/install/norlab_icp_mapper_ros/include/norlab_icp_mapper_ros/norlab_icp_mapper_ros/srv/detail/save_map__type_support.cpp
[0.581s] -- Up-to-date: /home/sarthak/precise_docking_ws/install/norlab_icp_mapper_ros/lib/libnorlab_icp_mapper_ros__rosidl_typesupport_introspection_cpp.so
[0.581s] -- Up-to-date: /home/sarthak/precise_docking_ws/install/norlab_icp_mapper_ros/lib/libnorlab_icp_mapper_ros__rosidl_typesupport_cpp.so
[0.581s] -- Up-to-date: /home/sarthak/precise_docking_ws/install/norlab_icp_mapper_ros/share/norlab_icp_mapper_ros/environment/pythonpath.sh
[0.581s] -- Up-to-date: /home/sarthak/precise_docking_ws/install/norlab_icp_mapper_ros/share/norlab_icp_mapper_ros/environment/pythonpath.dsv
[0.582s] -- Up-to-date: /home/sarthak/precise_docking_ws/install/norlab_icp_mapper_ros/local/lib/python3.10/dist-packages/norlab_icp_mapper_ros-2.0.0-py3.10.egg-info
[0.582s] -- Installing: /home/sarthak/precise_docking_ws/install/norlab_icp_mapper_ros/local/lib/python3.10/dist-packages/norlab_icp_mapper_ros-2.0.0-py3.10.egg-info/top_level.txt
[0.582s] -- Installing: /home/sarthak/precise_docking_ws/install/norlab_icp_mapper_ros/local/lib/python3.10/dist-packages/norlab_icp_mapper_ros-2.0.0-py3.10.egg-info/SOURCES.txt
[0.582s] -- Installing: /home/sarthak/precise_docking_ws/install/norlab_icp_mapper_ros/local/lib/python3.10/dist-packages/norlab_icp_mapper_ros-2.0.0-py3.10.egg-info/PKG-INFO
[0.582s] -- Installing: /home/sarthak/precise_docking_ws/install/norlab_icp_mapper_ros/local/lib/python3.10/dist-packages/norlab_icp_mapper_ros-2.0.0-py3.10.egg-info/dependency_links.txt
[0.582s] -- Up-to-date: /home/sarthak/precise_docking_ws/install/norlab_icp_mapper_ros/local/lib/python3.10/dist-packages/norlab_icp_mapper_ros
[0.582s] -- Up-to-date: /home/sarthak/precise_docking_ws/install/norlab_icp_mapper_ros/local/lib/python3.10/dist-packages/norlab_icp_mapper_ros/norlab_icp_mapper_ros_s__rosidl_typesupport_introspection_c.cpython-310-x86_64-linux-gnu.so
[0.582s] -- Up-to-date: /home/sarthak/precise_docking_ws/install/norlab_icp_mapper_ros/local/lib/python3.10/dist-packages/norlab_icp_mapper_ros/_norlab_icp_mapper_ros_s.ep.rosidl_typesupport_introspection_c.c
[0.582s] -- Up-to-date: /home/sarthak/precise_docking_ws/install/norlab_icp_mapper_ros/local/lib/python3.10/dist-packages/norlab_icp_mapper_ros/_norlab_icp_mapper_ros_s.ep.rosidl_typesupport_c.c
[0.582s] -- Up-to-date: /home/sarthak/precise_docking_ws/install/norlab_icp_mapper_ros/local/lib/python3.10/dist-packages/norlab_icp_mapper_ros/__init__.py
[0.582s] -- Up-to-date: /home/sarthak/precise_docking_ws/install/norlab_icp_mapper_ros/local/lib/python3.10/dist-packages/norlab_icp_mapper_ros/norlab_icp_mapper_ros_s__rosidl_typesupport_fastrtps_c.cpython-310-x86_64-linux-gnu.so
[0.582s] -- Up-to-date: /home/sarthak/precise_docking_ws/install/norlab_icp_mapper_ros/local/lib/python3.10/dist-packages/norlab_icp_mapper_ros/srv
[0.582s] -- Up-to-date: /home/sarthak/precise_docking_ws/install/norlab_icp_mapper_ros/local/lib/python3.10/dist-packages/norlab_icp_mapper_ros/srv/_save_trajectory_s.c
[0.583s] -- Up-to-date: /home/sarthak/precise_docking_ws/install/norlab_icp_mapper_ros/local/lib/python3.10/dist-packages/norlab_icp_mapper_ros/srv/_save_map_s.c
[0.583s] -- Up-to-date: /home/sarthak/precise_docking_ws/install/norlab_icp_mapper_ros/local/lib/python3.10/dist-packages/norlab_icp_mapper_ros/srv/_save_trajectory.py
[0.583s] -- Up-to-date: /home/sarthak/precise_docking_ws/install/norlab_icp_mapper_ros/local/lib/python3.10/dist-packages/norlab_icp_mapper_ros/srv/__init__.py
[0.583s] -- Up-to-date: /home/sarthak/precise_docking_ws/install/norlab_icp_mapper_ros/local/lib/python3.10/dist-packages/norlab_icp_mapper_ros/srv/_load_map.py
[0.583s] -- Up-to-date: /home/sarthak/precise_docking_ws/install/norlab_icp_mapper_ros/local/lib/python3.10/dist-packages/norlab_icp_mapper_ros/srv/_load_map_s.c
[0.583s] -- Up-to-date: /home/sarthak/precise_docking_ws/install/norlab_icp_mapper_ros/local/lib/python3.10/dist-packages/norlab_icp_mapper_ros/srv/_save_map.py
[0.583s] -- Up-to-date: /home/sarthak/precise_docking_ws/install/norlab_icp_mapper_ros/local/lib/python3.10/dist-packages/norlab_icp_mapper_ros/norlab_icp_mapper_ros_s__rosidl_typesupport_c.cpython-310-x86_64-linux-gnu.so
[0.583s] -- Up-to-date: /home/sarthak/precise_docking_ws/install/norlab_icp_mapper_ros/local/lib/python3.10/dist-packages/norlab_icp_mapper_ros/libnorlab_icp_mapper_ros__rosidl_generator_py.so
[0.583s] -- Up-to-date: /home/sarthak/precise_docking_ws/install/norlab_icp_mapper_ros/local/lib/python3.10/dist-packages/norlab_icp_mapper_ros/_norlab_icp_mapper_ros_s.ep.rosidl_typesupport_fastrtps_c.c
[0.615s] Listing '/home/sarthak/precise_docking_ws/install/norlab_icp_mapper_ros/local/lib/python3.10/dist-packages/norlab_icp_mapper_ros'...
[0.615s] Listing '/home/sarthak/precise_docking_ws/install/norlab_icp_mapper_ros/local/lib/python3.10/dist-packages/norlab_icp_mapper_ros/srv'...
[0.618s] -- Up-to-date: /home/sarthak/precise_docking_ws/install/norlab_icp_mapper_ros/local/lib/python3.10/dist-packages/norlab_icp_mapper_ros/norlab_icp_mapper_ros_s__rosidl_typesupport_fastrtps_c.cpython-310-x86_64-linux-gnu.so
[0.619s] -- Up-to-date: /home/sarthak/precise_docking_ws/install/norlab_icp_mapper_ros/local/lib/python3.10/dist-packages/norlab_icp_mapper_ros/norlab_icp_mapper_ros_s__rosidl_typesupport_introspection_c.cpython-310-x86_64-linux-gnu.so
[0.619s] -- Up-to-date: /home/sarthak/precise_docking_ws/install/norlab_icp_mapper_ros/local/lib/python3.10/dist-packages/norlab_icp_mapper_ros/norlab_icp_mapper_ros_s__rosidl_typesupport_c.cpython-310-x86_64-linux-gnu.so
[0.619s] -- Up-to-date: /home/sarthak/precise_docking_ws/install/norlab_icp_mapper_ros/lib/libnorlab_icp_mapper_ros__rosidl_generator_py.so
[0.619s] -- Up-to-date: /home/sarthak/precise_docking_ws/install/norlab_icp_mapper_ros/share/norlab_icp_mapper_ros/srv/SaveTrajectory.idl
[0.619s] -- Up-to-date: /home/sarthak/precise_docking_ws/install/norlab_icp_mapper_ros/share/norlab_icp_mapper_ros/srv/SaveMap.idl
[0.619s] -- Up-to-date: /home/sarthak/precise_docking_ws/install/norlab_icp_mapper_ros/share/norlab_icp_mapper_ros/srv/LoadMap.idl
[0.619s] -- Up-to-date: /home/sarthak/precise_docking_ws/install/norlab_icp_mapper_ros/share/norlab_icp_mapper_ros/srv/SaveTrajectory.srv
[0.619s] -- Up-to-date: /home/sarthak/precise_docking_ws/install/norlab_icp_mapper_ros/share/norlab_icp_mapper_ros/srv/SaveTrajectory_Request.msg
[0.620s] -- Up-to-date: /home/sarthak/precise_docking_ws/install/norlab_icp_mapper_ros/share/norlab_icp_mapper_ros/srv/SaveTrajectory_Response.msg
[0.620s] -- Up-to-date: /home/sarthak/precise_docking_ws/install/norlab_icp_mapper_ros/share/norlab_icp_mapper_ros/srv/SaveMap.srv
[0.620s] -- Up-to-date: /home/sarthak/precise_docking_ws/install/norlab_icp_mapper_ros/share/norlab_icp_mapper_ros/srv/SaveMap_Request.msg
[0.620s] -- Up-to-date: /home/sarthak/precise_docking_ws/install/norlab_icp_mapper_ros/share/norlab_icp_mapper_ros/srv/SaveMap_Response.msg
[0.620s] -- Up-to-date: /home/sarthak/precise_docking_ws/install/norlab_icp_mapper_ros/share/norlab_icp_mapper_ros/srv/LoadMap.srv
[0.620s] -- Up-to-date: /home/sarthak/precise_docking_ws/install/norlab_icp_mapper_ros/share/norlab_icp_mapper_ros/srv/LoadMap_Request.msg
[0.620s] -- Up-to-date: /home/sarthak/precise_docking_ws/install/norlab_icp_mapper_ros/share/norlab_icp_mapper_ros/srv/LoadMap_Response.msg
[0.620s] -- Up-to-date: /home/sarthak/precise_docking_ws/install/norlab_icp_mapper_ros/lib/norlab_icp_mapper_ros/mapper_node
[0.620s] -- Up-to-date: /home/sarthak/precise_docking_ws/install/norlab_icp_mapper_ros/share/ament_index/resource_index/package_run_dependencies/norlab_icp_mapper_ros
[0.621s] -- Up-to-date: /home/sarthak/precise_docking_ws/install/norlab_icp_mapper_ros/share/ament_index/resource_index/parent_prefix_path/norlab_icp_mapper_ros
[0.621s] -- Up-to-date: /home/sarthak/precise_docking_ws/install/norlab_icp_mapper_ros/share/norlab_icp_mapper_ros/environment/ament_prefix_path.sh
[0.621s] -- Up-to-date: /home/sarthak/precise_docking_ws/install/norlab_icp_mapper_ros/share/norlab_icp_mapper_ros/environment/ament_prefix_path.dsv
[0.621s] -- Up-to-date: /home/sarthak/precise_docking_ws/install/norlab_icp_mapper_ros/share/norlab_icp_mapper_ros/environment/path.sh
[0.621s] -- Up-to-date: /home/sarthak/precise_docking_ws/install/norlab_icp_mapper_ros/share/norlab_icp_mapper_ros/environment/path.dsv
[0.621s] -- Up-to-date: /home/sarthak/precise_docking_ws/install/norlab_icp_mapper_ros/share/norlab_icp_mapper_ros/local_setup.bash
[0.621s] -- Up-to-date: /home/sarthak/precise_docking_ws/install/norlab_icp_mapper_ros/share/norlab_icp_mapper_ros/local_setup.sh
[0.621s] -- Up-to-date: /home/sarthak/precise_docking_ws/install/norlab_icp_mapper_ros/share/norlab_icp_mapper_ros/local_setup.zsh
[0.621s] -- Up-to-date: /home/sarthak/precise_docking_ws/install/norlab_icp_mapper_ros/share/norlab_icp_mapper_ros/local_setup.dsv
[0.621s] -- Installing: /home/sarthak/precise_docking_ws/install/norlab_icp_mapper_ros/share/norlab_icp_mapper_ros/package.dsv
[0.621s] -- Up-to-date: /home/sarthak/precise_docking_ws/install/norlab_icp_mapper_ros/share/ament_index/resource_index/packages/norlab_icp_mapper_ros
[0.622s] -- Up-to-date: /home/sarthak/precise_docking_ws/install/norlab_icp_mapper_ros/share/norlab_icp_mapper_ros/cmake/export_norlab_icp_mapper_ros__rosidl_generator_cExport.cmake
[0.622s] -- Up-to-date: /home/sarthak/precise_docking_ws/install/norlab_icp_mapper_ros/share/norlab_icp_mapper_ros/cmake/export_norlab_icp_mapper_ros__rosidl_generator_cExport-release.cmake
[0.622s] -- Up-to-date: /home/sarthak/precise_docking_ws/install/norlab_icp_mapper_ros/share/norlab_icp_mapper_ros/cmake/export_norlab_icp_mapper_ros__rosidl_typesupport_fastrtps_cExport.cmake
[0.622s] -- Up-to-date: /home/sarthak/precise_docking_ws/install/norlab_icp_mapper_ros/share/norlab_icp_mapper_ros/cmake/export_norlab_icp_mapper_ros__rosidl_typesupport_fastrtps_cExport-release.cmake
[0.622s] -- Up-to-date: /home/sarthak/precise_docking_ws/install/norlab_icp_mapper_ros/share/norlab_icp_mapper_ros/cmake/export_norlab_icp_mapper_ros__rosidl_generator_cppExport.cmake
[0.622s] -- Up-to-date: /home/sarthak/precise_docking_ws/install/norlab_icp_mapper_ros/share/norlab_icp_mapper_ros/cmake/export_norlab_icp_mapper_ros__rosidl_typesupport_fastrtps_cppExport.cmake
[0.622s] -- Up-to-date: /home/sarthak/precise_docking_ws/install/norlab_icp_mapper_ros/share/norlab_icp_mapper_ros/cmake/export_norlab_icp_mapper_ros__rosidl_typesupport_fastrtps_cppExport-release.cmake
[0.622s] -- Up-to-date: /home/sarthak/precise_docking_ws/install/norlab_icp_mapper_ros/share/norlab_icp_mapper_ros/cmake/norlab_icp_mapper_ros__rosidl_typesupport_introspection_cExport.cmake
[0.622s] -- Up-to-date: /home/sarthak/precise_docking_ws/install/norlab_icp_mapper_ros/share/norlab_icp_mapper_ros/cmake/norlab_icp_mapper_ros__rosidl_typesupport_introspection_cExport-release.cmake
[0.622s] -- Up-to-date: /home/sarthak/precise_docking_ws/install/norlab_icp_mapper_ros/share/norlab_icp_mapper_ros/cmake/norlab_icp_mapper_ros__rosidl_typesupport_cExport.cmake
[0.622s] -- Up-to-date: /home/sarthak/precise_docking_ws/install/norlab_icp_mapper_ros/share/norlab_icp_mapper_ros/cmake/norlab_icp_mapper_ros__rosidl_typesupport_cExport-release.cmake
[0.622s] -- Up-to-date: /home/sarthak/precise_docking_ws/install/norlab_icp_mapper_ros/share/norlab_icp_mapper_ros/cmake/norlab_icp_mapper_ros__rosidl_typesupport_introspection_cppExport.cmake
[0.622s] -- Up-to-date: /home/sarthak/precise_docking_ws/install/norlab_icp_mapper_ros/share/norlab_icp_mapper_ros/cmake/norlab_icp_mapper_ros__rosidl_typesupport_introspection_cppExport-release.cmake
[0.622s] -- Up-to-date: /home/sarthak/precise_docking_ws/install/norlab_icp_mapper_ros/share/norlab_icp_mapper_ros/cmake/norlab_icp_mapper_ros__rosidl_typesupport_cppExport.cmake
[0.622s] -- Up-to-date: /home/sarthak/precise_docking_ws/install/norlab_icp_mapper_ros/share/norlab_icp_mapper_ros/cmake/norlab_icp_mapper_ros__rosidl_typesupport_cppExport-release.cmake
[0.622s] -- Up-to-date: /home/sarthak/precise_docking_ws/install/norlab_icp_mapper_ros/share/norlab_icp_mapper_ros/cmake/export_norlab_icp_mapper_ros__rosidl_generator_pyExport.cmake
[0.622s] -- Up-to-date: /home/sarthak/precise_docking_ws/install/norlab_icp_mapper_ros/share/norlab_icp_mapper_ros/cmake/export_norlab_icp_mapper_ros__rosidl_generator_pyExport-release.cmake
[0.622s] -- Up-to-date: /home/sarthak/precise_docking_ws/install/norlab_icp_mapper_ros/share/norlab_icp_mapper_ros/cmake/rosidl_cmake-extras.cmake
[0.622s] -- Up-to-date: /home/sarthak/precise_docking_ws/install/norlab_icp_mapper_ros/share/norlab_icp_mapper_ros/cmake/ament_cmake_export_dependencies-extras.cmake
[0.622s] -- Up-to-date: /home/sarthak/precise_docking_ws/install/norlab_icp_mapper_ros/share/norlab_icp_mapper_ros/cmake/ament_cmake_export_include_directories-extras.cmake
[0.622s] -- Up-to-date: /home/sarthak/precise_docking_ws/install/norlab_icp_mapper_ros/share/norlab_icp_mapper_ros/cmake/ament_cmake_export_libraries-extras.cmake
[0.622s] -- Up-to-date: /home/sarthak/precise_docking_ws/install/norlab_icp_mapper_ros/share/norlab_icp_mapper_ros/cmake/ament_cmake_export_targets-extras.cmake
[0.623s] -- Up-to-date: /home/sarthak/precise_docking_ws/install/norlab_icp_mapper_ros/share/norlab_icp_mapper_ros/cmake/rosidl_cmake_export_typesupport_targets-extras.cmake
[0.623s] -- Up-to-date: /home/sarthak/precise_docking_ws/install/norlab_icp_mapper_ros/share/norlab_icp_mapper_ros/cmake/rosidl_cmake_export_typesupport_libraries-extras.cmake
[0.623s] -- Up-to-date: /home/sarthak/precise_docking_ws/install/norlab_icp_mapper_ros/share/norlab_icp_mapper_ros/cmake/norlab_icp_mapper_rosConfig.cmake
[0.623s] -- Up-to-date: /home/sarthak/precise_docking_ws/install/norlab_icp_mapper_ros/share/norlab_icp_mapper_ros/cmake/norlab_icp_mapper_rosConfig-version.cmake
[0.623s] -- Up-to-date: /home/sarthak/precise_docking_ws/install/norlab_icp_mapper_ros/share/norlab_icp_mapper_ros/package.xml
[0.624s] Invoked command in '/home/sarthak/precise_docking_ws/build/norlab_icp_mapper_ros' returned '0': AMENT_PREFIX_PATH=/home/sarthak/precise_docking_ws/install/libpointmatcher_ros:${AMENT_PREFIX_PATH} CMAKE_PREFIX_PATH=/home/sarthak/precise_docking_ws/install/libpointmatcher_ros:/home/sarthak/precise_docking_ws/install/norlab_icp_mapper/lib/cmake:/home/sarthak/precise_docking_ws/install/frontend:/home/sarthak/precise_docking_ws/install/docking_bringup:/home/sarthak/precise_docking_ws/install/template_ros2:/home/sarthak/precise_docking_ws/install/reach_the_goal:/home/sarthak/precise_docking_ws/install/arcuo_marker_detection:/opt/ros/humble LD_LIBRARY_PATH=/home/sarthak/precise_docking_ws/install/libpointmatcher_ros/lib:${LD_LIBRARY_PATH} /usr/bin/cmake --install /home/sarthak/precise_docking_ws/build/norlab_icp_mapper_ros
