[4.096s] Invoking command in '/home/sarthak/precise_docking_ws/src/template_ros2': PYTHONPATH=/home/sarthak/precise_docking_ws/build/template_ros2/prefix_override:/home/sarthak/.local/lib/python3.10/site-packages/colcon_core/task/python/colcon_distutils_commands:/home/sarthak/precise_docking_ws/install/template_ros2/lib/python3.10/site-packages:${PYTHONPATH} /usr/bin/python3 -W ignore:setup.py install is deprecated setup.py egg_info --egg-base ../../build/template_ros2 build --build-base /home/sarthak/precise_docking_ws/build/template_ros2/build install --record /home/sarthak/precise_docking_ws/build/template_ros2/install.log --single-version-externally-managed install_data
[4.301s] /home/sarthak/.local/lib/python3.10/site-packages/setuptools/_distutils/dist.py:261: UserWarning: Unknown distribution option: 'tests_require'
[4.301s]   warnings.warn(msg)
[4.495s] running egg_info
[4.516s] writing ../../build/template_ros2/template_ros2.egg-info/PKG-INFO
[4.517s] writing dependency_links to ../../build/template_ros2/template_ros2.egg-info/dependency_links.txt
[4.517s] writing requirements to ../../build/template_ros2/template_ros2.egg-info/requires.txt
[4.517s] writing top-level names to ../../build/template_ros2/template_ros2.egg-info/top_level.txt
[5.816s] writing manifest file '../../build/template_ros2/template_ros2.egg-info/SOURCES.txt'
[5.816s] running build
[5.816s] running build_py
[5.817s] copying template_ros2/__init__.py -> /home/sarthak/precise_docking_ws/build/template_ros2/build/lib/template_ros2
[5.817s] copying template_ros2/template_sub_pub.py -> /home/sarthak/precise_docking_ws/build/template_ros2/build/lib/template_ros2
[5.818s] running install
[5.824s] running install_lib
[5.856s] running install_data
[5.857s] copying resource/template_ros2 -> /home/sarthak/precise_docking_ws/install/template_ros2/share/ament_index/resource_index/packages
[5.857s] copying package.xml -> /home/sarthak/precise_docking_ws/install/template_ros2/share/template_ros2
[5.857s] running install_egg_info
[5.877s] removing '/home/sarthak/precise_docking_ws/install/template_ros2/lib/python3.10/site-packages/template_ros2-0.0.0-py3.10.egg-info' (and everything under it)
[5.877s] Copying ../../build/template_ros2/template_ros2.egg-info to /home/sarthak/precise_docking_ws/install/template_ros2/lib/python3.10/site-packages/template_ros2-0.0.0-py3.10.egg-info
[5.880s] running install_scripts
[6.151s] writing list of installed files to '/home/sarthak/precise_docking_ws/build/template_ros2/install.log'
[6.296s] Invoked command in '/home/sarthak/precise_docking_ws/src/template_ros2' returned '0': PYTHONPATH=/home/sarthak/precise_docking_ws/build/template_ros2/prefix_override:/home/sarthak/.local/lib/python3.10/site-packages/colcon_core/task/python/colcon_distutils_commands:/home/sarthak/precise_docking_ws/install/template_ros2/lib/python3.10/site-packages:${PYTHONPATH} ROS_DOMAIN_ID=23 /usr/bin/python3 -W ignore:setup.py install is deprecated setup.py egg_info --egg-base ../../build/template_ros2 build --build-base /home/sarthak/precise_docking_ws/build/template_ros2/build install --record /home/sarthak/precise_docking_ws/build/template_ros2/install.log --single-version-externally-managed install_data
