[2.223s] Invoking command in '/home/sarthak/precise_docking_ws/src/active_localization': PYTHONPATH=/home/sarthak/precise_docking_ws/build/active_localization/prefix_override:/home/sarthak/.local/lib/python3.10/site-packages/colcon_core/task/python/colcon_distutils_commands:/home/sarthak/precise_docking_ws/install/active_localization/lib/python3.10/site-packages:${PYTHONPATH} ROS_DOMAIN_ID=230 /usr/bin/python3 -W ignore:setup.py install is deprecated setup.py egg_info --egg-base ../../build/active_localization build --build-base /home/sarthak/precise_docking_ws/build/active_localization/build install --record /home/sarthak/precise_docking_ws/build/active_localization/install.log --single-version-externally-managed install_data
[2.368s] /home/sarthak/.local/lib/python3.10/site-packages/setuptools/_distutils/dist.py:261: UserWarning: Unknown distribution option: 'tests_require'
[2.368s]   warnings.warn(msg)
[2.572s] running egg_info
[2.587s] writing ../../build/active_localization/active_localization.egg-info/PKG-INFO
[2.588s] writing dependency_links to ../../build/active_localization/active_localization.egg-info/dependency_links.txt
[2.588s] writing entry points to ../../build/active_localization/active_localization.egg-info/entry_points.txt
[2.588s] writing requirements to ../../build/active_localization/active_localization.egg-info/requires.txt
[2.588s] writing top-level names to ../../build/active_localization/active_localization.egg-info/top_level.txt
[3.696s] reading manifest file '../../build/active_localization/active_localization.egg-info/SOURCES.txt'
[3.698s] writing manifest file '../../build/active_localization/active_localization.egg-info/SOURCES.txt'
[3.698s] running build
[3.698s] running build_py
[3.698s] copying active_localization/__init__.py -> /home/sarthak/precise_docking_ws/build/active_localization/build/lib/active_localization
[3.698s] copying active_localization/local_map_check.py -> /home/sarthak/precise_docking_ws/build/active_localization/build/lib/active_localization
[3.698s] copying active_localization/local_map.py -> /home/sarthak/precise_docking_ws/build/active_localization/build/lib/active_localization
[3.699s] running install
[3.702s] running install_lib
[3.721s] copying /home/sarthak/precise_docking_ws/build/active_localization/build/lib/active_localization/local_map_check.py -> /home/sarthak/precise_docking_ws/install/active_localization/lib/python3.10/site-packages/active_localization
[3.721s] byte-compiling /home/sarthak/precise_docking_ws/install/active_localization/lib/python3.10/site-packages/active_localization/local_map_check.py to local_map_check.cpython-310.pyc
[3.723s] running install_data
[3.723s] copying resource/active_localization -> /home/sarthak/precise_docking_ws/install/active_localization/share/ament_index/resource_index/packages
[3.723s] copying package.xml -> /home/sarthak/precise_docking_ws/install/active_localization/share/active_localization
[3.723s] running install_egg_info
[3.741s] removing '/home/sarthak/precise_docking_ws/install/active_localization/lib/python3.10/site-packages/active_localization-0.0.0-py3.10.egg-info' (and everything under it)
[3.741s] Copying ../../build/active_localization/active_localization.egg-info to /home/sarthak/precise_docking_ws/install/active_localization/lib/python3.10/site-packages/active_localization-0.0.0-py3.10.egg-info
[3.741s] running install_scripts
[3.893s] Installing active_localization_node script to /home/sarthak/precise_docking_ws/install/active_localization/lib/active_localization
[3.893s] Installing active_node script to /home/sarthak/precise_docking_ws/install/active_localization/lib/active_localization
[3.895s] writing list of installed files to '/home/sarthak/precise_docking_ws/build/active_localization/install.log'
[3.959s] Invoked command in '/home/sarthak/precise_docking_ws/src/active_localization' returned '0': PYTHONPATH=/home/sarthak/precise_docking_ws/build/active_localization/prefix_override:/home/sarthak/.local/lib/python3.10/site-packages/colcon_core/task/python/colcon_distutils_commands:/home/sarthak/precise_docking_ws/install/active_localization/lib/python3.10/site-packages:${PYTHONPATH} ROS_DOMAIN_ID=230 /usr/bin/python3 -W ignore:setup.py install is deprecated setup.py egg_info --egg-base ../../build/active_localization build --build-base /home/sarthak/precise_docking_ws/build/active_localization/build install --record /home/sarthak/precise_docking_ws/build/active_localization/install.log --single-version-externally-managed install_data
