[1.575s] Invoking command in '/home/sarthak/precise_docking_ws/src/template_ros2': PYTHONPATH=/home/sarthak/precise_docking_ws/build/template_ros2/prefix_override:/home/sarthak/.local/lib/python3.10/site-packages/colcon_core/task/python/colcon_distutils_commands:/home/sarthak/precise_docking_ws/install/template_ros2/lib/python3.10/site-packages:${PYTHONPATH} /usr/bin/python3 -W ignore:setup.py install is deprecated setup.py egg_info --egg-base ../../build/template_ros2 build --build-base /home/sarthak/precise_docking_ws/build/template_ros2/build install --record /home/sarthak/precise_docking_ws/build/template_ros2/install.log --single-version-externally-managed install_data
[1.698s] /home/sarthak/.local/lib/python3.10/site-packages/setuptools/_distutils/dist.py:261: UserWarning: Unknown distribution option: 'tests_require'
[1.698s]   warnings.warn(msg)
[1.837s] running egg_info
[1.850s] writing ../../build/template_ros2/template_ros2.egg-info/PKG-INFO
[1.850s] writing dependency_links to ../../build/template_ros2/template_ros2.egg-info/dependency_links.txt
[1.850s] writing requirements to ../../build/template_ros2/template_ros2.egg-info/requires.txt
[1.850s] writing top-level names to ../../build/template_ros2/template_ros2.egg-info/top_level.txt
[2.833s] writing manifest file '../../build/template_ros2/template_ros2.egg-info/SOURCES.txt'
[2.833s] running build
[2.833s] running build_py
[2.833s] copying template_ros2/__init__.py -> /home/sarthak/precise_docking_ws/build/template_ros2/build/lib/template_ros2
[2.833s] copying template_ros2/template_sub_pub.py -> /home/sarthak/precise_docking_ws/build/template_ros2/build/lib/template_ros2
[2.833s] running install
[2.837s] running install_lib
[2.850s] running install_data
[2.850s] copying resource/template_ros2 -> /home/sarthak/precise_docking_ws/install/template_ros2/share/ament_index/resource_index/packages
[2.850s] copying package.xml -> /home/sarthak/precise_docking_ws/install/template_ros2/share/template_ros2
[2.850s] running install_egg_info
[2.863s] removing '/home/sarthak/precise_docking_ws/install/template_ros2/lib/python3.10/site-packages/template_ros2-0.0.0-py3.10.egg-info' (and everything under it)
[2.863s] Copying ../../build/template_ros2/template_ros2.egg-info to /home/sarthak/precise_docking_ws/install/template_ros2/lib/python3.10/site-packages/template_ros2-0.0.0-py3.10.egg-info
[2.864s] running install_scripts
[2.967s] writing list of installed files to '/home/sarthak/precise_docking_ws/build/template_ros2/install.log'
[2.997s] Invoked command in '/home/sarthak/precise_docking_ws/src/template_ros2' returned '0': PYTHONPATH=/home/sarthak/precise_docking_ws/build/template_ros2/prefix_override:/home/sarthak/.local/lib/python3.10/site-packages/colcon_core/task/python/colcon_distutils_commands:/home/sarthak/precise_docking_ws/install/template_ros2/lib/python3.10/site-packages:${PYTHONPATH} ROS_DOMAIN_ID=45 /usr/bin/python3 -W ignore:setup.py install is deprecated setup.py egg_info --egg-base ../../build/template_ros2 build --build-base /home/sarthak/precise_docking_ws/build/template_ros2/build install --record /home/sarthak/precise_docking_ws/build/template_ros2/install.log --single-version-externally-managed install_data
