[0.884s] Invoking command in '/home/sarthak/precise_docking_ws/src/reach_the_goal': PYTHONPATH=/home/sarthak/precise_docking_ws/build/reach_the_goal/prefix_override:/home/sarthak/.local/lib/python3.10/site-packages/colcon_core/task/python/colcon_distutils_commands:/home/sarthak/precise_docking_ws/install/reach_the_goal/lib/python3.10/site-packages:${PYTHONPATH} ROS_DOMAIN_ID=25 /usr/bin/python3 -W ignore:setup.py install is deprecated setup.py egg_info --egg-base ../../build/reach_the_goal build --build-base /home/sarthak/precise_docking_ws/build/reach_the_goal/build install --record /home/sarthak/precise_docking_ws/build/reach_the_goal/install.log --single-version-externally-managed install_data
[1.083s] running egg_info
[1.083s] writing ../../build/reach_the_goal/reach_the_goal.egg-info/PKG-INFO
[1.084s] writing dependency_links to ../../build/reach_the_goal/reach_the_goal.egg-info/dependency_links.txt
[1.084s] writing entry points to ../../build/reach_the_goal/reach_the_goal.egg-info/entry_points.txt
[1.084s] writing requirements to ../../build/reach_the_goal/reach_the_goal.egg-info/requires.txt
[1.084s] writing top-level names to ../../build/reach_the_goal/reach_the_goal.egg-info/top_level.txt
[1.085s] reading manifest file '../../build/reach_the_goal/reach_the_goal.egg-info/SOURCES.txt'
[1.086s] writing manifest file '../../build/reach_the_goal/reach_the_goal.egg-info/SOURCES.txt'
[1.086s] running build
[1.086s] running build_py
[1.086s] running install
[1.087s] running install_lib
[1.087s] running install_data
[1.088s] running install_egg_info
[1.089s] removing '/home/sarthak/precise_docking_ws/install/reach_the_goal/lib/python3.10/site-packages/reach_the_goal-0.0.0-py3.10.egg-info' (and everything under it)
[1.090s] Copying ../../build/reach_the_goal/reach_the_goal.egg-info to /home/sarthak/precise_docking_ws/install/reach_the_goal/lib/python3.10/site-packages/reach_the_goal-0.0.0-py3.10.egg-info
[1.091s] running install_scripts
[1.111s] Installing reach_the_goal_node script to /home/sarthak/precise_docking_ws/install/reach_the_goal/lib/reach_the_goal
[1.111s] writing list of installed files to '/home/sarthak/precise_docking_ws/build/reach_the_goal/install.log'
[1.132s] Invoked command in '/home/sarthak/precise_docking_ws/src/reach_the_goal' returned '0': PYTHONPATH=/home/sarthak/precise_docking_ws/build/reach_the_goal/prefix_override:/home/sarthak/.local/lib/python3.10/site-packages/colcon_core/task/python/colcon_distutils_commands:/home/sarthak/precise_docking_ws/install/reach_the_goal/lib/python3.10/site-packages:${PYTHONPATH} ROS_DOMAIN_ID=25 /usr/bin/python3 -W ignore:setup.py install is deprecated setup.py egg_info --egg-base ../../build/reach_the_goal build --build-base /home/sarthak/precise_docking_ws/build/reach_the_goal/build install --record /home/sarthak/precise_docking_ws/build/reach_the_goal/install.log --single-version-externally-managed install_data
