[1.708s] Invoking command in '/home/sarthak/precise_docking_ws/src/active_localization': PYTHONPATH=/home/sarthak/precise_docking_ws/build/active_localization/prefix_override:/home/sarthak/.local/lib/python3.10/site-packages/colcon_core/task/python/colcon_distutils_commands:/home/sarthak/precise_docking_ws/install/active_localization/lib/python3.10/site-packages:${PYTHONPATH} ROS_DOMAIN_ID=61 /usr/bin/python3 -W ignore:setup.py install is deprecated setup.py egg_info --egg-base ../../build/active_localization build --build-base /home/sarthak/precise_docking_ws/build/active_localization/build install --record /home/sarthak/precise_docking_ws/build/active_localization/install.log --single-version-externally-managed install_data
[1.826s] /home/sarthak/.local/lib/python3.10/site-packages/setuptools/_distutils/dist.py:261: UserWarning: Unknown distribution option: 'tests_require'
[1.826s]   warnings.warn(msg)
[1.947s] running egg_info
[1.960s] writing ../../build/active_localization/active_localization.egg-info/PKG-INFO
[1.961s] writing dependency_links to ../../build/active_localization/active_localization.egg-info/dependency_links.txt
[1.961s] writing entry points to ../../build/active_localization/active_localization.egg-info/entry_points.txt
[1.961s] writing requirements to ../../build/active_localization/active_localization.egg-info/requires.txt
[1.961s] writing top-level names to ../../build/active_localization/active_localization.egg-info/top_level.txt
[2.951s] reading manifest file '../../build/active_localization/active_localization.egg-info/SOURCES.txt'
[2.953s] writing manifest file '../../build/active_localization/active_localization.egg-info/SOURCES.txt'
[2.953s] running build
[2.953s] running build_py
[2.953s] copying active_localization/__init__.py -> /home/sarthak/precise_docking_ws/build/active_localization/build/lib/active_localization
[2.953s] copying active_localization/local_map.py -> /home/sarthak/precise_docking_ws/build/active_localization/build/lib/active_localization
[2.953s] running install
[2.958s] running install_lib
[2.972s] running install_data
[2.973s] copying resource/active_localization -> /home/sarthak/precise_docking_ws/install/active_localization/share/ament_index/resource_index/packages
[2.973s] copying package.xml -> /home/sarthak/precise_docking_ws/install/active_localization/share/active_localization
[2.973s] running install_egg_info
[2.987s] removing '/home/sarthak/precise_docking_ws/install/active_localization/lib/python3.10/site-packages/active_localization-0.0.0-py3.10.egg-info' (and everything under it)
[2.987s] Copying ../../build/active_localization/active_localization.egg-info to /home/sarthak/precise_docking_ws/install/active_localization/lib/python3.10/site-packages/active_localization-0.0.0-py3.10.egg-info
[2.987s] running install_scripts
[3.108s] Installing active_localization_node script to /home/sarthak/precise_docking_ws/install/active_localization/lib/active_localization
[3.108s] writing list of installed files to '/home/sarthak/precise_docking_ws/build/active_localization/install.log'
[3.143s] Invoked command in '/home/sarthak/precise_docking_ws/src/active_localization' returned '0': PYTHONPATH=/home/sarthak/precise_docking_ws/build/active_localization/prefix_override:/home/sarthak/.local/lib/python3.10/site-packages/colcon_core/task/python/colcon_distutils_commands:/home/sarthak/precise_docking_ws/install/active_localization/lib/python3.10/site-packages:${PYTHONPATH} ROS_DOMAIN_ID=61 /usr/bin/python3 -W ignore:setup.py install is deprecated setup.py egg_info --egg-base ../../build/active_localization build --build-base /home/sarthak/precise_docking_ws/build/active_localization/build install --record /home/sarthak/precise_docking_ws/build/active_localization/install.log --single-version-externally-managed install_data
