[0.726s] Invoking command in '/home/sarthak/precise_docking_ws/src/active_localization': PYTHONPATH=/home/sarthak/precise_docking_ws/build/active_localization/prefix_override:/home/sarthak/.local/lib/python3.10/site-packages/colcon_core/task/python/colcon_distutils_commands:/home/sarthak/precise_docking_ws/install/active_localization/lib/python3.10/site-packages:${PYTHONPATH} /usr/bin/python3 -W ignore:setup.py install is deprecated setup.py egg_info --egg-base ../../build/active_localization build --build-base /home/sarthak/precise_docking_ws/build/active_localization/build install --record /home/sarthak/precise_docking_ws/build/active_localization/install.log --single-version-externally-managed install_data
[0.841s] /home/sarthak/.local/lib/python3.10/site-packages/setuptools/_distutils/dist.py:261: UserWarning: Unknown distribution option: 'tests_require'
[0.841s]   warnings.warn(msg)
[0.952s] running egg_info
[0.964s] writing ../../build/active_localization/active_localization.egg-info/PKG-INFO
[0.965s] writing dependency_links to ../../build/active_localization/active_localization.egg-info/dependency_links.txt
[0.965s] writing entry points to ../../build/active_localization/active_localization.egg-info/entry_points.txt
[0.965s] writing requirements to ../../build/active_localization/active_localization.egg-info/requires.txt
[0.965s] writing top-level names to ../../build/active_localization/active_localization.egg-info/top_level.txt
[2.480s] writing manifest file '../../build/active_localization/active_localization.egg-info/SOURCES.txt'
[2.480s] running build
[2.480s] running build_py
[2.480s] copying active_localization/__init__.py -> /home/sarthak/precise_docking_ws/build/active_localization/build/lib/active_localization
[2.480s] copying active_localization/frontier_detection.py -> /home/sarthak/precise_docking_ws/build/active_localization/build/lib/active_localization
[2.481s] copying active_localization/path_to_goal.py -> /home/sarthak/precise_docking_ws/build/active_localization/build/lib/active_localization
[2.481s] copying active_localization/local_map.py -> /home/sarthak/precise_docking_ws/build/active_localization/build/lib/active_localization
[2.481s] copying active_localization/next_best_view.py -> /home/sarthak/precise_docking_ws/build/active_localization/build/lib/active_localization
[2.482s] running install
[2.485s] running install_lib
[2.498s] running install_data
[2.498s] copying resource/active_localization -> /home/sarthak/precise_docking_ws/install/active_localization/share/ament_index/resource_index/packages
[2.499s] copying package.xml -> /home/sarthak/precise_docking_ws/install/active_localization/share/active_localization
[2.499s] running install_egg_info
[2.511s] removing '/home/sarthak/precise_docking_ws/install/active_localization/lib/python3.10/site-packages/active_localization-0.0.0-py3.10.egg-info' (and everything under it)
[2.512s] Copying ../../build/active_localization/active_localization.egg-info to /home/sarthak/precise_docking_ws/install/active_localization/lib/python3.10/site-packages/active_localization-0.0.0-py3.10.egg-info
[2.512s] running install_scripts
[2.616s] Installing frontier_detection script to /home/sarthak/precise_docking_ws/install/active_localization/lib/active_localization
[2.616s] Installing local_map_node script to /home/sarthak/precise_docking_ws/install/active_localization/lib/active_localization
[2.617s] Installing localization script to /home/sarthak/precise_docking_ws/install/active_localization/lib/active_localization
[2.617s] Installing path_to_goal script to /home/sarthak/precise_docking_ws/install/active_localization/lib/active_localization
[2.617s] writing list of installed files to '/home/sarthak/precise_docking_ws/build/active_localization/install.log'
[2.640s] Invoked command in '/home/sarthak/precise_docking_ws/src/active_localization' returned '0': PYTHONPATH=/home/sarthak/precise_docking_ws/build/active_localization/prefix_override:/home/sarthak/.local/lib/python3.10/site-packages/colcon_core/task/python/colcon_distutils_commands:/home/sarthak/precise_docking_ws/install/active_localization/lib/python3.10/site-packages:${PYTHONPATH} /usr/bin/python3 -W ignore:setup.py install is deprecated setup.py egg_info --egg-base ../../build/active_localization build --build-base /home/sarthak/precise_docking_ws/build/active_localization/build install --record /home/sarthak/precise_docking_ws/build/active_localization/install.log --single-version-externally-managed install_data
