[2.721s] Invoking command in '/home/sarthak/precise_docking_ws/src/arcuo_marker_detection': PYTHONPATH=/home/sarthak/precise_docking_ws/build/arcuo_marker_detection/prefix_override:/home/sarthak/.local/lib/python3.10/site-packages/colcon_core/task/python/colcon_distutils_commands:/home/sarthak/precise_docking_ws/install/arcuo_marker_detection/lib/python3.10/site-packages:${PYTHONPATH} ROS_DOMAIN_ID=89 /usr/bin/python3 -W ignore:setup.py install is deprecated setup.py egg_info --egg-base ../../build/arcuo_marker_detection build --build-base /home/sarthak/precise_docking_ws/build/arcuo_marker_detection/build install --record /home/sarthak/precise_docking_ws/build/arcuo_marker_detection/install.log --single-version-externally-managed install_data
[2.979s] /home/sarthak/.local/lib/python3.10/site-packages/setuptools/_distutils/dist.py:261: UserWarning: Unknown distribution option: 'tests_require'
[2.980s]   warnings.warn(msg)
[3.271s] running egg_info
[3.305s] writing ../../build/arcuo_marker_detection/arcuo_marker_detection.egg-info/PKG-INFO
[3.306s] writing dependency_links to ../../build/arcuo_marker_detection/arcuo_marker_detection.egg-info/dependency_links.txt
[3.306s] writing entry points to ../../build/arcuo_marker_detection/arcuo_marker_detection.egg-info/entry_points.txt
[3.306s] writing requirements to ../../build/arcuo_marker_detection/arcuo_marker_detection.egg-info/requires.txt
[3.307s] writing top-level names to ../../build/arcuo_marker_detection/arcuo_marker_detection.egg-info/top_level.txt
[4.472s] writing manifest file '../../build/arcuo_marker_detection/arcuo_marker_detection.egg-info/SOURCES.txt'
[4.472s] running build
[4.472s] running build_py
[4.473s] copying arcuo_marker_detection/__init__.py -> /home/sarthak/precise_docking_ws/build/arcuo_marker_detection/build/lib/arcuo_marker_detection
[4.473s] copying arcuo_marker_detection/arcuo_detection.py -> /home/sarthak/precise_docking_ws/build/arcuo_marker_detection/build/lib/arcuo_marker_detection
[4.473s] running install
[4.478s] running install_lib
[4.497s] copying /home/sarthak/precise_docking_ws/build/arcuo_marker_detection/build/lib/arcuo_marker_detection/arcuo_detection.py -> /home/sarthak/precise_docking_ws/install/arcuo_marker_detection/lib/python3.10/site-packages/arcuo_marker_detection
[4.498s] byte-compiling /home/sarthak/precise_docking_ws/install/arcuo_marker_detection/lib/python3.10/site-packages/arcuo_marker_detection/arcuo_detection.py to arcuo_detection.cpython-310.pyc
[4.500s] running install_data
[4.500s] copying resource/arcuo_marker_detection -> /home/sarthak/precise_docking_ws/install/arcuo_marker_detection/share/ament_index/resource_index/packages
[4.500s] copying package.xml -> /home/sarthak/precise_docking_ws/install/arcuo_marker_detection/share/arcuo_marker_detection
[4.501s] running install_egg_info
[4.522s] removing '/home/sarthak/precise_docking_ws/install/arcuo_marker_detection/lib/python3.10/site-packages/arcuo_marker_detection-0.0.0-py3.10.egg-info' (and everything under it)
[4.522s] Copying ../../build/arcuo_marker_detection/arcuo_marker_detection.egg-info to /home/sarthak/precise_docking_ws/install/arcuo_marker_detection/lib/python3.10/site-packages/arcuo_marker_detection-0.0.0-py3.10.egg-info
[4.522s] running install_scripts
[4.662s] Installing aruco_marker_detection_node script to /home/sarthak/precise_docking_ws/install/arcuo_marker_detection/lib/arcuo_marker_detection
[4.662s] writing list of installed files to '/home/sarthak/precise_docking_ws/build/arcuo_marker_detection/install.log'
[4.745s] Invoked command in '/home/sarthak/precise_docking_ws/src/arcuo_marker_detection' returned '0': PYTHONPATH=/home/sarthak/precise_docking_ws/build/arcuo_marker_detection/prefix_override:/home/sarthak/.local/lib/python3.10/site-packages/colcon_core/task/python/colcon_distutils_commands:/home/sarthak/precise_docking_ws/install/arcuo_marker_detection/lib/python3.10/site-packages:${PYTHONPATH} ROS_DOMAIN_ID=89 /usr/bin/python3 -W ignore:setup.py install is deprecated setup.py egg_info --egg-base ../../build/arcuo_marker_detection build --build-base /home/sarthak/precise_docking_ws/build/arcuo_marker_detection/build install --record /home/sarthak/precise_docking_ws/build/arcuo_marker_detection/install.log --single-version-externally-managed install_data
