[0.014s] Invoking command in '/home/sarthak/precise_docking_ws/build/norlab_icp_mapper_ros': CMAKE_PREFIX_PATH=/home/sarthak/precise_docking_ws/install/libpointmatcher_ros:/home/sarthak/precise_docking_ws/install/norlab_icp_mapper_ros:/home/sarthak/precise_docking_ws/install/norlab_icp_mapper:/home/sarthak/precise_docking_ws/install/norlab_icp_mapper/lib/cmake:/home/sarthak/precise_docking_ws/install/frontend:/home/sarthak/precise_docking_ws/install/docking_bringup:/home/sarthak/precise_docking_ws/install/template_ros2:/home/sarthak/precise_docking_ws/install/reach_the_goal:/home/sarthak/precise_docking_ws/install/arcuo_marker_detection:/opt/ros/humble /usr/bin/cmake --build /home/sarthak/precise_docking_ws/build/norlab_icp_mapper_ros -- -j20 -l20
[0.084s] [  2%] Built target norlab_icp_mapper_ros__cpp
[0.087s] [ 12%] Built target norlab_icp_mapper_ros__rosidl_generator_c
[0.101s] [ 12%] Built target ament_cmake_python_copy_norlab_icp_mapper_ros
[0.115s] [ 22%] Built target norlab_icp_mapper_ros__rosidl_typesupport_c
[0.117s] [ 32%] Built target norlab_icp_mapper_ros__rosidl_typesupport_introspection_cpp
[0.117s] [ 42%] Built target norlab_icp_mapper_ros__rosidl_typesupport_cpp
[0.119s] [ 52%] Built target norlab_icp_mapper_ros__rosidl_typesupport_fastrtps_cpp
[0.119s] [ 62%] Built target norlab_icp_mapper_ros__rosidl_typesupport_introspection_c
[0.120s] [ 72%] Built target norlab_icp_mapper_ros__rosidl_typesupport_fastrtps_c
[0.148s] [ 72%] Built target norlab_icp_mapper_ros
[0.148s] [35m[1mConsolidate compiler generated dependencies of target mapper_node[0m
[0.180s] [ 76%] Built target norlab_icp_mapper_ros__py
[0.180s] [ 76%] [32mBuilding CXX object CMakeFiles/mapper_node.dir/src/NodeParameters.cpp.o[0m
[0.208s] [ 84%] Built target norlab_icp_mapper_ros__rosidl_generator_py
[0.234s] [ 96%] Built target norlab_icp_mapper_ros__rosidl_typesupport_fastrtps_c__pyext
[0.235s] [ 96%] Built target norlab_icp_mapper_ros__rosidl_typesupport_c__pyext
[0.235s] [ 96%] Built target norlab_icp_mapper_ros__rosidl_typesupport_introspection_c__pyext
[0.336s] running egg_info
[0.336s] writing norlab_icp_mapper_ros.egg-info/PKG-INFO
[0.337s] writing dependency_links to norlab_icp_mapper_ros.egg-info/dependency_links.txt
[0.337s] writing top-level names to norlab_icp_mapper_ros.egg-info/top_level.txt
[0.339s] reading manifest file 'norlab_icp_mapper_ros.egg-info/SOURCES.txt'
[0.340s] writing manifest file 'norlab_icp_mapper_ros.egg-info/SOURCES.txt'
[0.374s] [ 96%] Built target ament_cmake_python_build_norlab_icp_mapper_ros_egg
[5.942s] [ 98%] [32m[1mLinking CXX executable mapper_node[0m
[7.371s] [100%] Built target mapper_node
[7.388s] Invoked command in '/home/sarthak/precise_docking_ws/build/norlab_icp_mapper_ros' returned '0': CMAKE_PREFIX_PATH=/home/sarthak/precise_docking_ws/install/libpointmatcher_ros:/home/sarthak/precise_docking_ws/install/norlab_icp_mapper_ros:/home/sarthak/precise_docking_ws/install/norlab_icp_mapper:/home/sarthak/precise_docking_ws/install/norlab_icp_mapper/lib/cmake:/home/sarthak/precise_docking_ws/install/frontend:/home/sarthak/precise_docking_ws/install/docking_bringup:/home/sarthak/precise_docking_ws/install/template_ros2:/home/sarthak/precise_docking_ws/install/reach_the_goal:/home/sarthak/precise_docking_ws/install/arcuo_marker_detection:/opt/ros/humble /usr/bin/cmake --build /home/sarthak/precise_docking_ws/build/norlab_icp_mapper_ros -- -j20 -l20
[7.546s] Invoking command in '/home/sarthak/precise_docking_ws/build/norlab_icp_mapper_ros': CMAKE_PREFIX_PATH=/home/sarthak/precise_docking_ws/install/libpointmatcher_ros:/home/sarthak/precise_docking_ws/install/norlab_icp_mapper_ros:/home/sarthak/precise_docking_ws/install/norlab_icp_mapper:/home/sarthak/precise_docking_ws/install/norlab_icp_mapper/lib/cmake:/home/sarthak/precise_docking_ws/install/frontend:/home/sarthak/precise_docking_ws/install/docking_bringup:/home/sarthak/precise_docking_ws/install/template_ros2:/home/sarthak/precise_docking_ws/install/reach_the_goal:/home/sarthak/precise_docking_ws/install/arcuo_marker_detection:/opt/ros/humble /usr/bin/cmake --install /home/sarthak/precise_docking_ws/build/norlab_icp_mapper_ros
[7.557s] -- Install configuration: "Release"
[7.557s] -- Up-to-date: /home/sarthak/precise_docking_ws/install/norlab_icp_mapper_ros/share/ament_index/resource_index/rosidl_interfaces/norlab_icp_mapper_ros
[7.557s] -- Up-to-date: /home/sarthak/precise_docking_ws/install/norlab_icp_mapper_ros/include/norlab_icp_mapper_ros/norlab_icp_mapper_ros
[7.557s] -- Up-to-date: /home/sarthak/precise_docking_ws/install/norlab_icp_mapper_ros/include/norlab_icp_mapper_ros/norlab_icp_mapper_ros/srv
[7.557s] -- Up-to-date: /home/sarthak/precise_docking_ws/install/norlab_icp_mapper_ros/include/norlab_icp_mapper_ros/norlab_icp_mapper_ros/srv/save_map.h
[7.557s] -- Up-to-date: /home/sarthak/precise_docking_ws/install/norlab_icp_mapper_ros/include/norlab_icp_mapper_ros/norlab_icp_mapper_ros/srv/save_trajectory.h
[7.557s] -- Up-to-date: /home/sarthak/precise_docking_ws/install/norlab_icp_mapper_ros/include/norlab_icp_mapper_ros/norlab_icp_mapper_ros/srv/load_map.h
[7.557s] -- Up-to-date: /home/sarthak/precise_docking_ws/install/norlab_icp_mapper_ros/include/norlab_icp_mapper_ros/norlab_icp_mapper_ros/srv/detail
[7.557s] -- Up-to-date: /home/sarthak/precise_docking_ws/install/norlab_icp_mapper_ros/include/norlab_icp_mapper_ros/norlab_icp_mapper_ros/srv/detail/load_map__functions.h
[7.557s] -- Up-to-date: /home/sarthak/precise_docking_ws/install/norlab_icp_mapper_ros/include/norlab_icp_mapper_ros/norlab_icp_mapper_ros/srv/detail/load_map__functions.c
[7.557s] -- Up-to-date: /home/sarthak/precise_docking_ws/install/norlab_icp_mapper_ros/include/norlab_icp_mapper_ros/norlab_icp_mapper_ros/srv/detail/save_map__functions.c
[7.557s] -- Up-to-date: /home/sarthak/precise_docking_ws/install/norlab_icp_mapper_ros/include/norlab_icp_mapper_ros/norlab_icp_mapper_ros/srv/detail/save_trajectory__functions.c
[7.557s] -- Up-to-date: /home/sarthak/precise_docking_ws/install/norlab_icp_mapper_ros/include/norlab_icp_mapper_ros/norlab_icp_mapper_ros/srv/detail/load_map__struct.h
[7.557s] -- Up-to-date: /home/sarthak/precise_docking_ws/install/norlab_icp_mapper_ros/include/norlab_icp_mapper_ros/norlab_icp_mapper_ros/srv/detail/load_map__type_support.h
[7.557s] -- Up-to-date: /home/sarthak/precise_docking_ws/install/norlab_icp_mapper_ros/include/norlab_icp_mapper_ros/norlab_icp_mapper_ros/srv/detail/save_trajectory__type_support.h
[7.558s] -- Up-to-date: /home/sarthak/precise_docking_ws/install/norlab_icp_mapper_ros/include/norlab_icp_mapper_ros/norlab_icp_mapper_ros/srv/detail/save_trajectory__struct.h
[7.558s] -- Up-to-date: /home/sarthak/precise_docking_ws/install/norlab_icp_mapper_ros/include/norlab_icp_mapper_ros/norlab_icp_mapper_ros/srv/detail/save_trajectory__functions.h
[7.558s] -- Up-to-date: /home/sarthak/precise_docking_ws/install/norlab_icp_mapper_ros/include/norlab_icp_mapper_ros/norlab_icp_mapper_ros/srv/detail/save_map__struct.h
[7.558s] -- Up-to-date: /home/sarthak/precise_docking_ws/install/norlab_icp_mapper_ros/include/norlab_icp_mapper_ros/norlab_icp_mapper_ros/srv/detail/save_map__functions.h
[7.558s] -- Up-to-date: /home/sarthak/precise_docking_ws/install/norlab_icp_mapper_ros/include/norlab_icp_mapper_ros/norlab_icp_mapper_ros/srv/detail/save_map__type_support.h
[7.558s] -- Up-to-date: /home/sarthak/precise_docking_ws/install/norlab_icp_mapper_ros/include/norlab_icp_mapper_ros/norlab_icp_mapper_ros/msg
[7.558s] -- Up-to-date: /home/sarthak/precise_docking_ws/install/norlab_icp_mapper_ros/include/norlab_icp_mapper_ros/norlab_icp_mapper_ros/msg/rosidl_generator_c__visibility_control.h
[7.558s] -- Up-to-date: /home/sarthak/precise_docking_ws/install/norlab_icp_mapper_ros/share/norlab_icp_mapper_ros/environment/library_path.sh
[7.558s] -- Up-to-date: /home/sarthak/precise_docking_ws/install/norlab_icp_mapper_ros/share/norlab_icp_mapper_ros/environment/library_path.dsv
[7.558s] -- Up-to-date: /home/sarthak/precise_docking_ws/install/norlab_icp_mapper_ros/lib/libnorlab_icp_mapper_ros__rosidl_generator_c.so
[7.558s] -- Up-to-date: /home/sarthak/precise_docking_ws/install/norlab_icp_mapper_ros/include/norlab_icp_mapper_ros/norlab_icp_mapper_ros
[7.559s] -- Up-to-date: /home/sarthak/precise_docking_ws/install/norlab_icp_mapper_ros/include/norlab_icp_mapper_ros/norlab_icp_mapper_ros/srv
[7.559s] -- Up-to-date: /home/sarthak/precise_docking_ws/install/norlab_icp_mapper_ros/include/norlab_icp_mapper_ros/norlab_icp_mapper_ros/srv/detail
[7.559s] -- Up-to-date: /home/sarthak/precise_docking_ws/install/norlab_icp_mapper_ros/include/norlab_icp_mapper_ros/norlab_icp_mapper_ros/srv/detail/save_trajectory__rosidl_typesupport_fastrtps_c.h
[7.559s] -- Up-to-date: /home/sarthak/precise_docking_ws/install/norlab_icp_mapper_ros/include/norlab_icp_mapper_ros/norlab_icp_mapper_ros/srv/detail/save_map__rosidl_typesupport_fastrtps_c.h
[7.559s] -- Up-to-date: /home/sarthak/precise_docking_ws/install/norlab_icp_mapper_ros/include/norlab_icp_mapper_ros/norlab_icp_mapper_ros/srv/detail/load_map__rosidl_typesupport_fastrtps_c.h
[7.559s] -- Up-to-date: /home/sarthak/precise_docking_ws/install/norlab_icp_mapper_ros/include/norlab_icp_mapper_ros/norlab_icp_mapper_ros/msg
[7.559s] -- Up-to-date: /home/sarthak/precise_docking_ws/install/norlab_icp_mapper_ros/include/norlab_icp_mapper_ros/norlab_icp_mapper_ros/msg/rosidl_typesupport_fastrtps_c__visibility_control.h
[7.559s] -- Up-to-date: /home/sarthak/precise_docking_ws/install/norlab_icp_mapper_ros/lib/libnorlab_icp_mapper_ros__rosidl_typesupport_fastrtps_c.so
[7.559s] -- Up-to-date: /home/sarthak/precise_docking_ws/install/norlab_icp_mapper_ros/include/norlab_icp_mapper_ros/norlab_icp_mapper_ros
[7.559s] -- Up-to-date: /home/sarthak/precise_docking_ws/install/norlab_icp_mapper_ros/include/norlab_icp_mapper_ros/norlab_icp_mapper_ros/srv
[7.559s] -- Up-to-date: /home/sarthak/precise_docking_ws/install/norlab_icp_mapper_ros/include/norlab_icp_mapper_ros/norlab_icp_mapper_ros/srv/save_map.hpp
[7.559s] -- Up-to-date: /home/sarthak/precise_docking_ws/install/norlab_icp_mapper_ros/include/norlab_icp_mapper_ros/norlab_icp_mapper_ros/srv/save_trajectory.hpp
[7.559s] -- Up-to-date: /home/sarthak/precise_docking_ws/install/norlab_icp_mapper_ros/include/norlab_icp_mapper_ros/norlab_icp_mapper_ros/srv/load_map.hpp
[7.559s] -- Up-to-date: /home/sarthak/precise_docking_ws/install/norlab_icp_mapper_ros/include/norlab_icp_mapper_ros/norlab_icp_mapper_ros/srv/detail
[7.559s] -- Up-to-date: /home/sarthak/precise_docking_ws/install/norlab_icp_mapper_ros/include/norlab_icp_mapper_ros/norlab_icp_mapper_ros/srv/detail/load_map__traits.hpp
[7.559s] -- Up-to-date: /home/sarthak/precise_docking_ws/install/norlab_icp_mapper_ros/include/norlab_icp_mapper_ros/norlab_icp_mapper_ros/srv/detail/save_trajectory__struct.hpp
[7.559s] -- Up-to-date: /home/sarthak/precise_docking_ws/install/norlab_icp_mapper_ros/include/norlab_icp_mapper_ros/norlab_icp_mapper_ros/srv/detail/save_map__traits.hpp
[7.559s] -- Up-to-date: /home/sarthak/precise_docking_ws/install/norlab_icp_mapper_ros/include/norlab_icp_mapper_ros/norlab_icp_mapper_ros/srv/detail/save_trajectory__traits.hpp
[7.559s] -- Up-to-date: /home/sarthak/precise_docking_ws/install/norlab_icp_mapper_ros/include/norlab_icp_mapper_ros/norlab_icp_mapper_ros/srv/detail/load_map__builder.hpp
[7.559s] -- Up-to-date: /home/sarthak/precise_docking_ws/install/norlab_icp_mapper_ros/include/norlab_icp_mapper_ros/norlab_icp_mapper_ros/srv/detail/save_map__builder.hpp
[7.559s] -- Up-to-date: /home/sarthak/precise_docking_ws/install/norlab_icp_mapper_ros/include/norlab_icp_mapper_ros/norlab_icp_mapper_ros/srv/detail/save_trajectory__builder.hpp
[7.559s] -- Up-to-date: /home/sarthak/precise_docking_ws/install/norlab_icp_mapper_ros/include/norlab_icp_mapper_ros/norlab_icp_mapper_ros/srv/detail/load_map__struct.hpp
[7.559s] -- Up-to-date: /home/sarthak/precise_docking_ws/install/norlab_icp_mapper_ros/include/norlab_icp_mapper_ros/norlab_icp_mapper_ros/srv/detail/save_map__struct.hpp
[7.560s] -- Up-to-date: /home/sarthak/precise_docking_ws/install/norlab_icp_mapper_ros/include/norlab_icp_mapper_ros/norlab_icp_mapper_ros
[7.560s] -- Up-to-date: /home/sarthak/precise_docking_ws/install/norlab_icp_mapper_ros/include/norlab_icp_mapper_ros/norlab_icp_mapper_ros/srv
[7.560s] -- Up-to-date: /home/sarthak/precise_docking_ws/install/norlab_icp_mapper_ros/include/norlab_icp_mapper_ros/norlab_icp_mapper_ros/srv/detail
[7.560s] -- Up-to-date: /home/sarthak/precise_docking_ws/install/norlab_icp_mapper_ros/include/norlab_icp_mapper_ros/norlab_icp_mapper_ros/srv/detail/load_map__rosidl_typesupport_fastrtps_cpp.hpp
[7.560s] -- Up-to-date: /home/sarthak/precise_docking_ws/install/norlab_icp_mapper_ros/include/norlab_icp_mapper_ros/norlab_icp_mapper_ros/srv/detail/save_trajectory__rosidl_typesupport_fastrtps_cpp.hpp
[7.560s] -- Up-to-date: /home/sarthak/precise_docking_ws/install/norlab_icp_mapper_ros/include/norlab_icp_mapper_ros/norlab_icp_mapper_ros/srv/detail/save_map__rosidl_typesupport_fastrtps_cpp.hpp
[7.560s] -- Up-to-date: /home/sarthak/precise_docking_ws/install/norlab_icp_mapper_ros/include/norlab_icp_mapper_ros/norlab_icp_mapper_ros/srv/detail/dds_fastrtps
[7.560s] -- Up-to-date: /home/sarthak/precise_docking_ws/install/norlab_icp_mapper_ros/include/norlab_icp_mapper_ros/norlab_icp_mapper_ros/msg
[7.560s] -- Up-to-date: /home/sarthak/precise_docking_ws/install/norlab_icp_mapper_ros/include/norlab_icp_mapper_ros/norlab_icp_mapper_ros/msg/rosidl_typesupport_fastrtps_cpp__visibility_control.h
[7.560s] -- Up-to-date: /home/sarthak/precise_docking_ws/install/norlab_icp_mapper_ros/lib/libnorlab_icp_mapper_ros__rosidl_typesupport_fastrtps_cpp.so
[7.560s] -- Up-to-date: /home/sarthak/precise_docking_ws/install/norlab_icp_mapper_ros/include/norlab_icp_mapper_ros/norlab_icp_mapper_ros
[7.560s] -- Up-to-date: /home/sarthak/precise_docking_ws/install/norlab_icp_mapper_ros/include/norlab_icp_mapper_ros/norlab_icp_mapper_ros/srv
[7.560s] -- Up-to-date: /home/sarthak/precise_docking_ws/install/norlab_icp_mapper_ros/include/norlab_icp_mapper_ros/norlab_icp_mapper_ros/srv/detail
[7.560s] -- Up-to-date: /home/sarthak/precise_docking_ws/install/norlab_icp_mapper_ros/include/norlab_icp_mapper_ros/norlab_icp_mapper_ros/srv/detail/save_trajectory__type_support.c
[7.560s] -- Up-to-date: /home/sarthak/precise_docking_ws/install/norlab_icp_mapper_ros/include/norlab_icp_mapper_ros/norlab_icp_mapper_ros/srv/detail/load_map__type_support.c
[7.560s] -- Up-to-date: /home/sarthak/precise_docking_ws/install/norlab_icp_mapper_ros/include/norlab_icp_mapper_ros/norlab_icp_mapper_ros/srv/detail/save_map__rosidl_typesupport_introspection_c.h
[7.560s] -- Up-to-date: /home/sarthak/precise_docking_ws/install/norlab_icp_mapper_ros/include/norlab_icp_mapper_ros/norlab_icp_mapper_ros/srv/detail/save_trajectory__rosidl_typesupport_introspection_c.h
[7.560s] -- Up-to-date: /home/sarthak/precise_docking_ws/install/norlab_icp_mapper_ros/include/norlab_icp_mapper_ros/norlab_icp_mapper_ros/srv/detail/save_map__type_support.c
[7.560s] -- Up-to-date: /home/sarthak/precise_docking_ws/install/norlab_icp_mapper_ros/include/norlab_icp_mapper_ros/norlab_icp_mapper_ros/srv/detail/load_map__rosidl_typesupport_introspection_c.h
[7.560s] -- Up-to-date: /home/sarthak/precise_docking_ws/install/norlab_icp_mapper_ros/include/norlab_icp_mapper_ros/norlab_icp_mapper_ros/msg
[7.560s] -- Up-to-date: /home/sarthak/precise_docking_ws/install/norlab_icp_mapper_ros/include/norlab_icp_mapper_ros/norlab_icp_mapper_ros/msg/rosidl_typesupport_introspection_c__visibility_control.h
[7.561s] -- Up-to-date: /home/sarthak/precise_docking_ws/install/norlab_icp_mapper_ros/lib/libnorlab_icp_mapper_ros__rosidl_typesupport_introspection_c.so
[7.561s] -- Up-to-date: /home/sarthak/precise_docking_ws/install/norlab_icp_mapper_ros/lib/libnorlab_icp_mapper_ros__rosidl_typesupport_c.so
[7.561s] -- Up-to-date: /home/sarthak/precise_docking_ws/install/norlab_icp_mapper_ros/include/norlab_icp_mapper_ros/norlab_icp_mapper_ros
[7.561s] -- Up-to-date: /home/sarthak/precise_docking_ws/install/norlab_icp_mapper_ros/include/norlab_icp_mapper_ros/norlab_icp_mapper_ros/srv
[7.561s] -- Up-to-date: /home/sarthak/precise_docking_ws/install/norlab_icp_mapper_ros/include/norlab_icp_mapper_ros/norlab_icp_mapper_ros/srv/detail
[7.561s] -- Up-to-date: /home/sarthak/precise_docking_ws/install/norlab_icp_mapper_ros/include/norlab_icp_mapper_ros/norlab_icp_mapper_ros/srv/detail/save_trajectory__rosidl_typesupport_introspection_cpp.hpp
[7.561s] -- Up-to-date: /home/sarthak/precise_docking_ws/install/norlab_icp_mapper_ros/include/norlab_icp_mapper_ros/norlab_icp_mapper_ros/srv/detail/load_map__rosidl_typesupport_introspection_cpp.hpp
[7.561s] -- Up-to-date: /home/sarthak/precise_docking_ws/install/norlab_icp_mapper_ros/include/norlab_icp_mapper_ros/norlab_icp_mapper_ros/srv/detail/save_trajectory__type_support.cpp
[7.561s] -- Up-to-date: /home/sarthak/precise_docking_ws/install/norlab_icp_mapper_ros/include/norlab_icp_mapper_ros/norlab_icp_mapper_ros/srv/detail/load_map__type_support.cpp
[7.562s] -- Up-to-date: /home/sarthak/precise_docking_ws/install/norlab_icp_mapper_ros/include/norlab_icp_mapper_ros/norlab_icp_mapper_ros/srv/detail/save_map__rosidl_typesupport_introspection_cpp.hpp
[7.562s] -- Up-to-date: /home/sarthak/precise_docking_ws/install/norlab_icp_mapper_ros/include/norlab_icp_mapper_ros/norlab_icp_mapper_ros/srv/detail/save_map__type_support.cpp
[7.562s] -- Up-to-date: /home/sarthak/precise_docking_ws/install/norlab_icp_mapper_ros/lib/libnorlab_icp_mapper_ros__rosidl_typesupport_introspection_cpp.so
[7.562s] -- Up-to-date: /home/sarthak/precise_docking_ws/install/norlab_icp_mapper_ros/lib/libnorlab_icp_mapper_ros__rosidl_typesupport_cpp.so
[7.563s] -- Up-to-date: /home/sarthak/precise_docking_ws/install/norlab_icp_mapper_ros/share/norlab_icp_mapper_ros/environment/pythonpath.sh
[7.563s] -- Up-to-date: /home/sarthak/precise_docking_ws/install/norlab_icp_mapper_ros/share/norlab_icp_mapper_ros/environment/pythonpath.dsv
[7.563s] -- Up-to-date: /home/sarthak/precise_docking_ws/install/norlab_icp_mapper_ros/local/lib/python3.10/dist-packages/norlab_icp_mapper_ros-2.0.0-py3.10.egg-info
[7.563s] -- Installing: /home/sarthak/precise_docking_ws/install/norlab_icp_mapper_ros/local/lib/python3.10/dist-packages/norlab_icp_mapper_ros-2.0.0-py3.10.egg-info/top_level.txt
[7.563s] -- Installing: /home/sarthak/precise_docking_ws/install/norlab_icp_mapper_ros/local/lib/python3.10/dist-packages/norlab_icp_mapper_ros-2.0.0-py3.10.egg-info/SOURCES.txt
[7.563s] -- Installing: /home/sarthak/precise_docking_ws/install/norlab_icp_mapper_ros/local/lib/python3.10/dist-packages/norlab_icp_mapper_ros-2.0.0-py3.10.egg-info/PKG-INFO
[7.564s] -- Installing: /home/sarthak/precise_docking_ws/install/norlab_icp_mapper_ros/local/lib/python3.10/dist-packages/norlab_icp_mapper_ros-2.0.0-py3.10.egg-info/dependency_links.txt
[7.564s] -- Up-to-date: /home/sarthak/precise_docking_ws/install/norlab_icp_mapper_ros/local/lib/python3.10/dist-packages/norlab_icp_mapper_ros
[7.564s] -- Up-to-date: /home/sarthak/precise_docking_ws/install/norlab_icp_mapper_ros/local/lib/python3.10/dist-packages/norlab_icp_mapper_ros/norlab_icp_mapper_ros_s__rosidl_typesupport_introspection_c.cpython-310-x86_64-linux-gnu.so
[7.564s] -- Up-to-date: /home/sarthak/precise_docking_ws/install/norlab_icp_mapper_ros/local/lib/python3.10/dist-packages/norlab_icp_mapper_ros/_norlab_icp_mapper_ros_s.ep.rosidl_typesupport_introspection_c.c
[7.564s] -- Up-to-date: /home/sarthak/precise_docking_ws/install/norlab_icp_mapper_ros/local/lib/python3.10/dist-packages/norlab_icp_mapper_ros/_norlab_icp_mapper_ros_s.ep.rosidl_typesupport_c.c
[7.564s] -- Up-to-date: /home/sarthak/precise_docking_ws/install/norlab_icp_mapper_ros/local/lib/python3.10/dist-packages/norlab_icp_mapper_ros/__init__.py
[7.564s] -- Up-to-date: /home/sarthak/precise_docking_ws/install/norlab_icp_mapper_ros/local/lib/python3.10/dist-packages/norlab_icp_mapper_ros/norlab_icp_mapper_ros_s__rosidl_typesupport_fastrtps_c.cpython-310-x86_64-linux-gnu.so
[7.564s] -- Up-to-date: /home/sarthak/precise_docking_ws/install/norlab_icp_mapper_ros/local/lib/python3.10/dist-packages/norlab_icp_mapper_ros/srv
[7.565s] -- Up-to-date: /home/sarthak/precise_docking_ws/install/norlab_icp_mapper_ros/local/lib/python3.10/dist-packages/norlab_icp_mapper_ros/srv/_save_trajectory_s.c
[7.565s] -- Up-to-date: /home/sarthak/precise_docking_ws/install/norlab_icp_mapper_ros/local/lib/python3.10/dist-packages/norlab_icp_mapper_ros/srv/_save_map_s.c
[7.565s] -- Up-to-date: /home/sarthak/precise_docking_ws/install/norlab_icp_mapper_ros/local/lib/python3.10/dist-packages/norlab_icp_mapper_ros/srv/_save_trajectory.py
[7.565s] -- Up-to-date: /home/sarthak/precise_docking_ws/install/norlab_icp_mapper_ros/local/lib/python3.10/dist-packages/norlab_icp_mapper_ros/srv/__init__.py
[7.565s] -- Up-to-date: /home/sarthak/precise_docking_ws/install/norlab_icp_mapper_ros/local/lib/python3.10/dist-packages/norlab_icp_mapper_ros/srv/_load_map.py
[7.565s] -- Up-to-date: /home/sarthak/precise_docking_ws/install/norlab_icp_mapper_ros/local/lib/python3.10/dist-packages/norlab_icp_mapper_ros/srv/_load_map_s.c
[7.565s] -- Up-to-date: /home/sarthak/precise_docking_ws/install/norlab_icp_mapper_ros/local/lib/python3.10/dist-packages/norlab_icp_mapper_ros/srv/_save_map.py
[7.565s] -- Up-to-date: /home/sarthak/precise_docking_ws/install/norlab_icp_mapper_ros/local/lib/python3.10/dist-packages/norlab_icp_mapper_ros/norlab_icp_mapper_ros_s__rosidl_typesupport_c.cpython-310-x86_64-linux-gnu.so
[7.565s] -- Up-to-date: /home/sarthak/precise_docking_ws/install/norlab_icp_mapper_ros/local/lib/python3.10/dist-packages/norlab_icp_mapper_ros/libnorlab_icp_mapper_ros__rosidl_generator_py.so
[7.565s] -- Up-to-date: /home/sarthak/precise_docking_ws/install/norlab_icp_mapper_ros/local/lib/python3.10/dist-packages/norlab_icp_mapper_ros/_norlab_icp_mapper_ros_s.ep.rosidl_typesupport_fastrtps_c.c
[7.591s] Listing '/home/sarthak/precise_docking_ws/install/norlab_icp_mapper_ros/local/lib/python3.10/dist-packages/norlab_icp_mapper_ros'...
[7.591s] Listing '/home/sarthak/precise_docking_ws/install/norlab_icp_mapper_ros/local/lib/python3.10/dist-packages/norlab_icp_mapper_ros/srv'...
[7.595s] -- Up-to-date: /home/sarthak/precise_docking_ws/install/norlab_icp_mapper_ros/local/lib/python3.10/dist-packages/norlab_icp_mapper_ros/norlab_icp_mapper_ros_s__rosidl_typesupport_fastrtps_c.cpython-310-x86_64-linux-gnu.so
[7.595s] -- Up-to-date: /home/sarthak/precise_docking_ws/install/norlab_icp_mapper_ros/local/lib/python3.10/dist-packages/norlab_icp_mapper_ros/norlab_icp_mapper_ros_s__rosidl_typesupport_introspection_c.cpython-310-x86_64-linux-gnu.so
[7.596s] -- Up-to-date: /home/sarthak/precise_docking_ws/install/norlab_icp_mapper_ros/local/lib/python3.10/dist-packages/norlab_icp_mapper_ros/norlab_icp_mapper_ros_s__rosidl_typesupport_c.cpython-310-x86_64-linux-gnu.so
[7.596s] -- Up-to-date: /home/sarthak/precise_docking_ws/install/norlab_icp_mapper_ros/lib/libnorlab_icp_mapper_ros__rosidl_generator_py.so
[7.596s] -- Up-to-date: /home/sarthak/precise_docking_ws/install/norlab_icp_mapper_ros/share/norlab_icp_mapper_ros/srv/SaveTrajectory.idl
[7.596s] -- Up-to-date: /home/sarthak/precise_docking_ws/install/norlab_icp_mapper_ros/share/norlab_icp_mapper_ros/srv/SaveMap.idl
[7.596s] -- Up-to-date: /home/sarthak/precise_docking_ws/install/norlab_icp_mapper_ros/share/norlab_icp_mapper_ros/srv/LoadMap.idl
[7.596s] -- Up-to-date: /home/sarthak/precise_docking_ws/install/norlab_icp_mapper_ros/share/norlab_icp_mapper_ros/srv/SaveTrajectory.srv
[7.597s] -- Up-to-date: /home/sarthak/precise_docking_ws/install/norlab_icp_mapper_ros/share/norlab_icp_mapper_ros/srv/SaveTrajectory_Request.msg
[7.597s] -- Up-to-date: /home/sarthak/precise_docking_ws/install/norlab_icp_mapper_ros/share/norlab_icp_mapper_ros/srv/SaveTrajectory_Response.msg
[7.597s] -- Up-to-date: /home/sarthak/precise_docking_ws/install/norlab_icp_mapper_ros/share/norlab_icp_mapper_ros/srv/SaveMap.srv
[7.597s] -- Up-to-date: /home/sarthak/precise_docking_ws/install/norlab_icp_mapper_ros/share/norlab_icp_mapper_ros/srv/SaveMap_Request.msg
[7.597s] -- Up-to-date: /home/sarthak/precise_docking_ws/install/norlab_icp_mapper_ros/share/norlab_icp_mapper_ros/srv/SaveMap_Response.msg
[7.597s] -- Up-to-date: /home/sarthak/precise_docking_ws/install/norlab_icp_mapper_ros/share/norlab_icp_mapper_ros/srv/LoadMap.srv
[7.597s] -- Up-to-date: /home/sarthak/precise_docking_ws/install/norlab_icp_mapper_ros/share/norlab_icp_mapper_ros/srv/LoadMap_Request.msg
[7.597s] -- Up-to-date: /home/sarthak/precise_docking_ws/install/norlab_icp_mapper_ros/share/norlab_icp_mapper_ros/srv/LoadMap_Response.msg
[7.597s] -- Installing: /home/sarthak/precise_docking_ws/install/norlab_icp_mapper_ros/lib/norlab_icp_mapper_ros/mapper_node
[7.612s] -- Set runtime path of "/home/sarthak/precise_docking_ws/install/norlab_icp_mapper_ros/lib/norlab_icp_mapper_ros/mapper_node" to ""
[7.612s] -- Up-to-date: /home/sarthak/precise_docking_ws/install/norlab_icp_mapper_ros/share/ament_index/resource_index/package_run_dependencies/norlab_icp_mapper_ros
[7.613s] -- Up-to-date: /home/sarthak/precise_docking_ws/install/norlab_icp_mapper_ros/share/ament_index/resource_index/parent_prefix_path/norlab_icp_mapper_ros
[7.613s] -- Up-to-date: /home/sarthak/precise_docking_ws/install/norlab_icp_mapper_ros/share/norlab_icp_mapper_ros/environment/ament_prefix_path.sh
[7.614s] -- Up-to-date: /home/sarthak/precise_docking_ws/install/norlab_icp_mapper_ros/share/norlab_icp_mapper_ros/environment/ament_prefix_path.dsv
[7.614s] -- Up-to-date: /home/sarthak/precise_docking_ws/install/norlab_icp_mapper_ros/share/norlab_icp_mapper_ros/environment/path.sh
[7.615s] -- Up-to-date: /home/sarthak/precise_docking_ws/install/norlab_icp_mapper_ros/share/norlab_icp_mapper_ros/environment/path.dsv
[7.615s] -- Up-to-date: /home/sarthak/precise_docking_ws/install/norlab_icp_mapper_ros/share/norlab_icp_mapper_ros/local_setup.bash
[7.615s] -- Up-to-date: /home/sarthak/precise_docking_ws/install/norlab_icp_mapper_ros/share/norlab_icp_mapper_ros/local_setup.sh
[7.616s] -- Up-to-date: /home/sarthak/precise_docking_ws/install/norlab_icp_mapper_ros/share/norlab_icp_mapper_ros/local_setup.zsh
[7.616s] -- Up-to-date: /home/sarthak/precise_docking_ws/install/norlab_icp_mapper_ros/share/norlab_icp_mapper_ros/local_setup.dsv
[7.616s] -- Installing: /home/sarthak/precise_docking_ws/install/norlab_icp_mapper_ros/share/norlab_icp_mapper_ros/package.dsv
[7.616s] -- Up-to-date: /home/sarthak/precise_docking_ws/install/norlab_icp_mapper_ros/share/ament_index/resource_index/packages/norlab_icp_mapper_ros
[7.616s] -- Up-to-date: /home/sarthak/precise_docking_ws/install/norlab_icp_mapper_ros/share/norlab_icp_mapper_ros/cmake/export_norlab_icp_mapper_ros__rosidl_generator_cExport.cmake
[7.617s] -- Up-to-date: /home/sarthak/precise_docking_ws/install/norlab_icp_mapper_ros/share/norlab_icp_mapper_ros/cmake/export_norlab_icp_mapper_ros__rosidl_generator_cExport-release.cmake
[7.617s] -- Up-to-date: /home/sarthak/precise_docking_ws/install/norlab_icp_mapper_ros/share/norlab_icp_mapper_ros/cmake/export_norlab_icp_mapper_ros__rosidl_typesupport_fastrtps_cExport.cmake
[7.617s] -- Up-to-date: /home/sarthak/precise_docking_ws/install/norlab_icp_mapper_ros/share/norlab_icp_mapper_ros/cmake/export_norlab_icp_mapper_ros__rosidl_typesupport_fastrtps_cExport-release.cmake
[7.617s] -- Up-to-date: /home/sarthak/precise_docking_ws/install/norlab_icp_mapper_ros/share/norlab_icp_mapper_ros/cmake/export_norlab_icp_mapper_ros__rosidl_generator_cppExport.cmake
[7.617s] -- Up-to-date: /home/sarthak/precise_docking_ws/install/norlab_icp_mapper_ros/share/norlab_icp_mapper_ros/cmake/export_norlab_icp_mapper_ros__rosidl_typesupport_fastrtps_cppExport.cmake
[7.617s] -- Up-to-date: /home/sarthak/precise_docking_ws/install/norlab_icp_mapper_ros/share/norlab_icp_mapper_ros/cmake/export_norlab_icp_mapper_ros__rosidl_typesupport_fastrtps_cppExport-release.cmake
[7.617s] -- Up-to-date: /home/sarthak/precise_docking_ws/install/norlab_icp_mapper_ros/share/norlab_icp_mapper_ros/cmake/norlab_icp_mapper_ros__rosidl_typesupport_introspection_cExport.cmake
[7.618s] -- Up-to-date: /home/sarthak/precise_docking_ws/install/norlab_icp_mapper_ros/share/norlab_icp_mapper_ros/cmake/norlab_icp_mapper_ros__rosidl_typesupport_introspection_cExport-release.cmake
[7.618s] -- Up-to-date: /home/sarthak/precise_docking_ws/install/norlab_icp_mapper_ros/share/norlab_icp_mapper_ros/cmake/norlab_icp_mapper_ros__rosidl_typesupport_cExport.cmake
[7.618s] -- Up-to-date: /home/sarthak/precise_docking_ws/install/norlab_icp_mapper_ros/share/norlab_icp_mapper_ros/cmake/norlab_icp_mapper_ros__rosidl_typesupport_cExport-release.cmake
[7.618s] -- Up-to-date: /home/sarthak/precise_docking_ws/install/norlab_icp_mapper_ros/share/norlab_icp_mapper_ros/cmake/norlab_icp_mapper_ros__rosidl_typesupport_introspection_cppExport.cmake
[7.618s] -- Up-to-date: /home/sarthak/precise_docking_ws/install/norlab_icp_mapper_ros/share/norlab_icp_mapper_ros/cmake/norlab_icp_mapper_ros__rosidl_typesupport_introspection_cppExport-release.cmake
[7.619s] -- Up-to-date: /home/sarthak/precise_docking_ws/install/norlab_icp_mapper_ros/share/norlab_icp_mapper_ros/cmake/norlab_icp_mapper_ros__rosidl_typesupport_cppExport.cmake
[7.619s] -- Up-to-date: /home/sarthak/precise_docking_ws/install/norlab_icp_mapper_ros/share/norlab_icp_mapper_ros/cmake/norlab_icp_mapper_ros__rosidl_typesupport_cppExport-release.cmake
[7.619s] -- Up-to-date: /home/sarthak/precise_docking_ws/install/norlab_icp_mapper_ros/share/norlab_icp_mapper_ros/cmake/export_norlab_icp_mapper_ros__rosidl_generator_pyExport.cmake
[7.619s] -- Up-to-date: /home/sarthak/precise_docking_ws/install/norlab_icp_mapper_ros/share/norlab_icp_mapper_ros/cmake/export_norlab_icp_mapper_ros__rosidl_generator_pyExport-release.cmake
[7.620s] -- Up-to-date: /home/sarthak/precise_docking_ws/install/norlab_icp_mapper_ros/share/norlab_icp_mapper_ros/cmake/rosidl_cmake-extras.cmake
[7.621s] -- Up-to-date: /home/sarthak/precise_docking_ws/install/norlab_icp_mapper_ros/share/norlab_icp_mapper_ros/cmake/ament_cmake_export_dependencies-extras.cmake
[7.621s] -- Up-to-date: /home/sarthak/precise_docking_ws/install/norlab_icp_mapper_ros/share/norlab_icp_mapper_ros/cmake/ament_cmake_export_include_directories-extras.cmake
[7.622s] -- Up-to-date: /home/sarthak/precise_docking_ws/install/norlab_icp_mapper_ros/share/norlab_icp_mapper_ros/cmake/ament_cmake_export_libraries-extras.cmake
[7.622s] -- Up-to-date: /home/sarthak/precise_docking_ws/install/norlab_icp_mapper_ros/share/norlab_icp_mapper_ros/cmake/ament_cmake_export_targets-extras.cmake
[7.623s] -- Up-to-date: /home/sarthak/precise_docking_ws/install/norlab_icp_mapper_ros/share/norlab_icp_mapper_ros/cmake/rosidl_cmake_export_typesupport_targets-extras.cmake
[7.623s] -- Up-to-date: /home/sarthak/precise_docking_ws/install/norlab_icp_mapper_ros/share/norlab_icp_mapper_ros/cmake/rosidl_cmake_export_typesupport_libraries-extras.cmake
[7.623s] -- Up-to-date: /home/sarthak/precise_docking_ws/install/norlab_icp_mapper_ros/share/norlab_icp_mapper_ros/cmake/norlab_icp_mapper_rosConfig.cmake
[7.623s] -- Up-to-date: /home/sarthak/precise_docking_ws/install/norlab_icp_mapper_ros/share/norlab_icp_mapper_ros/cmake/norlab_icp_mapper_rosConfig-version.cmake
[7.623s] -- Up-to-date: /home/sarthak/precise_docking_ws/install/norlab_icp_mapper_ros/share/norlab_icp_mapper_ros/package.xml
[7.623s] Invoked command in '/home/sarthak/precise_docking_ws/build/norlab_icp_mapper_ros' returned '0': CMAKE_PREFIX_PATH=/home/sarthak/precise_docking_ws/install/libpointmatcher_ros:/home/sarthak/precise_docking_ws/install/norlab_icp_mapper_ros:/home/sarthak/precise_docking_ws/install/norlab_icp_mapper:/home/sarthak/precise_docking_ws/install/norlab_icp_mapper/lib/cmake:/home/sarthak/precise_docking_ws/install/frontend:/home/sarthak/precise_docking_ws/install/docking_bringup:/home/sarthak/precise_docking_ws/install/template_ros2:/home/sarthak/precise_docking_ws/install/reach_the_goal:/home/sarthak/precise_docking_ws/install/arcuo_marker_detection:/opt/ros/humble /usr/bin/cmake --install /home/sarthak/precise_docking_ws/build/norlab_icp_mapper_ros
