[0.889s] Invoking command in '/home/sarthak/precise_docking_ws/src/active_localization': PYTHONPATH=/home/sarthak/precise_docking_ws/build/active_localization/prefix_override:/home/sarthak/.local/lib/python3.10/site-packages/colcon_core/task/python/colcon_distutils_commands:/home/sarthak/precise_docking_ws/install/active_localization/lib/python3.10/site-packages:${PYTHONPATH} /usr/bin/python3 -W ignore:setup.py install is deprecated setup.py egg_info --egg-base ../../build/active_localization build --build-base /home/sarthak/precise_docking_ws/build/active_localization/build install --record /home/sarthak/precise_docking_ws/build/active_localization/install.log --single-version-externally-managed install_data
[1.036s] /home/sarthak/.local/lib/python3.10/site-packages/setuptools/_distutils/dist.py:261: UserWarning: Unknown distribution option: 'tests_require'
[1.036s]   warnings.warn(msg)
[1.183s] running egg_info
[1.202s] writing ../../build/active_localization/active_localization.egg-info/PKG-INFO
[1.203s] writing dependency_links to ../../build/active_localization/active_localization.egg-info/dependency_links.txt
[1.204s] writing entry points to ../../build/active_localization/active_localization.egg-info/entry_points.txt
[1.205s] writing requirements to ../../build/active_localization/active_localization.egg-info/requires.txt
[1.205s] writing top-level names to ../../build/active_localization/active_localization.egg-info/top_level.txt
[2.442s] writing manifest file '../../build/active_localization/active_localization.egg-info/SOURCES.txt'
[2.443s] running build
[2.443s] running build_py
[2.443s] copying active_localization/__init__.py -> /home/sarthak/precise_docking_ws/build/active_localization/build/lib/active_localization
[2.443s] copying active_localization/frontier_detection.py -> /home/sarthak/precise_docking_ws/build/active_localization/build/lib/active_localization
[2.443s] copying active_localization/localization.py -> /home/sarthak/precise_docking_ws/build/active_localization/build/lib/active_localization
[2.444s] copying active_localization/path_to_goal.py -> /home/sarthak/precise_docking_ws/build/active_localization/build/lib/active_localization
[2.444s] copying active_localization/local_map.py -> /home/sarthak/precise_docking_ws/build/active_localization/build/lib/active_localization
[2.444s] copying active_localization/next_best_view.py -> /home/sarthak/precise_docking_ws/build/active_localization/build/lib/active_localization
[2.444s] copying active_localization/pf_localisation/pf_base.py -> /home/sarthak/precise_docking_ws/build/active_localization/build/lib/active_localization/pf_localisation
[2.444s] copying active_localization/pf_localisation/sensor_model.py -> /home/sarthak/precise_docking_ws/build/active_localization/build/lib/active_localization/pf_localisation
[2.445s] running install
[2.457s] running install_lib
[2.476s] copying /home/sarthak/precise_docking_ws/build/active_localization/build/lib/active_localization/localization.py -> /home/sarthak/precise_docking_ws/install/active_localization/lib/python3.10/site-packages/active_localization
[2.476s] byte-compiling /home/sarthak/precise_docking_ws/install/active_localization/lib/python3.10/site-packages/active_localization/localization.py to localization.cpython-310.pyc
[2.478s] running install_data
[2.479s] copying resource/active_localization -> /home/sarthak/precise_docking_ws/install/active_localization/share/ament_index/resource_index/packages
[2.479s] copying package.xml -> /home/sarthak/precise_docking_ws/install/active_localization/share/active_localization
[2.479s] running install_egg_info
[2.501s] removing '/home/sarthak/precise_docking_ws/install/active_localization/lib/python3.10/site-packages/active_localization-0.0.0-py3.10.egg-info' (and everything under it)
[2.501s] Copying ../../build/active_localization/active_localization.egg-info to /home/sarthak/precise_docking_ws/install/active_localization/lib/python3.10/site-packages/active_localization-0.0.0-py3.10.egg-info
[2.503s] running install_scripts
[2.645s] Installing frontier_detection script to /home/sarthak/precise_docking_ws/install/active_localization/lib/active_localization
[2.645s] Installing local_map_node script to /home/sarthak/precise_docking_ws/install/active_localization/lib/active_localization
[2.645s] Installing localization script to /home/sarthak/precise_docking_ws/install/active_localization/lib/active_localization
[2.645s] Installing path_to_goal script to /home/sarthak/precise_docking_ws/install/active_localization/lib/active_localization
[2.645s] writing list of installed files to '/home/sarthak/precise_docking_ws/build/active_localization/install.log'
[2.708s] Invoked command in '/home/sarthak/precise_docking_ws/src/active_localization' returned '0': PYTHONPATH=/home/sarthak/precise_docking_ws/build/active_localization/prefix_override:/home/sarthak/.local/lib/python3.10/site-packages/colcon_core/task/python/colcon_distutils_commands:/home/sarthak/precise_docking_ws/install/active_localization/lib/python3.10/site-packages:${PYTHONPATH} /usr/bin/python3 -W ignore:setup.py install is deprecated setup.py egg_info --egg-base ../../build/active_localization build --build-base /home/sarthak/precise_docking_ws/build/active_localization/build install --record /home/sarthak/precise_docking_ws/build/active_localization/install.log --single-version-externally-managed install_data
