[2.161s] Invoking command in '/home/sarthak/precise_docking_ws/src/active_localization': PYTHONPATH=/home/sarthak/precise_docking_ws/build/active_localization/prefix_override:/home/sarthak/.local/lib/python3.10/site-packages/colcon_core/task/python/colcon_distutils_commands:/home/sarthak/precise_docking_ws/install/active_localization/lib/python3.10/site-packages:${PYTHONPATH} ROS_DOMAIN_ID=228 /usr/bin/python3 -W ignore:setup.py install is deprecated setup.py egg_info --egg-base ../../build/active_localization build --build-base /home/sarthak/precise_docking_ws/build/active_localization/build install --record /home/sarthak/precise_docking_ws/build/active_localization/install.log --single-version-externally-managed install_data
[2.394s] /home/sarthak/.local/lib/python3.10/site-packages/setuptools/_distutils/dist.py:261: UserWarning: Unknown distribution option: 'tests_require'
[2.394s]   warnings.warn(msg)
[2.634s] running egg_info
[2.667s] writing ../../build/active_localization/active_localization.egg-info/PKG-INFO
[2.668s] writing dependency_links to ../../build/active_localization/active_localization.egg-info/dependency_links.txt
[2.668s] writing entry points to ../../build/active_localization/active_localization.egg-info/entry_points.txt
[2.668s] writing requirements to ../../build/active_localization/active_localization.egg-info/requires.txt
[2.668s] writing top-level names to ../../build/active_localization/active_localization.egg-info/top_level.txt
[3.872s] reading manifest file '../../build/active_localization/active_localization.egg-info/SOURCES.txt'
[3.874s] writing manifest file '../../build/active_localization/active_localization.egg-info/SOURCES.txt'
[3.874s] running build
[3.874s] running build_py
[3.874s] copying active_localization/__init__.py -> /home/sarthak/precise_docking_ws/build/active_localization/build/lib/active_localization
[3.874s] copying active_localization/local_map_check.py -> /home/sarthak/precise_docking_ws/build/active_localization/build/lib/active_localization
[3.874s] copying active_localization/local_map.py -> /home/sarthak/precise_docking_ws/build/active_localization/build/lib/active_localization
[3.875s] running install
[3.880s] running install_lib
[3.906s] copying /home/sarthak/precise_docking_ws/build/active_localization/build/lib/active_localization/local_map_check.py -> /home/sarthak/precise_docking_ws/install/active_localization/lib/python3.10/site-packages/active_localization
[3.907s] byte-compiling /home/sarthak/precise_docking_ws/install/active_localization/lib/python3.10/site-packages/active_localization/local_map_check.py to local_map_check.cpython-310.pyc
[3.908s] running install_data
[3.908s] copying resource/active_localization -> /home/sarthak/precise_docking_ws/install/active_localization/share/ament_index/resource_index/packages
[3.908s] copying package.xml -> /home/sarthak/precise_docking_ws/install/active_localization/share/active_localization
[3.909s] running install_egg_info
[3.928s] removing '/home/sarthak/precise_docking_ws/install/active_localization/lib/python3.10/site-packages/active_localization-0.0.0-py3.10.egg-info' (and everything under it)
[3.929s] Copying ../../build/active_localization/active_localization.egg-info to /home/sarthak/precise_docking_ws/install/active_localization/lib/python3.10/site-packages/active_localization-0.0.0-py3.10.egg-info
[3.929s] running install_scripts
[4.055s] Installing active_localization_node script to /home/sarthak/precise_docking_ws/install/active_localization/lib/active_localization
[4.055s] Installing active_node script to /home/sarthak/precise_docking_ws/install/active_localization/lib/active_localization
[4.056s] writing list of installed files to '/home/sarthak/precise_docking_ws/build/active_localization/install.log'
[4.114s] Invoked command in '/home/sarthak/precise_docking_ws/src/active_localization' returned '0': PYTHONPATH=/home/sarthak/precise_docking_ws/build/active_localization/prefix_override:/home/sarthak/.local/lib/python3.10/site-packages/colcon_core/task/python/colcon_distutils_commands:/home/sarthak/precise_docking_ws/install/active_localization/lib/python3.10/site-packages:${PYTHONPATH} ROS_DOMAIN_ID=228 /usr/bin/python3 -W ignore:setup.py install is deprecated setup.py egg_info --egg-base ../../build/active_localization build --build-base /home/sarthak/precise_docking_ws/build/active_localization/build install --record /home/sarthak/precise_docking_ws/build/active_localization/install.log --single-version-externally-managed install_data
