[0.042s] Invoking command in '/home/sarthak/precise_docking_ws/build/frontend': CMAKE_PREFIX_PATH=${CMAKE_PREFIX_PATH}:/home/sarthak/precise_docking_ws/install/template_ros2:/home/sarthak/precise_docking_ws/install/reach_the_goal:/home/sarthak/precise_docking_ws/install/arcuo_marker_detection:/opt/ros/humble /usr/bin/cmake --build /home/sarthak/precise_docking_ws/build/frontend -- -j20 -l20
[0.322s] [  0%] Built target ament_cmake_python_copy_frontend
[0.342s] [ 50%] Built target cpp_executable
[0.424s] [100%] Built target icp_node
[1.496s] running egg_info
[1.498s] writing frontend.egg-info/PKG-INFO
[1.500s] writing dependency_links to frontend.egg-info/dependency_links.txt
[1.500s] writing top-level names to frontend.egg-info/top_level.txt
[1.508s] reading manifest file 'frontend.egg-info/SOURCES.txt'
[1.510s] writing manifest file 'frontend.egg-info/SOURCES.txt'
[1.616s] [100%] Built target ament_cmake_python_build_frontend_egg
[1.649s] Invoked command in '/home/sarthak/precise_docking_ws/build/frontend' returned '0': CMAKE_PREFIX_PATH=${CMAKE_PREFIX_PATH}:/home/sarthak/precise_docking_ws/install/template_ros2:/home/sarthak/precise_docking_ws/install/reach_the_goal:/home/sarthak/precise_docking_ws/install/arcuo_marker_detection:/opt/ros/humble /usr/bin/cmake --build /home/sarthak/precise_docking_ws/build/frontend -- -j20 -l20
[1.775s] Invoking command in '/home/sarthak/precise_docking_ws/build/frontend': CMAKE_PREFIX_PATH=${CMAKE_PREFIX_PATH}:/home/sarthak/precise_docking_ws/install/template_ros2:/home/sarthak/precise_docking_ws/install/reach_the_goal:/home/sarthak/precise_docking_ws/install/arcuo_marker_detection:/opt/ros/humble /usr/bin/cmake --install /home/sarthak/precise_docking_ws/build/frontend
[1.799s] -- Install configuration: ""
[1.800s] -- Up-to-date: /home/sarthak/precise_docking_ws/install/frontend/lib/frontend/cpp_executable
[1.802s] -- Up-to-date: /home/sarthak/precise_docking_ws/install/frontend/lib/frontend/icp_node
[1.803s] -- Up-to-date: /home/sarthak/precise_docking_ws/install/frontend/share/frontend/environment/pythonpath.sh
[1.804s] -- Up-to-date: /home/sarthak/precise_docking_ws/install/frontend/share/frontend/environment/pythonpath.dsv
[1.804s] -- Up-to-date: /home/sarthak/precise_docking_ws/install/frontend/local/lib/python3.10/dist-packages/frontend-0.0.0-py3.10.egg-info
[1.804s] -- Installing: /home/sarthak/precise_docking_ws/install/frontend/local/lib/python3.10/dist-packages/frontend-0.0.0-py3.10.egg-info/top_level.txt
[1.805s] -- Installing: /home/sarthak/precise_docking_ws/install/frontend/local/lib/python3.10/dist-packages/frontend-0.0.0-py3.10.egg-info/SOURCES.txt
[1.805s] -- Installing: /home/sarthak/precise_docking_ws/install/frontend/local/lib/python3.10/dist-packages/frontend-0.0.0-py3.10.egg-info/PKG-INFO
[1.805s] -- Installing: /home/sarthak/precise_docking_ws/install/frontend/local/lib/python3.10/dist-packages/frontend-0.0.0-py3.10.egg-info/dependency_links.txt
[1.806s] -- Up-to-date: /home/sarthak/precise_docking_ws/install/frontend/local/lib/python3.10/dist-packages/frontend
[1.806s] -- Up-to-date: /home/sarthak/precise_docking_ws/install/frontend/local/lib/python3.10/dist-packages/frontend/__init__.py
[1.806s] -- Up-to-date: /home/sarthak/precise_docking_ws/install/frontend/local/lib/python3.10/dist-packages/frontend/module_to_import.py
[1.951s] Listing '/home/sarthak/precise_docking_ws/install/frontend/local/lib/python3.10/dist-packages/frontend'...
[1.966s] -- Up-to-date: /home/sarthak/precise_docking_ws/install/frontend/lib/frontend/py_node.py
[1.966s] -- Installing: /home/sarthak/precise_docking_ws/install/frontend/lib/frontend/main.py
[1.967s] -- Up-to-date: /home/sarthak/precise_docking_ws/install/frontend/lib/frontend/laser_scan.py
[1.967s] -- Up-to-date: /home/sarthak/precise_docking_ws/install/frontend/lib/frontend/odom_to_map.py
[1.968s] -- Up-to-date: /home/sarthak/precise_docking_ws/install/frontend/lib/frontend/scan_to_map.py
[1.969s] -- Up-to-date: /home/sarthak/precise_docking_ws/install/frontend/lib/frontend/map_create.py
[1.969s] -- Up-to-date: /home/sarthak/precise_docking_ws/install/frontend/share/ament_index/resource_index/package_run_dependencies/frontend
[1.969s] -- Up-to-date: /home/sarthak/precise_docking_ws/install/frontend/share/ament_index/resource_index/parent_prefix_path/frontend
[1.970s] -- Up-to-date: /home/sarthak/precise_docking_ws/install/frontend/share/frontend/environment/ament_prefix_path.sh
[1.972s] -- Up-to-date: /home/sarthak/precise_docking_ws/install/frontend/share/frontend/environment/ament_prefix_path.dsv
[1.972s] -- Up-to-date: /home/sarthak/precise_docking_ws/install/frontend/share/frontend/environment/path.sh
[1.972s] -- Up-to-date: /home/sarthak/precise_docking_ws/install/frontend/share/frontend/environment/path.dsv
[1.973s] -- Up-to-date: /home/sarthak/precise_docking_ws/install/frontend/share/frontend/local_setup.bash
[1.973s] -- Up-to-date: /home/sarthak/precise_docking_ws/install/frontend/share/frontend/local_setup.sh
[1.974s] -- Up-to-date: /home/sarthak/precise_docking_ws/install/frontend/share/frontend/local_setup.zsh
[1.974s] -- Up-to-date: /home/sarthak/precise_docking_ws/install/frontend/share/frontend/local_setup.dsv
[1.974s] -- Installing: /home/sarthak/precise_docking_ws/install/frontend/share/frontend/package.dsv
[1.975s] -- Up-to-date: /home/sarthak/precise_docking_ws/install/frontend/share/ament_index/resource_index/packages/frontend
[1.975s] -- Up-to-date: /home/sarthak/precise_docking_ws/install/frontend/share/frontend/cmake/frontendConfig.cmake
[1.975s] -- Up-to-date: /home/sarthak/precise_docking_ws/install/frontend/share/frontend/cmake/frontendConfig-version.cmake
[1.976s] -- Up-to-date: /home/sarthak/precise_docking_ws/install/frontend/share/frontend/package.xml
[1.982s] Invoked command in '/home/sarthak/precise_docking_ws/build/frontend' returned '0': CMAKE_PREFIX_PATH=${CMAKE_PREFIX_PATH}:/home/sarthak/precise_docking_ws/install/template_ros2:/home/sarthak/precise_docking_ws/install/reach_the_goal:/home/sarthak/precise_docking_ws/install/arcuo_marker_detection:/opt/ros/humble /usr/bin/cmake --install /home/sarthak/precise_docking_ws/build/frontend
