[ 10%] Built target norlab_icp_mapper_ros__rosidl_generator_c
[ 12%] Built target norlab_icp_mapper_ros__cpp
[ 12%] Built target ament_cmake_python_copy_norlab_icp_mapper_ros
[ 22%] Built target norlab_icp_mapper_ros__rosidl_typesupport_c
[ 32%] Built target norlab_icp_mapper_ros__rosidl_typesupport_fastrtps_c
[ 42%] Built target norlab_icp_mapper_ros__rosidl_typesupport_introspection_c
[ 52%] Built target norlab_icp_mapper_ros__rosidl_typesupport_introspection_cpp
[ 62%] Built target norlab_icp_mapper_ros__rosidl_typesupport_fastrtps_cpp
[ 72%] Built target norlab_icp_mapper_ros__rosidl_typesupport_cpp
[35m[1mConsolidate compiler generated dependencies of target mapper_node[0m
[ 72%] Built target norlab_icp_mapper_ros
[ 74%] Built target norlab_icp_mapper_ros__py
[ 80%] Built target mapper_node
[ 88%] Built target norlab_icp_mapper_ros__rosidl_generator_py
[ 92%] Built target norlab_icp_mapper_ros__rosidl_typesupport_fastrtps_c__pyext
[ 96%] Built target norlab_icp_mapper_ros__rosidl_typesupport_introspection_c__pyext
[100%] Built target norlab_icp_mapper_ros__rosidl_typesupport_c__pyext
running egg_info
writing norlab_icp_mapper_ros.egg-info/PKG-INFO
writing dependency_links to norlab_icp_mapper_ros.egg-info/dependency_links.txt
writing top-level names to norlab_icp_mapper_ros.egg-info/top_level.txt
reading manifest file 'norlab_icp_mapper_ros.egg-info/SOURCES.txt'
writing manifest file 'norlab_icp_mapper_ros.egg-info/SOURCES.txt'
[100%] Built target ament_cmake_python_build_norlab_icp_mapper_ros_egg
-- Install configuration: "Release"
-- Up-to-date: /home/sarthak/precise_docking_ws/install/norlab_icp_mapper_ros/share/ament_index/resource_index/rosidl_interfaces/norlab_icp_mapper_ros
-- Up-to-date: /home/sarthak/precise_docking_ws/install/norlab_icp_mapper_ros/include/norlab_icp_mapper_ros/norlab_icp_mapper_ros
-- Up-to-date: /home/sarthak/precise_docking_ws/install/norlab_icp_mapper_ros/include/norlab_icp_mapper_ros/norlab_icp_mapper_ros/srv
-- Up-to-date: /home/sarthak/precise_docking_ws/install/norlab_icp_mapper_ros/include/norlab_icp_mapper_ros/norlab_icp_mapper_ros/srv/save_map.h
-- Up-to-date: /home/sarthak/precise_docking_ws/install/norlab_icp_mapper_ros/include/norlab_icp_mapper_ros/norlab_icp_mapper_ros/srv/save_trajectory.h
-- Up-to-date: /home/sarthak/precise_docking_ws/install/norlab_icp_mapper_ros/include/norlab_icp_mapper_ros/norlab_icp_mapper_ros/srv/load_map.h
-- Up-to-date: /home/sarthak/precise_docking_ws/install/norlab_icp_mapper_ros/include/norlab_icp_mapper_ros/norlab_icp_mapper_ros/srv/detail
-- Up-to-date: /home/sarthak/precise_docking_ws/install/norlab_icp_mapper_ros/include/norlab_icp_mapper_ros/norlab_icp_mapper_ros/srv/detail/load_map__functions.h
-- Up-to-date: /home/sarthak/precise_docking_ws/install/norlab_icp_mapper_ros/include/norlab_icp_mapper_ros/norlab_icp_mapper_ros/srv/detail/load_map__functions.c
-- Up-to-date: /home/sarthak/precise_docking_ws/install/norlab_icp_mapper_ros/include/norlab_icp_mapper_ros/norlab_icp_mapper_ros/srv/detail/save_map__functions.c
-- Up-to-date: /home/sarthak/precise_docking_ws/install/norlab_icp_mapper_ros/include/norlab_icp_mapper_ros/norlab_icp_mapper_ros/srv/detail/save_trajectory__functions.c
-- Up-to-date: /home/sarthak/precise_docking_ws/install/norlab_icp_mapper_ros/include/norlab_icp_mapper_ros/norlab_icp_mapper_ros/srv/detail/load_map__struct.h
-- Up-to-date: /home/sarthak/precise_docking_ws/install/norlab_icp_mapper_ros/include/norlab_icp_mapper_ros/norlab_icp_mapper_ros/srv/detail/load_map__type_support.h
-- Up-to-date: /home/sarthak/precise_docking_ws/install/norlab_icp_mapper_ros/include/norlab_icp_mapper_ros/norlab_icp_mapper_ros/srv/detail/save_trajectory__type_support.h
-- Up-to-date: /home/sarthak/precise_docking_ws/install/norlab_icp_mapper_ros/include/norlab_icp_mapper_ros/norlab_icp_mapper_ros/srv/detail/save_trajectory__struct.h
-- Up-to-date: /home/sarthak/precise_docking_ws/install/norlab_icp_mapper_ros/include/norlab_icp_mapper_ros/norlab_icp_mapper_ros/srv/detail/save_trajectory__functions.h
-- Up-to-date: /home/sarthak/precise_docking_ws/install/norlab_icp_mapper_ros/include/norlab_icp_mapper_ros/norlab_icp_mapper_ros/srv/detail/save_map__struct.h
-- Up-to-date: /home/sarthak/precise_docking_ws/install/norlab_icp_mapper_ros/include/norlab_icp_mapper_ros/norlab_icp_mapper_ros/srv/detail/save_map__functions.h
-- Up-to-date: /home/sarthak/precise_docking_ws/install/norlab_icp_mapper_ros/include/norlab_icp_mapper_ros/norlab_icp_mapper_ros/srv/detail/save_map__type_support.h
-- Up-to-date: /home/sarthak/precise_docking_ws/install/norlab_icp_mapper_ros/include/norlab_icp_mapper_ros/norlab_icp_mapper_ros/msg
-- Up-to-date: /home/sarthak/precise_docking_ws/install/norlab_icp_mapper_ros/include/norlab_icp_mapper_ros/norlab_icp_mapper_ros/msg/rosidl_generator_c__visibility_control.h
-- Up-to-date: /home/sarthak/precise_docking_ws/install/norlab_icp_mapper_ros/share/norlab_icp_mapper_ros/environment/library_path.sh
-- Up-to-date: /home/sarthak/precise_docking_ws/install/norlab_icp_mapper_ros/share/norlab_icp_mapper_ros/environment/library_path.dsv
-- Up-to-date: /home/sarthak/precise_docking_ws/install/norlab_icp_mapper_ros/lib/libnorlab_icp_mapper_ros__rosidl_generator_c.so
-- Up-to-date: /home/sarthak/precise_docking_ws/install/norlab_icp_mapper_ros/include/norlab_icp_mapper_ros/norlab_icp_mapper_ros
-- Up-to-date: /home/sarthak/precise_docking_ws/install/norlab_icp_mapper_ros/include/norlab_icp_mapper_ros/norlab_icp_mapper_ros/srv
-- Up-to-date: /home/sarthak/precise_docking_ws/install/norlab_icp_mapper_ros/include/norlab_icp_mapper_ros/norlab_icp_mapper_ros/srv/detail
-- Up-to-date: /home/sarthak/precise_docking_ws/install/norlab_icp_mapper_ros/include/norlab_icp_mapper_ros/norlab_icp_mapper_ros/srv/detail/save_trajectory__rosidl_typesupport_fastrtps_c.h
-- Up-to-date: /home/sarthak/precise_docking_ws/install/norlab_icp_mapper_ros/include/norlab_icp_mapper_ros/norlab_icp_mapper_ros/srv/detail/save_map__rosidl_typesupport_fastrtps_c.h
-- Up-to-date: /home/sarthak/precise_docking_ws/install/norlab_icp_mapper_ros/include/norlab_icp_mapper_ros/norlab_icp_mapper_ros/srv/detail/load_map__rosidl_typesupport_fastrtps_c.h
-- Up-to-date: /home/sarthak/precise_docking_ws/install/norlab_icp_mapper_ros/include/norlab_icp_mapper_ros/norlab_icp_mapper_ros/msg
-- Up-to-date: /home/sarthak/precise_docking_ws/install/norlab_icp_mapper_ros/include/norlab_icp_mapper_ros/norlab_icp_mapper_ros/msg/rosidl_typesupport_fastrtps_c__visibility_control.h
-- Up-to-date: /home/sarthak/precise_docking_ws/install/norlab_icp_mapper_ros/lib/libnorlab_icp_mapper_ros__rosidl_typesupport_fastrtps_c.so
-- Up-to-date: /home/sarthak/precise_docking_ws/install/norlab_icp_mapper_ros/include/norlab_icp_mapper_ros/norlab_icp_mapper_ros
-- Up-to-date: /home/sarthak/precise_docking_ws/install/norlab_icp_mapper_ros/include/norlab_icp_mapper_ros/norlab_icp_mapper_ros/srv
-- Up-to-date: /home/sarthak/precise_docking_ws/install/norlab_icp_mapper_ros/include/norlab_icp_mapper_ros/norlab_icp_mapper_ros/srv/save_map.hpp
-- Up-to-date: /home/sarthak/precise_docking_ws/install/norlab_icp_mapper_ros/include/norlab_icp_mapper_ros/norlab_icp_mapper_ros/srv/save_trajectory.hpp
-- Up-to-date: /home/sarthak/precise_docking_ws/install/norlab_icp_mapper_ros/include/norlab_icp_mapper_ros/norlab_icp_mapper_ros/srv/load_map.hpp
-- Up-to-date: /home/sarthak/precise_docking_ws/install/norlab_icp_mapper_ros/include/norlab_icp_mapper_ros/norlab_icp_mapper_ros/srv/detail
-- Up-to-date: /home/sarthak/precise_docking_ws/install/norlab_icp_mapper_ros/include/norlab_icp_mapper_ros/norlab_icp_mapper_ros/srv/detail/load_map__traits.hpp
-- Up-to-date: /home/sarthak/precise_docking_ws/install/norlab_icp_mapper_ros/include/norlab_icp_mapper_ros/norlab_icp_mapper_ros/srv/detail/save_trajectory__struct.hpp
-- Up-to-date: /home/sarthak/precise_docking_ws/install/norlab_icp_mapper_ros/include/norlab_icp_mapper_ros/norlab_icp_mapper_ros/srv/detail/save_map__traits.hpp
-- Up-to-date: /home/sarthak/precise_docking_ws/install/norlab_icp_mapper_ros/include/norlab_icp_mapper_ros/norlab_icp_mapper_ros/srv/detail/save_trajectory__traits.hpp
-- Up-to-date: /home/sarthak/precise_docking_ws/install/norlab_icp_mapper_ros/include/norlab_icp_mapper_ros/norlab_icp_mapper_ros/srv/detail/load_map__builder.hpp
-- Up-to-date: /home/sarthak/precise_docking_ws/install/norlab_icp_mapper_ros/include/norlab_icp_mapper_ros/norlab_icp_mapper_ros/srv/detail/save_map__builder.hpp
-- Up-to-date: /home/sarthak/precise_docking_ws/install/norlab_icp_mapper_ros/include/norlab_icp_mapper_ros/norlab_icp_mapper_ros/srv/detail/save_trajectory__builder.hpp
-- Up-to-date: /home/sarthak/precise_docking_ws/install/norlab_icp_mapper_ros/include/norlab_icp_mapper_ros/norlab_icp_mapper_ros/srv/detail/load_map__struct.hpp
-- Up-to-date: /home/sarthak/precise_docking_ws/install/norlab_icp_mapper_ros/include/norlab_icp_mapper_ros/norlab_icp_mapper_ros/srv/detail/save_map__struct.hpp
-- Up-to-date: /home/sarthak/precise_docking_ws/install/norlab_icp_mapper_ros/include/norlab_icp_mapper_ros/norlab_icp_mapper_ros
-- Up-to-date: /home/sarthak/precise_docking_ws/install/norlab_icp_mapper_ros/include/norlab_icp_mapper_ros/norlab_icp_mapper_ros/srv
-- Up-to-date: /home/sarthak/precise_docking_ws/install/norlab_icp_mapper_ros/include/norlab_icp_mapper_ros/norlab_icp_mapper_ros/srv/detail
-- Up-to-date: /home/sarthak/precise_docking_ws/install/norlab_icp_mapper_ros/include/norlab_icp_mapper_ros/norlab_icp_mapper_ros/srv/detail/load_map__rosidl_typesupport_fastrtps_cpp.hpp
-- Up-to-date: /home/sarthak/precise_docking_ws/install/norlab_icp_mapper_ros/include/norlab_icp_mapper_ros/norlab_icp_mapper_ros/srv/detail/save_trajectory__rosidl_typesupport_fastrtps_cpp.hpp
-- Up-to-date: /home/sarthak/precise_docking_ws/install/norlab_icp_mapper_ros/include/norlab_icp_mapper_ros/norlab_icp_mapper_ros/srv/detail/save_map__rosidl_typesupport_fastrtps_cpp.hpp
-- Up-to-date: /home/sarthak/precise_docking_ws/install/norlab_icp_mapper_ros/include/norlab_icp_mapper_ros/norlab_icp_mapper_ros/srv/detail/dds_fastrtps
-- Up-to-date: /home/sarthak/precise_docking_ws/install/norlab_icp_mapper_ros/include/norlab_icp_mapper_ros/norlab_icp_mapper_ros/msg
-- Up-to-date: /home/sarthak/precise_docking_ws/install/norlab_icp_mapper_ros/include/norlab_icp_mapper_ros/norlab_icp_mapper_ros/msg/rosidl_typesupport_fastrtps_cpp__visibility_control.h
-- Up-to-date: /home/sarthak/precise_docking_ws/install/norlab_icp_mapper_ros/lib/libnorlab_icp_mapper_ros__rosidl_typesupport_fastrtps_cpp.so
-- Up-to-date: /home/sarthak/precise_docking_ws/install/norlab_icp_mapper_ros/include/norlab_icp_mapper_ros/norlab_icp_mapper_ros
-- Up-to-date: /home/sarthak/precise_docking_ws/install/norlab_icp_mapper_ros/include/norlab_icp_mapper_ros/norlab_icp_mapper_ros/srv
-- Up-to-date: /home/sarthak/precise_docking_ws/install/norlab_icp_mapper_ros/include/norlab_icp_mapper_ros/norlab_icp_mapper_ros/srv/detail
-- Up-to-date: /home/sarthak/precise_docking_ws/install/norlab_icp_mapper_ros/include/norlab_icp_mapper_ros/norlab_icp_mapper_ros/srv/detail/save_trajectory__type_support.c
-- Up-to-date: /home/sarthak/precise_docking_ws/install/norlab_icp_mapper_ros/include/norlab_icp_mapper_ros/norlab_icp_mapper_ros/srv/detail/load_map__type_support.c
-- Up-to-date: /home/sarthak/precise_docking_ws/install/norlab_icp_mapper_ros/include/norlab_icp_mapper_ros/norlab_icp_mapper_ros/srv/detail/save_map__rosidl_typesupport_introspection_c.h
-- Up-to-date: /home/sarthak/precise_docking_ws/install/norlab_icp_mapper_ros/include/norlab_icp_mapper_ros/norlab_icp_mapper_ros/srv/detail/save_trajectory__rosidl_typesupport_introspection_c.h
-- Up-to-date: /home/sarthak/precise_docking_ws/install/norlab_icp_mapper_ros/include/norlab_icp_mapper_ros/norlab_icp_mapper_ros/srv/detail/save_map__type_support.c
-- Up-to-date: /home/sarthak/precise_docking_ws/install/norlab_icp_mapper_ros/include/norlab_icp_mapper_ros/norlab_icp_mapper_ros/srv/detail/load_map__rosidl_typesupport_introspection_c.h
-- Up-to-date: /home/sarthak/precise_docking_ws/install/norlab_icp_mapper_ros/include/norlab_icp_mapper_ros/norlab_icp_mapper_ros/msg
-- Up-to-date: /home/sarthak/precise_docking_ws/install/norlab_icp_mapper_ros/include/norlab_icp_mapper_ros/norlab_icp_mapper_ros/msg/rosidl_typesupport_introspection_c__visibility_control.h
-- Up-to-date: /home/sarthak/precise_docking_ws/install/norlab_icp_mapper_ros/lib/libnorlab_icp_mapper_ros__rosidl_typesupport_introspection_c.so
-- Up-to-date: /home/sarthak/precise_docking_ws/install/norlab_icp_mapper_ros/lib/libnorlab_icp_mapper_ros__rosidl_typesupport_c.so
-- Up-to-date: /home/sarthak/precise_docking_ws/install/norlab_icp_mapper_ros/include/norlab_icp_mapper_ros/norlab_icp_mapper_ros
-- Up-to-date: /home/sarthak/precise_docking_ws/install/norlab_icp_mapper_ros/include/norlab_icp_mapper_ros/norlab_icp_mapper_ros/srv
-- Up-to-date: /home/sarthak/precise_docking_ws/install/norlab_icp_mapper_ros/include/norlab_icp_mapper_ros/norlab_icp_mapper_ros/srv/detail
-- Up-to-date: /home/sarthak/precise_docking_ws/install/norlab_icp_mapper_ros/include/norlab_icp_mapper_ros/norlab_icp_mapper_ros/srv/detail/save_trajectory__rosidl_typesupport_introspection_cpp.hpp
-- Up-to-date: /home/sarthak/precise_docking_ws/install/norlab_icp_mapper_ros/include/norlab_icp_mapper_ros/norlab_icp_mapper_ros/srv/detail/load_map__rosidl_typesupport_introspection_cpp.hpp
-- Up-to-date: /home/sarthak/precise_docking_ws/install/norlab_icp_mapper_ros/include/norlab_icp_mapper_ros/norlab_icp_mapper_ros/srv/detail/save_trajectory__type_support.cpp
-- Up-to-date: /home/sarthak/precise_docking_ws/install/norlab_icp_mapper_ros/include/norlab_icp_mapper_ros/norlab_icp_mapper_ros/srv/detail/load_map__type_support.cpp
-- Up-to-date: /home/sarthak/precise_docking_ws/install/norlab_icp_mapper_ros/include/norlab_icp_mapper_ros/norlab_icp_mapper_ros/srv/detail/save_map__rosidl_typesupport_introspection_cpp.hpp
-- Up-to-date: /home/sarthak/precise_docking_ws/install/norlab_icp_mapper_ros/include/norlab_icp_mapper_ros/norlab_icp_mapper_ros/srv/detail/save_map__type_support.cpp
-- Up-to-date: /home/sarthak/precise_docking_ws/install/norlab_icp_mapper_ros/lib/libnorlab_icp_mapper_ros__rosidl_typesupport_introspection_cpp.so
-- Up-to-date: /home/sarthak/precise_docking_ws/install/norlab_icp_mapper_ros/lib/libnorlab_icp_mapper_ros__rosidl_typesupport_cpp.so
-- Up-to-date: /home/sarthak/precise_docking_ws/install/norlab_icp_mapper_ros/share/norlab_icp_mapper_ros/environment/pythonpath.sh
-- Up-to-date: /home/sarthak/precise_docking_ws/install/norlab_icp_mapper_ros/share/norlab_icp_mapper_ros/environment/pythonpath.dsv
-- Up-to-date: /home/sarthak/precise_docking_ws/install/norlab_icp_mapper_ros/local/lib/python3.10/dist-packages/norlab_icp_mapper_ros-2.0.0-py3.10.egg-info
-- Installing: /home/sarthak/precise_docking_ws/install/norlab_icp_mapper_ros/local/lib/python3.10/dist-packages/norlab_icp_mapper_ros-2.0.0-py3.10.egg-info/top_level.txt
-- Installing: /home/sarthak/precise_docking_ws/install/norlab_icp_mapper_ros/local/lib/python3.10/dist-packages/norlab_icp_mapper_ros-2.0.0-py3.10.egg-info/SOURCES.txt
-- Installing: /home/sarthak/precise_docking_ws/install/norlab_icp_mapper_ros/local/lib/python3.10/dist-packages/norlab_icp_mapper_ros-2.0.0-py3.10.egg-info/PKG-INFO
-- Installing: /home/sarthak/precise_docking_ws/install/norlab_icp_mapper_ros/local/lib/python3.10/dist-packages/norlab_icp_mapper_ros-2.0.0-py3.10.egg-info/dependency_links.txt
-- Up-to-date: /home/sarthak/precise_docking_ws/install/norlab_icp_mapper_ros/local/lib/python3.10/dist-packages/norlab_icp_mapper_ros
-- Up-to-date: /home/sarthak/precise_docking_ws/install/norlab_icp_mapper_ros/local/lib/python3.10/dist-packages/norlab_icp_mapper_ros/norlab_icp_mapper_ros_s__rosidl_typesupport_introspection_c.cpython-310-x86_64-linux-gnu.so
-- Up-to-date: /home/sarthak/precise_docking_ws/install/norlab_icp_mapper_ros/local/lib/python3.10/dist-packages/norlab_icp_mapper_ros/_norlab_icp_mapper_ros_s.ep.rosidl_typesupport_introspection_c.c
-- Up-to-date: /home/sarthak/precise_docking_ws/install/norlab_icp_mapper_ros/local/lib/python3.10/dist-packages/norlab_icp_mapper_ros/_norlab_icp_mapper_ros_s.ep.rosidl_typesupport_c.c
-- Up-to-date: /home/sarthak/precise_docking_ws/install/norlab_icp_mapper_ros/local/lib/python3.10/dist-packages/norlab_icp_mapper_ros/__init__.py
-- Up-to-date: /home/sarthak/precise_docking_ws/install/norlab_icp_mapper_ros/local/lib/python3.10/dist-packages/norlab_icp_mapper_ros/norlab_icp_mapper_ros_s__rosidl_typesupport_fastrtps_c.cpython-310-x86_64-linux-gnu.so
-- Up-to-date: /home/sarthak/precise_docking_ws/install/norlab_icp_mapper_ros/local/lib/python3.10/dist-packages/norlab_icp_mapper_ros/srv
-- Up-to-date: /home/sarthak/precise_docking_ws/install/norlab_icp_mapper_ros/local/lib/python3.10/dist-packages/norlab_icp_mapper_ros/srv/_save_trajectory_s.c
-- Up-to-date: /home/sarthak/precise_docking_ws/install/norlab_icp_mapper_ros/local/lib/python3.10/dist-packages/norlab_icp_mapper_ros/srv/_save_map_s.c
-- Up-to-date: /home/sarthak/precise_docking_ws/install/norlab_icp_mapper_ros/local/lib/python3.10/dist-packages/norlab_icp_mapper_ros/srv/_save_trajectory.py
-- Up-to-date: /home/sarthak/precise_docking_ws/install/norlab_icp_mapper_ros/local/lib/python3.10/dist-packages/norlab_icp_mapper_ros/srv/__init__.py
-- Up-to-date: /home/sarthak/precise_docking_ws/install/norlab_icp_mapper_ros/local/lib/python3.10/dist-packages/norlab_icp_mapper_ros/srv/_load_map.py
-- Up-to-date: /home/sarthak/precise_docking_ws/install/norlab_icp_mapper_ros/local/lib/python3.10/dist-packages/norlab_icp_mapper_ros/srv/_load_map_s.c
-- Up-to-date: /home/sarthak/precise_docking_ws/install/norlab_icp_mapper_ros/local/lib/python3.10/dist-packages/norlab_icp_mapper_ros/srv/_save_map.py
-- Up-to-date: /home/sarthak/precise_docking_ws/install/norlab_icp_mapper_ros/local/lib/python3.10/dist-packages/norlab_icp_mapper_ros/norlab_icp_mapper_ros_s__rosidl_typesupport_c.cpython-310-x86_64-linux-gnu.so
-- Up-to-date: /home/sarthak/precise_docking_ws/install/norlab_icp_mapper_ros/local/lib/python3.10/dist-packages/norlab_icp_mapper_ros/libnorlab_icp_mapper_ros__rosidl_generator_py.so
-- Up-to-date: /home/sarthak/precise_docking_ws/install/norlab_icp_mapper_ros/local/lib/python3.10/dist-packages/norlab_icp_mapper_ros/_norlab_icp_mapper_ros_s.ep.rosidl_typesupport_fastrtps_c.c
Listing '/home/sarthak/precise_docking_ws/install/norlab_icp_mapper_ros/local/lib/python3.10/dist-packages/norlab_icp_mapper_ros'...
Listing '/home/sarthak/precise_docking_ws/install/norlab_icp_mapper_ros/local/lib/python3.10/dist-packages/norlab_icp_mapper_ros/srv'...
-- Up-to-date: /home/sarthak/precise_docking_ws/install/norlab_icp_mapper_ros/local/lib/python3.10/dist-packages/norlab_icp_mapper_ros/norlab_icp_mapper_ros_s__rosidl_typesupport_fastrtps_c.cpython-310-x86_64-linux-gnu.so
-- Up-to-date: /home/sarthak/precise_docking_ws/install/norlab_icp_mapper_ros/local/lib/python3.10/dist-packages/norlab_icp_mapper_ros/norlab_icp_mapper_ros_s__rosidl_typesupport_introspection_c.cpython-310-x86_64-linux-gnu.so
-- Up-to-date: /home/sarthak/precise_docking_ws/install/norlab_icp_mapper_ros/local/lib/python3.10/dist-packages/norlab_icp_mapper_ros/norlab_icp_mapper_ros_s__rosidl_typesupport_c.cpython-310-x86_64-linux-gnu.so
-- Up-to-date: /home/sarthak/precise_docking_ws/install/norlab_icp_mapper_ros/lib/libnorlab_icp_mapper_ros__rosidl_generator_py.so
-- Up-to-date: /home/sarthak/precise_docking_ws/install/norlab_icp_mapper_ros/share/norlab_icp_mapper_ros/srv/SaveTrajectory.idl
-- Up-to-date: /home/sarthak/precise_docking_ws/install/norlab_icp_mapper_ros/share/norlab_icp_mapper_ros/srv/SaveMap.idl
-- Up-to-date: /home/sarthak/precise_docking_ws/install/norlab_icp_mapper_ros/share/norlab_icp_mapper_ros/srv/LoadMap.idl
-- Up-to-date: /home/sarthak/precise_docking_ws/install/norlab_icp_mapper_ros/share/norlab_icp_mapper_ros/srv/SaveTrajectory.srv
-- Up-to-date: /home/sarthak/precise_docking_ws/install/norlab_icp_mapper_ros/share/norlab_icp_mapper_ros/srv/SaveTrajectory_Request.msg
-- Up-to-date: /home/sarthak/precise_docking_ws/install/norlab_icp_mapper_ros/share/norlab_icp_mapper_ros/srv/SaveTrajectory_Response.msg
-- Up-to-date: /home/sarthak/precise_docking_ws/install/norlab_icp_mapper_ros/share/norlab_icp_mapper_ros/srv/SaveMap.srv
-- Up-to-date: /home/sarthak/precise_docking_ws/install/norlab_icp_mapper_ros/share/norlab_icp_mapper_ros/srv/SaveMap_Request.msg
-- Up-to-date: /home/sarthak/precise_docking_ws/install/norlab_icp_mapper_ros/share/norlab_icp_mapper_ros/srv/SaveMap_Response.msg
-- Up-to-date: /home/sarthak/precise_docking_ws/install/norlab_icp_mapper_ros/share/norlab_icp_mapper_ros/srv/LoadMap.srv
-- Up-to-date: /home/sarthak/precise_docking_ws/install/norlab_icp_mapper_ros/share/norlab_icp_mapper_ros/srv/LoadMap_Request.msg
-- Up-to-date: /home/sarthak/precise_docking_ws/install/norlab_icp_mapper_ros/share/norlab_icp_mapper_ros/srv/LoadMap_Response.msg
-- Up-to-date: /home/sarthak/precise_docking_ws/install/norlab_icp_mapper_ros/lib/norlab_icp_mapper_ros/mapper_node
-- Up-to-date: /home/sarthak/precise_docking_ws/install/norlab_icp_mapper_ros/share/ament_index/resource_index/package_run_dependencies/norlab_icp_mapper_ros
-- Up-to-date: /home/sarthak/precise_docking_ws/install/norlab_icp_mapper_ros/share/ament_index/resource_index/parent_prefix_path/norlab_icp_mapper_ros
-- Up-to-date: /home/sarthak/precise_docking_ws/install/norlab_icp_mapper_ros/share/norlab_icp_mapper_ros/environment/ament_prefix_path.sh
-- Up-to-date: /home/sarthak/precise_docking_ws/install/norlab_icp_mapper_ros/share/norlab_icp_mapper_ros/environment/ament_prefix_path.dsv
-- Up-to-date: /home/sarthak/precise_docking_ws/install/norlab_icp_mapper_ros/share/norlab_icp_mapper_ros/environment/path.sh
-- Up-to-date: /home/sarthak/precise_docking_ws/install/norlab_icp_mapper_ros/share/norlab_icp_mapper_ros/environment/path.dsv
-- Up-to-date: /home/sarthak/precise_docking_ws/install/norlab_icp_mapper_ros/share/norlab_icp_mapper_ros/local_setup.bash
-- Up-to-date: /home/sarthak/precise_docking_ws/install/norlab_icp_mapper_ros/share/norlab_icp_mapper_ros/local_setup.sh
-- Up-to-date: /home/sarthak/precise_docking_ws/install/norlab_icp_mapper_ros/share/norlab_icp_mapper_ros/local_setup.zsh
-- Up-to-date: /home/sarthak/precise_docking_ws/install/norlab_icp_mapper_ros/share/norlab_icp_mapper_ros/local_setup.dsv
-- Installing: /home/sarthak/precise_docking_ws/install/norlab_icp_mapper_ros/share/norlab_icp_mapper_ros/package.dsv
-- Up-to-date: /home/sarthak/precise_docking_ws/install/norlab_icp_mapper_ros/share/ament_index/resource_index/packages/norlab_icp_mapper_ros
-- Up-to-date: /home/sarthak/precise_docking_ws/install/norlab_icp_mapper_ros/share/norlab_icp_mapper_ros/cmake/export_norlab_icp_mapper_ros__rosidl_generator_cExport.cmake
-- Up-to-date: /home/sarthak/precise_docking_ws/install/norlab_icp_mapper_ros/share/norlab_icp_mapper_ros/cmake/export_norlab_icp_mapper_ros__rosidl_generator_cExport-release.cmake
-- Up-to-date: /home/sarthak/precise_docking_ws/install/norlab_icp_mapper_ros/share/norlab_icp_mapper_ros/cmake/export_norlab_icp_mapper_ros__rosidl_typesupport_fastrtps_cExport.cmake
-- Up-to-date: /home/sarthak/precise_docking_ws/install/norlab_icp_mapper_ros/share/norlab_icp_mapper_ros/cmake/export_norlab_icp_mapper_ros__rosidl_typesupport_fastrtps_cExport-release.cmake
-- Up-to-date: /home/sarthak/precise_docking_ws/install/norlab_icp_mapper_ros/share/norlab_icp_mapper_ros/cmake/export_norlab_icp_mapper_ros__rosidl_generator_cppExport.cmake
-- Up-to-date: /home/sarthak/precise_docking_ws/install/norlab_icp_mapper_ros/share/norlab_icp_mapper_ros/cmake/export_norlab_icp_mapper_ros__rosidl_typesupport_fastrtps_cppExport.cmake
-- Up-to-date: /home/sarthak/precise_docking_ws/install/norlab_icp_mapper_ros/share/norlab_icp_mapper_ros/cmake/export_norlab_icp_mapper_ros__rosidl_typesupport_fastrtps_cppExport-release.cmake
-- Up-to-date: /home/sarthak/precise_docking_ws/install/norlab_icp_mapper_ros/share/norlab_icp_mapper_ros/cmake/norlab_icp_mapper_ros__rosidl_typesupport_introspection_cExport.cmake
-- Up-to-date: /home/sarthak/precise_docking_ws/install/norlab_icp_mapper_ros/share/norlab_icp_mapper_ros/cmake/norlab_icp_mapper_ros__rosidl_typesupport_introspection_cExport-release.cmake
-- Up-to-date: /home/sarthak/precise_docking_ws/install/norlab_icp_mapper_ros/share/norlab_icp_mapper_ros/cmake/norlab_icp_mapper_ros__rosidl_typesupport_cExport.cmake
-- Up-to-date: /home/sarthak/precise_docking_ws/install/norlab_icp_mapper_ros/share/norlab_icp_mapper_ros/cmake/norlab_icp_mapper_ros__rosidl_typesupport_cExport-release.cmake
-- Up-to-date: /home/sarthak/precise_docking_ws/install/norlab_icp_mapper_ros/share/norlab_icp_mapper_ros/cmake/norlab_icp_mapper_ros__rosidl_typesupport_introspection_cppExport.cmake
-- Up-to-date: /home/sarthak/precise_docking_ws/install/norlab_icp_mapper_ros/share/norlab_icp_mapper_ros/cmake/norlab_icp_mapper_ros__rosidl_typesupport_introspection_cppExport-release.cmake
-- Up-to-date: /home/sarthak/precise_docking_ws/install/norlab_icp_mapper_ros/share/norlab_icp_mapper_ros/cmake/norlab_icp_mapper_ros__rosidl_typesupport_cppExport.cmake
-- Up-to-date: /home/sarthak/precise_docking_ws/install/norlab_icp_mapper_ros/share/norlab_icp_mapper_ros/cmake/norlab_icp_mapper_ros__rosidl_typesupport_cppExport-release.cmake
-- Up-to-date: /home/sarthak/precise_docking_ws/install/norlab_icp_mapper_ros/share/norlab_icp_mapper_ros/cmake/export_norlab_icp_mapper_ros__rosidl_generator_pyExport.cmake
-- Up-to-date: /home/sarthak/precise_docking_ws/install/norlab_icp_mapper_ros/share/norlab_icp_mapper_ros/cmake/export_norlab_icp_mapper_ros__rosidl_generator_pyExport-release.cmake
-- Up-to-date: /home/sarthak/precise_docking_ws/install/norlab_icp_mapper_ros/share/norlab_icp_mapper_ros/cmake/rosidl_cmake-extras.cmake
-- Up-to-date: /home/sarthak/precise_docking_ws/install/norlab_icp_mapper_ros/share/norlab_icp_mapper_ros/cmake/ament_cmake_export_dependencies-extras.cmake
-- Up-to-date: /home/sarthak/precise_docking_ws/install/norlab_icp_mapper_ros/share/norlab_icp_mapper_ros/cmake/ament_cmake_export_include_directories-extras.cmake
-- Up-to-date: /home/sarthak/precise_docking_ws/install/norlab_icp_mapper_ros/share/norlab_icp_mapper_ros/cmake/ament_cmake_export_libraries-extras.cmake
-- Up-to-date: /home/sarthak/precise_docking_ws/install/norlab_icp_mapper_ros/share/norlab_icp_mapper_ros/cmake/ament_cmake_export_targets-extras.cmake
-- Up-to-date: /home/sarthak/precise_docking_ws/install/norlab_icp_mapper_ros/share/norlab_icp_mapper_ros/cmake/rosidl_cmake_export_typesupport_targets-extras.cmake
-- Up-to-date: /home/sarthak/precise_docking_ws/install/norlab_icp_mapper_ros/share/norlab_icp_mapper_ros/cmake/rosidl_cmake_export_typesupport_libraries-extras.cmake
-- Up-to-date: /home/sarthak/precise_docking_ws/install/norlab_icp_mapper_ros/share/norlab_icp_mapper_ros/cmake/norlab_icp_mapper_rosConfig.cmake
-- Up-to-date: /home/sarthak/precise_docking_ws/install/norlab_icp_mapper_ros/share/norlab_icp_mapper_ros/cmake/norlab_icp_mapper_rosConfig-version.cmake
-- Up-to-date: /home/sarthak/precise_docking_ws/install/norlab_icp_mapper_ros/share/norlab_icp_mapper_ros/package.xml
