[0.037s] Invoking command in '/home/sarthak/precise_docking_ws/build/frontend': CMAKE_PREFIX_PATH=${CMAKE_PREFIX_PATH}:/home/sarthak/precise_docking_ws/install/template_ros2:/home/sarthak/precise_docking_ws/install/reach_the_goal:/home/sarthak/precise_docking_ws/install/arcuo_marker_detection:/opt/ros/humble /usr/bin/cmake --build /home/sarthak/precise_docking_ws/build/frontend -- -j20 -l20
[0.600s] [ 50%] Built target cpp_executable
[0.601s] [ 50%] Built target ament_cmake_python_copy_frontend
[0.735s] [100%] Built target icp_node
[1.362s] running egg_info
[1.396s] writing frontend.egg-info/PKG-INFO
[1.398s] writing dependency_links to frontend.egg-info/dependency_links.txt
[1.398s] writing top-level names to frontend.egg-info/top_level.txt
[4.207s] writing manifest file 'frontend.egg-info/SOURCES.txt'
[4.341s] [100%] Built target ament_cmake_python_build_frontend_egg
[4.379s] Invoked command in '/home/sarthak/precise_docking_ws/build/frontend' returned '0': CMAKE_PREFIX_PATH=${CMAKE_PREFIX_PATH}:/home/sarthak/precise_docking_ws/install/template_ros2:/home/sarthak/precise_docking_ws/install/reach_the_goal:/home/sarthak/precise_docking_ws/install/arcuo_marker_detection:/opt/ros/humble /usr/bin/cmake --build /home/sarthak/precise_docking_ws/build/frontend -- -j20 -l20
[4.536s] Invoking command in '/home/sarthak/precise_docking_ws/build/frontend': CMAKE_PREFIX_PATH=${CMAKE_PREFIX_PATH}:/home/sarthak/precise_docking_ws/install/template_ros2:/home/sarthak/precise_docking_ws/install/reach_the_goal:/home/sarthak/precise_docking_ws/install/arcuo_marker_detection:/opt/ros/humble /usr/bin/cmake --install /home/sarthak/precise_docking_ws/build/frontend
[4.565s] -- Install configuration: ""
[4.567s] -- Up-to-date: /home/sarthak/precise_docking_ws/install/frontend/lib/frontend/cpp_executable
[4.568s] -- Up-to-date: /home/sarthak/precise_docking_ws/install/frontend/lib/frontend/icp_node
[4.570s] -- Up-to-date: /home/sarthak/precise_docking_ws/install/frontend/share/frontend/environment/pythonpath.sh
[4.570s] -- Up-to-date: /home/sarthak/precise_docking_ws/install/frontend/share/frontend/environment/pythonpath.dsv
[4.570s] -- Up-to-date: /home/sarthak/precise_docking_ws/install/frontend/local/lib/python3.10/dist-packages/frontend-0.0.0-py3.10.egg-info
[4.570s] -- Installing: /home/sarthak/precise_docking_ws/install/frontend/local/lib/python3.10/dist-packages/frontend-0.0.0-py3.10.egg-info/top_level.txt
[4.571s] -- Installing: /home/sarthak/precise_docking_ws/install/frontend/local/lib/python3.10/dist-packages/frontend-0.0.0-py3.10.egg-info/SOURCES.txt
[4.571s] -- Installing: /home/sarthak/precise_docking_ws/install/frontend/local/lib/python3.10/dist-packages/frontend-0.0.0-py3.10.egg-info/PKG-INFO
[4.571s] -- Installing: /home/sarthak/precise_docking_ws/install/frontend/local/lib/python3.10/dist-packages/frontend-0.0.0-py3.10.egg-info/dependency_links.txt
[4.572s] -- Up-to-date: /home/sarthak/precise_docking_ws/install/frontend/local/lib/python3.10/dist-packages/frontend
[4.573s] -- Up-to-date: /home/sarthak/precise_docking_ws/install/frontend/local/lib/python3.10/dist-packages/frontend/__init__.py
[4.573s] -- Up-to-date: /home/sarthak/precise_docking_ws/install/frontend/local/lib/python3.10/dist-packages/frontend/module_to_import.py
[4.696s] Listing '/home/sarthak/precise_docking_ws/install/frontend/local/lib/python3.10/dist-packages/frontend'...
[4.703s] -- Up-to-date: /home/sarthak/precise_docking_ws/install/frontend/lib/frontend/py_node.py
[4.704s] -- Up-to-date: /home/sarthak/precise_docking_ws/install/frontend/lib/frontend/main.py
[4.704s] -- Up-to-date: /home/sarthak/precise_docking_ws/install/frontend/lib/frontend/laser_scan.py
[4.704s] -- Up-to-date: /home/sarthak/precise_docking_ws/install/frontend/lib/frontend/odom_to_map.py
[4.704s] -- Up-to-date: /home/sarthak/precise_docking_ws/install/frontend/lib/frontend/scan_to_map.py
[4.705s] -- Up-to-date: /home/sarthak/precise_docking_ws/install/frontend/lib/frontend/map_create.py
[4.705s] -- Up-to-date: /home/sarthak/precise_docking_ws/install/frontend/lib/frontend/pose_graph.py
[4.711s] -- Up-to-date: /home/sarthak/precise_docking_ws/install/frontend/lib/frontend/pose_graph_odom.py
[4.712s] -- Up-to-date: /home/sarthak/precise_docking_ws/install/frontend/lib/frontend/pose_graph_odom_landmark.py
[4.712s] -- Installing: /home/sarthak/precise_docking_ws/install/frontend/lib/frontend/plot_odom.py
[4.714s] -- Up-to-date: /home/sarthak/precise_docking_ws/install/frontend/share/ament_index/resource_index/package_run_dependencies/frontend
[4.714s] -- Up-to-date: /home/sarthak/precise_docking_ws/install/frontend/share/ament_index/resource_index/parent_prefix_path/frontend
[4.715s] -- Up-to-date: /home/sarthak/precise_docking_ws/install/frontend/share/frontend/environment/ament_prefix_path.sh
[4.715s] -- Up-to-date: /home/sarthak/precise_docking_ws/install/frontend/share/frontend/environment/ament_prefix_path.dsv
[4.716s] -- Up-to-date: /home/sarthak/precise_docking_ws/install/frontend/share/frontend/environment/path.sh
[4.716s] -- Up-to-date: /home/sarthak/precise_docking_ws/install/frontend/share/frontend/environment/path.dsv
[4.716s] -- Up-to-date: /home/sarthak/precise_docking_ws/install/frontend/share/frontend/local_setup.bash
[4.716s] -- Up-to-date: /home/sarthak/precise_docking_ws/install/frontend/share/frontend/local_setup.sh
[4.717s] -- Up-to-date: /home/sarthak/precise_docking_ws/install/frontend/share/frontend/local_setup.zsh
[4.717s] -- Up-to-date: /home/sarthak/precise_docking_ws/install/frontend/share/frontend/local_setup.dsv
[4.717s] -- Installing: /home/sarthak/precise_docking_ws/install/frontend/share/frontend/package.dsv
[4.718s] -- Up-to-date: /home/sarthak/precise_docking_ws/install/frontend/share/ament_index/resource_index/packages/frontend
[4.718s] -- Up-to-date: /home/sarthak/precise_docking_ws/install/frontend/share/frontend/cmake/frontendConfig.cmake
[4.718s] -- Up-to-date: /home/sarthak/precise_docking_ws/install/frontend/share/frontend/cmake/frontendConfig-version.cmake
[4.718s] -- Up-to-date: /home/sarthak/precise_docking_ws/install/frontend/share/frontend/package.xml
[4.754s] Invoked command in '/home/sarthak/precise_docking_ws/build/frontend' returned '0': CMAKE_PREFIX_PATH=${CMAKE_PREFIX_PATH}:/home/sarthak/precise_docking_ws/install/template_ros2:/home/sarthak/precise_docking_ws/install/reach_the_goal:/home/sarthak/precise_docking_ws/install/arcuo_marker_detection:/opt/ros/humble /usr/bin/cmake --install /home/sarthak/precise_docking_ws/build/frontend
