[1.761s] Invoking command in '/home/sarthak/precise_docking_ws/build/reach_the_goal': PYTHONPATH=/home/sarthak/precise_docking_ws/build/reach_the_goal/prefix_override:/home/sarthak/.local/lib/python3.10/site-packages/colcon_core/task/python/colcon_distutils_commands:/home/sarthak/precise_docking_ws/install/reach_the_goal/lib/python3.10/site-packages:${PYTHONPATH} ROS_DOMAIN_ID=29 /usr/bin/python3 -W ignore:setup.py install is deprecated setup.py develop --editable --build-directory /home/sarthak/precise_docking_ws/build/reach_the_goal/build --no-deps symlink_data
[1.911s] /home/sarthak/.local/lib/python3.10/site-packages/setuptools/_distutils/dist.py:261: UserWarning: Unknown distribution option: 'tests_require'
[1.911s]   warnings.warn(msg)
[2.306s] running develop
[2.306s] /home/sarthak/.local/lib/python3.10/site-packages/setuptools/command/develop.py:41: EasyInstallDeprecationWarning: easy_install command is deprecated.
[2.306s] !!
[2.306s] 
[2.306s]         ********************************************************************************
[2.306s]         Please avoid running ``setup.py`` and ``easy_install``.
[2.306s]         Instead, use pypa/build, pypa/installer or other
[2.307s]         standards-based tools.
[2.307s] 
[2.307s]         See https://github.com/pypa/setuptools/issues/917 for details.
[2.307s]         ********************************************************************************
[2.307s] 
[2.307s] !!
[2.307s]   easy_install.initialize_options(self)
[2.750s] running egg_info
[2.750s] creating reach_the_goal.egg-info
[2.788s] writing reach_the_goal.egg-info/PKG-INFO
[2.788s] writing dependency_links to reach_the_goal.egg-info/dependency_links.txt
[2.788s] writing entry points to reach_the_goal.egg-info/entry_points.txt
[2.788s] writing requirements to reach_the_goal.egg-info/requires.txt
[2.788s] writing top-level names to reach_the_goal.egg-info/top_level.txt
[2.788s] writing manifest file 'reach_the_goal.egg-info/SOURCES.txt'
[3.088s] reading manifest file 'reach_the_goal.egg-info/SOURCES.txt'
[3.090s] writing manifest file 'reach_the_goal.egg-info/SOURCES.txt'
[3.115s] running build_ext
[3.115s] Creating /home/sarthak/precise_docking_ws/install/reach_the_goal/lib/python3.10/site-packages/reach-the-goal.egg-link (link to .)
[3.115s] Installing reach_the_goal_node script to /home/sarthak/precise_docking_ws/install/reach_the_goal/lib/reach_the_goal
[3.115s] 
[3.116s] Installed /home/sarthak/precise_docking_ws/build/reach_the_goal
[3.116s] running symlink_data
[3.116s] creating /home/sarthak/precise_docking_ws/install/reach_the_goal/share/ament_index/resource_index/packages
[3.116s] symbolically linking /home/sarthak/precise_docking_ws/build/reach_the_goal/resource/reach_the_goal -> /home/sarthak/precise_docking_ws/install/reach_the_goal/share/ament_index/resource_index/packages
[3.116s] symbolically linking /home/sarthak/precise_docking_ws/build/reach_the_goal/package.xml -> /home/sarthak/precise_docking_ws/install/reach_the_goal/share/reach_the_goal
[3.193s] Invoked command in '/home/sarthak/precise_docking_ws/build/reach_the_goal' returned '0': PYTHONPATH=/home/sarthak/precise_docking_ws/build/reach_the_goal/prefix_override:/home/sarthak/.local/lib/python3.10/site-packages/colcon_core/task/python/colcon_distutils_commands:/home/sarthak/precise_docking_ws/install/reach_the_goal/lib/python3.10/site-packages:${PYTHONPATH} ROS_DOMAIN_ID=29 /usr/bin/python3 -W ignore:setup.py install is deprecated setup.py develop --editable --build-directory /home/sarthak/precise_docking_ws/build/reach_the_goal/build --no-deps symlink_data
