[  2%] Built target norlab_icp_mapper_ros__cpp
[ 12%] Built target norlab_icp_mapper_ros__rosidl_generator_c
[ 12%] Built target ament_cmake_python_copy_norlab_icp_mapper_ros
[ 22%] Built target norlab_icp_mapper_ros__rosidl_typesupport_cpp
[ 32%] Built target norlab_icp_mapper_ros__rosidl_typesupport_fastrtps_cpp
[ 42%] Built target norlab_icp_mapper_ros__rosidl_typesupport_c
[ 52%] Built target norlab_icp_mapper_ros__rosidl_typesupport_introspection_cpp
[ 62%] Built target norlab_icp_mapper_ros__rosidl_typesupport_fastrtps_c
[ 72%] Built target norlab_icp_mapper_ros__rosidl_typesupport_introspection_c
[ 72%] Built target norlab_icp_mapper_ros
[ 74%] [32mBuilding CXX object CMakeFiles/mapper_node.dir/src/mapper_node.cpp.o[0m
[ 76%] Built target norlab_icp_mapper_ros__py
[ 84%] Built target norlab_icp_mapper_ros__rosidl_generator_py
[ 88%] Built target norlab_icp_mapper_ros__rosidl_typesupport_fastrtps_c__pyext
[ 92%] Built target norlab_icp_mapper_ros__rosidl_typesupport_introspection_c__pyext
[ 96%] Built target norlab_icp_mapper_ros__rosidl_typesupport_c__pyext
running egg_info
writing norlab_icp_mapper_ros.egg-info/PKG-INFO
writing dependency_links to norlab_icp_mapper_ros.egg-info/dependency_links.txt
writing top-level names to norlab_icp_mapper_ros.egg-info/top_level.txt
reading manifest file 'norlab_icp_mapper_ros.egg-info/SOURCES.txt'
writing manifest file 'norlab_icp_mapper_ros.egg-info/SOURCES.txt'
[ 96%] Built target ament_cmake_python_build_norlab_icp_mapper_ros_egg
