[0.591s] Invoking command in '/home/sarthak/precise_docking_ws/src/arcuo_marker_detection': PYTHONPATH=/home/sarthak/precise_docking_ws/build/arcuo_marker_detection/prefix_override:/home/sarthak/.local/lib/python3.10/site-packages/colcon_core/task/python/colcon_distutils_commands:/home/sarthak/precise_docking_ws/install/arcuo_marker_detection/lib/python3.10/site-packages:${PYTHONPATH} /usr/bin/python3 -W ignore:setup.py install is deprecated setup.py egg_info --egg-base ../../build/arcuo_marker_detection build --build-base /home/sarthak/precise_docking_ws/build/arcuo_marker_detection/build install --record /home/sarthak/precise_docking_ws/build/arcuo_marker_detection/install.log --single-version-externally-managed install_data
[0.678s] /home/sarthak/.local/lib/python3.10/site-packages/setuptools/_distutils/dist.py:261: UserWarning: Unknown distribution option: 'tests_require'
[0.678s]   warnings.warn(msg)
[0.765s] running egg_info
[0.774s] writing ../../build/arcuo_marker_detection/arcuo_marker_detection.egg-info/PKG-INFO
[0.775s] writing dependency_links to ../../build/arcuo_marker_detection/arcuo_marker_detection.egg-info/dependency_links.txt
[0.775s] writing entry points to ../../build/arcuo_marker_detection/arcuo_marker_detection.egg-info/entry_points.txt
[0.776s] writing requirements to ../../build/arcuo_marker_detection/arcuo_marker_detection.egg-info/requires.txt
[0.776s] writing top-level names to ../../build/arcuo_marker_detection/arcuo_marker_detection.egg-info/top_level.txt
[0.867s] writing manifest file '../../build/arcuo_marker_detection/arcuo_marker_detection.egg-info/SOURCES.txt'
[0.867s] running build
[0.867s] running build_py
[0.867s] copying arcuo_marker_detection/__init__.py -> /home/sarthak/precise_docking_ws/build/arcuo_marker_detection/build/lib/arcuo_marker_detection
[0.868s] copying arcuo_marker_detection/pose_arcuo_marker.py -> /home/sarthak/precise_docking_ws/build/arcuo_marker_detection/build/lib/arcuo_marker_detection
[0.868s] copying arcuo_marker_detection/arcuo_detection.py -> /home/sarthak/precise_docking_ws/build/arcuo_marker_detection/build/lib/arcuo_marker_detection
[0.868s] running install
[0.871s] running install_lib
[0.881s] copying /home/sarthak/precise_docking_ws/build/arcuo_marker_detection/build/lib/arcuo_marker_detection/arcuo_detection.py -> /home/sarthak/precise_docking_ws/install/arcuo_marker_detection/lib/python3.10/site-packages/arcuo_marker_detection
[0.881s] byte-compiling /home/sarthak/precise_docking_ws/install/arcuo_marker_detection/lib/python3.10/site-packages/arcuo_marker_detection/arcuo_detection.py to arcuo_detection.cpython-310.pyc
[0.882s] running install_data
[0.882s] copying resource/arcuo_marker_detection -> /home/sarthak/precise_docking_ws/install/arcuo_marker_detection/share/ament_index/resource_index/packages
[0.882s] copying package.xml -> /home/sarthak/precise_docking_ws/install/arcuo_marker_detection/share/arcuo_marker_detection
[0.882s] running install_egg_info
[0.892s] removing '/home/sarthak/precise_docking_ws/install/arcuo_marker_detection/lib/python3.10/site-packages/arcuo_marker_detection-0.0.0-py3.10.egg-info' (and everything under it)
[0.892s] Copying ../../build/arcuo_marker_detection/arcuo_marker_detection.egg-info to /home/sarthak/precise_docking_ws/install/arcuo_marker_detection/lib/python3.10/site-packages/arcuo_marker_detection-0.0.0-py3.10.egg-info
[0.893s] running install_scripts
[0.973s] Installing aruco_marker_detection_node script to /home/sarthak/precise_docking_ws/install/arcuo_marker_detection/lib/arcuo_marker_detection
[0.974s] writing list of installed files to '/home/sarthak/precise_docking_ws/build/arcuo_marker_detection/install.log'
[0.991s] Invoked command in '/home/sarthak/precise_docking_ws/src/arcuo_marker_detection' returned '0': PYTHONPATH=/home/sarthak/precise_docking_ws/build/arcuo_marker_detection/prefix_override:/home/sarthak/.local/lib/python3.10/site-packages/colcon_core/task/python/colcon_distutils_commands:/home/sarthak/precise_docking_ws/install/arcuo_marker_detection/lib/python3.10/site-packages:${PYTHONPATH} /usr/bin/python3 -W ignore:setup.py install is deprecated setup.py egg_info --egg-base ../../build/arcuo_marker_detection build --build-base /home/sarthak/precise_docking_ws/build/arcuo_marker_detection/build install --record /home/sarthak/precise_docking_ws/build/arcuo_marker_detection/install.log --single-version-externally-managed install_data
