[1.506s] Invoking command in '/home/sarthak/precise_docking_ws/src/frontend': PYTHONPATH=/home/sarthak/precise_docking_ws/build/frontend/prefix_override:/home/sarthak/.local/lib/python3.10/site-packages/colcon_core/task/python/colcon_distutils_commands:/home/sarthak/precise_docking_ws/install/frontend/lib/python3.10/site-packages:${PYTHONPATH} ROS_DOMAIN_ID=13 /usr/bin/python3 -W ignore:setup.py install is deprecated setup.py egg_info --egg-base ../../build/frontend build --build-base /home/sarthak/precise_docking_ws/build/frontend/build install --record /home/sarthak/precise_docking_ws/build/frontend/install.log --single-version-externally-managed install_data
[1.783s] running egg_info
[1.784s] writing ../../build/frontend/frontend.egg-info/PKG-INFO
[1.784s] writing dependency_links to ../../build/frontend/frontend.egg-info/dependency_links.txt
[1.784s] writing entry points to ../../build/frontend/frontend.egg-info/entry_points.txt
[1.784s] writing requirements to ../../build/frontend/frontend.egg-info/requires.txt
[1.784s] writing top-level names to ../../build/frontend/frontend.egg-info/top_level.txt
[1.786s] reading manifest file '../../build/frontend/frontend.egg-info/SOURCES.txt'
[1.787s] writing manifest file '../../build/frontend/frontend.egg-info/SOURCES.txt'
[1.787s] running build
[1.787s] running build_py
[1.787s] running install
[1.787s] running install_lib
[1.788s] running install_data
[1.788s] running install_egg_info
[1.789s] removing '/home/sarthak/precise_docking_ws/install/frontend/lib/python3.10/site-packages/frontend-0.0.0-py3.10.egg-info' (and everything under it)
[1.789s] Copying ../../build/frontend/frontend.egg-info to /home/sarthak/precise_docking_ws/install/frontend/lib/python3.10/site-packages/frontend-0.0.0-py3.10.egg-info
[1.790s] running install_scripts
[1.811s] writing list of installed files to '/home/sarthak/precise_docking_ws/build/frontend/install.log'
[1.883s] Invoked command in '/home/sarthak/precise_docking_ws/src/frontend' returned '0': PYTHONPATH=/home/sarthak/precise_docking_ws/build/frontend/prefix_override:/home/sarthak/.local/lib/python3.10/site-packages/colcon_core/task/python/colcon_distutils_commands:/home/sarthak/precise_docking_ws/install/frontend/lib/python3.10/site-packages:${PYTHONPATH} ROS_DOMAIN_ID=13 /usr/bin/python3 -W ignore:setup.py install is deprecated setup.py egg_info --egg-base ../../build/frontend build --build-base /home/sarthak/precise_docking_ws/build/frontend/build install --record /home/sarthak/precise_docking_ws/build/frontend/install.log --single-version-externally-managed install_data
