running egg_info
writing ../../build/active_localization/active_localization.egg-info/PKG-INFO
writing dependency_links to ../../build/active_localization/active_localization.egg-info/dependency_links.txt
writing entry points to ../../build/active_localization/active_localization.egg-info/entry_points.txt
writing requirements to ../../build/active_localization/active_localization.egg-info/requires.txt
writing top-level names to ../../build/active_localization/active_localization.egg-info/top_level.txt
writing manifest file '../../build/active_localization/active_localization.egg-info/SOURCES.txt'
running build
running build_py
copying active_localization/__init__.py -> /home/sarthak/precise_docking_ws/build/active_localization/build/lib/active_localization
copying active_localization/frontier_detection.py -> /home/sarthak/precise_docking_ws/build/active_localization/build/lib/active_localization
copying active_localization/local_map_robot_1.py -> /home/sarthak/precise_docking_ws/build/active_localization/build/lib/active_localization
copying active_localization/path_to_goal.py -> /home/sarthak/precise_docking_ws/build/active_localization/build/lib/active_localization
copying active_localization/local_map_lidar.py -> /home/sarthak/precise_docking_ws/build/active_localization/build/lib/active_localization
copying active_localization/local_map_robot.py -> /home/sarthak/precise_docking_ws/build/active_localization/build/lib/active_localization
copying active_localization/local_map.py -> /home/sarthak/precise_docking_ws/build/active_localization/build/lib/active_localization
copying active_localization/next_best_view.py -> /home/sarthak/precise_docking_ws/build/active_localization/build/lib/active_localization
running install
running install_lib
copying /home/sarthak/precise_docking_ws/build/active_localization/build/lib/active_localization/local_map_robot_1.py -> /home/sarthak/precise_docking_ws/install/active_localization/lib/python3.10/site-packages/active_localization
byte-compiling /home/sarthak/precise_docking_ws/install/active_localization/lib/python3.10/site-packages/active_localization/local_map_robot_1.py to local_map_robot_1.cpython-310.pyc
running install_data
running install_egg_info
removing '/home/sarthak/precise_docking_ws/install/active_localization/lib/python3.10/site-packages/active_localization-0.0.0-py3.10.egg-info' (and everything under it)
Copying ../../build/active_localization/active_localization.egg-info to /home/sarthak/precise_docking_ws/install/active_localization/lib/python3.10/site-packages/active_localization-0.0.0-py3.10.egg-info
running install_scripts
Installing frontier_detection script to /home/sarthak/precise_docking_ws/install/active_localization/lib/active_localization
Installing local_map_lidar_node script to /home/sarthak/precise_docking_ws/install/active_localization/lib/active_localization
Installing local_map_node script to /home/sarthak/precise_docking_ws/install/active_localization/lib/active_localization
Installing local_map_robot script to /home/sarthak/precise_docking_ws/install/active_localization/lib/active_localization
Installing local_map_robot_1 script to /home/sarthak/precise_docking_ws/install/active_localization/lib/active_localization
Installing localization script to /home/sarthak/precise_docking_ws/install/active_localization/lib/active_localization
Installing path_to_goal script to /home/sarthak/precise_docking_ws/install/active_localization/lib/active_localization
writing list of installed files to '/home/sarthak/precise_docking_ws/build/active_localization/install.log'
