[0.409s] DEBUG:colcon:Command line arguments: ['/home/sarthak/.local/bin/colcon', 'build']
[0.409s] DEBUG:colcon:Parsed command line arguments: Namespace(log_base=None, log_level=None, verb_name='build', build_base='build', install_base='install', merge_install=False, symlink_install=False, test_result_base=None, continue_on_error=False, executor='parallel', parallel_workers=20, event_handlers=None, ignore_user_meta=False, metas=['./colcon.meta'], base_paths=['.'], packages_ignore=None, packages_ignore_regex=None, paths=None, packages_up_to=None, packages_up_to_regex=None, packages_above=None, packages_above_and_dependencies=None, packages_above_depth=None, packages_select_by_dep=None, packages_skip_by_dep=None, packages_skip_up_to=None, packages_select_build_failed=False, packages_skip_build_finished=False, packages_select_test_failures=False, packages_skip_test_passed=False, packages_select=None, packages_skip=None, packages_select_regex=None, packages_skip_regex=None, packages_start=None, packages_end=None, allow_overriding=[], bazel_args=None, bazel_task=None, cmake_args=None, cmake_target=None, cmake_target_skip_unavailable=False, cmake_clean_cache=False, cmake_clean_first=False, cmake_force_configure=False, meson_args=[], ament_cmake_args=None, catkin_cmake_args=None, catkin_skip_building_tests=False, mixin_files=None, mixin=None, verb_parser=<colcon_alias.argument_parser.alias.AliasArgumentDecorator object at 0x7b5d7681ae90>, verb_extension=<colcon_core.verb.build.BuildVerb object at 0x7b5d76819f60>, main=<bound method BuildVerb.main of <colcon_core.verb.build.BuildVerb object at 0x7b5d76819f60>>, mixin_verb=('build',))
[0.434s] Level 1:colcon.colcon_core.package_discovery:discover_packages(colcon_meta) check parameters
[0.434s] Level 1:colcon.colcon_core.package_discovery:discover_packages(recursive) check parameters
[0.434s] Level 1:colcon.colcon_core.package_discovery:discover_packages(ignore) check parameters
[0.434s] Level 1:colcon.colcon_core.package_discovery:discover_packages(path) check parameters
[0.434s] Level 1:colcon.colcon_core.package_discovery:discover_packages(colcon_meta) discover
[0.434s] Level 1:colcon.colcon_core.package_discovery:discover_packages(recursive) discover
[0.434s] INFO:colcon.colcon_core.package_discovery:Crawling recursively for packages in '/home/sarthak/precise_docking_ws'
[0.434s] Level 1:colcon.colcon_core.package_identification:_identify(.) by extensions ['ignore', 'ignore_ament_install']
[0.434s] Level 1:colcon.colcon_core.package_identification:_identify(.) by extension 'ignore'
[0.434s] Level 1:colcon.colcon_core.package_identification:_identify(.) by extension 'ignore_ament_install'
[0.434s] Level 1:colcon.colcon_core.package_identification:_identify(.) by extensions ['colcon_pkg']
[0.434s] Level 1:colcon.colcon_core.package_identification:_identify(.) by extension 'colcon_pkg'
[0.434s] Level 1:colcon.colcon_core.package_identification:_identify(.) by extensions ['colcon_meta']
[0.434s] Level 1:colcon.colcon_core.package_identification:_identify(.) by extension 'colcon_meta'
[0.434s] Level 1:colcon.colcon_core.package_identification:_identify(.) by extensions ['ros']
[0.434s] Level 1:colcon.colcon_core.package_identification:_identify(.) by extension 'ros'
[0.438s] Level 1:colcon.colcon_core.package_identification:_identify(.) by extensions ['bazel', 'cmake', 'meson', 'python']
[0.438s] Level 1:colcon.colcon_core.package_identification:_identify(.) by extension 'bazel'
[0.438s] Level 1:colcon.colcon_core.package_identification:_identify(.) by extension 'cmake'
[0.438s] Level 1:colcon.colcon_core.package_identification:_identify(.) by extension 'meson'
[0.438s] Level 1:colcon.colcon_core.package_identification:_identify(.) by extension 'python'
[0.438s] Level 1:colcon.colcon_core.package_identification:_identify(.) by extensions ['python_setup_py']
[0.438s] Level 1:colcon.colcon_core.package_identification:_identify(.) by extension 'python_setup_py'
[0.438s] Level 1:colcon.colcon_core.package_identification:_identify(build) by extensions ['ignore', 'ignore_ament_install']
[0.438s] Level 1:colcon.colcon_core.package_identification:_identify(build) by extension 'ignore'
[0.438s] Level 1:colcon.colcon_core.package_identification:_identify(build) ignored
[0.439s] Level 1:colcon.colcon_core.package_identification:_identify(install) by extensions ['ignore', 'ignore_ament_install']
[0.439s] Level 1:colcon.colcon_core.package_identification:_identify(install) by extension 'ignore'
[0.439s] Level 1:colcon.colcon_core.package_identification:_identify(install) ignored
[0.439s] Level 1:colcon.colcon_core.package_identification:_identify(log) by extensions ['ignore', 'ignore_ament_install']
[0.439s] Level 1:colcon.colcon_core.package_identification:_identify(log) by extension 'ignore'
[0.439s] Level 1:colcon.colcon_core.package_identification:_identify(log) ignored
[0.439s] Level 1:colcon.colcon_core.package_identification:_identify(src) by extensions ['ignore', 'ignore_ament_install']
[0.439s] Level 1:colcon.colcon_core.package_identification:_identify(src) by extension 'ignore'
[0.439s] Level 1:colcon.colcon_core.package_identification:_identify(src) by extension 'ignore_ament_install'
[0.439s] Level 1:colcon.colcon_core.package_identification:_identify(src) by extensions ['colcon_pkg']
[0.439s] Level 1:colcon.colcon_core.package_identification:_identify(src) by extension 'colcon_pkg'
[0.439s] Level 1:colcon.colcon_core.package_identification:_identify(src) by extensions ['colcon_meta']
[0.439s] Level 1:colcon.colcon_core.package_identification:_identify(src) by extension 'colcon_meta'
[0.439s] Level 1:colcon.colcon_core.package_identification:_identify(src) by extensions ['ros']
[0.439s] Level 1:colcon.colcon_core.package_identification:_identify(src) by extension 'ros'
[0.439s] Level 1:colcon.colcon_core.package_identification:_identify(src) by extensions ['bazel', 'cmake', 'meson', 'python']
[0.439s] Level 1:colcon.colcon_core.package_identification:_identify(src) by extension 'bazel'
[0.439s] Level 1:colcon.colcon_core.package_identification:_identify(src) by extension 'cmake'
[0.439s] Level 1:colcon.colcon_core.package_identification:_identify(src) by extension 'meson'
[0.439s] Level 1:colcon.colcon_core.package_identification:_identify(src) by extension 'python'
[0.439s] Level 1:colcon.colcon_core.package_identification:_identify(src) by extensions ['python_setup_py']
[0.440s] Level 1:colcon.colcon_core.package_identification:_identify(src) by extension 'python_setup_py'
[0.440s] Level 1:colcon.colcon_core.package_identification:_identify(src/arcuo_marker_detection) by extensions ['ignore', 'ignore_ament_install']
[0.440s] Level 1:colcon.colcon_core.package_identification:_identify(src/arcuo_marker_detection) by extension 'ignore'
[0.440s] Level 1:colcon.colcon_core.package_identification:_identify(src/arcuo_marker_detection) by extension 'ignore_ament_install'
[0.440s] Level 1:colcon.colcon_core.package_identification:_identify(src/arcuo_marker_detection) by extensions ['colcon_pkg']
[0.440s] Level 1:colcon.colcon_core.package_identification:_identify(src/arcuo_marker_detection) by extension 'colcon_pkg'
[0.440s] Level 1:colcon.colcon_core.package_identification:_identify(src/arcuo_marker_detection) by extensions ['colcon_meta']
[0.440s] Level 1:colcon.colcon_core.package_identification:_identify(src/arcuo_marker_detection) by extension 'colcon_meta'
[0.440s] Level 1:colcon.colcon_core.package_identification:_identify(src/arcuo_marker_detection) by extensions ['ros']
[0.440s] Level 1:colcon.colcon_core.package_identification:_identify(src/arcuo_marker_detection) by extension 'ros'
[0.442s] DEBUG:colcon.colcon_core.package_identification:Package 'src/arcuo_marker_detection' with type 'ros.ament_python' and name 'arcuo_marker_detection'
[0.442s] Level 1:colcon.colcon_core.package_identification:_identify(src/docking_bringup) by extensions ['ignore', 'ignore_ament_install']
[0.442s] Level 1:colcon.colcon_core.package_identification:_identify(src/docking_bringup) by extension 'ignore'
[0.442s] Level 1:colcon.colcon_core.package_identification:_identify(src/docking_bringup) by extension 'ignore_ament_install'
[0.442s] Level 1:colcon.colcon_core.package_identification:_identify(src/docking_bringup) by extensions ['colcon_pkg']
[0.442s] Level 1:colcon.colcon_core.package_identification:_identify(src/docking_bringup) by extension 'colcon_pkg'
[0.442s] Level 1:colcon.colcon_core.package_identification:_identify(src/docking_bringup) by extensions ['colcon_meta']
[0.442s] Level 1:colcon.colcon_core.package_identification:_identify(src/docking_bringup) by extension 'colcon_meta'
[0.442s] Level 1:colcon.colcon_core.package_identification:_identify(src/docking_bringup) by extensions ['ros']
[0.442s] Level 1:colcon.colcon_core.package_identification:_identify(src/docking_bringup) by extension 'ros'
[0.443s] DEBUG:colcon.colcon_core.package_identification:Package 'src/docking_bringup' with type 'ros.ament_cmake' and name 'docking_bringup'
[0.443s] Level 1:colcon.colcon_core.package_identification:_identify(src/reach_the_goal) by extensions ['ignore', 'ignore_ament_install']
[0.443s] Level 1:colcon.colcon_core.package_identification:_identify(src/reach_the_goal) by extension 'ignore'
[0.443s] Level 1:colcon.colcon_core.package_identification:_identify(src/reach_the_goal) by extension 'ignore_ament_install'
[0.443s] Level 1:colcon.colcon_core.package_identification:_identify(src/reach_the_goal) by extensions ['colcon_pkg']
[0.443s] Level 1:colcon.colcon_core.package_identification:_identify(src/reach_the_goal) by extension 'colcon_pkg'
[0.443s] Level 1:colcon.colcon_core.package_identification:_identify(src/reach_the_goal) by extensions ['colcon_meta']
[0.443s] Level 1:colcon.colcon_core.package_identification:_identify(src/reach_the_goal) by extension 'colcon_meta'
[0.443s] Level 1:colcon.colcon_core.package_identification:_identify(src/reach_the_goal) by extensions ['ros']
[0.443s] Level 1:colcon.colcon_core.package_identification:_identify(src/reach_the_goal) by extension 'ros'
[0.443s] DEBUG:colcon.colcon_core.package_identification:Package 'src/reach_the_goal' with type 'ros.ament_python' and name 'reach_the_goal'
[0.444s] Level 1:colcon.colcon_core.package_identification:_identify(src/template_ros2) by extensions ['ignore', 'ignore_ament_install']
[0.444s] Level 1:colcon.colcon_core.package_identification:_identify(src/template_ros2) by extension 'ignore'
[0.444s] Level 1:colcon.colcon_core.package_identification:_identify(src/template_ros2) by extension 'ignore_ament_install'
[0.444s] Level 1:colcon.colcon_core.package_identification:_identify(src/template_ros2) by extensions ['colcon_pkg']
[0.444s] Level 1:colcon.colcon_core.package_identification:_identify(src/template_ros2) by extension 'colcon_pkg'
[0.444s] Level 1:colcon.colcon_core.package_identification:_identify(src/template_ros2) by extensions ['colcon_meta']
[0.444s] Level 1:colcon.colcon_core.package_identification:_identify(src/template_ros2) by extension 'colcon_meta'
[0.444s] Level 1:colcon.colcon_core.package_identification:_identify(src/template_ros2) by extensions ['ros']
[0.444s] Level 1:colcon.colcon_core.package_identification:_identify(src/template_ros2) by extension 'ros'
[0.444s] DEBUG:colcon.colcon_core.package_identification:Package 'src/template_ros2' with type 'ros.ament_python' and name 'template_ros2'
[0.444s] Level 1:colcon.colcon_core.package_discovery:discover_packages(recursive) using defaults
[0.444s] Level 1:colcon.colcon_core.package_discovery:discover_packages(ignore) discover
[0.444s] Level 1:colcon.colcon_core.package_discovery:discover_packages(ignore) using defaults
[0.444s] Level 1:colcon.colcon_core.package_discovery:discover_packages(path) discover
[0.444s] Level 1:colcon.colcon_core.package_discovery:discover_packages(path) using defaults
[0.460s] Level 1:colcon.colcon_core.package_discovery:discover_packages(prefix_path) check parameters
[0.460s] Level 1:colcon.colcon_core.package_discovery:discover_packages(prefix_path) discover
[0.462s] DEBUG:colcon.colcon_installed_package_information.package_discovery:Found 1 installed packages in /home/sarthak/Masters-Thesis-Precise-docking-with-Active-perception/install
[0.462s] DEBUG:colcon.colcon_installed_package_information.package_discovery:Found 4 installed packages in /home/sarthak/precise_docking_ws/install
[0.462s] DEBUG:colcon.colcon_installed_package_information.package_discovery:Found 4 installed packages in /home/sarthak/template_ws/install
[0.463s] DEBUG:colcon.colcon_installed_package_information.package_discovery:Found 13 installed packages in /home/sarthak/ws/install
[0.463s] DEBUG:colcon.colcon_installed_package_information.package_discovery:Found 4 installed packages in /home/sarthak/feature_based_robust_localization/install
[0.464s] DEBUG:colcon.colcon_installed_package_information.package_discovery:Found 1 installed packages in /home/sarthak/dev_ws/install
[0.464s] DEBUG:colcon.colcon_installed_package_information.package_discovery:Found 4 installed packages in /home/sarthak/precise_docking_simulatiom_ws/install
[0.465s] DEBUG:colcon.colcon_installed_package_information.package_discovery:Found 394 installed packages in /opt/ros/humble
[0.467s] Level 1:colcon.colcon_core.package_discovery:discover_packages(prefix_path) using defaults
[0.509s] Level 5:colcon.colcon_core.verb:set package 'arcuo_marker_detection' build argument 'bazel_args' from command line to 'None'
[0.509s] Level 5:colcon.colcon_core.verb:set package 'arcuo_marker_detection' build argument 'bazel_task' from command line to 'None'
[0.509s] Level 5:colcon.colcon_core.verb:set package 'arcuo_marker_detection' build argument 'cmake_args' from command line to 'None'
[0.509s] Level 5:colcon.colcon_core.verb:set package 'arcuo_marker_detection' build argument 'cmake_target' from command line to 'None'
[0.509s] Level 5:colcon.colcon_core.verb:set package 'arcuo_marker_detection' build argument 'cmake_target_skip_unavailable' from command line to 'False'
[0.509s] Level 5:colcon.colcon_core.verb:set package 'arcuo_marker_detection' build argument 'cmake_clean_cache' from command line to 'False'
[0.509s] Level 5:colcon.colcon_core.verb:set package 'arcuo_marker_detection' build argument 'cmake_clean_first' from command line to 'False'
[0.509s] Level 5:colcon.colcon_core.verb:set package 'arcuo_marker_detection' build argument 'cmake_force_configure' from command line to 'False'
[0.509s] Level 5:colcon.colcon_core.verb:set package 'arcuo_marker_detection' build argument 'meson_args' from command line to '[]'
[0.509s] Level 5:colcon.colcon_core.verb:set package 'arcuo_marker_detection' build argument 'ament_cmake_args' from command line to 'None'
[0.509s] Level 5:colcon.colcon_core.verb:set package 'arcuo_marker_detection' build argument 'catkin_cmake_args' from command line to 'None'
[0.509s] Level 5:colcon.colcon_core.verb:set package 'arcuo_marker_detection' build argument 'catkin_skip_building_tests' from command line to 'False'
[0.509s] DEBUG:colcon.colcon_core.verb:Building package 'arcuo_marker_detection' with the following arguments: {'ament_cmake_args': None, 'bazel_args': None, 'bazel_task': None, 'build_base': '/home/sarthak/precise_docking_ws/build/arcuo_marker_detection', 'catkin_cmake_args': None, 'catkin_skip_building_tests': False, 'cmake_args': None, 'cmake_clean_cache': False, 'cmake_clean_first': False, 'cmake_force_configure': False, 'cmake_target': None, 'cmake_target_skip_unavailable': False, 'install_base': '/home/sarthak/precise_docking_ws/install/arcuo_marker_detection', 'merge_install': False, 'meson_args': [], 'path': '/home/sarthak/precise_docking_ws/src/arcuo_marker_detection', 'symlink_install': False, 'test_result_base': None}
[0.516s] Level 5:colcon.colcon_core.verb:set package 'reach_the_goal' build argument 'bazel_args' from command line to 'None'
[0.517s] Level 5:colcon.colcon_core.verb:set package 'reach_the_goal' build argument 'bazel_task' from command line to 'None'
[0.517s] Level 5:colcon.colcon_core.verb:set package 'reach_the_goal' build argument 'cmake_args' from command line to 'None'
[0.517s] Level 5:colcon.colcon_core.verb:set package 'reach_the_goal' build argument 'cmake_target' from command line to 'None'
[0.517s] Level 5:colcon.colcon_core.verb:set package 'reach_the_goal' build argument 'cmake_target_skip_unavailable' from command line to 'False'
[0.517s] Level 5:colcon.colcon_core.verb:set package 'reach_the_goal' build argument 'cmake_clean_cache' from command line to 'False'
[0.517s] Level 5:colcon.colcon_core.verb:set package 'reach_the_goal' build argument 'cmake_clean_first' from command line to 'False'
[0.517s] Level 5:colcon.colcon_core.verb:set package 'reach_the_goal' build argument 'cmake_force_configure' from command line to 'False'
[0.517s] Level 5:colcon.colcon_core.verb:set package 'reach_the_goal' build argument 'meson_args' from command line to '[]'
[0.517s] Level 5:colcon.colcon_core.verb:set package 'reach_the_goal' build argument 'ament_cmake_args' from command line to 'None'
[0.517s] Level 5:colcon.colcon_core.verb:set package 'reach_the_goal' build argument 'catkin_cmake_args' from command line to 'None'
[0.517s] Level 5:colcon.colcon_core.verb:set package 'reach_the_goal' build argument 'catkin_skip_building_tests' from command line to 'False'
[0.517s] DEBUG:colcon.colcon_core.verb:Building package 'reach_the_goal' with the following arguments: {'ament_cmake_args': None, 'bazel_args': None, 'bazel_task': None, 'build_base': '/home/sarthak/precise_docking_ws/build/reach_the_goal', 'catkin_cmake_args': None, 'catkin_skip_building_tests': False, 'cmake_args': None, 'cmake_clean_cache': False, 'cmake_clean_first': False, 'cmake_force_configure': False, 'cmake_target': None, 'cmake_target_skip_unavailable': False, 'install_base': '/home/sarthak/precise_docking_ws/install/reach_the_goal', 'merge_install': False, 'meson_args': [], 'path': '/home/sarthak/precise_docking_ws/src/reach_the_goal', 'symlink_install': False, 'test_result_base': None}
[0.525s] Level 5:colcon.colcon_core.verb:set package 'template_ros2' build argument 'bazel_args' from command line to 'None'
[0.525s] Level 5:colcon.colcon_core.verb:set package 'template_ros2' build argument 'bazel_task' from command line to 'None'
[0.525s] Level 5:colcon.colcon_core.verb:set package 'template_ros2' build argument 'cmake_args' from command line to 'None'
[0.525s] Level 5:colcon.colcon_core.verb:set package 'template_ros2' build argument 'cmake_target' from command line to 'None'
[0.525s] Level 5:colcon.colcon_core.verb:set package 'template_ros2' build argument 'cmake_target_skip_unavailable' from command line to 'False'
[0.525s] Level 5:colcon.colcon_core.verb:set package 'template_ros2' build argument 'cmake_clean_cache' from command line to 'False'
[0.525s] Level 5:colcon.colcon_core.verb:set package 'template_ros2' build argument 'cmake_clean_first' from command line to 'False'
[0.525s] Level 5:colcon.colcon_core.verb:set package 'template_ros2' build argument 'cmake_force_configure' from command line to 'False'
[0.525s] Level 5:colcon.colcon_core.verb:set package 'template_ros2' build argument 'meson_args' from command line to '[]'
[0.525s] Level 5:colcon.colcon_core.verb:set package 'template_ros2' build argument 'ament_cmake_args' from command line to 'None'
[0.525s] Level 5:colcon.colcon_core.verb:set package 'template_ros2' build argument 'catkin_cmake_args' from command line to 'None'
[0.525s] Level 5:colcon.colcon_core.verb:set package 'template_ros2' build argument 'catkin_skip_building_tests' from command line to 'False'
[0.525s] DEBUG:colcon.colcon_core.verb:Building package 'template_ros2' with the following arguments: {'ament_cmake_args': None, 'bazel_args': None, 'bazel_task': None, 'build_base': '/home/sarthak/precise_docking_ws/build/template_ros2', 'catkin_cmake_args': None, 'catkin_skip_building_tests': False, 'cmake_args': None, 'cmake_clean_cache': False, 'cmake_clean_first': False, 'cmake_force_configure': False, 'cmake_target': None, 'cmake_target_skip_unavailable': False, 'install_base': '/home/sarthak/precise_docking_ws/install/template_ros2', 'merge_install': False, 'meson_args': [], 'path': '/home/sarthak/precise_docking_ws/src/template_ros2', 'symlink_install': False, 'test_result_base': None}
[0.532s] Level 5:colcon.colcon_core.verb:set package 'docking_bringup' build argument 'bazel_args' from command line to 'None'
[0.532s] Level 5:colcon.colcon_core.verb:set package 'docking_bringup' build argument 'bazel_task' from command line to 'None'
[0.533s] Level 5:colcon.colcon_core.verb:set package 'docking_bringup' build argument 'cmake_args' from command line to 'None'
[0.533s] Level 5:colcon.colcon_core.verb:set package 'docking_bringup' build argument 'cmake_target' from command line to 'None'
[0.533s] Level 5:colcon.colcon_core.verb:set package 'docking_bringup' build argument 'cmake_target_skip_unavailable' from command line to 'False'
[0.533s] Level 5:colcon.colcon_core.verb:set package 'docking_bringup' build argument 'cmake_clean_cache' from command line to 'False'
[0.533s] Level 5:colcon.colcon_core.verb:set package 'docking_bringup' build argument 'cmake_clean_first' from command line to 'False'
[0.533s] Level 5:colcon.colcon_core.verb:set package 'docking_bringup' build argument 'cmake_force_configure' from command line to 'False'
[0.533s] Level 5:colcon.colcon_core.verb:set package 'docking_bringup' build argument 'meson_args' from command line to '[]'
[0.533s] Level 5:colcon.colcon_core.verb:set package 'docking_bringup' build argument 'ament_cmake_args' from command line to 'None'
[0.533s] Level 5:colcon.colcon_core.verb:set package 'docking_bringup' build argument 'catkin_cmake_args' from command line to 'None'
[0.533s] Level 5:colcon.colcon_core.verb:set package 'docking_bringup' build argument 'catkin_skip_building_tests' from command line to 'False'
[0.533s] DEBUG:colcon.colcon_core.verb:Building package 'docking_bringup' with the following arguments: {'ament_cmake_args': None, 'bazel_args': None, 'bazel_task': None, 'build_base': '/home/sarthak/precise_docking_ws/build/docking_bringup', 'catkin_cmake_args': None, 'catkin_skip_building_tests': False, 'cmake_args': None, 'cmake_clean_cache': False, 'cmake_clean_first': False, 'cmake_force_configure': False, 'cmake_target': None, 'cmake_target_skip_unavailable': False, 'install_base': '/home/sarthak/precise_docking_ws/install/docking_bringup', 'merge_install': False, 'meson_args': [], 'path': '/home/sarthak/precise_docking_ws/src/docking_bringup', 'symlink_install': False, 'test_result_base': None}
[0.533s] INFO:colcon.colcon_core.executor:Executing jobs using 'parallel' executor
[0.534s] DEBUG:colcon.colcon_parallel_executor.executor.parallel:run_until_complete
[0.534s] INFO:colcon.colcon_ros.task.ament_python.build:Building ROS package in '/home/sarthak/precise_docking_ws/src/arcuo_marker_detection' with build type 'ament_python'
[0.534s] Level 1:colcon.colcon_core.shell:create_environment_hook('arcuo_marker_detection', 'ament_prefix_path')
[0.536s] INFO:colcon.colcon_core.plugin_system:Skipping extension 'colcon_core.shell.bat': Not used on non-Windows systems
[0.537s] INFO:colcon.colcon_core.shell:Creating environment hook '/home/sarthak/precise_docking_ws/install/arcuo_marker_detection/share/arcuo_marker_detection/hook/ament_prefix_path.ps1'
[0.537s] INFO:colcon.colcon_core.shell:Creating environment descriptor '/home/sarthak/precise_docking_ws/install/arcuo_marker_detection/share/arcuo_marker_detection/hook/ament_prefix_path.dsv'
[0.537s] INFO:colcon.colcon_core.shell:Creating environment hook '/home/sarthak/precise_docking_ws/install/arcuo_marker_detection/share/arcuo_marker_detection/hook/ament_prefix_path.sh'
[0.538s] DEBUG:colcon.colcon_ros_domain_id_coordinator.shell.ros_domain_id:Allocated ROS_DOMAIN_ID=88 for '/home/sarthak/precise_docking_ws/build/arcuo_marker_detection'
[0.538s] INFO:colcon.colcon_core.shell:Skip shell extension 'ros_domain_id' for command environment: 
[0.538s] INFO:colcon.colcon_core.shell:Skip shell extension 'powershell' for command environment: Not usable outside of PowerShell
[0.538s] DEBUG:colcon.colcon_core.shell:Skip shell extension 'dsv' for command environment
[0.542s] INFO:colcon.colcon_ros.task.ament_python.build:Building ROS package in '/home/sarthak/precise_docking_ws/src/reach_the_goal' with build type 'ament_python'
[0.542s] Level 1:colcon.colcon_core.shell:create_environment_hook('reach_the_goal', 'ament_prefix_path')
[0.543s] INFO:colcon.colcon_core.shell:Creating environment hook '/home/sarthak/precise_docking_ws/install/reach_the_goal/share/reach_the_goal/hook/ament_prefix_path.ps1'
[0.543s] INFO:colcon.colcon_core.shell:Creating environment descriptor '/home/sarthak/precise_docking_ws/install/reach_the_goal/share/reach_the_goal/hook/ament_prefix_path.dsv'
[0.543s] INFO:colcon.colcon_core.shell:Creating environment hook '/home/sarthak/precise_docking_ws/install/reach_the_goal/share/reach_the_goal/hook/ament_prefix_path.sh'
[0.543s] DEBUG:colcon.colcon_ros_domain_id_coordinator.shell.ros_domain_id:Allocated ROS_DOMAIN_ID=11 for '/home/sarthak/precise_docking_ws/build/reach_the_goal'
[0.543s] INFO:colcon.colcon_core.shell:Skip shell extension 'ros_domain_id' for command environment: 
[0.543s] INFO:colcon.colcon_core.shell:Skip shell extension 'powershell' for command environment: Not usable outside of PowerShell
[0.543s] DEBUG:colcon.colcon_core.shell:Skip shell extension 'dsv' for command environment
[0.548s] INFO:colcon.colcon_ros.task.ament_python.build:Building ROS package in '/home/sarthak/precise_docking_ws/src/template_ros2' with build type 'ament_python'
[0.548s] Level 1:colcon.colcon_core.shell:create_environment_hook('template_ros2', 'ament_prefix_path')
[0.549s] INFO:colcon.colcon_core.shell:Creating environment hook '/home/sarthak/precise_docking_ws/install/template_ros2/share/template_ros2/hook/ament_prefix_path.ps1'
[0.549s] INFO:colcon.colcon_core.shell:Creating environment descriptor '/home/sarthak/precise_docking_ws/install/template_ros2/share/template_ros2/hook/ament_prefix_path.dsv'
[0.550s] INFO:colcon.colcon_core.shell:Creating environment hook '/home/sarthak/precise_docking_ws/install/template_ros2/share/template_ros2/hook/ament_prefix_path.sh'
[0.550s] DEBUG:colcon.colcon_ros_domain_id_coordinator.shell.ros_domain_id:Allocated ROS_DOMAIN_ID=58 for '/home/sarthak/precise_docking_ws/build/template_ros2'
[0.551s] INFO:colcon.colcon_core.shell:Skip shell extension 'ros_domain_id' for command environment: 
[0.551s] INFO:colcon.colcon_core.shell:Skip shell extension 'powershell' for command environment: Not usable outside of PowerShell
[0.551s] DEBUG:colcon.colcon_core.shell:Skip shell extension 'dsv' for command environment
[0.812s] INFO:colcon.colcon_core.task.python.build:Building Python package in '/home/sarthak/precise_docking_ws/src/arcuo_marker_detection'
[0.813s] DEBUG:colcon.colcon_ros_domain_id_coordinator.shell.ros_domain_id:Allocated ROS_DOMAIN_ID=88 for '/home/sarthak/precise_docking_ws/build/arcuo_marker_detection'
[0.813s] INFO:colcon.colcon_core.shell:Skip shell extension 'ros_domain_id' for command environment: 
[0.813s] INFO:colcon.colcon_core.shell:Skip shell extension 'powershell' for command environment: Not usable outside of PowerShell
[0.813s] DEBUG:colcon.colcon_core.shell:Skip shell extension 'dsv' for command environment
[1.066s] INFO:colcon.colcon_core.task.python.build:Building Python package in '/home/sarthak/precise_docking_ws/src/reach_the_goal'
[1.067s] DEBUG:colcon.colcon_ros_domain_id_coordinator.shell.ros_domain_id:Allocated ROS_DOMAIN_ID=11 for '/home/sarthak/precise_docking_ws/build/reach_the_goal'
[1.067s] INFO:colcon.colcon_core.shell:Skip shell extension 'ros_domain_id' for command environment: 
[1.067s] INFO:colcon.colcon_core.shell:Skip shell extension 'powershell' for command environment: Not usable outside of PowerShell
[1.067s] DEBUG:colcon.colcon_core.shell:Skip shell extension 'dsv' for command environment
[1.300s] INFO:colcon.colcon_core.task.python.build:Building Python package in '/home/sarthak/precise_docking_ws/src/template_ros2'
[1.301s] DEBUG:colcon.colcon_ros_domain_id_coordinator.shell.ros_domain_id:Allocated ROS_DOMAIN_ID=58 for '/home/sarthak/precise_docking_ws/build/template_ros2'
[1.301s] INFO:colcon.colcon_core.shell:Skip shell extension 'ros_domain_id' for command environment: 
[1.301s] INFO:colcon.colcon_core.shell:Skip shell extension 'powershell' for command environment: Not usable outside of PowerShell
[1.301s] DEBUG:colcon.colcon_core.shell:Skip shell extension 'dsv' for command environment
[1.707s] DEBUG:colcon.colcon_core.event_handler.log_command:Invoking command in '/home/sarthak/precise_docking_ws/src/reach_the_goal': PYTHONPATH=/home/sarthak/precise_docking_ws/build/reach_the_goal/prefix_override:/home/sarthak/.local/lib/python3.10/site-packages/colcon_core/task/python/colcon_distutils_commands:/home/sarthak/precise_docking_ws/install/reach_the_goal/lib/python3.10/site-packages:${PYTHONPATH} ROS_DOMAIN_ID=11 /usr/bin/python3 -W ignore:setup.py install is deprecated setup.py egg_info --egg-base ../../build/reach_the_goal build --build-base /home/sarthak/precise_docking_ws/build/reach_the_goal/build install --record /home/sarthak/precise_docking_ws/build/reach_the_goal/install.log --single-version-externally-managed install_data
[1.727s] DEBUG:colcon.colcon_core.event_handler.log_command:Invoking command in '/home/sarthak/precise_docking_ws/src/arcuo_marker_detection': PYTHONPATH=/home/sarthak/precise_docking_ws/build/arcuo_marker_detection/prefix_override:/home/sarthak/.local/lib/python3.10/site-packages/colcon_core/task/python/colcon_distutils_commands:/home/sarthak/precise_docking_ws/install/arcuo_marker_detection/lib/python3.10/site-packages:${PYTHONPATH} ROS_DOMAIN_ID=88 /usr/bin/python3 -W ignore:setup.py install is deprecated setup.py egg_info --egg-base ../../build/arcuo_marker_detection build --build-base /home/sarthak/precise_docking_ws/build/arcuo_marker_detection/build install --record /home/sarthak/precise_docking_ws/build/arcuo_marker_detection/install.log --single-version-externally-managed install_data
[1.741s] DEBUG:colcon.colcon_core.event_handler.log_command:Invoking command in '/home/sarthak/precise_docking_ws/src/template_ros2': PYTHONPATH=/home/sarthak/precise_docking_ws/build/template_ros2/prefix_override:/home/sarthak/.local/lib/python3.10/site-packages/colcon_core/task/python/colcon_distutils_commands:/home/sarthak/precise_docking_ws/install/template_ros2/lib/python3.10/site-packages:${PYTHONPATH} /usr/bin/python3 -W ignore:setup.py install is deprecated setup.py egg_info --egg-base ../../build/template_ros2 build --build-base /home/sarthak/precise_docking_ws/build/template_ros2/build install --record /home/sarthak/precise_docking_ws/build/template_ros2/install.log --single-version-externally-managed install_data
[2.038s] DEBUG:colcon.colcon_core.event_handler.log_command:Invoked command in '/home/sarthak/precise_docking_ws/src/reach_the_goal' returned '0': PYTHONPATH=/home/sarthak/precise_docking_ws/build/reach_the_goal/prefix_override:/home/sarthak/.local/lib/python3.10/site-packages/colcon_core/task/python/colcon_distutils_commands:/home/sarthak/precise_docking_ws/install/reach_the_goal/lib/python3.10/site-packages:${PYTHONPATH} ROS_DOMAIN_ID=11 /usr/bin/python3 -W ignore:setup.py install is deprecated setup.py egg_info --egg-base ../../build/reach_the_goal build --build-base /home/sarthak/precise_docking_ws/build/reach_the_goal/build install --record /home/sarthak/precise_docking_ws/build/reach_the_goal/install.log --single-version-externally-managed install_data
[2.045s] Level 1:colcon.colcon_core.environment:checking '/home/sarthak/precise_docking_ws/install/reach_the_goal' for CMake module files
[2.046s] Level 1:colcon.colcon_core.environment:checking '/home/sarthak/precise_docking_ws/install/reach_the_goal' for CMake config files
[2.047s] Level 1:colcon.colcon_core.environment:checking '/home/sarthak/precise_docking_ws/install/reach_the_goal/lib'
[2.048s] Level 1:colcon.colcon_core.environment:checking '/home/sarthak/precise_docking_ws/install/reach_the_goal/bin'
[2.048s] Level 1:colcon.colcon_core.environment:checking '/home/sarthak/precise_docking_ws/install/reach_the_goal/lib/pkgconfig/reach_the_goal.pc'
[2.048s] Level 1:colcon.colcon_core.environment:checking '/home/sarthak/precise_docking_ws/install/reach_the_goal/lib/python3.10/site-packages'
[2.049s] Level 1:colcon.colcon_core.shell:create_environment_hook('reach_the_goal', 'pythonpath')
[2.049s] INFO:colcon.colcon_core.shell:Creating environment hook '/home/sarthak/precise_docking_ws/install/reach_the_goal/share/reach_the_goal/hook/pythonpath.ps1'
[2.050s] INFO:colcon.colcon_core.shell:Creating environment descriptor '/home/sarthak/precise_docking_ws/install/reach_the_goal/share/reach_the_goal/hook/pythonpath.dsv'
[2.050s] INFO:colcon.colcon_core.shell:Creating environment hook '/home/sarthak/precise_docking_ws/install/reach_the_goal/share/reach_the_goal/hook/pythonpath.sh'
[2.050s] Level 1:colcon.colcon_core.environment:checking '/home/sarthak/precise_docking_ws/install/reach_the_goal/bin'
[2.050s] Level 1:colcon.colcon_core.environment:create_environment_scripts_only(reach_the_goal)
[2.051s] INFO:colcon.colcon_core.shell:Creating package script '/home/sarthak/precise_docking_ws/install/reach_the_goal/share/reach_the_goal/package.ps1'
[2.052s] INFO:colcon.colcon_core.shell:Creating package descriptor '/home/sarthak/precise_docking_ws/install/reach_the_goal/share/reach_the_goal/package.dsv'
[2.053s] INFO:colcon.colcon_core.shell:Creating package script '/home/sarthak/precise_docking_ws/install/reach_the_goal/share/reach_the_goal/package.sh'
[2.053s] INFO:colcon.colcon_core.shell:Creating package script '/home/sarthak/precise_docking_ws/install/reach_the_goal/share/reach_the_goal/package.bash'
[2.053s] INFO:colcon.colcon_core.shell:Creating package script '/home/sarthak/precise_docking_ws/install/reach_the_goal/share/reach_the_goal/package.zsh'
[2.054s] Level 1:colcon.colcon_core.environment:create_file_with_runtime_dependencies(/home/sarthak/precise_docking_ws/install/reach_the_goal/share/colcon-core/packages/reach_the_goal)
[2.054s] DEBUG:colcon.colcon_ros_domain_id_coordinator.shell.ros_domain_id:Released ROS_DOMAIN_ID=11 for '/home/sarthak/precise_docking_ws/build/reach_the_goal'
[2.056s] Level 1:colcon.colcon_core.environment:checking '/home/sarthak/precise_docking_ws/install/arcuo_marker_detection' for CMake module files
[2.057s] Level 1:colcon.colcon_core.environment:checking '/home/sarthak/precise_docking_ws/install/arcuo_marker_detection' for CMake config files
[2.057s] DEBUG:colcon.colcon_core.event_handler.log_command:Invoked command in '/home/sarthak/precise_docking_ws/src/arcuo_marker_detection' returned '0': PYTHONPATH=/home/sarthak/precise_docking_ws/build/arcuo_marker_detection/prefix_override:/home/sarthak/.local/lib/python3.10/site-packages/colcon_core/task/python/colcon_distutils_commands:/home/sarthak/precise_docking_ws/install/arcuo_marker_detection/lib/python3.10/site-packages:${PYTHONPATH} ROS_DOMAIN_ID=88 /usr/bin/python3 -W ignore:setup.py install is deprecated setup.py egg_info --egg-base ../../build/arcuo_marker_detection build --build-base /home/sarthak/precise_docking_ws/build/arcuo_marker_detection/build install --record /home/sarthak/precise_docking_ws/build/arcuo_marker_detection/install.log --single-version-externally-managed install_data
[2.057s] Level 1:colcon.colcon_core.environment:checking '/home/sarthak/precise_docking_ws/install/arcuo_marker_detection/lib'
[2.058s] Level 1:colcon.colcon_core.environment:checking '/home/sarthak/precise_docking_ws/install/arcuo_marker_detection/bin'
[2.058s] Level 1:colcon.colcon_core.environment:checking '/home/sarthak/precise_docking_ws/install/arcuo_marker_detection/lib/pkgconfig/arcuo_marker_detection.pc'
[2.058s] Level 1:colcon.colcon_core.environment:checking '/home/sarthak/precise_docking_ws/install/arcuo_marker_detection/lib/python3.10/site-packages'
[2.058s] Level 1:colcon.colcon_core.shell:create_environment_hook('arcuo_marker_detection', 'pythonpath')
[2.058s] INFO:colcon.colcon_core.shell:Creating environment hook '/home/sarthak/precise_docking_ws/install/arcuo_marker_detection/share/arcuo_marker_detection/hook/pythonpath.ps1'
[2.059s] INFO:colcon.colcon_core.shell:Creating environment descriptor '/home/sarthak/precise_docking_ws/install/arcuo_marker_detection/share/arcuo_marker_detection/hook/pythonpath.dsv'
[2.060s] INFO:colcon.colcon_core.shell:Creating environment hook '/home/sarthak/precise_docking_ws/install/arcuo_marker_detection/share/arcuo_marker_detection/hook/pythonpath.sh'
[2.062s] Level 1:colcon.colcon_core.environment:checking '/home/sarthak/precise_docking_ws/install/arcuo_marker_detection/bin'
[2.062s] Level 1:colcon.colcon_core.environment:create_environment_scripts_only(arcuo_marker_detection)
[2.063s] INFO:colcon.colcon_core.shell:Creating package script '/home/sarthak/precise_docking_ws/install/arcuo_marker_detection/share/arcuo_marker_detection/package.ps1'
[2.064s] INFO:colcon.colcon_core.shell:Creating package descriptor '/home/sarthak/precise_docking_ws/install/arcuo_marker_detection/share/arcuo_marker_detection/package.dsv'
[2.064s] INFO:colcon.colcon_core.shell:Creating package script '/home/sarthak/precise_docking_ws/install/arcuo_marker_detection/share/arcuo_marker_detection/package.sh'
[2.064s] INFO:colcon.colcon_core.shell:Creating package script '/home/sarthak/precise_docking_ws/install/arcuo_marker_detection/share/arcuo_marker_detection/package.bash'
[2.065s] INFO:colcon.colcon_core.shell:Creating package script '/home/sarthak/precise_docking_ws/install/arcuo_marker_detection/share/arcuo_marker_detection/package.zsh'
[2.065s] Level 1:colcon.colcon_core.environment:create_file_with_runtime_dependencies(/home/sarthak/precise_docking_ws/install/arcuo_marker_detection/share/colcon-core/packages/arcuo_marker_detection)
[2.065s] Level 1:colcon.colcon_core.environment:checking '/home/sarthak/precise_docking_ws/install/template_ros2' for CMake module files
[2.066s] DEBUG:colcon.colcon_ros_domain_id_coordinator.shell.ros_domain_id:Released ROS_DOMAIN_ID=88 for '/home/sarthak/precise_docking_ws/build/arcuo_marker_detection'
[2.068s] Level 1:colcon.colcon_core.environment:checking '/home/sarthak/precise_docking_ws/install/template_ros2' for CMake config files
[2.069s] DEBUG:colcon.colcon_core.event_handler.log_command:Invoked command in '/home/sarthak/precise_docking_ws/src/template_ros2' returned '0': PYTHONPATH=/home/sarthak/precise_docking_ws/build/template_ros2/prefix_override:/home/sarthak/.local/lib/python3.10/site-packages/colcon_core/task/python/colcon_distutils_commands:/home/sarthak/precise_docking_ws/install/template_ros2/lib/python3.10/site-packages:${PYTHONPATH} /usr/bin/python3 -W ignore:setup.py install is deprecated setup.py egg_info --egg-base ../../build/template_ros2 build --build-base /home/sarthak/precise_docking_ws/build/template_ros2/build install --record /home/sarthak/precise_docking_ws/build/template_ros2/install.log --single-version-externally-managed install_data
[2.071s] Level 1:colcon.colcon_core.environment:checking '/home/sarthak/precise_docking_ws/install/template_ros2/lib'
[2.071s] Level 1:colcon.colcon_core.environment:checking '/home/sarthak/precise_docking_ws/install/template_ros2/bin'
[2.071s] Level 1:colcon.colcon_core.environment:checking '/home/sarthak/precise_docking_ws/install/template_ros2/lib/pkgconfig/template_ros2.pc'
[2.072s] Level 1:colcon.colcon_core.environment:checking '/home/sarthak/precise_docking_ws/install/template_ros2/lib/python3.10/site-packages'
[2.072s] Level 1:colcon.colcon_core.shell:create_environment_hook('template_ros2', 'pythonpath')
[2.072s] INFO:colcon.colcon_core.shell:Creating environment hook '/home/sarthak/precise_docking_ws/install/template_ros2/share/template_ros2/hook/pythonpath.ps1'
[2.073s] INFO:colcon.colcon_core.shell:Creating environment descriptor '/home/sarthak/precise_docking_ws/install/template_ros2/share/template_ros2/hook/pythonpath.dsv'
[2.073s] INFO:colcon.colcon_core.shell:Creating environment hook '/home/sarthak/precise_docking_ws/install/template_ros2/share/template_ros2/hook/pythonpath.sh'
[2.074s] Level 1:colcon.colcon_core.environment:checking '/home/sarthak/precise_docking_ws/install/template_ros2/bin'
[2.074s] Level 1:colcon.colcon_core.environment:create_environment_scripts_only(template_ros2)
[2.075s] INFO:colcon.colcon_core.shell:Creating package script '/home/sarthak/precise_docking_ws/install/template_ros2/share/template_ros2/package.ps1'
[2.076s] INFO:colcon.colcon_core.shell:Creating package descriptor '/home/sarthak/precise_docking_ws/install/template_ros2/share/template_ros2/package.dsv'
[2.076s] INFO:colcon.colcon_core.shell:Creating package script '/home/sarthak/precise_docking_ws/install/template_ros2/share/template_ros2/package.sh'
[2.077s] INFO:colcon.colcon_core.shell:Creating package script '/home/sarthak/precise_docking_ws/install/template_ros2/share/template_ros2/package.bash'
[2.078s] INFO:colcon.colcon_core.shell:Creating package script '/home/sarthak/precise_docking_ws/install/template_ros2/share/template_ros2/package.zsh'
[2.078s] Level 1:colcon.colcon_core.environment:create_file_with_runtime_dependencies(/home/sarthak/precise_docking_ws/install/template_ros2/share/colcon-core/packages/template_ros2)
[2.079s] INFO:colcon.colcon_ros.task.ament_cmake.build:Building ROS package in '/home/sarthak/precise_docking_ws/src/docking_bringup' with build type 'ament_cmake'
[2.079s] INFO:colcon.colcon_cmake.task.cmake.build:Building CMake package in '/home/sarthak/precise_docking_ws/src/docking_bringup'
[2.079s] DEBUG:colcon.colcon_ros_domain_id_coordinator.shell.ros_domain_id:Released ROS_DOMAIN_ID=58 for '/home/sarthak/precise_docking_ws/build/template_ros2'
[2.080s] DEBUG:colcon.colcon_ros_domain_id_coordinator.shell.ros_domain_id:Allocated ROS_DOMAIN_ID=68 for '/home/sarthak/precise_docking_ws/build/docking_bringup'
[2.080s] INFO:colcon.colcon_core.shell:Skip shell extension 'ros_domain_id' for command environment: 
[2.080s] INFO:colcon.colcon_core.shell:Skip shell extension 'powershell' for command environment: Not usable outside of PowerShell
[2.080s] DEBUG:colcon.colcon_core.shell:Skip shell extension 'dsv' for command environment
[2.096s] DEBUG:colcon.colcon_core.event_handler.log_command:Invoking command in '/home/sarthak/precise_docking_ws/build/docking_bringup': AMENT_PREFIX_PATH=/home/sarthak/precise_docking_ws/install/arcuo_marker_detection:/home/sarthak/precise_docking_ws/install/docking_bringup:/home/sarthak/precise_docking_ws/install/template_ros2:/home/sarthak/precise_docking_ws/install/reach_the_goal:/home/sarthak/Masters-Thesis-Precise-docking-with-Active-perception/install/mobile_robot_model_package:/home/sarthak/dev_ws/install/basic_mobile_robot:/home/sarthak/precise_docking_simulatiom_ws/install/ros_gz_example_bringup:/home/sarthak/precise_docking_simulatiom_ws/install/ros_gz_example_gazebo:/home/sarthak/precise_docking_simulatiom_ws/install/ros_gz_example_description:/home/sarthak/precise_docking_simulatiom_ws/install/ros_gz_example_application:/home/sarthak/feature_based_robust_localization/install/feature_localization_bringup:/home/sarthak/feature_based_robust_localization/install/state_prediction_and_covariance:/home/sarthak/feature_based_robust_localization/install/live_data_visualization:/home/sarthak/feature_based_robust_localization/install/feature_extraction:/home/sarthak/template_ws/install/ros_gz_example_bringup:/home/sarthak/template_ws/install/ros_gz_example_gazebo:/home/sarthak/template_ws/install/ros_gz_example_description:/home/sarthak/template_ws/install/ros_gz_example_application:/home/sarthak/ws/install/test_ros_gz_bridge:/home/sarthak/ws/install/ros_ign_interfaces:/home/sarthak/ws/install/ros_ign:/home/sarthak/ws/install/ros_ign_image:/home/sarthak/ws/install/ros_ign_gazebo_demos:/home/sarthak/ws/install/ros_ign_gazebo:/home/sarthak/ws/install/ros_ign_bridge:/home/sarthak/ws/install/ros_gz:/home/sarthak/ws/install/ros_gz_sim_demos:/home/sarthak/ws/install/ros_gz_sim:/home/sarthak/ws/install/ros_gz_image:/home/sarthak/ws/install/ros_gz_bridge:/home/sarthak/ws/install/ros_gz_interfaces:/opt/ros/humble CMAKE_PREFIX_PATH=${CMAKE_PREFIX_PATH}:/home/sarthak/precise_docking_ws/install/template_ros2:/home/sarthak/precise_docking_ws/install/reach_the_goal:/home/sarthak/precise_docking_ws/install/arcuo_marker_detection:/home/sarthak/feature_based_robust_localization/install/state_prediction_and_covariance:/home/sarthak/feature_based_robust_localization/install/live_data_visualization:/opt/ros/humble PYTHONPATH=/home/sarthak/precise_docking_ws/install/arcuo_marker_detection/lib/python3.10/site-packages:/home/sarthak/precise_docking_ws/install/template_ros2/lib/python3.10/site-packages:/home/sarthak/precise_docking_ws/install/reach_the_goal/lib/python3.10/site-packages:/home/sarthak/feature_based_robust_localization/install/state_prediction_and_covariance/lib/python3.10/site-packages:/home/sarthak/feature_based_robust_localization/install/live_data_visualization/lib/python3.10/site-packages:/home/sarthak/ws/install/ros_ign_interfaces/local/lib/python3.10/dist-packages:/home/sarthak/ws/install/ros_gz_interfaces/local/lib/python3.10/dist-packages:/opt/ros/humble/lib/python3.10/site-packages:/opt/ros/humble/local/lib/python3.10/dist-packages /usr/bin/cmake --build /home/sarthak/precise_docking_ws/build/docking_bringup -- -j20 -l20
[2.154s] DEBUG:colcon.colcon_core.event_handler.log_command:Invoked command in '/home/sarthak/precise_docking_ws/build/docking_bringup' returned '0': AMENT_PREFIX_PATH=/home/sarthak/precise_docking_ws/install/arcuo_marker_detection:/home/sarthak/precise_docking_ws/install/docking_bringup:/home/sarthak/precise_docking_ws/install/template_ros2:/home/sarthak/precise_docking_ws/install/reach_the_goal:/home/sarthak/Masters-Thesis-Precise-docking-with-Active-perception/install/mobile_robot_model_package:/home/sarthak/dev_ws/install/basic_mobile_robot:/home/sarthak/precise_docking_simulatiom_ws/install/ros_gz_example_bringup:/home/sarthak/precise_docking_simulatiom_ws/install/ros_gz_example_gazebo:/home/sarthak/precise_docking_simulatiom_ws/install/ros_gz_example_description:/home/sarthak/precise_docking_simulatiom_ws/install/ros_gz_example_application:/home/sarthak/feature_based_robust_localization/install/feature_localization_bringup:/home/sarthak/feature_based_robust_localization/install/state_prediction_and_covariance:/home/sarthak/feature_based_robust_localization/install/live_data_visualization:/home/sarthak/feature_based_robust_localization/install/feature_extraction:/home/sarthak/template_ws/install/ros_gz_example_bringup:/home/sarthak/template_ws/install/ros_gz_example_gazebo:/home/sarthak/template_ws/install/ros_gz_example_description:/home/sarthak/template_ws/install/ros_gz_example_application:/home/sarthak/ws/install/test_ros_gz_bridge:/home/sarthak/ws/install/ros_ign_interfaces:/home/sarthak/ws/install/ros_ign:/home/sarthak/ws/install/ros_ign_image:/home/sarthak/ws/install/ros_ign_gazebo_demos:/home/sarthak/ws/install/ros_ign_gazebo:/home/sarthak/ws/install/ros_ign_bridge:/home/sarthak/ws/install/ros_gz:/home/sarthak/ws/install/ros_gz_sim_demos:/home/sarthak/ws/install/ros_gz_sim:/home/sarthak/ws/install/ros_gz_image:/home/sarthak/ws/install/ros_gz_bridge:/home/sarthak/ws/install/ros_gz_interfaces:/opt/ros/humble CMAKE_PREFIX_PATH=${CMAKE_PREFIX_PATH}:/home/sarthak/precise_docking_ws/install/template_ros2:/home/sarthak/precise_docking_ws/install/reach_the_goal:/home/sarthak/precise_docking_ws/install/arcuo_marker_detection:/home/sarthak/feature_based_robust_localization/install/state_prediction_and_covariance:/home/sarthak/feature_based_robust_localization/install/live_data_visualization:/opt/ros/humble PYTHONPATH=/home/sarthak/precise_docking_ws/install/arcuo_marker_detection/lib/python3.10/site-packages:/home/sarthak/precise_docking_ws/install/template_ros2/lib/python3.10/site-packages:/home/sarthak/precise_docking_ws/install/reach_the_goal/lib/python3.10/site-packages:/home/sarthak/feature_based_robust_localization/install/state_prediction_and_covariance/lib/python3.10/site-packages:/home/sarthak/feature_based_robust_localization/install/live_data_visualization/lib/python3.10/site-packages:/home/sarthak/ws/install/ros_ign_interfaces/local/lib/python3.10/dist-packages:/home/sarthak/ws/install/ros_gz_interfaces/local/lib/python3.10/dist-packages:/opt/ros/humble/lib/python3.10/site-packages:/opt/ros/humble/local/lib/python3.10/dist-packages /usr/bin/cmake --build /home/sarthak/precise_docking_ws/build/docking_bringup -- -j20 -l20
[2.190s] DEBUG:colcon.colcon_core.event_handler.log_command:Invoking command in '/home/sarthak/precise_docking_ws/build/docking_bringup': AMENT_PREFIX_PATH=/home/sarthak/precise_docking_ws/install/arcuo_marker_detection:/home/sarthak/precise_docking_ws/install/docking_bringup:/home/sarthak/precise_docking_ws/install/template_ros2:/home/sarthak/precise_docking_ws/install/reach_the_goal:/home/sarthak/Masters-Thesis-Precise-docking-with-Active-perception/install/mobile_robot_model_package:/home/sarthak/dev_ws/install/basic_mobile_robot:/home/sarthak/precise_docking_simulatiom_ws/install/ros_gz_example_bringup:/home/sarthak/precise_docking_simulatiom_ws/install/ros_gz_example_gazebo:/home/sarthak/precise_docking_simulatiom_ws/install/ros_gz_example_description:/home/sarthak/precise_docking_simulatiom_ws/install/ros_gz_example_application:/home/sarthak/feature_based_robust_localization/install/feature_localization_bringup:/home/sarthak/feature_based_robust_localization/install/state_prediction_and_covariance:/home/sarthak/feature_based_robust_localization/install/live_data_visualization:/home/sarthak/feature_based_robust_localization/install/feature_extraction:/home/sarthak/template_ws/install/ros_gz_example_bringup:/home/sarthak/template_ws/install/ros_gz_example_gazebo:/home/sarthak/template_ws/install/ros_gz_example_description:/home/sarthak/template_ws/install/ros_gz_example_application:/home/sarthak/ws/install/test_ros_gz_bridge:/home/sarthak/ws/install/ros_ign_interfaces:/home/sarthak/ws/install/ros_ign:/home/sarthak/ws/install/ros_ign_image:/home/sarthak/ws/install/ros_ign_gazebo_demos:/home/sarthak/ws/install/ros_ign_gazebo:/home/sarthak/ws/install/ros_ign_bridge:/home/sarthak/ws/install/ros_gz:/home/sarthak/ws/install/ros_gz_sim_demos:/home/sarthak/ws/install/ros_gz_sim:/home/sarthak/ws/install/ros_gz_image:/home/sarthak/ws/install/ros_gz_bridge:/home/sarthak/ws/install/ros_gz_interfaces:/opt/ros/humble CMAKE_PREFIX_PATH=${CMAKE_PREFIX_PATH}:/home/sarthak/precise_docking_ws/install/template_ros2:/home/sarthak/precise_docking_ws/install/reach_the_goal:/home/sarthak/precise_docking_ws/install/arcuo_marker_detection:/home/sarthak/feature_based_robust_localization/install/state_prediction_and_covariance:/home/sarthak/feature_based_robust_localization/install/live_data_visualization:/opt/ros/humble PYTHONPATH=/home/sarthak/precise_docking_ws/install/arcuo_marker_detection/lib/python3.10/site-packages:/home/sarthak/precise_docking_ws/install/template_ros2/lib/python3.10/site-packages:/home/sarthak/precise_docking_ws/install/reach_the_goal/lib/python3.10/site-packages:/home/sarthak/feature_based_robust_localization/install/state_prediction_and_covariance/lib/python3.10/site-packages:/home/sarthak/feature_based_robust_localization/install/live_data_visualization/lib/python3.10/site-packages:/home/sarthak/ws/install/ros_ign_interfaces/local/lib/python3.10/dist-packages:/home/sarthak/ws/install/ros_gz_interfaces/local/lib/python3.10/dist-packages:/opt/ros/humble/lib/python3.10/site-packages:/opt/ros/humble/local/lib/python3.10/dist-packages /usr/bin/cmake --install /home/sarthak/precise_docking_ws/build/docking_bringup
[2.204s] Level 1:colcon.colcon_core.environment:create_environment_scripts_only(docking_bringup)
[2.204s] Level 1:colcon.colcon_core.environment:checking '/home/sarthak/precise_docking_ws/install/docking_bringup' for CMake module files
[2.205s] DEBUG:colcon.colcon_core.event_handler.log_command:Invoked command in '/home/sarthak/precise_docking_ws/build/docking_bringup' returned '0': AMENT_PREFIX_PATH=/home/sarthak/precise_docking_ws/install/arcuo_marker_detection:/home/sarthak/precise_docking_ws/install/docking_bringup:/home/sarthak/precise_docking_ws/install/template_ros2:/home/sarthak/precise_docking_ws/install/reach_the_goal:/home/sarthak/Masters-Thesis-Precise-docking-with-Active-perception/install/mobile_robot_model_package:/home/sarthak/dev_ws/install/basic_mobile_robot:/home/sarthak/precise_docking_simulatiom_ws/install/ros_gz_example_bringup:/home/sarthak/precise_docking_simulatiom_ws/install/ros_gz_example_gazebo:/home/sarthak/precise_docking_simulatiom_ws/install/ros_gz_example_description:/home/sarthak/precise_docking_simulatiom_ws/install/ros_gz_example_application:/home/sarthak/feature_based_robust_localization/install/feature_localization_bringup:/home/sarthak/feature_based_robust_localization/install/state_prediction_and_covariance:/home/sarthak/feature_based_robust_localization/install/live_data_visualization:/home/sarthak/feature_based_robust_localization/install/feature_extraction:/home/sarthak/template_ws/install/ros_gz_example_bringup:/home/sarthak/template_ws/install/ros_gz_example_gazebo:/home/sarthak/template_ws/install/ros_gz_example_description:/home/sarthak/template_ws/install/ros_gz_example_application:/home/sarthak/ws/install/test_ros_gz_bridge:/home/sarthak/ws/install/ros_ign_interfaces:/home/sarthak/ws/install/ros_ign:/home/sarthak/ws/install/ros_ign_image:/home/sarthak/ws/install/ros_ign_gazebo_demos:/home/sarthak/ws/install/ros_ign_gazebo:/home/sarthak/ws/install/ros_ign_bridge:/home/sarthak/ws/install/ros_gz:/home/sarthak/ws/install/ros_gz_sim_demos:/home/sarthak/ws/install/ros_gz_sim:/home/sarthak/ws/install/ros_gz_image:/home/sarthak/ws/install/ros_gz_bridge:/home/sarthak/ws/install/ros_gz_interfaces:/opt/ros/humble CMAKE_PREFIX_PATH=${CMAKE_PREFIX_PATH}:/home/sarthak/precise_docking_ws/install/template_ros2:/home/sarthak/precise_docking_ws/install/reach_the_goal:/home/sarthak/precise_docking_ws/install/arcuo_marker_detection:/home/sarthak/feature_based_robust_localization/install/state_prediction_and_covariance:/home/sarthak/feature_based_robust_localization/install/live_data_visualization:/opt/ros/humble PYTHONPATH=/home/sarthak/precise_docking_ws/install/arcuo_marker_detection/lib/python3.10/site-packages:/home/sarthak/precise_docking_ws/install/template_ros2/lib/python3.10/site-packages:/home/sarthak/precise_docking_ws/install/reach_the_goal/lib/python3.10/site-packages:/home/sarthak/feature_based_robust_localization/install/state_prediction_and_covariance/lib/python3.10/site-packages:/home/sarthak/feature_based_robust_localization/install/live_data_visualization/lib/python3.10/site-packages:/home/sarthak/ws/install/ros_ign_interfaces/local/lib/python3.10/dist-packages:/home/sarthak/ws/install/ros_gz_interfaces/local/lib/python3.10/dist-packages:/opt/ros/humble/lib/python3.10/site-packages:/opt/ros/humble/local/lib/python3.10/dist-packages /usr/bin/cmake --install /home/sarthak/precise_docking_ws/build/docking_bringup
[2.205s] Level 1:colcon.colcon_core.environment:checking '/home/sarthak/precise_docking_ws/install/docking_bringup' for CMake config files
[2.205s] Level 1:colcon.colcon_core.shell:create_environment_hook('docking_bringup', 'cmake_prefix_path')
[2.206s] INFO:colcon.colcon_core.shell:Creating environment hook '/home/sarthak/precise_docking_ws/install/docking_bringup/share/docking_bringup/hook/cmake_prefix_path.ps1'
[2.207s] INFO:colcon.colcon_core.shell:Creating environment descriptor '/home/sarthak/precise_docking_ws/install/docking_bringup/share/docking_bringup/hook/cmake_prefix_path.dsv'
[2.207s] INFO:colcon.colcon_core.shell:Creating environment hook '/home/sarthak/precise_docking_ws/install/docking_bringup/share/docking_bringup/hook/cmake_prefix_path.sh'
[2.208s] Level 1:colcon.colcon_core.environment:checking '/home/sarthak/precise_docking_ws/install/docking_bringup/bin'
[2.208s] Level 1:colcon.colcon_core.environment:checking '/home/sarthak/precise_docking_ws/install/docking_bringup/lib/pkgconfig/docking_bringup.pc'
[2.208s] Level 1:colcon.colcon_core.environment:checking '/home/sarthak/precise_docking_ws/install/docking_bringup/lib/python3.10/site-packages'
[2.208s] Level 1:colcon.colcon_core.environment:checking '/home/sarthak/precise_docking_ws/install/docking_bringup/bin'
[2.209s] INFO:colcon.colcon_core.shell:Creating package script '/home/sarthak/precise_docking_ws/install/docking_bringup/share/docking_bringup/package.ps1'
[2.209s] INFO:colcon.colcon_core.shell:Creating package descriptor '/home/sarthak/precise_docking_ws/install/docking_bringup/share/docking_bringup/package.dsv'
[2.210s] INFO:colcon.colcon_core.shell:Creating package script '/home/sarthak/precise_docking_ws/install/docking_bringup/share/docking_bringup/package.sh'
[2.210s] INFO:colcon.colcon_core.shell:Creating package script '/home/sarthak/precise_docking_ws/install/docking_bringup/share/docking_bringup/package.bash'
[2.211s] INFO:colcon.colcon_core.shell:Creating package script '/home/sarthak/precise_docking_ws/install/docking_bringup/share/docking_bringup/package.zsh'
[2.211s] Level 1:colcon.colcon_core.environment:create_file_with_runtime_dependencies(/home/sarthak/precise_docking_ws/install/docking_bringup/share/colcon-core/packages/docking_bringup)
[2.236s] Level 1:colcon.colcon_core.environment:create_environment_scripts_only(docking_bringup)
[2.236s] Level 1:colcon.colcon_core.environment:checking '/home/sarthak/precise_docking_ws/install/docking_bringup' for CMake module files
[2.237s] Level 1:colcon.colcon_core.environment:checking '/home/sarthak/precise_docking_ws/install/docking_bringup' for CMake config files
[2.238s] Level 1:colcon.colcon_core.shell:create_environment_hook('docking_bringup', 'cmake_prefix_path')
[2.238s] INFO:colcon.colcon_core.shell:Creating environment hook '/home/sarthak/precise_docking_ws/install/docking_bringup/share/docking_bringup/hook/cmake_prefix_path.ps1'
[2.239s] INFO:colcon.colcon_core.shell:Creating environment descriptor '/home/sarthak/precise_docking_ws/install/docking_bringup/share/docking_bringup/hook/cmake_prefix_path.dsv'
[2.239s] INFO:colcon.colcon_core.shell:Creating environment hook '/home/sarthak/precise_docking_ws/install/docking_bringup/share/docking_bringup/hook/cmake_prefix_path.sh'
[2.240s] Level 1:colcon.colcon_core.environment:checking '/home/sarthak/precise_docking_ws/install/docking_bringup/bin'
[2.240s] Level 1:colcon.colcon_core.environment:checking '/home/sarthak/precise_docking_ws/install/docking_bringup/lib/pkgconfig/docking_bringup.pc'
[2.240s] Level 1:colcon.colcon_core.environment:checking '/home/sarthak/precise_docking_ws/install/docking_bringup/lib/python3.10/site-packages'
[2.240s] Level 1:colcon.colcon_core.environment:checking '/home/sarthak/precise_docking_ws/install/docking_bringup/bin'
[2.240s] INFO:colcon.colcon_core.shell:Creating package script '/home/sarthak/precise_docking_ws/install/docking_bringup/share/docking_bringup/package.ps1'
[2.241s] INFO:colcon.colcon_core.shell:Creating package descriptor '/home/sarthak/precise_docking_ws/install/docking_bringup/share/docking_bringup/package.dsv'
[2.241s] INFO:colcon.colcon_core.shell:Creating package script '/home/sarthak/precise_docking_ws/install/docking_bringup/share/docking_bringup/package.sh'
[2.241s] INFO:colcon.colcon_core.shell:Creating package script '/home/sarthak/precise_docking_ws/install/docking_bringup/share/docking_bringup/package.bash'
[2.242s] INFO:colcon.colcon_core.shell:Creating package script '/home/sarthak/precise_docking_ws/install/docking_bringup/share/docking_bringup/package.zsh'
[2.242s] Level 1:colcon.colcon_core.environment:create_file_with_runtime_dependencies(/home/sarthak/precise_docking_ws/install/docking_bringup/share/colcon-core/packages/docking_bringup)
[2.242s] DEBUG:colcon.colcon_parallel_executor.executor.parallel:closing loop
[2.243s] DEBUG:colcon.colcon_ros_domain_id_coordinator.shell.ros_domain_id:Released ROS_DOMAIN_ID=68 for '/home/sarthak/precise_docking_ws/build/docking_bringup'
[2.243s] DEBUG:colcon.colcon_parallel_executor.executor.parallel:loop closed
[2.243s] DEBUG:colcon.colcon_parallel_executor.executor.parallel:run_until_complete finished with '0'
[2.243s] DEBUG:colcon.colcon_core.event_reactor:joining thread
[2.252s] INFO:colcon.colcon_core.plugin_system:Skipping extension 'colcon_notification.desktop_notification.terminal_notifier': Not used on non-Darwin systems
[2.252s] INFO:colcon.colcon_core.plugin_system:Skipping extension 'colcon_notification.desktop_notification.win32': Not used on non-Windows systems
[2.252s] INFO:colcon.colcon_notification.desktop_notification:Sending desktop notification using 'notify2'
[2.264s] DEBUG:colcon.colcon_core.event_reactor:joined thread
[2.265s] INFO:colcon.colcon_core.shell:Creating prefix script '/home/sarthak/precise_docking_ws/install/local_setup.ps1'
[2.268s] INFO:colcon.colcon_core.shell:Creating prefix util module '/home/sarthak/precise_docking_ws/install/_local_setup_util_ps1.py'
[2.271s] INFO:colcon.colcon_core.shell:Creating prefix chain script '/home/sarthak/precise_docking_ws/install/setup.ps1'
[2.275s] INFO:colcon.colcon_core.shell:Creating prefix script '/home/sarthak/precise_docking_ws/install/local_setup.sh'
[2.275s] INFO:colcon.colcon_core.shell:Creating prefix util module '/home/sarthak/precise_docking_ws/install/_local_setup_util_sh.py'
[2.276s] INFO:colcon.colcon_core.shell:Creating prefix chain script '/home/sarthak/precise_docking_ws/install/setup.sh'
[2.279s] INFO:colcon.colcon_core.shell:Creating prefix script '/home/sarthak/precise_docking_ws/install/local_setup.bash'
[2.279s] INFO:colcon.colcon_core.shell:Creating prefix chain script '/home/sarthak/precise_docking_ws/install/setup.bash'
[2.282s] INFO:colcon.colcon_core.shell:Creating prefix script '/home/sarthak/precise_docking_ws/install/local_setup.zsh'
[2.283s] INFO:colcon.colcon_core.shell:Creating prefix chain script '/home/sarthak/precise_docking_ws/install/setup.zsh'
[2.285s] INFO:colcon.colcon_core.shell:Creating '/home/sarthak/precise_docking_ws/install/spawn_shell.bash'
