[0.843s] Invoking command in '/home/sarthak/precise_docking_ws/src/active_localization': PYTHONPATH=/home/sarthak/precise_docking_ws/build/active_localization/prefix_override:/home/sarthak/.local/lib/python3.10/site-packages/colcon_core/task/python/colcon_distutils_commands:/home/sarthak/precise_docking_ws/install/active_localization/lib/python3.10/site-packages:${PYTHONPATH} /usr/bin/python3 -W ignore:setup.py install is deprecated setup.py egg_info --egg-base ../../build/active_localization build --build-base /home/sarthak/precise_docking_ws/build/active_localization/build install --record /home/sarthak/precise_docking_ws/build/active_localization/install.log --single-version-externally-managed install_data
[0.986s] /home/sarthak/.local/lib/python3.10/site-packages/setuptools/_distutils/dist.py:261: UserWarning: Unknown distribution option: 'tests_require'
[0.986s]   warnings.warn(msg)
[1.117s] running egg_info
[1.131s] writing ../../build/active_localization/active_localization.egg-info/PKG-INFO
[1.131s] writing dependency_links to ../../build/active_localization/active_localization.egg-info/dependency_links.txt
[1.132s] writing entry points to ../../build/active_localization/active_localization.egg-info/entry_points.txt
[1.132s] writing requirements to ../../build/active_localization/active_localization.egg-info/requires.txt
[1.132s] writing top-level names to ../../build/active_localization/active_localization.egg-info/top_level.txt
[2.119s] reading manifest file '../../build/active_localization/active_localization.egg-info/SOURCES.txt'
[2.120s] writing manifest file '../../build/active_localization/active_localization.egg-info/SOURCES.txt'
[2.120s] running build
[2.121s] running build_py
[2.121s] copying active_localization/__init__.py -> /home/sarthak/precise_docking_ws/build/active_localization/build/lib/active_localization
[2.121s] copying active_localization/local_map.py -> /home/sarthak/precise_docking_ws/build/active_localization/build/lib/active_localization
[2.121s] running install
[2.124s] running install_lib
[2.142s] copying /home/sarthak/precise_docking_ws/build/active_localization/build/lib/active_localization/local_map.py -> /home/sarthak/precise_docking_ws/install/active_localization/lib/python3.10/site-packages/active_localization
[2.143s] byte-compiling /home/sarthak/precise_docking_ws/install/active_localization/lib/python3.10/site-packages/active_localization/local_map.py to local_map.cpython-310.pyc
[2.144s] running install_data
[2.144s] copying resource/active_localization -> /home/sarthak/precise_docking_ws/install/active_localization/share/ament_index/resource_index/packages
[2.144s] copying package.xml -> /home/sarthak/precise_docking_ws/install/active_localization/share/active_localization
[2.145s] running install_egg_info
[2.159s] removing '/home/sarthak/precise_docking_ws/install/active_localization/lib/python3.10/site-packages/active_localization-0.0.0-py3.10.egg-info' (and everything under it)
[2.159s] Copying ../../build/active_localization/active_localization.egg-info to /home/sarthak/precise_docking_ws/install/active_localization/lib/python3.10/site-packages/active_localization-0.0.0-py3.10.egg-info
[2.160s] running install_scripts
[2.278s] Installing active_localization_node script to /home/sarthak/precise_docking_ws/install/active_localization/lib/active_localization
[2.278s] writing list of installed files to '/home/sarthak/precise_docking_ws/build/active_localization/install.log'
[2.313s] Invoked command in '/home/sarthak/precise_docking_ws/src/active_localization' returned '0': PYTHONPATH=/home/sarthak/precise_docking_ws/build/active_localization/prefix_override:/home/sarthak/.local/lib/python3.10/site-packages/colcon_core/task/python/colcon_distutils_commands:/home/sarthak/precise_docking_ws/install/active_localization/lib/python3.10/site-packages:${PYTHONPATH} /usr/bin/python3 -W ignore:setup.py install is deprecated setup.py egg_info --egg-base ../../build/active_localization build --build-base /home/sarthak/precise_docking_ws/build/active_localization/build install --record /home/sarthak/precise_docking_ws/build/active_localization/install.log --single-version-externally-managed install_data
