[0.015s] Invoking command in '/home/sarthak/precise_docking_ws/build/frontend': CMAKE_PREFIX_PATH=${CMAKE_PREFIX_PATH}:/home/sarthak/precise_docking_ws/install/template_ros2:/home/sarthak/precise_docking_ws/install/reach_the_goal:/home/sarthak/precise_docking_ws/install/autonomous_exploration:/home/sarthak/precise_docking_ws/install/arcuo_marker_detection:/home/sarthak/precise_docking_ws/install/active_localization:/opt/ros/humble /usr/bin/cmake --build /home/sarthak/precise_docking_ws/build/frontend -- -j20 -l20
[0.122s] [ 50%] Built target cpp_executable
[0.128s] [ 50%] Built target ament_cmake_python_copy_frontend
[0.134s] [100%] Built target icp_node
[0.600s] running egg_info
[0.634s] writing frontend.egg-info/PKG-INFO
[0.635s] writing dependency_links to frontend.egg-info/dependency_links.txt
[0.636s] writing top-level names to frontend.egg-info/top_level.txt
[3.049s] writing manifest file 'frontend.egg-info/SOURCES.txt'
[3.140s] [100%] Built target ament_cmake_python_build_frontend_egg
[3.163s] Invoked command in '/home/sarthak/precise_docking_ws/build/frontend' returned '0': CMAKE_PREFIX_PATH=${CMAKE_PREFIX_PATH}:/home/sarthak/precise_docking_ws/install/template_ros2:/home/sarthak/precise_docking_ws/install/reach_the_goal:/home/sarthak/precise_docking_ws/install/autonomous_exploration:/home/sarthak/precise_docking_ws/install/arcuo_marker_detection:/home/sarthak/precise_docking_ws/install/active_localization:/opt/ros/humble /usr/bin/cmake --build /home/sarthak/precise_docking_ws/build/frontend -- -j20 -l20
[3.251s] Invoking command in '/home/sarthak/precise_docking_ws/build/frontend': CMAKE_PREFIX_PATH=${CMAKE_PREFIX_PATH}:/home/sarthak/precise_docking_ws/install/template_ros2:/home/sarthak/precise_docking_ws/install/reach_the_goal:/home/sarthak/precise_docking_ws/install/autonomous_exploration:/home/sarthak/precise_docking_ws/install/arcuo_marker_detection:/home/sarthak/precise_docking_ws/install/active_localization:/opt/ros/humble /usr/bin/cmake --install /home/sarthak/precise_docking_ws/build/frontend
[3.265s] -- Install configuration: ""
[3.265s] -- Up-to-date: /home/sarthak/precise_docking_ws/install/frontend/lib/frontend/cpp_executable
[3.266s] -- Up-to-date: /home/sarthak/precise_docking_ws/install/frontend/lib/frontend/icp_node
[3.266s] -- Up-to-date: /home/sarthak/precise_docking_ws/install/frontend/share/frontend/environment/pythonpath.sh
[3.267s] -- Up-to-date: /home/sarthak/precise_docking_ws/install/frontend/share/frontend/environment/pythonpath.dsv
[3.267s] -- Up-to-date: /home/sarthak/precise_docking_ws/install/frontend/local/lib/python3.10/dist-packages/frontend-0.0.0-py3.10.egg-info
[3.267s] -- Installing: /home/sarthak/precise_docking_ws/install/frontend/local/lib/python3.10/dist-packages/frontend-0.0.0-py3.10.egg-info/top_level.txt
[3.267s] -- Installing: /home/sarthak/precise_docking_ws/install/frontend/local/lib/python3.10/dist-packages/frontend-0.0.0-py3.10.egg-info/SOURCES.txt
[3.268s] -- Installing: /home/sarthak/precise_docking_ws/install/frontend/local/lib/python3.10/dist-packages/frontend-0.0.0-py3.10.egg-info/PKG-INFO
[3.268s] -- Installing: /home/sarthak/precise_docking_ws/install/frontend/local/lib/python3.10/dist-packages/frontend-0.0.0-py3.10.egg-info/dependency_links.txt
[3.268s] -- Up-to-date: /home/sarthak/precise_docking_ws/install/frontend/local/lib/python3.10/dist-packages/frontend
[3.268s] -- Up-to-date: /home/sarthak/precise_docking_ws/install/frontend/local/lib/python3.10/dist-packages/frontend/__init__.py
[3.268s] -- Up-to-date: /home/sarthak/precise_docking_ws/install/frontend/local/lib/python3.10/dist-packages/frontend/module_to_import.py
[3.316s] Listing '/home/sarthak/precise_docking_ws/install/frontend/local/lib/python3.10/dist-packages/frontend'...
[3.320s] -- Up-to-date: /home/sarthak/precise_docking_ws/install/frontend/lib/frontend/py_node.py
[3.320s] -- Up-to-date: /home/sarthak/precise_docking_ws/install/frontend/lib/frontend/main.py
[3.320s] -- Up-to-date: /home/sarthak/precise_docking_ws/install/frontend/lib/frontend/laser_scan.py
[3.321s] -- Up-to-date: /home/sarthak/precise_docking_ws/install/frontend/lib/frontend/odom_to_map.py
[3.321s] -- Up-to-date: /home/sarthak/precise_docking_ws/install/frontend/lib/frontend/scan_to_map.py
[3.321s] -- Up-to-date: /home/sarthak/precise_docking_ws/install/frontend/lib/frontend/map_create.py
[3.321s] -- Up-to-date: /home/sarthak/precise_docking_ws/install/frontend/lib/frontend/pose_graph.py
[3.321s] -- Up-to-date: /home/sarthak/precise_docking_ws/install/frontend/lib/frontend/pose_graph_odom.py
[3.321s] -- Up-to-date: /home/sarthak/precise_docking_ws/install/frontend/lib/frontend/pose_graph_odom_landmark.py
[3.322s] -- Up-to-date: /home/sarthak/precise_docking_ws/install/frontend/lib/frontend/plot_odom.py
[3.322s] -- Up-to-date: /home/sarthak/precise_docking_ws/install/frontend/lib/frontend/two_landmark.py
[3.322s] -- Installing: /home/sarthak/precise_docking_ws/install/frontend/lib/frontend/localize_with_arcuo.py
[3.322s] -- Up-to-date: /home/sarthak/precise_docking_ws/install/frontend/share/ament_index/resource_index/package_run_dependencies/frontend
[3.322s] -- Up-to-date: /home/sarthak/precise_docking_ws/install/frontend/share/ament_index/resource_index/parent_prefix_path/frontend
[3.322s] -- Up-to-date: /home/sarthak/precise_docking_ws/install/frontend/share/frontend/environment/ament_prefix_path.sh
[3.322s] -- Up-to-date: /home/sarthak/precise_docking_ws/install/frontend/share/frontend/environment/ament_prefix_path.dsv
[3.322s] -- Up-to-date: /home/sarthak/precise_docking_ws/install/frontend/share/frontend/environment/path.sh
[3.322s] -- Up-to-date: /home/sarthak/precise_docking_ws/install/frontend/share/frontend/environment/path.dsv
[3.322s] -- Up-to-date: /home/sarthak/precise_docking_ws/install/frontend/share/frontend/local_setup.bash
[3.322s] -- Up-to-date: /home/sarthak/precise_docking_ws/install/frontend/share/frontend/local_setup.sh
[3.323s] -- Up-to-date: /home/sarthak/precise_docking_ws/install/frontend/share/frontend/local_setup.zsh
[3.323s] -- Up-to-date: /home/sarthak/precise_docking_ws/install/frontend/share/frontend/local_setup.dsv
[3.323s] -- Installing: /home/sarthak/precise_docking_ws/install/frontend/share/frontend/package.dsv
[3.323s] -- Up-to-date: /home/sarthak/precise_docking_ws/install/frontend/share/ament_index/resource_index/packages/frontend
[3.323s] -- Up-to-date: /home/sarthak/precise_docking_ws/install/frontend/share/frontend/cmake/frontendConfig.cmake
[3.323s] -- Up-to-date: /home/sarthak/precise_docking_ws/install/frontend/share/frontend/cmake/frontendConfig-version.cmake
[3.323s] -- Up-to-date: /home/sarthak/precise_docking_ws/install/frontend/share/frontend/package.xml
[3.324s] Invoked command in '/home/sarthak/precise_docking_ws/build/frontend' returned '0': CMAKE_PREFIX_PATH=${CMAKE_PREFIX_PATH}:/home/sarthak/precise_docking_ws/install/template_ros2:/home/sarthak/precise_docking_ws/install/reach_the_goal:/home/sarthak/precise_docking_ws/install/autonomous_exploration:/home/sarthak/precise_docking_ws/install/arcuo_marker_detection:/home/sarthak/precise_docking_ws/install/active_localization:/opt/ros/humble /usr/bin/cmake --install /home/sarthak/precise_docking_ws/build/frontend
