[0.012s] Invoking command in '/home/sarthak/precise_docking_ws/build/norlab_icp_mapper_ros': AMENT_PREFIX_PATH=/home/sarthak/precise_docking_ws/install/libpointmatcher_ros:${AMENT_PREFIX_PATH} CMAKE_PREFIX_PATH=/home/sarthak/precise_docking_ws/install/libpointmatcher_ros:/home/sarthak/precise_docking_ws/install/norlab_icp_mapper/lib/cmake:/home/sarthak/precise_docking_ws/install/frontend:/home/sarthak/precise_docking_ws/install/docking_bringup:/home/sarthak/precise_docking_ws/install/template_ros2:/home/sarthak/precise_docking_ws/install/reach_the_goal:/home/sarthak/precise_docking_ws/install/arcuo_marker_detection:/opt/ros/humble LD_LIBRARY_PATH=/home/sarthak/precise_docking_ws/install/libpointmatcher_ros/lib:${LD_LIBRARY_PATH} /usr/bin/cmake /home/sarthak/precise_docking_ws/src/norlab_icp_mapper_ros -DCMAKE_INSTALL_PREFIX=/home/sarthak/precise_docking_ws/install/norlab_icp_mapper_ros
[0.025s] -- Found ament_cmake: 1.3.10 (/opt/ros/humble/share/ament_cmake/cmake)
[0.163s] -- Found rclcpp: 16.0.10 (/opt/ros/humble/share/rclcpp/cmake)
[0.189s] -- Found rosidl_generator_c: 3.1.5 (/opt/ros/humble/share/rosidl_generator_c/cmake)
[0.190s] -- Found rosidl_adapter: 3.1.5 (/opt/ros/humble/share/rosidl_adapter/cmake)
[0.195s] -- Found rosidl_generator_cpp: 3.1.5 (/opt/ros/humble/share/rosidl_generator_cpp/cmake)
[0.203s] -- Using all available rosidl_typesupport_c: rosidl_typesupport_fastrtps_c;rosidl_typesupport_introspection_c
[0.213s] -- Using all available rosidl_typesupport_cpp: rosidl_typesupport_fastrtps_cpp;rosidl_typesupport_introspection_cpp
[0.238s] -- Found rmw_implementation_cmake: 6.1.2 (/opt/ros/humble/share/rmw_implementation_cmake/cmake)
[0.239s] -- Found rmw_fastrtps_cpp: 6.2.7 (/opt/ros/humble/share/rmw_fastrtps_cpp/cmake)
[0.336s] -- Using RMW implementation 'rmw_fastrtps_cpp' as default
[0.381s] -- Found sensor_msgs: 4.2.4 (/opt/ros/humble/share/sensor_msgs/cmake)
[0.400s] -- Found std_srvs: 4.2.4 (/opt/ros/humble/share/std_srvs/cmake)
[0.407s] -- Found tf2_ros: 0.25.7 (/opt/ros/humble/share/tf2_ros/cmake)
[0.465s] -- Found libpointmatcher_ros: 0.0.1 (/home/sarthak/precise_docking_ws/install/libpointmatcher_ros/share/libpointmatcher_ros/cmake)
[0.481s] -- Found rosidl_default_generators: 1.2.0 (/opt/ros/humble/share/rosidl_default_generators/cmake)
[0.496s] -- Found Boost: /usr/lib/x86_64-linux-gnu/cmake/Boost-1.74.0/BoostConfig.cmake (found version "1.74.0") found components: thread filesystem system program_options date_time 
[0.502s] -- Found Boost: /usr/lib/x86_64-linux-gnu/cmake/Boost-1.74.0/BoostConfig.cmake (found version "1.74.0") found components: thread filesystem system program_options date_time chrono 
[0.507s] -- Found Boost: /usr/lib/x86_64-linux-gnu/cmake/Boost-1.74.0/BoostConfig.cmake (found version "1.74.0") found components: thread filesystem system program_options date_time 
[0.512s] -- Found Boost: /usr/lib/x86_64-linux-gnu/cmake/Boost-1.74.0/BoostConfig.cmake (found version "1.74.0") found components: thread filesystem system program_options date_time chrono 
[0.838s] -- Found ament_cmake_ros: 0.10.0 (/opt/ros/humble/share/ament_cmake_ros/cmake)
[1.313s] -- Using all available rosidl_typesupport_c: rosidl_typesupport_fastrtps_c;rosidl_typesupport_introspection_c
[1.475s] -- Using all available rosidl_typesupport_cpp: rosidl_typesupport_fastrtps_cpp;rosidl_typesupport_introspection_cpp
[1.500s] -- Found PythonInterp: /usr/bin/python3 (found suitable version "3.10.12", minimum required is "3.6") 
[1.503s] -- Found python_cmake_module: 0.10.0 (/opt/ros/humble/share/python_cmake_module/cmake)
[1.534s] -- Found PythonLibs: /usr/lib/x86_64-linux-gnu/libpython3.10.so (found suitable version "3.10.12", minimum required is "3.5") 
[1.535s] -- Using PYTHON_EXECUTABLE: /usr/bin/python3
[1.535s] -- Using PYTHON_INCLUDE_DIRS: /usr/include/python3.10
[1.535s] -- Using PYTHON_LIBRARIES: /usr/lib/x86_64-linux-gnu/libpython3.10.so
[1.560s] -- Found PythonExtra: .so  
[1.626s] -- Configuring done
[1.676s] -- Generating done
[1.678s] -- Build files have been written to: /home/sarthak/precise_docking_ws/build/norlab_icp_mapper_ros
[1.696s] Invoked command in '/home/sarthak/precise_docking_ws/build/norlab_icp_mapper_ros' returned '0': AMENT_PREFIX_PATH=/home/sarthak/precise_docking_ws/install/libpointmatcher_ros:${AMENT_PREFIX_PATH} CMAKE_PREFIX_PATH=/home/sarthak/precise_docking_ws/install/libpointmatcher_ros:/home/sarthak/precise_docking_ws/install/norlab_icp_mapper/lib/cmake:/home/sarthak/precise_docking_ws/install/frontend:/home/sarthak/precise_docking_ws/install/docking_bringup:/home/sarthak/precise_docking_ws/install/template_ros2:/home/sarthak/precise_docking_ws/install/reach_the_goal:/home/sarthak/precise_docking_ws/install/arcuo_marker_detection:/opt/ros/humble LD_LIBRARY_PATH=/home/sarthak/precise_docking_ws/install/libpointmatcher_ros/lib:${LD_LIBRARY_PATH} /usr/bin/cmake /home/sarthak/precise_docking_ws/src/norlab_icp_mapper_ros -DCMAKE_INSTALL_PREFIX=/home/sarthak/precise_docking_ws/install/norlab_icp_mapper_ros
[1.697s] Invoking command in '/home/sarthak/precise_docking_ws/build/norlab_icp_mapper_ros': AMENT_PREFIX_PATH=/home/sarthak/precise_docking_ws/install/libpointmatcher_ros:${AMENT_PREFIX_PATH} CMAKE_PREFIX_PATH=/home/sarthak/precise_docking_ws/install/libpointmatcher_ros:/home/sarthak/precise_docking_ws/install/norlab_icp_mapper/lib/cmake:/home/sarthak/precise_docking_ws/install/frontend:/home/sarthak/precise_docking_ws/install/docking_bringup:/home/sarthak/precise_docking_ws/install/template_ros2:/home/sarthak/precise_docking_ws/install/reach_the_goal:/home/sarthak/precise_docking_ws/install/arcuo_marker_detection:/opt/ros/humble LD_LIBRARY_PATH=/home/sarthak/precise_docking_ws/install/libpointmatcher_ros/lib:${LD_LIBRARY_PATH} /usr/bin/cmake --build /home/sarthak/precise_docking_ws/build/norlab_icp_mapper_ros -- -j20 -l20
[1.749s] [  2%] [34m[1mGenerating C code for ROS interfaces[0m
[1.770s] [  4%] [34m[1mGenerating C++ code for ROS interfaces[0m
[1.778s] [  4%] Built target ament_cmake_python_copy_norlab_icp_mapper_ros
[1.997s] running egg_info
[1.997s] creating norlab_icp_mapper_ros.egg-info
[1.997s] writing norlab_icp_mapper_ros.egg-info/PKG-INFO
[1.997s] writing dependency_links to norlab_icp_mapper_ros.egg-info/dependency_links.txt
[1.998s] writing top-level names to norlab_icp_mapper_ros.egg-info/top_level.txt
[1.998s] writing manifest file 'norlab_icp_mapper_ros.egg-info/SOURCES.txt'
[2.001s] reading manifest file 'norlab_icp_mapper_ros.egg-info/SOURCES.txt'
[2.002s] writing manifest file 'norlab_icp_mapper_ros.egg-info/SOURCES.txt'
[2.034s] [  4%] Built target ament_cmake_python_build_norlab_icp_mapper_ros_egg
[2.106s] [  4%] Built target norlab_icp_mapper_ros__cpp
[2.117s] [  6%] [34m[1mGenerating C++ introspection for ROS interfaces[0m
[2.121s] [  8%] [34m[1mGenerating C++ type support dispatch for ROS interfaces[0m
[2.123s] [ 10%] [34m[1mGenerating C++ type support for eProsima Fast-RTPS[0m
[2.135s] [ 14%] [32mBuilding C object CMakeFiles/norlab_icp_mapper_ros__rosidl_generator_c.dir/rosidl_generator_c/norlab_icp_mapper_ros/srv/detail/save_trajectory__functions.c.o[0m
[2.135s] [ 14%] [32mBuilding C object CMakeFiles/norlab_icp_mapper_ros__rosidl_generator_c.dir/rosidl_generator_c/norlab_icp_mapper_ros/srv/detail/save_map__functions.c.o[0m
[2.140s] [ 16%] [32mBuilding C object CMakeFiles/norlab_icp_mapper_ros__rosidl_generator_c.dir/rosidl_generator_c/norlab_icp_mapper_ros/srv/detail/load_map__functions.c.o[0m
[2.323s] [ 18%] [32m[1mLinking C shared library libnorlab_icp_mapper_ros__rosidl_generator_c.so[0m
[2.364s] [ 18%] Built target norlab_icp_mapper_ros__rosidl_generator_c
[2.375s] [ 22%] [34m[1mGenerating C type support for eProsima Fast-RTPS[0m
[2.376s] [ 22%] [34m[1mGenerating C type support dispatch for ROS interfaces[0m
[2.378s] [ 24%] [34m[1mGenerating C introspection for ROS interfaces[0m
[2.430s] [ 26%] [32mBuilding CXX object CMakeFiles/norlab_icp_mapper_ros__rosidl_typesupport_cpp.dir/rosidl_typesupport_cpp/norlab_icp_mapper_ros/srv/load_map__type_support.cpp.o[0m
[2.430s] [ 28%] [32mBuilding CXX object CMakeFiles/norlab_icp_mapper_ros__rosidl_typesupport_cpp.dir/rosidl_typesupport_cpp/norlab_icp_mapper_ros/srv/save_trajectory__type_support.cpp.o[0m
[2.433s] [ 30%] [32mBuilding CXX object CMakeFiles/norlab_icp_mapper_ros__rosidl_typesupport_cpp.dir/rosidl_typesupport_cpp/norlab_icp_mapper_ros/srv/save_map__type_support.cpp.o[0m
[2.450s] [ 32%] [32mBuilding CXX object CMakeFiles/norlab_icp_mapper_ros__rosidl_typesupport_introspection_cpp.dir/rosidl_typesupport_introspection_cpp/norlab_icp_mapper_ros/srv/detail/load_map__type_support.cpp.o[0m
[2.451s] [ 34%] [32mBuilding CXX object CMakeFiles/norlab_icp_mapper_ros__rosidl_typesupport_introspection_cpp.dir/rosidl_typesupport_introspection_cpp/norlab_icp_mapper_ros/srv/detail/save_trajectory__type_support.cpp.o[0m
[2.452s] [ 36%] [32mBuilding CXX object CMakeFiles/norlab_icp_mapper_ros__rosidl_typesupport_introspection_cpp.dir/rosidl_typesupport_introspection_cpp/norlab_icp_mapper_ros/srv/detail/save_map__type_support.cpp.o[0m
[2.486s] [ 38%] [32mBuilding CXX object CMakeFiles/norlab_icp_mapper_ros__rosidl_typesupport_fastrtps_cpp.dir/rosidl_typesupport_fastrtps_cpp/norlab_icp_mapper_ros/srv/detail/dds_fastrtps/load_map__type_support.cpp.o[0m
[2.487s] [ 42%] [32mBuilding CXX object CMakeFiles/norlab_icp_mapper_ros__rosidl_typesupport_fastrtps_cpp.dir/rosidl_typesupport_fastrtps_cpp/norlab_icp_mapper_ros/srv/detail/dds_fastrtps/save_trajectory__type_support.cpp.o[0m
[2.487s] [ 42%] [32mBuilding CXX object CMakeFiles/norlab_icp_mapper_ros__rosidl_typesupport_fastrtps_cpp.dir/rosidl_typesupport_fastrtps_cpp/norlab_icp_mapper_ros/srv/detail/dds_fastrtps/save_map__type_support.cpp.o[0m
[2.662s] [ 44%] [32mBuilding CXX object CMakeFiles/norlab_icp_mapper_ros__rosidl_typesupport_c.dir/rosidl_typesupport_c/norlab_icp_mapper_ros/srv/save_map__type_support.cpp.o[0m
[2.662s] [ 46%] [32mBuilding CXX object CMakeFiles/norlab_icp_mapper_ros__rosidl_typesupport_c.dir/rosidl_typesupport_c/norlab_icp_mapper_ros/srv/save_trajectory__type_support.cpp.o[0m
[2.666s] [ 48%] [32mBuilding CXX object CMakeFiles/norlab_icp_mapper_ros__rosidl_typesupport_c.dir/rosidl_typesupport_c/norlab_icp_mapper_ros/srv/load_map__type_support.cpp.o[0m
[2.709s] [ 50%] [32m[1mLinking CXX shared library libnorlab_icp_mapper_ros__rosidl_typesupport_c.so[0m
[2.748s] [ 54%] [32mBuilding CXX object CMakeFiles/norlab_icp_mapper_ros__rosidl_typesupport_fastrtps_c.dir/rosidl_typesupport_fastrtps_c/norlab_icp_mapper_ros/srv/detail/load_map__type_support_c.cpp.o[0m
[2.748s] [ 54%] [32mBuilding CXX object CMakeFiles/norlab_icp_mapper_ros__rosidl_typesupport_fastrtps_c.dir/rosidl_typesupport_fastrtps_c/norlab_icp_mapper_ros/srv/detail/save_trajectory__type_support_c.cpp.o[0m
[2.751s] [ 56%] [32mBuilding CXX object CMakeFiles/norlab_icp_mapper_ros__rosidl_typesupport_fastrtps_c.dir/rosidl_typesupport_fastrtps_c/norlab_icp_mapper_ros/srv/detail/save_map__type_support_c.cpp.o[0m
[2.760s] [ 56%] Built target norlab_icp_mapper_ros__rosidl_typesupport_c
[2.765s] [ 58%] [32mBuilding C object CMakeFiles/norlab_icp_mapper_ros__rosidl_typesupport_introspection_c.dir/rosidl_typesupport_introspection_c/norlab_icp_mapper_ros/srv/detail/save_trajectory__type_support.c.o[0m
[2.765s] [ 60%] [32mBuilding C object CMakeFiles/norlab_icp_mapper_ros__rosidl_typesupport_introspection_c.dir/rosidl_typesupport_introspection_c/norlab_icp_mapper_ros/srv/detail/load_map__type_support.c.o[0m
[2.765s] [ 62%] [32mBuilding C object CMakeFiles/norlab_icp_mapper_ros__rosidl_typesupport_introspection_c.dir/rosidl_typesupport_introspection_c/norlab_icp_mapper_ros/srv/detail/save_map__type_support.c.o[0m
[2.835s] [ 64%] [32m[1mLinking C shared library libnorlab_icp_mapper_ros__rosidl_typesupport_introspection_c.so[0m
[2.843s] [ 66%] [32m[1mLinking CXX shared library libnorlab_icp_mapper_ros__rosidl_typesupport_cpp.so[0m
[2.875s] [ 66%] Built target norlab_icp_mapper_ros__rosidl_typesupport_introspection_c
[2.889s] [ 66%] Built target norlab_icp_mapper_ros__rosidl_typesupport_cpp
[2.912s] [ 68%] [32mBuilding CXX object CMakeFiles/mapper_node.dir/src/mapper_node.cpp.o[0m
[2.916s] [ 70%] [32mBuilding CXX object CMakeFiles/mapper_node.dir/src/NodeParameters.cpp.o[0m
[2.984s] [ 72%] [32m[1mLinking CXX shared library libnorlab_icp_mapper_ros__rosidl_typesupport_introspection_cpp.so[0m
[3.086s] [ 72%] Built target norlab_icp_mapper_ros__rosidl_typesupport_introspection_cpp
[3.121s] [ 74%] [32m[1mLinking CXX shared library libnorlab_icp_mapper_ros__rosidl_typesupport_fastrtps_cpp.so[0m
[3.193s] [ 76%] [32m[1mLinking CXX shared library libnorlab_icp_mapper_ros__rosidl_typesupport_fastrtps_c.so[0m
[3.203s] [ 76%] Built target norlab_icp_mapper_ros__rosidl_typesupport_fastrtps_cpp
[3.276s] [ 76%] Built target norlab_icp_mapper_ros__rosidl_typesupport_fastrtps_c
[3.296s] [ 76%] Built target norlab_icp_mapper_ros
[3.320s] [ 78%] [34m[1mGenerating Python code for ROS interfaces[0m
[3.772s] [ 78%] Built target norlab_icp_mapper_ros__py
[3.795s] [ 80%] [32mBuilding C object CMakeFiles/norlab_icp_mapper_ros__rosidl_generator_py.dir/rosidl_generator_py/norlab_icp_mapper_ros/srv/_save_map_s.c.o[0m
[3.795s] [ 82%] [32mBuilding C object CMakeFiles/norlab_icp_mapper_ros__rosidl_generator_py.dir/rosidl_generator_py/norlab_icp_mapper_ros/srv/_load_map_s.c.o[0m
[3.797s] [ 84%] [32mBuilding C object CMakeFiles/norlab_icp_mapper_ros__rosidl_generator_py.dir/rosidl_generator_py/norlab_icp_mapper_ros/srv/_save_trajectory_s.c.o[0m
[3.927s] [ 86%] [32m[1mLinking C shared library rosidl_generator_py/norlab_icp_mapper_ros/libnorlab_icp_mapper_ros__rosidl_generator_py.so[0m
[3.983s] [ 86%] Built target norlab_icp_mapper_ros__rosidl_generator_py
[4.010s] [ 88%] [32mBuilding C object CMakeFiles/norlab_icp_mapper_ros__rosidl_typesupport_introspection_c__pyext.dir/rosidl_generator_py/norlab_icp_mapper_ros/_norlab_icp_mapper_ros_s.ep.rosidl_typesupport_introspection_c.c.o[0m
[4.012s] [ 90%] [32mBuilding C object CMakeFiles/norlab_icp_mapper_ros__rosidl_typesupport_fastrtps_c__pyext.dir/rosidl_generator_py/norlab_icp_mapper_ros/_norlab_icp_mapper_ros_s.ep.rosidl_typesupport_fastrtps_c.c.o[0m
[4.019s] [ 92%] [32mBuilding C object CMakeFiles/norlab_icp_mapper_ros__rosidl_typesupport_c__pyext.dir/rosidl_generator_py/norlab_icp_mapper_ros/_norlab_icp_mapper_ros_s.ep.rosidl_typesupport_c.c.o[0m
[4.187s] [ 94%] [32m[1mLinking C shared library rosidl_generator_py/norlab_icp_mapper_ros/norlab_icp_mapper_ros_s__rosidl_typesupport_c.cpython-310-x86_64-linux-gnu.so[0m
[4.190s] [ 96%] [32m[1mLinking C shared library rosidl_generator_py/norlab_icp_mapper_ros/norlab_icp_mapper_ros_s__rosidl_typesupport_fastrtps_c.cpython-310-x86_64-linux-gnu.so[0m
[4.196s] [ 98%] [32m[1mLinking C shared library rosidl_generator_py/norlab_icp_mapper_ros/norlab_icp_mapper_ros_s__rosidl_typesupport_introspection_c.cpython-310-x86_64-linux-gnu.so[0m
[4.230s] [ 98%] Built target norlab_icp_mapper_ros__rosidl_typesupport_c__pyext
[4.235s] [ 98%] Built target norlab_icp_mapper_ros__rosidl_typesupport_fastrtps_c__pyext
[4.253s] [ 98%] Built target norlab_icp_mapper_ros__rosidl_typesupport_introspection_c__pyext
[30.041s] [100%] [32m[1mLinking CXX executable mapper_node[0m
[31.600s] [100%] Built target mapper_node
[31.620s] Invoked command in '/home/sarthak/precise_docking_ws/build/norlab_icp_mapper_ros' returned '0': AMENT_PREFIX_PATH=/home/sarthak/precise_docking_ws/install/libpointmatcher_ros:${AMENT_PREFIX_PATH} CMAKE_PREFIX_PATH=/home/sarthak/precise_docking_ws/install/libpointmatcher_ros:/home/sarthak/precise_docking_ws/install/norlab_icp_mapper/lib/cmake:/home/sarthak/precise_docking_ws/install/frontend:/home/sarthak/precise_docking_ws/install/docking_bringup:/home/sarthak/precise_docking_ws/install/template_ros2:/home/sarthak/precise_docking_ws/install/reach_the_goal:/home/sarthak/precise_docking_ws/install/arcuo_marker_detection:/opt/ros/humble LD_LIBRARY_PATH=/home/sarthak/precise_docking_ws/install/libpointmatcher_ros/lib:${LD_LIBRARY_PATH} /usr/bin/cmake --build /home/sarthak/precise_docking_ws/build/norlab_icp_mapper_ros -- -j20 -l20
[31.777s] Invoking command in '/home/sarthak/precise_docking_ws/build/norlab_icp_mapper_ros': AMENT_PREFIX_PATH=/home/sarthak/precise_docking_ws/install/libpointmatcher_ros:${AMENT_PREFIX_PATH} CMAKE_PREFIX_PATH=/home/sarthak/precise_docking_ws/install/libpointmatcher_ros:/home/sarthak/precise_docking_ws/install/norlab_icp_mapper/lib/cmake:/home/sarthak/precise_docking_ws/install/frontend:/home/sarthak/precise_docking_ws/install/docking_bringup:/home/sarthak/precise_docking_ws/install/template_ros2:/home/sarthak/precise_docking_ws/install/reach_the_goal:/home/sarthak/precise_docking_ws/install/arcuo_marker_detection:/opt/ros/humble LD_LIBRARY_PATH=/home/sarthak/precise_docking_ws/install/libpointmatcher_ros/lib:${LD_LIBRARY_PATH} /usr/bin/cmake --install /home/sarthak/precise_docking_ws/build/norlab_icp_mapper_ros
[31.784s] -- Install configuration: "Release"
[31.784s] -- Installing: /home/sarthak/precise_docking_ws/install/norlab_icp_mapper_ros/share/ament_index/resource_index/rosidl_interfaces/norlab_icp_mapper_ros
[31.784s] -- Installing: /home/sarthak/precise_docking_ws/install/norlab_icp_mapper_ros/include/norlab_icp_mapper_ros/norlab_icp_mapper_ros
[31.784s] -- Installing: /home/sarthak/precise_docking_ws/install/norlab_icp_mapper_ros/include/norlab_icp_mapper_ros/norlab_icp_mapper_ros/srv
[31.784s] -- Installing: /home/sarthak/precise_docking_ws/install/norlab_icp_mapper_ros/include/norlab_icp_mapper_ros/norlab_icp_mapper_ros/srv/save_map.h
[31.784s] -- Installing: /home/sarthak/precise_docking_ws/install/norlab_icp_mapper_ros/include/norlab_icp_mapper_ros/norlab_icp_mapper_ros/srv/save_trajectory.h
[31.784s] -- Installing: /home/sarthak/precise_docking_ws/install/norlab_icp_mapper_ros/include/norlab_icp_mapper_ros/norlab_icp_mapper_ros/srv/load_map.h
[31.784s] -- Installing: /home/sarthak/precise_docking_ws/install/norlab_icp_mapper_ros/include/norlab_icp_mapper_ros/norlab_icp_mapper_ros/srv/detail
[31.784s] -- Installing: /home/sarthak/precise_docking_ws/install/norlab_icp_mapper_ros/include/norlab_icp_mapper_ros/norlab_icp_mapper_ros/srv/detail/load_map__functions.h
[31.784s] -- Installing: /home/sarthak/precise_docking_ws/install/norlab_icp_mapper_ros/include/norlab_icp_mapper_ros/norlab_icp_mapper_ros/srv/detail/load_map__functions.c
[31.784s] -- Installing: /home/sarthak/precise_docking_ws/install/norlab_icp_mapper_ros/include/norlab_icp_mapper_ros/norlab_icp_mapper_ros/srv/detail/save_map__functions.c
[31.784s] -- Installing: /home/sarthak/precise_docking_ws/install/norlab_icp_mapper_ros/include/norlab_icp_mapper_ros/norlab_icp_mapper_ros/srv/detail/save_trajectory__functions.c
[31.784s] -- Installing: /home/sarthak/precise_docking_ws/install/norlab_icp_mapper_ros/include/norlab_icp_mapper_ros/norlab_icp_mapper_ros/srv/detail/load_map__struct.h
[31.784s] -- Installing: /home/sarthak/precise_docking_ws/install/norlab_icp_mapper_ros/include/norlab_icp_mapper_ros/norlab_icp_mapper_ros/srv/detail/load_map__type_support.h
[31.785s] -- Installing: /home/sarthak/precise_docking_ws/install/norlab_icp_mapper_ros/include/norlab_icp_mapper_ros/norlab_icp_mapper_ros/srv/detail/save_trajectory__type_support.h
[31.785s] -- Installing: /home/sarthak/precise_docking_ws/install/norlab_icp_mapper_ros/include/norlab_icp_mapper_ros/norlab_icp_mapper_ros/srv/detail/save_trajectory__struct.h
[31.785s] -- Installing: /home/sarthak/precise_docking_ws/install/norlab_icp_mapper_ros/include/norlab_icp_mapper_ros/norlab_icp_mapper_ros/srv/detail/save_trajectory__functions.h
[31.785s] -- Installing: /home/sarthak/precise_docking_ws/install/norlab_icp_mapper_ros/include/norlab_icp_mapper_ros/norlab_icp_mapper_ros/srv/detail/save_map__struct.h
[31.785s] -- Installing: /home/sarthak/precise_docking_ws/install/norlab_icp_mapper_ros/include/norlab_icp_mapper_ros/norlab_icp_mapper_ros/srv/detail/save_map__functions.h
[31.785s] -- Installing: /home/sarthak/precise_docking_ws/install/norlab_icp_mapper_ros/include/norlab_icp_mapper_ros/norlab_icp_mapper_ros/srv/detail/save_map__type_support.h
[31.785s] -- Installing: /home/sarthak/precise_docking_ws/install/norlab_icp_mapper_ros/include/norlab_icp_mapper_ros/norlab_icp_mapper_ros/msg
[31.785s] -- Installing: /home/sarthak/precise_docking_ws/install/norlab_icp_mapper_ros/include/norlab_icp_mapper_ros/norlab_icp_mapper_ros/msg/rosidl_generator_c__visibility_control.h
[31.785s] -- Installing: /home/sarthak/precise_docking_ws/install/norlab_icp_mapper_ros/share/norlab_icp_mapper_ros/environment/library_path.sh
[31.785s] -- Installing: /home/sarthak/precise_docking_ws/install/norlab_icp_mapper_ros/share/norlab_icp_mapper_ros/environment/library_path.dsv
[31.785s] -- Installing: /home/sarthak/precise_docking_ws/install/norlab_icp_mapper_ros/lib/libnorlab_icp_mapper_ros__rosidl_generator_c.so
[31.785s] -- Set runtime path of "/home/sarthak/precise_docking_ws/install/norlab_icp_mapper_ros/lib/libnorlab_icp_mapper_ros__rosidl_generator_c.so" to ""
[31.785s] -- Up-to-date: /home/sarthak/precise_docking_ws/install/norlab_icp_mapper_ros/include/norlab_icp_mapper_ros/norlab_icp_mapper_ros
[31.785s] -- Up-to-date: /home/sarthak/precise_docking_ws/install/norlab_icp_mapper_ros/include/norlab_icp_mapper_ros/norlab_icp_mapper_ros/srv
[31.785s] -- Up-to-date: /home/sarthak/precise_docking_ws/install/norlab_icp_mapper_ros/include/norlab_icp_mapper_ros/norlab_icp_mapper_ros/srv/detail
[31.785s] -- Installing: /home/sarthak/precise_docking_ws/install/norlab_icp_mapper_ros/include/norlab_icp_mapper_ros/norlab_icp_mapper_ros/srv/detail/save_trajectory__rosidl_typesupport_fastrtps_c.h
[31.785s] -- Installing: /home/sarthak/precise_docking_ws/install/norlab_icp_mapper_ros/include/norlab_icp_mapper_ros/norlab_icp_mapper_ros/srv/detail/save_map__rosidl_typesupport_fastrtps_c.h
[31.785s] -- Installing: /home/sarthak/precise_docking_ws/install/norlab_icp_mapper_ros/include/norlab_icp_mapper_ros/norlab_icp_mapper_ros/srv/detail/load_map__rosidl_typesupport_fastrtps_c.h
[31.785s] -- Up-to-date: /home/sarthak/precise_docking_ws/install/norlab_icp_mapper_ros/include/norlab_icp_mapper_ros/norlab_icp_mapper_ros/msg
[31.785s] -- Installing: /home/sarthak/precise_docking_ws/install/norlab_icp_mapper_ros/include/norlab_icp_mapper_ros/norlab_icp_mapper_ros/msg/rosidl_typesupport_fastrtps_c__visibility_control.h
[31.785s] -- Installing: /home/sarthak/precise_docking_ws/install/norlab_icp_mapper_ros/lib/libnorlab_icp_mapper_ros__rosidl_typesupport_fastrtps_c.so
[31.786s] -- Set runtime path of "/home/sarthak/precise_docking_ws/install/norlab_icp_mapper_ros/lib/libnorlab_icp_mapper_ros__rosidl_typesupport_fastrtps_c.so" to ""
[31.786s] -- Up-to-date: /home/sarthak/precise_docking_ws/install/norlab_icp_mapper_ros/include/norlab_icp_mapper_ros/norlab_icp_mapper_ros
[31.786s] -- Up-to-date: /home/sarthak/precise_docking_ws/install/norlab_icp_mapper_ros/include/norlab_icp_mapper_ros/norlab_icp_mapper_ros/srv
[31.786s] -- Installing: /home/sarthak/precise_docking_ws/install/norlab_icp_mapper_ros/include/norlab_icp_mapper_ros/norlab_icp_mapper_ros/srv/save_map.hpp
[31.786s] -- Installing: /home/sarthak/precise_docking_ws/install/norlab_icp_mapper_ros/include/norlab_icp_mapper_ros/norlab_icp_mapper_ros/srv/save_trajectory.hpp
[31.786s] -- Installing: /home/sarthak/precise_docking_ws/install/norlab_icp_mapper_ros/include/norlab_icp_mapper_ros/norlab_icp_mapper_ros/srv/load_map.hpp
[31.786s] -- Up-to-date: /home/sarthak/precise_docking_ws/install/norlab_icp_mapper_ros/include/norlab_icp_mapper_ros/norlab_icp_mapper_ros/srv/detail
[31.786s] -- Installing: /home/sarthak/precise_docking_ws/install/norlab_icp_mapper_ros/include/norlab_icp_mapper_ros/norlab_icp_mapper_ros/srv/detail/load_map__traits.hpp
[31.786s] -- Installing: /home/sarthak/precise_docking_ws/install/norlab_icp_mapper_ros/include/norlab_icp_mapper_ros/norlab_icp_mapper_ros/srv/detail/save_trajectory__struct.hpp
[31.786s] -- Installing: /home/sarthak/precise_docking_ws/install/norlab_icp_mapper_ros/include/norlab_icp_mapper_ros/norlab_icp_mapper_ros/srv/detail/save_map__traits.hpp
[31.786s] -- Installing: /home/sarthak/precise_docking_ws/install/norlab_icp_mapper_ros/include/norlab_icp_mapper_ros/norlab_icp_mapper_ros/srv/detail/save_trajectory__traits.hpp
[31.786s] -- Installing: /home/sarthak/precise_docking_ws/install/norlab_icp_mapper_ros/include/norlab_icp_mapper_ros/norlab_icp_mapper_ros/srv/detail/load_map__builder.hpp
[31.786s] -- Installing: /home/sarthak/precise_docking_ws/install/norlab_icp_mapper_ros/include/norlab_icp_mapper_ros/norlab_icp_mapper_ros/srv/detail/save_map__builder.hpp
[31.786s] -- Installing: /home/sarthak/precise_docking_ws/install/norlab_icp_mapper_ros/include/norlab_icp_mapper_ros/norlab_icp_mapper_ros/srv/detail/save_trajectory__builder.hpp
[31.786s] -- Installing: /home/sarthak/precise_docking_ws/install/norlab_icp_mapper_ros/include/norlab_icp_mapper_ros/norlab_icp_mapper_ros/srv/detail/load_map__struct.hpp
[31.786s] -- Installing: /home/sarthak/precise_docking_ws/install/norlab_icp_mapper_ros/include/norlab_icp_mapper_ros/norlab_icp_mapper_ros/srv/detail/save_map__struct.hpp
[31.786s] -- Up-to-date: /home/sarthak/precise_docking_ws/install/norlab_icp_mapper_ros/include/norlab_icp_mapper_ros/norlab_icp_mapper_ros
[31.786s] -- Up-to-date: /home/sarthak/precise_docking_ws/install/norlab_icp_mapper_ros/include/norlab_icp_mapper_ros/norlab_icp_mapper_ros/srv
[31.786s] -- Up-to-date: /home/sarthak/precise_docking_ws/install/norlab_icp_mapper_ros/include/norlab_icp_mapper_ros/norlab_icp_mapper_ros/srv/detail
[31.786s] -- Installing: /home/sarthak/precise_docking_ws/install/norlab_icp_mapper_ros/include/norlab_icp_mapper_ros/norlab_icp_mapper_ros/srv/detail/load_map__rosidl_typesupport_fastrtps_cpp.hpp
[31.786s] -- Installing: /home/sarthak/precise_docking_ws/install/norlab_icp_mapper_ros/include/norlab_icp_mapper_ros/norlab_icp_mapper_ros/srv/detail/save_trajectory__rosidl_typesupport_fastrtps_cpp.hpp
[31.787s] -- Installing: /home/sarthak/precise_docking_ws/install/norlab_icp_mapper_ros/include/norlab_icp_mapper_ros/norlab_icp_mapper_ros/srv/detail/save_map__rosidl_typesupport_fastrtps_cpp.hpp
[31.787s] -- Installing: /home/sarthak/precise_docking_ws/install/norlab_icp_mapper_ros/include/norlab_icp_mapper_ros/norlab_icp_mapper_ros/srv/detail/dds_fastrtps
[31.787s] -- Up-to-date: /home/sarthak/precise_docking_ws/install/norlab_icp_mapper_ros/include/norlab_icp_mapper_ros/norlab_icp_mapper_ros/msg
[31.787s] -- Installing: /home/sarthak/precise_docking_ws/install/norlab_icp_mapper_ros/include/norlab_icp_mapper_ros/norlab_icp_mapper_ros/msg/rosidl_typesupport_fastrtps_cpp__visibility_control.h
[31.787s] -- Installing: /home/sarthak/precise_docking_ws/install/norlab_icp_mapper_ros/lib/libnorlab_icp_mapper_ros__rosidl_typesupport_fastrtps_cpp.so
[31.787s] -- Set runtime path of "/home/sarthak/precise_docking_ws/install/norlab_icp_mapper_ros/lib/libnorlab_icp_mapper_ros__rosidl_typesupport_fastrtps_cpp.so" to ""
[31.787s] -- Up-to-date: /home/sarthak/precise_docking_ws/install/norlab_icp_mapper_ros/include/norlab_icp_mapper_ros/norlab_icp_mapper_ros
[31.787s] -- Up-to-date: /home/sarthak/precise_docking_ws/install/norlab_icp_mapper_ros/include/norlab_icp_mapper_ros/norlab_icp_mapper_ros/srv
[31.787s] -- Up-to-date: /home/sarthak/precise_docking_ws/install/norlab_icp_mapper_ros/include/norlab_icp_mapper_ros/norlab_icp_mapper_ros/srv/detail
[31.787s] -- Installing: /home/sarthak/precise_docking_ws/install/norlab_icp_mapper_ros/include/norlab_icp_mapper_ros/norlab_icp_mapper_ros/srv/detail/save_trajectory__type_support.c
[31.787s] -- Installing: /home/sarthak/precise_docking_ws/install/norlab_icp_mapper_ros/include/norlab_icp_mapper_ros/norlab_icp_mapper_ros/srv/detail/load_map__type_support.c
[31.787s] -- Installing: /home/sarthak/precise_docking_ws/install/norlab_icp_mapper_ros/include/norlab_icp_mapper_ros/norlab_icp_mapper_ros/srv/detail/save_map__rosidl_typesupport_introspection_c.h
[31.788s] -- Installing: /home/sarthak/precise_docking_ws/install/norlab_icp_mapper_ros/include/norlab_icp_mapper_ros/norlab_icp_mapper_ros/srv/detail/save_trajectory__rosidl_typesupport_introspection_c.h
[31.788s] -- Installing: /home/sarthak/precise_docking_ws/install/norlab_icp_mapper_ros/include/norlab_icp_mapper_ros/norlab_icp_mapper_ros/srv/detail/save_map__type_support.c
[31.788s] -- Installing: /home/sarthak/precise_docking_ws/install/norlab_icp_mapper_ros/include/norlab_icp_mapper_ros/norlab_icp_mapper_ros/srv/detail/load_map__rosidl_typesupport_introspection_c.h
[31.788s] -- Up-to-date: /home/sarthak/precise_docking_ws/install/norlab_icp_mapper_ros/include/norlab_icp_mapper_ros/norlab_icp_mapper_ros/msg
[31.788s] -- Installing: /home/sarthak/precise_docking_ws/install/norlab_icp_mapper_ros/include/norlab_icp_mapper_ros/norlab_icp_mapper_ros/msg/rosidl_typesupport_introspection_c__visibility_control.h
[31.788s] -- Installing: /home/sarthak/precise_docking_ws/install/norlab_icp_mapper_ros/lib/libnorlab_icp_mapper_ros__rosidl_typesupport_introspection_c.so
[31.788s] -- Set runtime path of "/home/sarthak/precise_docking_ws/install/norlab_icp_mapper_ros/lib/libnorlab_icp_mapper_ros__rosidl_typesupport_introspection_c.so" to ""
[31.788s] -- Installing: /home/sarthak/precise_docking_ws/install/norlab_icp_mapper_ros/lib/libnorlab_icp_mapper_ros__rosidl_typesupport_c.so
[31.788s] -- Set runtime path of "/home/sarthak/precise_docking_ws/install/norlab_icp_mapper_ros/lib/libnorlab_icp_mapper_ros__rosidl_typesupport_c.so" to ""
[31.788s] -- Up-to-date: /home/sarthak/precise_docking_ws/install/norlab_icp_mapper_ros/include/norlab_icp_mapper_ros/norlab_icp_mapper_ros
[31.789s] -- Up-to-date: /home/sarthak/precise_docking_ws/install/norlab_icp_mapper_ros/include/norlab_icp_mapper_ros/norlab_icp_mapper_ros/srv
[31.789s] -- Up-to-date: /home/sarthak/precise_docking_ws/install/norlab_icp_mapper_ros/include/norlab_icp_mapper_ros/norlab_icp_mapper_ros/srv/detail
[31.789s] -- Installing: /home/sarthak/precise_docking_ws/install/norlab_icp_mapper_ros/include/norlab_icp_mapper_ros/norlab_icp_mapper_ros/srv/detail/save_trajectory__rosidl_typesupport_introspection_cpp.hpp
[31.789s] -- Installing: /home/sarthak/precise_docking_ws/install/norlab_icp_mapper_ros/include/norlab_icp_mapper_ros/norlab_icp_mapper_ros/srv/detail/load_map__rosidl_typesupport_introspection_cpp.hpp
[31.789s] -- Installing: /home/sarthak/precise_docking_ws/install/norlab_icp_mapper_ros/include/norlab_icp_mapper_ros/norlab_icp_mapper_ros/srv/detail/save_trajectory__type_support.cpp
[31.789s] -- Installing: /home/sarthak/precise_docking_ws/install/norlab_icp_mapper_ros/include/norlab_icp_mapper_ros/norlab_icp_mapper_ros/srv/detail/load_map__type_support.cpp
[31.789s] -- Installing: /home/sarthak/precise_docking_ws/install/norlab_icp_mapper_ros/include/norlab_icp_mapper_ros/norlab_icp_mapper_ros/srv/detail/save_map__rosidl_typesupport_introspection_cpp.hpp
[31.789s] -- Installing: /home/sarthak/precise_docking_ws/install/norlab_icp_mapper_ros/include/norlab_icp_mapper_ros/norlab_icp_mapper_ros/srv/detail/save_map__type_support.cpp
[31.789s] -- Installing: /home/sarthak/precise_docking_ws/install/norlab_icp_mapper_ros/lib/libnorlab_icp_mapper_ros__rosidl_typesupport_introspection_cpp.so
[31.789s] -- Set runtime path of "/home/sarthak/precise_docking_ws/install/norlab_icp_mapper_ros/lib/libnorlab_icp_mapper_ros__rosidl_typesupport_introspection_cpp.so" to ""
[31.789s] -- Installing: /home/sarthak/precise_docking_ws/install/norlab_icp_mapper_ros/lib/libnorlab_icp_mapper_ros__rosidl_typesupport_cpp.so
[31.789s] -- Set runtime path of "/home/sarthak/precise_docking_ws/install/norlab_icp_mapper_ros/lib/libnorlab_icp_mapper_ros__rosidl_typesupport_cpp.so" to ""
[31.790s] -- Installing: /home/sarthak/precise_docking_ws/install/norlab_icp_mapper_ros/share/norlab_icp_mapper_ros/environment/pythonpath.sh
[31.790s] -- Installing: /home/sarthak/precise_docking_ws/install/norlab_icp_mapper_ros/share/norlab_icp_mapper_ros/environment/pythonpath.dsv
[31.790s] -- Installing: /home/sarthak/precise_docking_ws/install/norlab_icp_mapper_ros/local/lib/python3.10/dist-packages/norlab_icp_mapper_ros-2.0.0-py3.10.egg-info
[31.790s] -- Installing: /home/sarthak/precise_docking_ws/install/norlab_icp_mapper_ros/local/lib/python3.10/dist-packages/norlab_icp_mapper_ros-2.0.0-py3.10.egg-info/top_level.txt
[31.791s] -- Installing: /home/sarthak/precise_docking_ws/install/norlab_icp_mapper_ros/local/lib/python3.10/dist-packages/norlab_icp_mapper_ros-2.0.0-py3.10.egg-info/SOURCES.txt
[31.791s] -- Installing: /home/sarthak/precise_docking_ws/install/norlab_icp_mapper_ros/local/lib/python3.10/dist-packages/norlab_icp_mapper_ros-2.0.0-py3.10.egg-info/PKG-INFO
[31.791s] -- Installing: /home/sarthak/precise_docking_ws/install/norlab_icp_mapper_ros/local/lib/python3.10/dist-packages/norlab_icp_mapper_ros-2.0.0-py3.10.egg-info/dependency_links.txt
[31.791s] -- Installing: /home/sarthak/precise_docking_ws/install/norlab_icp_mapper_ros/local/lib/python3.10/dist-packages/norlab_icp_mapper_ros
[31.791s] -- Installing: /home/sarthak/precise_docking_ws/install/norlab_icp_mapper_ros/local/lib/python3.10/dist-packages/norlab_icp_mapper_ros/norlab_icp_mapper_ros_s__rosidl_typesupport_introspection_c.cpython-310-x86_64-linux-gnu.so
[31.792s] -- Installing: /home/sarthak/precise_docking_ws/install/norlab_icp_mapper_ros/local/lib/python3.10/dist-packages/norlab_icp_mapper_ros/_norlab_icp_mapper_ros_s.ep.rosidl_typesupport_introspection_c.c
[31.792s] -- Installing: /home/sarthak/precise_docking_ws/install/norlab_icp_mapper_ros/local/lib/python3.10/dist-packages/norlab_icp_mapper_ros/_norlab_icp_mapper_ros_s.ep.rosidl_typesupport_c.c
[31.792s] -- Installing: /home/sarthak/precise_docking_ws/install/norlab_icp_mapper_ros/local/lib/python3.10/dist-packages/norlab_icp_mapper_ros/__init__.py
[31.792s] -- Installing: /home/sarthak/precise_docking_ws/install/norlab_icp_mapper_ros/local/lib/python3.10/dist-packages/norlab_icp_mapper_ros/norlab_icp_mapper_ros_s__rosidl_typesupport_fastrtps_c.cpython-310-x86_64-linux-gnu.so
[31.792s] -- Installing: /home/sarthak/precise_docking_ws/install/norlab_icp_mapper_ros/local/lib/python3.10/dist-packages/norlab_icp_mapper_ros/srv
[31.792s] -- Installing: /home/sarthak/precise_docking_ws/install/norlab_icp_mapper_ros/local/lib/python3.10/dist-packages/norlab_icp_mapper_ros/srv/_save_trajectory_s.c
[31.793s] -- Installing: /home/sarthak/precise_docking_ws/install/norlab_icp_mapper_ros/local/lib/python3.10/dist-packages/norlab_icp_mapper_ros/srv/_save_map_s.c
[31.793s] -- Installing: /home/sarthak/precise_docking_ws/install/norlab_icp_mapper_ros/local/lib/python3.10/dist-packages/norlab_icp_mapper_ros/srv/_save_trajectory.py
[31.793s] -- Installing: /home/sarthak/precise_docking_ws/install/norlab_icp_mapper_ros/local/lib/python3.10/dist-packages/norlab_icp_mapper_ros/srv/__init__.py
[31.793s] -- Installing: /home/sarthak/precise_docking_ws/install/norlab_icp_mapper_ros/local/lib/python3.10/dist-packages/norlab_icp_mapper_ros/srv/_load_map.py
[31.793s] -- Installing: /home/sarthak/precise_docking_ws/install/norlab_icp_mapper_ros/local/lib/python3.10/dist-packages/norlab_icp_mapper_ros/srv/_load_map_s.c
[31.793s] -- Installing: /home/sarthak/precise_docking_ws/install/norlab_icp_mapper_ros/local/lib/python3.10/dist-packages/norlab_icp_mapper_ros/srv/_save_map.py
[31.793s] -- Installing: /home/sarthak/precise_docking_ws/install/norlab_icp_mapper_ros/local/lib/python3.10/dist-packages/norlab_icp_mapper_ros/norlab_icp_mapper_ros_s__rosidl_typesupport_c.cpython-310-x86_64-linux-gnu.so
[31.793s] -- Installing: /home/sarthak/precise_docking_ws/install/norlab_icp_mapper_ros/local/lib/python3.10/dist-packages/norlab_icp_mapper_ros/libnorlab_icp_mapper_ros__rosidl_generator_py.so
[31.793s] -- Installing: /home/sarthak/precise_docking_ws/install/norlab_icp_mapper_ros/local/lib/python3.10/dist-packages/norlab_icp_mapper_ros/_norlab_icp_mapper_ros_s.ep.rosidl_typesupport_fastrtps_c.c
[31.828s] Listing '/home/sarthak/precise_docking_ws/install/norlab_icp_mapper_ros/local/lib/python3.10/dist-packages/norlab_icp_mapper_ros'...
[31.828s] Compiling '/home/sarthak/precise_docking_ws/install/norlab_icp_mapper_ros/local/lib/python3.10/dist-packages/norlab_icp_mapper_ros/__init__.py'...
[31.828s] Listing '/home/sarthak/precise_docking_ws/install/norlab_icp_mapper_ros/local/lib/python3.10/dist-packages/norlab_icp_mapper_ros/srv'...
[31.828s] Compiling '/home/sarthak/precise_docking_ws/install/norlab_icp_mapper_ros/local/lib/python3.10/dist-packages/norlab_icp_mapper_ros/srv/__init__.py'...
[31.828s] Compiling '/home/sarthak/precise_docking_ws/install/norlab_icp_mapper_ros/local/lib/python3.10/dist-packages/norlab_icp_mapper_ros/srv/_load_map.py'...
[31.828s] Compiling '/home/sarthak/precise_docking_ws/install/norlab_icp_mapper_ros/local/lib/python3.10/dist-packages/norlab_icp_mapper_ros/srv/_save_map.py'...
[31.828s] Compiling '/home/sarthak/precise_docking_ws/install/norlab_icp_mapper_ros/local/lib/python3.10/dist-packages/norlab_icp_mapper_ros/srv/_save_trajectory.py'...
[31.833s] -- Installing: /home/sarthak/precise_docking_ws/install/norlab_icp_mapper_ros/local/lib/python3.10/dist-packages/norlab_icp_mapper_ros/norlab_icp_mapper_ros_s__rosidl_typesupport_fastrtps_c.cpython-310-x86_64-linux-gnu.so
[31.833s] -- Set runtime path of "/home/sarthak/precise_docking_ws/install/norlab_icp_mapper_ros/local/lib/python3.10/dist-packages/norlab_icp_mapper_ros/norlab_icp_mapper_ros_s__rosidl_typesupport_fastrtps_c.cpython-310-x86_64-linux-gnu.so" to ""
[31.833s] -- Installing: /home/sarthak/precise_docking_ws/install/norlab_icp_mapper_ros/local/lib/python3.10/dist-packages/norlab_icp_mapper_ros/norlab_icp_mapper_ros_s__rosidl_typesupport_introspection_c.cpython-310-x86_64-linux-gnu.so
[31.834s] -- Set runtime path of "/home/sarthak/precise_docking_ws/install/norlab_icp_mapper_ros/local/lib/python3.10/dist-packages/norlab_icp_mapper_ros/norlab_icp_mapper_ros_s__rosidl_typesupport_introspection_c.cpython-310-x86_64-linux-gnu.so" to ""
[31.834s] -- Installing: /home/sarthak/precise_docking_ws/install/norlab_icp_mapper_ros/local/lib/python3.10/dist-packages/norlab_icp_mapper_ros/norlab_icp_mapper_ros_s__rosidl_typesupport_c.cpython-310-x86_64-linux-gnu.so
[31.834s] -- Set runtime path of "/home/sarthak/precise_docking_ws/install/norlab_icp_mapper_ros/local/lib/python3.10/dist-packages/norlab_icp_mapper_ros/norlab_icp_mapper_ros_s__rosidl_typesupport_c.cpython-310-x86_64-linux-gnu.so" to ""
[31.834s] -- Installing: /home/sarthak/precise_docking_ws/install/norlab_icp_mapper_ros/lib/libnorlab_icp_mapper_ros__rosidl_generator_py.so
[31.835s] -- Set runtime path of "/home/sarthak/precise_docking_ws/install/norlab_icp_mapper_ros/lib/libnorlab_icp_mapper_ros__rosidl_generator_py.so" to ""
[31.835s] -- Installing: /home/sarthak/precise_docking_ws/install/norlab_icp_mapper_ros/share/norlab_icp_mapper_ros/srv/SaveTrajectory.idl
[31.835s] -- Installing: /home/sarthak/precise_docking_ws/install/norlab_icp_mapper_ros/share/norlab_icp_mapper_ros/srv/SaveMap.idl
[31.835s] -- Installing: /home/sarthak/precise_docking_ws/install/norlab_icp_mapper_ros/share/norlab_icp_mapper_ros/srv/LoadMap.idl
[31.835s] -- Installing: /home/sarthak/precise_docking_ws/install/norlab_icp_mapper_ros/share/norlab_icp_mapper_ros/srv/SaveTrajectory.srv
[31.835s] -- Installing: /home/sarthak/precise_docking_ws/install/norlab_icp_mapper_ros/share/norlab_icp_mapper_ros/srv/SaveTrajectory_Request.msg
[31.835s] -- Installing: /home/sarthak/precise_docking_ws/install/norlab_icp_mapper_ros/share/norlab_icp_mapper_ros/srv/SaveTrajectory_Response.msg
[31.836s] -- Installing: /home/sarthak/precise_docking_ws/install/norlab_icp_mapper_ros/share/norlab_icp_mapper_ros/srv/SaveMap.srv
[31.836s] -- Installing: /home/sarthak/precise_docking_ws/install/norlab_icp_mapper_ros/share/norlab_icp_mapper_ros/srv/SaveMap_Request.msg
[31.836s] -- Installing: /home/sarthak/precise_docking_ws/install/norlab_icp_mapper_ros/share/norlab_icp_mapper_ros/srv/SaveMap_Response.msg
[31.836s] -- Installing: /home/sarthak/precise_docking_ws/install/norlab_icp_mapper_ros/share/norlab_icp_mapper_ros/srv/LoadMap.srv
[31.836s] -- Installing: /home/sarthak/precise_docking_ws/install/norlab_icp_mapper_ros/share/norlab_icp_mapper_ros/srv/LoadMap_Request.msg
[31.836s] -- Installing: /home/sarthak/precise_docking_ws/install/norlab_icp_mapper_ros/share/norlab_icp_mapper_ros/srv/LoadMap_Response.msg
[31.836s] -- Installing: /home/sarthak/precise_docking_ws/install/norlab_icp_mapper_ros/lib/norlab_icp_mapper_ros/mapper_node
[31.845s] -- Set runtime path of "/home/sarthak/precise_docking_ws/install/norlab_icp_mapper_ros/lib/norlab_icp_mapper_ros/mapper_node" to ""
[31.846s] -- Installing: /home/sarthak/precise_docking_ws/install/norlab_icp_mapper_ros/share/ament_index/resource_index/package_run_dependencies/norlab_icp_mapper_ros
[31.846s] -- Installing: /home/sarthak/precise_docking_ws/install/norlab_icp_mapper_ros/share/ament_index/resource_index/parent_prefix_path/norlab_icp_mapper_ros
[31.846s] -- Installing: /home/sarthak/precise_docking_ws/install/norlab_icp_mapper_ros/share/norlab_icp_mapper_ros/environment/ament_prefix_path.sh
[31.846s] -- Installing: /home/sarthak/precise_docking_ws/install/norlab_icp_mapper_ros/share/norlab_icp_mapper_ros/environment/ament_prefix_path.dsv
[31.846s] -- Installing: /home/sarthak/precise_docking_ws/install/norlab_icp_mapper_ros/share/norlab_icp_mapper_ros/environment/path.sh
[31.846s] -- Installing: /home/sarthak/precise_docking_ws/install/norlab_icp_mapper_ros/share/norlab_icp_mapper_ros/environment/path.dsv
[31.847s] -- Installing: /home/sarthak/precise_docking_ws/install/norlab_icp_mapper_ros/share/norlab_icp_mapper_ros/local_setup.bash
[31.847s] -- Installing: /home/sarthak/precise_docking_ws/install/norlab_icp_mapper_ros/share/norlab_icp_mapper_ros/local_setup.sh
[31.847s] -- Installing: /home/sarthak/precise_docking_ws/install/norlab_icp_mapper_ros/share/norlab_icp_mapper_ros/local_setup.zsh
[31.847s] -- Installing: /home/sarthak/precise_docking_ws/install/norlab_icp_mapper_ros/share/norlab_icp_mapper_ros/local_setup.dsv
[31.847s] -- Installing: /home/sarthak/precise_docking_ws/install/norlab_icp_mapper_ros/share/norlab_icp_mapper_ros/package.dsv
[31.847s] -- Installing: /home/sarthak/precise_docking_ws/install/norlab_icp_mapper_ros/share/ament_index/resource_index/packages/norlab_icp_mapper_ros
[31.848s] -- Installing: /home/sarthak/precise_docking_ws/install/norlab_icp_mapper_ros/share/norlab_icp_mapper_ros/cmake/export_norlab_icp_mapper_ros__rosidl_generator_cExport.cmake
[31.848s] -- Installing: /home/sarthak/precise_docking_ws/install/norlab_icp_mapper_ros/share/norlab_icp_mapper_ros/cmake/export_norlab_icp_mapper_ros__rosidl_generator_cExport-release.cmake
[31.848s] -- Installing: /home/sarthak/precise_docking_ws/install/norlab_icp_mapper_ros/share/norlab_icp_mapper_ros/cmake/export_norlab_icp_mapper_ros__rosidl_typesupport_fastrtps_cExport.cmake
[31.848s] -- Installing: /home/sarthak/precise_docking_ws/install/norlab_icp_mapper_ros/share/norlab_icp_mapper_ros/cmake/export_norlab_icp_mapper_ros__rosidl_typesupport_fastrtps_cExport-release.cmake
[31.848s] -- Installing: /home/sarthak/precise_docking_ws/install/norlab_icp_mapper_ros/share/norlab_icp_mapper_ros/cmake/export_norlab_icp_mapper_ros__rosidl_generator_cppExport.cmake
[31.848s] -- Installing: /home/sarthak/precise_docking_ws/install/norlab_icp_mapper_ros/share/norlab_icp_mapper_ros/cmake/export_norlab_icp_mapper_ros__rosidl_typesupport_fastrtps_cppExport.cmake
[31.849s] -- Installing: /home/sarthak/precise_docking_ws/install/norlab_icp_mapper_ros/share/norlab_icp_mapper_ros/cmake/export_norlab_icp_mapper_ros__rosidl_typesupport_fastrtps_cppExport-release.cmake
[31.849s] -- Installing: /home/sarthak/precise_docking_ws/install/norlab_icp_mapper_ros/share/norlab_icp_mapper_ros/cmake/norlab_icp_mapper_ros__rosidl_typesupport_introspection_cExport.cmake
[31.849s] -- Installing: /home/sarthak/precise_docking_ws/install/norlab_icp_mapper_ros/share/norlab_icp_mapper_ros/cmake/norlab_icp_mapper_ros__rosidl_typesupport_introspection_cExport-release.cmake
[31.849s] -- Installing: /home/sarthak/precise_docking_ws/install/norlab_icp_mapper_ros/share/norlab_icp_mapper_ros/cmake/norlab_icp_mapper_ros__rosidl_typesupport_cExport.cmake
[31.849s] -- Installing: /home/sarthak/precise_docking_ws/install/norlab_icp_mapper_ros/share/norlab_icp_mapper_ros/cmake/norlab_icp_mapper_ros__rosidl_typesupport_cExport-release.cmake
[31.849s] -- Installing: /home/sarthak/precise_docking_ws/install/norlab_icp_mapper_ros/share/norlab_icp_mapper_ros/cmake/norlab_icp_mapper_ros__rosidl_typesupport_introspection_cppExport.cmake
[31.849s] -- Installing: /home/sarthak/precise_docking_ws/install/norlab_icp_mapper_ros/share/norlab_icp_mapper_ros/cmake/norlab_icp_mapper_ros__rosidl_typesupport_introspection_cppExport-release.cmake
[31.849s] -- Installing: /home/sarthak/precise_docking_ws/install/norlab_icp_mapper_ros/share/norlab_icp_mapper_ros/cmake/norlab_icp_mapper_ros__rosidl_typesupport_cppExport.cmake
[31.849s] -- Installing: /home/sarthak/precise_docking_ws/install/norlab_icp_mapper_ros/share/norlab_icp_mapper_ros/cmake/norlab_icp_mapper_ros__rosidl_typesupport_cppExport-release.cmake
[31.849s] -- Installing: /home/sarthak/precise_docking_ws/install/norlab_icp_mapper_ros/share/norlab_icp_mapper_ros/cmake/export_norlab_icp_mapper_ros__rosidl_generator_pyExport.cmake
[31.849s] -- Installing: /home/sarthak/precise_docking_ws/install/norlab_icp_mapper_ros/share/norlab_icp_mapper_ros/cmake/export_norlab_icp_mapper_ros__rosidl_generator_pyExport-release.cmake
[31.849s] -- Installing: /home/sarthak/precise_docking_ws/install/norlab_icp_mapper_ros/share/norlab_icp_mapper_ros/cmake/rosidl_cmake-extras.cmake
[31.849s] -- Installing: /home/sarthak/precise_docking_ws/install/norlab_icp_mapper_ros/share/norlab_icp_mapper_ros/cmake/ament_cmake_export_dependencies-extras.cmake
[31.849s] -- Installing: /home/sarthak/precise_docking_ws/install/norlab_icp_mapper_ros/share/norlab_icp_mapper_ros/cmake/ament_cmake_export_include_directories-extras.cmake
[31.849s] -- Installing: /home/sarthak/precise_docking_ws/install/norlab_icp_mapper_ros/share/norlab_icp_mapper_ros/cmake/ament_cmake_export_libraries-extras.cmake
[31.849s] -- Installing: /home/sarthak/precise_docking_ws/install/norlab_icp_mapper_ros/share/norlab_icp_mapper_ros/cmake/ament_cmake_export_targets-extras.cmake
[31.849s] -- Installing: /home/sarthak/precise_docking_ws/install/norlab_icp_mapper_ros/share/norlab_icp_mapper_ros/cmake/rosidl_cmake_export_typesupport_targets-extras.cmake
[31.849s] -- Installing: /home/sarthak/precise_docking_ws/install/norlab_icp_mapper_ros/share/norlab_icp_mapper_ros/cmake/rosidl_cmake_export_typesupport_libraries-extras.cmake
[31.849s] -- Installing: /home/sarthak/precise_docking_ws/install/norlab_icp_mapper_ros/share/norlab_icp_mapper_ros/cmake/norlab_icp_mapper_rosConfig.cmake
[31.849s] -- Installing: /home/sarthak/precise_docking_ws/install/norlab_icp_mapper_ros/share/norlab_icp_mapper_ros/cmake/norlab_icp_mapper_rosConfig-version.cmake
[31.849s] -- Installing: /home/sarthak/precise_docking_ws/install/norlab_icp_mapper_ros/share/norlab_icp_mapper_ros/package.xml
[31.851s] Invoked command in '/home/sarthak/precise_docking_ws/build/norlab_icp_mapper_ros' returned '0': AMENT_PREFIX_PATH=/home/sarthak/precise_docking_ws/install/libpointmatcher_ros:${AMENT_PREFIX_PATH} CMAKE_PREFIX_PATH=/home/sarthak/precise_docking_ws/install/libpointmatcher_ros:/home/sarthak/precise_docking_ws/install/norlab_icp_mapper/lib/cmake:/home/sarthak/precise_docking_ws/install/frontend:/home/sarthak/precise_docking_ws/install/docking_bringup:/home/sarthak/precise_docking_ws/install/template_ros2:/home/sarthak/precise_docking_ws/install/reach_the_goal:/home/sarthak/precise_docking_ws/install/arcuo_marker_detection:/opt/ros/humble LD_LIBRARY_PATH=/home/sarthak/precise_docking_ws/install/libpointmatcher_ros/lib:${LD_LIBRARY_PATH} /usr/bin/cmake --install /home/sarthak/precise_docking_ws/build/norlab_icp_mapper_ros
