[0.013s] Invoking command in '/home/sarthak/precise_docking_ws/build/frontend': CMAKE_PREFIX_PATH=${CMAKE_PREFIX_PATH}:/home/sarthak/precise_docking_ws/install/template_ros2:/home/sarthak/precise_docking_ws/install/reach_the_goal:/home/sarthak/precise_docking_ws/install/arcuo_marker_detection:/opt/ros/humble /usr/bin/cmake --build /home/sarthak/precise_docking_ws/build/frontend -- -j20 -l20
[0.038s] -- Found ament_cmake: 1.3.10 (/opt/ros/humble/share/ament_cmake/cmake)
[0.186s] -- Found sensor_msgs: 4.2.4 (/opt/ros/humble/share/sensor_msgs/cmake)
[0.226s] -- Found rosidl_generator_c: 3.1.5 (/opt/ros/humble/share/rosidl_generator_c/cmake)
[0.230s] -- Found rosidl_adapter: 3.1.5 (/opt/ros/humble/share/rosidl_adapter/cmake)
[0.238s] -- Found rosidl_generator_cpp: 3.1.5 (/opt/ros/humble/share/rosidl_generator_cpp/cmake)
[0.259s] -- Using all available rosidl_typesupport_c: rosidl_typesupport_fastrtps_c;rosidl_typesupport_introspection_c
[0.279s] -- Using all available rosidl_typesupport_cpp: rosidl_typesupport_fastrtps_cpp;rosidl_typesupport_introspection_cpp
[0.340s] -- Found rclcpp: 16.0.10 (/opt/ros/humble/share/rclcpp/cmake)
[0.372s] -- Found rmw_implementation_cmake: 6.1.2 (/opt/ros/humble/share/rmw_implementation_cmake/cmake)
[0.374s] -- Found rmw_fastrtps_cpp: 6.2.7 (/opt/ros/humble/share/rmw_fastrtps_cpp/cmake)
[0.499s] -- Using RMW implementation 'rmw_fastrtps_cpp' as default
[0.542s] -- Found rclpy: 3.3.14 (/opt/ros/humble/share/rclpy/cmake)
[0.559s] -- Found Boost: /usr/lib/x86_64-linux-gnu/cmake/Boost-1.74.0/BoostConfig.cmake (found version "1.74.0") found components: thread filesystem system program_options date_time 
[0.567s] -- Found Boost: /usr/lib/x86_64-linux-gnu/cmake/Boost-1.74.0/BoostConfig.cmake (found version "1.74.0") found components: thread filesystem system program_options date_time chrono 
[0.570s] -- Found nav_msgs: 4.2.4 (/opt/ros/humble/share/nav_msgs/cmake)
[0.588s] -- Found tf2_ros: 0.25.7 (/opt/ros/humble/share/tf2_ros/cmake)
[0.721s] [31mCMake Error at CMakeLists.txt:17 (find_package):
[0.721s]   By not providing "Findtf_transformations.cmake" in CMAKE_MODULE_PATH this
[0.721s]   project has asked CMake to find a package configuration file provided by
[0.722s]   "tf_transformations", but CMake did not find one.
[0.722s] 
[0.722s]   Could not find a package configuration file provided by
[0.722s]   "tf_transformations" with any of the following names:
[0.722s] 
[0.722s]     tf_transformationsConfig.cmake
[0.722s]     tf_transformations-config.cmake
[0.722s] 
[0.722s]   Add the installation prefix of "tf_transformations" to CMAKE_PREFIX_PATH or
[0.722s]   set "tf_transformations_DIR" to a directory containing one of the above
[0.722s]   files.  If "tf_transformations" provides a separate development package or
[0.722s]   SDK, be sure it has been installed.
[0.722s] 
[0.722s] [0m
[0.722s] -- Configuring incomplete, errors occurred!
[0.722s] See also "/home/sarthak/precise_docking_ws/build/frontend/CMakeFiles/CMakeOutput.log".
[0.729s] gmake: *** [Makefile:295: cmake_check_build_system] Error 1
[0.731s] Invoked command in '/home/sarthak/precise_docking_ws/build/frontend' returned '2': CMAKE_PREFIX_PATH=${CMAKE_PREFIX_PATH}:/home/sarthak/precise_docking_ws/install/template_ros2:/home/sarthak/precise_docking_ws/install/reach_the_goal:/home/sarthak/precise_docking_ws/install/arcuo_marker_detection:/opt/ros/humble /usr/bin/cmake --build /home/sarthak/precise_docking_ws/build/frontend -- -j20 -l20
