[1.522s] Invoking command in '/home/sarthak/precise_docking_ws/src/active_localization': PYTHONPATH=/home/sarthak/precise_docking_ws/build/active_localization/prefix_override:/home/sarthak/.local/lib/python3.10/site-packages/colcon_core/task/python/colcon_distutils_commands:/home/sarthak/precise_docking_ws/install/active_localization/lib/python3.10/site-packages:${PYTHONPATH} /usr/bin/python3 -W ignore:setup.py install is deprecated setup.py egg_info --egg-base ../../build/active_localization build --build-base /home/sarthak/precise_docking_ws/build/active_localization/build install --record /home/sarthak/precise_docking_ws/build/active_localization/install.log --single-version-externally-managed install_data
[1.747s] /home/sarthak/.local/lib/python3.10/site-packages/setuptools/_distutils/dist.py:261: UserWarning: Unknown distribution option: 'tests_require'
[1.747s]   warnings.warn(msg)
[1.901s] running egg_info
[1.917s] writing ../../build/active_localization/active_localization.egg-info/PKG-INFO
[1.918s] writing dependency_links to ../../build/active_localization/active_localization.egg-info/dependency_links.txt
[1.918s] writing entry points to ../../build/active_localization/active_localization.egg-info/entry_points.txt
[1.918s] writing requirements to ../../build/active_localization/active_localization.egg-info/requires.txt
[1.918s] writing top-level names to ../../build/active_localization/active_localization.egg-info/top_level.txt
[3.331s] writing manifest file '../../build/active_localization/active_localization.egg-info/SOURCES.txt'
[3.332s] running build
[3.332s] running build_py
[3.332s] copying active_localization/__init__.py -> /home/sarthak/precise_docking_ws/build/active_localization/build/lib/active_localization
[3.332s] copying active_localization/frontier_detection.py -> /home/sarthak/precise_docking_ws/build/active_localization/build/lib/active_localization
[3.333s] copying active_localization/local_map.py -> /home/sarthak/precise_docking_ws/build/active_localization/build/lib/active_localization
[3.334s] running install
[3.341s] running install_lib
[3.364s] copying /home/sarthak/precise_docking_ws/build/active_localization/build/lib/active_localization/local_map.py -> /home/sarthak/precise_docking_ws/install/active_localization/lib/python3.10/site-packages/active_localization
[3.365s] byte-compiling /home/sarthak/precise_docking_ws/install/active_localization/lib/python3.10/site-packages/active_localization/local_map.py to local_map.cpython-310.pyc
[3.366s] running install_data
[3.367s] copying resource/active_localization -> /home/sarthak/precise_docking_ws/install/active_localization/share/ament_index/resource_index/packages
[3.367s] copying package.xml -> /home/sarthak/precise_docking_ws/install/active_localization/share/active_localization
[3.367s] running install_egg_info
[3.382s] removing '/home/sarthak/precise_docking_ws/install/active_localization/lib/python3.10/site-packages/active_localization-0.0.0-py3.10.egg-info' (and everything under it)
[3.382s] Copying ../../build/active_localization/active_localization.egg-info to /home/sarthak/precise_docking_ws/install/active_localization/lib/python3.10/site-packages/active_localization-0.0.0-py3.10.egg-info
[3.383s] running install_scripts
[3.502s] Installing frontier_detection script to /home/sarthak/precise_docking_ws/install/active_localization/lib/active_localization
[3.502s] Installing local_map_node script to /home/sarthak/precise_docking_ws/install/active_localization/lib/active_localization
[3.502s] writing list of installed files to '/home/sarthak/precise_docking_ws/build/active_localization/install.log'
[3.555s] Invoked command in '/home/sarthak/precise_docking_ws/src/active_localization' returned '0': PYTHONPATH=/home/sarthak/precise_docking_ws/build/active_localization/prefix_override:/home/sarthak/.local/lib/python3.10/site-packages/colcon_core/task/python/colcon_distutils_commands:/home/sarthak/precise_docking_ws/install/active_localization/lib/python3.10/site-packages:${PYTHONPATH} /usr/bin/python3 -W ignore:setup.py install is deprecated setup.py egg_info --egg-base ../../build/active_localization build --build-base /home/sarthak/precise_docking_ws/build/active_localization/build install --record /home/sarthak/precise_docking_ws/build/active_localization/install.log --single-version-externally-managed install_data
