[01m[K/home/sarthak/precise_docking_ws/src/frontend/src/icp_node.cpp:[m[K In member function ‘[01m[Kvoid ICPNode::plotPointCloud(const DP&, const string&, const string&)[m[K’:
[01m[K/home/sarthak/precise_docking_ws/src/frontend/src/icp_node.cpp:177:9:[m[K [01;31m[Kerror: [m[K‘[01m[Kplt[m[K’ has not been declared
  177 |         [01;31m[Kplt[m[K::scatter(x, y, 10.0, {{"color", color}});
      |         [01;31m[K^~~[m[K
[01m[K/home/sarthak/precise_docking_ws/src/frontend/src/icp_node.cpp:178:9:[m[K [01;31m[Kerror: [m[K‘[01m[Kplt[m[K’ has not been declared
  178 |         [01;31m[Kplt[m[K::title(cloud_name);
      |         [01;31m[K^~~[m[K
[01m[K/home/sarthak/precise_docking_ws/src/frontend/src/icp_node.cpp:179:9:[m[K [01;31m[Kerror: [m[K‘[01m[Kplt[m[K’ has not been declared
  179 |         [01;31m[Kplt[m[K::xlabel("X");
      |         [01;31m[K^~~[m[K
[01m[K/home/sarthak/precise_docking_ws/src/frontend/src/icp_node.cpp:180:9:[m[K [01;31m[Kerror: [m[K‘[01m[Kplt[m[K’ has not been declared
  180 |         [01;31m[Kplt[m[K::ylabel("Y");
      |         [01;31m[K^~~[m[K
[01m[K/home/sarthak/precise_docking_ws/src/frontend/src/icp_node.cpp:181:9:[m[K [01;31m[Kerror: [m[K‘[01m[Kplt[m[K’ has not been declared
  181 |         [01;31m[Kplt[m[K::grid(true);
      |         [01;31m[K^~~[m[K
[01m[K/home/sarthak/precise_docking_ws/src/frontend/src/icp_node.cpp:182:9:[m[K [01;31m[Kerror: [m[K‘[01m[Kplt[m[K’ has not been declared
  182 |         [01;31m[Kplt[m[K::pause(0.01);  // Pause to allow live updates
      |         [01;31m[K^~~[m[K
[01m[K/home/sarthak/precise_docking_ws/src/frontend/src/icp_node.cpp:183:9:[m[K [01;31m[Kerror: [m[K‘[01m[Kplt[m[K’ has not been declared
  183 |         [01;31m[Kplt[m[K::clf();  // Clear the plot for the next frame
      |         [01;31m[K^~~[m[K
gmake[2]: *** [CMakeFiles/icp_node.dir/build.make:76: CMakeFiles/icp_node.dir/src/icp_node.cpp.o] Error 1
gmake[1]: *** [CMakeFiles/Makefile2:168: CMakeFiles/icp_node.dir/all] Error 2
gmake: *** [Makefile:146: all] Error 2
