[0.015s] Invoking command in '/home/sarthak/precise_docking_ws/build/frontend': CMAKE_PREFIX_PATH=${CMAKE_PREFIX_PATH}:/home/sarthak/precise_docking_ws/install/template_ros2:/home/sarthak/precise_docking_ws/install/reach_the_goal:/home/sarthak/precise_docking_ws/install/autonomous_exploration:/home/sarthak/precise_docking_ws/install/arcuo_marker_detection:/home/sarthak/precise_docking_ws/install/active_localization:/opt/ros/humble /usr/bin/cmake --build /home/sarthak/precise_docking_ws/build/frontend -- -j20 -l20
[0.130s] [  0%] Built target ament_cmake_python_symlink_frontend
[0.141s] [ 50%] Built target cpp_executable
[0.170s] [100%] Built target icp_node
[0.509s] running egg_info
[0.532s] writing frontend.egg-info/PKG-INFO
[0.533s] writing dependency_links to frontend.egg-info/dependency_links.txt
[0.534s] writing top-level names to frontend.egg-info/top_level.txt
[1.249s] reading manifest file 'frontend.egg-info/SOURCES.txt'
[1.252s] writing manifest file 'frontend.egg-info/SOURCES.txt'
[1.328s] [100%] Built target ament_cmake_python_build_frontend_egg
[1.346s] Invoked command in '/home/sarthak/precise_docking_ws/build/frontend' returned '0': CMAKE_PREFIX_PATH=${CMAKE_PREFIX_PATH}:/home/sarthak/precise_docking_ws/install/template_ros2:/home/sarthak/precise_docking_ws/install/reach_the_goal:/home/sarthak/precise_docking_ws/install/autonomous_exploration:/home/sarthak/precise_docking_ws/install/arcuo_marker_detection:/home/sarthak/precise_docking_ws/install/active_localization:/opt/ros/humble /usr/bin/cmake --build /home/sarthak/precise_docking_ws/build/frontend -- -j20 -l20
[1.394s] Invoking command in '/home/sarthak/precise_docking_ws/build/frontend': CMAKE_PREFIX_PATH=${CMAKE_PREFIX_PATH}:/home/sarthak/precise_docking_ws/install/template_ros2:/home/sarthak/precise_docking_ws/install/reach_the_goal:/home/sarthak/precise_docking_ws/install/autonomous_exploration:/home/sarthak/precise_docking_ws/install/arcuo_marker_detection:/home/sarthak/precise_docking_ws/install/active_localization:/opt/ros/humble /usr/bin/cmake --install /home/sarthak/precise_docking_ws/build/frontend
[1.404s] -- Install configuration: ""
[1.405s] -- Execute custom install script
[1.405s] -- Up-to-date symlink: /home/sarthak/precise_docking_ws/install/frontend/share/frontend/environment/pythonpath.sh
[1.405s] -- Up-to-date symlink: /home/sarthak/precise_docking_ws/install/frontend/share/frontend/environment/pythonpath.dsv
[1.405s] -- Up-to-date symlink: /home/sarthak/precise_docking_ws/install/frontend/local/lib/python3.10/dist-packages/frontend-0.0.0-py3.10.egg-info/PKG-INFO
[1.406s] -- Up-to-date symlink: /home/sarthak/precise_docking_ws/install/frontend/local/lib/python3.10/dist-packages/frontend-0.0.0-py3.10.egg-info/SOURCES.txt
[1.406s] -- Up-to-date symlink: /home/sarthak/precise_docking_ws/install/frontend/local/lib/python3.10/dist-packages/frontend-0.0.0-py3.10.egg-info/dependency_links.txt
[1.406s] -- Up-to-date symlink: /home/sarthak/precise_docking_ws/install/frontend/local/lib/python3.10/dist-packages/frontend-0.0.0-py3.10.egg-info/top_level.txt
[1.407s] -- Up-to-date symlink: /home/sarthak/precise_docking_ws/install/frontend/local/lib/python3.10/dist-packages/frontend/__init__.py
[1.407s] -- Up-to-date symlink: /home/sarthak/precise_docking_ws/install/frontend/local/lib/python3.10/dist-packages/frontend/module_to_import.py
[1.407s] -- Up-to-date symlink: /home/sarthak/precise_docking_ws/install/frontend/lib/frontend/pose_graph_odom_landmark.py
[1.408s] -- Up-to-date symlink: /home/sarthak/precise_docking_ws/install/frontend/lib/frontend/localize_with_arcuo.py
[1.408s] -- Up-to-date symlink: /home/sarthak/precise_docking_ws/install/frontend/lib/frontend/localize_robot.py
[1.408s] -- Up-to-date symlink: /home/sarthak/precise_docking_ws/install/frontend/lib/frontend/hypotheses_map.py
[1.409s] -- Up-to-date symlink: /home/sarthak/precise_docking_ws/install/frontend/lib/frontend/hypotheses_test_map.py
[1.409s] -- Up-to-date symlink: /home/sarthak/precise_docking_ws/install/frontend/lib/frontend/pose_graph_optimization.py
[1.409s] -- Up-to-date symlink: /home/sarthak/precise_docking_ws/install/frontend/share/ament_index/resource_index/package_run_dependencies/frontend
[1.409s] -- Up-to-date symlink: /home/sarthak/precise_docking_ws/install/frontend/share/ament_index/resource_index/parent_prefix_path/frontend
[1.409s] -- Up-to-date symlink: /home/sarthak/precise_docking_ws/install/frontend/share/frontend/environment/ament_prefix_path.sh
[1.410s] -- Up-to-date symlink: /home/sarthak/precise_docking_ws/install/frontend/share/frontend/environment/ament_prefix_path.dsv
[1.410s] -- Up-to-date symlink: /home/sarthak/precise_docking_ws/install/frontend/share/frontend/environment/path.sh
[1.410s] -- Up-to-date symlink: /home/sarthak/precise_docking_ws/install/frontend/share/frontend/environment/path.dsv
[1.410s] -- Up-to-date symlink: /home/sarthak/precise_docking_ws/install/frontend/share/frontend/local_setup.bash
[1.410s] -- Up-to-date symlink: /home/sarthak/precise_docking_ws/install/frontend/share/frontend/local_setup.sh
[1.410s] -- Up-to-date symlink: /home/sarthak/precise_docking_ws/install/frontend/share/frontend/local_setup.zsh
[1.411s] -- Up-to-date symlink: /home/sarthak/precise_docking_ws/install/frontend/share/frontend/local_setup.dsv
[1.411s] -- Symlinking: /home/sarthak/precise_docking_ws/install/frontend/share/frontend/package.dsv
[1.423s] -- Up-to-date symlink: /home/sarthak/precise_docking_ws/install/frontend/share/ament_index/resource_index/packages/frontend
[1.423s] -- Up-to-date symlink: /home/sarthak/precise_docking_ws/install/frontend/share/frontend/cmake/frontendConfig.cmake
[1.423s] -- Up-to-date symlink: /home/sarthak/precise_docking_ws/install/frontend/share/frontend/cmake/frontendConfig-version.cmake
[1.423s] -- Up-to-date symlink: /home/sarthak/precise_docking_ws/install/frontend/share/frontend/package.xml
[1.472s] Listing '/home/sarthak/precise_docking_ws/install/frontend/local/lib/python3.10/dist-packages/frontend'...
[1.481s] Invoked command in '/home/sarthak/precise_docking_ws/build/frontend' returned '0': CMAKE_PREFIX_PATH=${CMAKE_PREFIX_PATH}:/home/sarthak/precise_docking_ws/install/template_ros2:/home/sarthak/precise_docking_ws/install/reach_the_goal:/home/sarthak/precise_docking_ws/install/autonomous_exploration:/home/sarthak/precise_docking_ws/install/arcuo_marker_detection:/home/sarthak/precise_docking_ws/install/active_localization:/opt/ros/humble /usr/bin/cmake --install /home/sarthak/precise_docking_ws/build/frontend
