[1.923s] [34mcolcon[0m [1;30mDEBUG[0m [32mCommand line arguments: ['/home/sarthak/.local/bin/colcon', 'build', '--packages-select', 'frontend'][0m
[1.923s] [34mcolcon[0m [1;30mDEBUG[0m [32mParsed command line arguments: Namespace(log_base=None, log_level=None, verb_name='build', build_base='build', install_base='install', merge_install=False, symlink_install=False, test_result_base=None, continue_on_error=False, executor='parallel', parallel_workers=20, event_handlers=None, ignore_user_meta=False, metas=['./colcon.meta'], base_paths=['.'], packages_ignore=None, packages_ignore_regex=None, paths=None, packages_up_to=None, packages_up_to_regex=None, packages_above=None, packages_above_and_dependencies=None, packages_above_depth=None, packages_select_by_dep=None, packages_skip_by_dep=None, packages_skip_up_to=None, packages_select_build_failed=False, packages_skip_build_finished=False, packages_select_test_failures=False, packages_skip_test_passed=False, packages_select=['frontend'], packages_skip=None, packages_select_regex=None, packages_skip_regex=None, packages_start=None, packages_end=None, allow_overriding=[], bazel_args=None, bazel_task=None, cmake_args=None, cmake_target=None, cmake_target_skip_unavailable=False, cmake_clean_cache=False, cmake_clean_first=False, cmake_force_configure=False, meson_args=[], ament_cmake_args=None, catkin_cmake_args=None, catkin_skip_building_tests=False, mixin_files=None, mixin=None, verb_parser=<colcon_alias.argument_parser.alias.AliasArgumentDecorator object at 0x7a18ee811e10>, verb_extension=<colcon_core.verb.build.BuildVerb object at 0x7a18ee810e20>, main=<bound method BuildVerb.main of <colcon_core.verb.build.BuildVerb object at 0x7a18ee810e20>>, mixin_verb=('build',))[0m
[2.029s] [34mcolcon.colcon_core.package_discovery[0m [1;30mLevel 1[0m discover_packages(colcon_meta) check parameters
[2.029s] [34mcolcon.colcon_core.package_discovery[0m [1;30mLevel 1[0m discover_packages(recursive) check parameters
[2.029s] [34mcolcon.colcon_core.package_discovery[0m [1;30mLevel 1[0m discover_packages(ignore) check parameters
[2.029s] [34mcolcon.colcon_core.package_discovery[0m [1;30mLevel 1[0m discover_packages(path) check parameters
[2.029s] [34mcolcon.colcon_core.package_discovery[0m [1;30mLevel 1[0m discover_packages(colcon_meta) discover
[2.030s] [34mcolcon.colcon_core.package_discovery[0m [1;30mLevel 1[0m discover_packages(recursive) discover
[2.030s] [34mcolcon.colcon_core.package_discovery[0m [1;30mINFO[0m Crawling recursively for packages in '/home/sarthak/precise_docking_ws'
[2.030s] [34mcolcon.colcon_core.package_identification[0m [1;30mLevel 1[0m _identify(.) by extensions ['ignore', 'ignore_ament_install']
[2.030s] [34mcolcon.colcon_core.package_identification[0m [1;30mLevel 1[0m _identify(.) by extension 'ignore'
[2.030s] [34mcolcon.colcon_core.package_identification[0m [1;30mLevel 1[0m _identify(.) by extension 'ignore_ament_install'
[2.030s] [34mcolcon.colcon_core.package_identification[0m [1;30mLevel 1[0m _identify(.) by extensions ['colcon_pkg']
[2.031s] [34mcolcon.colcon_core.package_identification[0m [1;30mLevel 1[0m _identify(.) by extension 'colcon_pkg'
[2.031s] [34mcolcon.colcon_core.package_identification[0m [1;30mLevel 1[0m _identify(.) by extensions ['colcon_meta']
[2.031s] [34mcolcon.colcon_core.package_identification[0m [1;30mLevel 1[0m _identify(.) by extension 'colcon_meta'
[2.031s] [34mcolcon.colcon_core.package_identification[0m [1;30mLevel 1[0m _identify(.) by extensions ['ros']
[2.031s] [34mcolcon.colcon_core.package_identification[0m [1;30mLevel 1[0m _identify(.) by extension 'ros'
[2.041s] [34mcolcon.colcon_core.package_identification[0m [1;30mLevel 1[0m _identify(.) by extensions ['bazel', 'cmake', 'meson', 'python']
[2.041s] [34mcolcon.colcon_core.package_identification[0m [1;30mLevel 1[0m _identify(.) by extension 'bazel'
[2.041s] [34mcolcon.colcon_core.package_identification[0m [1;30mLevel 1[0m _identify(.) by extension 'cmake'
[2.041s] [34mcolcon.colcon_core.package_identification[0m [1;30mLevel 1[0m _identify(.) by extension 'meson'
[2.042s] [34mcolcon.colcon_core.package_identification[0m [1;30mLevel 1[0m _identify(.) by extension 'python'
[2.042s] [34mcolcon.colcon_core.package_identification[0m [1;30mLevel 1[0m _identify(.) by extensions ['python_setup_py']
[2.042s] [34mcolcon.colcon_core.package_identification[0m [1;30mLevel 1[0m _identify(.) by extension 'python_setup_py'
[2.042s] [34mcolcon.colcon_core.package_identification[0m [1;30mLevel 1[0m _identify(Yolo dataset) by extensions ['ignore', 'ignore_ament_install']
[2.042s] [34mcolcon.colcon_core.package_identification[0m [1;30mLevel 1[0m _identify(Yolo dataset) by extension 'ignore'
[2.042s] [34mcolcon.colcon_core.package_identification[0m [1;30mLevel 1[0m _identify(Yolo dataset) by extension 'ignore_ament_install'
[2.043s] [34mcolcon.colcon_core.package_identification[0m [1;30mLevel 1[0m _identify(Yolo dataset) by extensions ['colcon_pkg']
[2.043s] [34mcolcon.colcon_core.package_identification[0m [1;30mLevel 1[0m _identify(Yolo dataset) by extension 'colcon_pkg'
[2.043s] [34mcolcon.colcon_core.package_identification[0m [1;30mLevel 1[0m _identify(Yolo dataset) by extensions ['colcon_meta']
[2.043s] [34mcolcon.colcon_core.package_identification[0m [1;30mLevel 1[0m _identify(Yolo dataset) by extension 'colcon_meta'
[2.043s] [34mcolcon.colcon_core.package_identification[0m [1;30mLevel 1[0m _identify(Yolo dataset) by extensions ['ros']
[2.043s] [34mcolcon.colcon_core.package_identification[0m [1;30mLevel 1[0m _identify(Yolo dataset) by extension 'ros'
[2.043s] [34mcolcon.colcon_core.package_identification[0m [1;30mLevel 1[0m _identify(Yolo dataset) by extensions ['bazel', 'cmake', 'meson', 'python']
[2.043s] [34mcolcon.colcon_core.package_identification[0m [1;30mLevel 1[0m _identify(Yolo dataset) by extension 'bazel'
[2.043s] [34mcolcon.colcon_core.package_identification[0m [1;30mLevel 1[0m _identify(Yolo dataset) by extension 'cmake'
[2.043s] [34mcolcon.colcon_core.package_identification[0m [1;30mLevel 1[0m _identify(Yolo dataset) by extension 'meson'
[2.044s] [34mcolcon.colcon_core.package_identification[0m [1;30mLevel 1[0m _identify(Yolo dataset) by extension 'python'
[2.044s] [34mcolcon.colcon_core.package_identification[0m [1;30mLevel 1[0m _identify(Yolo dataset) by extensions ['python_setup_py']
[2.044s] [34mcolcon.colcon_core.package_identification[0m [1;30mLevel 1[0m _identify(Yolo dataset) by extension 'python_setup_py'
[2.044s] [34mcolcon.colcon_core.package_identification[0m [1;30mLevel 1[0m _identify(build) by extensions ['ignore', 'ignore_ament_install']
[2.044s] [34mcolcon.colcon_core.package_identification[0m [1;30mLevel 1[0m _identify(build) by extension 'ignore'
[2.044s] [34mcolcon.colcon_core.package_identification[0m [1;30mLevel 1[0m _identify(build) ignored
[2.044s] [34mcolcon.colcon_core.package_identification[0m [1;30mLevel 1[0m _identify(install) by extensions ['ignore', 'ignore_ament_install']
[2.045s] [34mcolcon.colcon_core.package_identification[0m [1;30mLevel 1[0m _identify(install) by extension 'ignore'
[2.045s] [34mcolcon.colcon_core.package_identification[0m [1;30mLevel 1[0m _identify(install) ignored
[2.047s] [34mcolcon.colcon_core.package_identification[0m [1;30mLevel 1[0m _identify(log) by extensions ['ignore', 'ignore_ament_install']
[2.047s] [34mcolcon.colcon_core.package_identification[0m [1;30mLevel 1[0m _identify(log) by extension 'ignore'
[2.047s] [34mcolcon.colcon_core.package_identification[0m [1;30mLevel 1[0m _identify(log) ignored
[2.048s] [34mcolcon.colcon_core.package_identification[0m [1;30mLevel 1[0m _identify(maps) by extensions ['ignore', 'ignore_ament_install']
[2.048s] [34mcolcon.colcon_core.package_identification[0m [1;30mLevel 1[0m _identify(maps) by extension 'ignore'
[2.048s] [34mcolcon.colcon_core.package_identification[0m [1;30mLevel 1[0m _identify(maps) by extension 'ignore_ament_install'
[2.048s] [34mcolcon.colcon_core.package_identification[0m [1;30mLevel 1[0m _identify(maps) by extensions ['colcon_pkg']
[2.048s] [34mcolcon.colcon_core.package_identification[0m [1;30mLevel 1[0m _identify(maps) by extension 'colcon_pkg'
[2.048s] [34mcolcon.colcon_core.package_identification[0m [1;30mLevel 1[0m _identify(maps) by extensions ['colcon_meta']
[2.048s] [34mcolcon.colcon_core.package_identification[0m [1;30mLevel 1[0m _identify(maps) by extension 'colcon_meta'
[2.048s] [34mcolcon.colcon_core.package_identification[0m [1;30mLevel 1[0m _identify(maps) by extensions ['ros']
[2.048s] [34mcolcon.colcon_core.package_identification[0m [1;30mLevel 1[0m _identify(maps) by extension 'ros'
[2.048s] [34mcolcon.colcon_core.package_identification[0m [1;30mLevel 1[0m _identify(maps) by extensions ['bazel', 'cmake', 'meson', 'python']
[2.049s] [34mcolcon.colcon_core.package_identification[0m [1;30mLevel 1[0m _identify(maps) by extension 'bazel'
[2.049s] [34mcolcon.colcon_core.package_identification[0m [1;30mLevel 1[0m _identify(maps) by extension 'cmake'
[2.049s] [34mcolcon.colcon_core.package_identification[0m [1;30mLevel 1[0m _identify(maps) by extension 'meson'
[2.049s] [34mcolcon.colcon_core.package_identification[0m [1;30mLevel 1[0m _identify(maps) by extension 'python'
[2.049s] [34mcolcon.colcon_core.package_identification[0m [1;30mLevel 1[0m _identify(maps) by extensions ['python_setup_py']
[2.049s] [34mcolcon.colcon_core.package_identification[0m [1;30mLevel 1[0m _identify(maps) by extension 'python_setup_py'
[2.049s] [34mcolcon.colcon_core.package_identification[0m [1;30mLevel 1[0m _identify(plots) by extensions ['ignore', 'ignore_ament_install']
[2.049s] [34mcolcon.colcon_core.package_identification[0m [1;30mLevel 1[0m _identify(plots) by extension 'ignore'
[2.049s] [34mcolcon.colcon_core.package_identification[0m [1;30mLevel 1[0m _identify(plots) by extension 'ignore_ament_install'
[2.050s] [34mcolcon.colcon_core.package_identification[0m [1;30mLevel 1[0m _identify(plots) by extensions ['colcon_pkg']
[2.050s] [34mcolcon.colcon_core.package_identification[0m [1;30mLevel 1[0m _identify(plots) by extension 'colcon_pkg'
[2.050s] [34mcolcon.colcon_core.package_identification[0m [1;30mLevel 1[0m _identify(plots) by extensions ['colcon_meta']
[2.050s] [34mcolcon.colcon_core.package_identification[0m [1;30mLevel 1[0m _identify(plots) by extension 'colcon_meta'
[2.050s] [34mcolcon.colcon_core.package_identification[0m [1;30mLevel 1[0m _identify(plots) by extensions ['ros']
[2.050s] [34mcolcon.colcon_core.package_identification[0m [1;30mLevel 1[0m _identify(plots) by extension 'ros'
[2.050s] [34mcolcon.colcon_core.package_identification[0m [1;30mLevel 1[0m _identify(plots) by extensions ['bazel', 'cmake', 'meson', 'python']
[2.050s] [34mcolcon.colcon_core.package_identification[0m [1;30mLevel 1[0m _identify(plots) by extension 'bazel'
[2.050s] [34mcolcon.colcon_core.package_identification[0m [1;30mLevel 1[0m _identify(plots) by extension 'cmake'
[2.050s] [34mcolcon.colcon_core.package_identification[0m [1;30mLevel 1[0m _identify(plots) by extension 'meson'
[2.050s] [34mcolcon.colcon_core.package_identification[0m [1;30mLevel 1[0m _identify(plots) by extension 'python'
[2.050s] [34mcolcon.colcon_core.package_identification[0m [1;30mLevel 1[0m _identify(plots) by extensions ['python_setup_py']
[2.050s] [34mcolcon.colcon_core.package_identification[0m [1;30mLevel 1[0m _identify(plots) by extension 'python_setup_py'
[2.051s] [34mcolcon.colcon_core.package_identification[0m [1;30mLevel 1[0m _identify(src) by extensions ['ignore', 'ignore_ament_install']
[2.051s] [34mcolcon.colcon_core.package_identification[0m [1;30mLevel 1[0m _identify(src) by extension 'ignore'
[2.051s] [34mcolcon.colcon_core.package_identification[0m [1;30mLevel 1[0m _identify(src) by extension 'ignore_ament_install'
[2.051s] [34mcolcon.colcon_core.package_identification[0m [1;30mLevel 1[0m _identify(src) by extensions ['colcon_pkg']
[2.051s] [34mcolcon.colcon_core.package_identification[0m [1;30mLevel 1[0m _identify(src) by extension 'colcon_pkg'
[2.051s] [34mcolcon.colcon_core.package_identification[0m [1;30mLevel 1[0m _identify(src) by extensions ['colcon_meta']
[2.051s] [34mcolcon.colcon_core.package_identification[0m [1;30mLevel 1[0m _identify(src) by extension 'colcon_meta'
[2.051s] [34mcolcon.colcon_core.package_identification[0m [1;30mLevel 1[0m _identify(src) by extensions ['ros']
[2.051s] [34mcolcon.colcon_core.package_identification[0m [1;30mLevel 1[0m _identify(src) by extension 'ros'
[2.051s] [34mcolcon.colcon_core.package_identification[0m [1;30mLevel 1[0m _identify(src) by extensions ['bazel', 'cmake', 'meson', 'python']
[2.051s] [34mcolcon.colcon_core.package_identification[0m [1;30mLevel 1[0m _identify(src) by extension 'bazel'
[2.051s] [34mcolcon.colcon_core.package_identification[0m [1;30mLevel 1[0m _identify(src) by extension 'cmake'
[2.051s] [34mcolcon.colcon_core.package_identification[0m [1;30mLevel 1[0m _identify(src) by extension 'meson'
[2.052s] [34mcolcon.colcon_core.package_identification[0m [1;30mLevel 1[0m _identify(src) by extension 'python'
[2.052s] [34mcolcon.colcon_core.package_identification[0m [1;30mLevel 1[0m _identify(src) by extensions ['python_setup_py']
[2.052s] [34mcolcon.colcon_core.package_identification[0m [1;30mLevel 1[0m _identify(src) by extension 'python_setup_py'
[2.052s] [34mcolcon.colcon_core.package_identification[0m [1;30mLevel 1[0m _identify(src/ROS2-FrontierBaseExplorationForAutonomousRobot) by extensions ['ignore', 'ignore_ament_install']
[2.052s] [34mcolcon.colcon_core.package_identification[0m [1;30mLevel 1[0m _identify(src/ROS2-FrontierBaseExplorationForAutonomousRobot) by extension 'ignore'
[2.052s] [34mcolcon.colcon_core.package_identification[0m [1;30mLevel 1[0m _identify(src/ROS2-FrontierBaseExplorationForAutonomousRobot) by extension 'ignore_ament_install'
[2.052s] [34mcolcon.colcon_core.package_identification[0m [1;30mLevel 1[0m _identify(src/ROS2-FrontierBaseExplorationForAutonomousRobot) by extensions ['colcon_pkg']
[2.052s] [34mcolcon.colcon_core.package_identification[0m [1;30mLevel 1[0m _identify(src/ROS2-FrontierBaseExplorationForAutonomousRobot) by extension 'colcon_pkg'
[2.052s] [34mcolcon.colcon_core.package_identification[0m [1;30mLevel 1[0m _identify(src/ROS2-FrontierBaseExplorationForAutonomousRobot) by extensions ['colcon_meta']
[2.052s] [34mcolcon.colcon_core.package_identification[0m [1;30mLevel 1[0m _identify(src/ROS2-FrontierBaseExplorationForAutonomousRobot) by extension 'colcon_meta'
[2.052s] [34mcolcon.colcon_core.package_identification[0m [1;30mLevel 1[0m _identify(src/ROS2-FrontierBaseExplorationForAutonomousRobot) by extensions ['ros']
[2.052s] [34mcolcon.colcon_core.package_identification[0m [1;30mLevel 1[0m _identify(src/ROS2-FrontierBaseExplorationForAutonomousRobot) by extension 'ros'
[2.052s] [34mcolcon.colcon_core.package_identification[0m [1;30mLevel 1[0m _identify(src/ROS2-FrontierBaseExplorationForAutonomousRobot) by extensions ['bazel', 'cmake', 'meson', 'python']
[2.053s] [34mcolcon.colcon_core.package_identification[0m [1;30mLevel 1[0m _identify(src/ROS2-FrontierBaseExplorationForAutonomousRobot) by extension 'bazel'
[2.053s] [34mcolcon.colcon_core.package_identification[0m [1;30mLevel 1[0m _identify(src/ROS2-FrontierBaseExplorationForAutonomousRobot) by extension 'cmake'
[2.053s] [34mcolcon.colcon_core.package_identification[0m [1;30mLevel 1[0m _identify(src/ROS2-FrontierBaseExplorationForAutonomousRobot) by extension 'meson'
[2.053s] [34mcolcon.colcon_core.package_identification[0m [1;30mLevel 1[0m _identify(src/ROS2-FrontierBaseExplorationForAutonomousRobot) by extension 'python'
[2.053s] [34mcolcon.colcon_core.package_identification[0m [1;30mLevel 1[0m _identify(src/ROS2-FrontierBaseExplorationForAutonomousRobot) by extensions ['python_setup_py']
[2.053s] [34mcolcon.colcon_core.package_identification[0m [1;30mLevel 1[0m _identify(src/ROS2-FrontierBaseExplorationForAutonomousRobot) by extension 'python_setup_py'
[2.053s] [34mcolcon.colcon_core.package_identification[0m [1;30mLevel 1[0m _identify(src/ROS2-FrontierBaseExplorationForAutonomousRobot/autonomous_exploration) by extensions ['ignore', 'ignore_ament_install']
[2.053s] [34mcolcon.colcon_core.package_identification[0m [1;30mLevel 1[0m _identify(src/ROS2-FrontierBaseExplorationForAutonomousRobot/autonomous_exploration) by extension 'ignore'
[2.053s] [34mcolcon.colcon_core.package_identification[0m [1;30mLevel 1[0m _identify(src/ROS2-FrontierBaseExplorationForAutonomousRobot/autonomous_exploration) by extension 'ignore_ament_install'
[2.054s] [34mcolcon.colcon_core.package_identification[0m [1;30mLevel 1[0m _identify(src/ROS2-FrontierBaseExplorationForAutonomousRobot/autonomous_exploration) by extensions ['colcon_pkg']
[2.054s] [34mcolcon.colcon_core.package_identification[0m [1;30mLevel 1[0m _identify(src/ROS2-FrontierBaseExplorationForAutonomousRobot/autonomous_exploration) by extension 'colcon_pkg'
[2.054s] [34mcolcon.colcon_core.package_identification[0m [1;30mLevel 1[0m _identify(src/ROS2-FrontierBaseExplorationForAutonomousRobot/autonomous_exploration) by extensions ['colcon_meta']
[2.054s] [34mcolcon.colcon_core.package_identification[0m [1;30mLevel 1[0m _identify(src/ROS2-FrontierBaseExplorationForAutonomousRobot/autonomous_exploration) by extension 'colcon_meta'
[2.054s] [34mcolcon.colcon_core.package_identification[0m [1;30mLevel 1[0m _identify(src/ROS2-FrontierBaseExplorationForAutonomousRobot/autonomous_exploration) by extensions ['ros']
[2.054s] [34mcolcon.colcon_core.package_identification[0m [1;30mLevel 1[0m _identify(src/ROS2-FrontierBaseExplorationForAutonomousRobot/autonomous_exploration) by extension 'ros'
[2.058s] [34mcolcon.colcon_core.package_identification[0m [1;30mDEBUG[0m [32mPackage 'src/ROS2-FrontierBaseExplorationForAutonomousRobot/autonomous_exploration' with type 'ros.ament_python' and name 'autonomous_exploration'[0m
[2.059s] [34mcolcon.colcon_core.package_identification[0m [1;30mLevel 1[0m _identify(src/active_localization) by extensions ['ignore', 'ignore_ament_install']
[2.059s] [34mcolcon.colcon_core.package_identification[0m [1;30mLevel 1[0m _identify(src/active_localization) by extension 'ignore'
[2.059s] [34mcolcon.colcon_core.package_identification[0m [1;30mLevel 1[0m _identify(src/active_localization) by extension 'ignore_ament_install'
[2.059s] [34mcolcon.colcon_core.package_identification[0m [1;30mLevel 1[0m _identify(src/active_localization) by extensions ['colcon_pkg']
[2.059s] [34mcolcon.colcon_core.package_identification[0m [1;30mLevel 1[0m _identify(src/active_localization) by extension 'colcon_pkg'
[2.059s] [34mcolcon.colcon_core.package_identification[0m [1;30mLevel 1[0m _identify(src/active_localization) by extensions ['colcon_meta']
[2.060s] [34mcolcon.colcon_core.package_identification[0m [1;30mLevel 1[0m _identify(src/active_localization) by extension 'colcon_meta'
[2.060s] [34mcolcon.colcon_core.package_identification[0m [1;30mLevel 1[0m _identify(src/active_localization) by extensions ['ros']
[2.060s] [34mcolcon.colcon_core.package_identification[0m [1;30mLevel 1[0m _identify(src/active_localization) by extension 'ros'
[2.062s] [34mcolcon.colcon_core.package_identification[0m [1;30mDEBUG[0m [32mPackage 'src/active_localization' with type 'ros.ament_python' and name 'active_localization'[0m
[2.063s] [34mcolcon.colcon_core.package_identification[0m [1;30mLevel 1[0m _identify(src/arcuo_marker_detection) by extensions ['ignore', 'ignore_ament_install']
[2.063s] [34mcolcon.colcon_core.package_identification[0m [1;30mLevel 1[0m _identify(src/arcuo_marker_detection) by extension 'ignore'
[2.063s] [34mcolcon.colcon_core.package_identification[0m [1;30mLevel 1[0m _identify(src/arcuo_marker_detection) by extension 'ignore_ament_install'
[2.063s] [34mcolcon.colcon_core.package_identification[0m [1;30mLevel 1[0m _identify(src/arcuo_marker_detection) by extensions ['colcon_pkg']
[2.063s] [34mcolcon.colcon_core.package_identification[0m [1;30mLevel 1[0m _identify(src/arcuo_marker_detection) by extension 'colcon_pkg'
[2.063s] [34mcolcon.colcon_core.package_identification[0m [1;30mLevel 1[0m _identify(src/arcuo_marker_detection) by extensions ['colcon_meta']
[2.063s] [34mcolcon.colcon_core.package_identification[0m [1;30mLevel 1[0m _identify(src/arcuo_marker_detection) by extension 'colcon_meta'
[2.063s] [34mcolcon.colcon_core.package_identification[0m [1;30mLevel 1[0m _identify(src/arcuo_marker_detection) by extensions ['ros']
[2.063s] [34mcolcon.colcon_core.package_identification[0m [1;30mLevel 1[0m _identify(src/arcuo_marker_detection) by extension 'ros'
[2.066s] [34mcolcon.colcon_core.package_identification[0m [1;30mDEBUG[0m [32mPackage 'src/arcuo_marker_detection' with type 'ros.ament_python' and name 'arcuo_marker_detection'[0m
[2.067s] [34mcolcon.colcon_core.package_identification[0m [1;30mLevel 1[0m _identify(src/docking_bringup) by extensions ['ignore', 'ignore_ament_install']
[2.067s] [34mcolcon.colcon_core.package_identification[0m [1;30mLevel 1[0m _identify(src/docking_bringup) by extension 'ignore'
[2.067s] [34mcolcon.colcon_core.package_identification[0m [1;30mLevel 1[0m _identify(src/docking_bringup) by extension 'ignore_ament_install'
[2.067s] [34mcolcon.colcon_core.package_identification[0m [1;30mLevel 1[0m _identify(src/docking_bringup) by extensions ['colcon_pkg']
[2.067s] [34mcolcon.colcon_core.package_identification[0m [1;30mLevel 1[0m _identify(src/docking_bringup) by extension 'colcon_pkg'
[2.067s] [34mcolcon.colcon_core.package_identification[0m [1;30mLevel 1[0m _identify(src/docking_bringup) by extensions ['colcon_meta']
[2.067s] [34mcolcon.colcon_core.package_identification[0m [1;30mLevel 1[0m _identify(src/docking_bringup) by extension 'colcon_meta'
[2.067s] [34mcolcon.colcon_core.package_identification[0m [1;30mLevel 1[0m _identify(src/docking_bringup) by extensions ['ros']
[2.067s] [34mcolcon.colcon_core.package_identification[0m [1;30mLevel 1[0m _identify(src/docking_bringup) by extension 'ros'
[2.068s] [34mcolcon.colcon_core.package_identification[0m [1;30mDEBUG[0m [32mPackage 'src/docking_bringup' with type 'ros.ament_cmake' and name 'docking_bringup'[0m
[2.069s] [34mcolcon.colcon_core.package_identification[0m [1;30mLevel 1[0m _identify(src/frontend) by extensions ['ignore', 'ignore_ament_install']
[2.069s] [34mcolcon.colcon_core.package_identification[0m [1;30mLevel 1[0m _identify(src/frontend) by extension 'ignore'
[2.069s] [34mcolcon.colcon_core.package_identification[0m [1;30mLevel 1[0m _identify(src/frontend) by extension 'ignore_ament_install'
[2.069s] [34mcolcon.colcon_core.package_identification[0m [1;30mLevel 1[0m _identify(src/frontend) by extensions ['colcon_pkg']
[2.069s] [34mcolcon.colcon_core.package_identification[0m [1;30mLevel 1[0m _identify(src/frontend) by extension 'colcon_pkg'
[2.069s] [34mcolcon.colcon_core.package_identification[0m [1;30mLevel 1[0m _identify(src/frontend) by extensions ['colcon_meta']
[2.069s] [34mcolcon.colcon_core.package_identification[0m [1;30mLevel 1[0m _identify(src/frontend) by extension 'colcon_meta'
[2.069s] [34mcolcon.colcon_core.package_identification[0m [1;30mLevel 1[0m _identify(src/frontend) by extensions ['ros']
[2.069s] [34mcolcon.colcon_core.package_identification[0m [1;30mLevel 1[0m _identify(src/frontend) by extension 'ros'
[2.071s] [34mcolcon.colcon_core.package_identification[0m [1;30mDEBUG[0m [32mPackage 'src/frontend' with type 'ros.ament_cmake' and name 'frontend'[0m
[2.072s] [34mcolcon.colcon_core.package_identification[0m [1;30mLevel 1[0m _identify(src/localization_amcl) by extensions ['ignore', 'ignore_ament_install']
[2.072s] [34mcolcon.colcon_core.package_identification[0m [1;30mLevel 1[0m _identify(src/localization_amcl) by extension 'ignore'
[2.072s] [34mcolcon.colcon_core.package_identification[0m [1;30mLevel 1[0m _identify(src/localization_amcl) by extension 'ignore_ament_install'
[2.073s] [34mcolcon.colcon_core.package_identification[0m [1;30mLevel 1[0m _identify(src/localization_amcl) by extensions ['colcon_pkg']
[2.073s] [34mcolcon.colcon_core.package_identification[0m [1;30mLevel 1[0m _identify(src/localization_amcl) by extension 'colcon_pkg'
[2.073s] [34mcolcon.colcon_core.package_identification[0m [1;30mLevel 1[0m _identify(src/localization_amcl) by extensions ['colcon_meta']
[2.073s] [34mcolcon.colcon_core.package_identification[0m [1;30mLevel 1[0m _identify(src/localization_amcl) by extension 'colcon_meta'
[2.073s] [34mcolcon.colcon_core.package_identification[0m [1;30mLevel 1[0m _identify(src/localization_amcl) by extensions ['ros']
[2.073s] [34mcolcon.colcon_core.package_identification[0m [1;30mLevel 1[0m _identify(src/localization_amcl) by extension 'ros'
[2.075s] [34mcolcon.colcon_core.package_identification[0m [1;30mDEBUG[0m [32mPackage 'src/localization_amcl' with type 'ros.ament_cmake' and name 'localization_amcl'[0m
[2.075s] [34mcolcon.colcon_core.package_identification[0m [1;30mLevel 1[0m _identify(src/localization_node) by extensions ['ignore', 'ignore_ament_install']
[2.076s] [34mcolcon.colcon_core.package_identification[0m [1;30mLevel 1[0m _identify(src/localization_node) by extension 'ignore'
[2.076s] [34mcolcon.colcon_core.package_identification[0m [1;30mLevel 1[0m _identify(src/localization_node) by extension 'ignore_ament_install'
[2.076s] [34mcolcon.colcon_core.package_identification[0m [1;30mLevel 1[0m _identify(src/localization_node) by extensions ['colcon_pkg']
[2.076s] [34mcolcon.colcon_core.package_identification[0m [1;30mLevel 1[0m _identify(src/localization_node) by extension 'colcon_pkg'
[2.076s] [34mcolcon.colcon_core.package_identification[0m [1;30mLevel 1[0m _identify(src/localization_node) by extensions ['colcon_meta']
[2.076s] [34mcolcon.colcon_core.package_identification[0m [1;30mLevel 1[0m _identify(src/localization_node) by extension 'colcon_meta'
[2.076s] [34mcolcon.colcon_core.package_identification[0m [1;30mLevel 1[0m _identify(src/localization_node) by extensions ['ros']
[2.076s] [34mcolcon.colcon_core.package_identification[0m [1;30mLevel 1[0m _identify(src/localization_node) by extension 'ros'
[2.078s] [34mcolcon.colcon_core.package_identification[0m [1;30mDEBUG[0m [32mPackage 'src/localization_node' with type 'ros.ament_cmake' and name 'localization_node'[0m
[2.079s] [34mcolcon.colcon_core.package_identification[0m [1;30mLevel 1[0m _identify(src/reach_the_goal) by extensions ['ignore', 'ignore_ament_install']
[2.080s] [34mcolcon.colcon_core.package_identification[0m [1;30mLevel 1[0m _identify(src/reach_the_goal) by extension 'ignore'
[2.080s] [34mcolcon.colcon_core.package_identification[0m [1;30mLevel 1[0m _identify(src/reach_the_goal) by extension 'ignore_ament_install'
[2.080s] [34mcolcon.colcon_core.package_identification[0m [1;30mLevel 1[0m _identify(src/reach_the_goal) by extensions ['colcon_pkg']
[2.080s] [34mcolcon.colcon_core.package_identification[0m [1;30mLevel 1[0m _identify(src/reach_the_goal) by extension 'colcon_pkg'
[2.080s] [34mcolcon.colcon_core.package_identification[0m [1;30mLevel 1[0m _identify(src/reach_the_goal) by extensions ['colcon_meta']
[2.080s] [34mcolcon.colcon_core.package_identification[0m [1;30mLevel 1[0m _identify(src/reach_the_goal) by extension 'colcon_meta'
[2.080s] [34mcolcon.colcon_core.package_identification[0m [1;30mLevel 1[0m _identify(src/reach_the_goal) by extensions ['ros']
[2.080s] [34mcolcon.colcon_core.package_identification[0m [1;30mLevel 1[0m _identify(src/reach_the_goal) by extension 'ros'
[2.082s] [34mcolcon.colcon_core.package_identification[0m [1;30mDEBUG[0m [32mPackage 'src/reach_the_goal' with type 'ros.ament_python' and name 'reach_the_goal'[0m
[2.082s] [34mcolcon.colcon_core.package_identification[0m [1;30mLevel 1[0m _identify(src/teleop_cpp_ros2) by extensions ['ignore', 'ignore_ament_install']
[2.083s] [34mcolcon.colcon_core.package_identification[0m [1;30mLevel 1[0m _identify(src/teleop_cpp_ros2) by extension 'ignore'
[2.083s] [34mcolcon.colcon_core.package_identification[0m [1;30mLevel 1[0m _identify(src/teleop_cpp_ros2) by extension 'ignore_ament_install'
[2.083s] [34mcolcon.colcon_core.package_identification[0m [1;30mLevel 1[0m _identify(src/teleop_cpp_ros2) by extensions ['colcon_pkg']
[2.083s] [34mcolcon.colcon_core.package_identification[0m [1;30mLevel 1[0m _identify(src/teleop_cpp_ros2) by extension 'colcon_pkg'
[2.083s] [34mcolcon.colcon_core.package_identification[0m [1;30mLevel 1[0m _identify(src/teleop_cpp_ros2) by extensions ['colcon_meta']
[2.083s] [34mcolcon.colcon_core.package_identification[0m [1;30mLevel 1[0m _identify(src/teleop_cpp_ros2) by extension 'colcon_meta'
[2.083s] [34mcolcon.colcon_core.package_identification[0m [1;30mLevel 1[0m _identify(src/teleop_cpp_ros2) by extensions ['ros']
[2.083s] [34mcolcon.colcon_core.package_identification[0m [1;30mLevel 1[0m _identify(src/teleop_cpp_ros2) by extension 'ros'
[2.085s] [34mcolcon.colcon_core.package_identification[0m [1;30mDEBUG[0m [32mPackage 'src/teleop_cpp_ros2' with type 'ros.ament_cmake' and name 'teleop_cpp_ros2'[0m
[2.087s] [34mcolcon.colcon_core.package_identification[0m [1;30mLevel 1[0m _identify(src/template_ros2) by extensions ['ignore', 'ignore_ament_install']
[2.087s] [34mcolcon.colcon_core.package_identification[0m [1;30mLevel 1[0m _identify(src/template_ros2) by extension 'ignore'
[2.087s] [34mcolcon.colcon_core.package_identification[0m [1;30mLevel 1[0m _identify(src/template_ros2) by extension 'ignore_ament_install'
[2.087s] [34mcolcon.colcon_core.package_identification[0m [1;30mLevel 1[0m _identify(src/template_ros2) by extensions ['colcon_pkg']
[2.087s] [34mcolcon.colcon_core.package_identification[0m [1;30mLevel 1[0m _identify(src/template_ros2) by extension 'colcon_pkg'
[2.088s] [34mcolcon.colcon_core.package_identification[0m [1;30mLevel 1[0m _identify(src/template_ros2) by extensions ['colcon_meta']
[2.088s] [34mcolcon.colcon_core.package_identification[0m [1;30mLevel 1[0m _identify(src/template_ros2) by extension 'colcon_meta'
[2.088s] [34mcolcon.colcon_core.package_identification[0m [1;30mLevel 1[0m _identify(src/template_ros2) by extensions ['ros']
[2.088s] [34mcolcon.colcon_core.package_identification[0m [1;30mLevel 1[0m _identify(src/template_ros2) by extension 'ros'
[2.089s] [34mcolcon.colcon_core.package_identification[0m [1;30mDEBUG[0m [32mPackage 'src/template_ros2' with type 'ros.ament_python' and name 'template_ros2'[0m
[2.090s] [34mcolcon.colcon_core.package_identification[0m [1;30mLevel 1[0m _identify(src/ultralytics_ros) by extensions ['ignore', 'ignore_ament_install']
[2.090s] [34mcolcon.colcon_core.package_identification[0m [1;30mLevel 1[0m _identify(src/ultralytics_ros) by extension 'ignore'
[2.090s] [34mcolcon.colcon_core.package_identification[0m [1;30mLevel 1[0m _identify(src/ultralytics_ros) by extension 'ignore_ament_install'
[2.091s] [34mcolcon.colcon_core.package_identification[0m [1;30mLevel 1[0m _identify(src/ultralytics_ros) by extensions ['colcon_pkg']
[2.091s] [34mcolcon.colcon_core.package_identification[0m [1;30mLevel 1[0m _identify(src/ultralytics_ros) by extension 'colcon_pkg'
[2.091s] [34mcolcon.colcon_core.package_identification[0m [1;30mLevel 1[0m _identify(src/ultralytics_ros) by extensions ['colcon_meta']
[2.091s] [34mcolcon.colcon_core.package_identification[0m [1;30mLevel 1[0m _identify(src/ultralytics_ros) by extension 'colcon_meta'
[2.091s] [34mcolcon.colcon_core.package_identification[0m [1;30mLevel 1[0m _identify(src/ultralytics_ros) by extensions ['ros']
[2.091s] [34mcolcon.colcon_core.package_identification[0m [1;30mLevel 1[0m _identify(src/ultralytics_ros) by extension 'ros'
[2.094s] [34mcolcon.colcon_core.package_identification[0m [1;30mDEBUG[0m [32mPackage 'src/ultralytics_ros' with type 'ros.ament_cmake' and name 'ultralytics_ros'[0m
[2.095s] [34mcolcon.colcon_core.package_discovery[0m [1;30mLevel 1[0m discover_packages(recursive) using defaults
[2.095s] [34mcolcon.colcon_core.package_discovery[0m [1;30mLevel 1[0m discover_packages(ignore) discover
[2.095s] [34mcolcon.colcon_core.package_discovery[0m [1;30mLevel 1[0m discover_packages(ignore) using defaults
[2.095s] [34mcolcon.colcon_core.package_discovery[0m [1;30mLevel 1[0m discover_packages(path) discover
[2.095s] [34mcolcon.colcon_core.package_discovery[0m [1;30mLevel 1[0m discover_packages(path) using defaults
[2.138s] [34mcolcon.colcon_core.package_selection[0m [1;30mINFO[0m Skipping not selected package 'active_localization' in 'src/active_localization'
[2.138s] [34mcolcon.colcon_core.package_selection[0m [1;30mINFO[0m Skipping not selected package 'arcuo_marker_detection' in 'src/arcuo_marker_detection'
[2.138s] [34mcolcon.colcon_core.package_selection[0m [1;30mINFO[0m Skipping not selected package 'autonomous_exploration' in 'src/ROS2-FrontierBaseExplorationForAutonomousRobot/autonomous_exploration'
[2.138s] [34mcolcon.colcon_core.package_selection[0m [1;30mINFO[0m Skipping not selected package 'localization_amcl' in 'src/localization_amcl'
[2.138s] [34mcolcon.colcon_core.package_selection[0m [1;30mINFO[0m Skipping not selected package 'localization_node' in 'src/localization_node'
[2.138s] [34mcolcon.colcon_core.package_selection[0m [1;30mINFO[0m Skipping not selected package 'reach_the_goal' in 'src/reach_the_goal'
[2.138s] [34mcolcon.colcon_core.package_selection[0m [1;30mINFO[0m Skipping not selected package 'teleop_cpp_ros2' in 'src/teleop_cpp_ros2'
[2.138s] [34mcolcon.colcon_core.package_selection[0m [1;30mINFO[0m Skipping not selected package 'template_ros2' in 'src/template_ros2'
[2.138s] [34mcolcon.colcon_core.package_selection[0m [1;30mINFO[0m Skipping not selected package 'ultralytics_ros' in 'src/ultralytics_ros'
[2.138s] [34mcolcon.colcon_core.package_selection[0m [1;30mINFO[0m Skipping not selected package 'docking_bringup' in 'src/docking_bringup'
[2.142s] [34mcolcon.colcon_core.package_discovery[0m [1;30mLevel 1[0m discover_packages(prefix_path) check parameters
[2.142s] [34mcolcon.colcon_core.package_discovery[0m [1;30mLevel 1[0m discover_packages(prefix_path) discover
[2.162s] [34mcolcon.colcon_installed_package_information.package_discovery[0m [1;30mDEBUG[0m [32mFound 12 installed packages in /home/sarthak/precise_docking_ws/install[0m
[2.168s] [34mcolcon.colcon_installed_package_information.package_discovery[0m [1;30mDEBUG[0m [32mFound 406 installed packages in /opt/ros/humble[0m
[2.173s] [34mcolcon.colcon_core.package_discovery[0m [1;30mLevel 1[0m discover_packages(prefix_path) using defaults
[2.359s] [34mcolcon.colcon_core.verb[0m [1;30mLevel 5[0m set package 'frontend' build argument 'bazel_args' from command line to 'None'
[2.359s] [34mcolcon.colcon_core.verb[0m [1;30mLevel 5[0m set package 'frontend' build argument 'bazel_task' from command line to 'None'
[2.359s] [34mcolcon.colcon_core.verb[0m [1;30mLevel 5[0m set package 'frontend' build argument 'cmake_args' from command line to 'None'
[2.359s] [34mcolcon.colcon_core.verb[0m [1;30mLevel 5[0m set package 'frontend' build argument 'cmake_target' from command line to 'None'
[2.359s] [34mcolcon.colcon_core.verb[0m [1;30mLevel 5[0m set package 'frontend' build argument 'cmake_target_skip_unavailable' from command line to 'False'
[2.359s] [34mcolcon.colcon_core.verb[0m [1;30mLevel 5[0m set package 'frontend' build argument 'cmake_clean_cache' from command line to 'False'
[2.359s] [34mcolcon.colcon_core.verb[0m [1;30mLevel 5[0m set package 'frontend' build argument 'cmake_clean_first' from command line to 'False'
[2.359s] [34mcolcon.colcon_core.verb[0m [1;30mLevel 5[0m set package 'frontend' build argument 'cmake_force_configure' from command line to 'False'
[2.359s] [34mcolcon.colcon_core.verb[0m [1;30mLevel 5[0m set package 'frontend' build argument 'meson_args' from command line to '[]'
[2.359s] [34mcolcon.colcon_core.verb[0m [1;30mLevel 5[0m set package 'frontend' build argument 'ament_cmake_args' from command line to 'None'
[2.359s] [34mcolcon.colcon_core.verb[0m [1;30mLevel 5[0m set package 'frontend' build argument 'catkin_cmake_args' from command line to 'None'
[2.359s] [34mcolcon.colcon_core.verb[0m [1;30mLevel 5[0m set package 'frontend' build argument 'catkin_skip_building_tests' from command line to 'False'
[2.360s] [34mcolcon.colcon_core.verb[0m [1;30mDEBUG[0m [32mBuilding package 'frontend' with the following arguments: {'ament_cmake_args': None, 'bazel_args': None, 'bazel_task': None, 'build_base': '/home/sarthak/precise_docking_ws/build/frontend', 'catkin_cmake_args': None, 'catkin_skip_building_tests': False, 'cmake_args': None, 'cmake_clean_cache': False, 'cmake_clean_first': False, 'cmake_force_configure': False, 'cmake_target': None, 'cmake_target_skip_unavailable': False, 'install_base': '/home/sarthak/precise_docking_ws/install/frontend', 'merge_install': False, 'meson_args': [], 'path': '/home/sarthak/precise_docking_ws/src/frontend', 'symlink_install': False, 'test_result_base': None}[0m
[2.360s] [34mcolcon.colcon_core.executor[0m [1;30mINFO[0m Executing jobs using 'parallel' executor
[2.362s] [34mcolcon.colcon_parallel_executor.executor.parallel[0m [1;30mDEBUG[0m [32mrun_until_complete[0m
[2.363s] [34mcolcon.colcon_ros.task.ament_cmake.build[0m [1;30mINFO[0m Building ROS package in '/home/sarthak/precise_docking_ws/src/frontend' with build type 'ament_cmake'
[2.363s] [34mcolcon.colcon_cmake.task.cmake.build[0m [1;30mINFO[0m Building CMake package in '/home/sarthak/precise_docking_ws/src/frontend'
[2.375s] [34mcolcon.colcon_core.plugin_system[0m [1;30mINFO[0m Skipping extension 'colcon_core.shell.bat': Not used on non-Windows systems
[2.375s] [34mcolcon.colcon_ros_domain_id_coordinator.shell.ros_domain_id[0m [1;30mDEBUG[0m [32mAllocated ROS_DOMAIN_ID=2 for '/home/sarthak/precise_docking_ws/build/frontend'[0m
[2.375s] [34mcolcon.colcon_core.shell[0m [1;30mINFO[0m Skip shell extension 'ros_domain_id' for command environment: 
[2.375s] [34mcolcon.colcon_core.shell[0m [1;30mINFO[0m Skip shell extension 'powershell' for command environment: Not usable outside of PowerShell
[2.375s] [34mcolcon.colcon_core.shell[0m [1;30mDEBUG[0m [32mSkip shell extension 'dsv' for command environment[0m
[2.398s] [34mcolcon.colcon_core.event_handler.log_command[0m [1;30mDEBUG[0m [32mInvoking command in '/home/sarthak/precise_docking_ws/build/frontend': CMAKE_PREFIX_PATH=${CMAKE_PREFIX_PATH}:/home/sarthak/precise_docking_ws/install/template_ros2:/home/sarthak/precise_docking_ws/install/reach_the_goal:/home/sarthak/precise_docking_ws/install/autonomous_exploration:/home/sarthak/precise_docking_ws/install/arcuo_marker_detection:/home/sarthak/precise_docking_ws/install/active_localization:/opt/ros/humble /usr/bin/cmake --build /home/sarthak/precise_docking_ws/build/frontend -- -j20 -l20[0m
[5.188s] [34mcolcon.colcon_core.event_handler.log_command[0m [1;30mDEBUG[0m [32mInvoked command in '/home/sarthak/precise_docking_ws/build/frontend' returned '0': CMAKE_PREFIX_PATH=${CMAKE_PREFIX_PATH}:/home/sarthak/precise_docking_ws/install/template_ros2:/home/sarthak/precise_docking_ws/install/reach_the_goal:/home/sarthak/precise_docking_ws/install/autonomous_exploration:/home/sarthak/precise_docking_ws/install/arcuo_marker_detection:/home/sarthak/precise_docking_ws/install/active_localization:/opt/ros/humble /usr/bin/cmake --build /home/sarthak/precise_docking_ws/build/frontend -- -j20 -l20[0m
[5.259s] [34mcolcon.colcon_core.event_handler.log_command[0m [1;30mDEBUG[0m [32mInvoking command in '/home/sarthak/precise_docking_ws/build/frontend': CMAKE_PREFIX_PATH=${CMAKE_PREFIX_PATH}:/home/sarthak/precise_docking_ws/install/template_ros2:/home/sarthak/precise_docking_ws/install/reach_the_goal:/home/sarthak/precise_docking_ws/install/autonomous_exploration:/home/sarthak/precise_docking_ws/install/arcuo_marker_detection:/home/sarthak/precise_docking_ws/install/active_localization:/opt/ros/humble /usr/bin/cmake --install /home/sarthak/precise_docking_ws/build/frontend[0m
[5.352s] [34mcolcon.colcon_core.environment[0m [1;30mLevel 1[0m create_environment_scripts_only(frontend)
[5.353s] [34mcolcon.colcon_core.event_handler.log_command[0m [1;30mDEBUG[0m [32mInvoked command in '/home/sarthak/precise_docking_ws/build/frontend' returned '0': CMAKE_PREFIX_PATH=${CMAKE_PREFIX_PATH}:/home/sarthak/precise_docking_ws/install/template_ros2:/home/sarthak/precise_docking_ws/install/reach_the_goal:/home/sarthak/precise_docking_ws/install/autonomous_exploration:/home/sarthak/precise_docking_ws/install/arcuo_marker_detection:/home/sarthak/precise_docking_ws/install/active_localization:/opt/ros/humble /usr/bin/cmake --install /home/sarthak/precise_docking_ws/build/frontend[0m
[5.357s] [34mcolcon.colcon_core.environment[0m [1;30mLevel 1[0m checking '/home/sarthak/precise_docking_ws/install/frontend' for CMake module files
[5.357s] [34mcolcon.colcon_core.environment[0m [1;30mLevel 1[0m checking '/home/sarthak/precise_docking_ws/install/frontend' for CMake config files
[5.358s] [34mcolcon.colcon_core.shell[0m [1;30mLevel 1[0m create_environment_hook('frontend', 'cmake_prefix_path')
[5.358s] [34mcolcon.colcon_core.shell[0m [1;30mINFO[0m Creating environment hook '/home/sarthak/precise_docking_ws/install/frontend/share/frontend/hook/cmake_prefix_path.ps1'
[5.359s] [34mcolcon.colcon_core.shell[0m [1;30mINFO[0m Creating environment descriptor '/home/sarthak/precise_docking_ws/install/frontend/share/frontend/hook/cmake_prefix_path.dsv'
[5.360s] [34mcolcon.colcon_core.shell[0m [1;30mINFO[0m Creating environment hook '/home/sarthak/precise_docking_ws/install/frontend/share/frontend/hook/cmake_prefix_path.sh'
[5.361s] [34mcolcon.colcon_core.environment[0m [1;30mLevel 1[0m checking '/home/sarthak/precise_docking_ws/install/frontend/lib'
[5.361s] [34mcolcon.colcon_core.environment[0m [1;30mLevel 1[0m checking '/home/sarthak/precise_docking_ws/install/frontend/bin'
[5.361s] [34mcolcon.colcon_core.environment[0m [1;30mLevel 1[0m checking '/home/sarthak/precise_docking_ws/install/frontend/lib/pkgconfig/frontend.pc'
[5.361s] [34mcolcon.colcon_core.environment[0m [1;30mLevel 1[0m checking '/home/sarthak/precise_docking_ws/install/frontend/lib/python3.10/site-packages'
[5.362s] [34mcolcon.colcon_core.environment[0m [1;30mLevel 1[0m checking '/home/sarthak/precise_docking_ws/install/frontend/bin'
[5.362s] [34mcolcon.colcon_core.shell[0m [1;30mINFO[0m Creating package script '/home/sarthak/precise_docking_ws/install/frontend/share/frontend/package.ps1'
[5.362s] [34mcolcon.colcon_core.shell[0m [1;30mINFO[0m Creating package descriptor '/home/sarthak/precise_docking_ws/install/frontend/share/frontend/package.dsv'
[5.363s] [34mcolcon.colcon_core.shell[0m [1;30mINFO[0m Creating package script '/home/sarthak/precise_docking_ws/install/frontend/share/frontend/package.sh'
[5.364s] [34mcolcon.colcon_core.shell[0m [1;30mINFO[0m Creating package script '/home/sarthak/precise_docking_ws/install/frontend/share/frontend/package.bash'
[5.364s] [34mcolcon.colcon_core.shell[0m [1;30mINFO[0m Creating package script '/home/sarthak/precise_docking_ws/install/frontend/share/frontend/package.zsh'
[5.365s] [34mcolcon.colcon_core.environment[0m [1;30mLevel 1[0m create_file_with_runtime_dependencies(/home/sarthak/precise_docking_ws/install/frontend/share/colcon-core/packages/frontend)
[5.391s] [34mcolcon.colcon_core.environment[0m [1;30mLevel 1[0m create_environment_scripts_only(frontend)
[5.391s] [34mcolcon.colcon_core.environment[0m [1;30mLevel 1[0m checking '/home/sarthak/precise_docking_ws/install/frontend' for CMake module files
[5.392s] [34mcolcon.colcon_core.environment[0m [1;30mLevel 1[0m checking '/home/sarthak/precise_docking_ws/install/frontend' for CMake config files
[5.392s] [34mcolcon.colcon_core.shell[0m [1;30mLevel 1[0m create_environment_hook('frontend', 'cmake_prefix_path')
[5.392s] [34mcolcon.colcon_core.shell[0m [1;30mINFO[0m Creating environment hook '/home/sarthak/precise_docking_ws/install/frontend/share/frontend/hook/cmake_prefix_path.ps1'
[5.392s] [34mcolcon.colcon_core.shell[0m [1;30mINFO[0m Creating environment descriptor '/home/sarthak/precise_docking_ws/install/frontend/share/frontend/hook/cmake_prefix_path.dsv'
[5.393s] [34mcolcon.colcon_core.shell[0m [1;30mINFO[0m Creating environment hook '/home/sarthak/precise_docking_ws/install/frontend/share/frontend/hook/cmake_prefix_path.sh'
[5.393s] [34mcolcon.colcon_core.environment[0m [1;30mLevel 1[0m checking '/home/sarthak/precise_docking_ws/install/frontend/lib'
[5.393s] [34mcolcon.colcon_core.environment[0m [1;30mLevel 1[0m checking '/home/sarthak/precise_docking_ws/install/frontend/bin'
[5.393s] [34mcolcon.colcon_core.environment[0m [1;30mLevel 1[0m checking '/home/sarthak/precise_docking_ws/install/frontend/lib/pkgconfig/frontend.pc'
[5.393s] [34mcolcon.colcon_core.environment[0m [1;30mLevel 1[0m checking '/home/sarthak/precise_docking_ws/install/frontend/lib/python3.10/site-packages'
[5.394s] [34mcolcon.colcon_core.environment[0m [1;30mLevel 1[0m checking '/home/sarthak/precise_docking_ws/install/frontend/bin'
[5.394s] [34mcolcon.colcon_core.shell[0m [1;30mINFO[0m Creating package script '/home/sarthak/precise_docking_ws/install/frontend/share/frontend/package.ps1'
[5.395s] [34mcolcon.colcon_core.shell[0m [1;30mINFO[0m Creating package descriptor '/home/sarthak/precise_docking_ws/install/frontend/share/frontend/package.dsv'
[5.396s] [34mcolcon.colcon_core.shell[0m [1;30mINFO[0m Creating package script '/home/sarthak/precise_docking_ws/install/frontend/share/frontend/package.sh'
[5.396s] [34mcolcon.colcon_core.shell[0m [1;30mINFO[0m Creating package script '/home/sarthak/precise_docking_ws/install/frontend/share/frontend/package.bash'
[5.396s] [34mcolcon.colcon_core.shell[0m [1;30mINFO[0m Creating package script '/home/sarthak/precise_docking_ws/install/frontend/share/frontend/package.zsh'
[5.397s] [34mcolcon.colcon_core.environment[0m [1;30mLevel 1[0m create_file_with_runtime_dependencies(/home/sarthak/precise_docking_ws/install/frontend/share/colcon-core/packages/frontend)
[5.397s] [34mcolcon.colcon_parallel_executor.executor.parallel[0m [1;30mDEBUG[0m [32mclosing loop[0m
[5.397s] [34mcolcon.colcon_ros_domain_id_coordinator.shell.ros_domain_id[0m [1;30mDEBUG[0m [32mReleased ROS_DOMAIN_ID=2 for '/home/sarthak/precise_docking_ws/build/frontend'[0m
[5.397s] [34mcolcon.colcon_parallel_executor.executor.parallel[0m [1;30mDEBUG[0m [32mloop closed[0m
[5.397s] [34mcolcon.colcon_parallel_executor.executor.parallel[0m [1;30mDEBUG[0m [32mrun_until_complete finished with '0'[0m
[5.398s] [34mcolcon.colcon_core.event_reactor[0m [1;30mDEBUG[0m [32mjoining thread[0m
[5.407s] [34mcolcon.colcon_core.plugin_system[0m [1;30mINFO[0m Skipping extension 'colcon_notification.desktop_notification.terminal_notifier': Not used on non-Darwin systems
[5.407s] [34mcolcon.colcon_core.plugin_system[0m [1;30mINFO[0m Skipping extension 'colcon_notification.desktop_notification.win32': Not used on non-Windows systems
[5.407s] [34mcolcon.colcon_notification.desktop_notification[0m [1;30mINFO[0m Sending desktop notification using 'notify2'
[5.429s] [34mcolcon.colcon_core.event_reactor[0m [1;30mDEBUG[0m [32mjoined thread[0m
[5.431s] [34mcolcon.colcon_core.shell[0m [1;30mINFO[0m Creating prefix script '/home/sarthak/precise_docking_ws/install/local_setup.ps1'
[5.434s] [34mcolcon.colcon_core.shell[0m [1;30mINFO[0m Creating prefix util module '/home/sarthak/precise_docking_ws/install/_local_setup_util_ps1.py'
[5.439s] [34mcolcon.colcon_core.shell[0m [1;30mINFO[0m Creating prefix chain script '/home/sarthak/precise_docking_ws/install/setup.ps1'
[5.445s] [34mcolcon.colcon_core.shell[0m [1;30mINFO[0m Creating prefix script '/home/sarthak/precise_docking_ws/install/local_setup.sh'
[5.448s] [34mcolcon.colcon_core.shell[0m [1;30mINFO[0m Creating prefix util module '/home/sarthak/precise_docking_ws/install/_local_setup_util_sh.py'
[5.450s] [34mcolcon.colcon_core.shell[0m [1;30mINFO[0m Creating prefix chain script '/home/sarthak/precise_docking_ws/install/setup.sh'
[5.454s] [34mcolcon.colcon_core.shell[0m [1;30mINFO[0m Creating prefix script '/home/sarthak/precise_docking_ws/install/local_setup.bash'
[5.456s] [34mcolcon.colcon_core.shell[0m [1;30mINFO[0m Creating prefix chain script '/home/sarthak/precise_docking_ws/install/setup.bash'
[5.459s] [34mcolcon.colcon_core.shell[0m [1;30mINFO[0m Creating prefix script '/home/sarthak/precise_docking_ws/install/local_setup.zsh'
[5.461s] [34mcolcon.colcon_core.shell[0m [1;30mINFO[0m Creating prefix chain script '/home/sarthak/precise_docking_ws/install/setup.zsh'
[5.463s] [34mcolcon.colcon_core.shell[0m [1;30mINFO[0m Creating '/home/sarthak/precise_docking_ws/install/spawn_shell.bash'
