[0.880s] Invoking command in '/home/sarthak/precise_docking_ws/src/active_localization': PYTHONPATH=/home/sarthak/precise_docking_ws/build/active_localization/prefix_override:/home/sarthak/.local/lib/python3.10/site-packages/colcon_core/task/python/colcon_distutils_commands:/home/sarthak/precise_docking_ws/install/active_localization/lib/python3.10/site-packages:${PYTHONPATH} /usr/bin/python3 -W ignore:setup.py install is deprecated setup.py egg_info --egg-base ../../build/active_localization build --build-base /home/sarthak/precise_docking_ws/build/active_localization/build install --record /home/sarthak/precise_docking_ws/build/active_localization/install.log --single-version-externally-managed install_data
[1.019s] /home/sarthak/.local/lib/python3.10/site-packages/setuptools/_distutils/dist.py:261: UserWarning: Unknown distribution option: 'tests_require'
[1.019s]   warnings.warn(msg)
[1.156s] running egg_info
[1.170s] writing ../../build/active_localization/active_localization.egg-info/PKG-INFO
[1.170s] writing dependency_links to ../../build/active_localization/active_localization.egg-info/dependency_links.txt
[1.170s] writing entry points to ../../build/active_localization/active_localization.egg-info/entry_points.txt
[1.171s] writing requirements to ../../build/active_localization/active_localization.egg-info/requires.txt
[1.171s] writing top-level names to ../../build/active_localization/active_localization.egg-info/top_level.txt
[2.107s] reading manifest file '../../build/active_localization/active_localization.egg-info/SOURCES.txt'
[2.108s] writing manifest file '../../build/active_localization/active_localization.egg-info/SOURCES.txt'
[2.108s] running build
[2.108s] running build_py
[2.109s] copying active_localization/__init__.py -> /home/sarthak/precise_docking_ws/build/active_localization/build/lib/active_localization
[2.109s] copying active_localization/local_map_check.py -> /home/sarthak/precise_docking_ws/build/active_localization/build/lib/active_localization
[2.109s] copying active_localization/local_map.py -> /home/sarthak/precise_docking_ws/build/active_localization/build/lib/active_localization
[2.109s] running install
[2.113s] running install_lib
[2.128s] copying /home/sarthak/precise_docking_ws/build/active_localization/build/lib/active_localization/local_map_check.py -> /home/sarthak/precise_docking_ws/install/active_localization/lib/python3.10/site-packages/active_localization
[2.129s] byte-compiling /home/sarthak/precise_docking_ws/install/active_localization/lib/python3.10/site-packages/active_localization/local_map_check.py to local_map_check.cpython-310.pyc
[2.130s] running install_data
[2.130s] copying resource/active_localization -> /home/sarthak/precise_docking_ws/install/active_localization/share/ament_index/resource_index/packages
[2.130s] copying package.xml -> /home/sarthak/precise_docking_ws/install/active_localization/share/active_localization
[2.131s] running install_egg_info
[2.146s] removing '/home/sarthak/precise_docking_ws/install/active_localization/lib/python3.10/site-packages/active_localization-0.0.0-py3.10.egg-info' (and everything under it)
[2.146s] Copying ../../build/active_localization/active_localization.egg-info to /home/sarthak/precise_docking_ws/install/active_localization/lib/python3.10/site-packages/active_localization-0.0.0-py3.10.egg-info
[2.147s] running install_scripts
[2.261s] Installing active_localization_node script to /home/sarthak/precise_docking_ws/install/active_localization/lib/active_localization
[2.261s] Installing active_node script to /home/sarthak/precise_docking_ws/install/active_localization/lib/active_localization
[2.261s] writing list of installed files to '/home/sarthak/precise_docking_ws/build/active_localization/install.log'
[2.302s] Invoked command in '/home/sarthak/precise_docking_ws/src/active_localization' returned '0': PYTHONPATH=/home/sarthak/precise_docking_ws/build/active_localization/prefix_override:/home/sarthak/.local/lib/python3.10/site-packages/colcon_core/task/python/colcon_distutils_commands:/home/sarthak/precise_docking_ws/install/active_localization/lib/python3.10/site-packages:${PYTHONPATH} /usr/bin/python3 -W ignore:setup.py install is deprecated setup.py egg_info --egg-base ../../build/active_localization build --build-base /home/sarthak/precise_docking_ws/build/active_localization/build install --record /home/sarthak/precise_docking_ws/build/active_localization/install.log --single-version-externally-managed install_data
