[3.080s] Invoking command in '/home/sarthak/precise_docking_ws/build/active_localization': PYTHONPATH=/home/sarthak/precise_docking_ws/build/active_localization/prefix_override:/home/sarthak/.local/lib/python3.10/site-packages/colcon_core/task/python/colcon_distutils_commands:/home/sarthak/precise_docking_ws/install/active_localization/lib/python3.10/site-packages:${PYTHONPATH} ROS_DOMAIN_ID=1 /usr/bin/python3 -W ignore:setup.py install is deprecated setup.py develop --editable --build-directory /home/sarthak/precise_docking_ws/build/active_localization/build --no-deps symlink_data
[3.302s] /home/sarthak/.local/lib/python3.10/site-packages/setuptools/_distutils/dist.py:261: UserWarning: Unknown distribution option: 'tests_require'
[3.302s]   warnings.warn(msg)
[3.673s] running develop
[3.675s] /home/sarthak/.local/lib/python3.10/site-packages/setuptools/command/develop.py:41: EasyInstallDeprecationWarning: easy_install command is deprecated.
[3.676s] !!
[3.676s] 
[3.676s]         ********************************************************************************
[3.677s]         Please avoid running ``setup.py`` and ``easy_install``.
[3.677s]         Instead, use pypa/build, pypa/installer or other
[3.677s]         standards-based tools.
[3.677s] 
[3.677s]         See https://github.com/pypa/setuptools/issues/917 for details.
[3.677s]         ********************************************************************************
[3.677s] 
[3.677s] !!
[3.677s]   easy_install.initialize_options(self)
[4.151s] running egg_info
[4.186s] writing active_localization.egg-info/PKG-INFO
[4.187s] writing dependency_links to active_localization.egg-info/dependency_links.txt
[4.187s] writing entry points to active_localization.egg-info/entry_points.txt
[4.188s] writing requirements to active_localization.egg-info/requires.txt
[4.188s] writing top-level names to active_localization.egg-info/top_level.txt
[6.138s] writing manifest file 'active_localization.egg-info/SOURCES.txt'
[6.165s] running build_ext
[6.166s] Creating /home/sarthak/precise_docking_ws/install/active_localization/lib/python3.10/site-packages/active-localization.egg-link (link to .)
[6.166s] Installing frontier_detection script to /home/sarthak/precise_docking_ws/install/active_localization/lib/active_localization
[6.166s] Installing local_map_node script to /home/sarthak/precise_docking_ws/install/active_localization/lib/active_localization
[6.167s] Installing localization script to /home/sarthak/precise_docking_ws/install/active_localization/lib/active_localization
[6.167s] Installing path_to_goal script to /home/sarthak/precise_docking_ws/install/active_localization/lib/active_localization
[6.167s] 
[6.167s] Installed /home/sarthak/precise_docking_ws/build/active_localization
[6.167s] running symlink_data
[6.260s] Invoked command in '/home/sarthak/precise_docking_ws/build/active_localization' returned '0': PYTHONPATH=/home/sarthak/precise_docking_ws/build/active_localization/prefix_override:/home/sarthak/.local/lib/python3.10/site-packages/colcon_core/task/python/colcon_distutils_commands:/home/sarthak/precise_docking_ws/install/active_localization/lib/python3.10/site-packages:${PYTHONPATH} ROS_DOMAIN_ID=1 /usr/bin/python3 -W ignore:setup.py install is deprecated setup.py develop --editable --build-directory /home/sarthak/precise_docking_ws/build/active_localization/build --no-deps symlink_data
