[1.460s] Invoking command in '/home/sarthak/precise_docking_ws/src/active_localization': PYTHONPATH=/home/sarthak/precise_docking_ws/build/active_localization/prefix_override:/home/sarthak/.local/lib/python3.10/site-packages/colcon_core/task/python/colcon_distutils_commands:/home/sarthak/precise_docking_ws/install/active_localization/lib/python3.10/site-packages:${PYTHONPATH} /usr/bin/python3 -W ignore:setup.py install is deprecated setup.py egg_info --egg-base ../../build/active_localization build --build-base /home/sarthak/precise_docking_ws/build/active_localization/build install --record /home/sarthak/precise_docking_ws/build/active_localization/install.log --single-version-externally-managed install_data
[1.680s] /home/sarthak/.local/lib/python3.10/site-packages/setuptools/_distutils/dist.py:261: UserWarning: Unknown distribution option: 'tests_require'
[1.680s]   warnings.warn(msg)
[1.840s] running egg_info
[1.857s] writing ../../build/active_localization/active_localization.egg-info/PKG-INFO
[1.858s] writing dependency_links to ../../build/active_localization/active_localization.egg-info/dependency_links.txt
[1.858s] writing entry points to ../../build/active_localization/active_localization.egg-info/entry_points.txt
[1.858s] writing requirements to ../../build/active_localization/active_localization.egg-info/requires.txt
[1.858s] writing top-level names to ../../build/active_localization/active_localization.egg-info/top_level.txt
[2.437s] writing manifest file '../../build/active_localization/active_localization.egg-info/SOURCES.txt'
[2.437s] running build
[2.437s] running build_py
[2.438s] copying active_localization/__init__.py -> /home/sarthak/precise_docking_ws/build/active_localization/build/lib/active_localization
[2.441s] copying active_localization/frontier_detection.py -> /home/sarthak/precise_docking_ws/build/active_localization/build/lib/active_localization
[2.442s] copying active_localization/local_map_robot_1.py -> /home/sarthak/precise_docking_ws/build/active_localization/build/lib/active_localization
[2.444s] copying active_localization/frontier_detection_robot.py -> /home/sarthak/precise_docking_ws/build/active_localization/build/lib/active_localization
[2.445s] copying active_localization/path_to_goal.py -> /home/sarthak/precise_docking_ws/build/active_localization/build/lib/active_localization
[2.446s] copying active_localization/local_map_lidar.py -> /home/sarthak/precise_docking_ws/build/active_localization/build/lib/active_localization
[2.447s] copying active_localization/local_map_robot.py -> /home/sarthak/precise_docking_ws/build/active_localization/build/lib/active_localization
[2.448s] copying active_localization/local_map.py -> /home/sarthak/precise_docking_ws/build/active_localization/build/lib/active_localization
[2.449s] copying active_localization/next_best_view.py -> /home/sarthak/precise_docking_ws/build/active_localization/build/lib/active_localization
[2.450s] running install
[2.456s] running install_lib
[2.477s] copying /home/sarthak/precise_docking_ws/build/active_localization/build/lib/active_localization/local_map_lidar.py -> /home/sarthak/precise_docking_ws/install/active_localization/lib/python3.10/site-packages/active_localization
[2.478s] byte-compiling /home/sarthak/precise_docking_ws/install/active_localization/lib/python3.10/site-packages/active_localization/local_map_lidar.py to local_map_lidar.cpython-310.pyc
[2.480s] running install_data
[2.480s] running install_egg_info
[2.500s] removing '/home/sarthak/precise_docking_ws/install/active_localization/lib/python3.10/site-packages/active_localization-0.0.0-py3.10.egg-info' (and everything under it)
[2.500s] Copying ../../build/active_localization/active_localization.egg-info to /home/sarthak/precise_docking_ws/install/active_localization/lib/python3.10/site-packages/active_localization-0.0.0-py3.10.egg-info
[2.502s] running install_scripts
[2.653s] Installing frontier_detection script to /home/sarthak/precise_docking_ws/install/active_localization/lib/active_localization
[2.654s] Installing frontier_detection_robot script to /home/sarthak/precise_docking_ws/install/active_localization/lib/active_localization
[2.655s] Installing local_map_lidar_node script to /home/sarthak/precise_docking_ws/install/active_localization/lib/active_localization
[2.655s] Installing local_map_node script to /home/sarthak/precise_docking_ws/install/active_localization/lib/active_localization
[2.655s] Installing local_map_robot script to /home/sarthak/precise_docking_ws/install/active_localization/lib/active_localization
[2.655s] Installing local_map_robot_1 script to /home/sarthak/precise_docking_ws/install/active_localization/lib/active_localization
[2.655s] Installing localization script to /home/sarthak/precise_docking_ws/install/active_localization/lib/active_localization
[2.656s] Installing path_to_goal script to /home/sarthak/precise_docking_ws/install/active_localization/lib/active_localization
[2.656s] writing list of installed files to '/home/sarthak/precise_docking_ws/build/active_localization/install.log'
[2.709s] Invoked command in '/home/sarthak/precise_docking_ws/src/active_localization' returned '0': PYTHONPATH=/home/sarthak/precise_docking_ws/build/active_localization/prefix_override:/home/sarthak/.local/lib/python3.10/site-packages/colcon_core/task/python/colcon_distutils_commands:/home/sarthak/precise_docking_ws/install/active_localization/lib/python3.10/site-packages:${PYTHONPATH} /usr/bin/python3 -W ignore:setup.py install is deprecated setup.py egg_info --egg-base ../../build/active_localization build --build-base /home/sarthak/precise_docking_ws/build/active_localization/build install --record /home/sarthak/precise_docking_ws/build/active_localization/install.log --single-version-externally-managed install_data
