[2.538s] Invoking command in '/home/sarthak/precise_docking_ws/src/ROS2-FrontierBaseExplorationForAutonomousRobot/autonomous_exploration': PYTHONPATH=/home/sarthak/precise_docking_ws/build/autonomous_exploration/prefix_override:/home/sarthak/.local/lib/python3.10/site-packages/colcon_core/task/python/colcon_distutils_commands:/home/sarthak/precise_docking_ws/install/autonomous_exploration/lib/python3.10/site-packages:${PYTHONPATH} ROS_DOMAIN_ID=84 /usr/bin/python3 -W ignore:setup.py install is deprecated setup.py egg_info --egg-base ../../../build/autonomous_exploration build --build-base /home/sarthak/precise_docking_ws/build/autonomous_exploration/build install --record /home/sarthak/precise_docking_ws/build/autonomous_exploration/install.log --single-version-externally-managed install_data
[2.697s] /home/sarthak/.local/lib/python3.10/site-packages/setuptools/_distutils/dist.py:261: UserWarning: Unknown distribution option: 'tests_require'
[2.697s]   warnings.warn(msg)
[2.903s] running egg_info
[2.920s] writing ../../../build/autonomous_exploration/autonomous_exploration.egg-info/PKG-INFO
[2.920s] writing dependency_links to ../../../build/autonomous_exploration/autonomous_exploration.egg-info/dependency_links.txt
[2.920s] writing entry points to ../../../build/autonomous_exploration/autonomous_exploration.egg-info/entry_points.txt
[2.921s] writing requirements to ../../../build/autonomous_exploration/autonomous_exploration.egg-info/requires.txt
[2.921s] writing top-level names to ../../../build/autonomous_exploration/autonomous_exploration.egg-info/top_level.txt
[3.007s] writing manifest file '../../../build/autonomous_exploration/autonomous_exploration.egg-info/SOURCES.txt'
[3.007s] running build
[3.008s] running build_py
[3.008s] copying autonomous_exploration/__init__.py -> /home/sarthak/precise_docking_ws/build/autonomous_exploration/build/lib/autonomous_exploration
[3.008s] copying autonomous_exploration/control.py -> /home/sarthak/precise_docking_ws/build/autonomous_exploration/build/lib/autonomous_exploration
[3.009s] running install
[3.015s] running install_lib
[3.065s] running install_data
[3.065s] copying resource/autonomous_exploration -> /home/sarthak/precise_docking_ws/install/autonomous_exploration/share/ament_index/resource_index/packages
[3.065s] copying package.xml -> /home/sarthak/precise_docking_ws/install/autonomous_exploration/share/autonomous_exploration
[3.066s] running install_egg_info
[3.085s] removing '/home/sarthak/precise_docking_ws/install/autonomous_exploration/lib/python3.10/site-packages/autonomous_exploration-0.0.0-py3.10.egg-info' (and everything under it)
[3.085s] Copying ../../../build/autonomous_exploration/autonomous_exploration.egg-info to /home/sarthak/precise_docking_ws/install/autonomous_exploration/lib/python3.10/site-packages/autonomous_exploration-0.0.0-py3.10.egg-info
[3.087s] running install_scripts
[3.232s] Installing control script to /home/sarthak/precise_docking_ws/install/autonomous_exploration/lib/autonomous_exploration
[3.233s] writing list of installed files to '/home/sarthak/precise_docking_ws/build/autonomous_exploration/install.log'
[3.307s] Invoked command in '/home/sarthak/precise_docking_ws/src/ROS2-FrontierBaseExplorationForAutonomousRobot/autonomous_exploration' returned '0': PYTHONPATH=/home/sarthak/precise_docking_ws/build/autonomous_exploration/prefix_override:/home/sarthak/.local/lib/python3.10/site-packages/colcon_core/task/python/colcon_distutils_commands:/home/sarthak/precise_docking_ws/install/autonomous_exploration/lib/python3.10/site-packages:${PYTHONPATH} ROS_DOMAIN_ID=84 /usr/bin/python3 -W ignore:setup.py install is deprecated setup.py egg_info --egg-base ../../../build/autonomous_exploration build --build-base /home/sarthak/precise_docking_ws/build/autonomous_exploration/build install --record /home/sarthak/precise_docking_ws/build/autonomous_exploration/install.log --single-version-externally-managed install_data
