[2.084s] Invoking command in '/home/sarthak/precise_docking_ws/src/ROS2-FrontierBaseExplorationForAutonomousRobot/autonomous_exploration': PYTHONPATH=/home/sarthak/precise_docking_ws/build/autonomous_exploration/prefix_override:/home/sarthak/.local/lib/python3.10/site-packages/colcon_core/task/python/colcon_distutils_commands:/home/sarthak/precise_docking_ws/install/autonomous_exploration/lib/python3.10/site-packages:${PYTHONPATH} ROS_DOMAIN_ID=67 /usr/bin/python3 -W ignore:setup.py install is deprecated setup.py egg_info --egg-base ../../../build/autonomous_exploration build --build-base /home/sarthak/precise_docking_ws/build/autonomous_exploration/build install --record /home/sarthak/precise_docking_ws/build/autonomous_exploration/install.log --single-version-externally-managed install_data
[2.242s] /home/sarthak/.local/lib/python3.10/site-packages/setuptools/_distutils/dist.py:261: UserWarning: Unknown distribution option: 'tests_require'
[2.242s]   warnings.warn(msg)
[2.454s] running egg_info
[2.469s] writing ../../../build/autonomous_exploration/autonomous_exploration.egg-info/PKG-INFO
[2.469s] writing dependency_links to ../../../build/autonomous_exploration/autonomous_exploration.egg-info/dependency_links.txt
[2.469s] writing entry points to ../../../build/autonomous_exploration/autonomous_exploration.egg-info/entry_points.txt
[2.469s] writing requirements to ../../../build/autonomous_exploration/autonomous_exploration.egg-info/requires.txt
[2.470s] writing top-level names to ../../../build/autonomous_exploration/autonomous_exploration.egg-info/top_level.txt
[2.549s] writing manifest file '../../../build/autonomous_exploration/autonomous_exploration.egg-info/SOURCES.txt'
[2.549s] running build
[2.549s] running build_py
[2.549s] copying autonomous_exploration/__init__.py -> /home/sarthak/precise_docking_ws/build/autonomous_exploration/build/lib/autonomous_exploration
[2.549s] copying autonomous_exploration/control.py -> /home/sarthak/precise_docking_ws/build/autonomous_exploration/build/lib/autonomous_exploration
[2.549s] running install
[2.553s] running install_lib
[2.588s] running install_data
[2.588s] copying resource/autonomous_exploration -> /home/sarthak/precise_docking_ws/install/autonomous_exploration/share/ament_index/resource_index/packages
[2.588s] copying package.xml -> /home/sarthak/precise_docking_ws/install/autonomous_exploration/share/autonomous_exploration
[2.588s] running install_egg_info
[2.603s] removing '/home/sarthak/precise_docking_ws/install/autonomous_exploration/lib/python3.10/site-packages/autonomous_exploration-0.0.0-py3.10.egg-info' (and everything under it)
[2.604s] Copying ../../../build/autonomous_exploration/autonomous_exploration.egg-info to /home/sarthak/precise_docking_ws/install/autonomous_exploration/lib/python3.10/site-packages/autonomous_exploration-0.0.0-py3.10.egg-info
[2.605s] running install_scripts
[2.779s] Installing control script to /home/sarthak/precise_docking_ws/install/autonomous_exploration/lib/autonomous_exploration
[2.779s] writing list of installed files to '/home/sarthak/precise_docking_ws/build/autonomous_exploration/install.log'
[2.831s] Invoked command in '/home/sarthak/precise_docking_ws/src/ROS2-FrontierBaseExplorationForAutonomousRobot/autonomous_exploration' returned '0': PYTHONPATH=/home/sarthak/precise_docking_ws/build/autonomous_exploration/prefix_override:/home/sarthak/.local/lib/python3.10/site-packages/colcon_core/task/python/colcon_distutils_commands:/home/sarthak/precise_docking_ws/install/autonomous_exploration/lib/python3.10/site-packages:${PYTHONPATH} ROS_DOMAIN_ID=67 /usr/bin/python3 -W ignore:setup.py install is deprecated setup.py egg_info --egg-base ../../../build/autonomous_exploration build --build-base /home/sarthak/precise_docking_ws/build/autonomous_exploration/build install --record /home/sarthak/precise_docking_ws/build/autonomous_exploration/install.log --single-version-externally-managed install_data
