[0.847s] Invoking command in '/home/sarthak/precise_docking_ws/src/template_ros2': PYTHONPATH=/home/sarthak/precise_docking_ws/build/template_ros2/prefix_override:/home/sarthak/.local/lib/python3.10/site-packages/colcon_core/task/python/colcon_distutils_commands:/home/sarthak/precise_docking_ws/install/template_ros2/lib/python3.10/site-packages:${PYTHONPATH} /usr/bin/python3 -W ignore:setup.py install is deprecated setup.py egg_info --egg-base ../../build/template_ros2 build --build-base /home/sarthak/precise_docking_ws/build/template_ros2/build install --record /home/sarthak/precise_docking_ws/build/template_ros2/install.log --single-version-externally-managed install_data
[1.013s] running egg_info
[1.013s] writing ../../build/template_ros2/template_ros2.egg-info/PKG-INFO
[1.013s] writing dependency_links to ../../build/template_ros2/template_ros2.egg-info/dependency_links.txt
[1.013s] writing entry points to ../../build/template_ros2/template_ros2.egg-info/entry_points.txt
[1.013s] writing requirements to ../../build/template_ros2/template_ros2.egg-info/requires.txt
[1.013s] writing top-level names to ../../build/template_ros2/template_ros2.egg-info/top_level.txt
[1.014s] reading manifest file '../../build/template_ros2/template_ros2.egg-info/SOURCES.txt'
[1.014s] writing manifest file '../../build/template_ros2/template_ros2.egg-info/SOURCES.txt'
[1.014s] running build
[1.014s] running build_py
[1.014s] running install
[1.014s] running install_lib
[1.015s] running install_data
[1.015s] running install_egg_info
[1.016s] removing '/home/sarthak/precise_docking_ws/install/template_ros2/lib/python3.10/site-packages/template_ros2-0.0.0-py3.10.egg-info' (and everything under it)
[1.016s] Copying ../../build/template_ros2/template_ros2.egg-info to /home/sarthak/precise_docking_ws/install/template_ros2/lib/python3.10/site-packages/template_ros2-0.0.0-py3.10.egg-info
[1.017s] running install_scripts
[1.031s] writing list of installed files to '/home/sarthak/precise_docking_ws/build/template_ros2/install.log'
[1.057s] Invoked command in '/home/sarthak/precise_docking_ws/src/template_ros2' returned '0': PYTHONPATH=/home/sarthak/precise_docking_ws/build/template_ros2/prefix_override:/home/sarthak/.local/lib/python3.10/site-packages/colcon_core/task/python/colcon_distutils_commands:/home/sarthak/precise_docking_ws/install/template_ros2/lib/python3.10/site-packages:${PYTHONPATH} /usr/bin/python3 -W ignore:setup.py install is deprecated setup.py egg_info --egg-base ../../build/template_ros2 build --build-base /home/sarthak/precise_docking_ws/build/template_ros2/build install --record /home/sarthak/precise_docking_ws/build/template_ros2/install.log --single-version-externally-managed install_data
