[0.012s] Invoking command in '/home/sarthak/precise_docking_ws/build/ultralytics_ros': CMAKE_PREFIX_PATH=${CMAKE_PREFIX_PATH}:/home/sarthak/precise_docking_ws/install/arcuo_marker_detection:/opt/ros/humble /usr/bin/cmake --build /home/sarthak/precise_docking_ws/build/ultralytics_ros -- -j20 -l20
[0.129s] [  3%] Built target ultralytics_ros__cpp
[0.143s] [ 12%] Built target ultralytics_ros__rosidl_generator_c
[0.156s] [ 12%] Built target ament_cmake_python_copy_ultralytics_ros
[0.181s] [ 21%] Built target ultralytics_ros__rosidl_typesupport_introspection_cpp
[0.182s] [ 30%] Built target ultralytics_ros__rosidl_typesupport_cpp
[0.182s] [ 39%] Built target ultralytics_ros__rosidl_typesupport_fastrtps_cpp
[0.185s] [ 48%] Built target ultralytics_ros__rosidl_typesupport_c
[0.188s] [ 57%] Built target ultralytics_ros__rosidl_typesupport_fastrtps_c
[0.190s] [ 66%] Built target ultralytics_ros__rosidl_typesupport_introspection_c
[0.217s] [ 66%] Built target ultralytics_ros
[0.234s] [ 72%] Built target tracker_with_cloud_node
[0.240s] [ 75%] Built target ultralytics_ros__py
[0.271s] [ 81%] Built target ultralytics_ros__rosidl_generator_py
[0.299s] [ 96%] Built target ultralytics_ros__rosidl_typesupport_introspection_c__pyext
[0.299s] [100%] Built target ultralytics_ros__rosidl_typesupport_c__pyext
[0.299s] [100%] Built target ultralytics_ros__rosidl_typesupport_fastrtps_c__pyext
[0.509s] running egg_info
[0.527s] writing ultralytics_ros.egg-info/PKG-INFO
[0.528s] writing dependency_links to ultralytics_ros.egg-info/dependency_links.txt
[0.528s] writing top-level names to ultralytics_ros.egg-info/top_level.txt
[1.328s] writing manifest file 'ultralytics_ros.egg-info/SOURCES.txt'
[1.384s] [100%] Built target ament_cmake_python_build_ultralytics_ros_egg
[1.403s] Invoked command in '/home/sarthak/precise_docking_ws/build/ultralytics_ros' returned '0': CMAKE_PREFIX_PATH=${CMAKE_PREFIX_PATH}:/home/sarthak/precise_docking_ws/install/arcuo_marker_detection:/opt/ros/humble /usr/bin/cmake --build /home/sarthak/precise_docking_ws/build/ultralytics_ros -- -j20 -l20
[1.529s] Invoking command in '/home/sarthak/precise_docking_ws/build/ultralytics_ros': CMAKE_PREFIX_PATH=${CMAKE_PREFIX_PATH}:/home/sarthak/precise_docking_ws/install/arcuo_marker_detection:/opt/ros/humble /usr/bin/cmake --install /home/sarthak/precise_docking_ws/build/ultralytics_ros
[1.538s] -- Install configuration: ""
[1.538s] -- Up-to-date: /home/sarthak/precise_docking_ws/install/ultralytics_ros/share/ament_index/resource_index/rosidl_interfaces/ultralytics_ros
[1.538s] -- Up-to-date: /home/sarthak/precise_docking_ws/install/ultralytics_ros/include/ultralytics_ros/ultralytics_ros
[1.538s] -- Up-to-date: /home/sarthak/precise_docking_ws/install/ultralytics_ros/include/ultralytics_ros/ultralytics_ros/msg
[1.538s] -- Up-to-date: /home/sarthak/precise_docking_ws/install/ultralytics_ros/include/ultralytics_ros/ultralytics_ros/msg/rosidl_generator_c__visibility_control.h
[1.538s] -- Up-to-date: /home/sarthak/precise_docking_ws/install/ultralytics_ros/include/ultralytics_ros/ultralytics_ros/msg/yolo_result.h
[1.538s] -- Up-to-date: /home/sarthak/precise_docking_ws/install/ultralytics_ros/include/ultralytics_ros/ultralytics_ros/msg/detail
[1.538s] -- Up-to-date: /home/sarthak/precise_docking_ws/install/ultralytics_ros/include/ultralytics_ros/ultralytics_ros/msg/detail/yolo_result__type_support.h
[1.538s] -- Up-to-date: /home/sarthak/precise_docking_ws/install/ultralytics_ros/include/ultralytics_ros/ultralytics_ros/msg/detail/yolo_result__struct.h
[1.539s] -- Up-to-date: /home/sarthak/precise_docking_ws/install/ultralytics_ros/include/ultralytics_ros/ultralytics_ros/msg/detail/yolo_result__functions.c
[1.539s] -- Up-to-date: /home/sarthak/precise_docking_ws/install/ultralytics_ros/include/ultralytics_ros/ultralytics_ros/msg/detail/yolo_result__functions.h
[1.539s] -- Up-to-date: /home/sarthak/precise_docking_ws/install/ultralytics_ros/share/ultralytics_ros/environment/library_path.sh
[1.539s] -- Up-to-date: /home/sarthak/precise_docking_ws/install/ultralytics_ros/share/ultralytics_ros/environment/library_path.dsv
[1.539s] -- Up-to-date: /home/sarthak/precise_docking_ws/install/ultralytics_ros/lib/libultralytics_ros__rosidl_generator_c.so
[1.539s] -- Up-to-date: /home/sarthak/precise_docking_ws/install/ultralytics_ros/include/ultralytics_ros/ultralytics_ros
[1.539s] -- Up-to-date: /home/sarthak/precise_docking_ws/install/ultralytics_ros/include/ultralytics_ros/ultralytics_ros/msg
[1.539s] -- Up-to-date: /home/sarthak/precise_docking_ws/install/ultralytics_ros/include/ultralytics_ros/ultralytics_ros/msg/rosidl_typesupport_fastrtps_c__visibility_control.h
[1.539s] -- Up-to-date: /home/sarthak/precise_docking_ws/install/ultralytics_ros/include/ultralytics_ros/ultralytics_ros/msg/detail
[1.539s] -- Up-to-date: /home/sarthak/precise_docking_ws/install/ultralytics_ros/include/ultralytics_ros/ultralytics_ros/msg/detail/yolo_result__rosidl_typesupport_fastrtps_c.h
[1.539s] -- Up-to-date: /home/sarthak/precise_docking_ws/install/ultralytics_ros/lib/libultralytics_ros__rosidl_typesupport_fastrtps_c.so
[1.539s] -- Up-to-date: /home/sarthak/precise_docking_ws/install/ultralytics_ros/include/ultralytics_ros/ultralytics_ros
[1.539s] -- Up-to-date: /home/sarthak/precise_docking_ws/install/ultralytics_ros/include/ultralytics_ros/ultralytics_ros/msg
[1.540s] -- Up-to-date: /home/sarthak/precise_docking_ws/install/ultralytics_ros/include/ultralytics_ros/ultralytics_ros/msg/yolo_result.hpp
[1.540s] -- Up-to-date: /home/sarthak/precise_docking_ws/install/ultralytics_ros/include/ultralytics_ros/ultralytics_ros/msg/detail
[1.540s] -- Up-to-date: /home/sarthak/precise_docking_ws/install/ultralytics_ros/include/ultralytics_ros/ultralytics_ros/msg/detail/yolo_result__traits.hpp
[1.540s] -- Up-to-date: /home/sarthak/precise_docking_ws/install/ultralytics_ros/include/ultralytics_ros/ultralytics_ros/msg/detail/yolo_result__struct.hpp
[1.540s] -- Up-to-date: /home/sarthak/precise_docking_ws/install/ultralytics_ros/include/ultralytics_ros/ultralytics_ros/msg/detail/yolo_result__builder.hpp
[1.540s] -- Up-to-date: /home/sarthak/precise_docking_ws/install/ultralytics_ros/include/ultralytics_ros/ultralytics_ros
[1.540s] -- Up-to-date: /home/sarthak/precise_docking_ws/install/ultralytics_ros/include/ultralytics_ros/ultralytics_ros/msg
[1.540s] -- Up-to-date: /home/sarthak/precise_docking_ws/install/ultralytics_ros/include/ultralytics_ros/ultralytics_ros/msg/detail
[1.540s] -- Up-to-date: /home/sarthak/precise_docking_ws/install/ultralytics_ros/include/ultralytics_ros/ultralytics_ros/msg/detail/yolo_result__rosidl_typesupport_fastrtps_cpp.hpp
[1.540s] -- Up-to-date: /home/sarthak/precise_docking_ws/install/ultralytics_ros/include/ultralytics_ros/ultralytics_ros/msg/detail/dds_fastrtps
[1.541s] -- Up-to-date: /home/sarthak/precise_docking_ws/install/ultralytics_ros/include/ultralytics_ros/ultralytics_ros/msg/rosidl_typesupport_fastrtps_cpp__visibility_control.h
[1.541s] -- Up-to-date: /home/sarthak/precise_docking_ws/install/ultralytics_ros/lib/libultralytics_ros__rosidl_typesupport_fastrtps_cpp.so
[1.541s] -- Up-to-date: /home/sarthak/precise_docking_ws/install/ultralytics_ros/include/ultralytics_ros/ultralytics_ros
[1.541s] -- Up-to-date: /home/sarthak/precise_docking_ws/install/ultralytics_ros/include/ultralytics_ros/ultralytics_ros/msg
[1.541s] -- Up-to-date: /home/sarthak/precise_docking_ws/install/ultralytics_ros/include/ultralytics_ros/ultralytics_ros/msg/rosidl_typesupport_introspection_c__visibility_control.h
[1.541s] -- Up-to-date: /home/sarthak/precise_docking_ws/install/ultralytics_ros/include/ultralytics_ros/ultralytics_ros/msg/detail
[1.541s] -- Up-to-date: /home/sarthak/precise_docking_ws/install/ultralytics_ros/include/ultralytics_ros/ultralytics_ros/msg/detail/yolo_result__rosidl_typesupport_introspection_c.h
[1.541s] -- Up-to-date: /home/sarthak/precise_docking_ws/install/ultralytics_ros/include/ultralytics_ros/ultralytics_ros/msg/detail/yolo_result__type_support.c
[1.541s] -- Up-to-date: /home/sarthak/precise_docking_ws/install/ultralytics_ros/lib/libultralytics_ros__rosidl_typesupport_introspection_c.so
[1.541s] -- Up-to-date: /home/sarthak/precise_docking_ws/install/ultralytics_ros/lib/libultralytics_ros__rosidl_typesupport_c.so
[1.542s] -- Up-to-date: /home/sarthak/precise_docking_ws/install/ultralytics_ros/include/ultralytics_ros/ultralytics_ros
[1.542s] -- Up-to-date: /home/sarthak/precise_docking_ws/install/ultralytics_ros/include/ultralytics_ros/ultralytics_ros/msg
[1.542s] -- Up-to-date: /home/sarthak/precise_docking_ws/install/ultralytics_ros/include/ultralytics_ros/ultralytics_ros/msg/detail
[1.542s] -- Up-to-date: /home/sarthak/precise_docking_ws/install/ultralytics_ros/include/ultralytics_ros/ultralytics_ros/msg/detail/yolo_result__type_support.cpp
[1.542s] -- Up-to-date: /home/sarthak/precise_docking_ws/install/ultralytics_ros/include/ultralytics_ros/ultralytics_ros/msg/detail/yolo_result__rosidl_typesupport_introspection_cpp.hpp
[1.542s] -- Up-to-date: /home/sarthak/precise_docking_ws/install/ultralytics_ros/lib/libultralytics_ros__rosidl_typesupport_introspection_cpp.so
[1.542s] -- Up-to-date: /home/sarthak/precise_docking_ws/install/ultralytics_ros/lib/libultralytics_ros__rosidl_typesupport_cpp.so
[1.542s] -- Up-to-date: /home/sarthak/precise_docking_ws/install/ultralytics_ros/share/ultralytics_ros/environment/pythonpath.sh
[1.542s] -- Up-to-date: /home/sarthak/precise_docking_ws/install/ultralytics_ros/share/ultralytics_ros/environment/pythonpath.dsv
[1.542s] -- Up-to-date: /home/sarthak/precise_docking_ws/install/ultralytics_ros/local/lib/python3.10/dist-packages/ultralytics_ros-0.0.0-py3.10.egg-info
[1.543s] -- Installing: /home/sarthak/precise_docking_ws/install/ultralytics_ros/local/lib/python3.10/dist-packages/ultralytics_ros-0.0.0-py3.10.egg-info/top_level.txt
[1.543s] -- Installing: /home/sarthak/precise_docking_ws/install/ultralytics_ros/local/lib/python3.10/dist-packages/ultralytics_ros-0.0.0-py3.10.egg-info/SOURCES.txt
[1.543s] -- Installing: /home/sarthak/precise_docking_ws/install/ultralytics_ros/local/lib/python3.10/dist-packages/ultralytics_ros-0.0.0-py3.10.egg-info/PKG-INFO
[1.543s] -- Installing: /home/sarthak/precise_docking_ws/install/ultralytics_ros/local/lib/python3.10/dist-packages/ultralytics_ros-0.0.0-py3.10.egg-info/dependency_links.txt
[1.543s] -- Up-to-date: /home/sarthak/precise_docking_ws/install/ultralytics_ros/local/lib/python3.10/dist-packages/ultralytics_ros
[1.543s] -- Up-to-date: /home/sarthak/precise_docking_ws/install/ultralytics_ros/local/lib/python3.10/dist-packages/ultralytics_ros/ultralytics_ros_s__rosidl_typesupport_introspection_c.cpython-310-x86_64-linux-gnu.so
[1.543s] -- Up-to-date: /home/sarthak/precise_docking_ws/install/ultralytics_ros/local/lib/python3.10/dist-packages/ultralytics_ros/__init__.py
[1.543s] -- Up-to-date: /home/sarthak/precise_docking_ws/install/ultralytics_ros/local/lib/python3.10/dist-packages/ultralytics_ros/msg
[1.543s] -- Up-to-date: /home/sarthak/precise_docking_ws/install/ultralytics_ros/local/lib/python3.10/dist-packages/ultralytics_ros/msg/_yolo_result.py
[1.543s] -- Up-to-date: /home/sarthak/precise_docking_ws/install/ultralytics_ros/local/lib/python3.10/dist-packages/ultralytics_ros/msg/__init__.py
[1.543s] -- Up-to-date: /home/sarthak/precise_docking_ws/install/ultralytics_ros/local/lib/python3.10/dist-packages/ultralytics_ros/msg/_yolo_result_s.c
[1.543s] -- Up-to-date: /home/sarthak/precise_docking_ws/install/ultralytics_ros/local/lib/python3.10/dist-packages/ultralytics_ros/_ultralytics_ros_s.ep.rosidl_typesupport_introspection_c.c
[1.544s] -- Up-to-date: /home/sarthak/precise_docking_ws/install/ultralytics_ros/local/lib/python3.10/dist-packages/ultralytics_ros/ultralytics_ros_s__rosidl_typesupport_fastrtps_c.cpython-310-x86_64-linux-gnu.so
[1.544s] -- Up-to-date: /home/sarthak/precise_docking_ws/install/ultralytics_ros/local/lib/python3.10/dist-packages/ultralytics_ros/libultralytics_ros__rosidl_generator_py.so
[1.544s] -- Up-to-date: /home/sarthak/precise_docking_ws/install/ultralytics_ros/local/lib/python3.10/dist-packages/ultralytics_ros/ultralytics_ros_s__rosidl_typesupport_c.cpython-310-x86_64-linux-gnu.so
[1.544s] -- Up-to-date: /home/sarthak/precise_docking_ws/install/ultralytics_ros/local/lib/python3.10/dist-packages/ultralytics_ros/_ultralytics_ros_s.ep.rosidl_typesupport_c.c
[1.544s] -- Up-to-date: /home/sarthak/precise_docking_ws/install/ultralytics_ros/local/lib/python3.10/dist-packages/ultralytics_ros/_ultralytics_ros_s.ep.rosidl_typesupport_fastrtps_c.c
[1.571s] Listing '/home/sarthak/precise_docking_ws/install/ultralytics_ros/local/lib/python3.10/dist-packages/ultralytics_ros'...
[1.571s] Listing '/home/sarthak/precise_docking_ws/install/ultralytics_ros/local/lib/python3.10/dist-packages/ultralytics_ros/msg'...
[1.576s] -- Up-to-date: /home/sarthak/precise_docking_ws/install/ultralytics_ros/local/lib/python3.10/dist-packages/ultralytics_ros/ultralytics_ros_s__rosidl_typesupport_fastrtps_c.cpython-310-x86_64-linux-gnu.so
[1.576s] -- Up-to-date: /home/sarthak/precise_docking_ws/install/ultralytics_ros/local/lib/python3.10/dist-packages/ultralytics_ros/ultralytics_ros_s__rosidl_typesupport_introspection_c.cpython-310-x86_64-linux-gnu.so
[1.576s] -- Up-to-date: /home/sarthak/precise_docking_ws/install/ultralytics_ros/local/lib/python3.10/dist-packages/ultralytics_ros/ultralytics_ros_s__rosidl_typesupport_c.cpython-310-x86_64-linux-gnu.so
[1.577s] -- Up-to-date: /home/sarthak/precise_docking_ws/install/ultralytics_ros/lib/libultralytics_ros__rosidl_generator_py.so
[1.577s] -- Up-to-date: /home/sarthak/precise_docking_ws/install/ultralytics_ros/share/ultralytics_ros/msg/YoloResult.idl
[1.577s] -- Up-to-date: /home/sarthak/precise_docking_ws/install/ultralytics_ros/share/ultralytics_ros/msg/YoloResult.msg
[1.577s] -- Up-to-date: /home/sarthak/precise_docking_ws/install/ultralytics_ros/lib/ultralytics_ros/tracker_with_cloud_node
[1.577s] -- Installing: /home/sarthak/precise_docking_ws/install/ultralytics_ros/lib/ultralytics_ros/tracker_node.py
[1.577s] -- Up-to-date: /home/sarthak/precise_docking_ws/install/ultralytics_ros/share/ultralytics_ros/launch
[1.577s] -- Up-to-date: /home/sarthak/precise_docking_ws/install/ultralytics_ros/share/ultralytics_ros/launch/tracker.launch.xml
[1.578s] -- Up-to-date: /home/sarthak/precise_docking_ws/install/ultralytics_ros/share/ultralytics_ros/launch/kitti_tracker_with_cloud.launch.xml
[1.578s] -- Up-to-date: /home/sarthak/precise_docking_ws/install/ultralytics_ros/share/ultralytics_ros/launch/tracker_with_cloud.launch.xml
[1.578s] -- Up-to-date: /home/sarthak/precise_docking_ws/install/ultralytics_ros/share/ultralytics_ros/launch/kitti_tracker.launch.xml
[1.578s] -- Up-to-date: /home/sarthak/precise_docking_ws/install/ultralytics_ros/share/ultralytics_ros/rviz2
[1.578s] -- Up-to-date: /home/sarthak/precise_docking_ws/install/ultralytics_ros/share/ultralytics_ros/rviz2/default.rviz
[1.578s] -- Up-to-date: /home/sarthak/precise_docking_ws/install/ultralytics_ros/share/ultralytics_ros/rviz2/kitti.rviz
[1.578s] -- Up-to-date: /home/sarthak/precise_docking_ws/install/ultralytics_ros/share/ament_index/resource_index/package_run_dependencies/ultralytics_ros
[1.578s] -- Up-to-date: /home/sarthak/precise_docking_ws/install/ultralytics_ros/share/ament_index/resource_index/parent_prefix_path/ultralytics_ros
[1.578s] -- Up-to-date: /home/sarthak/precise_docking_ws/install/ultralytics_ros/share/ultralytics_ros/environment/ament_prefix_path.sh
[1.578s] -- Up-to-date: /home/sarthak/precise_docking_ws/install/ultralytics_ros/share/ultralytics_ros/environment/ament_prefix_path.dsv
[1.578s] -- Up-to-date: /home/sarthak/precise_docking_ws/install/ultralytics_ros/share/ultralytics_ros/environment/path.sh
[1.578s] -- Up-to-date: /home/sarthak/precise_docking_ws/install/ultralytics_ros/share/ultralytics_ros/environment/path.dsv
[1.578s] -- Up-to-date: /home/sarthak/precise_docking_ws/install/ultralytics_ros/share/ultralytics_ros/local_setup.bash
[1.578s] -- Up-to-date: /home/sarthak/precise_docking_ws/install/ultralytics_ros/share/ultralytics_ros/local_setup.sh
[1.578s] -- Up-to-date: /home/sarthak/precise_docking_ws/install/ultralytics_ros/share/ultralytics_ros/local_setup.zsh
[1.578s] -- Up-to-date: /home/sarthak/precise_docking_ws/install/ultralytics_ros/share/ultralytics_ros/local_setup.dsv
[1.578s] -- Installing: /home/sarthak/precise_docking_ws/install/ultralytics_ros/share/ultralytics_ros/package.dsv
[1.578s] -- Up-to-date: /home/sarthak/precise_docking_ws/install/ultralytics_ros/share/ament_index/resource_index/packages/ultralytics_ros
[1.579s] -- Up-to-date: /home/sarthak/precise_docking_ws/install/ultralytics_ros/share/ultralytics_ros/cmake/export_ultralytics_ros__rosidl_generator_cExport.cmake
[1.579s] -- Up-to-date: /home/sarthak/precise_docking_ws/install/ultralytics_ros/share/ultralytics_ros/cmake/export_ultralytics_ros__rosidl_generator_cExport-noconfig.cmake
[1.579s] -- Up-to-date: /home/sarthak/precise_docking_ws/install/ultralytics_ros/share/ultralytics_ros/cmake/export_ultralytics_ros__rosidl_typesupport_fastrtps_cExport.cmake
[1.579s] -- Up-to-date: /home/sarthak/precise_docking_ws/install/ultralytics_ros/share/ultralytics_ros/cmake/export_ultralytics_ros__rosidl_typesupport_fastrtps_cExport-noconfig.cmake
[1.579s] -- Up-to-date: /home/sarthak/precise_docking_ws/install/ultralytics_ros/share/ultralytics_ros/cmake/export_ultralytics_ros__rosidl_generator_cppExport.cmake
[1.579s] -- Up-to-date: /home/sarthak/precise_docking_ws/install/ultralytics_ros/share/ultralytics_ros/cmake/export_ultralytics_ros__rosidl_typesupport_fastrtps_cppExport.cmake
[1.579s] -- Up-to-date: /home/sarthak/precise_docking_ws/install/ultralytics_ros/share/ultralytics_ros/cmake/export_ultralytics_ros__rosidl_typesupport_fastrtps_cppExport-noconfig.cmake
[1.579s] -- Up-to-date: /home/sarthak/precise_docking_ws/install/ultralytics_ros/share/ultralytics_ros/cmake/ultralytics_ros__rosidl_typesupport_introspection_cExport.cmake
[1.579s] -- Up-to-date: /home/sarthak/precise_docking_ws/install/ultralytics_ros/share/ultralytics_ros/cmake/ultralytics_ros__rosidl_typesupport_introspection_cExport-noconfig.cmake
[1.580s] -- Up-to-date: /home/sarthak/precise_docking_ws/install/ultralytics_ros/share/ultralytics_ros/cmake/ultralytics_ros__rosidl_typesupport_cExport.cmake
[1.580s] -- Up-to-date: /home/sarthak/precise_docking_ws/install/ultralytics_ros/share/ultralytics_ros/cmake/ultralytics_ros__rosidl_typesupport_cExport-noconfig.cmake
[1.580s] -- Up-to-date: /home/sarthak/precise_docking_ws/install/ultralytics_ros/share/ultralytics_ros/cmake/ultralytics_ros__rosidl_typesupport_introspection_cppExport.cmake
[1.580s] -- Up-to-date: /home/sarthak/precise_docking_ws/install/ultralytics_ros/share/ultralytics_ros/cmake/ultralytics_ros__rosidl_typesupport_introspection_cppExport-noconfig.cmake
[1.580s] -- Up-to-date: /home/sarthak/precise_docking_ws/install/ultralytics_ros/share/ultralytics_ros/cmake/ultralytics_ros__rosidl_typesupport_cppExport.cmake
[1.580s] -- Up-to-date: /home/sarthak/precise_docking_ws/install/ultralytics_ros/share/ultralytics_ros/cmake/ultralytics_ros__rosidl_typesupport_cppExport-noconfig.cmake
[1.580s] -- Up-to-date: /home/sarthak/precise_docking_ws/install/ultralytics_ros/share/ultralytics_ros/cmake/export_ultralytics_ros__rosidl_generator_pyExport.cmake
[1.581s] -- Up-to-date: /home/sarthak/precise_docking_ws/install/ultralytics_ros/share/ultralytics_ros/cmake/export_ultralytics_ros__rosidl_generator_pyExport-noconfig.cmake
[1.581s] -- Up-to-date: /home/sarthak/precise_docking_ws/install/ultralytics_ros/share/ultralytics_ros/cmake/rosidl_cmake-extras.cmake
[1.581s] -- Up-to-date: /home/sarthak/precise_docking_ws/install/ultralytics_ros/share/ultralytics_ros/cmake/ament_cmake_export_dependencies-extras.cmake
[1.581s] -- Up-to-date: /home/sarthak/precise_docking_ws/install/ultralytics_ros/share/ultralytics_ros/cmake/ament_cmake_export_include_directories-extras.cmake
[1.581s] -- Up-to-date: /home/sarthak/precise_docking_ws/install/ultralytics_ros/share/ultralytics_ros/cmake/ament_cmake_export_libraries-extras.cmake
[1.581s] -- Up-to-date: /home/sarthak/precise_docking_ws/install/ultralytics_ros/share/ultralytics_ros/cmake/ament_cmake_export_targets-extras.cmake
[1.581s] -- Up-to-date: /home/sarthak/precise_docking_ws/install/ultralytics_ros/share/ultralytics_ros/cmake/rosidl_cmake_export_typesupport_targets-extras.cmake
[1.581s] -- Up-to-date: /home/sarthak/precise_docking_ws/install/ultralytics_ros/share/ultralytics_ros/cmake/rosidl_cmake_export_typesupport_libraries-extras.cmake
[1.581s] -- Up-to-date: /home/sarthak/precise_docking_ws/install/ultralytics_ros/share/ultralytics_ros/cmake/ultralytics_rosConfig.cmake
[1.581s] -- Up-to-date: /home/sarthak/precise_docking_ws/install/ultralytics_ros/share/ultralytics_ros/cmake/ultralytics_rosConfig-version.cmake
[1.581s] -- Up-to-date: /home/sarthak/precise_docking_ws/install/ultralytics_ros/share/ultralytics_ros/package.xml
[1.583s] Invoked command in '/home/sarthak/precise_docking_ws/build/ultralytics_ros' returned '0': CMAKE_PREFIX_PATH=${CMAKE_PREFIX_PATH}:/home/sarthak/precise_docking_ws/install/arcuo_marker_detection:/opt/ros/humble /usr/bin/cmake --install /home/sarthak/precise_docking_ws/build/ultralytics_ros
