[2.582s] Invoking command in '/home/sarthak/precise_docking_ws/src/reach_the_goal': PYTHONPATH=/home/sarthak/precise_docking_ws/build/reach_the_goal/prefix_override:/home/sarthak/.local/lib/python3.10/site-packages/colcon_core/task/python/colcon_distutils_commands:/home/sarthak/precise_docking_ws/install/reach_the_goal/lib/python3.10/site-packages:${PYTHONPATH} ROS_DOMAIN_ID=32 /usr/bin/python3 -W ignore:setup.py install is deprecated setup.py egg_info --egg-base ../../build/reach_the_goal build --build-base /home/sarthak/precise_docking_ws/build/reach_the_goal/build install --record /home/sarthak/precise_docking_ws/build/reach_the_goal/install.log --single-version-externally-managed install_data
[2.742s] /home/sarthak/.local/lib/python3.10/site-packages/setuptools/_distutils/dist.py:261: UserWarning: Unknown distribution option: 'tests_require'
[2.742s]   warnings.warn(msg)
[2.994s] running egg_info
[3.031s] writing ../../build/reach_the_goal/reach_the_goal.egg-info/PKG-INFO
[3.032s] writing dependency_links to ../../build/reach_the_goal/reach_the_goal.egg-info/dependency_links.txt
[3.032s] writing entry points to ../../build/reach_the_goal/reach_the_goal.egg-info/entry_points.txt
[3.033s] writing requirements to ../../build/reach_the_goal/reach_the_goal.egg-info/requires.txt
[3.033s] writing top-level names to ../../build/reach_the_goal/reach_the_goal.egg-info/top_level.txt
[4.344s] writing manifest file '../../build/reach_the_goal/reach_the_goal.egg-info/SOURCES.txt'
[4.344s] running build
[4.344s] running build_py
[4.345s] copying reach_the_goal/reach_the_goal_without_parameters.py -> /home/sarthak/precise_docking_ws/build/reach_the_goal/build/lib/reach_the_goal
[4.345s] copying reach_the_goal/reach_the_goal.py -> /home/sarthak/precise_docking_ws/build/reach_the_goal/build/lib/reach_the_goal
[4.345s] copying reach_the_goal/__init__.py -> /home/sarthak/precise_docking_ws/build/reach_the_goal/build/lib/reach_the_goal
[4.346s] copying reach_the_goal/reach_the_goal_working.py -> /home/sarthak/precise_docking_ws/build/reach_the_goal/build/lib/reach_the_goal
[4.346s] running install
[4.351s] running install_lib
[4.386s] running install_data
[4.386s] copying resource/reach_the_goal -> /home/sarthak/precise_docking_ws/install/reach_the_goal/share/ament_index/resource_index/packages
[4.387s] copying package.xml -> /home/sarthak/precise_docking_ws/install/reach_the_goal/share/reach_the_goal
[4.387s] running install_egg_info
[4.414s] removing '/home/sarthak/precise_docking_ws/install/reach_the_goal/lib/python3.10/site-packages/reach_the_goal-0.0.0-py3.10.egg-info' (and everything under it)
[4.415s] Copying ../../build/reach_the_goal/reach_the_goal.egg-info to /home/sarthak/precise_docking_ws/install/reach_the_goal/lib/python3.10/site-packages/reach_the_goal-0.0.0-py3.10.egg-info
[4.416s] running install_scripts
[4.599s] Installing reach_the_goal_node script to /home/sarthak/precise_docking_ws/install/reach_the_goal/lib/reach_the_goal
[4.599s] writing list of installed files to '/home/sarthak/precise_docking_ws/build/reach_the_goal/install.log'
[4.677s] Invoked command in '/home/sarthak/precise_docking_ws/src/reach_the_goal' returned '0': PYTHONPATH=/home/sarthak/precise_docking_ws/build/reach_the_goal/prefix_override:/home/sarthak/.local/lib/python3.10/site-packages/colcon_core/task/python/colcon_distutils_commands:/home/sarthak/precise_docking_ws/install/reach_the_goal/lib/python3.10/site-packages:${PYTHONPATH} ROS_DOMAIN_ID=32 /usr/bin/python3 -W ignore:setup.py install is deprecated setup.py egg_info --egg-base ../../build/reach_the_goal build --build-base /home/sarthak/precise_docking_ws/build/reach_the_goal/build install --record /home/sarthak/precise_docking_ws/build/reach_the_goal/install.log --single-version-externally-managed install_data
