[0.851s] Invoking command in '/home/sarthak/precise_docking_ws/build/teleop_cpp_ros2': CMAKE_PREFIX_PATH=${CMAKE_PREFIX_PATH}:/home/sarthak/precise_docking_ws/install/template_ros2:/home/sarthak/precise_docking_ws/install/reach_the_goal:/home/sarthak/precise_docking_ws/install/arcuo_marker_detection:/opt/ros/humble ROS_DOMAIN_ID=62 /usr/bin/cmake --build /home/sarthak/precise_docking_ws/build/teleop_cpp_ros2 -- -j20 -l20
[1.252s] [100%] Built target teleop
[1.262s] Invoked command in '/home/sarthak/precise_docking_ws/build/teleop_cpp_ros2' returned '0': CMAKE_PREFIX_PATH=${CMAKE_PREFIX_PATH}:/home/sarthak/precise_docking_ws/install/template_ros2:/home/sarthak/precise_docking_ws/install/reach_the_goal:/home/sarthak/precise_docking_ws/install/arcuo_marker_detection:/opt/ros/humble ROS_DOMAIN_ID=62 /usr/bin/cmake --build /home/sarthak/precise_docking_ws/build/teleop_cpp_ros2 -- -j20 -l20
[1.377s] Invoking command in '/home/sarthak/precise_docking_ws/build/teleop_cpp_ros2': CMAKE_PREFIX_PATH=${CMAKE_PREFIX_PATH}:/home/sarthak/precise_docking_ws/install/template_ros2:/home/sarthak/precise_docking_ws/install/reach_the_goal:/home/sarthak/precise_docking_ws/install/arcuo_marker_detection:/opt/ros/humble ROS_DOMAIN_ID=62 /usr/bin/cmake --install /home/sarthak/precise_docking_ws/build/teleop_cpp_ros2
[1.387s] -- Install configuration: ""
[1.388s] -- Up-to-date: /home/sarthak/precise_docking_ws/install/teleop_cpp_ros2/lib/teleop_cpp_ros2/teleop
[1.388s] -- Up-to-date: /home/sarthak/precise_docking_ws/install/teleop_cpp_ros2/share/ament_index/resource_index/package_run_dependencies/teleop_cpp_ros2
[1.388s] -- Up-to-date: /home/sarthak/precise_docking_ws/install/teleop_cpp_ros2/share/ament_index/resource_index/parent_prefix_path/teleop_cpp_ros2
[1.388s] -- Up-to-date: /home/sarthak/precise_docking_ws/install/teleop_cpp_ros2/share/teleop_cpp_ros2/environment/ament_prefix_path.sh
[1.388s] -- Up-to-date: /home/sarthak/precise_docking_ws/install/teleop_cpp_ros2/share/teleop_cpp_ros2/environment/ament_prefix_path.dsv
[1.388s] -- Up-to-date: /home/sarthak/precise_docking_ws/install/teleop_cpp_ros2/share/teleop_cpp_ros2/environment/path.sh
[1.388s] -- Up-to-date: /home/sarthak/precise_docking_ws/install/teleop_cpp_ros2/share/teleop_cpp_ros2/environment/path.dsv
[1.388s] -- Up-to-date: /home/sarthak/precise_docking_ws/install/teleop_cpp_ros2/share/teleop_cpp_ros2/local_setup.bash
[1.389s] -- Up-to-date: /home/sarthak/precise_docking_ws/install/teleop_cpp_ros2/share/teleop_cpp_ros2/local_setup.sh
[1.389s] -- Up-to-date: /home/sarthak/precise_docking_ws/install/teleop_cpp_ros2/share/teleop_cpp_ros2/local_setup.zsh
[1.389s] -- Up-to-date: /home/sarthak/precise_docking_ws/install/teleop_cpp_ros2/share/teleop_cpp_ros2/local_setup.dsv
[1.389s] -- Installing: /home/sarthak/precise_docking_ws/install/teleop_cpp_ros2/share/teleop_cpp_ros2/package.dsv
[1.389s] -- Up-to-date: /home/sarthak/precise_docking_ws/install/teleop_cpp_ros2/share/ament_index/resource_index/packages/teleop_cpp_ros2
[1.389s] -- Up-to-date: /home/sarthak/precise_docking_ws/install/teleop_cpp_ros2/share/teleop_cpp_ros2/cmake/teleop_cpp_ros2Config.cmake
[1.389s] -- Up-to-date: /home/sarthak/precise_docking_ws/install/teleop_cpp_ros2/share/teleop_cpp_ros2/cmake/teleop_cpp_ros2Config-version.cmake
[1.389s] -- Up-to-date: /home/sarthak/precise_docking_ws/install/teleop_cpp_ros2/share/teleop_cpp_ros2/package.xml
[1.392s] Invoked command in '/home/sarthak/precise_docking_ws/build/teleop_cpp_ros2' returned '0': CMAKE_PREFIX_PATH=${CMAKE_PREFIX_PATH}:/home/sarthak/precise_docking_ws/install/template_ros2:/home/sarthak/precise_docking_ws/install/reach_the_goal:/home/sarthak/precise_docking_ws/install/arcuo_marker_detection:/opt/ros/humble ROS_DOMAIN_ID=62 /usr/bin/cmake --install /home/sarthak/precise_docking_ws/build/teleop_cpp_ros2
