[1.372s] Invoking command in '/home/sarthak/precise_docking_ws/build/localization_amcl': CMAKE_PREFIX_PATH=${CMAKE_PREFIX_PATH}:/home/sarthak/precise_docking_ws/install/template_ros2:/home/sarthak/precise_docking_ws/install/reach_the_goal:/home/sarthak/precise_docking_ws/install/autonomous_exploration:/home/sarthak/precise_docking_ws/install/arcuo_marker_detection:/home/sarthak/precise_docking_ws/install/active_localization:/opt/ros/humble ROS_DOMAIN_ID=29 /usr/bin/cmake --build /home/sarthak/precise_docking_ws/build/localization_amcl -- -j20 -l20
[2.208s] [ 50%] [32mBuilding CXX object CMakeFiles/cpp_executable.dir/src/cpp_node.cpp.o[0m
[2.209s] [ 50%] Built target ament_cmake_python_copy_localization_amcl
[2.209s] running egg_info
[2.209s] writing localization_amcl.egg-info/PKG-INFO
[2.209s] writing dependency_links to localization_amcl.egg-info/dependency_links.txt
[2.209s] writing top-level names to localization_amcl.egg-info/top_level.txt
[4.615s] writing manifest file 'localization_amcl.egg-info/SOURCES.txt'
[4.707s] [ 50%] Built target ament_cmake_python_build_localization_amcl_egg
[5.766s] [100%] [32m[1mLinking CXX executable cpp_executable[0m
[5.939s] [100%] Built target cpp_executable
[5.955s] Invoked command in '/home/sarthak/precise_docking_ws/build/localization_amcl' returned '0': CMAKE_PREFIX_PATH=${CMAKE_PREFIX_PATH}:/home/sarthak/precise_docking_ws/install/template_ros2:/home/sarthak/precise_docking_ws/install/reach_the_goal:/home/sarthak/precise_docking_ws/install/autonomous_exploration:/home/sarthak/precise_docking_ws/install/arcuo_marker_detection:/home/sarthak/precise_docking_ws/install/active_localization:/opt/ros/humble ROS_DOMAIN_ID=29 /usr/bin/cmake --build /home/sarthak/precise_docking_ws/build/localization_amcl -- -j20 -l20
[5.992s] Invoking command in '/home/sarthak/precise_docking_ws/build/localization_amcl': CMAKE_PREFIX_PATH=${CMAKE_PREFIX_PATH}:/home/sarthak/precise_docking_ws/install/template_ros2:/home/sarthak/precise_docking_ws/install/reach_the_goal:/home/sarthak/precise_docking_ws/install/autonomous_exploration:/home/sarthak/precise_docking_ws/install/arcuo_marker_detection:/home/sarthak/precise_docking_ws/install/active_localization:/opt/ros/humble ROS_DOMAIN_ID=29 /usr/bin/cmake --install /home/sarthak/precise_docking_ws/build/localization_amcl
[6.004s] -- Install configuration: ""
[6.004s] -- Installing: /home/sarthak/precise_docking_ws/install/localization_amcl/lib/localization_amcl/cpp_executable
[6.005s] -- Set runtime path of "/home/sarthak/precise_docking_ws/install/localization_amcl/lib/localization_amcl/cpp_executable" to ""
[6.005s] -- Up-to-date: /home/sarthak/precise_docking_ws/install/localization_amcl/share/localization_amcl/environment/pythonpath.sh
[6.006s] -- Up-to-date: /home/sarthak/precise_docking_ws/install/localization_amcl/share/localization_amcl/environment/pythonpath.dsv
[6.006s] -- Up-to-date: /home/sarthak/precise_docking_ws/install/localization_amcl/local/lib/python3.10/dist-packages/localization_amcl-0.0.0-py3.10.egg-info
[6.006s] -- Installing: /home/sarthak/precise_docking_ws/install/localization_amcl/local/lib/python3.10/dist-packages/localization_amcl-0.0.0-py3.10.egg-info/top_level.txt
[6.006s] -- Installing: /home/sarthak/precise_docking_ws/install/localization_amcl/local/lib/python3.10/dist-packages/localization_amcl-0.0.0-py3.10.egg-info/SOURCES.txt
[6.006s] -- Installing: /home/sarthak/precise_docking_ws/install/localization_amcl/local/lib/python3.10/dist-packages/localization_amcl-0.0.0-py3.10.egg-info/PKG-INFO
[6.007s] -- Installing: /home/sarthak/precise_docking_ws/install/localization_amcl/local/lib/python3.10/dist-packages/localization_amcl-0.0.0-py3.10.egg-info/dependency_links.txt
[6.007s] -- Up-to-date: /home/sarthak/precise_docking_ws/install/localization_amcl/local/lib/python3.10/dist-packages/localization_amcl
[6.007s] -- Up-to-date: /home/sarthak/precise_docking_ws/install/localization_amcl/local/lib/python3.10/dist-packages/localization_amcl/__init__.py
[6.007s] -- Up-to-date: /home/sarthak/precise_docking_ws/install/localization_amcl/local/lib/python3.10/dist-packages/localization_amcl/module_to_import.py
[6.007s] -- Up-to-date: /home/sarthak/precise_docking_ws/install/localization_amcl/local/lib/python3.10/dist-packages/localization_amcl/pf_localisation
[6.007s] -- Up-to-date: /home/sarthak/precise_docking_ws/install/localization_amcl/local/lib/python3.10/dist-packages/localization_amcl/pf_localisation/laser_trace.so
[6.007s] -- Up-to-date: /home/sarthak/precise_docking_ws/install/localization_amcl/local/lib/python3.10/dist-packages/localization_amcl/pf_localisation/util.py
[6.008s] -- Up-to-date: /home/sarthak/precise_docking_ws/install/localization_amcl/local/lib/python3.10/dist-packages/localization_amcl/pf_localisation/__init__.py
[6.008s] -- Up-to-date: /home/sarthak/precise_docking_ws/install/localization_amcl/local/lib/python3.10/dist-packages/localization_amcl/pf_localisation/pf_base.py
[6.008s] -- Up-to-date: /home/sarthak/precise_docking_ws/install/localization_amcl/local/lib/python3.10/dist-packages/localization_amcl/pf_localisation/sensor_model.py
[6.008s] -- Up-to-date: /home/sarthak/precise_docking_ws/install/localization_amcl/local/lib/python3.10/dist-packages/localization_amcl/pf_localisation/pf.py
[6.053s] Listing '/home/sarthak/precise_docking_ws/install/localization_amcl/local/lib/python3.10/dist-packages/localization_amcl'...
[6.053s] Listing '/home/sarthak/precise_docking_ws/install/localization_amcl/local/lib/python3.10/dist-packages/localization_amcl/pf_localisation'...
[6.065s] -- Up-to-date: /home/sarthak/precise_docking_ws/install/localization_amcl/lib/localization_amcl/py_node.py
[6.065s] -- Up-to-date: /home/sarthak/precise_docking_ws/install/localization_amcl/lib/localization_amcl/localization.py
[6.065s] -- Up-to-date: /home/sarthak/precise_docking_ws/install/localization_amcl/share/ament_index/resource_index/package_run_dependencies/localization_amcl
[6.065s] -- Up-to-date: /home/sarthak/precise_docking_ws/install/localization_amcl/share/ament_index/resource_index/parent_prefix_path/localization_amcl
[6.065s] -- Up-to-date: /home/sarthak/precise_docking_ws/install/localization_amcl/share/localization_amcl/environment/ament_prefix_path.sh
[6.065s] -- Up-to-date: /home/sarthak/precise_docking_ws/install/localization_amcl/share/localization_amcl/environment/ament_prefix_path.dsv
[6.070s] -- Up-to-date: /home/sarthak/precise_docking_ws/install/localization_amcl/share/localization_amcl/environment/path.sh
[6.071s] -- Up-to-date: /home/sarthak/precise_docking_ws/install/localization_amcl/share/localization_amcl/environment/path.dsv
[6.071s] -- Up-to-date: /home/sarthak/precise_docking_ws/install/localization_amcl/share/localization_amcl/local_setup.bash
[6.071s] -- Up-to-date: /home/sarthak/precise_docking_ws/install/localization_amcl/share/localization_amcl/local_setup.sh
[6.071s] -- Up-to-date: /home/sarthak/precise_docking_ws/install/localization_amcl/share/localization_amcl/local_setup.zsh
[6.071s] -- Up-to-date: /home/sarthak/precise_docking_ws/install/localization_amcl/share/localization_amcl/local_setup.dsv
[6.072s] -- Installing: /home/sarthak/precise_docking_ws/install/localization_amcl/share/localization_amcl/package.dsv
[6.073s] -- Up-to-date: /home/sarthak/precise_docking_ws/install/localization_amcl/share/ament_index/resource_index/packages/localization_amcl
[6.075s] -- Up-to-date: /home/sarthak/precise_docking_ws/install/localization_amcl/share/localization_amcl/cmake/localization_amclConfig.cmake
[6.075s] -- Up-to-date: /home/sarthak/precise_docking_ws/install/localization_amcl/share/localization_amcl/cmake/localization_amclConfig-version.cmake
[6.075s] -- Up-to-date: /home/sarthak/precise_docking_ws/install/localization_amcl/share/localization_amcl/package.xml
[6.077s] Invoked command in '/home/sarthak/precise_docking_ws/build/localization_amcl' returned '0': CMAKE_PREFIX_PATH=${CMAKE_PREFIX_PATH}:/home/sarthak/precise_docking_ws/install/template_ros2:/home/sarthak/precise_docking_ws/install/reach_the_goal:/home/sarthak/precise_docking_ws/install/autonomous_exploration:/home/sarthak/precise_docking_ws/install/arcuo_marker_detection:/home/sarthak/precise_docking_ws/install/active_localization:/opt/ros/humble ROS_DOMAIN_ID=29 /usr/bin/cmake --install /home/sarthak/precise_docking_ws/build/localization_amcl
