[1.996s] [34mcolcon[0m [1;30mDEBUG[0m [32mCommand line arguments: ['/home/sarthak/.local/bin/colcon', 'build', '--packages-select', 'active_localization'][0m
[1.996s] [34mcolcon[0m [1;30mDEBUG[0m [32mParsed command line arguments: Namespace(log_base=None, log_level=None, verb_name='build', build_base='build', install_base='install', merge_install=False, symlink_install=False, test_result_base=None, continue_on_error=False, executor='parallel', parallel_workers=20, event_handlers=None, ignore_user_meta=False, metas=['./colcon.meta'], base_paths=['.'], packages_ignore=None, packages_ignore_regex=None, paths=None, packages_up_to=None, packages_up_to_regex=None, packages_above=None, packages_above_and_dependencies=None, packages_above_depth=None, packages_select_by_dep=None, packages_skip_by_dep=None, packages_skip_up_to=None, packages_select_build_failed=False, packages_skip_build_finished=False, packages_select_test_failures=False, packages_skip_test_passed=False, packages_select=['active_localization'], packages_skip=None, packages_select_regex=None, packages_skip_regex=None, packages_start=None, packages_end=None, allow_overriding=[], bazel_args=None, bazel_task=None, cmake_args=None, cmake_target=None, cmake_target_skip_unavailable=False, cmake_clean_cache=False, cmake_clean_first=False, cmake_force_configure=False, meson_args=[], ament_cmake_args=None, catkin_cmake_args=None, catkin_skip_building_tests=False, mixin_files=None, mixin=None, verb_parser=<colcon_alias.argument_parser.alias.AliasArgumentDecorator object at 0x7bfd25a0dde0>, verb_extension=<colcon_core.verb.build.BuildVerb object at 0x7bfd25a0cdf0>, main=<bound method BuildVerb.main of <colcon_core.verb.build.BuildVerb object at 0x7bfd25a0cdf0>>, mixin_verb=('build',))[0m
[2.090s] [34mcolcon.colcon_core.package_discovery[0m [1;30mLevel 1[0m discover_packages(colcon_meta) check parameters
[2.090s] [34mcolcon.colcon_core.package_discovery[0m [1;30mLevel 1[0m discover_packages(recursive) check parameters
[2.090s] [34mcolcon.colcon_core.package_discovery[0m [1;30mLevel 1[0m discover_packages(ignore) check parameters
[2.090s] [34mcolcon.colcon_core.package_discovery[0m [1;30mLevel 1[0m discover_packages(path) check parameters
[2.090s] [34mcolcon.colcon_core.package_discovery[0m [1;30mLevel 1[0m discover_packages(colcon_meta) discover
[2.090s] [34mcolcon.colcon_core.package_discovery[0m [1;30mLevel 1[0m discover_packages(recursive) discover
[2.091s] [34mcolcon.colcon_core.package_discovery[0m [1;30mINFO[0m Crawling recursively for packages in '/home/sarthak/precise_docking_ws'
[2.091s] [34mcolcon.colcon_core.package_identification[0m [1;30mLevel 1[0m _identify(.) by extensions ['ignore', 'ignore_ament_install']
[2.091s] [34mcolcon.colcon_core.package_identification[0m [1;30mLevel 1[0m _identify(.) by extension 'ignore'
[2.091s] [34mcolcon.colcon_core.package_identification[0m [1;30mLevel 1[0m _identify(.) by extension 'ignore_ament_install'
[2.091s] [34mcolcon.colcon_core.package_identification[0m [1;30mLevel 1[0m _identify(.) by extensions ['colcon_pkg']
[2.091s] [34mcolcon.colcon_core.package_identification[0m [1;30mLevel 1[0m _identify(.) by extension 'colcon_pkg'
[2.091s] [34mcolcon.colcon_core.package_identification[0m [1;30mLevel 1[0m _identify(.) by extensions ['colcon_meta']
[2.091s] [34mcolcon.colcon_core.package_identification[0m [1;30mLevel 1[0m _identify(.) by extension 'colcon_meta'
[2.091s] [34mcolcon.colcon_core.package_identification[0m [1;30mLevel 1[0m _identify(.) by extensions ['ros']
[2.091s] [34mcolcon.colcon_core.package_identification[0m [1;30mLevel 1[0m _identify(.) by extension 'ros'
[2.100s] [34mcolcon.colcon_core.package_identification[0m [1;30mLevel 1[0m _identify(.) by extensions ['bazel', 'cmake', 'meson', 'python']
[2.101s] [34mcolcon.colcon_core.package_identification[0m [1;30mLevel 1[0m _identify(.) by extension 'bazel'
[2.101s] [34mcolcon.colcon_core.package_identification[0m [1;30mLevel 1[0m _identify(.) by extension 'cmake'
[2.101s] [34mcolcon.colcon_core.package_identification[0m [1;30mLevel 1[0m _identify(.) by extension 'meson'
[2.101s] [34mcolcon.colcon_core.package_identification[0m [1;30mLevel 1[0m _identify(.) by extension 'python'
[2.101s] [34mcolcon.colcon_core.package_identification[0m [1;30mLevel 1[0m _identify(.) by extensions ['python_setup_py']
[2.101s] [34mcolcon.colcon_core.package_identification[0m [1;30mLevel 1[0m _identify(.) by extension 'python_setup_py'
[2.101s] [34mcolcon.colcon_core.package_identification[0m [1;30mLevel 1[0m _identify(Yolo dataset) by extensions ['ignore', 'ignore_ament_install']
[2.102s] [34mcolcon.colcon_core.package_identification[0m [1;30mLevel 1[0m _identify(Yolo dataset) by extension 'ignore'
[2.102s] [34mcolcon.colcon_core.package_identification[0m [1;30mLevel 1[0m _identify(Yolo dataset) by extension 'ignore_ament_install'
[2.102s] [34mcolcon.colcon_core.package_identification[0m [1;30mLevel 1[0m _identify(Yolo dataset) by extensions ['colcon_pkg']
[2.102s] [34mcolcon.colcon_core.package_identification[0m [1;30mLevel 1[0m _identify(Yolo dataset) by extension 'colcon_pkg'
[2.102s] [34mcolcon.colcon_core.package_identification[0m [1;30mLevel 1[0m _identify(Yolo dataset) by extensions ['colcon_meta']
[2.102s] [34mcolcon.colcon_core.package_identification[0m [1;30mLevel 1[0m _identify(Yolo dataset) by extension 'colcon_meta'
[2.102s] [34mcolcon.colcon_core.package_identification[0m [1;30mLevel 1[0m _identify(Yolo dataset) by extensions ['ros']
[2.102s] [34mcolcon.colcon_core.package_identification[0m [1;30mLevel 1[0m _identify(Yolo dataset) by extension 'ros'
[2.102s] [34mcolcon.colcon_core.package_identification[0m [1;30mLevel 1[0m _identify(Yolo dataset) by extensions ['bazel', 'cmake', 'meson', 'python']
[2.102s] [34mcolcon.colcon_core.package_identification[0m [1;30mLevel 1[0m _identify(Yolo dataset) by extension 'bazel'
[2.102s] [34mcolcon.colcon_core.package_identification[0m [1;30mLevel 1[0m _identify(Yolo dataset) by extension 'cmake'
[2.103s] [34mcolcon.colcon_core.package_identification[0m [1;30mLevel 1[0m _identify(Yolo dataset) by extension 'meson'
[2.103s] [34mcolcon.colcon_core.package_identification[0m [1;30mLevel 1[0m _identify(Yolo dataset) by extension 'python'
[2.103s] [34mcolcon.colcon_core.package_identification[0m [1;30mLevel 1[0m _identify(Yolo dataset) by extensions ['python_setup_py']
[2.103s] [34mcolcon.colcon_core.package_identification[0m [1;30mLevel 1[0m _identify(Yolo dataset) by extension 'python_setup_py'
[2.103s] [34mcolcon.colcon_core.package_identification[0m [1;30mLevel 1[0m _identify(build) by extensions ['ignore', 'ignore_ament_install']
[2.103s] [34mcolcon.colcon_core.package_identification[0m [1;30mLevel 1[0m _identify(build) by extension 'ignore'
[2.103s] [34mcolcon.colcon_core.package_identification[0m [1;30mLevel 1[0m _identify(build) ignored
[2.103s] [34mcolcon.colcon_core.package_identification[0m [1;30mLevel 1[0m _identify(install) by extensions ['ignore', 'ignore_ament_install']
[2.104s] [34mcolcon.colcon_core.package_identification[0m [1;30mLevel 1[0m _identify(install) by extension 'ignore'
[2.104s] [34mcolcon.colcon_core.package_identification[0m [1;30mLevel 1[0m _identify(install) ignored
[2.105s] [34mcolcon.colcon_core.package_identification[0m [1;30mLevel 1[0m _identify(log) by extensions ['ignore', 'ignore_ament_install']
[2.105s] [34mcolcon.colcon_core.package_identification[0m [1;30mLevel 1[0m _identify(log) by extension 'ignore'
[2.106s] [34mcolcon.colcon_core.package_identification[0m [1;30mLevel 1[0m _identify(log) ignored
[2.106s] [34mcolcon.colcon_core.package_identification[0m [1;30mLevel 1[0m _identify(maps) by extensions ['ignore', 'ignore_ament_install']
[2.106s] [34mcolcon.colcon_core.package_identification[0m [1;30mLevel 1[0m _identify(maps) by extension 'ignore'
[2.106s] [34mcolcon.colcon_core.package_identification[0m [1;30mLevel 1[0m _identify(maps) by extension 'ignore_ament_install'
[2.107s] [34mcolcon.colcon_core.package_identification[0m [1;30mLevel 1[0m _identify(maps) by extensions ['colcon_pkg']
[2.107s] [34mcolcon.colcon_core.package_identification[0m [1;30mLevel 1[0m _identify(maps) by extension 'colcon_pkg'
[2.107s] [34mcolcon.colcon_core.package_identification[0m [1;30mLevel 1[0m _identify(maps) by extensions ['colcon_meta']
[2.107s] [34mcolcon.colcon_core.package_identification[0m [1;30mLevel 1[0m _identify(maps) by extension 'colcon_meta'
[2.107s] [34mcolcon.colcon_core.package_identification[0m [1;30mLevel 1[0m _identify(maps) by extensions ['ros']
[2.107s] [34mcolcon.colcon_core.package_identification[0m [1;30mLevel 1[0m _identify(maps) by extension 'ros'
[2.107s] [34mcolcon.colcon_core.package_identification[0m [1;30mLevel 1[0m _identify(maps) by extensions ['bazel', 'cmake', 'meson', 'python']
[2.107s] [34mcolcon.colcon_core.package_identification[0m [1;30mLevel 1[0m _identify(maps) by extension 'bazel'
[2.107s] [34mcolcon.colcon_core.package_identification[0m [1;30mLevel 1[0m _identify(maps) by extension 'cmake'
[2.107s] [34mcolcon.colcon_core.package_identification[0m [1;30mLevel 1[0m _identify(maps) by extension 'meson'
[2.107s] [34mcolcon.colcon_core.package_identification[0m [1;30mLevel 1[0m _identify(maps) by extension 'python'
[2.107s] [34mcolcon.colcon_core.package_identification[0m [1;30mLevel 1[0m _identify(maps) by extensions ['python_setup_py']
[2.107s] [34mcolcon.colcon_core.package_identification[0m [1;30mLevel 1[0m _identify(maps) by extension 'python_setup_py'
[2.108s] [34mcolcon.colcon_core.package_identification[0m [1;30mLevel 1[0m _identify(plots) by extensions ['ignore', 'ignore_ament_install']
[2.108s] [34mcolcon.colcon_core.package_identification[0m [1;30mLevel 1[0m _identify(plots) by extension 'ignore'
[2.108s] [34mcolcon.colcon_core.package_identification[0m [1;30mLevel 1[0m _identify(plots) by extension 'ignore_ament_install'
[2.108s] [34mcolcon.colcon_core.package_identification[0m [1;30mLevel 1[0m _identify(plots) by extensions ['colcon_pkg']
[2.108s] [34mcolcon.colcon_core.package_identification[0m [1;30mLevel 1[0m _identify(plots) by extension 'colcon_pkg'
[2.108s] [34mcolcon.colcon_core.package_identification[0m [1;30mLevel 1[0m _identify(plots) by extensions ['colcon_meta']
[2.108s] [34mcolcon.colcon_core.package_identification[0m [1;30mLevel 1[0m _identify(plots) by extension 'colcon_meta'
[2.108s] [34mcolcon.colcon_core.package_identification[0m [1;30mLevel 1[0m _identify(plots) by extensions ['ros']
[2.108s] [34mcolcon.colcon_core.package_identification[0m [1;30mLevel 1[0m _identify(plots) by extension 'ros'
[2.109s] [34mcolcon.colcon_core.package_identification[0m [1;30mLevel 1[0m _identify(plots) by extensions ['bazel', 'cmake', 'meson', 'python']
[2.109s] [34mcolcon.colcon_core.package_identification[0m [1;30mLevel 1[0m _identify(plots) by extension 'bazel'
[2.109s] [34mcolcon.colcon_core.package_identification[0m [1;30mLevel 1[0m _identify(plots) by extension 'cmake'
[2.109s] [34mcolcon.colcon_core.package_identification[0m [1;30mLevel 1[0m _identify(plots) by extension 'meson'
[2.109s] [34mcolcon.colcon_core.package_identification[0m [1;30mLevel 1[0m _identify(plots) by extension 'python'
[2.109s] [34mcolcon.colcon_core.package_identification[0m [1;30mLevel 1[0m _identify(plots) by extensions ['python_setup_py']
[2.109s] [34mcolcon.colcon_core.package_identification[0m [1;30mLevel 1[0m _identify(plots) by extension 'python_setup_py'
[2.109s] [34mcolcon.colcon_core.package_identification[0m [1;30mLevel 1[0m _identify(src) by extensions ['ignore', 'ignore_ament_install']
[2.109s] [34mcolcon.colcon_core.package_identification[0m [1;30mLevel 1[0m _identify(src) by extension 'ignore'
[2.110s] [34mcolcon.colcon_core.package_identification[0m [1;30mLevel 1[0m _identify(src) by extension 'ignore_ament_install'
[2.110s] [34mcolcon.colcon_core.package_identification[0m [1;30mLevel 1[0m _identify(src) by extensions ['colcon_pkg']
[2.110s] [34mcolcon.colcon_core.package_identification[0m [1;30mLevel 1[0m _identify(src) by extension 'colcon_pkg'
[2.110s] [34mcolcon.colcon_core.package_identification[0m [1;30mLevel 1[0m _identify(src) by extensions ['colcon_meta']
[2.110s] [34mcolcon.colcon_core.package_identification[0m [1;30mLevel 1[0m _identify(src) by extension 'colcon_meta'
[2.110s] [34mcolcon.colcon_core.package_identification[0m [1;30mLevel 1[0m _identify(src) by extensions ['ros']
[2.110s] [34mcolcon.colcon_core.package_identification[0m [1;30mLevel 1[0m _identify(src) by extension 'ros'
[2.110s] [34mcolcon.colcon_core.package_identification[0m [1;30mLevel 1[0m _identify(src) by extensions ['bazel', 'cmake', 'meson', 'python']
[2.110s] [34mcolcon.colcon_core.package_identification[0m [1;30mLevel 1[0m _identify(src) by extension 'bazel'
[2.110s] [34mcolcon.colcon_core.package_identification[0m [1;30mLevel 1[0m _identify(src) by extension 'cmake'
[2.110s] [34mcolcon.colcon_core.package_identification[0m [1;30mLevel 1[0m _identify(src) by extension 'meson'
[2.110s] [34mcolcon.colcon_core.package_identification[0m [1;30mLevel 1[0m _identify(src) by extension 'python'
[2.110s] [34mcolcon.colcon_core.package_identification[0m [1;30mLevel 1[0m _identify(src) by extensions ['python_setup_py']
[2.110s] [34mcolcon.colcon_core.package_identification[0m [1;30mLevel 1[0m _identify(src) by extension 'python_setup_py'
[2.111s] [34mcolcon.colcon_core.package_identification[0m [1;30mLevel 1[0m _identify(src/ROS2-FrontierBaseExplorationForAutonomousRobot) by extensions ['ignore', 'ignore_ament_install']
[2.111s] [34mcolcon.colcon_core.package_identification[0m [1;30mLevel 1[0m _identify(src/ROS2-FrontierBaseExplorationForAutonomousRobot) by extension 'ignore'
[2.111s] [34mcolcon.colcon_core.package_identification[0m [1;30mLevel 1[0m _identify(src/ROS2-FrontierBaseExplorationForAutonomousRobot) by extension 'ignore_ament_install'
[2.111s] [34mcolcon.colcon_core.package_identification[0m [1;30mLevel 1[0m _identify(src/ROS2-FrontierBaseExplorationForAutonomousRobot) by extensions ['colcon_pkg']
[2.111s] [34mcolcon.colcon_core.package_identification[0m [1;30mLevel 1[0m _identify(src/ROS2-FrontierBaseExplorationForAutonomousRobot) by extension 'colcon_pkg'
[2.111s] [34mcolcon.colcon_core.package_identification[0m [1;30mLevel 1[0m _identify(src/ROS2-FrontierBaseExplorationForAutonomousRobot) by extensions ['colcon_meta']
[2.111s] [34mcolcon.colcon_core.package_identification[0m [1;30mLevel 1[0m _identify(src/ROS2-FrontierBaseExplorationForAutonomousRobot) by extension 'colcon_meta'
[2.111s] [34mcolcon.colcon_core.package_identification[0m [1;30mLevel 1[0m _identify(src/ROS2-FrontierBaseExplorationForAutonomousRobot) by extensions ['ros']
[2.111s] [34mcolcon.colcon_core.package_identification[0m [1;30mLevel 1[0m _identify(src/ROS2-FrontierBaseExplorationForAutonomousRobot) by extension 'ros'
[2.111s] [34mcolcon.colcon_core.package_identification[0m [1;30mLevel 1[0m _identify(src/ROS2-FrontierBaseExplorationForAutonomousRobot) by extensions ['bazel', 'cmake', 'meson', 'python']
[2.111s] [34mcolcon.colcon_core.package_identification[0m [1;30mLevel 1[0m _identify(src/ROS2-FrontierBaseExplorationForAutonomousRobot) by extension 'bazel'
[2.111s] [34mcolcon.colcon_core.package_identification[0m [1;30mLevel 1[0m _identify(src/ROS2-FrontierBaseExplorationForAutonomousRobot) by extension 'cmake'
[2.111s] [34mcolcon.colcon_core.package_identification[0m [1;30mLevel 1[0m _identify(src/ROS2-FrontierBaseExplorationForAutonomousRobot) by extension 'meson'
[2.111s] [34mcolcon.colcon_core.package_identification[0m [1;30mLevel 1[0m _identify(src/ROS2-FrontierBaseExplorationForAutonomousRobot) by extension 'python'
[2.112s] [34mcolcon.colcon_core.package_identification[0m [1;30mLevel 1[0m _identify(src/ROS2-FrontierBaseExplorationForAutonomousRobot) by extensions ['python_setup_py']
[2.112s] [34mcolcon.colcon_core.package_identification[0m [1;30mLevel 1[0m _identify(src/ROS2-FrontierBaseExplorationForAutonomousRobot) by extension 'python_setup_py'
[2.112s] [34mcolcon.colcon_core.package_identification[0m [1;30mLevel 1[0m _identify(src/ROS2-FrontierBaseExplorationForAutonomousRobot/autonomous_exploration) by extensions ['ignore', 'ignore_ament_install']
[2.112s] [34mcolcon.colcon_core.package_identification[0m [1;30mLevel 1[0m _identify(src/ROS2-FrontierBaseExplorationForAutonomousRobot/autonomous_exploration) by extension 'ignore'
[2.112s] [34mcolcon.colcon_core.package_identification[0m [1;30mLevel 1[0m _identify(src/ROS2-FrontierBaseExplorationForAutonomousRobot/autonomous_exploration) by extension 'ignore_ament_install'
[2.112s] [34mcolcon.colcon_core.package_identification[0m [1;30mLevel 1[0m _identify(src/ROS2-FrontierBaseExplorationForAutonomousRobot/autonomous_exploration) by extensions ['colcon_pkg']
[2.112s] [34mcolcon.colcon_core.package_identification[0m [1;30mLevel 1[0m _identify(src/ROS2-FrontierBaseExplorationForAutonomousRobot/autonomous_exploration) by extension 'colcon_pkg'
[2.113s] [34mcolcon.colcon_core.package_identification[0m [1;30mLevel 1[0m _identify(src/ROS2-FrontierBaseExplorationForAutonomousRobot/autonomous_exploration) by extensions ['colcon_meta']
[2.113s] [34mcolcon.colcon_core.package_identification[0m [1;30mLevel 1[0m _identify(src/ROS2-FrontierBaseExplorationForAutonomousRobot/autonomous_exploration) by extension 'colcon_meta'
[2.113s] [34mcolcon.colcon_core.package_identification[0m [1;30mLevel 1[0m _identify(src/ROS2-FrontierBaseExplorationForAutonomousRobot/autonomous_exploration) by extensions ['ros']
[2.113s] [34mcolcon.colcon_core.package_identification[0m [1;30mLevel 1[0m _identify(src/ROS2-FrontierBaseExplorationForAutonomousRobot/autonomous_exploration) by extension 'ros'
[2.118s] [34mcolcon.colcon_core.package_identification[0m [1;30mDEBUG[0m [32mPackage 'src/ROS2-FrontierBaseExplorationForAutonomousRobot/autonomous_exploration' with type 'ros.ament_python' and name 'autonomous_exploration'[0m
[2.118s] [34mcolcon.colcon_core.package_identification[0m [1;30mLevel 1[0m _identify(src/active_localization) by extensions ['ignore', 'ignore_ament_install']
[2.118s] [34mcolcon.colcon_core.package_identification[0m [1;30mLevel 1[0m _identify(src/active_localization) by extension 'ignore'
[2.118s] [34mcolcon.colcon_core.package_identification[0m [1;30mLevel 1[0m _identify(src/active_localization) by extension 'ignore_ament_install'
[2.118s] [34mcolcon.colcon_core.package_identification[0m [1;30mLevel 1[0m _identify(src/active_localization) by extensions ['colcon_pkg']
[2.118s] [34mcolcon.colcon_core.package_identification[0m [1;30mLevel 1[0m _identify(src/active_localization) by extension 'colcon_pkg'
[2.118s] [34mcolcon.colcon_core.package_identification[0m [1;30mLevel 1[0m _identify(src/active_localization) by extensions ['colcon_meta']
[2.118s] [34mcolcon.colcon_core.package_identification[0m [1;30mLevel 1[0m _identify(src/active_localization) by extension 'colcon_meta'
[2.118s] [34mcolcon.colcon_core.package_identification[0m [1;30mLevel 1[0m _identify(src/active_localization) by extensions ['ros']
[2.118s] [34mcolcon.colcon_core.package_identification[0m [1;30mLevel 1[0m _identify(src/active_localization) by extension 'ros'
[2.120s] [34mcolcon.colcon_core.package_identification[0m [1;30mDEBUG[0m [32mPackage 'src/active_localization' with type 'ros.ament_python' and name 'active_localization'[0m
[2.121s] [34mcolcon.colcon_core.package_identification[0m [1;30mLevel 1[0m _identify(src/arcuo_marker_detection) by extensions ['ignore', 'ignore_ament_install']
[2.121s] [34mcolcon.colcon_core.package_identification[0m [1;30mLevel 1[0m _identify(src/arcuo_marker_detection) by extension 'ignore'
[2.121s] [34mcolcon.colcon_core.package_identification[0m [1;30mLevel 1[0m _identify(src/arcuo_marker_detection) by extension 'ignore_ament_install'
[2.121s] [34mcolcon.colcon_core.package_identification[0m [1;30mLevel 1[0m _identify(src/arcuo_marker_detection) by extensions ['colcon_pkg']
[2.121s] [34mcolcon.colcon_core.package_identification[0m [1;30mLevel 1[0m _identify(src/arcuo_marker_detection) by extension 'colcon_pkg'
[2.121s] [34mcolcon.colcon_core.package_identification[0m [1;30mLevel 1[0m _identify(src/arcuo_marker_detection) by extensions ['colcon_meta']
[2.121s] [34mcolcon.colcon_core.package_identification[0m [1;30mLevel 1[0m _identify(src/arcuo_marker_detection) by extension 'colcon_meta'
[2.121s] [34mcolcon.colcon_core.package_identification[0m [1;30mLevel 1[0m _identify(src/arcuo_marker_detection) by extensions ['ros']
[2.121s] [34mcolcon.colcon_core.package_identification[0m [1;30mLevel 1[0m _identify(src/arcuo_marker_detection) by extension 'ros'
[2.123s] [34mcolcon.colcon_core.package_identification[0m [1;30mDEBUG[0m [32mPackage 'src/arcuo_marker_detection' with type 'ros.ament_python' and name 'arcuo_marker_detection'[0m
[2.123s] [34mcolcon.colcon_core.package_identification[0m [1;30mLevel 1[0m _identify(src/docking_bringup) by extensions ['ignore', 'ignore_ament_install']
[2.123s] [34mcolcon.colcon_core.package_identification[0m [1;30mLevel 1[0m _identify(src/docking_bringup) by extension 'ignore'
[2.123s] [34mcolcon.colcon_core.package_identification[0m [1;30mLevel 1[0m _identify(src/docking_bringup) by extension 'ignore_ament_install'
[2.124s] [34mcolcon.colcon_core.package_identification[0m [1;30mLevel 1[0m _identify(src/docking_bringup) by extensions ['colcon_pkg']
[2.124s] [34mcolcon.colcon_core.package_identification[0m [1;30mLevel 1[0m _identify(src/docking_bringup) by extension 'colcon_pkg'
[2.124s] [34mcolcon.colcon_core.package_identification[0m [1;30mLevel 1[0m _identify(src/docking_bringup) by extensions ['colcon_meta']
[2.124s] [34mcolcon.colcon_core.package_identification[0m [1;30mLevel 1[0m _identify(src/docking_bringup) by extension 'colcon_meta'
[2.124s] [34mcolcon.colcon_core.package_identification[0m [1;30mLevel 1[0m _identify(src/docking_bringup) by extensions ['ros']
[2.124s] [34mcolcon.colcon_core.package_identification[0m [1;30mLevel 1[0m _identify(src/docking_bringup) by extension 'ros'
[2.124s] [34mcolcon.colcon_core.package_identification[0m [1;30mDEBUG[0m [32mPackage 'src/docking_bringup' with type 'ros.ament_cmake' and name 'docking_bringup'[0m
[2.125s] [34mcolcon.colcon_core.package_identification[0m [1;30mLevel 1[0m _identify(src/frontend) by extensions ['ignore', 'ignore_ament_install']
[2.125s] [34mcolcon.colcon_core.package_identification[0m [1;30mLevel 1[0m _identify(src/frontend) by extension 'ignore'
[2.125s] [34mcolcon.colcon_core.package_identification[0m [1;30mLevel 1[0m _identify(src/frontend) by extension 'ignore_ament_install'
[2.125s] [34mcolcon.colcon_core.package_identification[0m [1;30mLevel 1[0m _identify(src/frontend) by extensions ['colcon_pkg']
[2.125s] [34mcolcon.colcon_core.package_identification[0m [1;30mLevel 1[0m _identify(src/frontend) by extension 'colcon_pkg'
[2.125s] [34mcolcon.colcon_core.package_identification[0m [1;30mLevel 1[0m _identify(src/frontend) by extensions ['colcon_meta']
[2.125s] [34mcolcon.colcon_core.package_identification[0m [1;30mLevel 1[0m _identify(src/frontend) by extension 'colcon_meta'
[2.125s] [34mcolcon.colcon_core.package_identification[0m [1;30mLevel 1[0m _identify(src/frontend) by extensions ['ros']
[2.125s] [34mcolcon.colcon_core.package_identification[0m [1;30mLevel 1[0m _identify(src/frontend) by extension 'ros'
[2.128s] [34mcolcon.colcon_core.package_identification[0m [1;30mDEBUG[0m [32mPackage 'src/frontend' with type 'ros.ament_cmake' and name 'frontend'[0m
[2.129s] [34mcolcon.colcon_core.package_identification[0m [1;30mLevel 1[0m _identify(src/localization_amcl) by extensions ['ignore', 'ignore_ament_install']
[2.129s] [34mcolcon.colcon_core.package_identification[0m [1;30mLevel 1[0m _identify(src/localization_amcl) by extension 'ignore'
[2.129s] [34mcolcon.colcon_core.package_identification[0m [1;30mLevel 1[0m _identify(src/localization_amcl) by extension 'ignore_ament_install'
[2.129s] [34mcolcon.colcon_core.package_identification[0m [1;30mLevel 1[0m _identify(src/localization_amcl) by extensions ['colcon_pkg']
[2.129s] [34mcolcon.colcon_core.package_identification[0m [1;30mLevel 1[0m _identify(src/localization_amcl) by extension 'colcon_pkg'
[2.129s] [34mcolcon.colcon_core.package_identification[0m [1;30mLevel 1[0m _identify(src/localization_amcl) by extensions ['colcon_meta']
[2.129s] [34mcolcon.colcon_core.package_identification[0m [1;30mLevel 1[0m _identify(src/localization_amcl) by extension 'colcon_meta'
[2.129s] [34mcolcon.colcon_core.package_identification[0m [1;30mLevel 1[0m _identify(src/localization_amcl) by extensions ['ros']
[2.129s] [34mcolcon.colcon_core.package_identification[0m [1;30mLevel 1[0m _identify(src/localization_amcl) by extension 'ros'
[2.131s] [34mcolcon.colcon_core.package_identification[0m [1;30mDEBUG[0m [32mPackage 'src/localization_amcl' with type 'ros.ament_cmake' and name 'localization_amcl'[0m
[2.132s] [34mcolcon.colcon_core.package_identification[0m [1;30mLevel 1[0m _identify(src/localization_node) by extensions ['ignore', 'ignore_ament_install']
[2.132s] [34mcolcon.colcon_core.package_identification[0m [1;30mLevel 1[0m _identify(src/localization_node) by extension 'ignore'
[2.132s] [34mcolcon.colcon_core.package_identification[0m [1;30mLevel 1[0m _identify(src/localization_node) by extension 'ignore_ament_install'
[2.132s] [34mcolcon.colcon_core.package_identification[0m [1;30mLevel 1[0m _identify(src/localization_node) by extensions ['colcon_pkg']
[2.132s] [34mcolcon.colcon_core.package_identification[0m [1;30mLevel 1[0m _identify(src/localization_node) by extension 'colcon_pkg'
[2.132s] [34mcolcon.colcon_core.package_identification[0m [1;30mLevel 1[0m _identify(src/localization_node) by extensions ['colcon_meta']
[2.132s] [34mcolcon.colcon_core.package_identification[0m [1;30mLevel 1[0m _identify(src/localization_node) by extension 'colcon_meta'
[2.132s] [34mcolcon.colcon_core.package_identification[0m [1;30mLevel 1[0m _identify(src/localization_node) by extensions ['ros']
[2.132s] [34mcolcon.colcon_core.package_identification[0m [1;30mLevel 1[0m _identify(src/localization_node) by extension 'ros'
[2.134s] [34mcolcon.colcon_core.package_identification[0m [1;30mDEBUG[0m [32mPackage 'src/localization_node' with type 'ros.ament_cmake' and name 'localization_node'[0m
[2.135s] [34mcolcon.colcon_core.package_identification[0m [1;30mLevel 1[0m _identify(src/reach_the_goal) by extensions ['ignore', 'ignore_ament_install']
[2.135s] [34mcolcon.colcon_core.package_identification[0m [1;30mLevel 1[0m _identify(src/reach_the_goal) by extension 'ignore'
[2.135s] [34mcolcon.colcon_core.package_identification[0m [1;30mLevel 1[0m _identify(src/reach_the_goal) by extension 'ignore_ament_install'
[2.135s] [34mcolcon.colcon_core.package_identification[0m [1;30mLevel 1[0m _identify(src/reach_the_goal) by extensions ['colcon_pkg']
[2.135s] [34mcolcon.colcon_core.package_identification[0m [1;30mLevel 1[0m _identify(src/reach_the_goal) by extension 'colcon_pkg'
[2.135s] [34mcolcon.colcon_core.package_identification[0m [1;30mLevel 1[0m _identify(src/reach_the_goal) by extensions ['colcon_meta']
[2.135s] [34mcolcon.colcon_core.package_identification[0m [1;30mLevel 1[0m _identify(src/reach_the_goal) by extension 'colcon_meta'
[2.135s] [34mcolcon.colcon_core.package_identification[0m [1;30mLevel 1[0m _identify(src/reach_the_goal) by extensions ['ros']
[2.135s] [34mcolcon.colcon_core.package_identification[0m [1;30mLevel 1[0m _identify(src/reach_the_goal) by extension 'ros'
[2.137s] [34mcolcon.colcon_core.package_identification[0m [1;30mDEBUG[0m [32mPackage 'src/reach_the_goal' with type 'ros.ament_python' and name 'reach_the_goal'[0m
[2.137s] [34mcolcon.colcon_core.package_identification[0m [1;30mLevel 1[0m _identify(src/teleop_cpp_ros2) by extensions ['ignore', 'ignore_ament_install']
[2.138s] [34mcolcon.colcon_core.package_identification[0m [1;30mLevel 1[0m _identify(src/teleop_cpp_ros2) by extension 'ignore'
[2.138s] [34mcolcon.colcon_core.package_identification[0m [1;30mLevel 1[0m _identify(src/teleop_cpp_ros2) by extension 'ignore_ament_install'
[2.138s] [34mcolcon.colcon_core.package_identification[0m [1;30mLevel 1[0m _identify(src/teleop_cpp_ros2) by extensions ['colcon_pkg']
[2.138s] [34mcolcon.colcon_core.package_identification[0m [1;30mLevel 1[0m _identify(src/teleop_cpp_ros2) by extension 'colcon_pkg'
[2.138s] [34mcolcon.colcon_core.package_identification[0m [1;30mLevel 1[0m _identify(src/teleop_cpp_ros2) by extensions ['colcon_meta']
[2.138s] [34mcolcon.colcon_core.package_identification[0m [1;30mLevel 1[0m _identify(src/teleop_cpp_ros2) by extension 'colcon_meta'
[2.139s] [34mcolcon.colcon_core.package_identification[0m [1;30mLevel 1[0m _identify(src/teleop_cpp_ros2) by extensions ['ros']
[2.139s] [34mcolcon.colcon_core.package_identification[0m [1;30mLevel 1[0m _identify(src/teleop_cpp_ros2) by extension 'ros'
[2.140s] [34mcolcon.colcon_core.package_identification[0m [1;30mDEBUG[0m [32mPackage 'src/teleop_cpp_ros2' with type 'ros.ament_cmake' and name 'teleop_cpp_ros2'[0m
[2.141s] [34mcolcon.colcon_core.package_identification[0m [1;30mLevel 1[0m _identify(src/template_ros2) by extensions ['ignore', 'ignore_ament_install']
[2.141s] [34mcolcon.colcon_core.package_identification[0m [1;30mLevel 1[0m _identify(src/template_ros2) by extension 'ignore'
[2.141s] [34mcolcon.colcon_core.package_identification[0m [1;30mLevel 1[0m _identify(src/template_ros2) by extension 'ignore_ament_install'
[2.141s] [34mcolcon.colcon_core.package_identification[0m [1;30mLevel 1[0m _identify(src/template_ros2) by extensions ['colcon_pkg']
[2.141s] [34mcolcon.colcon_core.package_identification[0m [1;30mLevel 1[0m _identify(src/template_ros2) by extension 'colcon_pkg'
[2.142s] [34mcolcon.colcon_core.package_identification[0m [1;30mLevel 1[0m _identify(src/template_ros2) by extensions ['colcon_meta']
[2.142s] [34mcolcon.colcon_core.package_identification[0m [1;30mLevel 1[0m _identify(src/template_ros2) by extension 'colcon_meta'
[2.142s] [34mcolcon.colcon_core.package_identification[0m [1;30mLevel 1[0m _identify(src/template_ros2) by extensions ['ros']
[2.142s] [34mcolcon.colcon_core.package_identification[0m [1;30mLevel 1[0m _identify(src/template_ros2) by extension 'ros'
[2.143s] [34mcolcon.colcon_core.package_identification[0m [1;30mDEBUG[0m [32mPackage 'src/template_ros2' with type 'ros.ament_python' and name 'template_ros2'[0m
[2.144s] [34mcolcon.colcon_core.package_identification[0m [1;30mLevel 1[0m _identify(src/ultralytics_ros) by extensions ['ignore', 'ignore_ament_install']
[2.144s] [34mcolcon.colcon_core.package_identification[0m [1;30mLevel 1[0m _identify(src/ultralytics_ros) by extension 'ignore'
[2.144s] [34mcolcon.colcon_core.package_identification[0m [1;30mLevel 1[0m _identify(src/ultralytics_ros) by extension 'ignore_ament_install'
[2.144s] [34mcolcon.colcon_core.package_identification[0m [1;30mLevel 1[0m _identify(src/ultralytics_ros) by extensions ['colcon_pkg']
[2.144s] [34mcolcon.colcon_core.package_identification[0m [1;30mLevel 1[0m _identify(src/ultralytics_ros) by extension 'colcon_pkg'
[2.144s] [34mcolcon.colcon_core.package_identification[0m [1;30mLevel 1[0m _identify(src/ultralytics_ros) by extensions ['colcon_meta']
[2.144s] [34mcolcon.colcon_core.package_identification[0m [1;30mLevel 1[0m _identify(src/ultralytics_ros) by extension 'colcon_meta'
[2.144s] [34mcolcon.colcon_core.package_identification[0m [1;30mLevel 1[0m _identify(src/ultralytics_ros) by extensions ['ros']
[2.144s] [34mcolcon.colcon_core.package_identification[0m [1;30mLevel 1[0m _identify(src/ultralytics_ros) by extension 'ros'
[2.147s] [34mcolcon.colcon_core.package_identification[0m [1;30mDEBUG[0m [32mPackage 'src/ultralytics_ros' with type 'ros.ament_cmake' and name 'ultralytics_ros'[0m
[2.148s] [34mcolcon.colcon_core.package_discovery[0m [1;30mLevel 1[0m discover_packages(recursive) using defaults
[2.148s] [34mcolcon.colcon_core.package_discovery[0m [1;30mLevel 1[0m discover_packages(ignore) discover
[2.148s] [34mcolcon.colcon_core.package_discovery[0m [1;30mLevel 1[0m discover_packages(ignore) using defaults
[2.148s] [34mcolcon.colcon_core.package_discovery[0m [1;30mLevel 1[0m discover_packages(path) discover
[2.148s] [34mcolcon.colcon_core.package_discovery[0m [1;30mLevel 1[0m discover_packages(path) using defaults
[2.179s] [34mcolcon.colcon_core.package_selection[0m [1;30mINFO[0m Skipping not selected package 'arcuo_marker_detection' in 'src/arcuo_marker_detection'
[2.180s] [34mcolcon.colcon_core.package_selection[0m [1;30mINFO[0m Skipping not selected package 'autonomous_exploration' in 'src/ROS2-FrontierBaseExplorationForAutonomousRobot/autonomous_exploration'
[2.180s] [34mcolcon.colcon_core.package_selection[0m [1;30mINFO[0m Skipping not selected package 'frontend' in 'src/frontend'
[2.180s] [34mcolcon.colcon_core.package_selection[0m [1;30mINFO[0m Skipping not selected package 'localization_amcl' in 'src/localization_amcl'
[2.180s] [34mcolcon.colcon_core.package_selection[0m [1;30mINFO[0m Skipping not selected package 'localization_node' in 'src/localization_node'
[2.180s] [34mcolcon.colcon_core.package_selection[0m [1;30mINFO[0m Skipping not selected package 'reach_the_goal' in 'src/reach_the_goal'
[2.180s] [34mcolcon.colcon_core.package_selection[0m [1;30mINFO[0m Skipping not selected package 'teleop_cpp_ros2' in 'src/teleop_cpp_ros2'
[2.180s] [34mcolcon.colcon_core.package_selection[0m [1;30mINFO[0m Skipping not selected package 'template_ros2' in 'src/template_ros2'
[2.180s] [34mcolcon.colcon_core.package_selection[0m [1;30mINFO[0m Skipping not selected package 'ultralytics_ros' in 'src/ultralytics_ros'
[2.180s] [34mcolcon.colcon_core.package_selection[0m [1;30mINFO[0m Skipping not selected package 'docking_bringup' in 'src/docking_bringup'
[2.181s] [34mcolcon.colcon_core.package_discovery[0m [1;30mLevel 1[0m discover_packages(prefix_path) check parameters
[2.181s] [34mcolcon.colcon_core.package_discovery[0m [1;30mLevel 1[0m discover_packages(prefix_path) discover
[2.196s] [34mcolcon.colcon_installed_package_information.package_discovery[0m [1;30mDEBUG[0m [32mFound 12 installed packages in /home/sarthak/precise_docking_ws/install[0m
[2.200s] [34mcolcon.colcon_installed_package_information.package_discovery[0m [1;30mDEBUG[0m [32mFound 406 installed packages in /opt/ros/humble[0m
[2.203s] [34mcolcon.colcon_core.package_discovery[0m [1;30mLevel 1[0m discover_packages(prefix_path) using defaults
[2.380s] [34mcolcon.colcon_core.verb[0m [1;30mLevel 5[0m set package 'active_localization' build argument 'bazel_args' from command line to 'None'
[2.381s] [34mcolcon.colcon_core.verb[0m [1;30mLevel 5[0m set package 'active_localization' build argument 'bazel_task' from command line to 'None'
[2.381s] [34mcolcon.colcon_core.verb[0m [1;30mLevel 5[0m set package 'active_localization' build argument 'cmake_args' from command line to 'None'
[2.381s] [34mcolcon.colcon_core.verb[0m [1;30mLevel 5[0m set package 'active_localization' build argument 'cmake_target' from command line to 'None'
[2.381s] [34mcolcon.colcon_core.verb[0m [1;30mLevel 5[0m set package 'active_localization' build argument 'cmake_target_skip_unavailable' from command line to 'False'
[2.381s] [34mcolcon.colcon_core.verb[0m [1;30mLevel 5[0m set package 'active_localization' build argument 'cmake_clean_cache' from command line to 'False'
[2.381s] [34mcolcon.colcon_core.verb[0m [1;30mLevel 5[0m set package 'active_localization' build argument 'cmake_clean_first' from command line to 'False'
[2.381s] [34mcolcon.colcon_core.verb[0m [1;30mLevel 5[0m set package 'active_localization' build argument 'cmake_force_configure' from command line to 'False'
[2.381s] [34mcolcon.colcon_core.verb[0m [1;30mLevel 5[0m set package 'active_localization' build argument 'meson_args' from command line to '[]'
[2.381s] [34mcolcon.colcon_core.verb[0m [1;30mLevel 5[0m set package 'active_localization' build argument 'ament_cmake_args' from command line to 'None'
[2.381s] [34mcolcon.colcon_core.verb[0m [1;30mLevel 5[0m set package 'active_localization' build argument 'catkin_cmake_args' from command line to 'None'
[2.381s] [34mcolcon.colcon_core.verb[0m [1;30mLevel 5[0m set package 'active_localization' build argument 'catkin_skip_building_tests' from command line to 'False'
[2.381s] [34mcolcon.colcon_core.verb[0m [1;30mDEBUG[0m [32mBuilding package 'active_localization' with the following arguments: {'ament_cmake_args': None, 'bazel_args': None, 'bazel_task': None, 'build_base': '/home/sarthak/precise_docking_ws/build/active_localization', 'catkin_cmake_args': None, 'catkin_skip_building_tests': False, 'cmake_args': None, 'cmake_clean_cache': False, 'cmake_clean_first': False, 'cmake_force_configure': False, 'cmake_target': None, 'cmake_target_skip_unavailable': False, 'install_base': '/home/sarthak/precise_docking_ws/install/active_localization', 'merge_install': False, 'meson_args': [], 'path': '/home/sarthak/precise_docking_ws/src/active_localization', 'symlink_install': False, 'test_result_base': None}[0m
[2.381s] [34mcolcon.colcon_core.executor[0m [1;30mINFO[0m Executing jobs using 'parallel' executor
[2.385s] [34mcolcon.colcon_parallel_executor.executor.parallel[0m [1;30mDEBUG[0m [32mrun_until_complete[0m
[2.385s] [34mcolcon.colcon_ros.task.ament_python.build[0m [1;30mINFO[0m Building ROS package in '/home/sarthak/precise_docking_ws/src/active_localization' with build type 'ament_python'
[2.386s] [34mcolcon.colcon_core.shell[0m [1;30mLevel 1[0m create_environment_hook('active_localization', 'ament_prefix_path')
[2.400s] [34mcolcon.colcon_core.plugin_system[0m [1;30mINFO[0m Skipping extension 'colcon_core.shell.bat': Not used on non-Windows systems
[2.400s] [34mcolcon.colcon_core.shell[0m [1;30mINFO[0m Creating environment hook '/home/sarthak/precise_docking_ws/install/active_localization/share/active_localization/hook/ament_prefix_path.ps1'
[2.404s] [34mcolcon.colcon_core.shell[0m [1;30mINFO[0m Creating environment descriptor '/home/sarthak/precise_docking_ws/install/active_localization/share/active_localization/hook/ament_prefix_path.dsv'
[2.406s] [34mcolcon.colcon_core.shell[0m [1;30mINFO[0m Creating environment hook '/home/sarthak/precise_docking_ws/install/active_localization/share/active_localization/hook/ament_prefix_path.sh'
[2.408s] [34mcolcon.colcon_ros_domain_id_coordinator.shell.ros_domain_id[0m [1;30mDEBUG[0m [32mAllocated ROS_DOMAIN_ID=4 for '/home/sarthak/precise_docking_ws/build/active_localization'[0m
[2.408s] [34mcolcon.colcon_core.shell[0m [1;30mINFO[0m Skip shell extension 'ros_domain_id' for command environment: 
[2.409s] [34mcolcon.colcon_core.shell[0m [1;30mINFO[0m Skip shell extension 'powershell' for command environment: Not usable outside of PowerShell
[2.409s] [34mcolcon.colcon_core.shell[0m [1;30mDEBUG[0m [32mSkip shell extension 'dsv' for command environment[0m
[3.619s] [34mcolcon.colcon_core.task.python.build[0m [1;30mINFO[0m Building Python package in '/home/sarthak/precise_docking_ws/src/active_localization'
[3.620s] [34mcolcon.colcon_ros_domain_id_coordinator.shell.ros_domain_id[0m [1;30mDEBUG[0m [32mAllocated ROS_DOMAIN_ID=4 for '/home/sarthak/precise_docking_ws/build/active_localization'[0m
[3.620s] [34mcolcon.colcon_core.shell[0m [1;30mINFO[0m Skip shell extension 'ros_domain_id' for command environment: 
[3.620s] [34mcolcon.colcon_core.shell[0m [1;30mINFO[0m Skip shell extension 'powershell' for command environment: Not usable outside of PowerShell
[3.620s] [34mcolcon.colcon_core.shell[0m [1;30mDEBUG[0m [32mSkip shell extension 'dsv' for command environment[0m
[7.467s] [34mcolcon.colcon_core.event_handler.log_command[0m [1;30mDEBUG[0m [32mInvoking command in '/home/sarthak/precise_docking_ws/src/active_localization': PYTHONPATH=/home/sarthak/precise_docking_ws/build/active_localization/prefix_override:/home/sarthak/.local/lib/python3.10/site-packages/colcon_core/task/python/colcon_distutils_commands:/home/sarthak/precise_docking_ws/install/active_localization/lib/python3.10/site-packages:${PYTHONPATH} /usr/bin/python3 -W ignore:setup.py install is deprecated setup.py egg_info --egg-base ../../build/active_localization build --build-base /home/sarthak/precise_docking_ws/build/active_localization/build install --record /home/sarthak/precise_docking_ws/build/active_localization/install.log --single-version-externally-managed install_data[0m
[19.097s] [34mcolcon.colcon_core.event_handler.log_command[0m [1;30mDEBUG[0m [32mInvoked command in '/home/sarthak/precise_docking_ws/src/active_localization' returned '0': PYTHONPATH=/home/sarthak/precise_docking_ws/build/active_localization/prefix_override:/home/sarthak/.local/lib/python3.10/site-packages/colcon_core/task/python/colcon_distutils_commands:/home/sarthak/precise_docking_ws/install/active_localization/lib/python3.10/site-packages:${PYTHONPATH} /usr/bin/python3 -W ignore:setup.py install is deprecated setup.py egg_info --egg-base ../../build/active_localization build --build-base /home/sarthak/precise_docking_ws/build/active_localization/build install --record /home/sarthak/precise_docking_ws/build/active_localization/install.log --single-version-externally-managed install_data[0m
[19.123s] [34mcolcon.colcon_core.environment[0m [1;30mLevel 1[0m checking '/home/sarthak/precise_docking_ws/install/active_localization' for CMake module files
[19.133s] [34mcolcon.colcon_core.environment[0m [1;30mLevel 1[0m checking '/home/sarthak/precise_docking_ws/install/active_localization' for CMake config files
[19.141s] [34mcolcon.colcon_core.environment[0m [1;30mLevel 1[0m checking '/home/sarthak/precise_docking_ws/install/active_localization/lib'
[19.142s] [34mcolcon.colcon_core.environment[0m [1;30mLevel 1[0m checking '/home/sarthak/precise_docking_ws/install/active_localization/bin'
[19.142s] [34mcolcon.colcon_core.environment[0m [1;30mLevel 1[0m checking '/home/sarthak/precise_docking_ws/install/active_localization/lib/pkgconfig/active_localization.pc'
[19.142s] [34mcolcon.colcon_core.environment[0m [1;30mLevel 1[0m checking '/home/sarthak/precise_docking_ws/install/active_localization/lib/python3.10/site-packages'
[19.142s] [34mcolcon.colcon_core.shell[0m [1;30mLevel 1[0m create_environment_hook('active_localization', 'pythonpath')
[19.143s] [34mcolcon.colcon_core.shell[0m [1;30mINFO[0m Creating environment hook '/home/sarthak/precise_docking_ws/install/active_localization/share/active_localization/hook/pythonpath.ps1'
[19.153s] [34mcolcon.colcon_core.shell[0m [1;30mINFO[0m Creating environment descriptor '/home/sarthak/precise_docking_ws/install/active_localization/share/active_localization/hook/pythonpath.dsv'
[19.154s] [34mcolcon.colcon_core.shell[0m [1;30mINFO[0m Creating environment hook '/home/sarthak/precise_docking_ws/install/active_localization/share/active_localization/hook/pythonpath.sh'
[19.157s] [34mcolcon.colcon_core.environment[0m [1;30mLevel 1[0m checking '/home/sarthak/precise_docking_ws/install/active_localization/bin'
[19.157s] [34mcolcon.colcon_core.environment[0m [1;30mLevel 1[0m create_environment_scripts_only(active_localization)
[19.157s] [34mcolcon.colcon_core.shell[0m [1;30mINFO[0m Creating package script '/home/sarthak/precise_docking_ws/install/active_localization/share/active_localization/package.ps1'
[19.160s] [34mcolcon.colcon_core.shell[0m [1;30mINFO[0m Creating package descriptor '/home/sarthak/precise_docking_ws/install/active_localization/share/active_localization/package.dsv'
[19.160s] [34mcolcon.colcon_core.shell[0m [1;30mINFO[0m Creating package script '/home/sarthak/precise_docking_ws/install/active_localization/share/active_localization/package.sh'
[19.162s] [34mcolcon.colcon_core.shell[0m [1;30mINFO[0m Creating package script '/home/sarthak/precise_docking_ws/install/active_localization/share/active_localization/package.bash'
[19.165s] [34mcolcon.colcon_core.shell[0m [1;30mINFO[0m Creating package script '/home/sarthak/precise_docking_ws/install/active_localization/share/active_localization/package.zsh'
[19.170s] [34mcolcon.colcon_core.environment[0m [1;30mLevel 1[0m create_file_with_runtime_dependencies(/home/sarthak/precise_docking_ws/install/active_localization/share/colcon-core/packages/active_localization)
[19.170s] [34mcolcon.colcon_ros_domain_id_coordinator.shell.ros_domain_id[0m [1;30mDEBUG[0m [32mReleased ROS_DOMAIN_ID=4 for '/home/sarthak/precise_docking_ws/build/active_localization'[0m
[19.172s] [34mcolcon.colcon_parallel_executor.executor.parallel[0m [1;30mDEBUG[0m [32mclosing loop[0m
[19.172s] [34mcolcon.colcon_parallel_executor.executor.parallel[0m [1;30mDEBUG[0m [32mloop closed[0m
[19.173s] [34mcolcon.colcon_parallel_executor.executor.parallel[0m [1;30mDEBUG[0m [32mrun_until_complete finished with '0'[0m
[19.173s] [34mcolcon.colcon_core.event_reactor[0m [1;30mDEBUG[0m [32mjoining thread[0m
[19.233s] [34mcolcon.colcon_core.plugin_system[0m [1;30mINFO[0m Skipping extension 'colcon_notification.desktop_notification.terminal_notifier': Not used on non-Darwin systems
[19.234s] [34mcolcon.colcon_core.plugin_system[0m [1;30mINFO[0m Skipping extension 'colcon_notification.desktop_notification.win32': Not used on non-Windows systems
[19.234s] [34mcolcon.colcon_notification.desktop_notification[0m [1;30mINFO[0m Sending desktop notification using 'notify2'
[19.419s] [34mcolcon.colcon_core.event_reactor[0m [1;30mDEBUG[0m [32mjoined thread[0m
[19.420s] [34mcolcon.colcon_core.shell[0m [1;30mINFO[0m Creating prefix script '/home/sarthak/precise_docking_ws/install/local_setup.ps1'
[19.424s] [34mcolcon.colcon_core.shell[0m [1;30mINFO[0m Creating prefix util module '/home/sarthak/precise_docking_ws/install/_local_setup_util_ps1.py'
[19.428s] [34mcolcon.colcon_core.shell[0m [1;30mINFO[0m Creating prefix chain script '/home/sarthak/precise_docking_ws/install/setup.ps1'
[19.437s] [34mcolcon.colcon_core.shell[0m [1;30mINFO[0m Creating prefix script '/home/sarthak/precise_docking_ws/install/local_setup.sh'
[19.439s] [34mcolcon.colcon_core.shell[0m [1;30mINFO[0m Creating prefix util module '/home/sarthak/precise_docking_ws/install/_local_setup_util_sh.py'
[19.440s] [34mcolcon.colcon_core.shell[0m [1;30mINFO[0m Creating prefix chain script '/home/sarthak/precise_docking_ws/install/setup.sh'
[19.443s] [34mcolcon.colcon_core.shell[0m [1;30mINFO[0m Creating prefix script '/home/sarthak/precise_docking_ws/install/local_setup.bash'
[19.445s] [34mcolcon.colcon_core.shell[0m [1;30mINFO[0m Creating prefix chain script '/home/sarthak/precise_docking_ws/install/setup.bash'
[19.448s] [34mcolcon.colcon_core.shell[0m [1;30mINFO[0m Creating prefix script '/home/sarthak/precise_docking_ws/install/local_setup.zsh'
[19.455s] [34mcolcon.colcon_core.shell[0m [1;30mINFO[0m Creating prefix chain script '/home/sarthak/precise_docking_ws/install/setup.zsh'
[19.457s] [34mcolcon.colcon_core.shell[0m [1;30mINFO[0m Creating '/home/sarthak/precise_docking_ws/install/spawn_shell.bash'
