[0.022s] Invoking command in '/home/sarthak/precise_docking_ws/build/docking_bringup': AMENT_PREFIX_PATH=/home/sarthak/precise_docking_ws/install/arcuo_marker_detection:${AMENT_PREFIX_PATH} CMAKE_PREFIX_PATH=/opt/ros/humble PYTHONPATH=/home/sarthak/precise_docking_ws/install/arcuo_marker_detection/lib/python3.10/site-packages:${PYTHONPATH} /usr/bin/cmake --build /home/sarthak/precise_docking_ws/build/docking_bringup -- -j20 -l20
[0.088s] Invoked command in '/home/sarthak/precise_docking_ws/build/docking_bringup' returned '0': AMENT_PREFIX_PATH=/home/sarthak/precise_docking_ws/install/arcuo_marker_detection:${AMENT_PREFIX_PATH} CMAKE_PREFIX_PATH=/opt/ros/humble PYTHONPATH=/home/sarthak/precise_docking_ws/install/arcuo_marker_detection/lib/python3.10/site-packages:${PYTHONPATH} /usr/bin/cmake --build /home/sarthak/precise_docking_ws/build/docking_bringup -- -j20 -l20
[0.137s] Invoking command in '/home/sarthak/precise_docking_ws/build/docking_bringup': AMENT_PREFIX_PATH=/home/sarthak/precise_docking_ws/install/arcuo_marker_detection:${AMENT_PREFIX_PATH} CMAKE_PREFIX_PATH=/opt/ros/humble PYTHONPATH=/home/sarthak/precise_docking_ws/install/arcuo_marker_detection/lib/python3.10/site-packages:${PYTHONPATH} /usr/bin/cmake --install /home/sarthak/precise_docking_ws/build/docking_bringup
[0.150s] -- Install configuration: ""
[0.150s] -- Up-to-date: /home/sarthak/precise_docking_ws/install/docking_bringup/share/docking_bringup/launch
[0.150s] -- Up-to-date: /home/sarthak/precise_docking_ws/install/docking_bringup/share/docking_bringup/launch/docking.launch.py
[0.151s] -- Up-to-date: /home/sarthak/precise_docking_ws/install/docking_bringup/share/ament_index/resource_index/package_run_dependencies/docking_bringup
[0.151s] -- Up-to-date: /home/sarthak/precise_docking_ws/install/docking_bringup/share/ament_index/resource_index/parent_prefix_path/docking_bringup
[0.152s] -- Up-to-date: /home/sarthak/precise_docking_ws/install/docking_bringup/share/docking_bringup/environment/ament_prefix_path.sh
[0.152s] -- Up-to-date: /home/sarthak/precise_docking_ws/install/docking_bringup/share/docking_bringup/environment/ament_prefix_path.dsv
[0.152s] -- Up-to-date: /home/sarthak/precise_docking_ws/install/docking_bringup/share/docking_bringup/environment/path.sh
[0.152s] -- Up-to-date: /home/sarthak/precise_docking_ws/install/docking_bringup/share/docking_bringup/environment/path.dsv
[0.153s] -- Up-to-date: /home/sarthak/precise_docking_ws/install/docking_bringup/share/docking_bringup/local_setup.bash
[0.153s] -- Up-to-date: /home/sarthak/precise_docking_ws/install/docking_bringup/share/docking_bringup/local_setup.sh
[0.153s] -- Up-to-date: /home/sarthak/precise_docking_ws/install/docking_bringup/share/docking_bringup/local_setup.zsh
[0.153s] -- Up-to-date: /home/sarthak/precise_docking_ws/install/docking_bringup/share/docking_bringup/local_setup.dsv
[0.154s] -- Installing: /home/sarthak/precise_docking_ws/install/docking_bringup/share/docking_bringup/package.dsv
[0.154s] -- Up-to-date: /home/sarthak/precise_docking_ws/install/docking_bringup/share/ament_index/resource_index/packages/docking_bringup
[0.154s] -- Up-to-date: /home/sarthak/precise_docking_ws/install/docking_bringup/share/docking_bringup/cmake/docking_bringupConfig.cmake
[0.154s] -- Up-to-date: /home/sarthak/precise_docking_ws/install/docking_bringup/share/docking_bringup/cmake/docking_bringupConfig-version.cmake
[0.154s] -- Up-to-date: /home/sarthak/precise_docking_ws/install/docking_bringup/share/docking_bringup/package.xml
[0.158s] Invoked command in '/home/sarthak/precise_docking_ws/build/docking_bringup' returned '0': AMENT_PREFIX_PATH=/home/sarthak/precise_docking_ws/install/arcuo_marker_detection:${AMENT_PREFIX_PATH} CMAKE_PREFIX_PATH=/opt/ros/humble PYTHONPATH=/home/sarthak/precise_docking_ws/install/arcuo_marker_detection/lib/python3.10/site-packages:${PYTHONPATH} /usr/bin/cmake --install /home/sarthak/precise_docking_ws/build/docking_bringup
