[2.862s] Invoking command in '/home/sarthak/precise_docking_ws/build/reach_the_goal': PYTHONPATH=/home/sarthak/precise_docking_ws/build/reach_the_goal/prefix_override:/home/sarthak/.local/lib/python3.10/site-packages/colcon_core/task/python/colcon_distutils_commands:/home/sarthak/precise_docking_ws/install/reach_the_goal/lib/python3.10/site-packages:${PYTHONPATH} ROS_DOMAIN_ID=30 /usr/bin/python3 -W ignore:setup.py install is deprecated setup.py develop --editable --build-directory /home/sarthak/precise_docking_ws/build/reach_the_goal/build --no-deps symlink_data
[3.086s] /home/sarthak/.local/lib/python3.10/site-packages/setuptools/_distutils/dist.py:261: UserWarning: Unknown distribution option: 'tests_require'
[3.087s]   warnings.warn(msg)
[3.408s] running develop
[3.408s] /home/sarthak/.local/lib/python3.10/site-packages/setuptools/command/develop.py:41: EasyInstallDeprecationWarning: easy_install command is deprecated.
[3.408s] !!
[3.408s] 
[3.408s]         ********************************************************************************
[3.408s]         Please avoid running ``setup.py`` and ``easy_install``.
[3.408s]         Instead, use pypa/build, pypa/installer or other
[3.408s]         standards-based tools.
[3.408s] 
[3.408s]         See https://github.com/pypa/setuptools/issues/917 for details.
[3.408s]         ********************************************************************************
[3.408s] 
[3.408s] !!
[3.408s]   easy_install.initialize_options(self)
[3.762s] running egg_info
[3.787s] writing reach_the_goal.egg-info/PKG-INFO
[3.789s] writing dependency_links to reach_the_goal.egg-info/dependency_links.txt
[3.789s] writing entry points to reach_the_goal.egg-info/entry_points.txt
[3.790s] writing requirements to reach_the_goal.egg-info/requires.txt
[3.790s] writing top-level names to reach_the_goal.egg-info/top_level.txt
[5.674s] writing manifest file 'reach_the_goal.egg-info/SOURCES.txt'
[5.699s] running build_ext
[5.699s] Creating /home/sarthak/precise_docking_ws/install/reach_the_goal/lib/python3.10/site-packages/reach-the-goal.egg-link (link to .)
[5.700s] Installing reach_the_goal_node script to /home/sarthak/precise_docking_ws/install/reach_the_goal/lib/reach_the_goal
[5.700s] 
[5.701s] Installed /home/sarthak/precise_docking_ws/build/reach_the_goal
[5.701s] running symlink_data
[5.842s] Invoked command in '/home/sarthak/precise_docking_ws/build/reach_the_goal' returned '0': PYTHONPATH=/home/sarthak/precise_docking_ws/build/reach_the_goal/prefix_override:/home/sarthak/.local/lib/python3.10/site-packages/colcon_core/task/python/colcon_distutils_commands:/home/sarthak/precise_docking_ws/install/reach_the_goal/lib/python3.10/site-packages:${PYTHONPATH} ROS_DOMAIN_ID=30 /usr/bin/python3 -W ignore:setup.py install is deprecated setup.py develop --editable --build-directory /home/sarthak/precise_docking_ws/build/reach_the_goal/build --no-deps symlink_data
