[2.408s] Invoking command in '/home/sarthak/precise_docking_ws/src/ROS2-FrontierBaseExplorationForAutonomousRobot/autonomous_exploration': PYTHONPATH=/home/sarthak/precise_docking_ws/build/autonomous_exploration/prefix_override:/home/sarthak/.local/lib/python3.10/site-packages/colcon_core/task/python/colcon_distutils_commands:/home/sarthak/precise_docking_ws/install/autonomous_exploration/lib/python3.10/site-packages:${PYTHONPATH} ROS_DOMAIN_ID=218 /usr/bin/python3 -W ignore:setup.py install is deprecated setup.py egg_info --egg-base ../../../build/autonomous_exploration build --build-base /home/sarthak/precise_docking_ws/build/autonomous_exploration/build install --record /home/sarthak/precise_docking_ws/build/autonomous_exploration/install.log --single-version-externally-managed install_data
[2.636s] /home/sarthak/.local/lib/python3.10/site-packages/setuptools/_distutils/dist.py:261: UserWarning: Unknown distribution option: 'tests_require'
[2.637s]   warnings.warn(msg)
[2.854s] running egg_info
[2.872s] writing ../../../build/autonomous_exploration/autonomous_exploration.egg-info/PKG-INFO
[2.872s] writing dependency_links to ../../../build/autonomous_exploration/autonomous_exploration.egg-info/dependency_links.txt
[2.872s] writing entry points to ../../../build/autonomous_exploration/autonomous_exploration.egg-info/entry_points.txt
[2.872s] writing requirements to ../../../build/autonomous_exploration/autonomous_exploration.egg-info/requires.txt
[2.872s] writing top-level names to ../../../build/autonomous_exploration/autonomous_exploration.egg-info/top_level.txt
[2.984s] writing manifest file '../../../build/autonomous_exploration/autonomous_exploration.egg-info/SOURCES.txt'
[2.985s] running build
[2.985s] running build_py
[2.985s] copying autonomous_exploration/__init__.py -> /home/sarthak/precise_docking_ws/build/autonomous_exploration/build/lib/autonomous_exploration
[2.985s] copying autonomous_exploration/control.py -> /home/sarthak/precise_docking_ws/build/autonomous_exploration/build/lib/autonomous_exploration
[2.985s] running install
[2.989s] running install_lib
[3.015s] running install_data
[3.015s] copying resource/autonomous_exploration -> /home/sarthak/precise_docking_ws/install/autonomous_exploration/share/ament_index/resource_index/packages
[3.016s] copying package.xml -> /home/sarthak/precise_docking_ws/install/autonomous_exploration/share/autonomous_exploration
[3.016s] running install_egg_info
[3.033s] removing '/home/sarthak/precise_docking_ws/install/autonomous_exploration/lib/python3.10/site-packages/autonomous_exploration-0.0.0-py3.10.egg-info' (and everything under it)
[3.033s] Copying ../../../build/autonomous_exploration/autonomous_exploration.egg-info to /home/sarthak/precise_docking_ws/install/autonomous_exploration/lib/python3.10/site-packages/autonomous_exploration-0.0.0-py3.10.egg-info
[3.034s] running install_scripts
[3.175s] Installing control script to /home/sarthak/precise_docking_ws/install/autonomous_exploration/lib/autonomous_exploration
[3.175s] writing list of installed files to '/home/sarthak/precise_docking_ws/build/autonomous_exploration/install.log'
[3.224s] Invoked command in '/home/sarthak/precise_docking_ws/src/ROS2-FrontierBaseExplorationForAutonomousRobot/autonomous_exploration' returned '0': PYTHONPATH=/home/sarthak/precise_docking_ws/build/autonomous_exploration/prefix_override:/home/sarthak/.local/lib/python3.10/site-packages/colcon_core/task/python/colcon_distutils_commands:/home/sarthak/precise_docking_ws/install/autonomous_exploration/lib/python3.10/site-packages:${PYTHONPATH} ROS_DOMAIN_ID=218 /usr/bin/python3 -W ignore:setup.py install is deprecated setup.py egg_info --egg-base ../../../build/autonomous_exploration build --build-base /home/sarthak/precise_docking_ws/build/autonomous_exploration/build install --record /home/sarthak/precise_docking_ws/build/autonomous_exploration/install.log --single-version-externally-managed install_data
