[0.013s] Invoking command in '/home/sarthak/precise_docking_ws/build/norlab_icp_mapper_ros': CMAKE_PREFIX_PATH=/home/sarthak/precise_docking_ws/install/libpointmatcher_ros:/home/sarthak/precise_docking_ws/install/norlab_icp_mapper_ros:/home/sarthak/precise_docking_ws/install/norlab_icp_mapper:/home/sarthak/precise_docking_ws/install/norlab_icp_mapper/lib/cmake:/home/sarthak/precise_docking_ws/install/frontend:/home/sarthak/precise_docking_ws/install/docking_bringup:/home/sarthak/precise_docking_ws/install/template_ros2:/home/sarthak/precise_docking_ws/install/reach_the_goal:/home/sarthak/precise_docking_ws/install/arcuo_marker_detection:/opt/ros/humble /usr/bin/cmake --build /home/sarthak/precise_docking_ws/build/norlab_icp_mapper_ros -- -j20 -l20
[0.072s] [  2%] Built target norlab_icp_mapper_ros__cpp
[0.079s] [ 12%] Built target norlab_icp_mapper_ros__rosidl_generator_c
[0.086s] [ 12%] Built target ament_cmake_python_copy_norlab_icp_mapper_ros
[0.101s] [ 22%] Built target norlab_icp_mapper_ros__rosidl_typesupport_introspection_cpp
[0.106s] [ 32%] Built target norlab_icp_mapper_ros__rosidl_typesupport_cpp
[0.108s] [ 42%] Built target norlab_icp_mapper_ros__rosidl_typesupport_fastrtps_cpp
[0.109s] [ 52%] Built target norlab_icp_mapper_ros__rosidl_typesupport_introspection_c
[0.110s] [ 62%] Built target norlab_icp_mapper_ros__rosidl_typesupport_fastrtps_c
[0.116s] [ 72%] Built target norlab_icp_mapper_ros__rosidl_typesupport_c
[0.142s] [ 72%] Built target norlab_icp_mapper_ros
[0.150s] [ 74%] [32mBuilding CXX object CMakeFiles/mapper_node.dir/src/NodeParameters.cpp.o[0m
[0.170s] [ 76%] Built target norlab_icp_mapper_ros__py
[0.202s] [ 84%] Built target norlab_icp_mapper_ros__rosidl_generator_py
[0.224s] [ 88%] Built target norlab_icp_mapper_ros__rosidl_typesupport_fastrtps_c__pyext
[0.225s] [ 92%] Built target norlab_icp_mapper_ros__rosidl_typesupport_c__pyext
[0.229s] [ 96%] Built target norlab_icp_mapper_ros__rosidl_typesupport_introspection_c__pyext
[0.318s] running egg_info
[0.318s] writing norlab_icp_mapper_ros.egg-info/PKG-INFO
[0.318s] writing dependency_links to norlab_icp_mapper_ros.egg-info/dependency_links.txt
[0.319s] writing top-level names to norlab_icp_mapper_ros.egg-info/top_level.txt
[0.322s] reading manifest file 'norlab_icp_mapper_ros.egg-info/SOURCES.txt'
[0.322s] writing manifest file 'norlab_icp_mapper_ros.egg-info/SOURCES.txt'
[0.357s] [ 96%] Built target ament_cmake_python_build_norlab_icp_mapper_ros_egg
[6.007s] [ 98%] [32m[1mLinking CXX executable mapper_node[0m
[7.469s] [100%] Built target mapper_node
[7.485s] Invoked command in '/home/sarthak/precise_docking_ws/build/norlab_icp_mapper_ros' returned '0': CMAKE_PREFIX_PATH=/home/sarthak/precise_docking_ws/install/libpointmatcher_ros:/home/sarthak/precise_docking_ws/install/norlab_icp_mapper_ros:/home/sarthak/precise_docking_ws/install/norlab_icp_mapper:/home/sarthak/precise_docking_ws/install/norlab_icp_mapper/lib/cmake:/home/sarthak/precise_docking_ws/install/frontend:/home/sarthak/precise_docking_ws/install/docking_bringup:/home/sarthak/precise_docking_ws/install/template_ros2:/home/sarthak/precise_docking_ws/install/reach_the_goal:/home/sarthak/precise_docking_ws/install/arcuo_marker_detection:/opt/ros/humble /usr/bin/cmake --build /home/sarthak/precise_docking_ws/build/norlab_icp_mapper_ros -- -j20 -l20
[7.643s] Invoking command in '/home/sarthak/precise_docking_ws/build/norlab_icp_mapper_ros': CMAKE_PREFIX_PATH=/home/sarthak/precise_docking_ws/install/libpointmatcher_ros:/home/sarthak/precise_docking_ws/install/norlab_icp_mapper_ros:/home/sarthak/precise_docking_ws/install/norlab_icp_mapper:/home/sarthak/precise_docking_ws/install/norlab_icp_mapper/lib/cmake:/home/sarthak/precise_docking_ws/install/frontend:/home/sarthak/precise_docking_ws/install/docking_bringup:/home/sarthak/precise_docking_ws/install/template_ros2:/home/sarthak/precise_docking_ws/install/reach_the_goal:/home/sarthak/precise_docking_ws/install/arcuo_marker_detection:/opt/ros/humble /usr/bin/cmake --install /home/sarthak/precise_docking_ws/build/norlab_icp_mapper_ros
[7.651s] -- Install configuration: "Release"
[7.651s] -- Up-to-date: /home/sarthak/precise_docking_ws/install/norlab_icp_mapper_ros/share/ament_index/resource_index/rosidl_interfaces/norlab_icp_mapper_ros
[7.651s] -- Up-to-date: /home/sarthak/precise_docking_ws/install/norlab_icp_mapper_ros/include/norlab_icp_mapper_ros/norlab_icp_mapper_ros
[7.651s] -- Up-to-date: /home/sarthak/precise_docking_ws/install/norlab_icp_mapper_ros/include/norlab_icp_mapper_ros/norlab_icp_mapper_ros/srv
[7.652s] -- Up-to-date: /home/sarthak/precise_docking_ws/install/norlab_icp_mapper_ros/include/norlab_icp_mapper_ros/norlab_icp_mapper_ros/srv/save_map.h
[7.652s] -- Up-to-date: /home/sarthak/precise_docking_ws/install/norlab_icp_mapper_ros/include/norlab_icp_mapper_ros/norlab_icp_mapper_ros/srv/save_trajectory.h
[7.652s] -- Up-to-date: /home/sarthak/precise_docking_ws/install/norlab_icp_mapper_ros/include/norlab_icp_mapper_ros/norlab_icp_mapper_ros/srv/load_map.h
[7.652s] -- Up-to-date: /home/sarthak/precise_docking_ws/install/norlab_icp_mapper_ros/include/norlab_icp_mapper_ros/norlab_icp_mapper_ros/srv/detail
[7.652s] -- Up-to-date: /home/sarthak/precise_docking_ws/install/norlab_icp_mapper_ros/include/norlab_icp_mapper_ros/norlab_icp_mapper_ros/srv/detail/load_map__functions.h
[7.652s] -- Up-to-date: /home/sarthak/precise_docking_ws/install/norlab_icp_mapper_ros/include/norlab_icp_mapper_ros/norlab_icp_mapper_ros/srv/detail/load_map__functions.c
[7.652s] -- Up-to-date: /home/sarthak/precise_docking_ws/install/norlab_icp_mapper_ros/include/norlab_icp_mapper_ros/norlab_icp_mapper_ros/srv/detail/save_map__functions.c
[7.652s] -- Up-to-date: /home/sarthak/precise_docking_ws/install/norlab_icp_mapper_ros/include/norlab_icp_mapper_ros/norlab_icp_mapper_ros/srv/detail/save_trajectory__functions.c
[7.652s] -- Up-to-date: /home/sarthak/precise_docking_ws/install/norlab_icp_mapper_ros/include/norlab_icp_mapper_ros/norlab_icp_mapper_ros/srv/detail/load_map__struct.h
[7.652s] -- Up-to-date: /home/sarthak/precise_docking_ws/install/norlab_icp_mapper_ros/include/norlab_icp_mapper_ros/norlab_icp_mapper_ros/srv/detail/load_map__type_support.h
[7.652s] -- Up-to-date: /home/sarthak/precise_docking_ws/install/norlab_icp_mapper_ros/include/norlab_icp_mapper_ros/norlab_icp_mapper_ros/srv/detail/save_trajectory__type_support.h
[7.652s] -- Up-to-date: /home/sarthak/precise_docking_ws/install/norlab_icp_mapper_ros/include/norlab_icp_mapper_ros/norlab_icp_mapper_ros/srv/detail/save_trajectory__struct.h
[7.652s] -- Up-to-date: /home/sarthak/precise_docking_ws/install/norlab_icp_mapper_ros/include/norlab_icp_mapper_ros/norlab_icp_mapper_ros/srv/detail/save_trajectory__functions.h
[7.652s] -- Up-to-date: /home/sarthak/precise_docking_ws/install/norlab_icp_mapper_ros/include/norlab_icp_mapper_ros/norlab_icp_mapper_ros/srv/detail/save_map__struct.h
[7.652s] -- Up-to-date: /home/sarthak/precise_docking_ws/install/norlab_icp_mapper_ros/include/norlab_icp_mapper_ros/norlab_icp_mapper_ros/srv/detail/save_map__functions.h
[7.653s] -- Up-to-date: /home/sarthak/precise_docking_ws/install/norlab_icp_mapper_ros/include/norlab_icp_mapper_ros/norlab_icp_mapper_ros/srv/detail/save_map__type_support.h
[7.653s] -- Up-to-date: /home/sarthak/precise_docking_ws/install/norlab_icp_mapper_ros/include/norlab_icp_mapper_ros/norlab_icp_mapper_ros/msg
[7.653s] -- Up-to-date: /home/sarthak/precise_docking_ws/install/norlab_icp_mapper_ros/include/norlab_icp_mapper_ros/norlab_icp_mapper_ros/msg/rosidl_generator_c__visibility_control.h
[7.653s] -- Up-to-date: /home/sarthak/precise_docking_ws/install/norlab_icp_mapper_ros/share/norlab_icp_mapper_ros/environment/library_path.sh
[7.653s] -- Up-to-date: /home/sarthak/precise_docking_ws/install/norlab_icp_mapper_ros/share/norlab_icp_mapper_ros/environment/library_path.dsv
[7.653s] -- Up-to-date: /home/sarthak/precise_docking_ws/install/norlab_icp_mapper_ros/lib/libnorlab_icp_mapper_ros__rosidl_generator_c.so
[7.653s] -- Up-to-date: /home/sarthak/precise_docking_ws/install/norlab_icp_mapper_ros/include/norlab_icp_mapper_ros/norlab_icp_mapper_ros
[7.653s] -- Up-to-date: /home/sarthak/precise_docking_ws/install/norlab_icp_mapper_ros/include/norlab_icp_mapper_ros/norlab_icp_mapper_ros/srv
[7.653s] -- Up-to-date: /home/sarthak/precise_docking_ws/install/norlab_icp_mapper_ros/include/norlab_icp_mapper_ros/norlab_icp_mapper_ros/srv/detail
[7.653s] -- Up-to-date: /home/sarthak/precise_docking_ws/install/norlab_icp_mapper_ros/include/norlab_icp_mapper_ros/norlab_icp_mapper_ros/srv/detail/save_trajectory__rosidl_typesupport_fastrtps_c.h
[7.653s] -- Up-to-date: /home/sarthak/precise_docking_ws/install/norlab_icp_mapper_ros/include/norlab_icp_mapper_ros/norlab_icp_mapper_ros/srv/detail/save_map__rosidl_typesupport_fastrtps_c.h
[7.653s] -- Up-to-date: /home/sarthak/precise_docking_ws/install/norlab_icp_mapper_ros/include/norlab_icp_mapper_ros/norlab_icp_mapper_ros/srv/detail/load_map__rosidl_typesupport_fastrtps_c.h
[7.653s] -- Up-to-date: /home/sarthak/precise_docking_ws/install/norlab_icp_mapper_ros/include/norlab_icp_mapper_ros/norlab_icp_mapper_ros/msg
[7.653s] -- Up-to-date: /home/sarthak/precise_docking_ws/install/norlab_icp_mapper_ros/include/norlab_icp_mapper_ros/norlab_icp_mapper_ros/msg/rosidl_typesupport_fastrtps_c__visibility_control.h
[7.654s] -- Up-to-date: /home/sarthak/precise_docking_ws/install/norlab_icp_mapper_ros/lib/libnorlab_icp_mapper_ros__rosidl_typesupport_fastrtps_c.so
[7.654s] -- Up-to-date: /home/sarthak/precise_docking_ws/install/norlab_icp_mapper_ros/include/norlab_icp_mapper_ros/norlab_icp_mapper_ros
[7.654s] -- Up-to-date: /home/sarthak/precise_docking_ws/install/norlab_icp_mapper_ros/include/norlab_icp_mapper_ros/norlab_icp_mapper_ros/srv
[7.654s] -- Up-to-date: /home/sarthak/precise_docking_ws/install/norlab_icp_mapper_ros/include/norlab_icp_mapper_ros/norlab_icp_mapper_ros/srv/save_map.hpp
[7.654s] -- Up-to-date: /home/sarthak/precise_docking_ws/install/norlab_icp_mapper_ros/include/norlab_icp_mapper_ros/norlab_icp_mapper_ros/srv/save_trajectory.hpp
[7.654s] -- Up-to-date: /home/sarthak/precise_docking_ws/install/norlab_icp_mapper_ros/include/norlab_icp_mapper_ros/norlab_icp_mapper_ros/srv/load_map.hpp
[7.654s] -- Up-to-date: /home/sarthak/precise_docking_ws/install/norlab_icp_mapper_ros/include/norlab_icp_mapper_ros/norlab_icp_mapper_ros/srv/detail
[7.654s] -- Up-to-date: /home/sarthak/precise_docking_ws/install/norlab_icp_mapper_ros/include/norlab_icp_mapper_ros/norlab_icp_mapper_ros/srv/detail/load_map__traits.hpp
[7.654s] -- Up-to-date: /home/sarthak/precise_docking_ws/install/norlab_icp_mapper_ros/include/norlab_icp_mapper_ros/norlab_icp_mapper_ros/srv/detail/save_trajectory__struct.hpp
[7.654s] -- Up-to-date: /home/sarthak/precise_docking_ws/install/norlab_icp_mapper_ros/include/norlab_icp_mapper_ros/norlab_icp_mapper_ros/srv/detail/save_map__traits.hpp
[7.654s] -- Up-to-date: /home/sarthak/precise_docking_ws/install/norlab_icp_mapper_ros/include/norlab_icp_mapper_ros/norlab_icp_mapper_ros/srv/detail/save_trajectory__traits.hpp
[7.654s] -- Up-to-date: /home/sarthak/precise_docking_ws/install/norlab_icp_mapper_ros/include/norlab_icp_mapper_ros/norlab_icp_mapper_ros/srv/detail/load_map__builder.hpp
[7.654s] -- Up-to-date: /home/sarthak/precise_docking_ws/install/norlab_icp_mapper_ros/include/norlab_icp_mapper_ros/norlab_icp_mapper_ros/srv/detail/save_map__builder.hpp
[7.654s] -- Up-to-date: /home/sarthak/precise_docking_ws/install/norlab_icp_mapper_ros/include/norlab_icp_mapper_ros/norlab_icp_mapper_ros/srv/detail/save_trajectory__builder.hpp
[7.654s] -- Up-to-date: /home/sarthak/precise_docking_ws/install/norlab_icp_mapper_ros/include/norlab_icp_mapper_ros/norlab_icp_mapper_ros/srv/detail/load_map__struct.hpp
[7.654s] -- Up-to-date: /home/sarthak/precise_docking_ws/install/norlab_icp_mapper_ros/include/norlab_icp_mapper_ros/norlab_icp_mapper_ros/srv/detail/save_map__struct.hpp
[7.654s] -- Up-to-date: /home/sarthak/precise_docking_ws/install/norlab_icp_mapper_ros/include/norlab_icp_mapper_ros/norlab_icp_mapper_ros
[7.655s] -- Up-to-date: /home/sarthak/precise_docking_ws/install/norlab_icp_mapper_ros/include/norlab_icp_mapper_ros/norlab_icp_mapper_ros/srv
[7.655s] -- Up-to-date: /home/sarthak/precise_docking_ws/install/norlab_icp_mapper_ros/include/norlab_icp_mapper_ros/norlab_icp_mapper_ros/srv/detail
[7.655s] -- Up-to-date: /home/sarthak/precise_docking_ws/install/norlab_icp_mapper_ros/include/norlab_icp_mapper_ros/norlab_icp_mapper_ros/srv/detail/load_map__rosidl_typesupport_fastrtps_cpp.hpp
[7.655s] -- Up-to-date: /home/sarthak/precise_docking_ws/install/norlab_icp_mapper_ros/include/norlab_icp_mapper_ros/norlab_icp_mapper_ros/srv/detail/save_trajectory__rosidl_typesupport_fastrtps_cpp.hpp
[7.656s] -- Up-to-date: /home/sarthak/precise_docking_ws/install/norlab_icp_mapper_ros/include/norlab_icp_mapper_ros/norlab_icp_mapper_ros/srv/detail/save_map__rosidl_typesupport_fastrtps_cpp.hpp
[7.656s] -- Up-to-date: /home/sarthak/precise_docking_ws/install/norlab_icp_mapper_ros/include/norlab_icp_mapper_ros/norlab_icp_mapper_ros/srv/detail/dds_fastrtps
[7.656s] -- Up-to-date: /home/sarthak/precise_docking_ws/install/norlab_icp_mapper_ros/include/norlab_icp_mapper_ros/norlab_icp_mapper_ros/msg
[7.656s] -- Up-to-date: /home/sarthak/precise_docking_ws/install/norlab_icp_mapper_ros/include/norlab_icp_mapper_ros/norlab_icp_mapper_ros/msg/rosidl_typesupport_fastrtps_cpp__visibility_control.h
[7.656s] -- Up-to-date: /home/sarthak/precise_docking_ws/install/norlab_icp_mapper_ros/lib/libnorlab_icp_mapper_ros__rosidl_typesupport_fastrtps_cpp.so
[7.656s] -- Up-to-date: /home/sarthak/precise_docking_ws/install/norlab_icp_mapper_ros/include/norlab_icp_mapper_ros/norlab_icp_mapper_ros
[7.657s] -- Up-to-date: /home/sarthak/precise_docking_ws/install/norlab_icp_mapper_ros/include/norlab_icp_mapper_ros/norlab_icp_mapper_ros/srv
[7.657s] -- Up-to-date: /home/sarthak/precise_docking_ws/install/norlab_icp_mapper_ros/include/norlab_icp_mapper_ros/norlab_icp_mapper_ros/srv/detail
[7.657s] -- Up-to-date: /home/sarthak/precise_docking_ws/install/norlab_icp_mapper_ros/include/norlab_icp_mapper_ros/norlab_icp_mapper_ros/srv/detail/save_trajectory__type_support.c
[7.657s] -- Up-to-date: /home/sarthak/precise_docking_ws/install/norlab_icp_mapper_ros/include/norlab_icp_mapper_ros/norlab_icp_mapper_ros/srv/detail/load_map__type_support.c
[7.657s] -- Up-to-date: /home/sarthak/precise_docking_ws/install/norlab_icp_mapper_ros/include/norlab_icp_mapper_ros/norlab_icp_mapper_ros/srv/detail/save_map__rosidl_typesupport_introspection_c.h
[7.657s] -- Up-to-date: /home/sarthak/precise_docking_ws/install/norlab_icp_mapper_ros/include/norlab_icp_mapper_ros/norlab_icp_mapper_ros/srv/detail/save_trajectory__rosidl_typesupport_introspection_c.h
[7.658s] -- Up-to-date: /home/sarthak/precise_docking_ws/install/norlab_icp_mapper_ros/include/norlab_icp_mapper_ros/norlab_icp_mapper_ros/srv/detail/save_map__type_support.c
[7.658s] -- Up-to-date: /home/sarthak/precise_docking_ws/install/norlab_icp_mapper_ros/include/norlab_icp_mapper_ros/norlab_icp_mapper_ros/srv/detail/load_map__rosidl_typesupport_introspection_c.h
[7.658s] -- Up-to-date: /home/sarthak/precise_docking_ws/install/norlab_icp_mapper_ros/include/norlab_icp_mapper_ros/norlab_icp_mapper_ros/msg
[7.658s] -- Up-to-date: /home/sarthak/precise_docking_ws/install/norlab_icp_mapper_ros/include/norlab_icp_mapper_ros/norlab_icp_mapper_ros/msg/rosidl_typesupport_introspection_c__visibility_control.h
[7.658s] -- Up-to-date: /home/sarthak/precise_docking_ws/install/norlab_icp_mapper_ros/lib/libnorlab_icp_mapper_ros__rosidl_typesupport_introspection_c.so
[7.658s] -- Up-to-date: /home/sarthak/precise_docking_ws/install/norlab_icp_mapper_ros/lib/libnorlab_icp_mapper_ros__rosidl_typesupport_c.so
[7.658s] -- Up-to-date: /home/sarthak/precise_docking_ws/install/norlab_icp_mapper_ros/include/norlab_icp_mapper_ros/norlab_icp_mapper_ros
[7.659s] -- Up-to-date: /home/sarthak/precise_docking_ws/install/norlab_icp_mapper_ros/include/norlab_icp_mapper_ros/norlab_icp_mapper_ros/srv
[7.659s] -- Up-to-date: /home/sarthak/precise_docking_ws/install/norlab_icp_mapper_ros/include/norlab_icp_mapper_ros/norlab_icp_mapper_ros/srv/detail
[7.659s] -- Up-to-date: /home/sarthak/precise_docking_ws/install/norlab_icp_mapper_ros/include/norlab_icp_mapper_ros/norlab_icp_mapper_ros/srv/detail/save_trajectory__rosidl_typesupport_introspection_cpp.hpp
[7.659s] -- Up-to-date: /home/sarthak/precise_docking_ws/install/norlab_icp_mapper_ros/include/norlab_icp_mapper_ros/norlab_icp_mapper_ros/srv/detail/load_map__rosidl_typesupport_introspection_cpp.hpp
[7.659s] -- Up-to-date: /home/sarthak/precise_docking_ws/install/norlab_icp_mapper_ros/include/norlab_icp_mapper_ros/norlab_icp_mapper_ros/srv/detail/save_trajectory__type_support.cpp
[7.659s] -- Up-to-date: /home/sarthak/precise_docking_ws/install/norlab_icp_mapper_ros/include/norlab_icp_mapper_ros/norlab_icp_mapper_ros/srv/detail/load_map__type_support.cpp
[7.659s] -- Up-to-date: /home/sarthak/precise_docking_ws/install/norlab_icp_mapper_ros/include/norlab_icp_mapper_ros/norlab_icp_mapper_ros/srv/detail/save_map__rosidl_typesupport_introspection_cpp.hpp
[7.659s] -- Up-to-date: /home/sarthak/precise_docking_ws/install/norlab_icp_mapper_ros/include/norlab_icp_mapper_ros/norlab_icp_mapper_ros/srv/detail/save_map__type_support.cpp
[7.660s] -- Up-to-date: /home/sarthak/precise_docking_ws/install/norlab_icp_mapper_ros/lib/libnorlab_icp_mapper_ros__rosidl_typesupport_introspection_cpp.so
[7.660s] -- Up-to-date: /home/sarthak/precise_docking_ws/install/norlab_icp_mapper_ros/lib/libnorlab_icp_mapper_ros__rosidl_typesupport_cpp.so
[7.660s] -- Up-to-date: /home/sarthak/precise_docking_ws/install/norlab_icp_mapper_ros/share/norlab_icp_mapper_ros/environment/pythonpath.sh
[7.660s] -- Up-to-date: /home/sarthak/precise_docking_ws/install/norlab_icp_mapper_ros/share/norlab_icp_mapper_ros/environment/pythonpath.dsv
[7.660s] -- Up-to-date: /home/sarthak/precise_docking_ws/install/norlab_icp_mapper_ros/local/lib/python3.10/dist-packages/norlab_icp_mapper_ros-2.0.0-py3.10.egg-info
[7.660s] -- Installing: /home/sarthak/precise_docking_ws/install/norlab_icp_mapper_ros/local/lib/python3.10/dist-packages/norlab_icp_mapper_ros-2.0.0-py3.10.egg-info/top_level.txt
[7.660s] -- Installing: /home/sarthak/precise_docking_ws/install/norlab_icp_mapper_ros/local/lib/python3.10/dist-packages/norlab_icp_mapper_ros-2.0.0-py3.10.egg-info/SOURCES.txt
[7.660s] -- Installing: /home/sarthak/precise_docking_ws/install/norlab_icp_mapper_ros/local/lib/python3.10/dist-packages/norlab_icp_mapper_ros-2.0.0-py3.10.egg-info/PKG-INFO
[7.660s] -- Installing: /home/sarthak/precise_docking_ws/install/norlab_icp_mapper_ros/local/lib/python3.10/dist-packages/norlab_icp_mapper_ros-2.0.0-py3.10.egg-info/dependency_links.txt
[7.660s] -- Up-to-date: /home/sarthak/precise_docking_ws/install/norlab_icp_mapper_ros/local/lib/python3.10/dist-packages/norlab_icp_mapper_ros
[7.660s] -- Up-to-date: /home/sarthak/precise_docking_ws/install/norlab_icp_mapper_ros/local/lib/python3.10/dist-packages/norlab_icp_mapper_ros/norlab_icp_mapper_ros_s__rosidl_typesupport_introspection_c.cpython-310-x86_64-linux-gnu.so
[7.661s] -- Up-to-date: /home/sarthak/precise_docking_ws/install/norlab_icp_mapper_ros/local/lib/python3.10/dist-packages/norlab_icp_mapper_ros/_norlab_icp_mapper_ros_s.ep.rosidl_typesupport_introspection_c.c
[7.661s] -- Up-to-date: /home/sarthak/precise_docking_ws/install/norlab_icp_mapper_ros/local/lib/python3.10/dist-packages/norlab_icp_mapper_ros/_norlab_icp_mapper_ros_s.ep.rosidl_typesupport_c.c
[7.661s] -- Up-to-date: /home/sarthak/precise_docking_ws/install/norlab_icp_mapper_ros/local/lib/python3.10/dist-packages/norlab_icp_mapper_ros/__init__.py
[7.661s] -- Up-to-date: /home/sarthak/precise_docking_ws/install/norlab_icp_mapper_ros/local/lib/python3.10/dist-packages/norlab_icp_mapper_ros/norlab_icp_mapper_ros_s__rosidl_typesupport_fastrtps_c.cpython-310-x86_64-linux-gnu.so
[7.661s] -- Up-to-date: /home/sarthak/precise_docking_ws/install/norlab_icp_mapper_ros/local/lib/python3.10/dist-packages/norlab_icp_mapper_ros/srv
[7.661s] -- Up-to-date: /home/sarthak/precise_docking_ws/install/norlab_icp_mapper_ros/local/lib/python3.10/dist-packages/norlab_icp_mapper_ros/srv/_save_trajectory_s.c
[7.661s] -- Up-to-date: /home/sarthak/precise_docking_ws/install/norlab_icp_mapper_ros/local/lib/python3.10/dist-packages/norlab_icp_mapper_ros/srv/_save_map_s.c
[7.661s] -- Up-to-date: /home/sarthak/precise_docking_ws/install/norlab_icp_mapper_ros/local/lib/python3.10/dist-packages/norlab_icp_mapper_ros/srv/_save_trajectory.py
[7.661s] -- Up-to-date: /home/sarthak/precise_docking_ws/install/norlab_icp_mapper_ros/local/lib/python3.10/dist-packages/norlab_icp_mapper_ros/srv/__init__.py
[7.661s] -- Up-to-date: /home/sarthak/precise_docking_ws/install/norlab_icp_mapper_ros/local/lib/python3.10/dist-packages/norlab_icp_mapper_ros/srv/_load_map.py
[7.662s] -- Up-to-date: /home/sarthak/precise_docking_ws/install/norlab_icp_mapper_ros/local/lib/python3.10/dist-packages/norlab_icp_mapper_ros/srv/_load_map_s.c
[7.662s] -- Up-to-date: /home/sarthak/precise_docking_ws/install/norlab_icp_mapper_ros/local/lib/python3.10/dist-packages/norlab_icp_mapper_ros/srv/_save_map.py
[7.662s] -- Up-to-date: /home/sarthak/precise_docking_ws/install/norlab_icp_mapper_ros/local/lib/python3.10/dist-packages/norlab_icp_mapper_ros/norlab_icp_mapper_ros_s__rosidl_typesupport_c.cpython-310-x86_64-linux-gnu.so
[7.662s] -- Up-to-date: /home/sarthak/precise_docking_ws/install/norlab_icp_mapper_ros/local/lib/python3.10/dist-packages/norlab_icp_mapper_ros/libnorlab_icp_mapper_ros__rosidl_generator_py.so
[7.662s] -- Up-to-date: /home/sarthak/precise_docking_ws/install/norlab_icp_mapper_ros/local/lib/python3.10/dist-packages/norlab_icp_mapper_ros/_norlab_icp_mapper_ros_s.ep.rosidl_typesupport_fastrtps_c.c
[7.696s] Listing '/home/sarthak/precise_docking_ws/install/norlab_icp_mapper_ros/local/lib/python3.10/dist-packages/norlab_icp_mapper_ros'...
[7.696s] Listing '/home/sarthak/precise_docking_ws/install/norlab_icp_mapper_ros/local/lib/python3.10/dist-packages/norlab_icp_mapper_ros/srv'...
[7.700s] -- Up-to-date: /home/sarthak/precise_docking_ws/install/norlab_icp_mapper_ros/local/lib/python3.10/dist-packages/norlab_icp_mapper_ros/norlab_icp_mapper_ros_s__rosidl_typesupport_fastrtps_c.cpython-310-x86_64-linux-gnu.so
[7.700s] -- Up-to-date: /home/sarthak/precise_docking_ws/install/norlab_icp_mapper_ros/local/lib/python3.10/dist-packages/norlab_icp_mapper_ros/norlab_icp_mapper_ros_s__rosidl_typesupport_introspection_c.cpython-310-x86_64-linux-gnu.so
[7.700s] -- Up-to-date: /home/sarthak/precise_docking_ws/install/norlab_icp_mapper_ros/local/lib/python3.10/dist-packages/norlab_icp_mapper_ros/norlab_icp_mapper_ros_s__rosidl_typesupport_c.cpython-310-x86_64-linux-gnu.so
[7.700s] -- Up-to-date: /home/sarthak/precise_docking_ws/install/norlab_icp_mapper_ros/lib/libnorlab_icp_mapper_ros__rosidl_generator_py.so
[7.700s] -- Up-to-date: /home/sarthak/precise_docking_ws/install/norlab_icp_mapper_ros/share/norlab_icp_mapper_ros/srv/SaveTrajectory.idl
[7.701s] -- Up-to-date: /home/sarthak/precise_docking_ws/install/norlab_icp_mapper_ros/share/norlab_icp_mapper_ros/srv/SaveMap.idl
[7.701s] -- Up-to-date: /home/sarthak/precise_docking_ws/install/norlab_icp_mapper_ros/share/norlab_icp_mapper_ros/srv/LoadMap.idl
[7.701s] -- Up-to-date: /home/sarthak/precise_docking_ws/install/norlab_icp_mapper_ros/share/norlab_icp_mapper_ros/srv/SaveTrajectory.srv
[7.701s] -- Up-to-date: /home/sarthak/precise_docking_ws/install/norlab_icp_mapper_ros/share/norlab_icp_mapper_ros/srv/SaveTrajectory_Request.msg
[7.701s] -- Up-to-date: /home/sarthak/precise_docking_ws/install/norlab_icp_mapper_ros/share/norlab_icp_mapper_ros/srv/SaveTrajectory_Response.msg
[7.701s] -- Up-to-date: /home/sarthak/precise_docking_ws/install/norlab_icp_mapper_ros/share/norlab_icp_mapper_ros/srv/SaveMap.srv
[7.701s] -- Up-to-date: /home/sarthak/precise_docking_ws/install/norlab_icp_mapper_ros/share/norlab_icp_mapper_ros/srv/SaveMap_Request.msg
[7.701s] -- Up-to-date: /home/sarthak/precise_docking_ws/install/norlab_icp_mapper_ros/share/norlab_icp_mapper_ros/srv/SaveMap_Response.msg
[7.701s] -- Up-to-date: /home/sarthak/precise_docking_ws/install/norlab_icp_mapper_ros/share/norlab_icp_mapper_ros/srv/LoadMap.srv
[7.702s] -- Up-to-date: /home/sarthak/precise_docking_ws/install/norlab_icp_mapper_ros/share/norlab_icp_mapper_ros/srv/LoadMap_Request.msg
[7.702s] -- Up-to-date: /home/sarthak/precise_docking_ws/install/norlab_icp_mapper_ros/share/norlab_icp_mapper_ros/srv/LoadMap_Response.msg
[7.702s] -- Installing: /home/sarthak/precise_docking_ws/install/norlab_icp_mapper_ros/lib/norlab_icp_mapper_ros/mapper_node
[7.710s] -- Set runtime path of "/home/sarthak/precise_docking_ws/install/norlab_icp_mapper_ros/lib/norlab_icp_mapper_ros/mapper_node" to ""
[7.710s] -- Up-to-date: /home/sarthak/precise_docking_ws/install/norlab_icp_mapper_ros/share/ament_index/resource_index/package_run_dependencies/norlab_icp_mapper_ros
[7.710s] -- Up-to-date: /home/sarthak/precise_docking_ws/install/norlab_icp_mapper_ros/share/ament_index/resource_index/parent_prefix_path/norlab_icp_mapper_ros
[7.710s] -- Up-to-date: /home/sarthak/precise_docking_ws/install/norlab_icp_mapper_ros/share/norlab_icp_mapper_ros/environment/ament_prefix_path.sh
[7.710s] -- Up-to-date: /home/sarthak/precise_docking_ws/install/norlab_icp_mapper_ros/share/norlab_icp_mapper_ros/environment/ament_prefix_path.dsv
[7.710s] -- Up-to-date: /home/sarthak/precise_docking_ws/install/norlab_icp_mapper_ros/share/norlab_icp_mapper_ros/environment/path.sh
[7.710s] -- Up-to-date: /home/sarthak/precise_docking_ws/install/norlab_icp_mapper_ros/share/norlab_icp_mapper_ros/environment/path.dsv
[7.710s] -- Up-to-date: /home/sarthak/precise_docking_ws/install/norlab_icp_mapper_ros/share/norlab_icp_mapper_ros/local_setup.bash
[7.710s] -- Up-to-date: /home/sarthak/precise_docking_ws/install/norlab_icp_mapper_ros/share/norlab_icp_mapper_ros/local_setup.sh
[7.710s] -- Up-to-date: /home/sarthak/precise_docking_ws/install/norlab_icp_mapper_ros/share/norlab_icp_mapper_ros/local_setup.zsh
[7.710s] -- Up-to-date: /home/sarthak/precise_docking_ws/install/norlab_icp_mapper_ros/share/norlab_icp_mapper_ros/local_setup.dsv
[7.710s] -- Installing: /home/sarthak/precise_docking_ws/install/norlab_icp_mapper_ros/share/norlab_icp_mapper_ros/package.dsv
[7.710s] -- Up-to-date: /home/sarthak/precise_docking_ws/install/norlab_icp_mapper_ros/share/ament_index/resource_index/packages/norlab_icp_mapper_ros
[7.711s] -- Up-to-date: /home/sarthak/precise_docking_ws/install/norlab_icp_mapper_ros/share/norlab_icp_mapper_ros/cmake/export_norlab_icp_mapper_ros__rosidl_generator_cExport.cmake
[7.711s] -- Up-to-date: /home/sarthak/precise_docking_ws/install/norlab_icp_mapper_ros/share/norlab_icp_mapper_ros/cmake/export_norlab_icp_mapper_ros__rosidl_generator_cExport-release.cmake
[7.711s] -- Up-to-date: /home/sarthak/precise_docking_ws/install/norlab_icp_mapper_ros/share/norlab_icp_mapper_ros/cmake/export_norlab_icp_mapper_ros__rosidl_typesupport_fastrtps_cExport.cmake
[7.711s] -- Up-to-date: /home/sarthak/precise_docking_ws/install/norlab_icp_mapper_ros/share/norlab_icp_mapper_ros/cmake/export_norlab_icp_mapper_ros__rosidl_typesupport_fastrtps_cExport-release.cmake
[7.711s] -- Up-to-date: /home/sarthak/precise_docking_ws/install/norlab_icp_mapper_ros/share/norlab_icp_mapper_ros/cmake/export_norlab_icp_mapper_ros__rosidl_generator_cppExport.cmake
[7.711s] -- Up-to-date: /home/sarthak/precise_docking_ws/install/norlab_icp_mapper_ros/share/norlab_icp_mapper_ros/cmake/export_norlab_icp_mapper_ros__rosidl_typesupport_fastrtps_cppExport.cmake
[7.711s] -- Up-to-date: /home/sarthak/precise_docking_ws/install/norlab_icp_mapper_ros/share/norlab_icp_mapper_ros/cmake/export_norlab_icp_mapper_ros__rosidl_typesupport_fastrtps_cppExport-release.cmake
[7.711s] -- Up-to-date: /home/sarthak/precise_docking_ws/install/norlab_icp_mapper_ros/share/norlab_icp_mapper_ros/cmake/norlab_icp_mapper_ros__rosidl_typesupport_introspection_cExport.cmake
[7.711s] -- Up-to-date: /home/sarthak/precise_docking_ws/install/norlab_icp_mapper_ros/share/norlab_icp_mapper_ros/cmake/norlab_icp_mapper_ros__rosidl_typesupport_introspection_cExport-release.cmake
[7.711s] -- Up-to-date: /home/sarthak/precise_docking_ws/install/norlab_icp_mapper_ros/share/norlab_icp_mapper_ros/cmake/norlab_icp_mapper_ros__rosidl_typesupport_cExport.cmake
[7.711s] -- Up-to-date: /home/sarthak/precise_docking_ws/install/norlab_icp_mapper_ros/share/norlab_icp_mapper_ros/cmake/norlab_icp_mapper_ros__rosidl_typesupport_cExport-release.cmake
[7.711s] -- Up-to-date: /home/sarthak/precise_docking_ws/install/norlab_icp_mapper_ros/share/norlab_icp_mapper_ros/cmake/norlab_icp_mapper_ros__rosidl_typesupport_introspection_cppExport.cmake
[7.711s] -- Up-to-date: /home/sarthak/precise_docking_ws/install/norlab_icp_mapper_ros/share/norlab_icp_mapper_ros/cmake/norlab_icp_mapper_ros__rosidl_typesupport_introspection_cppExport-release.cmake
[7.711s] -- Up-to-date: /home/sarthak/precise_docking_ws/install/norlab_icp_mapper_ros/share/norlab_icp_mapper_ros/cmake/norlab_icp_mapper_ros__rosidl_typesupport_cppExport.cmake
[7.712s] -- Up-to-date: /home/sarthak/precise_docking_ws/install/norlab_icp_mapper_ros/share/norlab_icp_mapper_ros/cmake/norlab_icp_mapper_ros__rosidl_typesupport_cppExport-release.cmake
[7.712s] -- Up-to-date: /home/sarthak/precise_docking_ws/install/norlab_icp_mapper_ros/share/norlab_icp_mapper_ros/cmake/export_norlab_icp_mapper_ros__rosidl_generator_pyExport.cmake
[7.712s] -- Up-to-date: /home/sarthak/precise_docking_ws/install/norlab_icp_mapper_ros/share/norlab_icp_mapper_ros/cmake/export_norlab_icp_mapper_ros__rosidl_generator_pyExport-release.cmake
[7.712s] -- Up-to-date: /home/sarthak/precise_docking_ws/install/norlab_icp_mapper_ros/share/norlab_icp_mapper_ros/cmake/rosidl_cmake-extras.cmake
[7.712s] -- Up-to-date: /home/sarthak/precise_docking_ws/install/norlab_icp_mapper_ros/share/norlab_icp_mapper_ros/cmake/ament_cmake_export_dependencies-extras.cmake
[7.712s] -- Up-to-date: /home/sarthak/precise_docking_ws/install/norlab_icp_mapper_ros/share/norlab_icp_mapper_ros/cmake/ament_cmake_export_include_directories-extras.cmake
[7.712s] -- Up-to-date: /home/sarthak/precise_docking_ws/install/norlab_icp_mapper_ros/share/norlab_icp_mapper_ros/cmake/ament_cmake_export_libraries-extras.cmake
[7.712s] -- Up-to-date: /home/sarthak/precise_docking_ws/install/norlab_icp_mapper_ros/share/norlab_icp_mapper_ros/cmake/ament_cmake_export_targets-extras.cmake
[7.712s] -- Up-to-date: /home/sarthak/precise_docking_ws/install/norlab_icp_mapper_ros/share/norlab_icp_mapper_ros/cmake/rosidl_cmake_export_typesupport_targets-extras.cmake
[7.712s] -- Up-to-date: /home/sarthak/precise_docking_ws/install/norlab_icp_mapper_ros/share/norlab_icp_mapper_ros/cmake/rosidl_cmake_export_typesupport_libraries-extras.cmake
[7.712s] -- Up-to-date: /home/sarthak/precise_docking_ws/install/norlab_icp_mapper_ros/share/norlab_icp_mapper_ros/cmake/norlab_icp_mapper_rosConfig.cmake
[7.712s] -- Up-to-date: /home/sarthak/precise_docking_ws/install/norlab_icp_mapper_ros/share/norlab_icp_mapper_ros/cmake/norlab_icp_mapper_rosConfig-version.cmake
[7.712s] -- Up-to-date: /home/sarthak/precise_docking_ws/install/norlab_icp_mapper_ros/share/norlab_icp_mapper_ros/package.xml
[7.714s] Invoked command in '/home/sarthak/precise_docking_ws/build/norlab_icp_mapper_ros' returned '0': CMAKE_PREFIX_PATH=/home/sarthak/precise_docking_ws/install/libpointmatcher_ros:/home/sarthak/precise_docking_ws/install/norlab_icp_mapper_ros:/home/sarthak/precise_docking_ws/install/norlab_icp_mapper:/home/sarthak/precise_docking_ws/install/norlab_icp_mapper/lib/cmake:/home/sarthak/precise_docking_ws/install/frontend:/home/sarthak/precise_docking_ws/install/docking_bringup:/home/sarthak/precise_docking_ws/install/template_ros2:/home/sarthak/precise_docking_ws/install/reach_the_goal:/home/sarthak/precise_docking_ws/install/arcuo_marker_detection:/opt/ros/humble /usr/bin/cmake --install /home/sarthak/precise_docking_ws/build/norlab_icp_mapper_ros
