[2.121s] Invoking command in '/home/sarthak/precise_docking_ws/src/template_ros2': PYTHONPATH=/home/sarthak/precise_docking_ws/build/template_ros2/prefix_override:/home/sarthak/.local/lib/python3.10/site-packages/colcon_core/task/python/colcon_distutils_commands:/home/sarthak/precise_docking_ws/install/template_ros2/lib/python3.10/site-packages:${PYTHONPATH} /usr/bin/python3 -W ignore:setup.py install is deprecated setup.py egg_info --egg-base ../../build/template_ros2 build --build-base /home/sarthak/precise_docking_ws/build/template_ros2/build install --record /home/sarthak/precise_docking_ws/build/template_ros2/install.log --single-version-externally-managed install_data
[2.280s] /home/sarthak/.local/lib/python3.10/site-packages/setuptools/_distutils/dist.py:261: UserWarning: Unknown distribution option: 'tests_require'
[2.280s]   warnings.warn(msg)
[2.447s] running egg_info
[2.466s] writing ../../build/template_ros2/template_ros2.egg-info/PKG-INFO
[2.466s] writing dependency_links to ../../build/template_ros2/template_ros2.egg-info/dependency_links.txt
[2.466s] writing requirements to ../../build/template_ros2/template_ros2.egg-info/requires.txt
[2.467s] writing top-level names to ../../build/template_ros2/template_ros2.egg-info/top_level.txt
[3.743s] writing manifest file '../../build/template_ros2/template_ros2.egg-info/SOURCES.txt'
[3.743s] running build
[3.743s] running build_py
[3.743s] copying template_ros2/__init__.py -> /home/sarthak/precise_docking_ws/build/template_ros2/build/lib/template_ros2
[3.743s] copying template_ros2/template_sub_pub.py -> /home/sarthak/precise_docking_ws/build/template_ros2/build/lib/template_ros2
[3.744s] running install
[3.749s] running install_lib
[3.787s] running install_data
[3.787s] copying resource/template_ros2 -> /home/sarthak/precise_docking_ws/install/template_ros2/share/ament_index/resource_index/packages
[3.788s] copying package.xml -> /home/sarthak/precise_docking_ws/install/template_ros2/share/template_ros2
[3.788s] running install_egg_info
[3.832s] removing '/home/sarthak/precise_docking_ws/install/template_ros2/lib/python3.10/site-packages/template_ros2-0.0.0-py3.10.egg-info' (and everything under it)
[3.832s] Copying ../../build/template_ros2/template_ros2.egg-info to /home/sarthak/precise_docking_ws/install/template_ros2/lib/python3.10/site-packages/template_ros2-0.0.0-py3.10.egg-info
[3.834s] running install_scripts
[4.039s] writing list of installed files to '/home/sarthak/precise_docking_ws/build/template_ros2/install.log'
[4.117s] Invoked command in '/home/sarthak/precise_docking_ws/src/template_ros2' returned '0': PYTHONPATH=/home/sarthak/precise_docking_ws/build/template_ros2/prefix_override:/home/sarthak/.local/lib/python3.10/site-packages/colcon_core/task/python/colcon_distutils_commands:/home/sarthak/precise_docking_ws/install/template_ros2/lib/python3.10/site-packages:${PYTHONPATH} /usr/bin/python3 -W ignore:setup.py install is deprecated setup.py egg_info --egg-base ../../build/template_ros2 build --build-base /home/sarthak/precise_docking_ws/build/template_ros2/build install --record /home/sarthak/precise_docking_ws/build/template_ros2/install.log --single-version-externally-managed install_data
