[0.009s] Invoking command in '/home/sarthak/precise_docking_ws/build/localization_amcl': CMAKE_PREFIX_PATH=${CMAKE_PREFIX_PATH}:/home/sarthak/precise_docking_ws/install/template_ros2:/home/sarthak/precise_docking_ws/install/reach_the_goal:/home/sarthak/precise_docking_ws/install/autonomous_exploration:/home/sarthak/precise_docking_ws/install/arcuo_marker_detection:/home/sarthak/precise_docking_ws/install/active_localization:/opt/ros/humble /usr/bin/cmake --build /home/sarthak/precise_docking_ws/build/localization_amcl -- -j20 -l20
[0.045s] [35m[1mConsolidate compiler generated dependencies of target cpp_executable[0m
[0.062s] [ 50%] [32mBuilding CXX object CMakeFiles/cpp_executable.dir/src/cpp_node.cpp.o[0m
[0.065s] [ 50%] Built target ament_cmake_python_copy_localization_amcl
[0.270s] running egg_info
[0.284s] writing localization_amcl.egg-info/PKG-INFO
[0.284s] writing dependency_links to localization_amcl.egg-info/dependency_links.txt
[0.284s] writing top-level names to localization_amcl.egg-info/top_level.txt
[1.298s] reading manifest file 'localization_amcl.egg-info/SOURCES.txt'
[1.300s] writing manifest file 'localization_amcl.egg-info/SOURCES.txt'
[1.336s] [ 50%] Built target ament_cmake_python_build_localization_amcl_egg
[1.989s] [100%] [32m[1mLinking CXX executable cpp_executable[0m
[2.098s] [100%] Built target cpp_executable
[2.110s] Invoked command in '/home/sarthak/precise_docking_ws/build/localization_amcl' returned '0': CMAKE_PREFIX_PATH=${CMAKE_PREFIX_PATH}:/home/sarthak/precise_docking_ws/install/template_ros2:/home/sarthak/precise_docking_ws/install/reach_the_goal:/home/sarthak/precise_docking_ws/install/autonomous_exploration:/home/sarthak/precise_docking_ws/install/arcuo_marker_detection:/home/sarthak/precise_docking_ws/install/active_localization:/opt/ros/humble /usr/bin/cmake --build /home/sarthak/precise_docking_ws/build/localization_amcl -- -j20 -l20
[2.151s] Invoking command in '/home/sarthak/precise_docking_ws/build/localization_amcl': CMAKE_PREFIX_PATH=${CMAKE_PREFIX_PATH}:/home/sarthak/precise_docking_ws/install/template_ros2:/home/sarthak/precise_docking_ws/install/reach_the_goal:/home/sarthak/precise_docking_ws/install/autonomous_exploration:/home/sarthak/precise_docking_ws/install/arcuo_marker_detection:/home/sarthak/precise_docking_ws/install/active_localization:/opt/ros/humble /usr/bin/cmake --install /home/sarthak/precise_docking_ws/build/localization_amcl
[2.161s] -- Install configuration: ""
[2.161s] -- Installing: /home/sarthak/precise_docking_ws/install/localization_amcl/lib/localization_amcl/cpp_executable
[2.161s] -- Set runtime path of "/home/sarthak/precise_docking_ws/install/localization_amcl/lib/localization_amcl/cpp_executable" to ""
[2.162s] -- Up-to-date: /home/sarthak/precise_docking_ws/install/localization_amcl/share/localization_amcl/environment/pythonpath.sh
[2.162s] -- Up-to-date: /home/sarthak/precise_docking_ws/install/localization_amcl/share/localization_amcl/environment/pythonpath.dsv
[2.162s] -- Up-to-date: /home/sarthak/precise_docking_ws/install/localization_amcl/local/lib/python3.10/dist-packages/localization_amcl-0.0.0-py3.10.egg-info
[2.162s] -- Installing: /home/sarthak/precise_docking_ws/install/localization_amcl/local/lib/python3.10/dist-packages/localization_amcl-0.0.0-py3.10.egg-info/top_level.txt
[2.162s] -- Installing: /home/sarthak/precise_docking_ws/install/localization_amcl/local/lib/python3.10/dist-packages/localization_amcl-0.0.0-py3.10.egg-info/SOURCES.txt
[2.162s] -- Installing: /home/sarthak/precise_docking_ws/install/localization_amcl/local/lib/python3.10/dist-packages/localization_amcl-0.0.0-py3.10.egg-info/PKG-INFO
[2.162s] -- Installing: /home/sarthak/precise_docking_ws/install/localization_amcl/local/lib/python3.10/dist-packages/localization_amcl-0.0.0-py3.10.egg-info/dependency_links.txt
[2.163s] -- Up-to-date: /home/sarthak/precise_docking_ws/install/localization_amcl/local/lib/python3.10/dist-packages/localization_amcl
[2.163s] -- Up-to-date: /home/sarthak/precise_docking_ws/install/localization_amcl/local/lib/python3.10/dist-packages/localization_amcl/__init__.py
[2.163s] -- Up-to-date: /home/sarthak/precise_docking_ws/install/localization_amcl/local/lib/python3.10/dist-packages/localization_amcl/module_to_import.py
[2.199s] Listing '/home/sarthak/precise_docking_ws/install/localization_amcl/local/lib/python3.10/dist-packages/localization_amcl'...
[2.202s] -- Up-to-date: /home/sarthak/precise_docking_ws/install/localization_amcl/lib/localization_amcl/py_node.py
[2.202s] -- Up-to-date: /home/sarthak/precise_docking_ws/install/localization_amcl/share/ament_index/resource_index/package_run_dependencies/localization_amcl
[2.202s] -- Up-to-date: /home/sarthak/precise_docking_ws/install/localization_amcl/share/ament_index/resource_index/parent_prefix_path/localization_amcl
[2.202s] -- Up-to-date: /home/sarthak/precise_docking_ws/install/localization_amcl/share/localization_amcl/environment/ament_prefix_path.sh
[2.202s] -- Up-to-date: /home/sarthak/precise_docking_ws/install/localization_amcl/share/localization_amcl/environment/ament_prefix_path.dsv
[2.202s] -- Up-to-date: /home/sarthak/precise_docking_ws/install/localization_amcl/share/localization_amcl/environment/path.sh
[2.203s] -- Up-to-date: /home/sarthak/precise_docking_ws/install/localization_amcl/share/localization_amcl/environment/path.dsv
[2.203s] -- Up-to-date: /home/sarthak/precise_docking_ws/install/localization_amcl/share/localization_amcl/local_setup.bash
[2.203s] -- Up-to-date: /home/sarthak/precise_docking_ws/install/localization_amcl/share/localization_amcl/local_setup.sh
[2.203s] -- Up-to-date: /home/sarthak/precise_docking_ws/install/localization_amcl/share/localization_amcl/local_setup.zsh
[2.203s] -- Up-to-date: /home/sarthak/precise_docking_ws/install/localization_amcl/share/localization_amcl/local_setup.dsv
[2.203s] -- Installing: /home/sarthak/precise_docking_ws/install/localization_amcl/share/localization_amcl/package.dsv
[2.203s] -- Up-to-date: /home/sarthak/precise_docking_ws/install/localization_amcl/share/ament_index/resource_index/packages/localization_amcl
[2.203s] -- Up-to-date: /home/sarthak/precise_docking_ws/install/localization_amcl/share/localization_amcl/cmake/localization_amclConfig.cmake
[2.203s] -- Up-to-date: /home/sarthak/precise_docking_ws/install/localization_amcl/share/localization_amcl/cmake/localization_amclConfig-version.cmake
[2.204s] -- Up-to-date: /home/sarthak/precise_docking_ws/install/localization_amcl/share/localization_amcl/package.xml
[2.205s] Invoked command in '/home/sarthak/precise_docking_ws/build/localization_amcl' returned '0': CMAKE_PREFIX_PATH=${CMAKE_PREFIX_PATH}:/home/sarthak/precise_docking_ws/install/template_ros2:/home/sarthak/precise_docking_ws/install/reach_the_goal:/home/sarthak/precise_docking_ws/install/autonomous_exploration:/home/sarthak/precise_docking_ws/install/arcuo_marker_detection:/home/sarthak/precise_docking_ws/install/active_localization:/opt/ros/humble /usr/bin/cmake --install /home/sarthak/precise_docking_ws/build/localization_amcl
