[0.943s] Invoking command in '/home/sarthak/precise_docking_ws/src/reach_the_goal': PYTHONPATH=/home/sarthak/precise_docking_ws/build/reach_the_goal/prefix_override:/home/sarthak/.local/lib/python3.10/site-packages/colcon_core/task/python/colcon_distutils_commands:/home/sarthak/precise_docking_ws/install/reach_the_goal/lib/python3.10/site-packages:${PYTHONPATH} ROS_DOMAIN_ID=45 /usr/bin/python3 -W ignore:setup.py install is deprecated setup.py egg_info --egg-base ../../build/reach_the_goal build --build-base /home/sarthak/precise_docking_ws/build/reach_the_goal/build install --record /home/sarthak/precise_docking_ws/build/reach_the_goal/install.log --single-version-externally-managed install_data
[1.128s] running egg_info
[1.128s] creating ../../build/reach_the_goal/reach_the_goal.egg-info
[1.128s] writing ../../build/reach_the_goal/reach_the_goal.egg-info/PKG-INFO
[1.128s] writing dependency_links to ../../build/reach_the_goal/reach_the_goal.egg-info/dependency_links.txt
[1.128s] writing entry points to ../../build/reach_the_goal/reach_the_goal.egg-info/entry_points.txt
[1.128s] writing requirements to ../../build/reach_the_goal/reach_the_goal.egg-info/requires.txt
[1.128s] writing top-level names to ../../build/reach_the_goal/reach_the_goal.egg-info/top_level.txt
[1.129s] writing manifest file '../../build/reach_the_goal/reach_the_goal.egg-info/SOURCES.txt'
[1.130s] reading manifest file '../../build/reach_the_goal/reach_the_goal.egg-info/SOURCES.txt'
[1.130s] writing manifest file '../../build/reach_the_goal/reach_the_goal.egg-info/SOURCES.txt'
[1.130s] running build
[1.130s] running build_py
[1.130s] creating /home/sarthak/precise_docking_ws/build/reach_the_goal/build
[1.130s] creating /home/sarthak/precise_docking_ws/build/reach_the_goal/build/lib
[1.130s] creating /home/sarthak/precise_docking_ws/build/reach_the_goal/build/lib/reach_the_goal
[1.130s] copying reach_the_goal/reach_the_goal.py -> /home/sarthak/precise_docking_ws/build/reach_the_goal/build/lib/reach_the_goal
[1.130s] copying reach_the_goal/__init__.py -> /home/sarthak/precise_docking_ws/build/reach_the_goal/build/lib/reach_the_goal
[1.131s] running install
[1.131s] running install_lib
[1.131s] creating /home/sarthak/precise_docking_ws/install/reach_the_goal/lib/python3.10/site-packages/reach_the_goal
[1.131s] copying /home/sarthak/precise_docking_ws/build/reach_the_goal/build/lib/reach_the_goal/reach_the_goal.py -> /home/sarthak/precise_docking_ws/install/reach_the_goal/lib/python3.10/site-packages/reach_the_goal
[1.131s] copying /home/sarthak/precise_docking_ws/build/reach_the_goal/build/lib/reach_the_goal/__init__.py -> /home/sarthak/precise_docking_ws/install/reach_the_goal/lib/python3.10/site-packages/reach_the_goal
[1.131s] byte-compiling /home/sarthak/precise_docking_ws/install/reach_the_goal/lib/python3.10/site-packages/reach_the_goal/reach_the_goal.py to reach_the_goal.cpython-310.pyc
[1.132s] byte-compiling /home/sarthak/precise_docking_ws/install/reach_the_goal/lib/python3.10/site-packages/reach_the_goal/__init__.py to __init__.cpython-310.pyc
[1.132s] running install_data
[1.132s] creating /home/sarthak/precise_docking_ws/install/reach_the_goal/share/ament_index
[1.132s] creating /home/sarthak/precise_docking_ws/install/reach_the_goal/share/ament_index/resource_index
[1.132s] creating /home/sarthak/precise_docking_ws/install/reach_the_goal/share/ament_index/resource_index/packages
[1.132s] copying resource/reach_the_goal -> /home/sarthak/precise_docking_ws/install/reach_the_goal/share/ament_index/resource_index/packages
[1.132s] copying package.xml -> /home/sarthak/precise_docking_ws/install/reach_the_goal/share/reach_the_goal
[1.132s] running install_egg_info
[1.133s] Copying ../../build/reach_the_goal/reach_the_goal.egg-info to /home/sarthak/precise_docking_ws/install/reach_the_goal/lib/python3.10/site-packages/reach_the_goal-0.0.0-py3.10.egg-info
[1.133s] running install_scripts
[1.148s] Installing reach_the_goal_node script to /home/sarthak/precise_docking_ws/install/reach_the_goal/lib/reach_the_goal
[1.149s] writing list of installed files to '/home/sarthak/precise_docking_ws/build/reach_the_goal/install.log'
[1.175s] Invoked command in '/home/sarthak/precise_docking_ws/src/reach_the_goal' returned '0': PYTHONPATH=/home/sarthak/precise_docking_ws/build/reach_the_goal/prefix_override:/home/sarthak/.local/lib/python3.10/site-packages/colcon_core/task/python/colcon_distutils_commands:/home/sarthak/precise_docking_ws/install/reach_the_goal/lib/python3.10/site-packages:${PYTHONPATH} ROS_DOMAIN_ID=45 /usr/bin/python3 -W ignore:setup.py install is deprecated setup.py egg_info --egg-base ../../build/reach_the_goal build --build-base /home/sarthak/precise_docking_ws/build/reach_the_goal/build install --record /home/sarthak/precise_docking_ws/build/reach_the_goal/install.log --single-version-externally-managed install_data
