[1.046s] Invoking command in '/home/sarthak/precise_docking_ws/build/localization_amcl': CMAKE_PREFIX_PATH=${CMAKE_PREFIX_PATH}:/home/sarthak/precise_docking_ws/install/template_ros2:/home/sarthak/precise_docking_ws/install/reach_the_goal:/home/sarthak/precise_docking_ws/install/autonomous_exploration:/home/sarthak/precise_docking_ws/install/arcuo_marker_detection:/home/sarthak/precise_docking_ws/install/active_localization:/opt/ros/humble ROS_DOMAIN_ID=25 /usr/bin/cmake --build /home/sarthak/precise_docking_ws/build/localization_amcl -- -j20 -l20
[1.647s] [100%] Built target cpp_executable
[1.647s] [100%] Built target ament_cmake_python_copy_localization_amcl
[1.647s] running egg_info
[1.647s] writing localization_amcl.egg-info/PKG-INFO
[1.647s] writing dependency_links to localization_amcl.egg-info/dependency_links.txt
[1.647s] writing top-level names to localization_amcl.egg-info/top_level.txt
[2.735s] reading manifest file 'localization_amcl.egg-info/SOURCES.txt'
[2.737s] writing manifest file 'localization_amcl.egg-info/SOURCES.txt'
[2.804s] [100%] Built target ament_cmake_python_build_localization_amcl_egg
[2.818s] Invoked command in '/home/sarthak/precise_docking_ws/build/localization_amcl' returned '0': CMAKE_PREFIX_PATH=${CMAKE_PREFIX_PATH}:/home/sarthak/precise_docking_ws/install/template_ros2:/home/sarthak/precise_docking_ws/install/reach_the_goal:/home/sarthak/precise_docking_ws/install/autonomous_exploration:/home/sarthak/precise_docking_ws/install/arcuo_marker_detection:/home/sarthak/precise_docking_ws/install/active_localization:/opt/ros/humble ROS_DOMAIN_ID=25 /usr/bin/cmake --build /home/sarthak/precise_docking_ws/build/localization_amcl -- -j20 -l20
[2.851s] Invoking command in '/home/sarthak/precise_docking_ws/build/localization_amcl': CMAKE_PREFIX_PATH=${CMAKE_PREFIX_PATH}:/home/sarthak/precise_docking_ws/install/template_ros2:/home/sarthak/precise_docking_ws/install/reach_the_goal:/home/sarthak/precise_docking_ws/install/autonomous_exploration:/home/sarthak/precise_docking_ws/install/arcuo_marker_detection:/home/sarthak/precise_docking_ws/install/active_localization:/opt/ros/humble ROS_DOMAIN_ID=25 /usr/bin/cmake --install /home/sarthak/precise_docking_ws/build/localization_amcl
[2.858s] -- Install configuration: ""
[2.858s] -- Up-to-date: /home/sarthak/precise_docking_ws/install/localization_amcl/lib/localization_amcl/cpp_executable
[2.858s] -- Up-to-date: /home/sarthak/precise_docking_ws/install/localization_amcl/share/localization_amcl/environment/pythonpath.sh
[2.858s] -- Up-to-date: /home/sarthak/precise_docking_ws/install/localization_amcl/share/localization_amcl/environment/pythonpath.dsv
[2.858s] -- Up-to-date: /home/sarthak/precise_docking_ws/install/localization_amcl/local/lib/python3.10/dist-packages/localization_amcl-0.0.0-py3.10.egg-info
[2.858s] -- Installing: /home/sarthak/precise_docking_ws/install/localization_amcl/local/lib/python3.10/dist-packages/localization_amcl-0.0.0-py3.10.egg-info/top_level.txt
[2.858s] -- Installing: /home/sarthak/precise_docking_ws/install/localization_amcl/local/lib/python3.10/dist-packages/localization_amcl-0.0.0-py3.10.egg-info/SOURCES.txt
[2.858s] -- Installing: /home/sarthak/precise_docking_ws/install/localization_amcl/local/lib/python3.10/dist-packages/localization_amcl-0.0.0-py3.10.egg-info/PKG-INFO
[2.858s] -- Installing: /home/sarthak/precise_docking_ws/install/localization_amcl/local/lib/python3.10/dist-packages/localization_amcl-0.0.0-py3.10.egg-info/dependency_links.txt
[2.858s] -- Up-to-date: /home/sarthak/precise_docking_ws/install/localization_amcl/local/lib/python3.10/dist-packages/localization_amcl
[2.859s] -- Up-to-date: /home/sarthak/precise_docking_ws/install/localization_amcl/local/lib/python3.10/dist-packages/localization_amcl/__init__.py
[2.859s] -- Up-to-date: /home/sarthak/precise_docking_ws/install/localization_amcl/local/lib/python3.10/dist-packages/localization_amcl/module_to_import.py
[2.859s] -- Up-to-date: /home/sarthak/precise_docking_ws/install/localization_amcl/local/lib/python3.10/dist-packages/localization_amcl/pf_localisation
[2.859s] -- Up-to-date: /home/sarthak/precise_docking_ws/install/localization_amcl/local/lib/python3.10/dist-packages/localization_amcl/pf_localisation/laser_trace.so
[2.859s] -- Up-to-date: /home/sarthak/precise_docking_ws/install/localization_amcl/local/lib/python3.10/dist-packages/localization_amcl/pf_localisation/util.py
[2.859s] -- Up-to-date: /home/sarthak/precise_docking_ws/install/localization_amcl/local/lib/python3.10/dist-packages/localization_amcl/pf_localisation/__init__.py
[2.859s] -- Up-to-date: /home/sarthak/precise_docking_ws/install/localization_amcl/local/lib/python3.10/dist-packages/localization_amcl/pf_localisation/pf_base.py
[2.859s] -- Up-to-date: /home/sarthak/precise_docking_ws/install/localization_amcl/local/lib/python3.10/dist-packages/localization_amcl/pf_localisation/sensor_model.py
[2.859s] -- Up-to-date: /home/sarthak/precise_docking_ws/install/localization_amcl/local/lib/python3.10/dist-packages/localization_amcl/pf_localisation/pf.py
[2.895s] Listing '/home/sarthak/precise_docking_ws/install/localization_amcl/local/lib/python3.10/dist-packages/localization_amcl'...
[2.895s] Listing '/home/sarthak/precise_docking_ws/install/localization_amcl/local/lib/python3.10/dist-packages/localization_amcl/pf_localisation'...
[2.900s] -- Up-to-date: /home/sarthak/precise_docking_ws/install/localization_amcl/lib/localization_amcl/py_node.py
[2.900s] -- Up-to-date: /home/sarthak/precise_docking_ws/install/localization_amcl/lib/localization_amcl/localization.py
[2.900s] -- Up-to-date: /home/sarthak/precise_docking_ws/install/localization_amcl/share/ament_index/resource_index/package_run_dependencies/localization_amcl
[2.900s] -- Up-to-date: /home/sarthak/precise_docking_ws/install/localization_amcl/share/ament_index/resource_index/parent_prefix_path/localization_amcl
[2.900s] -- Up-to-date: /home/sarthak/precise_docking_ws/install/localization_amcl/share/localization_amcl/environment/ament_prefix_path.sh
[2.900s] -- Up-to-date: /home/sarthak/precise_docking_ws/install/localization_amcl/share/localization_amcl/environment/ament_prefix_path.dsv
[2.900s] -- Up-to-date: /home/sarthak/precise_docking_ws/install/localization_amcl/share/localization_amcl/environment/path.sh
[2.900s] -- Up-to-date: /home/sarthak/precise_docking_ws/install/localization_amcl/share/localization_amcl/environment/path.dsv
[2.901s] -- Up-to-date: /home/sarthak/precise_docking_ws/install/localization_amcl/share/localization_amcl/local_setup.bash
[2.901s] -- Up-to-date: /home/sarthak/precise_docking_ws/install/localization_amcl/share/localization_amcl/local_setup.sh
[2.901s] -- Up-to-date: /home/sarthak/precise_docking_ws/install/localization_amcl/share/localization_amcl/local_setup.zsh
[2.901s] -- Up-to-date: /home/sarthak/precise_docking_ws/install/localization_amcl/share/localization_amcl/local_setup.dsv
[2.901s] -- Installing: /home/sarthak/precise_docking_ws/install/localization_amcl/share/localization_amcl/package.dsv
[2.901s] -- Up-to-date: /home/sarthak/precise_docking_ws/install/localization_amcl/share/ament_index/resource_index/packages/localization_amcl
[2.901s] -- Up-to-date: /home/sarthak/precise_docking_ws/install/localization_amcl/share/localization_amcl/cmake/localization_amclConfig.cmake
[2.901s] -- Up-to-date: /home/sarthak/precise_docking_ws/install/localization_amcl/share/localization_amcl/cmake/localization_amclConfig-version.cmake
[2.901s] -- Up-to-date: /home/sarthak/precise_docking_ws/install/localization_amcl/share/localization_amcl/package.xml
[2.903s] Invoked command in '/home/sarthak/precise_docking_ws/build/localization_amcl' returned '0': CMAKE_PREFIX_PATH=${CMAKE_PREFIX_PATH}:/home/sarthak/precise_docking_ws/install/template_ros2:/home/sarthak/precise_docking_ws/install/reach_the_goal:/home/sarthak/precise_docking_ws/install/autonomous_exploration:/home/sarthak/precise_docking_ws/install/arcuo_marker_detection:/home/sarthak/precise_docking_ws/install/active_localization:/opt/ros/humble ROS_DOMAIN_ID=25 /usr/bin/cmake --install /home/sarthak/precise_docking_ws/build/localization_amcl
