[0.562s] Invoking command in '/home/sarthak/precise_docking_ws/build/teleop_cpp_ros2': CMAKE_PREFIX_PATH=${CMAKE_PREFIX_PATH}:/home/sarthak/precise_docking_ws/install/template_ros2:/home/sarthak/precise_docking_ws/install/reach_the_goal:/home/sarthak/precise_docking_ws/install/arcuo_marker_detection:/opt/ros/humble ROS_DOMAIN_ID=68 /usr/bin/cmake --build /home/sarthak/precise_docking_ws/build/teleop_cpp_ros2 -- -j20 -l20
[0.896s] [100%] Built target teleop
[0.906s] Invoked command in '/home/sarthak/precise_docking_ws/build/teleop_cpp_ros2' returned '0': CMAKE_PREFIX_PATH=${CMAKE_PREFIX_PATH}:/home/sarthak/precise_docking_ws/install/template_ros2:/home/sarthak/precise_docking_ws/install/reach_the_goal:/home/sarthak/precise_docking_ws/install/arcuo_marker_detection:/opt/ros/humble ROS_DOMAIN_ID=68 /usr/bin/cmake --build /home/sarthak/precise_docking_ws/build/teleop_cpp_ros2 -- -j20 -l20
[0.962s] Invoking command in '/home/sarthak/precise_docking_ws/build/teleop_cpp_ros2': CMAKE_PREFIX_PATH=${CMAKE_PREFIX_PATH}:/home/sarthak/precise_docking_ws/install/template_ros2:/home/sarthak/precise_docking_ws/install/reach_the_goal:/home/sarthak/precise_docking_ws/install/arcuo_marker_detection:/opt/ros/humble ROS_DOMAIN_ID=68 /usr/bin/cmake --install /home/sarthak/precise_docking_ws/build/teleop_cpp_ros2
[0.996s] -- Install configuration: ""
[0.999s] -- Up-to-date: /home/sarthak/precise_docking_ws/install/teleop_cpp_ros2/lib/teleop_cpp_ros2/teleop
[1.002s] -- Up-to-date: /home/sarthak/precise_docking_ws/install/teleop_cpp_ros2/share/ament_index/resource_index/package_run_dependencies/teleop_cpp_ros2
[1.002s] -- Up-to-date: /home/sarthak/precise_docking_ws/install/teleop_cpp_ros2/share/ament_index/resource_index/parent_prefix_path/teleop_cpp_ros2
[1.002s] -- Up-to-date: /home/sarthak/precise_docking_ws/install/teleop_cpp_ros2/share/teleop_cpp_ros2/environment/ament_prefix_path.sh
[1.002s] -- Up-to-date: /home/sarthak/precise_docking_ws/install/teleop_cpp_ros2/share/teleop_cpp_ros2/environment/ament_prefix_path.dsv
[1.003s] -- Up-to-date: /home/sarthak/precise_docking_ws/install/teleop_cpp_ros2/share/teleop_cpp_ros2/environment/path.sh
[1.003s] -- Up-to-date: /home/sarthak/precise_docking_ws/install/teleop_cpp_ros2/share/teleop_cpp_ros2/environment/path.dsv
[1.003s] -- Up-to-date: /home/sarthak/precise_docking_ws/install/teleop_cpp_ros2/share/teleop_cpp_ros2/local_setup.bash
[1.003s] -- Up-to-date: /home/sarthak/precise_docking_ws/install/teleop_cpp_ros2/share/teleop_cpp_ros2/local_setup.sh
[1.003s] -- Up-to-date: /home/sarthak/precise_docking_ws/install/teleop_cpp_ros2/share/teleop_cpp_ros2/local_setup.zsh
[1.003s] -- Up-to-date: /home/sarthak/precise_docking_ws/install/teleop_cpp_ros2/share/teleop_cpp_ros2/local_setup.dsv
[1.003s] -- Installing: /home/sarthak/precise_docking_ws/install/teleop_cpp_ros2/share/teleop_cpp_ros2/package.dsv
[1.003s] -- Up-to-date: /home/sarthak/precise_docking_ws/install/teleop_cpp_ros2/share/ament_index/resource_index/packages/teleop_cpp_ros2
[1.003s] -- Up-to-date: /home/sarthak/precise_docking_ws/install/teleop_cpp_ros2/share/teleop_cpp_ros2/cmake/teleop_cpp_ros2Config.cmake
[1.003s] -- Up-to-date: /home/sarthak/precise_docking_ws/install/teleop_cpp_ros2/share/teleop_cpp_ros2/cmake/teleop_cpp_ros2Config-version.cmake
[1.003s] -- Up-to-date: /home/sarthak/precise_docking_ws/install/teleop_cpp_ros2/share/teleop_cpp_ros2/package.xml
[1.017s] Invoked command in '/home/sarthak/precise_docking_ws/build/teleop_cpp_ros2' returned '0': CMAKE_PREFIX_PATH=${CMAKE_PREFIX_PATH}:/home/sarthak/precise_docking_ws/install/template_ros2:/home/sarthak/precise_docking_ws/install/reach_the_goal:/home/sarthak/precise_docking_ws/install/arcuo_marker_detection:/opt/ros/humble ROS_DOMAIN_ID=68 /usr/bin/cmake --install /home/sarthak/precise_docking_ws/build/teleop_cpp_ros2
