-- Found ament_cmake: 1.3.10 (/opt/ros/humble/share/ament_cmake/cmake)
-- Found sensor_msgs: 4.2.4 (/opt/ros/humble/share/sensor_msgs/cmake)
-- Found rosidl_generator_c: 3.1.5 (/opt/ros/humble/share/rosidl_generator_c/cmake)
-- Found rosidl_adapter: 3.1.5 (/opt/ros/humble/share/rosidl_adapter/cmake)
-- Found rosidl_generator_cpp: 3.1.5 (/opt/ros/humble/share/rosidl_generator_cpp/cmake)
-- Using all available rosidl_typesupport_c: rosidl_typesupport_fastrtps_c;rosidl_typesupport_introspection_c
-- Using all available rosidl_typesupport_cpp: rosidl_typesupport_fastrtps_cpp;rosidl_typesupport_introspection_cpp
-- Found rclcpp: 16.0.10 (/opt/ros/humble/share/rclcpp/cmake)
-- Found rmw_implementation_cmake: 6.1.2 (/opt/ros/humble/share/rmw_implementation_cmake/cmake)
-- Found rmw_fastrtps_cpp: 6.2.7 (/opt/ros/humble/share/rmw_fastrtps_cpp/cmake)
-- Using RMW implementation 'rmw_fastrtps_cpp' as default
-- Found rclpy: 3.3.14 (/opt/ros/humble/share/rclpy/cmake)
-- Found Boost: /usr/lib/x86_64-linux-gnu/cmake/Boost-1.74.0/BoostConfig.cmake (found version "1.74.0") found components: thread filesystem system program_options date_time 
-- Found Boost: /usr/lib/x86_64-linux-gnu/cmake/Boost-1.74.0/BoostConfig.cmake (found version "1.74.0") found components: thread filesystem system program_options date_time chrono 
-- Configuring done
-- Generating done
-- Build files have been written to: /home/sarthak/precise_docking_ws/build/frontend
[35m[1mConsolidate compiler generated dependencies of target cpp_executable[0m
[35m[1mConsolidate compiler generated dependencies of target icp_node[0m
[  0%] Built target ament_cmake_python_copy_frontend
[ 50%] Built target cpp_executable
[ 75%] [32mBuilding CXX object CMakeFiles/icp_node.dir/src/icp_node.cpp.o[0m
running egg_info
writing frontend.egg-info/PKG-INFO
writing dependency_links to frontend.egg-info/dependency_links.txt
writing top-level names to frontend.egg-info/top_level.txt
reading manifest file 'frontend.egg-info/SOURCES.txt'
writing manifest file 'frontend.egg-info/SOURCES.txt'
[ 75%] Built target ament_cmake_python_build_frontend_egg
[01m[K/home/sarthak/precise_docking_ws/src/frontend/src/icp_node.cpp:[m[K In member function ‘[01m[KDP ICPNode::laserScanToPointCloud(sensor_msgs::msg::LaserScan_<std::allocator<void> >::SharedPtr)[m[K’:
[01m[K/home/sarthak/precise_docking_ws/src/frontend/src/icp_node.cpp:55:30:[m[K [01;31m[Kerror: [m[K‘[01m[KLabel[m[K’ is not a member of ‘[01m[KPM[m[K’ {aka ‘[01m[KPointMatcher<float>[m[K’}
   55 |         labels.push_back(PM::[01;31m[KLabel[m[K("x", 1));
      |                              [01;31m[K^~~~~[m[K
[01m[K/home/sarthak/precise_docking_ws/src/frontend/src/icp_node.cpp:56:30:[m[K [01;31m[Kerror: [m[K‘[01m[KLabel[m[K’ is not a member of ‘[01m[KPM[m[K’ {aka ‘[01m[KPointMatcher<float>[m[K’}
   56 |         labels.push_back(PM::[01;31m[KLabel[m[K("y", 1));
      |                              [01;31m[K^~~~~[m[K
[01m[K/home/sarthak/precise_docking_ws/src/frontend/src/icp_node.cpp:57:44:[m[K [01;31m[Kerror: [m[Kno matching function for call to ‘[01m[KPointMatcher<float>::DataPoints::DataPoints(PointMatcher<float>::DataPoints::Labels&, std::vector<float>::size_type)[m[K’
   57 |         DP pointCloud(labels, ranges.size()[01;31m[K)[m[K;
      |                                            [01;31m[K^[m[K
In file included from [01m[K/home/sarthak/precise_docking_ws/src/frontend/src/icp_node.cpp:3[m[K:
[01m[K/usr/local/include/pointmatcher/PointMatcher.h:263:17:[m[K [01;36m[Knote: [m[Kcandidate: ‘[01m[KPointMatcher<T>::DataPoints::DataPoints(const Matrix&, const PointMatcher<T>::DataPoints::Labels&, const Matrix&, const PointMatcher<T>::DataPoints::Labels&, const Int64Matrix&, const PointMatcher<T>::DataPoints::Labels&) [with T = float; PointMatcher<T>::Matrix = Eigen::Matrix<float, -1, -1>; PointMatcher<T>::Int64Matrix = Eigen::Matrix<long int, -1, -1>][m[K’
  263 |                 [01;36m[KDataPoints[m[K(const Matrix& features, const Labels& featureLabels, const Matrix& descriptors, const Labels& descriptorLabels, const Int64Matrix& times, const Labels& timeLabels);
      |                 [01;36m[K^~~~~~~~~~[m[K
[01m[K/usr/local/include/pointmatcher/PointMatcher.h:263:17:[m[K [01;36m[Knote: [m[K  candidate expects 6 arguments, 2 provided
[01m[K/usr/local/include/pointmatcher/PointMatcher.h:262:17:[m[K [01;36m[Knote: [m[Kcandidate: ‘[01m[KPointMatcher<T>::DataPoints::DataPoints(const Matrix&, const PointMatcher<T>::DataPoints::Labels&, const Matrix&, const PointMatcher<T>::DataPoints::Labels&) [with T = float; PointMatcher<T>::Matrix = Eigen::Matrix<float, -1, -1>][m[K’
  262 |                 [01;36m[KDataPoints[m[K(const Matrix& features, const Labels& featureLabels, const Matrix& descriptors, const Labels& descriptorLabels);
      |                 [01;36m[K^~~~~~~~~~[m[K
[01m[K/usr/local/include/pointmatcher/PointMatcher.h:262:17:[m[K [01;36m[Knote: [m[K  candidate expects 4 arguments, 2 provided
[01m[K/usr/local/include/pointmatcher/PointMatcher.h:261:17:[m[K [01;36m[Knote: [m[Kcandidate: ‘[01m[KPointMatcher<T>::DataPoints::DataPoints(const Matrix&, const PointMatcher<T>::DataPoints::Labels&) [with T = float; PointMatcher<T>::Matrix = Eigen::Matrix<float, -1, -1>][m[K’
  261 |                 [01;36m[KDataPoints[m[K(const Matrix& features, const Labels& featureLabels);
      |                 [01;36m[K^~~~~~~~~~[m[K
[01m[K/usr/local/include/pointmatcher/PointMatcher.h:261:42:[m[K [01;36m[Knote: [m[K  no known conversion for argument 1 from ‘[01m[KPointMatcher<float>::DataPoints::Labels[m[K’ to ‘[01m[Kconst Matrix&[m[K’ {aka ‘[01m[Kconst Eigen::Matrix<float, -1, -1>&[m[K’}
  261 |                 DataPoints([01;36m[Kconst Matrix& features[m[K, const Labels& featureLabels);
      |                            [01;36m[K~~~~~~~~~~~~~~^~~~~~~~[m[K
[01m[K/usr/local/include/pointmatcher/PointMatcher.h:258:17:[m[K [01;36m[Knote: [m[Kcandidate: ‘[01m[KPointMatcher<T>::DataPoints::DataPoints(const PointMatcher<T>::DataPoints::Labels&, const PointMatcher<T>::DataPoints::Labels&, const PointMatcher<T>::DataPoints::Labels&, size_t) [with T = float; size_t = long unsigned int][m[K’
  258 |                 [01;36m[KDataPoints[m[K(const Labels& featureLabels, const Labels& descriptorLabels, const Labels& timeLabels, const size_t pointCount);
      |                 [01;36m[K^~~~~~~~~~[m[K
[01m[K/usr/local/include/pointmatcher/PointMatcher.h:258:17:[m[K [01;36m[Knote: [m[K  candidate expects 4 arguments, 2 provided
[01m[K/usr/local/include/pointmatcher/PointMatcher.h:257:17:[m[K [01;36m[Knote: [m[Kcandidate: ‘[01m[KPointMatcher<T>::DataPoints::DataPoints(const PointMatcher<T>::DataPoints::Labels&, const PointMatcher<T>::DataPoints::Labels&, size_t) [with T = float; size_t = long unsigned int][m[K’
  257 |                 [01;36m[KDataPoints[m[K(const Labels& featureLabels, const Labels& descriptorLabels, const size_t pointCount);
      |                 [01;36m[K^~~~~~~~~~[m[K
[01m[K/usr/local/include/pointmatcher/PointMatcher.h:257:17:[m[K [01;36m[Knote: [m[K  candidate expects 3 arguments, 2 provided
[01m[K/usr/local/include/pointmatcher/PointMatcher.h:256:17:[m[K [01;36m[Knote: [m[Kcandidate: ‘[01m[KPointMatcher<T>::DataPoints::DataPoints() [with T = float][m[K’
  256 |                 [01;36m[KDataPoints[m[K();
      |                 [01;36m[K^~~~~~~~~~[m[K
[01m[K/usr/local/include/pointmatcher/PointMatcher.h:256:17:[m[K [01;36m[Knote: [m[K  candidate expects 0 arguments, 2 provided
[01m[K/usr/local/include/pointmatcher/PointMatcher.h:207:16:[m[K [01;36m[Knote: [m[Kcandidate: ‘[01m[KPointMatcher<float>::DataPoints::DataPoints(const PointMatcher<float>::DataPoints&)[m[K’
  207 |         struct [01;36m[KDataPoints[m[K
      |                [01;36m[K^~~~~~~~~~[m[K
[01m[K/usr/local/include/pointmatcher/PointMatcher.h:207:16:[m[K [01;36m[Knote: [m[K  candidate expects 1 argument, 2 provided
[01m[K/usr/local/include/pointmatcher/PointMatcher.h:207:16:[m[K [01;36m[Knote: [m[Kcandidate: ‘[01m[KPointMatcher<float>::DataPoints::DataPoints(PointMatcher<float>::DataPoints&&)[m[K’
[01m[K/usr/local/include/pointmatcher/PointMatcher.h:207:16:[m[K [01;36m[Knote: [m[K  candidate expects 1 argument, 2 provided
gmake[2]: *** [CMakeFiles/icp_node.dir/build.make:76: CMakeFiles/icp_node.dir/src/icp_node.cpp.o] Error 1
gmake[1]: *** [CMakeFiles/Makefile2:168: CMakeFiles/icp_node.dir/all] Error 2
gmake: *** [Makefile:146: all] Error 2
