[0.921s] Invoking command in '/home/sarthak/precise_docking_ws/src/active_localization': PYTHONPATH=/home/sarthak/precise_docking_ws/build/active_localization/prefix_override:/home/sarthak/.local/lib/python3.10/site-packages/colcon_core/task/python/colcon_distutils_commands:/home/sarthak/precise_docking_ws/install/active_localization/lib/python3.10/site-packages:${PYTHONPATH} /usr/bin/python3 -W ignore:setup.py install is deprecated setup.py egg_info --egg-base ../../build/active_localization build --build-base /home/sarthak/precise_docking_ws/build/active_localization/build install --record /home/sarthak/precise_docking_ws/build/active_localization/install.log --single-version-externally-managed install_data
[1.060s] /home/sarthak/.local/lib/python3.10/site-packages/setuptools/_distutils/dist.py:261: UserWarning: Unknown distribution option: 'tests_require'
[1.060s]   warnings.warn(msg)
[1.195s] running egg_info
[1.213s] writing ../../build/active_localization/active_localization.egg-info/PKG-INFO
[1.213s] writing dependency_links to ../../build/active_localization/active_localization.egg-info/dependency_links.txt
[1.213s] writing entry points to ../../build/active_localization/active_localization.egg-info/entry_points.txt
[1.214s] writing requirements to ../../build/active_localization/active_localization.egg-info/requires.txt
[1.214s] writing top-level names to ../../build/active_localization/active_localization.egg-info/top_level.txt
[2.212s] reading manifest file '../../build/active_localization/active_localization.egg-info/SOURCES.txt'
[2.213s] writing manifest file '../../build/active_localization/active_localization.egg-info/SOURCES.txt'
[2.213s] running build
[2.214s] running build_py
[2.214s] copying active_localization/__init__.py -> /home/sarthak/precise_docking_ws/build/active_localization/build/lib/active_localization
[2.214s] copying active_localization/local_map.py -> /home/sarthak/precise_docking_ws/build/active_localization/build/lib/active_localization
[2.214s] running install
[2.217s] running install_lib
[2.232s] running install_data
[2.232s] copying resource/active_localization -> /home/sarthak/precise_docking_ws/install/active_localization/share/ament_index/resource_index/packages
[2.233s] copying package.xml -> /home/sarthak/precise_docking_ws/install/active_localization/share/active_localization
[2.233s] running install_egg_info
[2.251s] removing '/home/sarthak/precise_docking_ws/install/active_localization/lib/python3.10/site-packages/active_localization-0.0.0-py3.10.egg-info' (and everything under it)
[2.251s] Copying ../../build/active_localization/active_localization.egg-info to /home/sarthak/precise_docking_ws/install/active_localization/lib/python3.10/site-packages/active_localization-0.0.0-py3.10.egg-info
[2.252s] running install_scripts
[2.380s] Installing active_localization_node script to /home/sarthak/precise_docking_ws/install/active_localization/lib/active_localization
[2.380s] writing list of installed files to '/home/sarthak/precise_docking_ws/build/active_localization/install.log'
[2.413s] Invoked command in '/home/sarthak/precise_docking_ws/src/active_localization' returned '0': PYTHONPATH=/home/sarthak/precise_docking_ws/build/active_localization/prefix_override:/home/sarthak/.local/lib/python3.10/site-packages/colcon_core/task/python/colcon_distutils_commands:/home/sarthak/precise_docking_ws/install/active_localization/lib/python3.10/site-packages:${PYTHONPATH} /usr/bin/python3 -W ignore:setup.py install is deprecated setup.py egg_info --egg-base ../../build/active_localization build --build-base /home/sarthak/precise_docking_ws/build/active_localization/build install --record /home/sarthak/precise_docking_ws/build/active_localization/install.log --single-version-externally-managed install_data
