-- The C compiler identification is GNU 11.4.0
-- The CXX compiler identification is GNU 11.4.0
-- Detecting C compiler ABI info
-- Detecting C compiler ABI info - done
-- Check for working C compiler: /usr/bin/cc - skipped
-- Detecting C compile features
-- Detecting C compile features - done
-- Detecting CXX compiler ABI info
-- Detecting CXX compiler ABI info - done
-- Check for working CXX compiler: /usr/bin/c++ - skipped
-- Detecting CXX compile features
-- Detecting CXX compile features - done
-- Found ament_cmake: 1.3.10 (/opt/ros/humble/share/ament_cmake/cmake)
-- Found Python3: /usr/bin/python3 (found version "3.10.12") found components: Interpreter 
-- Found rclcpp: 16.0.10 (/opt/ros/humble/share/rclcpp/cmake)
-- Found rosidl_generator_c: 3.1.5 (/opt/ros/humble/share/rosidl_generator_c/cmake)
-- Found rosidl_adapter: 3.1.5 (/opt/ros/humble/share/rosidl_adapter/cmake)
-- Found rosidl_generator_cpp: 3.1.5 (/opt/ros/humble/share/rosidl_generator_cpp/cmake)
-- Using all available rosidl_typesupport_c: rosidl_typesupport_fastrtps_c;rosidl_typesupport_introspection_c
-- Using all available rosidl_typesupport_cpp: rosidl_typesupport_fastrtps_cpp;rosidl_typesupport_introspection_cpp
-- Found rmw_implementation_cmake: 6.1.2 (/opt/ros/humble/share/rmw_implementation_cmake/cmake)
-- Found rmw_fastrtps_cpp: 6.2.7 (/opt/ros/humble/share/rmw_fastrtps_cpp/cmake)
-- Found OpenSSL: /usr/lib/x86_64-linux-gnu/libcrypto.so (found version "3.0.2")  
-- Found FastRTPS: /opt/ros/humble/include  
-- Using RMW implementation 'rmw_fastrtps_cpp' as default
-- Looking for pthread.h
-- Looking for pthread.h - found
-- Performing Test CMAKE_HAVE_LIBC_PTHREAD
-- Performing Test CMAKE_HAVE_LIBC_PTHREAD - Success
-- Found Threads: TRUE  
-- Found sensor_msgs: 4.2.4 (/opt/ros/humble/share/sensor_msgs/cmake)
-- Found nav_msgs: 4.2.4 (/opt/ros/humble/share/nav_msgs/cmake)
-- Found tf2_eigen: 0.25.7 (/opt/ros/humble/share/tf2_eigen/cmake)
-- Found Boost: /usr/lib/x86_64-linux-gnu/cmake/Boost-1.74.0/BoostConfig.cmake (found version "1.74.0") found components: thread filesystem system program_options date_time 
-- Found Boost: /usr/lib/x86_64-linux-gnu/cmake/Boost-1.74.0/BoostConfig.cmake (found version "1.74.0") found components: thread filesystem system program_options date_time chrono 
-- Configuring done
-- Generating done
-- Build files have been written to: /home/sarthak/precise_docking_ws/build/libpointmatcher_ros
[ 50%] [32mBuilding CXX object CMakeFiles/pointmatcher_ros.dir/src/PointMatcher_ROS.cpp.o[0m
[100%] [32m[1mLinking CXX static library libpointmatcher_ros.a[0m
[100%] Built target pointmatcher_ros
-- Install configuration: ""
-- Installing: /home/sarthak/precise_docking_ws/install/libpointmatcher_ros/include/libpointmatcher_ros/include
-- Installing: /home/sarthak/precise_docking_ws/install/libpointmatcher_ros/include/libpointmatcher_ros/include/pointmatcher_ros
-- Installing: /home/sarthak/precise_docking_ws/install/libpointmatcher_ros/include/libpointmatcher_ros/include/pointmatcher_ros/PointMatcher_ROS.h
-- Installing: /home/sarthak/precise_docking_ws/install/libpointmatcher_ros/lib/libpointmatcher_ros.a
-- Installing: /home/sarthak/precise_docking_ws/install/libpointmatcher_ros/share/libpointmatcher_ros/environment/library_path.sh
-- Installing: /home/sarthak/precise_docking_ws/install/libpointmatcher_ros/share/libpointmatcher_ros/environment/library_path.dsv
-- Installing: /home/sarthak/precise_docking_ws/install/libpointmatcher_ros/share/ament_index/resource_index/package_run_dependencies/libpointmatcher_ros
-- Installing: /home/sarthak/precise_docking_ws/install/libpointmatcher_ros/share/ament_index/resource_index/parent_prefix_path/libpointmatcher_ros
-- Installing: /home/sarthak/precise_docking_ws/install/libpointmatcher_ros/share/libpointmatcher_ros/environment/ament_prefix_path.sh
-- Installing: /home/sarthak/precise_docking_ws/install/libpointmatcher_ros/share/libpointmatcher_ros/environment/ament_prefix_path.dsv
-- Installing: /home/sarthak/precise_docking_ws/install/libpointmatcher_ros/share/libpointmatcher_ros/environment/path.sh
-- Installing: /home/sarthak/precise_docking_ws/install/libpointmatcher_ros/share/libpointmatcher_ros/environment/path.dsv
-- Installing: /home/sarthak/precise_docking_ws/install/libpointmatcher_ros/share/libpointmatcher_ros/local_setup.bash
-- Installing: /home/sarthak/precise_docking_ws/install/libpointmatcher_ros/share/libpointmatcher_ros/local_setup.sh
-- Installing: /home/sarthak/precise_docking_ws/install/libpointmatcher_ros/share/libpointmatcher_ros/local_setup.zsh
-- Installing: /home/sarthak/precise_docking_ws/install/libpointmatcher_ros/share/libpointmatcher_ros/local_setup.dsv
-- Installing: /home/sarthak/precise_docking_ws/install/libpointmatcher_ros/share/libpointmatcher_ros/package.dsv
-- Installing: /home/sarthak/precise_docking_ws/install/libpointmatcher_ros/share/ament_index/resource_index/packages/libpointmatcher_ros
-- Installing: /home/sarthak/precise_docking_ws/install/libpointmatcher_ros/share/libpointmatcher_ros/cmake/ament_cmake_export_include_directories-extras.cmake
-- Installing: /home/sarthak/precise_docking_ws/install/libpointmatcher_ros/share/libpointmatcher_ros/cmake/ament_cmake_export_libraries-extras.cmake
-- Installing: /home/sarthak/precise_docking_ws/install/libpointmatcher_ros/share/libpointmatcher_ros/cmake/ament_cmake_export_dependencies-extras.cmake
-- Installing: /home/sarthak/precise_docking_ws/install/libpointmatcher_ros/share/libpointmatcher_ros/cmake/libpointmatcher_rosConfig.cmake
-- Installing: /home/sarthak/precise_docking_ws/install/libpointmatcher_ros/share/libpointmatcher_ros/cmake/libpointmatcher_rosConfig-version.cmake
-- Installing: /home/sarthak/precise_docking_ws/install/libpointmatcher_ros/share/libpointmatcher_ros/package.xml
