[1.003s] Invoking command in '/home/sarthak/precise_docking_ws/build/ultralytics_ros': CMAKE_PREFIX_PATH=${CMAKE_PREFIX_PATH}:/home/sarthak/precise_docking_ws/install/template_ros2:/home/sarthak/precise_docking_ws/install/reach_the_goal:/home/sarthak/precise_docking_ws/install/autonomous_exploration:/home/sarthak/precise_docking_ws/install/arcuo_marker_detection:/home/sarthak/precise_docking_ws/install/active_localization:/opt/ros/humble ROS_DOMAIN_ID=93 /usr/bin/cmake --build /home/sarthak/precise_docking_ws/build/ultralytics_ros -- -j20 -l20
[1.070s] [  9%] Built target ultralytics_ros__rosidl_generator_c
[1.077s] [ 12%] Built target ultralytics_ros__cpp
[1.085s] [ 12%] Built target ament_cmake_python_copy_ultralytics_ros
[1.096s] [ 21%] Built target ultralytics_ros__rosidl_typesupport_c
[1.097s] [ 30%] Built target ultralytics_ros__rosidl_typesupport_introspection_c
[1.097s] [ 39%] Built target ultralytics_ros__rosidl_typesupport_fastrtps_c
[1.097s] [ 48%] Built target ultralytics_ros__rosidl_typesupport_introspection_cpp
[1.100s] [ 57%] Built target ultralytics_ros__rosidl_typesupport_cpp
[1.101s] [ 66%] Built target ultralytics_ros__rosidl_typesupport_fastrtps_cpp
[1.121s] [ 66%] Built target ultralytics_ros
[1.140s] [ 69%] Built target ultralytics_ros__py
[1.147s] [ 75%] Built target tracker_with_cloud_node
[1.164s] [ 81%] Built target ultralytics_ros__rosidl_generator_py
[1.184s] [ 87%] Built target ultralytics_ros__rosidl_typesupport_c__pyext
[1.185s] [ 93%] Built target ultralytics_ros__rosidl_typesupport_fastrtps_c__pyext
[1.188s] [100%] Built target ultralytics_ros__rosidl_typesupport_introspection_c__pyext
[1.332s] running egg_info
[1.346s] writing ultralytics_ros.egg-info/PKG-INFO
[1.346s] writing dependency_links to ultralytics_ros.egg-info/dependency_links.txt
[1.346s] writing top-level names to ultralytics_ros.egg-info/top_level.txt
[2.482s] writing manifest file 'ultralytics_ros.egg-info/SOURCES.txt'
[2.511s] [100%] Built target ament_cmake_python_build_ultralytics_ros_egg
[2.522s] Invoked command in '/home/sarthak/precise_docking_ws/build/ultralytics_ros' returned '0': CMAKE_PREFIX_PATH=${CMAKE_PREFIX_PATH}:/home/sarthak/precise_docking_ws/install/template_ros2:/home/sarthak/precise_docking_ws/install/reach_the_goal:/home/sarthak/precise_docking_ws/install/autonomous_exploration:/home/sarthak/precise_docking_ws/install/arcuo_marker_detection:/home/sarthak/precise_docking_ws/install/active_localization:/opt/ros/humble ROS_DOMAIN_ID=93 /usr/bin/cmake --build /home/sarthak/precise_docking_ws/build/ultralytics_ros -- -j20 -l20
[2.589s] Invoking command in '/home/sarthak/precise_docking_ws/build/ultralytics_ros': CMAKE_PREFIX_PATH=${CMAKE_PREFIX_PATH}:/home/sarthak/precise_docking_ws/install/template_ros2:/home/sarthak/precise_docking_ws/install/reach_the_goal:/home/sarthak/precise_docking_ws/install/autonomous_exploration:/home/sarthak/precise_docking_ws/install/arcuo_marker_detection:/home/sarthak/precise_docking_ws/install/active_localization:/opt/ros/humble ROS_DOMAIN_ID=93 /usr/bin/cmake --install /home/sarthak/precise_docking_ws/build/ultralytics_ros
[2.594s] -- Install configuration: ""
[2.594s] -- Up-to-date: /home/sarthak/precise_docking_ws/install/ultralytics_ros/share/ament_index/resource_index/rosidl_interfaces/ultralytics_ros
[2.594s] -- Up-to-date: /home/sarthak/precise_docking_ws/install/ultralytics_ros/include/ultralytics_ros/ultralytics_ros
[2.594s] -- Up-to-date: /home/sarthak/precise_docking_ws/install/ultralytics_ros/include/ultralytics_ros/ultralytics_ros/msg
[2.594s] -- Up-to-date: /home/sarthak/precise_docking_ws/install/ultralytics_ros/include/ultralytics_ros/ultralytics_ros/msg/rosidl_generator_c__visibility_control.h
[2.594s] -- Up-to-date: /home/sarthak/precise_docking_ws/install/ultralytics_ros/include/ultralytics_ros/ultralytics_ros/msg/yolo_result.h
[2.594s] -- Up-to-date: /home/sarthak/precise_docking_ws/install/ultralytics_ros/include/ultralytics_ros/ultralytics_ros/msg/detail
[2.594s] -- Up-to-date: /home/sarthak/precise_docking_ws/install/ultralytics_ros/include/ultralytics_ros/ultralytics_ros/msg/detail/yolo_result__type_support.h
[2.595s] -- Up-to-date: /home/sarthak/precise_docking_ws/install/ultralytics_ros/include/ultralytics_ros/ultralytics_ros/msg/detail/yolo_result__struct.h
[2.595s] -- Up-to-date: /home/sarthak/precise_docking_ws/install/ultralytics_ros/include/ultralytics_ros/ultralytics_ros/msg/detail/yolo_result__functions.c
[2.595s] -- Up-to-date: /home/sarthak/precise_docking_ws/install/ultralytics_ros/include/ultralytics_ros/ultralytics_ros/msg/detail/yolo_result__functions.h
[2.595s] -- Up-to-date: /home/sarthak/precise_docking_ws/install/ultralytics_ros/share/ultralytics_ros/environment/library_path.sh
[2.595s] -- Up-to-date: /home/sarthak/precise_docking_ws/install/ultralytics_ros/share/ultralytics_ros/environment/library_path.dsv
[2.595s] -- Up-to-date: /home/sarthak/precise_docking_ws/install/ultralytics_ros/lib/libultralytics_ros__rosidl_generator_c.so
[2.595s] -- Up-to-date: /home/sarthak/precise_docking_ws/install/ultralytics_ros/include/ultralytics_ros/ultralytics_ros
[2.595s] -- Up-to-date: /home/sarthak/precise_docking_ws/install/ultralytics_ros/include/ultralytics_ros/ultralytics_ros/msg
[2.595s] -- Up-to-date: /home/sarthak/precise_docking_ws/install/ultralytics_ros/include/ultralytics_ros/ultralytics_ros/msg/rosidl_typesupport_fastrtps_c__visibility_control.h
[2.595s] -- Up-to-date: /home/sarthak/precise_docking_ws/install/ultralytics_ros/include/ultralytics_ros/ultralytics_ros/msg/detail
[2.595s] -- Up-to-date: /home/sarthak/precise_docking_ws/install/ultralytics_ros/include/ultralytics_ros/ultralytics_ros/msg/detail/yolo_result__rosidl_typesupport_fastrtps_c.h
[2.596s] -- Up-to-date: /home/sarthak/precise_docking_ws/install/ultralytics_ros/lib/libultralytics_ros__rosidl_typesupport_fastrtps_c.so
[2.596s] -- Up-to-date: /home/sarthak/precise_docking_ws/install/ultralytics_ros/include/ultralytics_ros/ultralytics_ros
[2.596s] -- Up-to-date: /home/sarthak/precise_docking_ws/install/ultralytics_ros/include/ultralytics_ros/ultralytics_ros/msg
[2.596s] -- Up-to-date: /home/sarthak/precise_docking_ws/install/ultralytics_ros/include/ultralytics_ros/ultralytics_ros/msg/yolo_result.hpp
[2.596s] -- Up-to-date: /home/sarthak/precise_docking_ws/install/ultralytics_ros/include/ultralytics_ros/ultralytics_ros/msg/detail
[2.596s] -- Up-to-date: /home/sarthak/precise_docking_ws/install/ultralytics_ros/include/ultralytics_ros/ultralytics_ros/msg/detail/yolo_result__traits.hpp
[2.596s] -- Up-to-date: /home/sarthak/precise_docking_ws/install/ultralytics_ros/include/ultralytics_ros/ultralytics_ros/msg/detail/yolo_result__struct.hpp
[2.596s] -- Up-to-date: /home/sarthak/precise_docking_ws/install/ultralytics_ros/include/ultralytics_ros/ultralytics_ros/msg/detail/yolo_result__builder.hpp
[2.596s] -- Up-to-date: /home/sarthak/precise_docking_ws/install/ultralytics_ros/include/ultralytics_ros/ultralytics_ros
[2.596s] -- Up-to-date: /home/sarthak/precise_docking_ws/install/ultralytics_ros/include/ultralytics_ros/ultralytics_ros/msg
[2.596s] -- Up-to-date: /home/sarthak/precise_docking_ws/install/ultralytics_ros/include/ultralytics_ros/ultralytics_ros/msg/detail
[2.596s] -- Up-to-date: /home/sarthak/precise_docking_ws/install/ultralytics_ros/include/ultralytics_ros/ultralytics_ros/msg/detail/yolo_result__rosidl_typesupport_fastrtps_cpp.hpp
[2.597s] -- Up-to-date: /home/sarthak/precise_docking_ws/install/ultralytics_ros/include/ultralytics_ros/ultralytics_ros/msg/detail/dds_fastrtps
[2.597s] -- Up-to-date: /home/sarthak/precise_docking_ws/install/ultralytics_ros/include/ultralytics_ros/ultralytics_ros/msg/rosidl_typesupport_fastrtps_cpp__visibility_control.h
[2.597s] -- Up-to-date: /home/sarthak/precise_docking_ws/install/ultralytics_ros/lib/libultralytics_ros__rosidl_typesupport_fastrtps_cpp.so
[2.597s] -- Up-to-date: /home/sarthak/precise_docking_ws/install/ultralytics_ros/include/ultralytics_ros/ultralytics_ros
[2.597s] -- Up-to-date: /home/sarthak/precise_docking_ws/install/ultralytics_ros/include/ultralytics_ros/ultralytics_ros/msg
[2.597s] -- Up-to-date: /home/sarthak/precise_docking_ws/install/ultralytics_ros/include/ultralytics_ros/ultralytics_ros/msg/rosidl_typesupport_introspection_c__visibility_control.h
[2.597s] -- Up-to-date: /home/sarthak/precise_docking_ws/install/ultralytics_ros/include/ultralytics_ros/ultralytics_ros/msg/detail
[2.597s] -- Up-to-date: /home/sarthak/precise_docking_ws/install/ultralytics_ros/include/ultralytics_ros/ultralytics_ros/msg/detail/yolo_result__rosidl_typesupport_introspection_c.h
[2.597s] -- Up-to-date: /home/sarthak/precise_docking_ws/install/ultralytics_ros/include/ultralytics_ros/ultralytics_ros/msg/detail/yolo_result__type_support.c
[2.597s] -- Up-to-date: /home/sarthak/precise_docking_ws/install/ultralytics_ros/lib/libultralytics_ros__rosidl_typesupport_introspection_c.so
[2.597s] -- Up-to-date: /home/sarthak/precise_docking_ws/install/ultralytics_ros/lib/libultralytics_ros__rosidl_typesupport_c.so
[2.597s] -- Up-to-date: /home/sarthak/precise_docking_ws/install/ultralytics_ros/include/ultralytics_ros/ultralytics_ros
[2.597s] -- Up-to-date: /home/sarthak/precise_docking_ws/install/ultralytics_ros/include/ultralytics_ros/ultralytics_ros/msg
[2.598s] -- Up-to-date: /home/sarthak/precise_docking_ws/install/ultralytics_ros/include/ultralytics_ros/ultralytics_ros/msg/detail
[2.598s] -- Up-to-date: /home/sarthak/precise_docking_ws/install/ultralytics_ros/include/ultralytics_ros/ultralytics_ros/msg/detail/yolo_result__type_support.cpp
[2.598s] -- Up-to-date: /home/sarthak/precise_docking_ws/install/ultralytics_ros/include/ultralytics_ros/ultralytics_ros/msg/detail/yolo_result__rosidl_typesupport_introspection_cpp.hpp
[2.598s] -- Up-to-date: /home/sarthak/precise_docking_ws/install/ultralytics_ros/lib/libultralytics_ros__rosidl_typesupport_introspection_cpp.so
[2.598s] -- Up-to-date: /home/sarthak/precise_docking_ws/install/ultralytics_ros/lib/libultralytics_ros__rosidl_typesupport_cpp.so
[2.598s] -- Up-to-date: /home/sarthak/precise_docking_ws/install/ultralytics_ros/share/ultralytics_ros/environment/pythonpath.sh
[2.598s] -- Up-to-date: /home/sarthak/precise_docking_ws/install/ultralytics_ros/share/ultralytics_ros/environment/pythonpath.dsv
[2.598s] -- Up-to-date: /home/sarthak/precise_docking_ws/install/ultralytics_ros/local/lib/python3.10/dist-packages/ultralytics_ros-0.0.0-py3.10.egg-info
[2.598s] -- Installing: /home/sarthak/precise_docking_ws/install/ultralytics_ros/local/lib/python3.10/dist-packages/ultralytics_ros-0.0.0-py3.10.egg-info/top_level.txt
[2.598s] -- Installing: /home/sarthak/precise_docking_ws/install/ultralytics_ros/local/lib/python3.10/dist-packages/ultralytics_ros-0.0.0-py3.10.egg-info/SOURCES.txt
[2.598s] -- Installing: /home/sarthak/precise_docking_ws/install/ultralytics_ros/local/lib/python3.10/dist-packages/ultralytics_ros-0.0.0-py3.10.egg-info/PKG-INFO
[2.598s] -- Installing: /home/sarthak/precise_docking_ws/install/ultralytics_ros/local/lib/python3.10/dist-packages/ultralytics_ros-0.0.0-py3.10.egg-info/dependency_links.txt
[2.598s] -- Up-to-date: /home/sarthak/precise_docking_ws/install/ultralytics_ros/local/lib/python3.10/dist-packages/ultralytics_ros
[2.599s] -- Up-to-date: /home/sarthak/precise_docking_ws/install/ultralytics_ros/local/lib/python3.10/dist-packages/ultralytics_ros/ultralytics_ros_s__rosidl_typesupport_introspection_c.cpython-310-x86_64-linux-gnu.so
[2.599s] -- Up-to-date: /home/sarthak/precise_docking_ws/install/ultralytics_ros/local/lib/python3.10/dist-packages/ultralytics_ros/__init__.py
[2.599s] -- Up-to-date: /home/sarthak/precise_docking_ws/install/ultralytics_ros/local/lib/python3.10/dist-packages/ultralytics_ros/msg
[2.599s] -- Up-to-date: /home/sarthak/precise_docking_ws/install/ultralytics_ros/local/lib/python3.10/dist-packages/ultralytics_ros/msg/_yolo_result.py
[2.599s] -- Up-to-date: /home/sarthak/precise_docking_ws/install/ultralytics_ros/local/lib/python3.10/dist-packages/ultralytics_ros/msg/__init__.py
[2.599s] -- Up-to-date: /home/sarthak/precise_docking_ws/install/ultralytics_ros/local/lib/python3.10/dist-packages/ultralytics_ros/msg/_yolo_result_s.c
[2.599s] -- Up-to-date: /home/sarthak/precise_docking_ws/install/ultralytics_ros/local/lib/python3.10/dist-packages/ultralytics_ros/_ultralytics_ros_s.ep.rosidl_typesupport_introspection_c.c
[2.599s] -- Up-to-date: /home/sarthak/precise_docking_ws/install/ultralytics_ros/local/lib/python3.10/dist-packages/ultralytics_ros/ultralytics_ros_s__rosidl_typesupport_fastrtps_c.cpython-310-x86_64-linux-gnu.so
[2.599s] -- Up-to-date: /home/sarthak/precise_docking_ws/install/ultralytics_ros/local/lib/python3.10/dist-packages/ultralytics_ros/libultralytics_ros__rosidl_generator_py.so
[2.599s] -- Up-to-date: /home/sarthak/precise_docking_ws/install/ultralytics_ros/local/lib/python3.10/dist-packages/ultralytics_ros/ultralytics_ros_s__rosidl_typesupport_c.cpython-310-x86_64-linux-gnu.so
[2.599s] -- Up-to-date: /home/sarthak/precise_docking_ws/install/ultralytics_ros/local/lib/python3.10/dist-packages/ultralytics_ros/_ultralytics_ros_s.ep.rosidl_typesupport_c.c
[2.599s] -- Up-to-date: /home/sarthak/precise_docking_ws/install/ultralytics_ros/local/lib/python3.10/dist-packages/ultralytics_ros/_ultralytics_ros_s.ep.rosidl_typesupport_fastrtps_c.c
[2.637s] Listing '/home/sarthak/precise_docking_ws/install/ultralytics_ros/local/lib/python3.10/dist-packages/ultralytics_ros'...
[2.637s] Listing '/home/sarthak/precise_docking_ws/install/ultralytics_ros/local/lib/python3.10/dist-packages/ultralytics_ros/msg'...
[2.643s] -- Up-to-date: /home/sarthak/precise_docking_ws/install/ultralytics_ros/local/lib/python3.10/dist-packages/ultralytics_ros/ultralytics_ros_s__rosidl_typesupport_fastrtps_c.cpython-310-x86_64-linux-gnu.so
[2.643s] -- Up-to-date: /home/sarthak/precise_docking_ws/install/ultralytics_ros/local/lib/python3.10/dist-packages/ultralytics_ros/ultralytics_ros_s__rosidl_typesupport_introspection_c.cpython-310-x86_64-linux-gnu.so
[2.643s] -- Up-to-date: /home/sarthak/precise_docking_ws/install/ultralytics_ros/local/lib/python3.10/dist-packages/ultralytics_ros/ultralytics_ros_s__rosidl_typesupport_c.cpython-310-x86_64-linux-gnu.so
[2.644s] -- Up-to-date: /home/sarthak/precise_docking_ws/install/ultralytics_ros/lib/libultralytics_ros__rosidl_generator_py.so
[2.644s] -- Up-to-date: /home/sarthak/precise_docking_ws/install/ultralytics_ros/share/ultralytics_ros/msg/YoloResult.idl
[2.644s] -- Up-to-date: /home/sarthak/precise_docking_ws/install/ultralytics_ros/share/ultralytics_ros/msg/YoloResult.msg
[2.644s] -- Up-to-date: /home/sarthak/precise_docking_ws/install/ultralytics_ros/lib/ultralytics_ros/tracker_with_cloud_node
[2.645s] -- Up-to-date: /home/sarthak/precise_docking_ws/install/ultralytics_ros/lib/ultralytics_ros/tracker_node.py
[2.645s] -- Up-to-date: /home/sarthak/precise_docking_ws/install/ultralytics_ros/share/ultralytics_ros/launch
[2.645s] -- Up-to-date: /home/sarthak/precise_docking_ws/install/ultralytics_ros/share/ultralytics_ros/launch/tracker.launch.xml
[2.645s] -- Up-to-date: /home/sarthak/precise_docking_ws/install/ultralytics_ros/share/ultralytics_ros/launch/kitti_tracker_with_cloud.launch.xml
[2.645s] -- Up-to-date: /home/sarthak/precise_docking_ws/install/ultralytics_ros/share/ultralytics_ros/launch/tracker_with_cloud.launch.xml
[2.645s] -- Up-to-date: /home/sarthak/precise_docking_ws/install/ultralytics_ros/share/ultralytics_ros/launch/kitti_tracker.launch.xml
[2.645s] -- Up-to-date: /home/sarthak/precise_docking_ws/install/ultralytics_ros/share/ultralytics_ros/rviz2
[2.645s] -- Up-to-date: /home/sarthak/precise_docking_ws/install/ultralytics_ros/share/ultralytics_ros/rviz2/default.rviz
[2.646s] -- Up-to-date: /home/sarthak/precise_docking_ws/install/ultralytics_ros/share/ultralytics_ros/rviz2/kitti.rviz
[2.646s] -- Up-to-date: /home/sarthak/precise_docking_ws/install/ultralytics_ros/share/ament_index/resource_index/package_run_dependencies/ultralytics_ros
[2.646s] -- Up-to-date: /home/sarthak/precise_docking_ws/install/ultralytics_ros/share/ament_index/resource_index/parent_prefix_path/ultralytics_ros
[2.646s] -- Up-to-date: /home/sarthak/precise_docking_ws/install/ultralytics_ros/share/ultralytics_ros/environment/ament_prefix_path.sh
[2.646s] -- Up-to-date: /home/sarthak/precise_docking_ws/install/ultralytics_ros/share/ultralytics_ros/environment/ament_prefix_path.dsv
[2.646s] -- Up-to-date: /home/sarthak/precise_docking_ws/install/ultralytics_ros/share/ultralytics_ros/environment/path.sh
[2.646s] -- Up-to-date: /home/sarthak/precise_docking_ws/install/ultralytics_ros/share/ultralytics_ros/environment/path.dsv
[2.646s] -- Up-to-date: /home/sarthak/precise_docking_ws/install/ultralytics_ros/share/ultralytics_ros/local_setup.bash
[2.646s] -- Up-to-date: /home/sarthak/precise_docking_ws/install/ultralytics_ros/share/ultralytics_ros/local_setup.sh
[2.646s] -- Up-to-date: /home/sarthak/precise_docking_ws/install/ultralytics_ros/share/ultralytics_ros/local_setup.zsh
[2.647s] -- Up-to-date: /home/sarthak/precise_docking_ws/install/ultralytics_ros/share/ultralytics_ros/local_setup.dsv
[2.647s] -- Installing: /home/sarthak/precise_docking_ws/install/ultralytics_ros/share/ultralytics_ros/package.dsv
[2.647s] -- Up-to-date: /home/sarthak/precise_docking_ws/install/ultralytics_ros/share/ament_index/resource_index/packages/ultralytics_ros
[2.647s] -- Up-to-date: /home/sarthak/precise_docking_ws/install/ultralytics_ros/share/ultralytics_ros/cmake/export_ultralytics_ros__rosidl_generator_cExport.cmake
[2.647s] -- Up-to-date: /home/sarthak/precise_docking_ws/install/ultralytics_ros/share/ultralytics_ros/cmake/export_ultralytics_ros__rosidl_generator_cExport-noconfig.cmake
[2.647s] -- Up-to-date: /home/sarthak/precise_docking_ws/install/ultralytics_ros/share/ultralytics_ros/cmake/export_ultralytics_ros__rosidl_typesupport_fastrtps_cExport.cmake
[2.647s] -- Up-to-date: /home/sarthak/precise_docking_ws/install/ultralytics_ros/share/ultralytics_ros/cmake/export_ultralytics_ros__rosidl_typesupport_fastrtps_cExport-noconfig.cmake
[2.647s] -- Up-to-date: /home/sarthak/precise_docking_ws/install/ultralytics_ros/share/ultralytics_ros/cmake/export_ultralytics_ros__rosidl_generator_cppExport.cmake
[2.647s] -- Up-to-date: /home/sarthak/precise_docking_ws/install/ultralytics_ros/share/ultralytics_ros/cmake/export_ultralytics_ros__rosidl_typesupport_fastrtps_cppExport.cmake
[2.648s] -- Up-to-date: /home/sarthak/precise_docking_ws/install/ultralytics_ros/share/ultralytics_ros/cmake/export_ultralytics_ros__rosidl_typesupport_fastrtps_cppExport-noconfig.cmake
[2.648s] -- Up-to-date: /home/sarthak/precise_docking_ws/install/ultralytics_ros/share/ultralytics_ros/cmake/ultralytics_ros__rosidl_typesupport_introspection_cExport.cmake
[2.648s] -- Up-to-date: /home/sarthak/precise_docking_ws/install/ultralytics_ros/share/ultralytics_ros/cmake/ultralytics_ros__rosidl_typesupport_introspection_cExport-noconfig.cmake
[2.648s] -- Up-to-date: /home/sarthak/precise_docking_ws/install/ultralytics_ros/share/ultralytics_ros/cmake/ultralytics_ros__rosidl_typesupport_cExport.cmake
[2.648s] -- Up-to-date: /home/sarthak/precise_docking_ws/install/ultralytics_ros/share/ultralytics_ros/cmake/ultralytics_ros__rosidl_typesupport_cExport-noconfig.cmake
[2.648s] -- Up-to-date: /home/sarthak/precise_docking_ws/install/ultralytics_ros/share/ultralytics_ros/cmake/ultralytics_ros__rosidl_typesupport_introspection_cppExport.cmake
[2.648s] -- Up-to-date: /home/sarthak/precise_docking_ws/install/ultralytics_ros/share/ultralytics_ros/cmake/ultralytics_ros__rosidl_typesupport_introspection_cppExport-noconfig.cmake
[2.648s] -- Up-to-date: /home/sarthak/precise_docking_ws/install/ultralytics_ros/share/ultralytics_ros/cmake/ultralytics_ros__rosidl_typesupport_cppExport.cmake
[2.648s] -- Up-to-date: /home/sarthak/precise_docking_ws/install/ultralytics_ros/share/ultralytics_ros/cmake/ultralytics_ros__rosidl_typesupport_cppExport-noconfig.cmake
[2.649s] -- Up-to-date: /home/sarthak/precise_docking_ws/install/ultralytics_ros/share/ultralytics_ros/cmake/export_ultralytics_ros__rosidl_generator_pyExport.cmake
[2.649s] -- Up-to-date: /home/sarthak/precise_docking_ws/install/ultralytics_ros/share/ultralytics_ros/cmake/export_ultralytics_ros__rosidl_generator_pyExport-noconfig.cmake
[2.649s] -- Up-to-date: /home/sarthak/precise_docking_ws/install/ultralytics_ros/share/ultralytics_ros/cmake/rosidl_cmake-extras.cmake
[2.649s] -- Up-to-date: /home/sarthak/precise_docking_ws/install/ultralytics_ros/share/ultralytics_ros/cmake/ament_cmake_export_dependencies-extras.cmake
[2.649s] -- Up-to-date: /home/sarthak/precise_docking_ws/install/ultralytics_ros/share/ultralytics_ros/cmake/ament_cmake_export_include_directories-extras.cmake
[2.649s] -- Up-to-date: /home/sarthak/precise_docking_ws/install/ultralytics_ros/share/ultralytics_ros/cmake/ament_cmake_export_libraries-extras.cmake
[2.649s] -- Up-to-date: /home/sarthak/precise_docking_ws/install/ultralytics_ros/share/ultralytics_ros/cmake/ament_cmake_export_targets-extras.cmake
[2.649s] -- Up-to-date: /home/sarthak/precise_docking_ws/install/ultralytics_ros/share/ultralytics_ros/cmake/rosidl_cmake_export_typesupport_targets-extras.cmake
[2.649s] -- Up-to-date: /home/sarthak/precise_docking_ws/install/ultralytics_ros/share/ultralytics_ros/cmake/rosidl_cmake_export_typesupport_libraries-extras.cmake
[2.649s] -- Up-to-date: /home/sarthak/precise_docking_ws/install/ultralytics_ros/share/ultralytics_ros/cmake/ultralytics_rosConfig.cmake
[2.649s] -- Up-to-date: /home/sarthak/precise_docking_ws/install/ultralytics_ros/share/ultralytics_ros/cmake/ultralytics_rosConfig-version.cmake
[2.650s] -- Up-to-date: /home/sarthak/precise_docking_ws/install/ultralytics_ros/share/ultralytics_ros/package.xml
[2.652s] Invoked command in '/home/sarthak/precise_docking_ws/build/ultralytics_ros' returned '0': CMAKE_PREFIX_PATH=${CMAKE_PREFIX_PATH}:/home/sarthak/precise_docking_ws/install/template_ros2:/home/sarthak/precise_docking_ws/install/reach_the_goal:/home/sarthak/precise_docking_ws/install/autonomous_exploration:/home/sarthak/precise_docking_ws/install/arcuo_marker_detection:/home/sarthak/precise_docking_ws/install/active_localization:/opt/ros/humble ROS_DOMAIN_ID=93 /usr/bin/cmake --install /home/sarthak/precise_docking_ws/build/ultralytics_ros
