[0.449s] DEBUG:colcon:Command line arguments: ['/home/sarthak/.local/bin/colcon', 'build']
[0.449s] DEBUG:colcon:Parsed command line arguments: Namespace(log_base=None, log_level=None, verb_name='build', build_base='build', install_base='install', merge_install=False, symlink_install=False, test_result_base=None, continue_on_error=False, executor='parallel', parallel_workers=20, event_handlers=None, ignore_user_meta=False, metas=['./colcon.meta'], base_paths=['.'], packages_ignore=None, packages_ignore_regex=None, paths=None, packages_up_to=None, packages_up_to_regex=None, packages_above=None, packages_above_and_dependencies=None, packages_above_depth=None, packages_select_by_dep=None, packages_skip_by_dep=None, packages_skip_up_to=None, packages_select_build_failed=False, packages_skip_build_finished=False, packages_select_test_failures=False, packages_skip_test_passed=False, packages_select=None, packages_skip=None, packages_select_regex=None, packages_skip_regex=None, packages_start=None, packages_end=None, allow_overriding=[], bazel_args=None, bazel_task=None, cmake_args=None, cmake_target=None, cmake_target_skip_unavailable=False, cmake_clean_cache=False, cmake_clean_first=False, cmake_force_configure=False, meson_args=[], ament_cmake_args=None, catkin_cmake_args=None, catkin_skip_building_tests=False, mixin_files=None, mixin=None, verb_parser=<colcon_alias.argument_parser.alias.AliasArgumentDecorator object at 0x70b05f433af0>, verb_extension=<colcon_core.verb.build.BuildVerb object at 0x70b05f432bc0>, main=<bound method BuildVerb.main of <colcon_core.verb.build.BuildVerb object at 0x70b05f432bc0>>, mixin_verb=('build',))
[0.476s] Level 1:colcon.colcon_core.package_discovery:discover_packages(colcon_meta) check parameters
[0.476s] Level 1:colcon.colcon_core.package_discovery:discover_packages(recursive) check parameters
[0.476s] Level 1:colcon.colcon_core.package_discovery:discover_packages(ignore) check parameters
[0.476s] Level 1:colcon.colcon_core.package_discovery:discover_packages(path) check parameters
[0.476s] Level 1:colcon.colcon_core.package_discovery:discover_packages(colcon_meta) discover
[0.476s] Level 1:colcon.colcon_core.package_discovery:discover_packages(recursive) discover
[0.476s] INFO:colcon.colcon_core.package_discovery:Crawling recursively for packages in '/home/sarthak/precise_docking_ws'
[0.476s] Level 1:colcon.colcon_core.package_identification:_identify(.) by extensions ['ignore', 'ignore_ament_install']
[0.476s] Level 1:colcon.colcon_core.package_identification:_identify(.) by extension 'ignore'
[0.476s] Level 1:colcon.colcon_core.package_identification:_identify(.) by extension 'ignore_ament_install'
[0.476s] Level 1:colcon.colcon_core.package_identification:_identify(.) by extensions ['colcon_pkg']
[0.476s] Level 1:colcon.colcon_core.package_identification:_identify(.) by extension 'colcon_pkg'
[0.476s] Level 1:colcon.colcon_core.package_identification:_identify(.) by extensions ['colcon_meta']
[0.476s] Level 1:colcon.colcon_core.package_identification:_identify(.) by extension 'colcon_meta'
[0.476s] Level 1:colcon.colcon_core.package_identification:_identify(.) by extensions ['ros']
[0.476s] Level 1:colcon.colcon_core.package_identification:_identify(.) by extension 'ros'
[0.480s] Level 1:colcon.colcon_core.package_identification:_identify(.) by extensions ['bazel', 'cmake', 'meson', 'python']
[0.480s] Level 1:colcon.colcon_core.package_identification:_identify(.) by extension 'bazel'
[0.480s] Level 1:colcon.colcon_core.package_identification:_identify(.) by extension 'cmake'
[0.480s] Level 1:colcon.colcon_core.package_identification:_identify(.) by extension 'meson'
[0.480s] Level 1:colcon.colcon_core.package_identification:_identify(.) by extension 'python'
[0.480s] Level 1:colcon.colcon_core.package_identification:_identify(.) by extensions ['python_setup_py']
[0.480s] Level 1:colcon.colcon_core.package_identification:_identify(.) by extension 'python_setup_py'
[0.481s] Level 1:colcon.colcon_core.package_identification:_identify(build) by extensions ['ignore', 'ignore_ament_install']
[0.481s] Level 1:colcon.colcon_core.package_identification:_identify(build) by extension 'ignore'
[0.481s] Level 1:colcon.colcon_core.package_identification:_identify(build) ignored
[0.481s] Level 1:colcon.colcon_core.package_identification:_identify(install) by extensions ['ignore', 'ignore_ament_install']
[0.481s] Level 1:colcon.colcon_core.package_identification:_identify(install) by extension 'ignore'
[0.481s] Level 1:colcon.colcon_core.package_identification:_identify(install) ignored
[0.481s] Level 1:colcon.colcon_core.package_identification:_identify(log) by extensions ['ignore', 'ignore_ament_install']
[0.481s] Level 1:colcon.colcon_core.package_identification:_identify(log) by extension 'ignore'
[0.481s] Level 1:colcon.colcon_core.package_identification:_identify(log) ignored
[0.481s] Level 1:colcon.colcon_core.package_identification:_identify(src) by extensions ['ignore', 'ignore_ament_install']
[0.481s] Level 1:colcon.colcon_core.package_identification:_identify(src) by extension 'ignore'
[0.481s] Level 1:colcon.colcon_core.package_identification:_identify(src) by extension 'ignore_ament_install'
[0.481s] Level 1:colcon.colcon_core.package_identification:_identify(src) by extensions ['colcon_pkg']
[0.481s] Level 1:colcon.colcon_core.package_identification:_identify(src) by extension 'colcon_pkg'
[0.481s] Level 1:colcon.colcon_core.package_identification:_identify(src) by extensions ['colcon_meta']
[0.481s] Level 1:colcon.colcon_core.package_identification:_identify(src) by extension 'colcon_meta'
[0.481s] Level 1:colcon.colcon_core.package_identification:_identify(src) by extensions ['ros']
[0.481s] Level 1:colcon.colcon_core.package_identification:_identify(src) by extension 'ros'
[0.481s] Level 1:colcon.colcon_core.package_identification:_identify(src) by extensions ['bazel', 'cmake', 'meson', 'python']
[0.481s] Level 1:colcon.colcon_core.package_identification:_identify(src) by extension 'bazel'
[0.481s] Level 1:colcon.colcon_core.package_identification:_identify(src) by extension 'cmake'
[0.482s] Level 1:colcon.colcon_core.package_identification:_identify(src) by extension 'meson'
[0.482s] Level 1:colcon.colcon_core.package_identification:_identify(src) by extension 'python'
[0.482s] Level 1:colcon.colcon_core.package_identification:_identify(src) by extensions ['python_setup_py']
[0.482s] Level 1:colcon.colcon_core.package_identification:_identify(src) by extension 'python_setup_py'
[0.482s] Level 1:colcon.colcon_core.package_identification:_identify(src/arcuo_marker_detection) by extensions ['ignore', 'ignore_ament_install']
[0.482s] Level 1:colcon.colcon_core.package_identification:_identify(src/arcuo_marker_detection) by extension 'ignore'
[0.482s] Level 1:colcon.colcon_core.package_identification:_identify(src/arcuo_marker_detection) by extension 'ignore_ament_install'
[0.482s] Level 1:colcon.colcon_core.package_identification:_identify(src/arcuo_marker_detection) by extensions ['colcon_pkg']
[0.482s] Level 1:colcon.colcon_core.package_identification:_identify(src/arcuo_marker_detection) by extension 'colcon_pkg'
[0.482s] Level 1:colcon.colcon_core.package_identification:_identify(src/arcuo_marker_detection) by extensions ['colcon_meta']
[0.482s] Level 1:colcon.colcon_core.package_identification:_identify(src/arcuo_marker_detection) by extension 'colcon_meta'
[0.482s] Level 1:colcon.colcon_core.package_identification:_identify(src/arcuo_marker_detection) by extensions ['ros']
[0.482s] Level 1:colcon.colcon_core.package_identification:_identify(src/arcuo_marker_detection) by extension 'ros'
[0.485s] DEBUG:colcon.colcon_core.package_identification:Package 'src/arcuo_marker_detection' with type 'ros.ament_python' and name 'arcuo_marker_detection'
[0.486s] Level 1:colcon.colcon_core.package_identification:_identify(src/docking_bringup) by extensions ['ignore', 'ignore_ament_install']
[0.486s] Level 1:colcon.colcon_core.package_identification:_identify(src/docking_bringup) by extension 'ignore'
[0.486s] Level 1:colcon.colcon_core.package_identification:_identify(src/docking_bringup) by extension 'ignore_ament_install'
[0.486s] Level 1:colcon.colcon_core.package_identification:_identify(src/docking_bringup) by extensions ['colcon_pkg']
[0.486s] Level 1:colcon.colcon_core.package_identification:_identify(src/docking_bringup) by extension 'colcon_pkg'
[0.486s] Level 1:colcon.colcon_core.package_identification:_identify(src/docking_bringup) by extensions ['colcon_meta']
[0.486s] Level 1:colcon.colcon_core.package_identification:_identify(src/docking_bringup) by extension 'colcon_meta'
[0.486s] Level 1:colcon.colcon_core.package_identification:_identify(src/docking_bringup) by extensions ['ros']
[0.486s] Level 1:colcon.colcon_core.package_identification:_identify(src/docking_bringup) by extension 'ros'
[0.487s] DEBUG:colcon.colcon_core.package_identification:Package 'src/docking_bringup' with type 'ros.ament_cmake' and name 'docking_bringup'
[0.487s] Level 1:colcon.colcon_core.package_identification:_identify(src/frontend) by extensions ['ignore', 'ignore_ament_install']
[0.487s] Level 1:colcon.colcon_core.package_identification:_identify(src/frontend) by extension 'ignore'
[0.487s] Level 1:colcon.colcon_core.package_identification:_identify(src/frontend) by extension 'ignore_ament_install'
[0.487s] Level 1:colcon.colcon_core.package_identification:_identify(src/frontend) by extensions ['colcon_pkg']
[0.487s] Level 1:colcon.colcon_core.package_identification:_identify(src/frontend) by extension 'colcon_pkg'
[0.487s] Level 1:colcon.colcon_core.package_identification:_identify(src/frontend) by extensions ['colcon_meta']
[0.487s] Level 1:colcon.colcon_core.package_identification:_identify(src/frontend) by extension 'colcon_meta'
[0.487s] Level 1:colcon.colcon_core.package_identification:_identify(src/frontend) by extensions ['ros']
[0.487s] Level 1:colcon.colcon_core.package_identification:_identify(src/frontend) by extension 'ros'
[0.487s] DEBUG:colcon.colcon_core.package_identification:Package 'src/frontend' with type 'ros.ament_python' and name 'frontend'
[0.487s] Level 1:colcon.colcon_core.package_identification:_identify(src/reach_the_goal) by extensions ['ignore', 'ignore_ament_install']
[0.488s] Level 1:colcon.colcon_core.package_identification:_identify(src/reach_the_goal) by extension 'ignore'
[0.488s] Level 1:colcon.colcon_core.package_identification:_identify(src/reach_the_goal) by extension 'ignore_ament_install'
[0.488s] Level 1:colcon.colcon_core.package_identification:_identify(src/reach_the_goal) by extensions ['colcon_pkg']
[0.488s] Level 1:colcon.colcon_core.package_identification:_identify(src/reach_the_goal) by extension 'colcon_pkg'
[0.488s] Level 1:colcon.colcon_core.package_identification:_identify(src/reach_the_goal) by extensions ['colcon_meta']
[0.488s] Level 1:colcon.colcon_core.package_identification:_identify(src/reach_the_goal) by extension 'colcon_meta'
[0.488s] Level 1:colcon.colcon_core.package_identification:_identify(src/reach_the_goal) by extensions ['ros']
[0.488s] Level 1:colcon.colcon_core.package_identification:_identify(src/reach_the_goal) by extension 'ros'
[0.488s] DEBUG:colcon.colcon_core.package_identification:Package 'src/reach_the_goal' with type 'ros.ament_python' and name 'reach_the_goal'
[0.488s] Level 1:colcon.colcon_core.package_identification:_identify(src/template_ros2) by extensions ['ignore', 'ignore_ament_install']
[0.489s] Level 1:colcon.colcon_core.package_identification:_identify(src/template_ros2) by extension 'ignore'
[0.489s] Level 1:colcon.colcon_core.package_identification:_identify(src/template_ros2) by extension 'ignore_ament_install'
[0.489s] Level 1:colcon.colcon_core.package_identification:_identify(src/template_ros2) by extensions ['colcon_pkg']
[0.489s] Level 1:colcon.colcon_core.package_identification:_identify(src/template_ros2) by extension 'colcon_pkg'
[0.489s] Level 1:colcon.colcon_core.package_identification:_identify(src/template_ros2) by extensions ['colcon_meta']
[0.489s] Level 1:colcon.colcon_core.package_identification:_identify(src/template_ros2) by extension 'colcon_meta'
[0.489s] Level 1:colcon.colcon_core.package_identification:_identify(src/template_ros2) by extensions ['ros']
[0.489s] Level 1:colcon.colcon_core.package_identification:_identify(src/template_ros2) by extension 'ros'
[0.490s] DEBUG:colcon.colcon_core.package_identification:Package 'src/template_ros2' with type 'ros.ament_python' and name 'template_ros2'
[0.490s] Level 1:colcon.colcon_core.package_discovery:discover_packages(recursive) using defaults
[0.490s] Level 1:colcon.colcon_core.package_discovery:discover_packages(ignore) discover
[0.490s] Level 1:colcon.colcon_core.package_discovery:discover_packages(ignore) using defaults
[0.490s] Level 1:colcon.colcon_core.package_discovery:discover_packages(path) discover
[0.490s] Level 1:colcon.colcon_core.package_discovery:discover_packages(path) using defaults
[0.509s] Level 1:colcon.colcon_core.package_discovery:discover_packages(prefix_path) check parameters
[0.509s] Level 1:colcon.colcon_core.package_discovery:discover_packages(prefix_path) discover
[0.511s] DEBUG:colcon.colcon_installed_package_information.package_discovery:Found 1 installed packages in /home/sarthak/Masters-Thesis-Precise-docking-with-Active-perception/install
[0.512s] DEBUG:colcon.colcon_installed_package_information.package_discovery:Found 5 installed packages in /home/sarthak/precise_docking_ws/install
[0.512s] DEBUG:colcon.colcon_installed_package_information.package_discovery:Found 4 installed packages in /home/sarthak/template_ws/install
[0.513s] DEBUG:colcon.colcon_installed_package_information.package_discovery:Found 13 installed packages in /home/sarthak/ws/install
[0.513s] DEBUG:colcon.colcon_installed_package_information.package_discovery:Found 4 installed packages in /home/sarthak/feature_based_robust_localization/install
[0.513s] DEBUG:colcon.colcon_installed_package_information.package_discovery:Found 1 installed packages in /home/sarthak/dev_ws/install
[0.514s] DEBUG:colcon.colcon_installed_package_information.package_discovery:Found 4 installed packages in /home/sarthak/precise_docking_simulatiom_ws/install
[0.515s] DEBUG:colcon.colcon_installed_package_information.package_discovery:Found 394 installed packages in /opt/ros/humble
[0.516s] Level 1:colcon.colcon_core.package_discovery:discover_packages(prefix_path) using defaults
[0.559s] Level 5:colcon.colcon_core.verb:set package 'arcuo_marker_detection' build argument 'bazel_args' from command line to 'None'
[0.559s] Level 5:colcon.colcon_core.verb:set package 'arcuo_marker_detection' build argument 'bazel_task' from command line to 'None'
[0.560s] Level 5:colcon.colcon_core.verb:set package 'arcuo_marker_detection' build argument 'cmake_args' from command line to 'None'
[0.560s] Level 5:colcon.colcon_core.verb:set package 'arcuo_marker_detection' build argument 'cmake_target' from command line to 'None'
[0.560s] Level 5:colcon.colcon_core.verb:set package 'arcuo_marker_detection' build argument 'cmake_target_skip_unavailable' from command line to 'False'
[0.560s] Level 5:colcon.colcon_core.verb:set package 'arcuo_marker_detection' build argument 'cmake_clean_cache' from command line to 'False'
[0.560s] Level 5:colcon.colcon_core.verb:set package 'arcuo_marker_detection' build argument 'cmake_clean_first' from command line to 'False'
[0.560s] Level 5:colcon.colcon_core.verb:set package 'arcuo_marker_detection' build argument 'cmake_force_configure' from command line to 'False'
[0.560s] Level 5:colcon.colcon_core.verb:set package 'arcuo_marker_detection' build argument 'meson_args' from command line to '[]'
[0.560s] Level 5:colcon.colcon_core.verb:set package 'arcuo_marker_detection' build argument 'ament_cmake_args' from command line to 'None'
[0.560s] Level 5:colcon.colcon_core.verb:set package 'arcuo_marker_detection' build argument 'catkin_cmake_args' from command line to 'None'
[0.560s] Level 5:colcon.colcon_core.verb:set package 'arcuo_marker_detection' build argument 'catkin_skip_building_tests' from command line to 'False'
[0.560s] DEBUG:colcon.colcon_core.verb:Building package 'arcuo_marker_detection' with the following arguments: {'ament_cmake_args': None, 'bazel_args': None, 'bazel_task': None, 'build_base': '/home/sarthak/precise_docking_ws/build/arcuo_marker_detection', 'catkin_cmake_args': None, 'catkin_skip_building_tests': False, 'cmake_args': None, 'cmake_clean_cache': False, 'cmake_clean_first': False, 'cmake_force_configure': False, 'cmake_target': None, 'cmake_target_skip_unavailable': False, 'install_base': '/home/sarthak/precise_docking_ws/install/arcuo_marker_detection', 'merge_install': False, 'meson_args': [], 'path': '/home/sarthak/precise_docking_ws/src/arcuo_marker_detection', 'symlink_install': False, 'test_result_base': None}
[0.568s] Level 5:colcon.colcon_core.verb:set package 'frontend' build argument 'bazel_args' from command line to 'None'
[0.568s] Level 5:colcon.colcon_core.verb:set package 'frontend' build argument 'bazel_task' from command line to 'None'
[0.568s] Level 5:colcon.colcon_core.verb:set package 'frontend' build argument 'cmake_args' from command line to 'None'
[0.568s] Level 5:colcon.colcon_core.verb:set package 'frontend' build argument 'cmake_target' from command line to 'None'
[0.568s] Level 5:colcon.colcon_core.verb:set package 'frontend' build argument 'cmake_target_skip_unavailable' from command line to 'False'
[0.568s] Level 5:colcon.colcon_core.verb:set package 'frontend' build argument 'cmake_clean_cache' from command line to 'False'
[0.568s] Level 5:colcon.colcon_core.verb:set package 'frontend' build argument 'cmake_clean_first' from command line to 'False'
[0.568s] Level 5:colcon.colcon_core.verb:set package 'frontend' build argument 'cmake_force_configure' from command line to 'False'
[0.568s] Level 5:colcon.colcon_core.verb:set package 'frontend' build argument 'meson_args' from command line to '[]'
[0.568s] Level 5:colcon.colcon_core.verb:set package 'frontend' build argument 'ament_cmake_args' from command line to 'None'
[0.568s] Level 5:colcon.colcon_core.verb:set package 'frontend' build argument 'catkin_cmake_args' from command line to 'None'
[0.568s] Level 5:colcon.colcon_core.verb:set package 'frontend' build argument 'catkin_skip_building_tests' from command line to 'False'
[0.568s] DEBUG:colcon.colcon_core.verb:Building package 'frontend' with the following arguments: {'ament_cmake_args': None, 'bazel_args': None, 'bazel_task': None, 'build_base': '/home/sarthak/precise_docking_ws/build/frontend', 'catkin_cmake_args': None, 'catkin_skip_building_tests': False, 'cmake_args': None, 'cmake_clean_cache': False, 'cmake_clean_first': False, 'cmake_force_configure': False, 'cmake_target': None, 'cmake_target_skip_unavailable': False, 'install_base': '/home/sarthak/precise_docking_ws/install/frontend', 'merge_install': False, 'meson_args': [], 'path': '/home/sarthak/precise_docking_ws/src/frontend', 'symlink_install': False, 'test_result_base': None}
[0.576s] Level 5:colcon.colcon_core.verb:set package 'reach_the_goal' build argument 'bazel_args' from command line to 'None'
[0.576s] Level 5:colcon.colcon_core.verb:set package 'reach_the_goal' build argument 'bazel_task' from command line to 'None'
[0.576s] Level 5:colcon.colcon_core.verb:set package 'reach_the_goal' build argument 'cmake_args' from command line to 'None'
[0.576s] Level 5:colcon.colcon_core.verb:set package 'reach_the_goal' build argument 'cmake_target' from command line to 'None'
[0.576s] Level 5:colcon.colcon_core.verb:set package 'reach_the_goal' build argument 'cmake_target_skip_unavailable' from command line to 'False'
[0.576s] Level 5:colcon.colcon_core.verb:set package 'reach_the_goal' build argument 'cmake_clean_cache' from command line to 'False'
[0.576s] Level 5:colcon.colcon_core.verb:set package 'reach_the_goal' build argument 'cmake_clean_first' from command line to 'False'
[0.576s] Level 5:colcon.colcon_core.verb:set package 'reach_the_goal' build argument 'cmake_force_configure' from command line to 'False'
[0.576s] Level 5:colcon.colcon_core.verb:set package 'reach_the_goal' build argument 'meson_args' from command line to '[]'
[0.576s] Level 5:colcon.colcon_core.verb:set package 'reach_the_goal' build argument 'ament_cmake_args' from command line to 'None'
[0.576s] Level 5:colcon.colcon_core.verb:set package 'reach_the_goal' build argument 'catkin_cmake_args' from command line to 'None'
[0.576s] Level 5:colcon.colcon_core.verb:set package 'reach_the_goal' build argument 'catkin_skip_building_tests' from command line to 'False'
[0.576s] DEBUG:colcon.colcon_core.verb:Building package 'reach_the_goal' with the following arguments: {'ament_cmake_args': None, 'bazel_args': None, 'bazel_task': None, 'build_base': '/home/sarthak/precise_docking_ws/build/reach_the_goal', 'catkin_cmake_args': None, 'catkin_skip_building_tests': False, 'cmake_args': None, 'cmake_clean_cache': False, 'cmake_clean_first': False, 'cmake_force_configure': False, 'cmake_target': None, 'cmake_target_skip_unavailable': False, 'install_base': '/home/sarthak/precise_docking_ws/install/reach_the_goal', 'merge_install': False, 'meson_args': [], 'path': '/home/sarthak/precise_docking_ws/src/reach_the_goal', 'symlink_install': False, 'test_result_base': None}
[0.585s] Level 5:colcon.colcon_core.verb:set package 'template_ros2' build argument 'bazel_args' from command line to 'None'
[0.585s] Level 5:colcon.colcon_core.verb:set package 'template_ros2' build argument 'bazel_task' from command line to 'None'
[0.585s] Level 5:colcon.colcon_core.verb:set package 'template_ros2' build argument 'cmake_args' from command line to 'None'
[0.585s] Level 5:colcon.colcon_core.verb:set package 'template_ros2' build argument 'cmake_target' from command line to 'None'
[0.585s] Level 5:colcon.colcon_core.verb:set package 'template_ros2' build argument 'cmake_target_skip_unavailable' from command line to 'False'
[0.585s] Level 5:colcon.colcon_core.verb:set package 'template_ros2' build argument 'cmake_clean_cache' from command line to 'False'
[0.585s] Level 5:colcon.colcon_core.verb:set package 'template_ros2' build argument 'cmake_clean_first' from command line to 'False'
[0.585s] Level 5:colcon.colcon_core.verb:set package 'template_ros2' build argument 'cmake_force_configure' from command line to 'False'
[0.585s] Level 5:colcon.colcon_core.verb:set package 'template_ros2' build argument 'meson_args' from command line to '[]'
[0.585s] Level 5:colcon.colcon_core.verb:set package 'template_ros2' build argument 'ament_cmake_args' from command line to 'None'
[0.585s] Level 5:colcon.colcon_core.verb:set package 'template_ros2' build argument 'catkin_cmake_args' from command line to 'None'
[0.585s] Level 5:colcon.colcon_core.verb:set package 'template_ros2' build argument 'catkin_skip_building_tests' from command line to 'False'
[0.585s] DEBUG:colcon.colcon_core.verb:Building package 'template_ros2' with the following arguments: {'ament_cmake_args': None, 'bazel_args': None, 'bazel_task': None, 'build_base': '/home/sarthak/precise_docking_ws/build/template_ros2', 'catkin_cmake_args': None, 'catkin_skip_building_tests': False, 'cmake_args': None, 'cmake_clean_cache': False, 'cmake_clean_first': False, 'cmake_force_configure': False, 'cmake_target': None, 'cmake_target_skip_unavailable': False, 'install_base': '/home/sarthak/precise_docking_ws/install/template_ros2', 'merge_install': False, 'meson_args': [], 'path': '/home/sarthak/precise_docking_ws/src/template_ros2', 'symlink_install': False, 'test_result_base': None}
[0.593s] Level 5:colcon.colcon_core.verb:set package 'docking_bringup' build argument 'bazel_args' from command line to 'None'
[0.593s] Level 5:colcon.colcon_core.verb:set package 'docking_bringup' build argument 'bazel_task' from command line to 'None'
[0.593s] Level 5:colcon.colcon_core.verb:set package 'docking_bringup' build argument 'cmake_args' from command line to 'None'
[0.593s] Level 5:colcon.colcon_core.verb:set package 'docking_bringup' build argument 'cmake_target' from command line to 'None'
[0.593s] Level 5:colcon.colcon_core.verb:set package 'docking_bringup' build argument 'cmake_target_skip_unavailable' from command line to 'False'
[0.593s] Level 5:colcon.colcon_core.verb:set package 'docking_bringup' build argument 'cmake_clean_cache' from command line to 'False'
[0.593s] Level 5:colcon.colcon_core.verb:set package 'docking_bringup' build argument 'cmake_clean_first' from command line to 'False'
[0.593s] Level 5:colcon.colcon_core.verb:set package 'docking_bringup' build argument 'cmake_force_configure' from command line to 'False'
[0.593s] Level 5:colcon.colcon_core.verb:set package 'docking_bringup' build argument 'meson_args' from command line to '[]'
[0.593s] Level 5:colcon.colcon_core.verb:set package 'docking_bringup' build argument 'ament_cmake_args' from command line to 'None'
[0.593s] Level 5:colcon.colcon_core.verb:set package 'docking_bringup' build argument 'catkin_cmake_args' from command line to 'None'
[0.593s] Level 5:colcon.colcon_core.verb:set package 'docking_bringup' build argument 'catkin_skip_building_tests' from command line to 'False'
[0.593s] DEBUG:colcon.colcon_core.verb:Building package 'docking_bringup' with the following arguments: {'ament_cmake_args': None, 'bazel_args': None, 'bazel_task': None, 'build_base': '/home/sarthak/precise_docking_ws/build/docking_bringup', 'catkin_cmake_args': None, 'catkin_skip_building_tests': False, 'cmake_args': None, 'cmake_clean_cache': False, 'cmake_clean_first': False, 'cmake_force_configure': False, 'cmake_target': None, 'cmake_target_skip_unavailable': False, 'install_base': '/home/sarthak/precise_docking_ws/install/docking_bringup', 'merge_install': False, 'meson_args': [], 'path': '/home/sarthak/precise_docking_ws/src/docking_bringup', 'symlink_install': False, 'test_result_base': None}
[0.593s] INFO:colcon.colcon_core.executor:Executing jobs using 'parallel' executor
[0.595s] DEBUG:colcon.colcon_parallel_executor.executor.parallel:run_until_complete
[0.595s] INFO:colcon.colcon_ros.task.ament_python.build:Building ROS package in '/home/sarthak/precise_docking_ws/src/arcuo_marker_detection' with build type 'ament_python'
[0.596s] Level 1:colcon.colcon_core.shell:create_environment_hook('arcuo_marker_detection', 'ament_prefix_path')
[0.598s] INFO:colcon.colcon_core.plugin_system:Skipping extension 'colcon_core.shell.bat': Not used on non-Windows systems
[0.598s] INFO:colcon.colcon_core.shell:Creating environment hook '/home/sarthak/precise_docking_ws/install/arcuo_marker_detection/share/arcuo_marker_detection/hook/ament_prefix_path.ps1'
[0.599s] INFO:colcon.colcon_core.shell:Creating environment descriptor '/home/sarthak/precise_docking_ws/install/arcuo_marker_detection/share/arcuo_marker_detection/hook/ament_prefix_path.dsv'
[0.599s] INFO:colcon.colcon_core.shell:Creating environment hook '/home/sarthak/precise_docking_ws/install/arcuo_marker_detection/share/arcuo_marker_detection/hook/ament_prefix_path.sh'
[0.600s] DEBUG:colcon.colcon_ros_domain_id_coordinator.shell.ros_domain_id:Allocated ROS_DOMAIN_ID=5 for '/home/sarthak/precise_docking_ws/build/arcuo_marker_detection'
[0.600s] INFO:colcon.colcon_core.shell:Skip shell extension 'ros_domain_id' for command environment: 
[0.600s] INFO:colcon.colcon_core.shell:Skip shell extension 'powershell' for command environment: Not usable outside of PowerShell
[0.600s] DEBUG:colcon.colcon_core.shell:Skip shell extension 'dsv' for command environment
[0.606s] INFO:colcon.colcon_ros.task.ament_python.build:Building ROS package in '/home/sarthak/precise_docking_ws/src/frontend' with build type 'ament_python'
[0.606s] Level 1:colcon.colcon_core.shell:create_environment_hook('frontend', 'ament_prefix_path')
[0.606s] INFO:colcon.colcon_core.shell:Creating environment hook '/home/sarthak/precise_docking_ws/install/frontend/share/frontend/hook/ament_prefix_path.ps1'
[0.607s] INFO:colcon.colcon_core.shell:Creating environment descriptor '/home/sarthak/precise_docking_ws/install/frontend/share/frontend/hook/ament_prefix_path.dsv'
[0.608s] INFO:colcon.colcon_core.shell:Creating environment hook '/home/sarthak/precise_docking_ws/install/frontend/share/frontend/hook/ament_prefix_path.sh'
[0.609s] DEBUG:colcon.colcon_ros_domain_id_coordinator.shell.ros_domain_id:Allocated ROS_DOMAIN_ID=91 for '/home/sarthak/precise_docking_ws/build/frontend'
[0.609s] INFO:colcon.colcon_core.shell:Skip shell extension 'ros_domain_id' for command environment: 
[0.609s] INFO:colcon.colcon_core.shell:Skip shell extension 'powershell' for command environment: Not usable outside of PowerShell
[0.609s] DEBUG:colcon.colcon_core.shell:Skip shell extension 'dsv' for command environment
[0.614s] INFO:colcon.colcon_ros.task.ament_python.build:Building ROS package in '/home/sarthak/precise_docking_ws/src/reach_the_goal' with build type 'ament_python'
[0.614s] Level 1:colcon.colcon_core.shell:create_environment_hook('reach_the_goal', 'ament_prefix_path')
[0.614s] INFO:colcon.colcon_core.shell:Creating environment hook '/home/sarthak/precise_docking_ws/install/reach_the_goal/share/reach_the_goal/hook/ament_prefix_path.ps1'
[0.615s] INFO:colcon.colcon_core.shell:Creating environment descriptor '/home/sarthak/precise_docking_ws/install/reach_the_goal/share/reach_the_goal/hook/ament_prefix_path.dsv'
[0.615s] INFO:colcon.colcon_core.shell:Creating environment hook '/home/sarthak/precise_docking_ws/install/reach_the_goal/share/reach_the_goal/hook/ament_prefix_path.sh'
[0.616s] DEBUG:colcon.colcon_ros_domain_id_coordinator.shell.ros_domain_id:Allocated ROS_DOMAIN_ID=219 for '/home/sarthak/precise_docking_ws/build/reach_the_goal'
[0.616s] INFO:colcon.colcon_core.shell:Skip shell extension 'ros_domain_id' for command environment: 
[0.616s] INFO:colcon.colcon_core.shell:Skip shell extension 'powershell' for command environment: Not usable outside of PowerShell
[0.616s] DEBUG:colcon.colcon_core.shell:Skip shell extension 'dsv' for command environment
[0.622s] INFO:colcon.colcon_ros.task.ament_python.build:Building ROS package in '/home/sarthak/precise_docking_ws/src/template_ros2' with build type 'ament_python'
[0.622s] Level 1:colcon.colcon_core.shell:create_environment_hook('template_ros2', 'ament_prefix_path')
[0.622s] INFO:colcon.colcon_core.shell:Creating environment hook '/home/sarthak/precise_docking_ws/install/template_ros2/share/template_ros2/hook/ament_prefix_path.ps1'
[0.623s] INFO:colcon.colcon_core.shell:Creating environment descriptor '/home/sarthak/precise_docking_ws/install/template_ros2/share/template_ros2/hook/ament_prefix_path.dsv'
[0.623s] INFO:colcon.colcon_core.shell:Creating environment hook '/home/sarthak/precise_docking_ws/install/template_ros2/share/template_ros2/hook/ament_prefix_path.sh'
[0.624s] DEBUG:colcon.colcon_ros_domain_id_coordinator.shell.ros_domain_id:Allocated ROS_DOMAIN_ID=76 for '/home/sarthak/precise_docking_ws/build/template_ros2'
[0.624s] INFO:colcon.colcon_core.shell:Skip shell extension 'ros_domain_id' for command environment: 
[0.624s] INFO:colcon.colcon_core.shell:Skip shell extension 'powershell' for command environment: Not usable outside of PowerShell
[0.624s] DEBUG:colcon.colcon_core.shell:Skip shell extension 'dsv' for command environment
[0.892s] INFO:colcon.colcon_core.task.python.build:Building Python package in '/home/sarthak/precise_docking_ws/src/arcuo_marker_detection'
[0.892s] DEBUG:colcon.colcon_ros_domain_id_coordinator.shell.ros_domain_id:Allocated ROS_DOMAIN_ID=5 for '/home/sarthak/precise_docking_ws/build/arcuo_marker_detection'
[0.892s] INFO:colcon.colcon_core.shell:Skip shell extension 'ros_domain_id' for command environment: 
[0.892s] INFO:colcon.colcon_core.shell:Skip shell extension 'powershell' for command environment: Not usable outside of PowerShell
[0.892s] DEBUG:colcon.colcon_core.shell:Skip shell extension 'dsv' for command environment
[1.181s] INFO:colcon.colcon_core.task.python.build:Building Python package in '/home/sarthak/precise_docking_ws/src/frontend'
[1.182s] DEBUG:colcon.colcon_ros_domain_id_coordinator.shell.ros_domain_id:Allocated ROS_DOMAIN_ID=91 for '/home/sarthak/precise_docking_ws/build/frontend'
[1.182s] INFO:colcon.colcon_core.shell:Skip shell extension 'ros_domain_id' for command environment: 
[1.182s] INFO:colcon.colcon_core.shell:Skip shell extension 'powershell' for command environment: Not usable outside of PowerShell
[1.182s] DEBUG:colcon.colcon_core.shell:Skip shell extension 'dsv' for command environment
[1.468s] INFO:colcon.colcon_core.task.python.build:Building Python package in '/home/sarthak/precise_docking_ws/src/reach_the_goal'
[1.469s] DEBUG:colcon.colcon_ros_domain_id_coordinator.shell.ros_domain_id:Allocated ROS_DOMAIN_ID=219 for '/home/sarthak/precise_docking_ws/build/reach_the_goal'
[1.469s] INFO:colcon.colcon_core.shell:Skip shell extension 'ros_domain_id' for command environment: 
[1.469s] INFO:colcon.colcon_core.shell:Skip shell extension 'powershell' for command environment: Not usable outside of PowerShell
[1.469s] DEBUG:colcon.colcon_core.shell:Skip shell extension 'dsv' for command environment
[1.809s] INFO:colcon.colcon_core.task.python.build:Building Python package in '/home/sarthak/precise_docking_ws/src/template_ros2'
[1.809s] DEBUG:colcon.colcon_ros_domain_id_coordinator.shell.ros_domain_id:Allocated ROS_DOMAIN_ID=76 for '/home/sarthak/precise_docking_ws/build/template_ros2'
[1.809s] INFO:colcon.colcon_core.shell:Skip shell extension 'ros_domain_id' for command environment: 
[1.809s] INFO:colcon.colcon_core.shell:Skip shell extension 'powershell' for command environment: Not usable outside of PowerShell
[1.809s] DEBUG:colcon.colcon_core.shell:Skip shell extension 'dsv' for command environment
[2.284s] DEBUG:colcon.colcon_core.event_handler.log_command:Invoking command in '/home/sarthak/precise_docking_ws/src/frontend': PYTHONPATH=/home/sarthak/precise_docking_ws/build/frontend/prefix_override:/home/sarthak/.local/lib/python3.10/site-packages/colcon_core/task/python/colcon_distutils_commands:/home/sarthak/precise_docking_ws/install/frontend/lib/python3.10/site-packages:${PYTHONPATH} ROS_DOMAIN_ID=91 /usr/bin/python3 -W ignore:setup.py install is deprecated setup.py egg_info --egg-base ../../build/frontend build --build-base /home/sarthak/precise_docking_ws/build/frontend/build install --record /home/sarthak/precise_docking_ws/build/frontend/install.log --single-version-externally-managed install_data
[2.290s] DEBUG:colcon.colcon_core.event_handler.log_command:Invoking command in '/home/sarthak/precise_docking_ws/src/reach_the_goal': PYTHONPATH=/home/sarthak/precise_docking_ws/build/reach_the_goal/prefix_override:/home/sarthak/.local/lib/python3.10/site-packages/colcon_core/task/python/colcon_distutils_commands:/home/sarthak/precise_docking_ws/install/reach_the_goal/lib/python3.10/site-packages:${PYTHONPATH} ROS_DOMAIN_ID=219 /usr/bin/python3 -W ignore:setup.py install is deprecated setup.py egg_info --egg-base ../../build/reach_the_goal build --build-base /home/sarthak/precise_docking_ws/build/reach_the_goal/build install --record /home/sarthak/precise_docking_ws/build/reach_the_goal/install.log --single-version-externally-managed install_data
[2.309s] DEBUG:colcon.colcon_core.event_handler.log_command:Invoking command in '/home/sarthak/precise_docking_ws/src/template_ros2': PYTHONPATH=/home/sarthak/precise_docking_ws/build/template_ros2/prefix_override:/home/sarthak/.local/lib/python3.10/site-packages/colcon_core/task/python/colcon_distutils_commands:/home/sarthak/precise_docking_ws/install/template_ros2/lib/python3.10/site-packages:${PYTHONPATH} /usr/bin/python3 -W ignore:setup.py install is deprecated setup.py egg_info --egg-base ../../build/template_ros2 build --build-base /home/sarthak/precise_docking_ws/build/template_ros2/build install --record /home/sarthak/precise_docking_ws/build/template_ros2/install.log --single-version-externally-managed install_data
[2.418s] DEBUG:colcon.colcon_core.event_handler.log_command:Invoking command in '/home/sarthak/precise_docking_ws/src/arcuo_marker_detection': PYTHONPATH=/home/sarthak/precise_docking_ws/build/arcuo_marker_detection/prefix_override:/home/sarthak/.local/lib/python3.10/site-packages/colcon_core/task/python/colcon_distutils_commands:/home/sarthak/precise_docking_ws/install/arcuo_marker_detection/lib/python3.10/site-packages:${PYTHONPATH} ROS_DOMAIN_ID=5 /usr/bin/python3 -W ignore:setup.py install is deprecated setup.py egg_info --egg-base ../../build/arcuo_marker_detection build --build-base /home/sarthak/precise_docking_ws/build/arcuo_marker_detection/build install --record /home/sarthak/precise_docking_ws/build/arcuo_marker_detection/install.log --single-version-externally-managed install_data
[2.646s] DEBUG:colcon.colcon_core.event_handler.log_command:Invoked command in '/home/sarthak/precise_docking_ws/src/frontend' returned '0': PYTHONPATH=/home/sarthak/precise_docking_ws/build/frontend/prefix_override:/home/sarthak/.local/lib/python3.10/site-packages/colcon_core/task/python/colcon_distutils_commands:/home/sarthak/precise_docking_ws/install/frontend/lib/python3.10/site-packages:${PYTHONPATH} ROS_DOMAIN_ID=91 /usr/bin/python3 -W ignore:setup.py install is deprecated setup.py egg_info --egg-base ../../build/frontend build --build-base /home/sarthak/precise_docking_ws/build/frontend/build install --record /home/sarthak/precise_docking_ws/build/frontend/install.log --single-version-externally-managed install_data
[2.649s] Level 1:colcon.colcon_core.environment:checking '/home/sarthak/precise_docking_ws/install/frontend' for CMake module files
[2.650s] Level 1:colcon.colcon_core.environment:checking '/home/sarthak/precise_docking_ws/install/frontend' for CMake config files
[2.652s] Level 1:colcon.colcon_core.environment:checking '/home/sarthak/precise_docking_ws/install/frontend/lib'
[2.652s] Level 1:colcon.colcon_core.environment:checking '/home/sarthak/precise_docking_ws/install/frontend/bin'
[2.652s] Level 1:colcon.colcon_core.environment:checking '/home/sarthak/precise_docking_ws/install/frontend/lib/pkgconfig/frontend.pc'
[2.653s] Level 1:colcon.colcon_core.environment:checking '/home/sarthak/precise_docking_ws/install/frontend/lib/python3.10/site-packages'
[2.653s] Level 1:colcon.colcon_core.shell:create_environment_hook('frontend', 'pythonpath')
[2.653s] INFO:colcon.colcon_core.shell:Creating environment hook '/home/sarthak/precise_docking_ws/install/frontend/share/frontend/hook/pythonpath.ps1'
[2.654s] INFO:colcon.colcon_core.shell:Creating environment descriptor '/home/sarthak/precise_docking_ws/install/frontend/share/frontend/hook/pythonpath.dsv'
[2.654s] INFO:colcon.colcon_core.shell:Creating environment hook '/home/sarthak/precise_docking_ws/install/frontend/share/frontend/hook/pythonpath.sh'
[2.655s] Level 1:colcon.colcon_core.environment:checking '/home/sarthak/precise_docking_ws/install/frontend/bin'
[2.655s] Level 1:colcon.colcon_core.environment:create_environment_scripts_only(frontend)
[2.656s] INFO:colcon.colcon_core.shell:Creating package script '/home/sarthak/precise_docking_ws/install/frontend/share/frontend/package.ps1'
[2.657s] INFO:colcon.colcon_core.shell:Creating package descriptor '/home/sarthak/precise_docking_ws/install/frontend/share/frontend/package.dsv'
[2.657s] INFO:colcon.colcon_core.shell:Creating package script '/home/sarthak/precise_docking_ws/install/frontend/share/frontend/package.sh'
[2.658s] INFO:colcon.colcon_core.shell:Creating package script '/home/sarthak/precise_docking_ws/install/frontend/share/frontend/package.bash'
[2.660s] INFO:colcon.colcon_core.shell:Creating package script '/home/sarthak/precise_docking_ws/install/frontend/share/frontend/package.zsh'
[2.661s] Level 1:colcon.colcon_core.environment:create_file_with_runtime_dependencies(/home/sarthak/precise_docking_ws/install/frontend/share/colcon-core/packages/frontend)
[2.661s] DEBUG:colcon.colcon_ros_domain_id_coordinator.shell.ros_domain_id:Released ROS_DOMAIN_ID=91 for '/home/sarthak/precise_docking_ws/build/frontend'
[2.678s] Level 1:colcon.colcon_core.environment:checking '/home/sarthak/precise_docking_ws/install/reach_the_goal' for CMake module files
[2.679s] DEBUG:colcon.colcon_core.event_handler.log_command:Invoked command in '/home/sarthak/precise_docking_ws/src/reach_the_goal' returned '0': PYTHONPATH=/home/sarthak/precise_docking_ws/build/reach_the_goal/prefix_override:/home/sarthak/.local/lib/python3.10/site-packages/colcon_core/task/python/colcon_distutils_commands:/home/sarthak/precise_docking_ws/install/reach_the_goal/lib/python3.10/site-packages:${PYTHONPATH} ROS_DOMAIN_ID=219 /usr/bin/python3 -W ignore:setup.py install is deprecated setup.py egg_info --egg-base ../../build/reach_the_goal build --build-base /home/sarthak/precise_docking_ws/build/reach_the_goal/build install --record /home/sarthak/precise_docking_ws/build/reach_the_goal/install.log --single-version-externally-managed install_data
[2.679s] Level 1:colcon.colcon_core.environment:checking '/home/sarthak/precise_docking_ws/install/reach_the_goal' for CMake config files
[2.679s] Level 1:colcon.colcon_core.environment:checking '/home/sarthak/precise_docking_ws/install/reach_the_goal/lib'
[2.679s] Level 1:colcon.colcon_core.environment:checking '/home/sarthak/precise_docking_ws/install/reach_the_goal/bin'
[2.679s] Level 1:colcon.colcon_core.environment:checking '/home/sarthak/precise_docking_ws/install/reach_the_goal/lib/pkgconfig/reach_the_goal.pc'
[2.680s] Level 1:colcon.colcon_core.environment:checking '/home/sarthak/precise_docking_ws/install/reach_the_goal/lib/python3.10/site-packages'
[2.680s] Level 1:colcon.colcon_core.shell:create_environment_hook('reach_the_goal', 'pythonpath')
[2.680s] INFO:colcon.colcon_core.shell:Creating environment hook '/home/sarthak/precise_docking_ws/install/reach_the_goal/share/reach_the_goal/hook/pythonpath.ps1'
[2.681s] INFO:colcon.colcon_core.shell:Creating environment descriptor '/home/sarthak/precise_docking_ws/install/reach_the_goal/share/reach_the_goal/hook/pythonpath.dsv'
[2.681s] INFO:colcon.colcon_core.shell:Creating environment hook '/home/sarthak/precise_docking_ws/install/reach_the_goal/share/reach_the_goal/hook/pythonpath.sh'
[2.681s] Level 1:colcon.colcon_core.environment:checking '/home/sarthak/precise_docking_ws/install/reach_the_goal/bin'
[2.681s] Level 1:colcon.colcon_core.environment:create_environment_scripts_only(reach_the_goal)
[2.682s] INFO:colcon.colcon_core.shell:Creating package script '/home/sarthak/precise_docking_ws/install/reach_the_goal/share/reach_the_goal/package.ps1'
[2.682s] INFO:colcon.colcon_core.shell:Creating package descriptor '/home/sarthak/precise_docking_ws/install/reach_the_goal/share/reach_the_goal/package.dsv'
[2.683s] INFO:colcon.colcon_core.shell:Creating package script '/home/sarthak/precise_docking_ws/install/reach_the_goal/share/reach_the_goal/package.sh'
[2.683s] INFO:colcon.colcon_core.shell:Creating package script '/home/sarthak/precise_docking_ws/install/reach_the_goal/share/reach_the_goal/package.bash'
[2.683s] INFO:colcon.colcon_core.shell:Creating package script '/home/sarthak/precise_docking_ws/install/reach_the_goal/share/reach_the_goal/package.zsh'
[2.684s] Level 1:colcon.colcon_core.environment:create_file_with_runtime_dependencies(/home/sarthak/precise_docking_ws/install/reach_the_goal/share/colcon-core/packages/reach_the_goal)
[2.684s] DEBUG:colcon.colcon_ros_domain_id_coordinator.shell.ros_domain_id:Released ROS_DOMAIN_ID=219 for '/home/sarthak/precise_docking_ws/build/reach_the_goal'
[2.686s] Level 1:colcon.colcon_core.environment:checking '/home/sarthak/precise_docking_ws/install/template_ros2' for CMake module files
[2.687s] DEBUG:colcon.colcon_core.event_handler.log_command:Invoked command in '/home/sarthak/precise_docking_ws/src/template_ros2' returned '0': PYTHONPATH=/home/sarthak/precise_docking_ws/build/template_ros2/prefix_override:/home/sarthak/.local/lib/python3.10/site-packages/colcon_core/task/python/colcon_distutils_commands:/home/sarthak/precise_docking_ws/install/template_ros2/lib/python3.10/site-packages:${PYTHONPATH} /usr/bin/python3 -W ignore:setup.py install is deprecated setup.py egg_info --egg-base ../../build/template_ros2 build --build-base /home/sarthak/precise_docking_ws/build/template_ros2/build install --record /home/sarthak/precise_docking_ws/build/template_ros2/install.log --single-version-externally-managed install_data
[2.688s] Level 1:colcon.colcon_core.environment:checking '/home/sarthak/precise_docking_ws/install/template_ros2' for CMake config files
[2.689s] Level 1:colcon.colcon_core.environment:checking '/home/sarthak/precise_docking_ws/install/template_ros2/lib'
[2.689s] Level 1:colcon.colcon_core.environment:checking '/home/sarthak/precise_docking_ws/install/template_ros2/bin'
[2.689s] Level 1:colcon.colcon_core.environment:checking '/home/sarthak/precise_docking_ws/install/template_ros2/lib/pkgconfig/template_ros2.pc'
[2.689s] Level 1:colcon.colcon_core.environment:checking '/home/sarthak/precise_docking_ws/install/template_ros2/lib/python3.10/site-packages'
[2.689s] Level 1:colcon.colcon_core.shell:create_environment_hook('template_ros2', 'pythonpath')
[2.690s] INFO:colcon.colcon_core.shell:Creating environment hook '/home/sarthak/precise_docking_ws/install/template_ros2/share/template_ros2/hook/pythonpath.ps1'
[2.690s] INFO:colcon.colcon_core.shell:Creating environment descriptor '/home/sarthak/precise_docking_ws/install/template_ros2/share/template_ros2/hook/pythonpath.dsv'
[2.691s] INFO:colcon.colcon_core.shell:Creating environment hook '/home/sarthak/precise_docking_ws/install/template_ros2/share/template_ros2/hook/pythonpath.sh'
[2.691s] Level 1:colcon.colcon_core.environment:checking '/home/sarthak/precise_docking_ws/install/template_ros2/bin'
[2.692s] Level 1:colcon.colcon_core.environment:create_environment_scripts_only(template_ros2)
[2.692s] INFO:colcon.colcon_core.shell:Creating package script '/home/sarthak/precise_docking_ws/install/template_ros2/share/template_ros2/package.ps1'
[2.693s] INFO:colcon.colcon_core.shell:Creating package descriptor '/home/sarthak/precise_docking_ws/install/template_ros2/share/template_ros2/package.dsv'
[2.694s] INFO:colcon.colcon_core.shell:Creating package script '/home/sarthak/precise_docking_ws/install/template_ros2/share/template_ros2/package.sh'
[2.695s] INFO:colcon.colcon_core.shell:Creating package script '/home/sarthak/precise_docking_ws/install/template_ros2/share/template_ros2/package.bash'
[2.695s] INFO:colcon.colcon_core.shell:Creating package script '/home/sarthak/precise_docking_ws/install/template_ros2/share/template_ros2/package.zsh'
[2.696s] Level 1:colcon.colcon_core.environment:create_file_with_runtime_dependencies(/home/sarthak/precise_docking_ws/install/template_ros2/share/colcon-core/packages/template_ros2)
[2.696s] DEBUG:colcon.colcon_ros_domain_id_coordinator.shell.ros_domain_id:Released ROS_DOMAIN_ID=76 for '/home/sarthak/precise_docking_ws/build/template_ros2'
[2.732s] Level 1:colcon.colcon_core.environment:checking '/home/sarthak/precise_docking_ws/install/arcuo_marker_detection' for CMake module files
[2.733s] DEBUG:colcon.colcon_core.event_handler.log_command:Invoked command in '/home/sarthak/precise_docking_ws/src/arcuo_marker_detection' returned '0': PYTHONPATH=/home/sarthak/precise_docking_ws/build/arcuo_marker_detection/prefix_override:/home/sarthak/.local/lib/python3.10/site-packages/colcon_core/task/python/colcon_distutils_commands:/home/sarthak/precise_docking_ws/install/arcuo_marker_detection/lib/python3.10/site-packages:${PYTHONPATH} ROS_DOMAIN_ID=5 /usr/bin/python3 -W ignore:setup.py install is deprecated setup.py egg_info --egg-base ../../build/arcuo_marker_detection build --build-base /home/sarthak/precise_docking_ws/build/arcuo_marker_detection/build install --record /home/sarthak/precise_docking_ws/build/arcuo_marker_detection/install.log --single-version-externally-managed install_data
[2.734s] Level 1:colcon.colcon_core.environment:checking '/home/sarthak/precise_docking_ws/install/arcuo_marker_detection' for CMake config files
[2.735s] Level 1:colcon.colcon_core.environment:checking '/home/sarthak/precise_docking_ws/install/arcuo_marker_detection/lib'
[2.735s] Level 1:colcon.colcon_core.environment:checking '/home/sarthak/precise_docking_ws/install/arcuo_marker_detection/bin'
[2.735s] Level 1:colcon.colcon_core.environment:checking '/home/sarthak/precise_docking_ws/install/arcuo_marker_detection/lib/pkgconfig/arcuo_marker_detection.pc'
[2.735s] Level 1:colcon.colcon_core.environment:checking '/home/sarthak/precise_docking_ws/install/arcuo_marker_detection/lib/python3.10/site-packages'
[2.735s] Level 1:colcon.colcon_core.shell:create_environment_hook('arcuo_marker_detection', 'pythonpath')
[2.736s] INFO:colcon.colcon_core.shell:Creating environment hook '/home/sarthak/precise_docking_ws/install/arcuo_marker_detection/share/arcuo_marker_detection/hook/pythonpath.ps1'
[2.736s] INFO:colcon.colcon_core.shell:Creating environment descriptor '/home/sarthak/precise_docking_ws/install/arcuo_marker_detection/share/arcuo_marker_detection/hook/pythonpath.dsv'
[2.737s] INFO:colcon.colcon_core.shell:Creating environment hook '/home/sarthak/precise_docking_ws/install/arcuo_marker_detection/share/arcuo_marker_detection/hook/pythonpath.sh'
[2.738s] Level 1:colcon.colcon_core.environment:checking '/home/sarthak/precise_docking_ws/install/arcuo_marker_detection/bin'
[2.738s] Level 1:colcon.colcon_core.environment:create_environment_scripts_only(arcuo_marker_detection)
[2.739s] INFO:colcon.colcon_core.shell:Creating package script '/home/sarthak/precise_docking_ws/install/arcuo_marker_detection/share/arcuo_marker_detection/package.ps1'
[2.740s] INFO:colcon.colcon_core.shell:Creating package descriptor '/home/sarthak/precise_docking_ws/install/arcuo_marker_detection/share/arcuo_marker_detection/package.dsv'
[2.741s] INFO:colcon.colcon_core.shell:Creating package script '/home/sarthak/precise_docking_ws/install/arcuo_marker_detection/share/arcuo_marker_detection/package.sh'
[2.742s] INFO:colcon.colcon_core.shell:Creating package script '/home/sarthak/precise_docking_ws/install/arcuo_marker_detection/share/arcuo_marker_detection/package.bash'
[2.742s] INFO:colcon.colcon_core.shell:Creating package script '/home/sarthak/precise_docking_ws/install/arcuo_marker_detection/share/arcuo_marker_detection/package.zsh'
[2.743s] Level 1:colcon.colcon_core.environment:create_file_with_runtime_dependencies(/home/sarthak/precise_docking_ws/install/arcuo_marker_detection/share/colcon-core/packages/arcuo_marker_detection)
[2.743s] INFO:colcon.colcon_ros.task.ament_cmake.build:Building ROS package in '/home/sarthak/precise_docking_ws/src/docking_bringup' with build type 'ament_cmake'
[2.743s] DEBUG:colcon.colcon_ros_domain_id_coordinator.shell.ros_domain_id:Released ROS_DOMAIN_ID=5 for '/home/sarthak/precise_docking_ws/build/arcuo_marker_detection'
[2.743s] INFO:colcon.colcon_cmake.task.cmake.build:Building CMake package in '/home/sarthak/precise_docking_ws/src/docking_bringup'
[2.744s] DEBUG:colcon.colcon_ros_domain_id_coordinator.shell.ros_domain_id:Allocated ROS_DOMAIN_ID=86 for '/home/sarthak/precise_docking_ws/build/docking_bringup'
[2.744s] INFO:colcon.colcon_core.shell:Skip shell extension 'ros_domain_id' for command environment: 
[2.744s] INFO:colcon.colcon_core.shell:Skip shell extension 'powershell' for command environment: Not usable outside of PowerShell
[2.744s] DEBUG:colcon.colcon_core.shell:Skip shell extension 'dsv' for command environment
[2.771s] DEBUG:colcon.colcon_core.event_handler.log_command:Invoking command in '/home/sarthak/precise_docking_ws/build/docking_bringup': AMENT_PREFIX_PATH=/home/sarthak/precise_docking_ws/install/arcuo_marker_detection:/home/sarthak/precise_docking_ws/install/frontend:/home/sarthak/Masters-Thesis-Precise-docking-with-Active-perception/install/mobile_robot_model_package:/home/sarthak/dev_ws/install/basic_mobile_robot:/home/sarthak/precise_docking_ws/install/template_ros2:/home/sarthak/precise_docking_ws/install/reach_the_goal:/home/sarthak/precise_docking_ws/install/docking_bringup:/home/sarthak/precise_docking_simulatiom_ws/install/ros_gz_example_bringup:/home/sarthak/precise_docking_simulatiom_ws/install/ros_gz_example_gazebo:/home/sarthak/precise_docking_simulatiom_ws/install/ros_gz_example_description:/home/sarthak/precise_docking_simulatiom_ws/install/ros_gz_example_application:/home/sarthak/feature_based_robust_localization/install/feature_localization_bringup:/home/sarthak/feature_based_robust_localization/install/state_prediction_and_covariance:/home/sarthak/feature_based_robust_localization/install/live_data_visualization:/home/sarthak/feature_based_robust_localization/install/feature_extraction:/home/sarthak/template_ws/install/ros_gz_example_bringup:/home/sarthak/template_ws/install/ros_gz_example_gazebo:/home/sarthak/template_ws/install/ros_gz_example_description:/home/sarthak/template_ws/install/ros_gz_example_application:/home/sarthak/ws/install/test_ros_gz_bridge:/home/sarthak/ws/install/ros_ign_interfaces:/home/sarthak/ws/install/ros_ign:/home/sarthak/ws/install/ros_ign_image:/home/sarthak/ws/install/ros_ign_gazebo_demos:/home/sarthak/ws/install/ros_ign_gazebo:/home/sarthak/ws/install/ros_ign_bridge:/home/sarthak/ws/install/ros_gz:/home/sarthak/ws/install/ros_gz_sim_demos:/home/sarthak/ws/install/ros_gz_sim:/home/sarthak/ws/install/ros_gz_image:/home/sarthak/ws/install/ros_gz_bridge:/home/sarthak/ws/install/ros_gz_interfaces:/opt/ros/humble CMAKE_PREFIX_PATH=${CMAKE_PREFIX_PATH}:/home/sarthak/precise_docking_ws/install/frontend:/home/sarthak/precise_docking_ws/install/template_ros2:/home/sarthak/precise_docking_ws/install/reach_the_goal:/home/sarthak/precise_docking_ws/install/arcuo_marker_detection:/home/sarthak/feature_based_robust_localization/install/state_prediction_and_covariance:/home/sarthak/feature_based_robust_localization/install/live_data_visualization:/opt/ros/humble PYTHONPATH=/home/sarthak/precise_docking_ws/install/arcuo_marker_detection/lib/python3.10/site-packages:/home/sarthak/precise_docking_ws/install/frontend/lib/python3.10/site-packages:/home/sarthak/precise_docking_ws/install/template_ros2/lib/python3.10/site-packages:/home/sarthak/precise_docking_ws/install/reach_the_goal/lib/python3.10/site-packages:/home/sarthak/feature_based_robust_localization/install/state_prediction_and_covariance/lib/python3.10/site-packages:/home/sarthak/feature_based_robust_localization/install/live_data_visualization/lib/python3.10/site-packages:/home/sarthak/ws/install/ros_ign_interfaces/local/lib/python3.10/dist-packages:/home/sarthak/ws/install/ros_gz_interfaces/local/lib/python3.10/dist-packages:/opt/ros/humble/lib/python3.10/site-packages:/opt/ros/humble/local/lib/python3.10/dist-packages /usr/bin/cmake --build /home/sarthak/precise_docking_ws/build/docking_bringup -- -j20 -l20
[2.820s] DEBUG:colcon.colcon_core.event_handler.log_command:Invoked command in '/home/sarthak/precise_docking_ws/build/docking_bringup' returned '0': AMENT_PREFIX_PATH=/home/sarthak/precise_docking_ws/install/arcuo_marker_detection:/home/sarthak/precise_docking_ws/install/frontend:/home/sarthak/Masters-Thesis-Precise-docking-with-Active-perception/install/mobile_robot_model_package:/home/sarthak/dev_ws/install/basic_mobile_robot:/home/sarthak/precise_docking_ws/install/template_ros2:/home/sarthak/precise_docking_ws/install/reach_the_goal:/home/sarthak/precise_docking_ws/install/docking_bringup:/home/sarthak/precise_docking_simulatiom_ws/install/ros_gz_example_bringup:/home/sarthak/precise_docking_simulatiom_ws/install/ros_gz_example_gazebo:/home/sarthak/precise_docking_simulatiom_ws/install/ros_gz_example_description:/home/sarthak/precise_docking_simulatiom_ws/install/ros_gz_example_application:/home/sarthak/feature_based_robust_localization/install/feature_localization_bringup:/home/sarthak/feature_based_robust_localization/install/state_prediction_and_covariance:/home/sarthak/feature_based_robust_localization/install/live_data_visualization:/home/sarthak/feature_based_robust_localization/install/feature_extraction:/home/sarthak/template_ws/install/ros_gz_example_bringup:/home/sarthak/template_ws/install/ros_gz_example_gazebo:/home/sarthak/template_ws/install/ros_gz_example_description:/home/sarthak/template_ws/install/ros_gz_example_application:/home/sarthak/ws/install/test_ros_gz_bridge:/home/sarthak/ws/install/ros_ign_interfaces:/home/sarthak/ws/install/ros_ign:/home/sarthak/ws/install/ros_ign_image:/home/sarthak/ws/install/ros_ign_gazebo_demos:/home/sarthak/ws/install/ros_ign_gazebo:/home/sarthak/ws/install/ros_ign_bridge:/home/sarthak/ws/install/ros_gz:/home/sarthak/ws/install/ros_gz_sim_demos:/home/sarthak/ws/install/ros_gz_sim:/home/sarthak/ws/install/ros_gz_image:/home/sarthak/ws/install/ros_gz_bridge:/home/sarthak/ws/install/ros_gz_interfaces:/opt/ros/humble CMAKE_PREFIX_PATH=${CMAKE_PREFIX_PATH}:/home/sarthak/precise_docking_ws/install/frontend:/home/sarthak/precise_docking_ws/install/template_ros2:/home/sarthak/precise_docking_ws/install/reach_the_goal:/home/sarthak/precise_docking_ws/install/arcuo_marker_detection:/home/sarthak/feature_based_robust_localization/install/state_prediction_and_covariance:/home/sarthak/feature_based_robust_localization/install/live_data_visualization:/opt/ros/humble PYTHONPATH=/home/sarthak/precise_docking_ws/install/arcuo_marker_detection/lib/python3.10/site-packages:/home/sarthak/precise_docking_ws/install/frontend/lib/python3.10/site-packages:/home/sarthak/precise_docking_ws/install/template_ros2/lib/python3.10/site-packages:/home/sarthak/precise_docking_ws/install/reach_the_goal/lib/python3.10/site-packages:/home/sarthak/feature_based_robust_localization/install/state_prediction_and_covariance/lib/python3.10/site-packages:/home/sarthak/feature_based_robust_localization/install/live_data_visualization/lib/python3.10/site-packages:/home/sarthak/ws/install/ros_ign_interfaces/local/lib/python3.10/dist-packages:/home/sarthak/ws/install/ros_gz_interfaces/local/lib/python3.10/dist-packages:/opt/ros/humble/lib/python3.10/site-packages:/opt/ros/humble/local/lib/python3.10/dist-packages /usr/bin/cmake --build /home/sarthak/precise_docking_ws/build/docking_bringup -- -j20 -l20
[2.869s] DEBUG:colcon.colcon_core.event_handler.log_command:Invoking command in '/home/sarthak/precise_docking_ws/build/docking_bringup': AMENT_PREFIX_PATH=/home/sarthak/precise_docking_ws/install/arcuo_marker_detection:/home/sarthak/precise_docking_ws/install/frontend:/home/sarthak/Masters-Thesis-Precise-docking-with-Active-perception/install/mobile_robot_model_package:/home/sarthak/dev_ws/install/basic_mobile_robot:/home/sarthak/precise_docking_ws/install/template_ros2:/home/sarthak/precise_docking_ws/install/reach_the_goal:/home/sarthak/precise_docking_ws/install/docking_bringup:/home/sarthak/precise_docking_simulatiom_ws/install/ros_gz_example_bringup:/home/sarthak/precise_docking_simulatiom_ws/install/ros_gz_example_gazebo:/home/sarthak/precise_docking_simulatiom_ws/install/ros_gz_example_description:/home/sarthak/precise_docking_simulatiom_ws/install/ros_gz_example_application:/home/sarthak/feature_based_robust_localization/install/feature_localization_bringup:/home/sarthak/feature_based_robust_localization/install/state_prediction_and_covariance:/home/sarthak/feature_based_robust_localization/install/live_data_visualization:/home/sarthak/feature_based_robust_localization/install/feature_extraction:/home/sarthak/template_ws/install/ros_gz_example_bringup:/home/sarthak/template_ws/install/ros_gz_example_gazebo:/home/sarthak/template_ws/install/ros_gz_example_description:/home/sarthak/template_ws/install/ros_gz_example_application:/home/sarthak/ws/install/test_ros_gz_bridge:/home/sarthak/ws/install/ros_ign_interfaces:/home/sarthak/ws/install/ros_ign:/home/sarthak/ws/install/ros_ign_image:/home/sarthak/ws/install/ros_ign_gazebo_demos:/home/sarthak/ws/install/ros_ign_gazebo:/home/sarthak/ws/install/ros_ign_bridge:/home/sarthak/ws/install/ros_gz:/home/sarthak/ws/install/ros_gz_sim_demos:/home/sarthak/ws/install/ros_gz_sim:/home/sarthak/ws/install/ros_gz_image:/home/sarthak/ws/install/ros_gz_bridge:/home/sarthak/ws/install/ros_gz_interfaces:/opt/ros/humble CMAKE_PREFIX_PATH=${CMAKE_PREFIX_PATH}:/home/sarthak/precise_docking_ws/install/frontend:/home/sarthak/precise_docking_ws/install/template_ros2:/home/sarthak/precise_docking_ws/install/reach_the_goal:/home/sarthak/precise_docking_ws/install/arcuo_marker_detection:/home/sarthak/feature_based_robust_localization/install/state_prediction_and_covariance:/home/sarthak/feature_based_robust_localization/install/live_data_visualization:/opt/ros/humble PYTHONPATH=/home/sarthak/precise_docking_ws/install/arcuo_marker_detection/lib/python3.10/site-packages:/home/sarthak/precise_docking_ws/install/frontend/lib/python3.10/site-packages:/home/sarthak/precise_docking_ws/install/template_ros2/lib/python3.10/site-packages:/home/sarthak/precise_docking_ws/install/reach_the_goal/lib/python3.10/site-packages:/home/sarthak/feature_based_robust_localization/install/state_prediction_and_covariance/lib/python3.10/site-packages:/home/sarthak/feature_based_robust_localization/install/live_data_visualization/lib/python3.10/site-packages:/home/sarthak/ws/install/ros_ign_interfaces/local/lib/python3.10/dist-packages:/home/sarthak/ws/install/ros_gz_interfaces/local/lib/python3.10/dist-packages:/opt/ros/humble/lib/python3.10/site-packages:/opt/ros/humble/local/lib/python3.10/dist-packages /usr/bin/cmake --install /home/sarthak/precise_docking_ws/build/docking_bringup
[2.891s] Level 1:colcon.colcon_core.environment:create_environment_scripts_only(docking_bringup)
[2.892s] Level 1:colcon.colcon_core.environment:checking '/home/sarthak/precise_docking_ws/install/docking_bringup' for CMake module files
[2.894s] DEBUG:colcon.colcon_core.event_handler.log_command:Invoked command in '/home/sarthak/precise_docking_ws/build/docking_bringup' returned '0': AMENT_PREFIX_PATH=/home/sarthak/precise_docking_ws/install/arcuo_marker_detection:/home/sarthak/precise_docking_ws/install/frontend:/home/sarthak/Masters-Thesis-Precise-docking-with-Active-perception/install/mobile_robot_model_package:/home/sarthak/dev_ws/install/basic_mobile_robot:/home/sarthak/precise_docking_ws/install/template_ros2:/home/sarthak/precise_docking_ws/install/reach_the_goal:/home/sarthak/precise_docking_ws/install/docking_bringup:/home/sarthak/precise_docking_simulatiom_ws/install/ros_gz_example_bringup:/home/sarthak/precise_docking_simulatiom_ws/install/ros_gz_example_gazebo:/home/sarthak/precise_docking_simulatiom_ws/install/ros_gz_example_description:/home/sarthak/precise_docking_simulatiom_ws/install/ros_gz_example_application:/home/sarthak/feature_based_robust_localization/install/feature_localization_bringup:/home/sarthak/feature_based_robust_localization/install/state_prediction_and_covariance:/home/sarthak/feature_based_robust_localization/install/live_data_visualization:/home/sarthak/feature_based_robust_localization/install/feature_extraction:/home/sarthak/template_ws/install/ros_gz_example_bringup:/home/sarthak/template_ws/install/ros_gz_example_gazebo:/home/sarthak/template_ws/install/ros_gz_example_description:/home/sarthak/template_ws/install/ros_gz_example_application:/home/sarthak/ws/install/test_ros_gz_bridge:/home/sarthak/ws/install/ros_ign_interfaces:/home/sarthak/ws/install/ros_ign:/home/sarthak/ws/install/ros_ign_image:/home/sarthak/ws/install/ros_ign_gazebo_demos:/home/sarthak/ws/install/ros_ign_gazebo:/home/sarthak/ws/install/ros_ign_bridge:/home/sarthak/ws/install/ros_gz:/home/sarthak/ws/install/ros_gz_sim_demos:/home/sarthak/ws/install/ros_gz_sim:/home/sarthak/ws/install/ros_gz_image:/home/sarthak/ws/install/ros_gz_bridge:/home/sarthak/ws/install/ros_gz_interfaces:/opt/ros/humble CMAKE_PREFIX_PATH=${CMAKE_PREFIX_PATH}:/home/sarthak/precise_docking_ws/install/frontend:/home/sarthak/precise_docking_ws/install/template_ros2:/home/sarthak/precise_docking_ws/install/reach_the_goal:/home/sarthak/precise_docking_ws/install/arcuo_marker_detection:/home/sarthak/feature_based_robust_localization/install/state_prediction_and_covariance:/home/sarthak/feature_based_robust_localization/install/live_data_visualization:/opt/ros/humble PYTHONPATH=/home/sarthak/precise_docking_ws/install/arcuo_marker_detection/lib/python3.10/site-packages:/home/sarthak/precise_docking_ws/install/frontend/lib/python3.10/site-packages:/home/sarthak/precise_docking_ws/install/template_ros2/lib/python3.10/site-packages:/home/sarthak/precise_docking_ws/install/reach_the_goal/lib/python3.10/site-packages:/home/sarthak/feature_based_robust_localization/install/state_prediction_and_covariance/lib/python3.10/site-packages:/home/sarthak/feature_based_robust_localization/install/live_data_visualization/lib/python3.10/site-packages:/home/sarthak/ws/install/ros_ign_interfaces/local/lib/python3.10/dist-packages:/home/sarthak/ws/install/ros_gz_interfaces/local/lib/python3.10/dist-packages:/opt/ros/humble/lib/python3.10/site-packages:/opt/ros/humble/local/lib/python3.10/dist-packages /usr/bin/cmake --install /home/sarthak/precise_docking_ws/build/docking_bringup
[2.895s] Level 1:colcon.colcon_core.environment:checking '/home/sarthak/precise_docking_ws/install/docking_bringup' for CMake config files
[2.895s] Level 1:colcon.colcon_core.shell:create_environment_hook('docking_bringup', 'cmake_prefix_path')
[2.896s] INFO:colcon.colcon_core.shell:Creating environment hook '/home/sarthak/precise_docking_ws/install/docking_bringup/share/docking_bringup/hook/cmake_prefix_path.ps1'
[2.896s] INFO:colcon.colcon_core.shell:Creating environment descriptor '/home/sarthak/precise_docking_ws/install/docking_bringup/share/docking_bringup/hook/cmake_prefix_path.dsv'
[2.897s] INFO:colcon.colcon_core.shell:Creating environment hook '/home/sarthak/precise_docking_ws/install/docking_bringup/share/docking_bringup/hook/cmake_prefix_path.sh'
[2.898s] Level 1:colcon.colcon_core.environment:checking '/home/sarthak/precise_docking_ws/install/docking_bringup/bin'
[2.898s] Level 1:colcon.colcon_core.environment:checking '/home/sarthak/precise_docking_ws/install/docking_bringup/lib/pkgconfig/docking_bringup.pc'
[2.898s] Level 1:colcon.colcon_core.environment:checking '/home/sarthak/precise_docking_ws/install/docking_bringup/lib/python3.10/site-packages'
[2.899s] Level 1:colcon.colcon_core.environment:checking '/home/sarthak/precise_docking_ws/install/docking_bringup/bin'
[2.900s] INFO:colcon.colcon_core.shell:Creating package script '/home/sarthak/precise_docking_ws/install/docking_bringup/share/docking_bringup/package.ps1'
[2.903s] INFO:colcon.colcon_core.shell:Creating package descriptor '/home/sarthak/precise_docking_ws/install/docking_bringup/share/docking_bringup/package.dsv'
[2.904s] INFO:colcon.colcon_core.shell:Creating package script '/home/sarthak/precise_docking_ws/install/docking_bringup/share/docking_bringup/package.sh'
[2.905s] INFO:colcon.colcon_core.shell:Creating package script '/home/sarthak/precise_docking_ws/install/docking_bringup/share/docking_bringup/package.bash'
[2.905s] INFO:colcon.colcon_core.shell:Creating package script '/home/sarthak/precise_docking_ws/install/docking_bringup/share/docking_bringup/package.zsh'
[2.905s] Level 1:colcon.colcon_core.environment:create_file_with_runtime_dependencies(/home/sarthak/precise_docking_ws/install/docking_bringup/share/colcon-core/packages/docking_bringup)
[2.956s] Level 1:colcon.colcon_core.environment:create_environment_scripts_only(docking_bringup)
[2.956s] Level 1:colcon.colcon_core.environment:checking '/home/sarthak/precise_docking_ws/install/docking_bringup' for CMake module files
[2.956s] Level 1:colcon.colcon_core.environment:checking '/home/sarthak/precise_docking_ws/install/docking_bringup' for CMake config files
[2.957s] Level 1:colcon.colcon_core.shell:create_environment_hook('docking_bringup', 'cmake_prefix_path')
[2.957s] INFO:colcon.colcon_core.shell:Creating environment hook '/home/sarthak/precise_docking_ws/install/docking_bringup/share/docking_bringup/hook/cmake_prefix_path.ps1'
[2.958s] INFO:colcon.colcon_core.shell:Creating environment descriptor '/home/sarthak/precise_docking_ws/install/docking_bringup/share/docking_bringup/hook/cmake_prefix_path.dsv'
[2.959s] INFO:colcon.colcon_core.shell:Creating environment hook '/home/sarthak/precise_docking_ws/install/docking_bringup/share/docking_bringup/hook/cmake_prefix_path.sh'
[2.961s] Level 1:colcon.colcon_core.environment:checking '/home/sarthak/precise_docking_ws/install/docking_bringup/bin'
[2.961s] Level 1:colcon.colcon_core.environment:checking '/home/sarthak/precise_docking_ws/install/docking_bringup/lib/pkgconfig/docking_bringup.pc'
[2.962s] Level 1:colcon.colcon_core.environment:checking '/home/sarthak/precise_docking_ws/install/docking_bringup/lib/python3.10/site-packages'
[2.962s] Level 1:colcon.colcon_core.environment:checking '/home/sarthak/precise_docking_ws/install/docking_bringup/bin'
[2.963s] INFO:colcon.colcon_core.shell:Creating package script '/home/sarthak/precise_docking_ws/install/docking_bringup/share/docking_bringup/package.ps1'
[2.964s] INFO:colcon.colcon_core.shell:Creating package descriptor '/home/sarthak/precise_docking_ws/install/docking_bringup/share/docking_bringup/package.dsv'
[2.964s] INFO:colcon.colcon_core.shell:Creating package script '/home/sarthak/precise_docking_ws/install/docking_bringup/share/docking_bringup/package.sh'
[2.964s] INFO:colcon.colcon_core.shell:Creating package script '/home/sarthak/precise_docking_ws/install/docking_bringup/share/docking_bringup/package.bash'
[2.965s] INFO:colcon.colcon_core.shell:Creating package script '/home/sarthak/precise_docking_ws/install/docking_bringup/share/docking_bringup/package.zsh'
[2.965s] Level 1:colcon.colcon_core.environment:create_file_with_runtime_dependencies(/home/sarthak/precise_docking_ws/install/docking_bringup/share/colcon-core/packages/docking_bringup)
[2.965s] DEBUG:colcon.colcon_parallel_executor.executor.parallel:closing loop
[2.965s] DEBUG:colcon.colcon_ros_domain_id_coordinator.shell.ros_domain_id:Released ROS_DOMAIN_ID=86 for '/home/sarthak/precise_docking_ws/build/docking_bringup'
[2.965s] DEBUG:colcon.colcon_parallel_executor.executor.parallel:loop closed
[2.965s] DEBUG:colcon.colcon_parallel_executor.executor.parallel:run_until_complete finished with '0'
[2.965s] DEBUG:colcon.colcon_core.event_reactor:joining thread
[2.974s] INFO:colcon.colcon_core.plugin_system:Skipping extension 'colcon_notification.desktop_notification.terminal_notifier': Not used on non-Darwin systems
[2.974s] INFO:colcon.colcon_core.plugin_system:Skipping extension 'colcon_notification.desktop_notification.win32': Not used on non-Windows systems
[2.974s] INFO:colcon.colcon_notification.desktop_notification:Sending desktop notification using 'notify2'
[2.988s] DEBUG:colcon.colcon_core.event_reactor:joined thread
[2.989s] INFO:colcon.colcon_core.shell:Creating prefix script '/home/sarthak/precise_docking_ws/install/local_setup.ps1'
[2.991s] INFO:colcon.colcon_core.shell:Creating prefix util module '/home/sarthak/precise_docking_ws/install/_local_setup_util_ps1.py'
[2.993s] INFO:colcon.colcon_core.shell:Creating prefix chain script '/home/sarthak/precise_docking_ws/install/setup.ps1'
[2.998s] INFO:colcon.colcon_core.shell:Creating prefix script '/home/sarthak/precise_docking_ws/install/local_setup.sh'
[2.999s] INFO:colcon.colcon_core.shell:Creating prefix util module '/home/sarthak/precise_docking_ws/install/_local_setup_util_sh.py'
[3.000s] INFO:colcon.colcon_core.shell:Creating prefix chain script '/home/sarthak/precise_docking_ws/install/setup.sh'
[3.006s] INFO:colcon.colcon_core.shell:Creating prefix script '/home/sarthak/precise_docking_ws/install/local_setup.bash'
[3.007s] INFO:colcon.colcon_core.shell:Creating prefix chain script '/home/sarthak/precise_docking_ws/install/setup.bash'
[3.010s] INFO:colcon.colcon_core.shell:Creating prefix script '/home/sarthak/precise_docking_ws/install/local_setup.zsh'
[3.011s] INFO:colcon.colcon_core.shell:Creating prefix chain script '/home/sarthak/precise_docking_ws/install/setup.zsh'
[3.017s] INFO:colcon.colcon_core.shell:Creating '/home/sarthak/precise_docking_ws/install/spawn_shell.bash'
