[2.314s] Invoking command in '/home/sarthak/precise_docking_ws/src/arcuo_marker_detection': PYTHONPATH=/home/sarthak/precise_docking_ws/build/arcuo_marker_detection/prefix_override:/home/sarthak/.local/lib/python3.10/site-packages/colcon_core/task/python/colcon_distutils_commands:/home/sarthak/precise_docking_ws/install/arcuo_marker_detection/lib/python3.10/site-packages:${PYTHONPATH} ROS_DOMAIN_ID=51 /usr/bin/python3 -W ignore:setup.py install is deprecated setup.py egg_info --egg-base ../../build/arcuo_marker_detection build --build-base /home/sarthak/precise_docking_ws/build/arcuo_marker_detection/build install --record /home/sarthak/precise_docking_ws/build/arcuo_marker_detection/install.log --single-version-externally-managed install_data
[2.494s] /home/sarthak/.local/lib/python3.10/site-packages/setuptools/_distutils/dist.py:261: UserWarning: Unknown distribution option: 'tests_require'
[2.494s]   warnings.warn(msg)
[2.649s] running egg_info
[2.664s] writing ../../build/arcuo_marker_detection/arcuo_marker_detection.egg-info/PKG-INFO
[2.664s] writing dependency_links to ../../build/arcuo_marker_detection/arcuo_marker_detection.egg-info/dependency_links.txt
[2.665s] writing entry points to ../../build/arcuo_marker_detection/arcuo_marker_detection.egg-info/entry_points.txt
[2.665s] writing requirements to ../../build/arcuo_marker_detection/arcuo_marker_detection.egg-info/requires.txt
[2.665s] writing top-level names to ../../build/arcuo_marker_detection/arcuo_marker_detection.egg-info/top_level.txt
[3.834s] writing manifest file '../../build/arcuo_marker_detection/arcuo_marker_detection.egg-info/SOURCES.txt'
[3.834s] running build
[3.834s] running build_py
[3.834s] copying arcuo_marker_detection/__init__.py -> /home/sarthak/precise_docking_ws/build/arcuo_marker_detection/build/lib/arcuo_marker_detection
[3.834s] copying arcuo_marker_detection/arcuo_detection.py -> /home/sarthak/precise_docking_ws/build/arcuo_marker_detection/build/lib/arcuo_marker_detection
[3.835s] running install
[3.842s] running install_lib
[3.869s] running install_data
[3.870s] copying resource/arcuo_marker_detection -> /home/sarthak/precise_docking_ws/install/arcuo_marker_detection/share/ament_index/resource_index/packages
[3.870s] copying package.xml -> /home/sarthak/precise_docking_ws/install/arcuo_marker_detection/share/arcuo_marker_detection
[3.870s] running install_egg_info
[3.895s] removing '/home/sarthak/precise_docking_ws/install/arcuo_marker_detection/lib/python3.10/site-packages/arcuo_marker_detection-0.0.0-py3.10.egg-info' (and everything under it)
[3.895s] Copying ../../build/arcuo_marker_detection/arcuo_marker_detection.egg-info to /home/sarthak/precise_docking_ws/install/arcuo_marker_detection/lib/python3.10/site-packages/arcuo_marker_detection-0.0.0-py3.10.egg-info
[3.897s] running install_scripts
[4.030s] Installing aruco_marker_detection_node script to /home/sarthak/precise_docking_ws/install/arcuo_marker_detection/lib/arcuo_marker_detection
[4.031s] writing list of installed files to '/home/sarthak/precise_docking_ws/build/arcuo_marker_detection/install.log'
[4.094s] Invoked command in '/home/sarthak/precise_docking_ws/src/arcuo_marker_detection' returned '0': PYTHONPATH=/home/sarthak/precise_docking_ws/build/arcuo_marker_detection/prefix_override:/home/sarthak/.local/lib/python3.10/site-packages/colcon_core/task/python/colcon_distutils_commands:/home/sarthak/precise_docking_ws/install/arcuo_marker_detection/lib/python3.10/site-packages:${PYTHONPATH} ROS_DOMAIN_ID=51 /usr/bin/python3 -W ignore:setup.py install is deprecated setup.py egg_info --egg-base ../../build/arcuo_marker_detection build --build-base /home/sarthak/precise_docking_ws/build/arcuo_marker_detection/build install --record /home/sarthak/precise_docking_ws/build/arcuo_marker_detection/install.log --single-version-externally-managed install_data
