[3.988s] Invoking command in '/home/sarthak/precise_docking_ws/src/active_localization': PYTHONPATH=/home/sarthak/precise_docking_ws/build/active_localization/prefix_override:/home/sarthak/.local/lib/python3.10/site-packages/colcon_core/task/python/colcon_distutils_commands:/home/sarthak/precise_docking_ws/install/active_localization/lib/python3.10/site-packages:${PYTHONPATH} /usr/bin/python3 -W ignore:setup.py install is deprecated setup.py egg_info --egg-base ../../build/active_localization build --build-base /home/sarthak/precise_docking_ws/build/active_localization/build install --record /home/sarthak/precise_docking_ws/build/active_localization/install.log --single-version-externally-managed install_data
[4.528s] /home/sarthak/.local/lib/python3.10/site-packages/setuptools/_distutils/dist.py:261: UserWarning: Unknown distribution option: 'tests_require'
[4.528s]   warnings.warn(msg)
[4.875s] running egg_info
[4.906s] writing ../../build/active_localization/active_localization.egg-info/PKG-INFO
[4.907s] writing dependency_links to ../../build/active_localization/active_localization.egg-info/dependency_links.txt
[4.908s] writing entry points to ../../build/active_localization/active_localization.egg-info/entry_points.txt
[4.908s] writing requirements to ../../build/active_localization/active_localization.egg-info/requires.txt
[4.908s] writing top-level names to ../../build/active_localization/active_localization.egg-info/top_level.txt
[9.370s] writing manifest file '../../build/active_localization/active_localization.egg-info/SOURCES.txt'
[9.371s] running build
[9.371s] running build_py
[9.371s] copying active_localization/__init__.py -> /home/sarthak/precise_docking_ws/build/active_localization/build/lib/active_localization
[9.372s] copying active_localization/frontier_detection.py -> /home/sarthak/precise_docking_ws/build/active_localization/build/lib/active_localization
[9.373s] copying active_localization/path_to_goal.py -> /home/sarthak/precise_docking_ws/build/active_localization/build/lib/active_localization
[9.374s] copying active_localization/local_map.py -> /home/sarthak/precise_docking_ws/build/active_localization/build/lib/active_localization
[9.375s] copying active_localization/next_best_view.py -> /home/sarthak/precise_docking_ws/build/active_localization/build/lib/active_localization
[9.376s] running install
[9.386s] running install_lib
[9.639s] copying /home/sarthak/precise_docking_ws/build/active_localization/build/lib/active_localization/local_map.py -> /home/sarthak/precise_docking_ws/install/active_localization/lib/python3.10/site-packages/active_localization
[9.648s] byte-compiling /home/sarthak/precise_docking_ws/install/active_localization/lib/python3.10/site-packages/active_localization/local_map.py to local_map.cpython-310.pyc
[9.651s] running install_data
[9.653s] copying resource/active_localization -> /home/sarthak/precise_docking_ws/install/active_localization/share/ament_index/resource_index/packages
[9.654s] copying package.xml -> /home/sarthak/precise_docking_ws/install/active_localization/share/active_localization
[9.654s] running install_egg_info
[9.832s] removing '/home/sarthak/precise_docking_ws/install/active_localization/lib/python3.10/site-packages/active_localization-0.0.0-py3.10.egg-info' (and everything under it)
[9.835s] Copying ../../build/active_localization/active_localization.egg-info to /home/sarthak/precise_docking_ws/install/active_localization/lib/python3.10/site-packages/active_localization-0.0.0-py3.10.egg-info
[9.838s] running install_scripts
[10.851s] Installing frontier_detection script to /home/sarthak/precise_docking_ws/install/active_localization/lib/active_localization
[10.852s] Installing local_map_node script to /home/sarthak/precise_docking_ws/install/active_localization/lib/active_localization
[10.852s] Installing localization script to /home/sarthak/precise_docking_ws/install/active_localization/lib/active_localization
[10.853s] Installing path_to_goal script to /home/sarthak/precise_docking_ws/install/active_localization/lib/active_localization
[10.855s] writing list of installed files to '/home/sarthak/precise_docking_ws/build/active_localization/install.log'
[10.926s] Invoked command in '/home/sarthak/precise_docking_ws/src/active_localization' returned '0': PYTHONPATH=/home/sarthak/precise_docking_ws/build/active_localization/prefix_override:/home/sarthak/.local/lib/python3.10/site-packages/colcon_core/task/python/colcon_distutils_commands:/home/sarthak/precise_docking_ws/install/active_localization/lib/python3.10/site-packages:${PYTHONPATH} /usr/bin/python3 -W ignore:setup.py install is deprecated setup.py egg_info --egg-base ../../build/active_localization build --build-base /home/sarthak/precise_docking_ws/build/active_localization/build install --record /home/sarthak/precise_docking_ws/build/active_localization/install.log --single-version-externally-managed install_data
