[0.534s] DEBUG:colcon:Command line arguments: ['/home/sarthak/.local/bin/colcon', 'build', '--packages-select', 'frontend']
[0.534s] DEBUG:colcon:Parsed command line arguments: Namespace(log_base=None, log_level=None, verb_name='build', build_base='build', install_base='install', merge_install=False, symlink_install=False, test_result_base=None, continue_on_error=False, executor='parallel', parallel_workers=20, event_handlers=None, ignore_user_meta=False, metas=['./colcon.meta'], base_paths=['.'], packages_ignore=None, packages_ignore_regex=None, paths=None, packages_up_to=None, packages_up_to_regex=None, packages_above=None, packages_above_and_dependencies=None, packages_above_depth=None, packages_select_by_dep=None, packages_skip_by_dep=None, packages_skip_up_to=None, packages_select_build_failed=False, packages_skip_build_finished=False, packages_select_test_failures=False, packages_skip_test_passed=False, packages_select=['frontend'], packages_skip=None, packages_select_regex=None, packages_skip_regex=None, packages_start=None, packages_end=None, allow_overriding=[], bazel_args=None, bazel_task=None, cmake_args=None, cmake_target=None, cmake_target_skip_unavailable=False, cmake_clean_cache=False, cmake_clean_first=False, cmake_force_configure=False, meson_args=[], ament_cmake_args=None, catkin_cmake_args=None, catkin_skip_building_tests=False, mixin_files=None, mixin=None, verb_parser=<colcon_alias.argument_parser.alias.AliasArgumentDecorator object at 0x7fbf50d1d540>, verb_extension=<colcon_core.verb.build.BuildVerb object at 0x7fbf50d1c610>, main=<bound method BuildVerb.main of <colcon_core.verb.build.BuildVerb object at 0x7fbf50d1c610>>, mixin_verb=('build',))
[0.563s] Level 1:colcon.colcon_core.package_discovery:discover_packages(colcon_meta) check parameters
[0.563s] Level 1:colcon.colcon_core.package_discovery:discover_packages(recursive) check parameters
[0.564s] Level 1:colcon.colcon_core.package_discovery:discover_packages(ignore) check parameters
[0.564s] Level 1:colcon.colcon_core.package_discovery:discover_packages(path) check parameters
[0.564s] Level 1:colcon.colcon_core.package_discovery:discover_packages(colcon_meta) discover
[0.564s] Level 1:colcon.colcon_core.package_discovery:discover_packages(recursive) discover
[0.564s] INFO:colcon.colcon_core.package_discovery:Crawling recursively for packages in '/home/sarthak/precise_docking_ws'
[0.564s] Level 1:colcon.colcon_core.package_identification:_identify(.) by extensions ['ignore', 'ignore_ament_install']
[0.564s] Level 1:colcon.colcon_core.package_identification:_identify(.) by extension 'ignore'
[0.564s] Level 1:colcon.colcon_core.package_identification:_identify(.) by extension 'ignore_ament_install'
[0.564s] Level 1:colcon.colcon_core.package_identification:_identify(.) by extensions ['colcon_pkg']
[0.564s] Level 1:colcon.colcon_core.package_identification:_identify(.) by extension 'colcon_pkg'
[0.564s] Level 1:colcon.colcon_core.package_identification:_identify(.) by extensions ['colcon_meta']
[0.564s] Level 1:colcon.colcon_core.package_identification:_identify(.) by extension 'colcon_meta'
[0.564s] Level 1:colcon.colcon_core.package_identification:_identify(.) by extensions ['ros']
[0.564s] Level 1:colcon.colcon_core.package_identification:_identify(.) by extension 'ros'
[0.569s] Level 1:colcon.colcon_core.package_identification:_identify(.) by extensions ['bazel', 'cmake', 'meson', 'python']
[0.569s] Level 1:colcon.colcon_core.package_identification:_identify(.) by extension 'bazel'
[0.570s] Level 1:colcon.colcon_core.package_identification:_identify(.) by extension 'cmake'
[0.570s] Level 1:colcon.colcon_core.package_identification:_identify(.) by extension 'meson'
[0.570s] Level 1:colcon.colcon_core.package_identification:_identify(.) by extension 'python'
[0.570s] Level 1:colcon.colcon_core.package_identification:_identify(.) by extensions ['python_setup_py']
[0.570s] Level 1:colcon.colcon_core.package_identification:_identify(.) by extension 'python_setup_py'
[0.570s] Level 1:colcon.colcon_core.package_identification:_identify(build) by extensions ['ignore', 'ignore_ament_install']
[0.570s] Level 1:colcon.colcon_core.package_identification:_identify(build) by extension 'ignore'
[0.570s] Level 1:colcon.colcon_core.package_identification:_identify(build) ignored
[0.570s] Level 1:colcon.colcon_core.package_identification:_identify(install) by extensions ['ignore', 'ignore_ament_install']
[0.570s] Level 1:colcon.colcon_core.package_identification:_identify(install) by extension 'ignore'
[0.570s] Level 1:colcon.colcon_core.package_identification:_identify(install) ignored
[0.570s] Level 1:colcon.colcon_core.package_identification:_identify(log) by extensions ['ignore', 'ignore_ament_install']
[0.570s] Level 1:colcon.colcon_core.package_identification:_identify(log) by extension 'ignore'
[0.570s] Level 1:colcon.colcon_core.package_identification:_identify(log) ignored
[0.570s] Level 1:colcon.colcon_core.package_identification:_identify(src) by extensions ['ignore', 'ignore_ament_install']
[0.570s] Level 1:colcon.colcon_core.package_identification:_identify(src) by extension 'ignore'
[0.570s] Level 1:colcon.colcon_core.package_identification:_identify(src) by extension 'ignore_ament_install'
[0.571s] Level 1:colcon.colcon_core.package_identification:_identify(src) by extensions ['colcon_pkg']
[0.571s] Level 1:colcon.colcon_core.package_identification:_identify(src) by extension 'colcon_pkg'
[0.571s] Level 1:colcon.colcon_core.package_identification:_identify(src) by extensions ['colcon_meta']
[0.571s] Level 1:colcon.colcon_core.package_identification:_identify(src) by extension 'colcon_meta'
[0.571s] Level 1:colcon.colcon_core.package_identification:_identify(src) by extensions ['ros']
[0.571s] Level 1:colcon.colcon_core.package_identification:_identify(src) by extension 'ros'
[0.571s] Level 1:colcon.colcon_core.package_identification:_identify(src) by extensions ['bazel', 'cmake', 'meson', 'python']
[0.571s] Level 1:colcon.colcon_core.package_identification:_identify(src) by extension 'bazel'
[0.571s] Level 1:colcon.colcon_core.package_identification:_identify(src) by extension 'cmake'
[0.571s] Level 1:colcon.colcon_core.package_identification:_identify(src) by extension 'meson'
[0.571s] Level 1:colcon.colcon_core.package_identification:_identify(src) by extension 'python'
[0.571s] Level 1:colcon.colcon_core.package_identification:_identify(src) by extensions ['python_setup_py']
[0.571s] Level 1:colcon.colcon_core.package_identification:_identify(src) by extension 'python_setup_py'
[0.571s] Level 1:colcon.colcon_core.package_identification:_identify(src/arcuo_marker_detection) by extensions ['ignore', 'ignore_ament_install']
[0.571s] Level 1:colcon.colcon_core.package_identification:_identify(src/arcuo_marker_detection) by extension 'ignore'
[0.571s] Level 1:colcon.colcon_core.package_identification:_identify(src/arcuo_marker_detection) by extension 'ignore_ament_install'
[0.571s] Level 1:colcon.colcon_core.package_identification:_identify(src/arcuo_marker_detection) by extensions ['colcon_pkg']
[0.571s] Level 1:colcon.colcon_core.package_identification:_identify(src/arcuo_marker_detection) by extension 'colcon_pkg'
[0.571s] Level 1:colcon.colcon_core.package_identification:_identify(src/arcuo_marker_detection) by extensions ['colcon_meta']
[0.571s] Level 1:colcon.colcon_core.package_identification:_identify(src/arcuo_marker_detection) by extension 'colcon_meta'
[0.571s] Level 1:colcon.colcon_core.package_identification:_identify(src/arcuo_marker_detection) by extensions ['ros']
[0.571s] Level 1:colcon.colcon_core.package_identification:_identify(src/arcuo_marker_detection) by extension 'ros'
[0.573s] DEBUG:colcon.colcon_core.package_identification:Package 'src/arcuo_marker_detection' with type 'ros.ament_python' and name 'arcuo_marker_detection'
[0.574s] Level 1:colcon.colcon_core.package_identification:_identify(src/docking_bringup) by extensions ['ignore', 'ignore_ament_install']
[0.574s] Level 1:colcon.colcon_core.package_identification:_identify(src/docking_bringup) by extension 'ignore'
[0.574s] Level 1:colcon.colcon_core.package_identification:_identify(src/docking_bringup) by extension 'ignore_ament_install'
[0.574s] Level 1:colcon.colcon_core.package_identification:_identify(src/docking_bringup) by extensions ['colcon_pkg']
[0.574s] Level 1:colcon.colcon_core.package_identification:_identify(src/docking_bringup) by extension 'colcon_pkg'
[0.574s] Level 1:colcon.colcon_core.package_identification:_identify(src/docking_bringup) by extensions ['colcon_meta']
[0.574s] Level 1:colcon.colcon_core.package_identification:_identify(src/docking_bringup) by extension 'colcon_meta'
[0.574s] Level 1:colcon.colcon_core.package_identification:_identify(src/docking_bringup) by extensions ['ros']
[0.574s] Level 1:colcon.colcon_core.package_identification:_identify(src/docking_bringup) by extension 'ros'
[0.574s] DEBUG:colcon.colcon_core.package_identification:Package 'src/docking_bringup' with type 'ros.ament_cmake' and name 'docking_bringup'
[0.575s] Level 1:colcon.colcon_core.package_identification:_identify(src/frontend) by extensions ['ignore', 'ignore_ament_install']
[0.575s] Level 1:colcon.colcon_core.package_identification:_identify(src/frontend) by extension 'ignore'
[0.575s] Level 1:colcon.colcon_core.package_identification:_identify(src/frontend) by extension 'ignore_ament_install'
[0.575s] Level 1:colcon.colcon_core.package_identification:_identify(src/frontend) by extensions ['colcon_pkg']
[0.575s] Level 1:colcon.colcon_core.package_identification:_identify(src/frontend) by extension 'colcon_pkg'
[0.575s] Level 1:colcon.colcon_core.package_identification:_identify(src/frontend) by extensions ['colcon_meta']
[0.575s] Level 1:colcon.colcon_core.package_identification:_identify(src/frontend) by extension 'colcon_meta'
[0.575s] Level 1:colcon.colcon_core.package_identification:_identify(src/frontend) by extensions ['ros']
[0.575s] Level 1:colcon.colcon_core.package_identification:_identify(src/frontend) by extension 'ros'
[0.575s] DEBUG:colcon.colcon_core.package_identification:Package 'src/frontend' with type 'ros.ament_cmake' and name 'frontend'
[0.575s] Level 1:colcon.colcon_core.package_identification:_identify(src/libpointmatcher_ros) by extensions ['ignore', 'ignore_ament_install']
[0.575s] Level 1:colcon.colcon_core.package_identification:_identify(src/libpointmatcher_ros) by extension 'ignore'
[0.575s] Level 1:colcon.colcon_core.package_identification:_identify(src/libpointmatcher_ros) by extension 'ignore_ament_install'
[0.575s] Level 1:colcon.colcon_core.package_identification:_identify(src/libpointmatcher_ros) by extensions ['colcon_pkg']
[0.575s] Level 1:colcon.colcon_core.package_identification:_identify(src/libpointmatcher_ros) by extension 'colcon_pkg'
[0.575s] Level 1:colcon.colcon_core.package_identification:_identify(src/libpointmatcher_ros) by extensions ['colcon_meta']
[0.575s] Level 1:colcon.colcon_core.package_identification:_identify(src/libpointmatcher_ros) by extension 'colcon_meta'
[0.576s] Level 1:colcon.colcon_core.package_identification:_identify(src/libpointmatcher_ros) by extensions ['ros']
[0.576s] Level 1:colcon.colcon_core.package_identification:_identify(src/libpointmatcher_ros) by extension 'ros'
[0.576s] DEBUG:colcon.colcon_core.package_identification:Package 'src/libpointmatcher_ros' with type 'ros.ament_cmake' and name 'libpointmatcher_ros'
[0.576s] Level 1:colcon.colcon_core.package_identification:_identify(src/norlab_icp_mapper) by extensions ['ignore', 'ignore_ament_install']
[0.576s] Level 1:colcon.colcon_core.package_identification:_identify(src/norlab_icp_mapper) by extension 'ignore'
[0.576s] Level 1:colcon.colcon_core.package_identification:_identify(src/norlab_icp_mapper) by extension 'ignore_ament_install'
[0.576s] Level 1:colcon.colcon_core.package_identification:_identify(src/norlab_icp_mapper) by extensions ['colcon_pkg']
[0.576s] Level 1:colcon.colcon_core.package_identification:_identify(src/norlab_icp_mapper) by extension 'colcon_pkg'
[0.576s] Level 1:colcon.colcon_core.package_identification:_identify(src/norlab_icp_mapper) by extensions ['colcon_meta']
[0.576s] Level 1:colcon.colcon_core.package_identification:_identify(src/norlab_icp_mapper) by extension 'colcon_meta'
[0.576s] Level 1:colcon.colcon_core.package_identification:_identify(src/norlab_icp_mapper) by extensions ['ros']
[0.576s] Level 1:colcon.colcon_core.package_identification:_identify(src/norlab_icp_mapper) by extension 'ros'
[0.577s] DEBUG:colcon.colcon_core.package_identification:Package 'src/norlab_icp_mapper' with type 'ros.cmake' and name 'norlab_icp_mapper'
[0.577s] Level 1:colcon.colcon_core.package_identification:_identify(src/norlab_icp_mapper_ros) by extensions ['ignore', 'ignore_ament_install']
[0.577s] Level 1:colcon.colcon_core.package_identification:_identify(src/norlab_icp_mapper_ros) by extension 'ignore'
[0.577s] Level 1:colcon.colcon_core.package_identification:_identify(src/norlab_icp_mapper_ros) by extension 'ignore_ament_install'
[0.577s] Level 1:colcon.colcon_core.package_identification:_identify(src/norlab_icp_mapper_ros) by extensions ['colcon_pkg']
[0.577s] Level 1:colcon.colcon_core.package_identification:_identify(src/norlab_icp_mapper_ros) by extension 'colcon_pkg'
[0.577s] Level 1:colcon.colcon_core.package_identification:_identify(src/norlab_icp_mapper_ros) by extensions ['colcon_meta']
[0.577s] Level 1:colcon.colcon_core.package_identification:_identify(src/norlab_icp_mapper_ros) by extension 'colcon_meta'
[0.577s] Level 1:colcon.colcon_core.package_identification:_identify(src/norlab_icp_mapper_ros) by extensions ['ros']
[0.577s] Level 1:colcon.colcon_core.package_identification:_identify(src/norlab_icp_mapper_ros) by extension 'ros'
[0.578s] DEBUG:colcon.colcon_core.package_identification:Package 'src/norlab_icp_mapper_ros' with type 'ros.ament_cmake' and name 'norlab_icp_mapper_ros'
[0.578s] Level 1:colcon.colcon_core.package_identification:_identify(src/reach_the_goal) by extensions ['ignore', 'ignore_ament_install']
[0.578s] Level 1:colcon.colcon_core.package_identification:_identify(src/reach_the_goal) by extension 'ignore'
[0.578s] Level 1:colcon.colcon_core.package_identification:_identify(src/reach_the_goal) by extension 'ignore_ament_install'
[0.578s] Level 1:colcon.colcon_core.package_identification:_identify(src/reach_the_goal) by extensions ['colcon_pkg']
[0.578s] Level 1:colcon.colcon_core.package_identification:_identify(src/reach_the_goal) by extension 'colcon_pkg'
[0.578s] Level 1:colcon.colcon_core.package_identification:_identify(src/reach_the_goal) by extensions ['colcon_meta']
[0.578s] Level 1:colcon.colcon_core.package_identification:_identify(src/reach_the_goal) by extension 'colcon_meta'
[0.578s] Level 1:colcon.colcon_core.package_identification:_identify(src/reach_the_goal) by extensions ['ros']
[0.578s] Level 1:colcon.colcon_core.package_identification:_identify(src/reach_the_goal) by extension 'ros'
[0.579s] DEBUG:colcon.colcon_core.package_identification:Package 'src/reach_the_goal' with type 'ros.ament_python' and name 'reach_the_goal'
[0.579s] Level 1:colcon.colcon_core.package_identification:_identify(src/template_ros2) by extensions ['ignore', 'ignore_ament_install']
[0.579s] Level 1:colcon.colcon_core.package_identification:_identify(src/template_ros2) by extension 'ignore'
[0.579s] Level 1:colcon.colcon_core.package_identification:_identify(src/template_ros2) by extension 'ignore_ament_install'
[0.579s] Level 1:colcon.colcon_core.package_identification:_identify(src/template_ros2) by extensions ['colcon_pkg']
[0.579s] Level 1:colcon.colcon_core.package_identification:_identify(src/template_ros2) by extension 'colcon_pkg'
[0.579s] Level 1:colcon.colcon_core.package_identification:_identify(src/template_ros2) by extensions ['colcon_meta']
[0.579s] Level 1:colcon.colcon_core.package_identification:_identify(src/template_ros2) by extension 'colcon_meta'
[0.579s] Level 1:colcon.colcon_core.package_identification:_identify(src/template_ros2) by extensions ['ros']
[0.579s] Level 1:colcon.colcon_core.package_identification:_identify(src/template_ros2) by extension 'ros'
[0.580s] DEBUG:colcon.colcon_core.package_identification:Package 'src/template_ros2' with type 'ros.ament_python' and name 'template_ros2'
[0.580s] Level 1:colcon.colcon_core.package_discovery:discover_packages(recursive) using defaults
[0.580s] Level 1:colcon.colcon_core.package_discovery:discover_packages(ignore) discover
[0.580s] Level 1:colcon.colcon_core.package_discovery:discover_packages(ignore) using defaults
[0.580s] Level 1:colcon.colcon_core.package_discovery:discover_packages(path) discover
[0.580s] Level 1:colcon.colcon_core.package_discovery:discover_packages(path) using defaults
[0.596s] INFO:colcon.colcon_core.package_selection:Skipping not selected package 'arcuo_marker_detection' in 'src/arcuo_marker_detection'
[0.596s] INFO:colcon.colcon_core.package_selection:Skipping not selected package 'libpointmatcher_ros' in 'src/libpointmatcher_ros'
[0.596s] INFO:colcon.colcon_core.package_selection:Skipping not selected package 'norlab_icp_mapper' in 'src/norlab_icp_mapper'
[0.596s] INFO:colcon.colcon_core.package_selection:Skipping not selected package 'reach_the_goal' in 'src/reach_the_goal'
[0.596s] INFO:colcon.colcon_core.package_selection:Skipping not selected package 'template_ros2' in 'src/template_ros2'
[0.596s] INFO:colcon.colcon_core.package_selection:Skipping not selected package 'docking_bringup' in 'src/docking_bringup'
[0.596s] INFO:colcon.colcon_core.package_selection:Skipping not selected package 'norlab_icp_mapper_ros' in 'src/norlab_icp_mapper_ros'
[0.596s] Level 1:colcon.colcon_core.package_discovery:discover_packages(prefix_path) check parameters
[0.596s] Level 1:colcon.colcon_core.package_discovery:discover_packages(prefix_path) discover
[0.599s] DEBUG:colcon.colcon_installed_package_information.package_discovery:Found 8 installed packages in /home/sarthak/precise_docking_ws/install
[0.601s] DEBUG:colcon.colcon_installed_package_information.package_discovery:Found 287 installed packages in /opt/ros/humble
[0.602s] Level 1:colcon.colcon_core.package_discovery:discover_packages(prefix_path) using defaults
[0.656s] Level 5:colcon.colcon_core.verb:set package 'frontend' build argument 'bazel_args' from command line to 'None'
[0.656s] Level 5:colcon.colcon_core.verb:set package 'frontend' build argument 'bazel_task' from command line to 'None'
[0.656s] Level 5:colcon.colcon_core.verb:set package 'frontend' build argument 'cmake_args' from command line to 'None'
[0.656s] Level 5:colcon.colcon_core.verb:set package 'frontend' build argument 'cmake_target' from command line to 'None'
[0.656s] Level 5:colcon.colcon_core.verb:set package 'frontend' build argument 'cmake_target_skip_unavailable' from command line to 'False'
[0.656s] Level 5:colcon.colcon_core.verb:set package 'frontend' build argument 'cmake_clean_cache' from command line to 'False'
[0.656s] Level 5:colcon.colcon_core.verb:set package 'frontend' build argument 'cmake_clean_first' from command line to 'False'
[0.656s] Level 5:colcon.colcon_core.verb:set package 'frontend' build argument 'cmake_force_configure' from command line to 'False'
[0.656s] Level 5:colcon.colcon_core.verb:set package 'frontend' build argument 'meson_args' from command line to '[]'
[0.656s] Level 5:colcon.colcon_core.verb:set package 'frontend' build argument 'ament_cmake_args' from command line to 'None'
[0.656s] Level 5:colcon.colcon_core.verb:set package 'frontend' build argument 'catkin_cmake_args' from command line to 'None'
[0.656s] Level 5:colcon.colcon_core.verb:set package 'frontend' build argument 'catkin_skip_building_tests' from command line to 'False'
[0.656s] DEBUG:colcon.colcon_core.verb:Building package 'frontend' with the following arguments: {'ament_cmake_args': None, 'bazel_args': None, 'bazel_task': None, 'build_base': '/home/sarthak/precise_docking_ws/build/frontend', 'catkin_cmake_args': None, 'catkin_skip_building_tests': False, 'cmake_args': None, 'cmake_clean_cache': False, 'cmake_clean_first': False, 'cmake_force_configure': False, 'cmake_target': None, 'cmake_target_skip_unavailable': False, 'install_base': '/home/sarthak/precise_docking_ws/install/frontend', 'merge_install': False, 'meson_args': [], 'path': '/home/sarthak/precise_docking_ws/src/frontend', 'symlink_install': False, 'test_result_base': None}
[0.657s] INFO:colcon.colcon_core.executor:Executing jobs using 'parallel' executor
[0.658s] DEBUG:colcon.colcon_parallel_executor.executor.parallel:run_until_complete
[0.658s] INFO:colcon.colcon_ros.task.ament_cmake.build:Building ROS package in '/home/sarthak/precise_docking_ws/src/frontend' with build type 'ament_cmake'
[0.658s] INFO:colcon.colcon_cmake.task.cmake.build:Building CMake package in '/home/sarthak/precise_docking_ws/src/frontend'
[0.660s] INFO:colcon.colcon_core.plugin_system:Skipping extension 'colcon_core.shell.bat': Not used on non-Windows systems
[0.661s] DEBUG:colcon.colcon_ros_domain_id_coordinator.shell.ros_domain_id:Allocated ROS_DOMAIN_ID=83 for '/home/sarthak/precise_docking_ws/build/frontend'
[0.661s] INFO:colcon.colcon_core.shell:Skip shell extension 'ros_domain_id' for command environment: 
[0.661s] INFO:colcon.colcon_core.shell:Skip shell extension 'powershell' for command environment: Not usable outside of PowerShell
[0.661s] DEBUG:colcon.colcon_core.shell:Skip shell extension 'dsv' for command environment
[0.671s] DEBUG:colcon.colcon_core.event_handler.log_command:Invoking command in '/home/sarthak/precise_docking_ws/build/frontend': CMAKE_PREFIX_PATH=${CMAKE_PREFIX_PATH}:/home/sarthak/precise_docking_ws/install/template_ros2:/home/sarthak/precise_docking_ws/install/reach_the_goal:/home/sarthak/precise_docking_ws/install/arcuo_marker_detection:/opt/ros/humble /usr/bin/cmake --build /home/sarthak/precise_docking_ws/build/frontend -- -j20 -l20
[1.075s] DEBUG:colcon.colcon_core.event_handler.log_command:Invoked command in '/home/sarthak/precise_docking_ws/build/frontend' returned '0': CMAKE_PREFIX_PATH=${CMAKE_PREFIX_PATH}:/home/sarthak/precise_docking_ws/install/template_ros2:/home/sarthak/precise_docking_ws/install/reach_the_goal:/home/sarthak/precise_docking_ws/install/arcuo_marker_detection:/opt/ros/humble /usr/bin/cmake --build /home/sarthak/precise_docking_ws/build/frontend -- -j20 -l20
[1.124s] DEBUG:colcon.colcon_core.event_handler.log_command:Invoking command in '/home/sarthak/precise_docking_ws/build/frontend': CMAKE_PREFIX_PATH=${CMAKE_PREFIX_PATH}:/home/sarthak/precise_docking_ws/install/template_ros2:/home/sarthak/precise_docking_ws/install/reach_the_goal:/home/sarthak/precise_docking_ws/install/arcuo_marker_detection:/opt/ros/humble /usr/bin/cmake --install /home/sarthak/precise_docking_ws/build/frontend
[1.192s] Level 1:colcon.colcon_core.environment:create_environment_scripts_only(frontend)
[1.193s] DEBUG:colcon.colcon_core.event_handler.log_command:Invoked command in '/home/sarthak/precise_docking_ws/build/frontend' returned '0': CMAKE_PREFIX_PATH=${CMAKE_PREFIX_PATH}:/home/sarthak/precise_docking_ws/install/template_ros2:/home/sarthak/precise_docking_ws/install/reach_the_goal:/home/sarthak/precise_docking_ws/install/arcuo_marker_detection:/opt/ros/humble /usr/bin/cmake --install /home/sarthak/precise_docking_ws/build/frontend
[1.194s] Level 1:colcon.colcon_core.environment:checking '/home/sarthak/precise_docking_ws/install/frontend' for CMake module files
[1.195s] Level 1:colcon.colcon_core.environment:checking '/home/sarthak/precise_docking_ws/install/frontend' for CMake config files
[1.195s] Level 1:colcon.colcon_core.shell:create_environment_hook('frontend', 'cmake_prefix_path')
[1.196s] INFO:colcon.colcon_core.shell:Creating environment hook '/home/sarthak/precise_docking_ws/install/frontend/share/frontend/hook/cmake_prefix_path.ps1'
[1.197s] INFO:colcon.colcon_core.shell:Creating environment descriptor '/home/sarthak/precise_docking_ws/install/frontend/share/frontend/hook/cmake_prefix_path.dsv'
[1.198s] INFO:colcon.colcon_core.shell:Creating environment hook '/home/sarthak/precise_docking_ws/install/frontend/share/frontend/hook/cmake_prefix_path.sh'
[1.199s] Level 1:colcon.colcon_core.environment:checking '/home/sarthak/precise_docking_ws/install/frontend/lib'
[1.199s] Level 1:colcon.colcon_core.environment:checking '/home/sarthak/precise_docking_ws/install/frontend/bin'
[1.199s] Level 1:colcon.colcon_core.environment:checking '/home/sarthak/precise_docking_ws/install/frontend/lib/pkgconfig/frontend.pc'
[1.200s] Level 1:colcon.colcon_core.environment:checking '/home/sarthak/precise_docking_ws/install/frontend/lib/python3.10/site-packages'
[1.200s] Level 1:colcon.colcon_core.shell:create_environment_hook('frontend', 'pythonpath')
[1.200s] INFO:colcon.colcon_core.shell:Creating environment hook '/home/sarthak/precise_docking_ws/install/frontend/share/frontend/hook/pythonpath.ps1'
[1.201s] INFO:colcon.colcon_core.shell:Creating environment descriptor '/home/sarthak/precise_docking_ws/install/frontend/share/frontend/hook/pythonpath.dsv'
[1.201s] INFO:colcon.colcon_core.shell:Creating environment hook '/home/sarthak/precise_docking_ws/install/frontend/share/frontend/hook/pythonpath.sh'
[1.202s] Level 1:colcon.colcon_core.environment:checking '/home/sarthak/precise_docking_ws/install/frontend/bin'
[1.202s] INFO:colcon.colcon_core.shell:Creating package script '/home/sarthak/precise_docking_ws/install/frontend/share/frontend/package.ps1'
[1.203s] INFO:colcon.colcon_core.shell:Creating package descriptor '/home/sarthak/precise_docking_ws/install/frontend/share/frontend/package.dsv'
[1.203s] INFO:colcon.colcon_core.shell:Creating package script '/home/sarthak/precise_docking_ws/install/frontend/share/frontend/package.sh'
[1.204s] INFO:colcon.colcon_core.shell:Creating package script '/home/sarthak/precise_docking_ws/install/frontend/share/frontend/package.bash'
[1.204s] INFO:colcon.colcon_core.shell:Creating package script '/home/sarthak/precise_docking_ws/install/frontend/share/frontend/package.zsh'
[1.205s] Level 1:colcon.colcon_core.environment:create_file_with_runtime_dependencies(/home/sarthak/precise_docking_ws/install/frontend/share/colcon-core/packages/frontend)
[1.249s] Level 1:colcon.colcon_core.environment:create_environment_scripts_only(frontend)
[1.250s] Level 1:colcon.colcon_core.environment:checking '/home/sarthak/precise_docking_ws/install/frontend' for CMake module files
[1.251s] Level 1:colcon.colcon_core.environment:checking '/home/sarthak/precise_docking_ws/install/frontend' for CMake config files
[1.251s] Level 1:colcon.colcon_core.shell:create_environment_hook('frontend', 'cmake_prefix_path')
[1.252s] INFO:colcon.colcon_core.shell:Creating environment hook '/home/sarthak/precise_docking_ws/install/frontend/share/frontend/hook/cmake_prefix_path.ps1'
[1.253s] INFO:colcon.colcon_core.shell:Creating environment descriptor '/home/sarthak/precise_docking_ws/install/frontend/share/frontend/hook/cmake_prefix_path.dsv'
[1.253s] INFO:colcon.colcon_core.shell:Creating environment hook '/home/sarthak/precise_docking_ws/install/frontend/share/frontend/hook/cmake_prefix_path.sh'
[1.254s] Level 1:colcon.colcon_core.environment:checking '/home/sarthak/precise_docking_ws/install/frontend/lib'
[1.254s] Level 1:colcon.colcon_core.environment:checking '/home/sarthak/precise_docking_ws/install/frontend/bin'
[1.254s] Level 1:colcon.colcon_core.environment:checking '/home/sarthak/precise_docking_ws/install/frontend/lib/pkgconfig/frontend.pc'
[1.254s] Level 1:colcon.colcon_core.environment:checking '/home/sarthak/precise_docking_ws/install/frontend/lib/python3.10/site-packages'
[1.254s] Level 1:colcon.colcon_core.shell:create_environment_hook('frontend', 'pythonpath')
[1.254s] INFO:colcon.colcon_core.shell:Creating environment hook '/home/sarthak/precise_docking_ws/install/frontend/share/frontend/hook/pythonpath.ps1'
[1.255s] INFO:colcon.colcon_core.shell:Creating environment descriptor '/home/sarthak/precise_docking_ws/install/frontend/share/frontend/hook/pythonpath.dsv'
[1.255s] INFO:colcon.colcon_core.shell:Creating environment hook '/home/sarthak/precise_docking_ws/install/frontend/share/frontend/hook/pythonpath.sh'
[1.257s] Level 1:colcon.colcon_core.environment:checking '/home/sarthak/precise_docking_ws/install/frontend/bin'
[1.257s] INFO:colcon.colcon_core.shell:Creating package script '/home/sarthak/precise_docking_ws/install/frontend/share/frontend/package.ps1'
[1.259s] INFO:colcon.colcon_core.shell:Creating package descriptor '/home/sarthak/precise_docking_ws/install/frontend/share/frontend/package.dsv'
[1.260s] INFO:colcon.colcon_core.shell:Creating package script '/home/sarthak/precise_docking_ws/install/frontend/share/frontend/package.sh'
[1.261s] INFO:colcon.colcon_core.shell:Creating package script '/home/sarthak/precise_docking_ws/install/frontend/share/frontend/package.bash'
[1.261s] INFO:colcon.colcon_core.shell:Creating package script '/home/sarthak/precise_docking_ws/install/frontend/share/frontend/package.zsh'
[1.262s] Level 1:colcon.colcon_core.environment:create_file_with_runtime_dependencies(/home/sarthak/precise_docking_ws/install/frontend/share/colcon-core/packages/frontend)
[1.263s] DEBUG:colcon.colcon_parallel_executor.executor.parallel:closing loop
[1.263s] DEBUG:colcon.colcon_ros_domain_id_coordinator.shell.ros_domain_id:Released ROS_DOMAIN_ID=83 for '/home/sarthak/precise_docking_ws/build/frontend'
[1.264s] DEBUG:colcon.colcon_parallel_executor.executor.parallel:loop closed
[1.264s] DEBUG:colcon.colcon_parallel_executor.executor.parallel:run_until_complete finished with '0'
[1.264s] DEBUG:colcon.colcon_core.event_reactor:joining thread
[1.273s] INFO:colcon.colcon_core.plugin_system:Skipping extension 'colcon_notification.desktop_notification.terminal_notifier': Not used on non-Darwin systems
[1.273s] INFO:colcon.colcon_core.plugin_system:Skipping extension 'colcon_notification.desktop_notification.win32': Not used on non-Windows systems
[1.273s] INFO:colcon.colcon_notification.desktop_notification:Sending desktop notification using 'notify2'
[1.298s] DEBUG:colcon.colcon_core.event_reactor:joined thread
[1.298s] INFO:colcon.colcon_core.shell:Creating prefix script '/home/sarthak/precise_docking_ws/install/local_setup.ps1'
[1.299s] INFO:colcon.colcon_core.shell:Creating prefix util module '/home/sarthak/precise_docking_ws/install/_local_setup_util_ps1.py'
[1.300s] INFO:colcon.colcon_core.shell:Creating prefix chain script '/home/sarthak/precise_docking_ws/install/setup.ps1'
[1.302s] INFO:colcon.colcon_core.shell:Creating prefix script '/home/sarthak/precise_docking_ws/install/local_setup.sh'
[1.302s] INFO:colcon.colcon_core.shell:Creating prefix util module '/home/sarthak/precise_docking_ws/install/_local_setup_util_sh.py'
[1.303s] INFO:colcon.colcon_core.shell:Creating prefix chain script '/home/sarthak/precise_docking_ws/install/setup.sh'
[1.304s] INFO:colcon.colcon_core.shell:Creating prefix script '/home/sarthak/precise_docking_ws/install/local_setup.bash'
[1.304s] INFO:colcon.colcon_core.shell:Creating prefix chain script '/home/sarthak/precise_docking_ws/install/setup.bash'
[1.305s] INFO:colcon.colcon_core.shell:Creating prefix script '/home/sarthak/precise_docking_ws/install/local_setup.zsh'
[1.305s] INFO:colcon.colcon_core.shell:Creating prefix chain script '/home/sarthak/precise_docking_ws/install/setup.zsh'
[1.306s] INFO:colcon.colcon_core.shell:Creating '/home/sarthak/precise_docking_ws/install/spawn_shell.bash'
