[1.817s] Invoking command in '/home/sarthak/precise_docking_ws/src/template_ros2': PYTHONPATH=/home/sarthak/precise_docking_ws/build/template_ros2/prefix_override:/home/sarthak/.local/lib/python3.10/site-packages/colcon_core/task/python/colcon_distutils_commands:/home/sarthak/precise_docking_ws/install/template_ros2/lib/python3.10/site-packages:${PYTHONPATH} /usr/bin/python3 -W ignore:setup.py install is deprecated setup.py egg_info --egg-base ../../build/template_ros2 build --build-base /home/sarthak/precise_docking_ws/build/template_ros2/build install --record /home/sarthak/precise_docking_ws/build/template_ros2/install.log --single-version-externally-managed install_data
[2.117s] running egg_info
[2.118s] writing ../../build/template_ros2/template_ros2.egg-info/PKG-INFO
[2.118s] writing dependency_links to ../../build/template_ros2/template_ros2.egg-info/dependency_links.txt
[2.118s] writing entry points to ../../build/template_ros2/template_ros2.egg-info/entry_points.txt
[2.118s] writing requirements to ../../build/template_ros2/template_ros2.egg-info/requires.txt
[2.118s] writing top-level names to ../../build/template_ros2/template_ros2.egg-info/top_level.txt
[2.121s] reading manifest file '../../build/template_ros2/template_ros2.egg-info/SOURCES.txt'
[2.122s] writing manifest file '../../build/template_ros2/template_ros2.egg-info/SOURCES.txt'
[2.122s] running build
[2.122s] running build_py
[2.123s] running install
[2.123s] running install_lib
[2.125s] running install_data
[2.125s] running install_egg_info
[2.128s] removing '/home/sarthak/precise_docking_ws/install/template_ros2/lib/python3.10/site-packages/template_ros2-0.0.0-py3.10.egg-info' (and everything under it)
[2.128s] Copying ../../build/template_ros2/template_ros2.egg-info to /home/sarthak/precise_docking_ws/install/template_ros2/lib/python3.10/site-packages/template_ros2-0.0.0-py3.10.egg-info
[2.129s] running install_scripts
[2.155s] writing list of installed files to '/home/sarthak/precise_docking_ws/build/template_ros2/install.log'
[2.223s] Invoked command in '/home/sarthak/precise_docking_ws/src/template_ros2' returned '0': PYTHONPATH=/home/sarthak/precise_docking_ws/build/template_ros2/prefix_override:/home/sarthak/.local/lib/python3.10/site-packages/colcon_core/task/python/colcon_distutils_commands:/home/sarthak/precise_docking_ws/install/template_ros2/lib/python3.10/site-packages:${PYTHONPATH} ROS_DOMAIN_ID=74 /usr/bin/python3 -W ignore:setup.py install is deprecated setup.py egg_info --egg-base ../../build/template_ros2 build --build-base /home/sarthak/precise_docking_ws/build/template_ros2/build install --record /home/sarthak/precise_docking_ws/build/template_ros2/install.log --single-version-externally-managed install_data
