[1.469s] Invoking command in '/home/sarthak/precise_docking_ws/src/template_ros2': PYTHONPATH=/home/sarthak/precise_docking_ws/build/template_ros2/prefix_override:/home/sarthak/.local/lib/python3.10/site-packages/colcon_core/task/python/colcon_distutils_commands:/home/sarthak/precise_docking_ws/install/template_ros2/lib/python3.10/site-packages:${PYTHONPATH} /usr/bin/python3 -W ignore:setup.py install is deprecated setup.py egg_info --egg-base ../../build/template_ros2 build --build-base /home/sarthak/precise_docking_ws/build/template_ros2/build install --record /home/sarthak/precise_docking_ws/build/template_ros2/install.log --single-version-externally-managed install_data
[1.616s] /home/sarthak/.local/lib/python3.10/site-packages/setuptools/_distutils/dist.py:261: UserWarning: Unknown distribution option: 'tests_require'
[1.617s]   warnings.warn(msg)
[1.713s] running egg_info
[1.724s] writing ../../build/template_ros2/template_ros2.egg-info/PKG-INFO
[1.724s] writing dependency_links to ../../build/template_ros2/template_ros2.egg-info/dependency_links.txt
[1.725s] writing requirements to ../../build/template_ros2/template_ros2.egg-info/requires.txt
[1.725s] writing top-level names to ../../build/template_ros2/template_ros2.egg-info/top_level.txt
[2.612s] writing manifest file '../../build/template_ros2/template_ros2.egg-info/SOURCES.txt'
[2.612s] running build
[2.612s] running build_py
[2.612s] copying template_ros2/__init__.py -> /home/sarthak/precise_docking_ws/build/template_ros2/build/lib/template_ros2
[2.613s] copying template_ros2/template_sub_pub.py -> /home/sarthak/precise_docking_ws/build/template_ros2/build/lib/template_ros2
[2.613s] running install
[2.618s] running install_lib
[2.633s] running install_data
[2.634s] copying resource/template_ros2 -> /home/sarthak/precise_docking_ws/install/template_ros2/share/ament_index/resource_index/packages
[2.634s] copying package.xml -> /home/sarthak/precise_docking_ws/install/template_ros2/share/template_ros2
[2.634s] running install_egg_info
[2.661s] removing '/home/sarthak/precise_docking_ws/install/template_ros2/lib/python3.10/site-packages/template_ros2-0.0.0-py3.10.egg-info' (and everything under it)
[2.662s] Copying ../../build/template_ros2/template_ros2.egg-info to /home/sarthak/precise_docking_ws/install/template_ros2/lib/python3.10/site-packages/template_ros2-0.0.0-py3.10.egg-info
[2.663s] running install_scripts
[2.875s] writing list of installed files to '/home/sarthak/precise_docking_ws/build/template_ros2/install.log'
[2.929s] Invoked command in '/home/sarthak/precise_docking_ws/src/template_ros2' returned '0': PYTHONPATH=/home/sarthak/precise_docking_ws/build/template_ros2/prefix_override:/home/sarthak/.local/lib/python3.10/site-packages/colcon_core/task/python/colcon_distutils_commands:/home/sarthak/precise_docking_ws/install/template_ros2/lib/python3.10/site-packages:${PYTHONPATH} /usr/bin/python3 -W ignore:setup.py install is deprecated setup.py egg_info --egg-base ../../build/template_ros2 build --build-base /home/sarthak/precise_docking_ws/build/template_ros2/build install --record /home/sarthak/precise_docking_ws/build/template_ros2/install.log --single-version-externally-managed install_data
