[0.485s] DEBUG:colcon:Command line arguments: ['/home/sarthak/.local/bin/colcon', 'build', '--packages-select', 'frontend']
[0.485s] DEBUG:colcon:Parsed command line arguments: Namespace(log_base=None, log_level=None, verb_name='build', build_base='build', install_base='install', merge_install=False, symlink_install=False, test_result_base=None, continue_on_error=False, executor='parallel', parallel_workers=20, event_handlers=None, ignore_user_meta=False, metas=['./colcon.meta'], base_paths=['.'], packages_ignore=None, packages_ignore_regex=None, paths=None, packages_up_to=None, packages_up_to_regex=None, packages_above=None, packages_above_and_dependencies=None, packages_above_depth=None, packages_select_by_dep=None, packages_skip_by_dep=None, packages_skip_up_to=None, packages_select_build_failed=False, packages_skip_build_finished=False, packages_select_test_failures=False, packages_skip_test_passed=False, packages_select=['frontend'], packages_skip=None, packages_select_regex=None, packages_skip_regex=None, packages_start=None, packages_end=None, allow_overriding=[], bazel_args=None, bazel_task=None, cmake_args=None, cmake_target=None, cmake_target_skip_unavailable=False, cmake_clean_cache=False, cmake_clean_first=False, cmake_force_configure=False, meson_args=[], ament_cmake_args=None, catkin_cmake_args=None, catkin_skip_building_tests=False, mixin_files=None, mixin=None, verb_parser=<colcon_alias.argument_parser.alias.AliasArgumentDecorator object at 0x7c109ebd9510>, verb_extension=<colcon_core.verb.build.BuildVerb object at 0x7c109ebd85e0>, main=<bound method BuildVerb.main of <colcon_core.verb.build.BuildVerb object at 0x7c109ebd85e0>>, mixin_verb=('build',))
[0.510s] Level 1:colcon.colcon_core.package_discovery:discover_packages(colcon_meta) check parameters
[0.510s] Level 1:colcon.colcon_core.package_discovery:discover_packages(recursive) check parameters
[0.511s] Level 1:colcon.colcon_core.package_discovery:discover_packages(ignore) check parameters
[0.511s] Level 1:colcon.colcon_core.package_discovery:discover_packages(path) check parameters
[0.511s] Level 1:colcon.colcon_core.package_discovery:discover_packages(colcon_meta) discover
[0.511s] Level 1:colcon.colcon_core.package_discovery:discover_packages(recursive) discover
[0.511s] INFO:colcon.colcon_core.package_discovery:Crawling recursively for packages in '/home/sarthak/precise_docking_ws'
[0.511s] Level 1:colcon.colcon_core.package_identification:_identify(.) by extensions ['ignore', 'ignore_ament_install']
[0.511s] Level 1:colcon.colcon_core.package_identification:_identify(.) by extension 'ignore'
[0.511s] Level 1:colcon.colcon_core.package_identification:_identify(.) by extension 'ignore_ament_install'
[0.511s] Level 1:colcon.colcon_core.package_identification:_identify(.) by extensions ['colcon_pkg']
[0.511s] Level 1:colcon.colcon_core.package_identification:_identify(.) by extension 'colcon_pkg'
[0.511s] Level 1:colcon.colcon_core.package_identification:_identify(.) by extensions ['colcon_meta']
[0.511s] Level 1:colcon.colcon_core.package_identification:_identify(.) by extension 'colcon_meta'
[0.511s] Level 1:colcon.colcon_core.package_identification:_identify(.) by extensions ['ros']
[0.511s] Level 1:colcon.colcon_core.package_identification:_identify(.) by extension 'ros'
[0.514s] Level 1:colcon.colcon_core.package_identification:_identify(.) by extensions ['bazel', 'cmake', 'meson', 'python']
[0.515s] Level 1:colcon.colcon_core.package_identification:_identify(.) by extension 'bazel'
[0.515s] Level 1:colcon.colcon_core.package_identification:_identify(.) by extension 'cmake'
[0.515s] Level 1:colcon.colcon_core.package_identification:_identify(.) by extension 'meson'
[0.515s] Level 1:colcon.colcon_core.package_identification:_identify(.) by extension 'python'
[0.515s] Level 1:colcon.colcon_core.package_identification:_identify(.) by extensions ['python_setup_py']
[0.515s] Level 1:colcon.colcon_core.package_identification:_identify(.) by extension 'python_setup_py'
[0.515s] Level 1:colcon.colcon_core.package_identification:_identify(build) by extensions ['ignore', 'ignore_ament_install']
[0.515s] Level 1:colcon.colcon_core.package_identification:_identify(build) by extension 'ignore'
[0.515s] Level 1:colcon.colcon_core.package_identification:_identify(build) ignored
[0.515s] Level 1:colcon.colcon_core.package_identification:_identify(install) by extensions ['ignore', 'ignore_ament_install']
[0.515s] Level 1:colcon.colcon_core.package_identification:_identify(install) by extension 'ignore'
[0.515s] Level 1:colcon.colcon_core.package_identification:_identify(install) ignored
[0.515s] Level 1:colcon.colcon_core.package_identification:_identify(log) by extensions ['ignore', 'ignore_ament_install']
[0.516s] Level 1:colcon.colcon_core.package_identification:_identify(log) by extension 'ignore'
[0.516s] Level 1:colcon.colcon_core.package_identification:_identify(log) ignored
[0.516s] Level 1:colcon.colcon_core.package_identification:_identify(src) by extensions ['ignore', 'ignore_ament_install']
[0.516s] Level 1:colcon.colcon_core.package_identification:_identify(src) by extension 'ignore'
[0.516s] Level 1:colcon.colcon_core.package_identification:_identify(src) by extension 'ignore_ament_install'
[0.516s] Level 1:colcon.colcon_core.package_identification:_identify(src) by extensions ['colcon_pkg']
[0.516s] Level 1:colcon.colcon_core.package_identification:_identify(src) by extension 'colcon_pkg'
[0.516s] Level 1:colcon.colcon_core.package_identification:_identify(src) by extensions ['colcon_meta']
[0.516s] Level 1:colcon.colcon_core.package_identification:_identify(src) by extension 'colcon_meta'
[0.516s] Level 1:colcon.colcon_core.package_identification:_identify(src) by extensions ['ros']
[0.516s] Level 1:colcon.colcon_core.package_identification:_identify(src) by extension 'ros'
[0.516s] Level 1:colcon.colcon_core.package_identification:_identify(src) by extensions ['bazel', 'cmake', 'meson', 'python']
[0.516s] Level 1:colcon.colcon_core.package_identification:_identify(src) by extension 'bazel'
[0.516s] Level 1:colcon.colcon_core.package_identification:_identify(src) by extension 'cmake'
[0.516s] Level 1:colcon.colcon_core.package_identification:_identify(src) by extension 'meson'
[0.516s] Level 1:colcon.colcon_core.package_identification:_identify(src) by extension 'python'
[0.516s] Level 1:colcon.colcon_core.package_identification:_identify(src) by extensions ['python_setup_py']
[0.516s] Level 1:colcon.colcon_core.package_identification:_identify(src) by extension 'python_setup_py'
[0.516s] Level 1:colcon.colcon_core.package_identification:_identify(src/arcuo_marker_detection) by extensions ['ignore', 'ignore_ament_install']
[0.516s] Level 1:colcon.colcon_core.package_identification:_identify(src/arcuo_marker_detection) by extension 'ignore'
[0.516s] Level 1:colcon.colcon_core.package_identification:_identify(src/arcuo_marker_detection) by extension 'ignore_ament_install'
[0.516s] Level 1:colcon.colcon_core.package_identification:_identify(src/arcuo_marker_detection) by extensions ['colcon_pkg']
[0.516s] Level 1:colcon.colcon_core.package_identification:_identify(src/arcuo_marker_detection) by extension 'colcon_pkg'
[0.516s] Level 1:colcon.colcon_core.package_identification:_identify(src/arcuo_marker_detection) by extensions ['colcon_meta']
[0.516s] Level 1:colcon.colcon_core.package_identification:_identify(src/arcuo_marker_detection) by extension 'colcon_meta'
[0.516s] Level 1:colcon.colcon_core.package_identification:_identify(src/arcuo_marker_detection) by extensions ['ros']
[0.516s] Level 1:colcon.colcon_core.package_identification:_identify(src/arcuo_marker_detection) by extension 'ros'
[0.519s] DEBUG:colcon.colcon_core.package_identification:Package 'src/arcuo_marker_detection' with type 'ros.ament_python' and name 'arcuo_marker_detection'
[0.520s] Level 1:colcon.colcon_core.package_identification:_identify(src/docking_bringup) by extensions ['ignore', 'ignore_ament_install']
[0.520s] Level 1:colcon.colcon_core.package_identification:_identify(src/docking_bringup) by extension 'ignore'
[0.520s] Level 1:colcon.colcon_core.package_identification:_identify(src/docking_bringup) by extension 'ignore_ament_install'
[0.520s] Level 1:colcon.colcon_core.package_identification:_identify(src/docking_bringup) by extensions ['colcon_pkg']
[0.520s] Level 1:colcon.colcon_core.package_identification:_identify(src/docking_bringup) by extension 'colcon_pkg'
[0.520s] Level 1:colcon.colcon_core.package_identification:_identify(src/docking_bringup) by extensions ['colcon_meta']
[0.520s] Level 1:colcon.colcon_core.package_identification:_identify(src/docking_bringup) by extension 'colcon_meta'
[0.520s] Level 1:colcon.colcon_core.package_identification:_identify(src/docking_bringup) by extensions ['ros']
[0.520s] Level 1:colcon.colcon_core.package_identification:_identify(src/docking_bringup) by extension 'ros'
[0.520s] DEBUG:colcon.colcon_core.package_identification:Package 'src/docking_bringup' with type 'ros.ament_cmake' and name 'docking_bringup'
[0.521s] Level 1:colcon.colcon_core.package_identification:_identify(src/frontend) by extensions ['ignore', 'ignore_ament_install']
[0.521s] Level 1:colcon.colcon_core.package_identification:_identify(src/frontend) by extension 'ignore'
[0.521s] Level 1:colcon.colcon_core.package_identification:_identify(src/frontend) by extension 'ignore_ament_install'
[0.521s] Level 1:colcon.colcon_core.package_identification:_identify(src/frontend) by extensions ['colcon_pkg']
[0.521s] Level 1:colcon.colcon_core.package_identification:_identify(src/frontend) by extension 'colcon_pkg'
[0.521s] Level 1:colcon.colcon_core.package_identification:_identify(src/frontend) by extensions ['colcon_meta']
[0.521s] Level 1:colcon.colcon_core.package_identification:_identify(src/frontend) by extension 'colcon_meta'
[0.521s] Level 1:colcon.colcon_core.package_identification:_identify(src/frontend) by extensions ['ros']
[0.521s] Level 1:colcon.colcon_core.package_identification:_identify(src/frontend) by extension 'ros'
[0.522s] DEBUG:colcon.colcon_core.package_identification:Package 'src/frontend' with type 'ros.ament_cmake' and name 'frontend'
[0.522s] Level 1:colcon.colcon_core.package_identification:_identify(src/reach_the_goal) by extensions ['ignore', 'ignore_ament_install']
[0.522s] Level 1:colcon.colcon_core.package_identification:_identify(src/reach_the_goal) by extension 'ignore'
[0.522s] Level 1:colcon.colcon_core.package_identification:_identify(src/reach_the_goal) by extension 'ignore_ament_install'
[0.522s] Level 1:colcon.colcon_core.package_identification:_identify(src/reach_the_goal) by extensions ['colcon_pkg']
[0.522s] Level 1:colcon.colcon_core.package_identification:_identify(src/reach_the_goal) by extension 'colcon_pkg'
[0.522s] Level 1:colcon.colcon_core.package_identification:_identify(src/reach_the_goal) by extensions ['colcon_meta']
[0.522s] Level 1:colcon.colcon_core.package_identification:_identify(src/reach_the_goal) by extension 'colcon_meta'
[0.522s] Level 1:colcon.colcon_core.package_identification:_identify(src/reach_the_goal) by extensions ['ros']
[0.522s] Level 1:colcon.colcon_core.package_identification:_identify(src/reach_the_goal) by extension 'ros'
[0.522s] DEBUG:colcon.colcon_core.package_identification:Package 'src/reach_the_goal' with type 'ros.ament_python' and name 'reach_the_goal'
[0.523s] Level 1:colcon.colcon_core.package_identification:_identify(src/template_ros2) by extensions ['ignore', 'ignore_ament_install']
[0.523s] Level 1:colcon.colcon_core.package_identification:_identify(src/template_ros2) by extension 'ignore'
[0.523s] Level 1:colcon.colcon_core.package_identification:_identify(src/template_ros2) by extension 'ignore_ament_install'
[0.523s] Level 1:colcon.colcon_core.package_identification:_identify(src/template_ros2) by extensions ['colcon_pkg']
[0.523s] Level 1:colcon.colcon_core.package_identification:_identify(src/template_ros2) by extension 'colcon_pkg'
[0.523s] Level 1:colcon.colcon_core.package_identification:_identify(src/template_ros2) by extensions ['colcon_meta']
[0.523s] Level 1:colcon.colcon_core.package_identification:_identify(src/template_ros2) by extension 'colcon_meta'
[0.523s] Level 1:colcon.colcon_core.package_identification:_identify(src/template_ros2) by extensions ['ros']
[0.523s] Level 1:colcon.colcon_core.package_identification:_identify(src/template_ros2) by extension 'ros'
[0.523s] DEBUG:colcon.colcon_core.package_identification:Package 'src/template_ros2' with type 'ros.ament_python' and name 'template_ros2'
[0.523s] Level 1:colcon.colcon_core.package_discovery:discover_packages(recursive) using defaults
[0.524s] Level 1:colcon.colcon_core.package_discovery:discover_packages(ignore) discover
[0.524s] Level 1:colcon.colcon_core.package_discovery:discover_packages(ignore) using defaults
[0.524s] Level 1:colcon.colcon_core.package_discovery:discover_packages(path) discover
[0.524s] Level 1:colcon.colcon_core.package_discovery:discover_packages(path) using defaults
[0.540s] INFO:colcon.colcon_core.package_selection:Skipping not selected package 'arcuo_marker_detection' in 'src/arcuo_marker_detection'
[0.540s] INFO:colcon.colcon_core.package_selection:Skipping not selected package 'reach_the_goal' in 'src/reach_the_goal'
[0.540s] INFO:colcon.colcon_core.package_selection:Skipping not selected package 'template_ros2' in 'src/template_ros2'
[0.540s] INFO:colcon.colcon_core.package_selection:Skipping not selected package 'docking_bringup' in 'src/docking_bringup'
[0.541s] Level 1:colcon.colcon_core.package_discovery:discover_packages(prefix_path) check parameters
[0.541s] Level 1:colcon.colcon_core.package_discovery:discover_packages(prefix_path) discover
[0.542s] DEBUG:colcon.colcon_installed_package_information.package_discovery:Found 8 installed packages in /home/sarthak/precise_docking_ws/install
[0.543s] DEBUG:colcon.colcon_installed_package_information.package_discovery:Found 287 installed packages in /opt/ros/humble
[0.544s] Level 1:colcon.colcon_core.package_discovery:discover_packages(prefix_path) using defaults
[0.584s] Level 5:colcon.colcon_core.verb:set package 'frontend' build argument 'bazel_args' from command line to 'None'
[0.585s] Level 5:colcon.colcon_core.verb:set package 'frontend' build argument 'bazel_task' from command line to 'None'
[0.585s] Level 5:colcon.colcon_core.verb:set package 'frontend' build argument 'cmake_args' from command line to 'None'
[0.585s] Level 5:colcon.colcon_core.verb:set package 'frontend' build argument 'cmake_target' from command line to 'None'
[0.585s] Level 5:colcon.colcon_core.verb:set package 'frontend' build argument 'cmake_target_skip_unavailable' from command line to 'False'
[0.585s] Level 5:colcon.colcon_core.verb:set package 'frontend' build argument 'cmake_clean_cache' from command line to 'False'
[0.585s] Level 5:colcon.colcon_core.verb:set package 'frontend' build argument 'cmake_clean_first' from command line to 'False'
[0.585s] Level 5:colcon.colcon_core.verb:set package 'frontend' build argument 'cmake_force_configure' from command line to 'False'
[0.585s] Level 5:colcon.colcon_core.verb:set package 'frontend' build argument 'meson_args' from command line to '[]'
[0.585s] Level 5:colcon.colcon_core.verb:set package 'frontend' build argument 'ament_cmake_args' from command line to 'None'
[0.585s] Level 5:colcon.colcon_core.verb:set package 'frontend' build argument 'catkin_cmake_args' from command line to 'None'
[0.585s] Level 5:colcon.colcon_core.verb:set package 'frontend' build argument 'catkin_skip_building_tests' from command line to 'False'
[0.585s] DEBUG:colcon.colcon_core.verb:Building package 'frontend' with the following arguments: {'ament_cmake_args': None, 'bazel_args': None, 'bazel_task': None, 'build_base': '/home/sarthak/precise_docking_ws/build/frontend', 'catkin_cmake_args': None, 'catkin_skip_building_tests': False, 'cmake_args': None, 'cmake_clean_cache': False, 'cmake_clean_first': False, 'cmake_force_configure': False, 'cmake_target': None, 'cmake_target_skip_unavailable': False, 'install_base': '/home/sarthak/precise_docking_ws/install/frontend', 'merge_install': False, 'meson_args': [], 'path': '/home/sarthak/precise_docking_ws/src/frontend', 'symlink_install': False, 'test_result_base': None}
[0.585s] INFO:colcon.colcon_core.executor:Executing jobs using 'parallel' executor
[0.587s] DEBUG:colcon.colcon_parallel_executor.executor.parallel:run_until_complete
[0.588s] INFO:colcon.colcon_ros.task.ament_cmake.build:Building ROS package in '/home/sarthak/precise_docking_ws/src/frontend' with build type 'ament_cmake'
[0.588s] INFO:colcon.colcon_cmake.task.cmake.build:Building CMake package in '/home/sarthak/precise_docking_ws/src/frontend'
[0.591s] INFO:colcon.colcon_core.plugin_system:Skipping extension 'colcon_core.shell.bat': Not used on non-Windows systems
[0.591s] DEBUG:colcon.colcon_ros_domain_id_coordinator.shell.ros_domain_id:Allocated ROS_DOMAIN_ID=227 for '/home/sarthak/precise_docking_ws/build/frontend'
[0.591s] INFO:colcon.colcon_core.shell:Skip shell extension 'ros_domain_id' for command environment: 
[0.591s] INFO:colcon.colcon_core.shell:Skip shell extension 'powershell' for command environment: Not usable outside of PowerShell
[0.591s] DEBUG:colcon.colcon_core.shell:Skip shell extension 'dsv' for command environment
[0.601s] DEBUG:colcon.colcon_core.event_handler.log_command:Invoking command in '/home/sarthak/precise_docking_ws/build/frontend': CMAKE_PREFIX_PATH=${CMAKE_PREFIX_PATH}:/home/sarthak/precise_docking_ws/install/template_ros2:/home/sarthak/precise_docking_ws/install/reach_the_goal:/home/sarthak/precise_docking_ws/install/arcuo_marker_detection:/opt/ros/humble /usr/bin/cmake --build /home/sarthak/precise_docking_ws/build/frontend -- -j20 -l20
[14.770s] DEBUG:colcon.colcon_core.event_handler.log_command:Invoked command in '/home/sarthak/precise_docking_ws/build/frontend' returned '0': CMAKE_PREFIX_PATH=${CMAKE_PREFIX_PATH}:/home/sarthak/precise_docking_ws/install/template_ros2:/home/sarthak/precise_docking_ws/install/reach_the_goal:/home/sarthak/precise_docking_ws/install/arcuo_marker_detection:/opt/ros/humble /usr/bin/cmake --build /home/sarthak/precise_docking_ws/build/frontend -- -j20 -l20
[14.852s] DEBUG:colcon.colcon_core.event_handler.log_command:Invoking command in '/home/sarthak/precise_docking_ws/build/frontend': CMAKE_PREFIX_PATH=${CMAKE_PREFIX_PATH}:/home/sarthak/precise_docking_ws/install/template_ros2:/home/sarthak/precise_docking_ws/install/reach_the_goal:/home/sarthak/precise_docking_ws/install/arcuo_marker_detection:/opt/ros/humble /usr/bin/cmake --install /home/sarthak/precise_docking_ws/build/frontend
[14.952s] Level 1:colcon.colcon_core.environment:create_environment_scripts_only(frontend)
[14.953s] DEBUG:colcon.colcon_core.event_handler.log_command:Invoked command in '/home/sarthak/precise_docking_ws/build/frontend' returned '0': CMAKE_PREFIX_PATH=${CMAKE_PREFIX_PATH}:/home/sarthak/precise_docking_ws/install/template_ros2:/home/sarthak/precise_docking_ws/install/reach_the_goal:/home/sarthak/precise_docking_ws/install/arcuo_marker_detection:/opt/ros/humble /usr/bin/cmake --install /home/sarthak/precise_docking_ws/build/frontend
[14.958s] Level 1:colcon.colcon_core.environment:checking '/home/sarthak/precise_docking_ws/install/frontend' for CMake module files
[14.959s] Level 1:colcon.colcon_core.environment:checking '/home/sarthak/precise_docking_ws/install/frontend' for CMake config files
[14.960s] Level 1:colcon.colcon_core.shell:create_environment_hook('frontend', 'cmake_prefix_path')
[14.960s] INFO:colcon.colcon_core.shell:Creating environment hook '/home/sarthak/precise_docking_ws/install/frontend/share/frontend/hook/cmake_prefix_path.ps1'
[14.961s] INFO:colcon.colcon_core.shell:Creating environment descriptor '/home/sarthak/precise_docking_ws/install/frontend/share/frontend/hook/cmake_prefix_path.dsv'
[14.962s] INFO:colcon.colcon_core.shell:Creating environment hook '/home/sarthak/precise_docking_ws/install/frontend/share/frontend/hook/cmake_prefix_path.sh'
[14.963s] Level 1:colcon.colcon_core.environment:checking '/home/sarthak/precise_docking_ws/install/frontend/lib'
[14.963s] Level 1:colcon.colcon_core.environment:checking '/home/sarthak/precise_docking_ws/install/frontend/bin'
[14.964s] Level 1:colcon.colcon_core.environment:checking '/home/sarthak/precise_docking_ws/install/frontend/lib/pkgconfig/frontend.pc'
[14.964s] Level 1:colcon.colcon_core.environment:checking '/home/sarthak/precise_docking_ws/install/frontend/lib/python3.10/site-packages'
[14.965s] Level 1:colcon.colcon_core.shell:create_environment_hook('frontend', 'pythonpath')
[14.965s] INFO:colcon.colcon_core.shell:Creating environment hook '/home/sarthak/precise_docking_ws/install/frontend/share/frontend/hook/pythonpath.ps1'
[14.966s] INFO:colcon.colcon_core.shell:Creating environment descriptor '/home/sarthak/precise_docking_ws/install/frontend/share/frontend/hook/pythonpath.dsv'
[14.967s] INFO:colcon.colcon_core.shell:Creating environment hook '/home/sarthak/precise_docking_ws/install/frontend/share/frontend/hook/pythonpath.sh'
[14.969s] Level 1:colcon.colcon_core.environment:checking '/home/sarthak/precise_docking_ws/install/frontend/bin'
[14.970s] INFO:colcon.colcon_core.shell:Creating package script '/home/sarthak/precise_docking_ws/install/frontend/share/frontend/package.ps1'
[14.972s] INFO:colcon.colcon_core.shell:Creating package descriptor '/home/sarthak/precise_docking_ws/install/frontend/share/frontend/package.dsv'
[14.973s] INFO:colcon.colcon_core.shell:Creating package script '/home/sarthak/precise_docking_ws/install/frontend/share/frontend/package.sh'
[14.974s] INFO:colcon.colcon_core.shell:Creating package script '/home/sarthak/precise_docking_ws/install/frontend/share/frontend/package.bash'
[14.975s] INFO:colcon.colcon_core.shell:Creating package script '/home/sarthak/precise_docking_ws/install/frontend/share/frontend/package.zsh'
[14.975s] Level 1:colcon.colcon_core.environment:create_file_with_runtime_dependencies(/home/sarthak/precise_docking_ws/install/frontend/share/colcon-core/packages/frontend)
[15.011s] Level 1:colcon.colcon_core.environment:create_environment_scripts_only(frontend)
[15.012s] Level 1:colcon.colcon_core.environment:checking '/home/sarthak/precise_docking_ws/install/frontend' for CMake module files
[15.012s] Level 1:colcon.colcon_core.environment:checking '/home/sarthak/precise_docking_ws/install/frontend' for CMake config files
[15.012s] Level 1:colcon.colcon_core.shell:create_environment_hook('frontend', 'cmake_prefix_path')
[15.012s] INFO:colcon.colcon_core.shell:Creating environment hook '/home/sarthak/precise_docking_ws/install/frontend/share/frontend/hook/cmake_prefix_path.ps1'
[15.013s] INFO:colcon.colcon_core.shell:Creating environment descriptor '/home/sarthak/precise_docking_ws/install/frontend/share/frontend/hook/cmake_prefix_path.dsv'
[15.013s] INFO:colcon.colcon_core.shell:Creating environment hook '/home/sarthak/precise_docking_ws/install/frontend/share/frontend/hook/cmake_prefix_path.sh'
[15.014s] Level 1:colcon.colcon_core.environment:checking '/home/sarthak/precise_docking_ws/install/frontend/lib'
[15.014s] Level 1:colcon.colcon_core.environment:checking '/home/sarthak/precise_docking_ws/install/frontend/bin'
[15.014s] Level 1:colcon.colcon_core.environment:checking '/home/sarthak/precise_docking_ws/install/frontend/lib/pkgconfig/frontend.pc'
[15.014s] Level 1:colcon.colcon_core.environment:checking '/home/sarthak/precise_docking_ws/install/frontend/lib/python3.10/site-packages'
[15.014s] Level 1:colcon.colcon_core.shell:create_environment_hook('frontend', 'pythonpath')
[15.014s] INFO:colcon.colcon_core.shell:Creating environment hook '/home/sarthak/precise_docking_ws/install/frontend/share/frontend/hook/pythonpath.ps1'
[15.014s] INFO:colcon.colcon_core.shell:Creating environment descriptor '/home/sarthak/precise_docking_ws/install/frontend/share/frontend/hook/pythonpath.dsv'
[15.015s] INFO:colcon.colcon_core.shell:Creating environment hook '/home/sarthak/precise_docking_ws/install/frontend/share/frontend/hook/pythonpath.sh'
[15.015s] Level 1:colcon.colcon_core.environment:checking '/home/sarthak/precise_docking_ws/install/frontend/bin'
[15.015s] INFO:colcon.colcon_core.shell:Creating package script '/home/sarthak/precise_docking_ws/install/frontend/share/frontend/package.ps1'
[15.015s] INFO:colcon.colcon_core.shell:Creating package descriptor '/home/sarthak/precise_docking_ws/install/frontend/share/frontend/package.dsv'
[15.016s] INFO:colcon.colcon_core.shell:Creating package script '/home/sarthak/precise_docking_ws/install/frontend/share/frontend/package.sh'
[15.016s] INFO:colcon.colcon_core.shell:Creating package script '/home/sarthak/precise_docking_ws/install/frontend/share/frontend/package.bash'
[15.016s] INFO:colcon.colcon_core.shell:Creating package script '/home/sarthak/precise_docking_ws/install/frontend/share/frontend/package.zsh'
[15.016s] Level 1:colcon.colcon_core.environment:create_file_with_runtime_dependencies(/home/sarthak/precise_docking_ws/install/frontend/share/colcon-core/packages/frontend)
[15.017s] DEBUG:colcon.colcon_parallel_executor.executor.parallel:closing loop
[15.017s] DEBUG:colcon.colcon_ros_domain_id_coordinator.shell.ros_domain_id:Released ROS_DOMAIN_ID=227 for '/home/sarthak/precise_docking_ws/build/frontend'
[15.017s] DEBUG:colcon.colcon_parallel_executor.executor.parallel:loop closed
[15.017s] DEBUG:colcon.colcon_parallel_executor.executor.parallel:run_until_complete finished with '0'
[15.017s] DEBUG:colcon.colcon_core.event_reactor:joining thread
[15.023s] INFO:colcon.colcon_core.plugin_system:Skipping extension 'colcon_notification.desktop_notification.terminal_notifier': Not used on non-Darwin systems
[15.023s] INFO:colcon.colcon_core.plugin_system:Skipping extension 'colcon_notification.desktop_notification.win32': Not used on non-Windows systems
[15.023s] INFO:colcon.colcon_notification.desktop_notification:Sending desktop notification using 'notify2'
[15.045s] DEBUG:colcon.colcon_core.event_reactor:joined thread
[15.046s] INFO:colcon.colcon_core.shell:Creating prefix script '/home/sarthak/precise_docking_ws/install/local_setup.ps1'
[15.047s] INFO:colcon.colcon_core.shell:Creating prefix util module '/home/sarthak/precise_docking_ws/install/_local_setup_util_ps1.py'
[15.049s] INFO:colcon.colcon_core.shell:Creating prefix chain script '/home/sarthak/precise_docking_ws/install/setup.ps1'
[15.051s] INFO:colcon.colcon_core.shell:Creating prefix script '/home/sarthak/precise_docking_ws/install/local_setup.sh'
[15.052s] INFO:colcon.colcon_core.shell:Creating prefix util module '/home/sarthak/precise_docking_ws/install/_local_setup_util_sh.py'
[15.053s] INFO:colcon.colcon_core.shell:Creating prefix chain script '/home/sarthak/precise_docking_ws/install/setup.sh'
[15.055s] INFO:colcon.colcon_core.shell:Creating prefix script '/home/sarthak/precise_docking_ws/install/local_setup.bash'
[15.055s] INFO:colcon.colcon_core.shell:Creating prefix chain script '/home/sarthak/precise_docking_ws/install/setup.bash'
[15.058s] INFO:colcon.colcon_core.shell:Creating prefix script '/home/sarthak/precise_docking_ws/install/local_setup.zsh'
[15.059s] INFO:colcon.colcon_core.shell:Creating prefix chain script '/home/sarthak/precise_docking_ws/install/setup.zsh'
[15.061s] INFO:colcon.colcon_core.shell:Creating '/home/sarthak/precise_docking_ws/install/spawn_shell.bash'
