[0.832s] Invoking command in '/home/sarthak/precise_docking_ws/build/teleop_cpp_ros2': CMAKE_PREFIX_PATH=${CMAKE_PREFIX_PATH}:/home/sarthak/precise_docking_ws/install/template_ros2:/home/sarthak/precise_docking_ws/install/reach_the_goal:/home/sarthak/precise_docking_ws/install/autonomous_exploration:/home/sarthak/precise_docking_ws/install/arcuo_marker_detection:/home/sarthak/precise_docking_ws/install/active_localization:/opt/ros/humble ROS_DOMAIN_ID=231 /usr/bin/cmake /home/sarthak/precise_docking_ws/src/teleop_cpp_ros2 -DAMENT_CMAKE_SYMLINK_INSTALL=1 -DCMAKE_INSTALL_PREFIX=/home/sarthak/precise_docking_ws/install/teleop_cpp_ros2
[1.080s] -- The C compiler identification is GNU 11.4.0
[1.080s] -- The CXX compiler identification is GNU 11.4.0
[1.080s] -- Detecting C compiler ABI info
[1.080s] -- Detecting C compiler ABI info - done
[1.080s] -- Check for working C compiler: /usr/bin/cc - skipped
[1.080s] -- Detecting C compile features
[1.080s] -- Detecting C compile features - done
[1.080s] -- Detecting CXX compiler ABI info
[1.081s] -- Detecting CXX compiler ABI info - done
[1.087s] -- Check for working CXX compiler: /usr/bin/c++ - skipped
[1.087s] -- Detecting CXX compile features
[1.087s] -- Detecting CXX compile features - done
[1.089s] -- Found ament_cmake: 1.3.11 (/opt/ros/humble/share/ament_cmake/cmake)
[1.600s] -- Found Python3: /usr/bin/python3 (found version "3.10.12") found components: Interpreter 
[1.658s] -- Override CMake install command with custom implementation using symlinks instead of copying resources
[1.686s] -- Found rclcpp: 16.0.11 (/opt/ros/humble/share/rclcpp/cmake)
[1.740s] -- Found rosidl_generator_c: 3.1.6 (/opt/ros/humble/share/rosidl_generator_c/cmake)
[1.748s] -- Found rosidl_adapter: 3.1.6 (/opt/ros/humble/share/rosidl_adapter/cmake)
[1.760s] -- Found rosidl_generator_cpp: 3.1.6 (/opt/ros/humble/share/rosidl_generator_cpp/cmake)
[1.778s] -- Using all available rosidl_typesupport_c: rosidl_typesupport_fastrtps_c;rosidl_typesupport_introspection_c
[1.801s] -- Using all available rosidl_typesupport_cpp: rosidl_typesupport_fastrtps_cpp;rosidl_typesupport_introspection_cpp
[1.866s] -- Found rmw_implementation_cmake: 6.1.2 (/opt/ros/humble/share/rmw_implementation_cmake/cmake)
[1.871s] -- Found rmw_fastrtps_cpp: 6.2.7 (/opt/ros/humble/share/rmw_fastrtps_cpp/cmake)
[1.970s] -- Found OpenSSL: /usr/lib/x86_64-linux-gnu/libcrypto.so (found version "3.0.2")  
[2.009s] -- Found FastRTPS: /opt/ros/humble/include  
[2.050s] -- Using RMW implementation 'rmw_fastrtps_cpp' as default
[2.057s] -- Looking for pthread.h
[2.122s] -- Looking for pthread.h - found
[2.123s] -- Performing Test CMAKE_HAVE_LIBC_PTHREAD
[2.188s] -- Performing Test CMAKE_HAVE_LIBC_PTHREAD - Success
[2.189s] -- Found Threads: TRUE  
[2.246s] -- Found geometry_msgs: 4.2.4 (/opt/ros/humble/share/geometry_msgs/cmake)
[2.257s] -- Found ament_lint_auto: 0.12.11 (/opt/ros/humble/share/ament_lint_auto/cmake)
[2.330s] -- Added test 'copyright' to check source files copyright and LICENSE
[2.334s] -- Added test 'cppcheck' to perform static code analysis on C / C++ code
[2.334s] -- Configured cppcheck include dirs: /home/sarthak/precise_docking_ws/src/teleop_cpp_ros2/include
[2.334s] -- Configured cppcheck exclude dirs and/or files: 
[2.337s] -- Added test 'cpplint' to check C / C++ code against the Google style
[2.337s] -- Configured cpplint exclude dirs and/or files: 
[2.339s] -- Added test 'lint_cmake' to check CMake code style
[2.343s] -- Added test 'uncrustify' to check C / C++ code style
[2.343s] -- Configured uncrustify additional arguments: 
[2.344s] -- Added test 'xmllint' to check XML markup files
[2.346s] -- Configuring done
[2.358s] -- Generating done
[2.360s] -- Build files have been written to: /home/sarthak/precise_docking_ws/build/teleop_cpp_ros2
[2.375s] Invoked command in '/home/sarthak/precise_docking_ws/build/teleop_cpp_ros2' returned '0': CMAKE_PREFIX_PATH=${CMAKE_PREFIX_PATH}:/home/sarthak/precise_docking_ws/install/template_ros2:/home/sarthak/precise_docking_ws/install/reach_the_goal:/home/sarthak/precise_docking_ws/install/autonomous_exploration:/home/sarthak/precise_docking_ws/install/arcuo_marker_detection:/home/sarthak/precise_docking_ws/install/active_localization:/opt/ros/humble ROS_DOMAIN_ID=231 /usr/bin/cmake /home/sarthak/precise_docking_ws/src/teleop_cpp_ros2 -DAMENT_CMAKE_SYMLINK_INSTALL=1 -DCMAKE_INSTALL_PREFIX=/home/sarthak/precise_docking_ws/install/teleop_cpp_ros2
[2.378s] Invoking command in '/home/sarthak/precise_docking_ws/build/teleop_cpp_ros2': CMAKE_PREFIX_PATH=${CMAKE_PREFIX_PATH}:/home/sarthak/precise_docking_ws/install/template_ros2:/home/sarthak/precise_docking_ws/install/reach_the_goal:/home/sarthak/precise_docking_ws/install/autonomous_exploration:/home/sarthak/precise_docking_ws/install/arcuo_marker_detection:/home/sarthak/precise_docking_ws/install/active_localization:/opt/ros/humble ROS_DOMAIN_ID=231 /usr/bin/cmake --build /home/sarthak/precise_docking_ws/build/teleop_cpp_ros2 -- -j20 -l20
[2.440s] [ 50%] [32mBuilding CXX object CMakeFiles/teleop.dir/src/teleop_cpp_ros2.cpp.o[0m
[5.915s] [100%] [32m[1mLinking CXX executable teleop[0m
[6.043s] [100%] Built target teleop
[6.050s] Invoked command in '/home/sarthak/precise_docking_ws/build/teleop_cpp_ros2' returned '0': CMAKE_PREFIX_PATH=${CMAKE_PREFIX_PATH}:/home/sarthak/precise_docking_ws/install/template_ros2:/home/sarthak/precise_docking_ws/install/reach_the_goal:/home/sarthak/precise_docking_ws/install/autonomous_exploration:/home/sarthak/precise_docking_ws/install/arcuo_marker_detection:/home/sarthak/precise_docking_ws/install/active_localization:/opt/ros/humble ROS_DOMAIN_ID=231 /usr/bin/cmake --build /home/sarthak/precise_docking_ws/build/teleop_cpp_ros2 -- -j20 -l20
[6.076s] Invoking command in '/home/sarthak/precise_docking_ws/build/teleop_cpp_ros2': CMAKE_PREFIX_PATH=${CMAKE_PREFIX_PATH}:/home/sarthak/precise_docking_ws/install/template_ros2:/home/sarthak/precise_docking_ws/install/reach_the_goal:/home/sarthak/precise_docking_ws/install/autonomous_exploration:/home/sarthak/precise_docking_ws/install/arcuo_marker_detection:/home/sarthak/precise_docking_ws/install/active_localization:/opt/ros/humble ROS_DOMAIN_ID=231 /usr/bin/cmake --install /home/sarthak/precise_docking_ws/build/teleop_cpp_ros2
[6.085s] -- Install configuration: ""
[6.085s] -- Execute custom install script
[6.085s] -- Symlinking: /home/sarthak/precise_docking_ws/install/teleop_cpp_ros2/lib/teleop_cpp_ros2/teleop
[6.094s] -- Symlinking: /home/sarthak/precise_docking_ws/install/teleop_cpp_ros2/share/ament_index/resource_index/package_run_dependencies/teleop_cpp_ros2
[6.105s] -- Symlinking: /home/sarthak/precise_docking_ws/install/teleop_cpp_ros2/share/ament_index/resource_index/parent_prefix_path/teleop_cpp_ros2
[6.114s] -- Symlinking: /home/sarthak/precise_docking_ws/install/teleop_cpp_ros2/share/teleop_cpp_ros2/environment/ament_prefix_path.sh
[6.121s] -- Symlinking: /home/sarthak/precise_docking_ws/install/teleop_cpp_ros2/share/teleop_cpp_ros2/environment/ament_prefix_path.dsv
[6.129s] -- Symlinking: /home/sarthak/precise_docking_ws/install/teleop_cpp_ros2/share/teleop_cpp_ros2/environment/path.sh
[6.141s] -- Symlinking: /home/sarthak/precise_docking_ws/install/teleop_cpp_ros2/share/teleop_cpp_ros2/environment/path.dsv
[6.152s] -- Symlinking: /home/sarthak/precise_docking_ws/install/teleop_cpp_ros2/share/teleop_cpp_ros2/local_setup.bash
[6.163s] -- Symlinking: /home/sarthak/precise_docking_ws/install/teleop_cpp_ros2/share/teleop_cpp_ros2/local_setup.sh
[6.174s] -- Symlinking: /home/sarthak/precise_docking_ws/install/teleop_cpp_ros2/share/teleop_cpp_ros2/local_setup.zsh
[6.184s] -- Symlinking: /home/sarthak/precise_docking_ws/install/teleop_cpp_ros2/share/teleop_cpp_ros2/local_setup.dsv
[6.195s] -- Symlinking: /home/sarthak/precise_docking_ws/install/teleop_cpp_ros2/share/teleop_cpp_ros2/package.dsv
[6.205s] -- Symlinking: /home/sarthak/precise_docking_ws/install/teleop_cpp_ros2/share/ament_index/resource_index/packages/teleop_cpp_ros2
[6.214s] -- Symlinking: /home/sarthak/precise_docking_ws/install/teleop_cpp_ros2/share/teleop_cpp_ros2/cmake/teleop_cpp_ros2Config.cmake
[6.224s] -- Symlinking: /home/sarthak/precise_docking_ws/install/teleop_cpp_ros2/share/teleop_cpp_ros2/cmake/teleop_cpp_ros2Config-version.cmake
[6.235s] -- Symlinking: /home/sarthak/precise_docking_ws/install/teleop_cpp_ros2/share/teleop_cpp_ros2/package.xml
[6.247s] Invoked command in '/home/sarthak/precise_docking_ws/build/teleop_cpp_ros2' returned '0': CMAKE_PREFIX_PATH=${CMAKE_PREFIX_PATH}:/home/sarthak/precise_docking_ws/install/template_ros2:/home/sarthak/precise_docking_ws/install/reach_the_goal:/home/sarthak/precise_docking_ws/install/autonomous_exploration:/home/sarthak/precise_docking_ws/install/arcuo_marker_detection:/home/sarthak/precise_docking_ws/install/active_localization:/opt/ros/humble ROS_DOMAIN_ID=231 /usr/bin/cmake --install /home/sarthak/precise_docking_ws/build/teleop_cpp_ros2
