/home/sarthak/.local/lib/python3.10/site-packages/setuptools/_distutils/dist.py:261: UserWarning: Unknown distribution option: 'tests_require'
  warnings.warn(msg)
running develop
/home/sarthak/.local/lib/python3.10/site-packages/setuptools/command/develop.py:41: EasyInstallDeprecationWarning: easy_install command is deprecated.
!!

        ********************************************************************************
        Please avoid running ``setup.py`` and ``easy_install``.
        Instead, use pypa/build, pypa/installer or other
        standards-based tools.

        See https://github.com/pypa/setuptools/issues/917 for details.
        ********************************************************************************

!!
  easy_install.initialize_options(self)
running egg_info
writing template_ros2.egg-info/PKG-INFO
writing dependency_links to template_ros2.egg-info/dependency_links.txt
writing requirements to template_ros2.egg-info/requires.txt
writing top-level names to template_ros2.egg-info/top_level.txt
writing manifest file 'template_ros2.egg-info/SOURCES.txt'
running build_ext
Creating /home/sarthak/precise_docking_ws/install/template_ros2/lib/python3.10/site-packages/template-ros2.egg-link (link to .)

Installed /home/sarthak/precise_docking_ws/build/template_ros2
running symlink_data
