[0.514s] DEBUG:colcon:Command line arguments: ['/home/sarthak/.local/bin/colcon', 'build', '--packages-select', 'frontend']
[0.514s] DEBUG:colcon:Parsed command line arguments: Namespace(log_base=None, log_level=None, verb_name='build', build_base='build', install_base='install', merge_install=False, symlink_install=False, test_result_base=None, continue_on_error=False, executor='parallel', parallel_workers=20, event_handlers=None, ignore_user_meta=False, metas=['./colcon.meta'], base_paths=['.'], packages_ignore=None, packages_ignore_regex=None, paths=None, packages_up_to=None, packages_up_to_regex=None, packages_above=None, packages_above_and_dependencies=None, packages_above_depth=None, packages_select_by_dep=None, packages_skip_by_dep=None, packages_skip_up_to=None, packages_select_build_failed=False, packages_skip_build_finished=False, packages_select_test_failures=False, packages_skip_test_passed=False, packages_select=['frontend'], packages_skip=None, packages_select_regex=None, packages_skip_regex=None, packages_start=None, packages_end=None, allow_overriding=[], bazel_args=None, bazel_task=None, cmake_args=None, cmake_target=None, cmake_target_skip_unavailable=False, cmake_clean_cache=False, cmake_clean_first=False, cmake_force_configure=False, meson_args=[], ament_cmake_args=None, catkin_cmake_args=None, catkin_skip_building_tests=False, mixin_files=None, mixin=None, verb_parser=<colcon_alias.argument_parser.alias.AliasArgumentDecorator object at 0x7c2fb95d1510>, verb_extension=<colcon_core.verb.build.BuildVerb object at 0x7c2fb95d05e0>, main=<bound method BuildVerb.main of <colcon_core.verb.build.BuildVerb object at 0x7c2fb95d05e0>>, mixin_verb=('build',))
[0.546s] Level 1:colcon.colcon_core.package_discovery:discover_packages(colcon_meta) check parameters
[0.546s] Level 1:colcon.colcon_core.package_discovery:discover_packages(recursive) check parameters
[0.546s] Level 1:colcon.colcon_core.package_discovery:discover_packages(ignore) check parameters
[0.546s] Level 1:colcon.colcon_core.package_discovery:discover_packages(path) check parameters
[0.546s] Level 1:colcon.colcon_core.package_discovery:discover_packages(colcon_meta) discover
[0.547s] Level 1:colcon.colcon_core.package_discovery:discover_packages(recursive) discover
[0.547s] INFO:colcon.colcon_core.package_discovery:Crawling recursively for packages in '/home/sarthak/precise_docking_ws'
[0.547s] Level 1:colcon.colcon_core.package_identification:_identify(.) by extensions ['ignore', 'ignore_ament_install']
[0.547s] Level 1:colcon.colcon_core.package_identification:_identify(.) by extension 'ignore'
[0.547s] Level 1:colcon.colcon_core.package_identification:_identify(.) by extension 'ignore_ament_install'
[0.547s] Level 1:colcon.colcon_core.package_identification:_identify(.) by extensions ['colcon_pkg']
[0.547s] Level 1:colcon.colcon_core.package_identification:_identify(.) by extension 'colcon_pkg'
[0.547s] Level 1:colcon.colcon_core.package_identification:_identify(.) by extensions ['colcon_meta']
[0.547s] Level 1:colcon.colcon_core.package_identification:_identify(.) by extension 'colcon_meta'
[0.547s] Level 1:colcon.colcon_core.package_identification:_identify(.) by extensions ['ros']
[0.547s] Level 1:colcon.colcon_core.package_identification:_identify(.) by extension 'ros'
[0.552s] Level 1:colcon.colcon_core.package_identification:_identify(.) by extensions ['bazel', 'cmake', 'meson', 'python']
[0.552s] Level 1:colcon.colcon_core.package_identification:_identify(.) by extension 'bazel'
[0.552s] Level 1:colcon.colcon_core.package_identification:_identify(.) by extension 'cmake'
[0.552s] Level 1:colcon.colcon_core.package_identification:_identify(.) by extension 'meson'
[0.552s] Level 1:colcon.colcon_core.package_identification:_identify(.) by extension 'python'
[0.552s] Level 1:colcon.colcon_core.package_identification:_identify(.) by extensions ['python_setup_py']
[0.552s] Level 1:colcon.colcon_core.package_identification:_identify(.) by extension 'python_setup_py'
[0.552s] Level 1:colcon.colcon_core.package_identification:_identify(build) by extensions ['ignore', 'ignore_ament_install']
[0.553s] Level 1:colcon.colcon_core.package_identification:_identify(build) by extension 'ignore'
[0.553s] Level 1:colcon.colcon_core.package_identification:_identify(build) ignored
[0.553s] Level 1:colcon.colcon_core.package_identification:_identify(install) by extensions ['ignore', 'ignore_ament_install']
[0.553s] Level 1:colcon.colcon_core.package_identification:_identify(install) by extension 'ignore'
[0.553s] Level 1:colcon.colcon_core.package_identification:_identify(install) ignored
[0.553s] Level 1:colcon.colcon_core.package_identification:_identify(log) by extensions ['ignore', 'ignore_ament_install']
[0.554s] Level 1:colcon.colcon_core.package_identification:_identify(log) by extension 'ignore'
[0.554s] Level 1:colcon.colcon_core.package_identification:_identify(log) ignored
[0.554s] Level 1:colcon.colcon_core.package_identification:_identify(src) by extensions ['ignore', 'ignore_ament_install']
[0.554s] Level 1:colcon.colcon_core.package_identification:_identify(src) by extension 'ignore'
[0.554s] Level 1:colcon.colcon_core.package_identification:_identify(src) by extension 'ignore_ament_install'
[0.554s] Level 1:colcon.colcon_core.package_identification:_identify(src) by extensions ['colcon_pkg']
[0.554s] Level 1:colcon.colcon_core.package_identification:_identify(src) by extension 'colcon_pkg'
[0.554s] Level 1:colcon.colcon_core.package_identification:_identify(src) by extensions ['colcon_meta']
[0.554s] Level 1:colcon.colcon_core.package_identification:_identify(src) by extension 'colcon_meta'
[0.554s] Level 1:colcon.colcon_core.package_identification:_identify(src) by extensions ['ros']
[0.554s] Level 1:colcon.colcon_core.package_identification:_identify(src) by extension 'ros'
[0.554s] Level 1:colcon.colcon_core.package_identification:_identify(src) by extensions ['bazel', 'cmake', 'meson', 'python']
[0.555s] Level 1:colcon.colcon_core.package_identification:_identify(src) by extension 'bazel'
[0.555s] Level 1:colcon.colcon_core.package_identification:_identify(src) by extension 'cmake'
[0.555s] Level 1:colcon.colcon_core.package_identification:_identify(src) by extension 'meson'
[0.555s] Level 1:colcon.colcon_core.package_identification:_identify(src) by extension 'python'
[0.555s] Level 1:colcon.colcon_core.package_identification:_identify(src) by extensions ['python_setup_py']
[0.555s] Level 1:colcon.colcon_core.package_identification:_identify(src) by extension 'python_setup_py'
[0.555s] Level 1:colcon.colcon_core.package_identification:_identify(src/arcuo_marker_detection) by extensions ['ignore', 'ignore_ament_install']
[0.555s] Level 1:colcon.colcon_core.package_identification:_identify(src/arcuo_marker_detection) by extension 'ignore'
[0.555s] Level 1:colcon.colcon_core.package_identification:_identify(src/arcuo_marker_detection) by extension 'ignore_ament_install'
[0.556s] Level 1:colcon.colcon_core.package_identification:_identify(src/arcuo_marker_detection) by extensions ['colcon_pkg']
[0.556s] Level 1:colcon.colcon_core.package_identification:_identify(src/arcuo_marker_detection) by extension 'colcon_pkg'
[0.556s] Level 1:colcon.colcon_core.package_identification:_identify(src/arcuo_marker_detection) by extensions ['colcon_meta']
[0.556s] Level 1:colcon.colcon_core.package_identification:_identify(src/arcuo_marker_detection) by extension 'colcon_meta'
[0.556s] Level 1:colcon.colcon_core.package_identification:_identify(src/arcuo_marker_detection) by extensions ['ros']
[0.556s] Level 1:colcon.colcon_core.package_identification:_identify(src/arcuo_marker_detection) by extension 'ros'
[0.560s] DEBUG:colcon.colcon_core.package_identification:Package 'src/arcuo_marker_detection' with type 'ros.ament_python' and name 'arcuo_marker_detection'
[0.560s] Level 1:colcon.colcon_core.package_identification:_identify(src/docking_bringup) by extensions ['ignore', 'ignore_ament_install']
[0.560s] Level 1:colcon.colcon_core.package_identification:_identify(src/docking_bringup) by extension 'ignore'
[0.560s] Level 1:colcon.colcon_core.package_identification:_identify(src/docking_bringup) by extension 'ignore_ament_install'
[0.561s] Level 1:colcon.colcon_core.package_identification:_identify(src/docking_bringup) by extensions ['colcon_pkg']
[0.561s] Level 1:colcon.colcon_core.package_identification:_identify(src/docking_bringup) by extension 'colcon_pkg'
[0.561s] Level 1:colcon.colcon_core.package_identification:_identify(src/docking_bringup) by extensions ['colcon_meta']
[0.561s] Level 1:colcon.colcon_core.package_identification:_identify(src/docking_bringup) by extension 'colcon_meta'
[0.561s] Level 1:colcon.colcon_core.package_identification:_identify(src/docking_bringup) by extensions ['ros']
[0.561s] Level 1:colcon.colcon_core.package_identification:_identify(src/docking_bringup) by extension 'ros'
[0.562s] DEBUG:colcon.colcon_core.package_identification:Package 'src/docking_bringup' with type 'ros.ament_cmake' and name 'docking_bringup'
[0.562s] Level 1:colcon.colcon_core.package_identification:_identify(src/frontend) by extensions ['ignore', 'ignore_ament_install']
[0.562s] Level 1:colcon.colcon_core.package_identification:_identify(src/frontend) by extension 'ignore'
[0.562s] Level 1:colcon.colcon_core.package_identification:_identify(src/frontend) by extension 'ignore_ament_install'
[0.562s] Level 1:colcon.colcon_core.package_identification:_identify(src/frontend) by extensions ['colcon_pkg']
[0.563s] Level 1:colcon.colcon_core.package_identification:_identify(src/frontend) by extension 'colcon_pkg'
[0.563s] Level 1:colcon.colcon_core.package_identification:_identify(src/frontend) by extensions ['colcon_meta']
[0.563s] Level 1:colcon.colcon_core.package_identification:_identify(src/frontend) by extension 'colcon_meta'
[0.563s] Level 1:colcon.colcon_core.package_identification:_identify(src/frontend) by extensions ['ros']
[0.563s] Level 1:colcon.colcon_core.package_identification:_identify(src/frontend) by extension 'ros'
[0.564s] DEBUG:colcon.colcon_core.package_identification:Package 'src/frontend' with type 'ros.ament_cmake' and name 'frontend'
[0.564s] Level 1:colcon.colcon_core.package_identification:_identify(src/libpointmatcher_ros) by extensions ['ignore', 'ignore_ament_install']
[0.564s] Level 1:colcon.colcon_core.package_identification:_identify(src/libpointmatcher_ros) by extension 'ignore'
[0.565s] Level 1:colcon.colcon_core.package_identification:_identify(src/libpointmatcher_ros) by extension 'ignore_ament_install'
[0.565s] Level 1:colcon.colcon_core.package_identification:_identify(src/libpointmatcher_ros) by extensions ['colcon_pkg']
[0.565s] Level 1:colcon.colcon_core.package_identification:_identify(src/libpointmatcher_ros) by extension 'colcon_pkg'
[0.565s] Level 1:colcon.colcon_core.package_identification:_identify(src/libpointmatcher_ros) by extensions ['colcon_meta']
[0.565s] Level 1:colcon.colcon_core.package_identification:_identify(src/libpointmatcher_ros) by extension 'colcon_meta'
[0.565s] Level 1:colcon.colcon_core.package_identification:_identify(src/libpointmatcher_ros) by extensions ['ros']
[0.565s] Level 1:colcon.colcon_core.package_identification:_identify(src/libpointmatcher_ros) by extension 'ros'
[0.565s] DEBUG:colcon.colcon_core.package_identification:Package 'src/libpointmatcher_ros' with type 'ros.ament_cmake' and name 'libpointmatcher_ros'
[0.565s] Level 1:colcon.colcon_core.package_identification:_identify(src/norlab_icp_mapper) by extensions ['ignore', 'ignore_ament_install']
[0.565s] Level 1:colcon.colcon_core.package_identification:_identify(src/norlab_icp_mapper) by extension 'ignore'
[0.566s] Level 1:colcon.colcon_core.package_identification:_identify(src/norlab_icp_mapper) by extension 'ignore_ament_install'
[0.566s] Level 1:colcon.colcon_core.package_identification:_identify(src/norlab_icp_mapper) by extensions ['colcon_pkg']
[0.566s] Level 1:colcon.colcon_core.package_identification:_identify(src/norlab_icp_mapper) by extension 'colcon_pkg'
[0.566s] Level 1:colcon.colcon_core.package_identification:_identify(src/norlab_icp_mapper) by extensions ['colcon_meta']
[0.566s] Level 1:colcon.colcon_core.package_identification:_identify(src/norlab_icp_mapper) by extension 'colcon_meta'
[0.566s] Level 1:colcon.colcon_core.package_identification:_identify(src/norlab_icp_mapper) by extensions ['ros']
[0.566s] Level 1:colcon.colcon_core.package_identification:_identify(src/norlab_icp_mapper) by extension 'ros'
[0.566s] DEBUG:colcon.colcon_core.package_identification:Package 'src/norlab_icp_mapper' with type 'ros.cmake' and name 'norlab_icp_mapper'
[0.566s] Level 1:colcon.colcon_core.package_identification:_identify(src/norlab_icp_mapper_ros) by extensions ['ignore', 'ignore_ament_install']
[0.566s] Level 1:colcon.colcon_core.package_identification:_identify(src/norlab_icp_mapper_ros) by extension 'ignore'
[0.566s] Level 1:colcon.colcon_core.package_identification:_identify(src/norlab_icp_mapper_ros) by extension 'ignore_ament_install'
[0.566s] Level 1:colcon.colcon_core.package_identification:_identify(src/norlab_icp_mapper_ros) by extensions ['colcon_pkg']
[0.567s] Level 1:colcon.colcon_core.package_identification:_identify(src/norlab_icp_mapper_ros) by extension 'colcon_pkg'
[0.567s] Level 1:colcon.colcon_core.package_identification:_identify(src/norlab_icp_mapper_ros) by extensions ['colcon_meta']
[0.567s] Level 1:colcon.colcon_core.package_identification:_identify(src/norlab_icp_mapper_ros) by extension 'colcon_meta'
[0.567s] Level 1:colcon.colcon_core.package_identification:_identify(src/norlab_icp_mapper_ros) by extensions ['ros']
[0.567s] Level 1:colcon.colcon_core.package_identification:_identify(src/norlab_icp_mapper_ros) by extension 'ros'
[0.567s] DEBUG:colcon.colcon_core.package_identification:Package 'src/norlab_icp_mapper_ros' with type 'ros.ament_cmake' and name 'norlab_icp_mapper_ros'
[0.567s] Level 1:colcon.colcon_core.package_identification:_identify(src/reach_the_goal) by extensions ['ignore', 'ignore_ament_install']
[0.568s] Level 1:colcon.colcon_core.package_identification:_identify(src/reach_the_goal) by extension 'ignore'
[0.568s] Level 1:colcon.colcon_core.package_identification:_identify(src/reach_the_goal) by extension 'ignore_ament_install'
[0.568s] Level 1:colcon.colcon_core.package_identification:_identify(src/reach_the_goal) by extensions ['colcon_pkg']
[0.568s] Level 1:colcon.colcon_core.package_identification:_identify(src/reach_the_goal) by extension 'colcon_pkg'
[0.568s] Level 1:colcon.colcon_core.package_identification:_identify(src/reach_the_goal) by extensions ['colcon_meta']
[0.568s] Level 1:colcon.colcon_core.package_identification:_identify(src/reach_the_goal) by extension 'colcon_meta'
[0.568s] Level 1:colcon.colcon_core.package_identification:_identify(src/reach_the_goal) by extensions ['ros']
[0.568s] Level 1:colcon.colcon_core.package_identification:_identify(src/reach_the_goal) by extension 'ros'
[0.568s] DEBUG:colcon.colcon_core.package_identification:Package 'src/reach_the_goal' with type 'ros.ament_python' and name 'reach_the_goal'
[0.568s] Level 1:colcon.colcon_core.package_identification:_identify(src/template_ros2) by extensions ['ignore', 'ignore_ament_install']
[0.568s] Level 1:colcon.colcon_core.package_identification:_identify(src/template_ros2) by extension 'ignore'
[0.569s] Level 1:colcon.colcon_core.package_identification:_identify(src/template_ros2) by extension 'ignore_ament_install'
[0.569s] Level 1:colcon.colcon_core.package_identification:_identify(src/template_ros2) by extensions ['colcon_pkg']
[0.569s] Level 1:colcon.colcon_core.package_identification:_identify(src/template_ros2) by extension 'colcon_pkg'
[0.569s] Level 1:colcon.colcon_core.package_identification:_identify(src/template_ros2) by extensions ['colcon_meta']
[0.569s] Level 1:colcon.colcon_core.package_identification:_identify(src/template_ros2) by extension 'colcon_meta'
[0.569s] Level 1:colcon.colcon_core.package_identification:_identify(src/template_ros2) by extensions ['ros']
[0.569s] Level 1:colcon.colcon_core.package_identification:_identify(src/template_ros2) by extension 'ros'
[0.569s] DEBUG:colcon.colcon_core.package_identification:Package 'src/template_ros2' with type 'ros.ament_python' and name 'template_ros2'
[0.570s] Level 1:colcon.colcon_core.package_discovery:discover_packages(recursive) using defaults
[0.570s] Level 1:colcon.colcon_core.package_discovery:discover_packages(ignore) discover
[0.570s] Level 1:colcon.colcon_core.package_discovery:discover_packages(ignore) using defaults
[0.570s] Level 1:colcon.colcon_core.package_discovery:discover_packages(path) discover
[0.570s] Level 1:colcon.colcon_core.package_discovery:discover_packages(path) using defaults
[0.592s] INFO:colcon.colcon_core.package_selection:Skipping not selected package 'arcuo_marker_detection' in 'src/arcuo_marker_detection'
[0.592s] INFO:colcon.colcon_core.package_selection:Skipping not selected package 'libpointmatcher_ros' in 'src/libpointmatcher_ros'
[0.592s] INFO:colcon.colcon_core.package_selection:Skipping not selected package 'norlab_icp_mapper' in 'src/norlab_icp_mapper'
[0.592s] INFO:colcon.colcon_core.package_selection:Skipping not selected package 'reach_the_goal' in 'src/reach_the_goal'
[0.593s] INFO:colcon.colcon_core.package_selection:Skipping not selected package 'template_ros2' in 'src/template_ros2'
[0.593s] INFO:colcon.colcon_core.package_selection:Skipping not selected package 'docking_bringup' in 'src/docking_bringup'
[0.593s] INFO:colcon.colcon_core.package_selection:Skipping not selected package 'norlab_icp_mapper_ros' in 'src/norlab_icp_mapper_ros'
[0.593s] Level 1:colcon.colcon_core.package_discovery:discover_packages(prefix_path) check parameters
[0.593s] Level 1:colcon.colcon_core.package_discovery:discover_packages(prefix_path) discover
[0.595s] DEBUG:colcon.colcon_installed_package_information.package_discovery:Found 8 installed packages in /home/sarthak/precise_docking_ws/install
[0.596s] DEBUG:colcon.colcon_installed_package_information.package_discovery:Found 287 installed packages in /opt/ros/humble
[0.597s] Level 1:colcon.colcon_core.package_discovery:discover_packages(prefix_path) using defaults
[0.645s] Level 5:colcon.colcon_core.verb:set package 'frontend' build argument 'bazel_args' from command line to 'None'
[0.645s] Level 5:colcon.colcon_core.verb:set package 'frontend' build argument 'bazel_task' from command line to 'None'
[0.645s] Level 5:colcon.colcon_core.verb:set package 'frontend' build argument 'cmake_args' from command line to 'None'
[0.645s] Level 5:colcon.colcon_core.verb:set package 'frontend' build argument 'cmake_target' from command line to 'None'
[0.645s] Level 5:colcon.colcon_core.verb:set package 'frontend' build argument 'cmake_target_skip_unavailable' from command line to 'False'
[0.645s] Level 5:colcon.colcon_core.verb:set package 'frontend' build argument 'cmake_clean_cache' from command line to 'False'
[0.645s] Level 5:colcon.colcon_core.verb:set package 'frontend' build argument 'cmake_clean_first' from command line to 'False'
[0.645s] Level 5:colcon.colcon_core.verb:set package 'frontend' build argument 'cmake_force_configure' from command line to 'False'
[0.645s] Level 5:colcon.colcon_core.verb:set package 'frontend' build argument 'meson_args' from command line to '[]'
[0.645s] Level 5:colcon.colcon_core.verb:set package 'frontend' build argument 'ament_cmake_args' from command line to 'None'
[0.645s] Level 5:colcon.colcon_core.verb:set package 'frontend' build argument 'catkin_cmake_args' from command line to 'None'
[0.645s] Level 5:colcon.colcon_core.verb:set package 'frontend' build argument 'catkin_skip_building_tests' from command line to 'False'
[0.645s] DEBUG:colcon.colcon_core.verb:Building package 'frontend' with the following arguments: {'ament_cmake_args': None, 'bazel_args': None, 'bazel_task': None, 'build_base': '/home/sarthak/precise_docking_ws/build/frontend', 'catkin_cmake_args': None, 'catkin_skip_building_tests': False, 'cmake_args': None, 'cmake_clean_cache': False, 'cmake_clean_first': False, 'cmake_force_configure': False, 'cmake_target': None, 'cmake_target_skip_unavailable': False, 'install_base': '/home/sarthak/precise_docking_ws/install/frontend', 'merge_install': False, 'meson_args': [], 'path': '/home/sarthak/precise_docking_ws/src/frontend', 'symlink_install': False, 'test_result_base': None}
[0.645s] INFO:colcon.colcon_core.executor:Executing jobs using 'parallel' executor
[0.647s] DEBUG:colcon.colcon_parallel_executor.executor.parallel:run_until_complete
[0.647s] INFO:colcon.colcon_ros.task.ament_cmake.build:Building ROS package in '/home/sarthak/precise_docking_ws/src/frontend' with build type 'ament_cmake'
[0.647s] INFO:colcon.colcon_cmake.task.cmake.build:Building CMake package in '/home/sarthak/precise_docking_ws/src/frontend'
[0.650s] INFO:colcon.colcon_core.plugin_system:Skipping extension 'colcon_core.shell.bat': Not used on non-Windows systems
[0.651s] DEBUG:colcon.colcon_ros_domain_id_coordinator.shell.ros_domain_id:Allocated ROS_DOMAIN_ID=91 for '/home/sarthak/precise_docking_ws/build/frontend'
[0.651s] INFO:colcon.colcon_core.shell:Skip shell extension 'ros_domain_id' for command environment: 
[0.651s] INFO:colcon.colcon_core.shell:Skip shell extension 'powershell' for command environment: Not usable outside of PowerShell
[0.651s] DEBUG:colcon.colcon_core.shell:Skip shell extension 'dsv' for command environment
[0.664s] DEBUG:colcon.colcon_core.event_handler.log_command:Invoking command in '/home/sarthak/precise_docking_ws/build/frontend': CMAKE_PREFIX_PATH=${CMAKE_PREFIX_PATH}:/home/sarthak/precise_docking_ws/install/template_ros2:/home/sarthak/precise_docking_ws/install/reach_the_goal:/home/sarthak/precise_docking_ws/install/arcuo_marker_detection:/opt/ros/humble /usr/bin/cmake --build /home/sarthak/precise_docking_ws/build/frontend -- -j20 -l20
[1.133s] DEBUG:colcon.colcon_core.event_handler.log_command:Invoked command in '/home/sarthak/precise_docking_ws/build/frontend' returned '0': CMAKE_PREFIX_PATH=${CMAKE_PREFIX_PATH}:/home/sarthak/precise_docking_ws/install/template_ros2:/home/sarthak/precise_docking_ws/install/reach_the_goal:/home/sarthak/precise_docking_ws/install/arcuo_marker_detection:/opt/ros/humble /usr/bin/cmake --build /home/sarthak/precise_docking_ws/build/frontend -- -j20 -l20
[1.190s] DEBUG:colcon.colcon_core.event_handler.log_command:Invoking command in '/home/sarthak/precise_docking_ws/build/frontend': CMAKE_PREFIX_PATH=${CMAKE_PREFIX_PATH}:/home/sarthak/precise_docking_ws/install/template_ros2:/home/sarthak/precise_docking_ws/install/reach_the_goal:/home/sarthak/precise_docking_ws/install/arcuo_marker_detection:/opt/ros/humble /usr/bin/cmake --install /home/sarthak/precise_docking_ws/build/frontend
[1.255s] Level 1:colcon.colcon_core.environment:create_environment_scripts_only(frontend)
[1.256s] DEBUG:colcon.colcon_core.event_handler.log_command:Invoked command in '/home/sarthak/precise_docking_ws/build/frontend' returned '0': CMAKE_PREFIX_PATH=${CMAKE_PREFIX_PATH}:/home/sarthak/precise_docking_ws/install/template_ros2:/home/sarthak/precise_docking_ws/install/reach_the_goal:/home/sarthak/precise_docking_ws/install/arcuo_marker_detection:/opt/ros/humble /usr/bin/cmake --install /home/sarthak/precise_docking_ws/build/frontend
[1.260s] Level 1:colcon.colcon_core.environment:checking '/home/sarthak/precise_docking_ws/install/frontend' for CMake module files
[1.261s] Level 1:colcon.colcon_core.environment:checking '/home/sarthak/precise_docking_ws/install/frontend' for CMake config files
[1.261s] Level 1:colcon.colcon_core.shell:create_environment_hook('frontend', 'cmake_prefix_path')
[1.262s] INFO:colcon.colcon_core.shell:Creating environment hook '/home/sarthak/precise_docking_ws/install/frontend/share/frontend/hook/cmake_prefix_path.ps1'
[1.263s] INFO:colcon.colcon_core.shell:Creating environment descriptor '/home/sarthak/precise_docking_ws/install/frontend/share/frontend/hook/cmake_prefix_path.dsv'
[1.263s] INFO:colcon.colcon_core.shell:Creating environment hook '/home/sarthak/precise_docking_ws/install/frontend/share/frontend/hook/cmake_prefix_path.sh'
[1.264s] Level 1:colcon.colcon_core.environment:checking '/home/sarthak/precise_docking_ws/install/frontend/lib'
[1.264s] Level 1:colcon.colcon_core.environment:checking '/home/sarthak/precise_docking_ws/install/frontend/bin'
[1.264s] Level 1:colcon.colcon_core.environment:checking '/home/sarthak/precise_docking_ws/install/frontend/lib/pkgconfig/frontend.pc'
[1.265s] Level 1:colcon.colcon_core.environment:checking '/home/sarthak/precise_docking_ws/install/frontend/lib/python3.10/site-packages'
[1.265s] Level 1:colcon.colcon_core.shell:create_environment_hook('frontend', 'pythonpath')
[1.265s] INFO:colcon.colcon_core.shell:Creating environment hook '/home/sarthak/precise_docking_ws/install/frontend/share/frontend/hook/pythonpath.ps1'
[1.266s] INFO:colcon.colcon_core.shell:Creating environment descriptor '/home/sarthak/precise_docking_ws/install/frontend/share/frontend/hook/pythonpath.dsv'
[1.266s] INFO:colcon.colcon_core.shell:Creating environment hook '/home/sarthak/precise_docking_ws/install/frontend/share/frontend/hook/pythonpath.sh'
[1.267s] Level 1:colcon.colcon_core.environment:checking '/home/sarthak/precise_docking_ws/install/frontend/bin'
[1.268s] INFO:colcon.colcon_core.shell:Creating package script '/home/sarthak/precise_docking_ws/install/frontend/share/frontend/package.ps1'
[1.270s] INFO:colcon.colcon_core.shell:Creating package descriptor '/home/sarthak/precise_docking_ws/install/frontend/share/frontend/package.dsv'
[1.270s] INFO:colcon.colcon_core.shell:Creating package script '/home/sarthak/precise_docking_ws/install/frontend/share/frontend/package.sh'
[1.271s] INFO:colcon.colcon_core.shell:Creating package script '/home/sarthak/precise_docking_ws/install/frontend/share/frontend/package.bash'
[1.271s] INFO:colcon.colcon_core.shell:Creating package script '/home/sarthak/precise_docking_ws/install/frontend/share/frontend/package.zsh'
[1.272s] Level 1:colcon.colcon_core.environment:create_file_with_runtime_dependencies(/home/sarthak/precise_docking_ws/install/frontend/share/colcon-core/packages/frontend)
[1.316s] Level 1:colcon.colcon_core.environment:create_environment_scripts_only(frontend)
[1.317s] Level 1:colcon.colcon_core.environment:checking '/home/sarthak/precise_docking_ws/install/frontend' for CMake module files
[1.318s] Level 1:colcon.colcon_core.environment:checking '/home/sarthak/precise_docking_ws/install/frontend' for CMake config files
[1.318s] Level 1:colcon.colcon_core.shell:create_environment_hook('frontend', 'cmake_prefix_path')
[1.319s] INFO:colcon.colcon_core.shell:Creating environment hook '/home/sarthak/precise_docking_ws/install/frontend/share/frontend/hook/cmake_prefix_path.ps1'
[1.320s] INFO:colcon.colcon_core.shell:Creating environment descriptor '/home/sarthak/precise_docking_ws/install/frontend/share/frontend/hook/cmake_prefix_path.dsv'
[1.320s] INFO:colcon.colcon_core.shell:Creating environment hook '/home/sarthak/precise_docking_ws/install/frontend/share/frontend/hook/cmake_prefix_path.sh'
[1.322s] Level 1:colcon.colcon_core.environment:checking '/home/sarthak/precise_docking_ws/install/frontend/lib'
[1.322s] Level 1:colcon.colcon_core.environment:checking '/home/sarthak/precise_docking_ws/install/frontend/bin'
[1.322s] Level 1:colcon.colcon_core.environment:checking '/home/sarthak/precise_docking_ws/install/frontend/lib/pkgconfig/frontend.pc'
[1.323s] Level 1:colcon.colcon_core.environment:checking '/home/sarthak/precise_docking_ws/install/frontend/lib/python3.10/site-packages'
[1.323s] Level 1:colcon.colcon_core.shell:create_environment_hook('frontend', 'pythonpath')
[1.324s] INFO:colcon.colcon_core.shell:Creating environment hook '/home/sarthak/precise_docking_ws/install/frontend/share/frontend/hook/pythonpath.ps1'
[1.326s] INFO:colcon.colcon_core.shell:Creating environment descriptor '/home/sarthak/precise_docking_ws/install/frontend/share/frontend/hook/pythonpath.dsv'
[1.326s] INFO:colcon.colcon_core.shell:Creating environment hook '/home/sarthak/precise_docking_ws/install/frontend/share/frontend/hook/pythonpath.sh'
[1.327s] Level 1:colcon.colcon_core.environment:checking '/home/sarthak/precise_docking_ws/install/frontend/bin'
[1.328s] INFO:colcon.colcon_core.shell:Creating package script '/home/sarthak/precise_docking_ws/install/frontend/share/frontend/package.ps1'
[1.329s] INFO:colcon.colcon_core.shell:Creating package descriptor '/home/sarthak/precise_docking_ws/install/frontend/share/frontend/package.dsv'
[1.331s] INFO:colcon.colcon_core.shell:Creating package script '/home/sarthak/precise_docking_ws/install/frontend/share/frontend/package.sh'
[1.332s] INFO:colcon.colcon_core.shell:Creating package script '/home/sarthak/precise_docking_ws/install/frontend/share/frontend/package.bash'
[1.333s] INFO:colcon.colcon_core.shell:Creating package script '/home/sarthak/precise_docking_ws/install/frontend/share/frontend/package.zsh'
[1.334s] Level 1:colcon.colcon_core.environment:create_file_with_runtime_dependencies(/home/sarthak/precise_docking_ws/install/frontend/share/colcon-core/packages/frontend)
[1.335s] DEBUG:colcon.colcon_parallel_executor.executor.parallel:closing loop
[1.335s] DEBUG:colcon.colcon_ros_domain_id_coordinator.shell.ros_domain_id:Released ROS_DOMAIN_ID=91 for '/home/sarthak/precise_docking_ws/build/frontend'
[1.335s] DEBUG:colcon.colcon_parallel_executor.executor.parallel:loop closed
[1.335s] DEBUG:colcon.colcon_parallel_executor.executor.parallel:run_until_complete finished with '0'
[1.335s] DEBUG:colcon.colcon_core.event_reactor:joining thread
[1.340s] INFO:colcon.colcon_core.plugin_system:Skipping extension 'colcon_notification.desktop_notification.terminal_notifier': Not used on non-Darwin systems
[1.341s] INFO:colcon.colcon_core.plugin_system:Skipping extension 'colcon_notification.desktop_notification.win32': Not used on non-Windows systems
[1.341s] INFO:colcon.colcon_notification.desktop_notification:Sending desktop notification using 'notify2'
[1.360s] DEBUG:colcon.colcon_core.event_reactor:joined thread
[1.361s] INFO:colcon.colcon_core.shell:Creating prefix script '/home/sarthak/precise_docking_ws/install/local_setup.ps1'
[1.363s] INFO:colcon.colcon_core.shell:Creating prefix util module '/home/sarthak/precise_docking_ws/install/_local_setup_util_ps1.py'
[1.365s] INFO:colcon.colcon_core.shell:Creating prefix chain script '/home/sarthak/precise_docking_ws/install/setup.ps1'
[1.367s] INFO:colcon.colcon_core.shell:Creating prefix script '/home/sarthak/precise_docking_ws/install/local_setup.sh'
[1.368s] INFO:colcon.colcon_core.shell:Creating prefix util module '/home/sarthak/precise_docking_ws/install/_local_setup_util_sh.py'
[1.368s] INFO:colcon.colcon_core.shell:Creating prefix chain script '/home/sarthak/precise_docking_ws/install/setup.sh'
[1.370s] INFO:colcon.colcon_core.shell:Creating prefix script '/home/sarthak/precise_docking_ws/install/local_setup.bash'
[1.370s] INFO:colcon.colcon_core.shell:Creating prefix chain script '/home/sarthak/precise_docking_ws/install/setup.bash'
[1.372s] INFO:colcon.colcon_core.shell:Creating prefix script '/home/sarthak/precise_docking_ws/install/local_setup.zsh'
[1.374s] INFO:colcon.colcon_core.shell:Creating prefix chain script '/home/sarthak/precise_docking_ws/install/setup.zsh'
[1.378s] INFO:colcon.colcon_core.shell:Creating '/home/sarthak/precise_docking_ws/install/spawn_shell.bash'
