[0.013s] Invoking command in '/home/sarthak/precise_docking_ws/build/frontend': CMAKE_PREFIX_PATH=${CMAKE_PREFIX_PATH}:/home/sarthak/precise_docking_ws/install/template_ros2:/home/sarthak/precise_docking_ws/install/reach_the_goal:/home/sarthak/precise_docking_ws/install/arcuo_marker_detection:/opt/ros/humble /usr/bin/cmake --build /home/sarthak/precise_docking_ws/build/frontend -- -j20 -l20
[0.082s] [35m[1mConsolidate compiler generated dependencies of target icp_node[0m
[0.104s] [  0%] Built target ament_cmake_python_copy_frontend
[0.112s] [ 50%] Built target cpp_executable
[0.145s] [ 75%] [32mBuilding CXX object CMakeFiles/icp_node.dir/src/icp_node.cpp.o[0m
[0.376s] running egg_info
[0.376s] writing frontend.egg-info/PKG-INFO
[0.376s] writing dependency_links to frontend.egg-info/dependency_links.txt
[0.377s] writing top-level names to frontend.egg-info/top_level.txt
[0.380s] reading manifest file 'frontend.egg-info/SOURCES.txt'
[0.380s] writing manifest file 'frontend.egg-info/SOURCES.txt'
[0.417s] [ 75%] Built target ament_cmake_python_build_frontend_egg
[11.924s] [100%] [32m[1mLinking CXX executable icp_node[0m
[13.114s] [100%] Built target icp_node
[13.124s] Invoked command in '/home/sarthak/precise_docking_ws/build/frontend' returned '0': CMAKE_PREFIX_PATH=${CMAKE_PREFIX_PATH}:/home/sarthak/precise_docking_ws/install/template_ros2:/home/sarthak/precise_docking_ws/install/reach_the_goal:/home/sarthak/precise_docking_ws/install/arcuo_marker_detection:/opt/ros/humble /usr/bin/cmake --build /home/sarthak/precise_docking_ws/build/frontend -- -j20 -l20
[13.172s] Invoking command in '/home/sarthak/precise_docking_ws/build/frontend': CMAKE_PREFIX_PATH=${CMAKE_PREFIX_PATH}:/home/sarthak/precise_docking_ws/install/template_ros2:/home/sarthak/precise_docking_ws/install/reach_the_goal:/home/sarthak/precise_docking_ws/install/arcuo_marker_detection:/opt/ros/humble /usr/bin/cmake --install /home/sarthak/precise_docking_ws/build/frontend
[13.182s] -- Install configuration: ""
[13.182s] -- Up-to-date: /home/sarthak/precise_docking_ws/install/frontend/lib/frontend/cpp_executable
[13.183s] -- Installing: /home/sarthak/precise_docking_ws/install/frontend/lib/frontend/icp_node
[13.195s] -- Set runtime path of "/home/sarthak/precise_docking_ws/install/frontend/lib/frontend/icp_node" to ""
[13.196s] -- Up-to-date: /home/sarthak/precise_docking_ws/install/frontend/share/frontend/environment/pythonpath.sh
[13.196s] -- Up-to-date: /home/sarthak/precise_docking_ws/install/frontend/share/frontend/environment/pythonpath.dsv
[13.196s] -- Up-to-date: /home/sarthak/precise_docking_ws/install/frontend/local/lib/python3.10/dist-packages/frontend-0.0.0-py3.10.egg-info
[13.196s] -- Installing: /home/sarthak/precise_docking_ws/install/frontend/local/lib/python3.10/dist-packages/frontend-0.0.0-py3.10.egg-info/top_level.txt
[13.196s] -- Installing: /home/sarthak/precise_docking_ws/install/frontend/local/lib/python3.10/dist-packages/frontend-0.0.0-py3.10.egg-info/SOURCES.txt
[13.196s] -- Installing: /home/sarthak/precise_docking_ws/install/frontend/local/lib/python3.10/dist-packages/frontend-0.0.0-py3.10.egg-info/PKG-INFO
[13.196s] -- Installing: /home/sarthak/precise_docking_ws/install/frontend/local/lib/python3.10/dist-packages/frontend-0.0.0-py3.10.egg-info/dependency_links.txt
[13.196s] -- Up-to-date: /home/sarthak/precise_docking_ws/install/frontend/local/lib/python3.10/dist-packages/frontend
[13.196s] -- Up-to-date: /home/sarthak/precise_docking_ws/install/frontend/local/lib/python3.10/dist-packages/frontend/__init__.py
[13.196s] -- Up-to-date: /home/sarthak/precise_docking_ws/install/frontend/local/lib/python3.10/dist-packages/frontend/module_to_import.py
[13.225s] Listing '/home/sarthak/precise_docking_ws/install/frontend/local/lib/python3.10/dist-packages/frontend'...
[13.229s] -- Up-to-date: /home/sarthak/precise_docking_ws/install/frontend/lib/frontend/py_node.py
[13.229s] -- Up-to-date: /home/sarthak/precise_docking_ws/install/frontend/lib/frontend/main.py
[13.229s] -- Up-to-date: /home/sarthak/precise_docking_ws/install/frontend/lib/frontend/laser_scan.py
[13.229s] -- Up-to-date: /home/sarthak/precise_docking_ws/install/frontend/lib/frontend/odom_to_map.py
[13.229s] -- Up-to-date: /home/sarthak/precise_docking_ws/install/frontend/lib/frontend/scan_to_map.py
[13.229s] -- Up-to-date: /home/sarthak/precise_docking_ws/install/frontend/share/ament_index/resource_index/package_run_dependencies/frontend
[13.229s] -- Up-to-date: /home/sarthak/precise_docking_ws/install/frontend/share/ament_index/resource_index/parent_prefix_path/frontend
[13.229s] -- Up-to-date: /home/sarthak/precise_docking_ws/install/frontend/share/frontend/environment/ament_prefix_path.sh
[13.230s] -- Up-to-date: /home/sarthak/precise_docking_ws/install/frontend/share/frontend/environment/ament_prefix_path.dsv
[13.230s] -- Up-to-date: /home/sarthak/precise_docking_ws/install/frontend/share/frontend/environment/path.sh
[13.230s] -- Up-to-date: /home/sarthak/precise_docking_ws/install/frontend/share/frontend/environment/path.dsv
[13.230s] -- Up-to-date: /home/sarthak/precise_docking_ws/install/frontend/share/frontend/local_setup.bash
[13.230s] -- Up-to-date: /home/sarthak/precise_docking_ws/install/frontend/share/frontend/local_setup.sh
[13.230s] -- Up-to-date: /home/sarthak/precise_docking_ws/install/frontend/share/frontend/local_setup.zsh
[13.230s] -- Up-to-date: /home/sarthak/precise_docking_ws/install/frontend/share/frontend/local_setup.dsv
[13.230s] -- Installing: /home/sarthak/precise_docking_ws/install/frontend/share/frontend/package.dsv
[13.230s] -- Up-to-date: /home/sarthak/precise_docking_ws/install/frontend/share/ament_index/resource_index/packages/frontend
[13.231s] -- Up-to-date: /home/sarthak/precise_docking_ws/install/frontend/share/frontend/cmake/frontendConfig.cmake
[13.231s] -- Up-to-date: /home/sarthak/precise_docking_ws/install/frontend/share/frontend/cmake/frontendConfig-version.cmake
[13.231s] -- Up-to-date: /home/sarthak/precise_docking_ws/install/frontend/share/frontend/package.xml
[13.232s] Invoked command in '/home/sarthak/precise_docking_ws/build/frontend' returned '0': CMAKE_PREFIX_PATH=${CMAKE_PREFIX_PATH}:/home/sarthak/precise_docking_ws/install/template_ros2:/home/sarthak/precise_docking_ws/install/reach_the_goal:/home/sarthak/precise_docking_ws/install/arcuo_marker_detection:/opt/ros/humble /usr/bin/cmake --install /home/sarthak/precise_docking_ws/build/frontend
