[1.248s] Invoking command in '/home/sarthak/precise_docking_ws/src/active_localization': PYTHONPATH=/home/sarthak/precise_docking_ws/build/active_localization/prefix_override:/home/sarthak/.local/lib/python3.10/site-packages/colcon_core/task/python/colcon_distutils_commands:/home/sarthak/precise_docking_ws/install/active_localization/lib/python3.10/site-packages:${PYTHONPATH} /usr/bin/python3 -W ignore:setup.py install is deprecated setup.py egg_info --egg-base ../../build/active_localization build --build-base /home/sarthak/precise_docking_ws/build/active_localization/build install --record /home/sarthak/precise_docking_ws/build/active_localization/install.log --single-version-externally-managed install_data
[1.459s] /home/sarthak/.local/lib/python3.10/site-packages/setuptools/_distutils/dist.py:261: UserWarning: Unknown distribution option: 'tests_require'
[1.459s]   warnings.warn(msg)
[1.656s] running egg_info
[1.672s] writing ../../build/active_localization/active_localization.egg-info/PKG-INFO
[1.672s] writing dependency_links to ../../build/active_localization/active_localization.egg-info/dependency_links.txt
[1.673s] writing entry points to ../../build/active_localization/active_localization.egg-info/entry_points.txt
[1.673s] writing requirements to ../../build/active_localization/active_localization.egg-info/requires.txt
[1.673s] writing top-level names to ../../build/active_localization/active_localization.egg-info/top_level.txt
[2.990s] reading manifest file '../../build/active_localization/active_localization.egg-info/SOURCES.txt'
[2.993s] writing manifest file '../../build/active_localization/active_localization.egg-info/SOURCES.txt'
[2.993s] running build
[2.993s] running build_py
[2.994s] copying active_localization/__init__.py -> /home/sarthak/precise_docking_ws/build/active_localization/build/lib/active_localization
[2.994s] copying active_localization/local_map_check.py -> /home/sarthak/precise_docking_ws/build/active_localization/build/lib/active_localization
[2.994s] copying active_localization/local_map.py -> /home/sarthak/precise_docking_ws/build/active_localization/build/lib/active_localization
[2.995s] running install
[3.004s] running install_lib
[3.039s] copying /home/sarthak/precise_docking_ws/build/active_localization/build/lib/active_localization/local_map_check.py -> /home/sarthak/precise_docking_ws/install/active_localization/lib/python3.10/site-packages/active_localization
[3.040s] byte-compiling /home/sarthak/precise_docking_ws/install/active_localization/lib/python3.10/site-packages/active_localization/local_map_check.py to local_map_check.cpython-310.pyc
[3.043s] running install_data
[3.043s] copying resource/active_localization -> /home/sarthak/precise_docking_ws/install/active_localization/share/ament_index/resource_index/packages
[3.044s] copying package.xml -> /home/sarthak/precise_docking_ws/install/active_localization/share/active_localization
[3.044s] running install_egg_info
[3.067s] removing '/home/sarthak/precise_docking_ws/install/active_localization/lib/python3.10/site-packages/active_localization-0.0.0-py3.10.egg-info' (and everything under it)
[3.068s] Copying ../../build/active_localization/active_localization.egg-info to /home/sarthak/precise_docking_ws/install/active_localization/lib/python3.10/site-packages/active_localization-0.0.0-py3.10.egg-info
[3.068s] running install_scripts
[3.227s] Installing active_localization_node script to /home/sarthak/precise_docking_ws/install/active_localization/lib/active_localization
[3.227s] Installing active_node script to /home/sarthak/precise_docking_ws/install/active_localization/lib/active_localization
[3.228s] writing list of installed files to '/home/sarthak/precise_docking_ws/build/active_localization/install.log'
[3.330s] Invoked command in '/home/sarthak/precise_docking_ws/src/active_localization' returned '0': PYTHONPATH=/home/sarthak/precise_docking_ws/build/active_localization/prefix_override:/home/sarthak/.local/lib/python3.10/site-packages/colcon_core/task/python/colcon_distutils_commands:/home/sarthak/precise_docking_ws/install/active_localization/lib/python3.10/site-packages:${PYTHONPATH} /usr/bin/python3 -W ignore:setup.py install is deprecated setup.py egg_info --egg-base ../../build/active_localization build --build-base /home/sarthak/precise_docking_ws/build/active_localization/build install --record /home/sarthak/precise_docking_ws/build/active_localization/install.log --single-version-externally-managed install_data
