[2.636s] Invoking command in '/home/sarthak/precise_docking_ws/src/active_localization': PYTHONPATH=/home/sarthak/precise_docking_ws/build/active_localization/prefix_override:/home/sarthak/.local/lib/python3.10/site-packages/colcon_core/task/python/colcon_distutils_commands:/home/sarthak/precise_docking_ws/install/active_localization/lib/python3.10/site-packages:${PYTHONPATH} ROS_DOMAIN_ID=67 /usr/bin/python3 -W ignore:setup.py install is deprecated setup.py egg_info --egg-base ../../build/active_localization build --build-base /home/sarthak/precise_docking_ws/build/active_localization/build install --record /home/sarthak/precise_docking_ws/build/active_localization/install.log --single-version-externally-managed install_data
[2.888s] /home/sarthak/.local/lib/python3.10/site-packages/setuptools/_distutils/dist.py:261: UserWarning: Unknown distribution option: 'tests_require'
[2.889s]   warnings.warn(msg)
[3.191s] running egg_info
[3.226s] writing ../../build/active_localization/active_localization.egg-info/PKG-INFO
[3.226s] writing dependency_links to ../../build/active_localization/active_localization.egg-info/dependency_links.txt
[3.227s] writing entry points to ../../build/active_localization/active_localization.egg-info/entry_points.txt
[3.227s] writing requirements to ../../build/active_localization/active_localization.egg-info/requires.txt
[3.227s] writing top-level names to ../../build/active_localization/active_localization.egg-info/top_level.txt
[4.573s] writing manifest file '../../build/active_localization/active_localization.egg-info/SOURCES.txt'
[4.573s] running build
[4.573s] running build_py
[4.573s] copying active_localization/__init__.py -> /home/sarthak/precise_docking_ws/build/active_localization/build/lib/active_localization
[4.574s] copying active_localization/frontier_detection.py -> /home/sarthak/precise_docking_ws/build/active_localization/build/lib/active_localization
[4.574s] copying active_localization/path_to_goal.py -> /home/sarthak/precise_docking_ws/build/active_localization/build/lib/active_localization
[4.574s] copying active_localization/local_map.py -> /home/sarthak/precise_docking_ws/build/active_localization/build/lib/active_localization
[4.575s] copying active_localization/next_best_view.py -> /home/sarthak/precise_docking_ws/build/active_localization/build/lib/active_localization
[4.575s] running install
[4.583s] running install_lib
[4.610s] copying /home/sarthak/precise_docking_ws/build/active_localization/build/lib/active_localization/path_to_goal.py -> /home/sarthak/precise_docking_ws/install/active_localization/lib/python3.10/site-packages/active_localization
[4.611s] byte-compiling /home/sarthak/precise_docking_ws/install/active_localization/lib/python3.10/site-packages/active_localization/path_to_goal.py to path_to_goal.cpython-310.pyc
[4.617s] running install_data
[4.618s] copying resource/active_localization -> /home/sarthak/precise_docking_ws/install/active_localization/share/ament_index/resource_index/packages
[4.618s] copying package.xml -> /home/sarthak/precise_docking_ws/install/active_localization/share/active_localization
[4.619s] running install_egg_info
[4.651s] removing '/home/sarthak/precise_docking_ws/install/active_localization/lib/python3.10/site-packages/active_localization-0.0.0-py3.10.egg-info' (and everything under it)
[4.652s] Copying ../../build/active_localization/active_localization.egg-info to /home/sarthak/precise_docking_ws/install/active_localization/lib/python3.10/site-packages/active_localization-0.0.0-py3.10.egg-info
[4.653s] running install_scripts
[4.869s] Installing frontier_detection script to /home/sarthak/precise_docking_ws/install/active_localization/lib/active_localization
[4.869s] Installing local_map_node script to /home/sarthak/precise_docking_ws/install/active_localization/lib/active_localization
[4.870s] Installing path_to_goal script to /home/sarthak/precise_docking_ws/install/active_localization/lib/active_localization
[4.870s] writing list of installed files to '/home/sarthak/precise_docking_ws/build/active_localization/install.log'
[4.946s] Invoked command in '/home/sarthak/precise_docking_ws/src/active_localization' returned '0': PYTHONPATH=/home/sarthak/precise_docking_ws/build/active_localization/prefix_override:/home/sarthak/.local/lib/python3.10/site-packages/colcon_core/task/python/colcon_distutils_commands:/home/sarthak/precise_docking_ws/install/active_localization/lib/python3.10/site-packages:${PYTHONPATH} ROS_DOMAIN_ID=67 /usr/bin/python3 -W ignore:setup.py install is deprecated setup.py egg_info --egg-base ../../build/active_localization build --build-base /home/sarthak/precise_docking_ws/build/active_localization/build install --record /home/sarthak/precise_docking_ws/build/active_localization/install.log --single-version-externally-managed install_data
