[2.256s] Invoking command in '/home/sarthak/precise_docking_ws/src/active_localization': PYTHONPATH=/home/sarthak/precise_docking_ws/build/active_localization/prefix_override:/home/sarthak/.local/lib/python3.10/site-packages/colcon_core/task/python/colcon_distutils_commands:/home/sarthak/precise_docking_ws/install/active_localization/lib/python3.10/site-packages:${PYTHONPATH} ROS_DOMAIN_ID=90 /usr/bin/python3 -W ignore:setup.py install is deprecated setup.py egg_info --egg-base ../../build/active_localization build --build-base /home/sarthak/precise_docking_ws/build/active_localization/build install --record /home/sarthak/precise_docking_ws/build/active_localization/install.log --single-version-externally-managed install_data
[2.451s] /home/sarthak/.local/lib/python3.10/site-packages/setuptools/_distutils/dist.py:261: UserWarning: Unknown distribution option: 'tests_require'
[2.451s]   warnings.warn(msg)
[2.647s] running egg_info
[2.664s] writing ../../build/active_localization/active_localization.egg-info/PKG-INFO
[2.666s] writing dependency_links to ../../build/active_localization/active_localization.egg-info/dependency_links.txt
[2.666s] writing entry points to ../../build/active_localization/active_localization.egg-info/entry_points.txt
[2.666s] writing requirements to ../../build/active_localization/active_localization.egg-info/requires.txt
[2.666s] writing top-level names to ../../build/active_localization/active_localization.egg-info/top_level.txt
[3.909s] writing manifest file '../../build/active_localization/active_localization.egg-info/SOURCES.txt'
[3.909s] running build
[3.909s] running build_py
[3.909s] copying active_localization/__init__.py -> /home/sarthak/precise_docking_ws/build/active_localization/build/lib/active_localization
[3.910s] copying active_localization/frontier_detection.py -> /home/sarthak/precise_docking_ws/build/active_localization/build/lib/active_localization
[3.911s] copying active_localization/localization.py -> /home/sarthak/precise_docking_ws/build/active_localization/build/lib/active_localization
[3.911s] copying active_localization/path_to_goal.py -> /home/sarthak/precise_docking_ws/build/active_localization/build/lib/active_localization
[3.913s] copying active_localization/local_map.py -> /home/sarthak/precise_docking_ws/build/active_localization/build/lib/active_localization
[3.913s] copying active_localization/next_best_view.py -> /home/sarthak/precise_docking_ws/build/active_localization/build/lib/active_localization
[3.914s] running install
[3.918s] running install_lib
[3.952s] copying /home/sarthak/precise_docking_ws/build/active_localization/build/lib/active_localization/localization.py -> /home/sarthak/precise_docking_ws/install/active_localization/lib/python3.10/site-packages/active_localization
[3.954s] byte-compiling /home/sarthak/precise_docking_ws/install/active_localization/lib/python3.10/site-packages/active_localization/localization.py to localization.cpython-310.pyc
[3.956s] running install_data
[3.957s] copying resource/active_localization -> /home/sarthak/precise_docking_ws/install/active_localization/share/ament_index/resource_index/packages
[3.957s] copying package.xml -> /home/sarthak/precise_docking_ws/install/active_localization/share/active_localization
[3.957s] running install_egg_info
[3.973s] removing '/home/sarthak/precise_docking_ws/install/active_localization/lib/python3.10/site-packages/active_localization-0.0.0-py3.10.egg-info' (and everything under it)
[3.974s] Copying ../../build/active_localization/active_localization.egg-info to /home/sarthak/precise_docking_ws/install/active_localization/lib/python3.10/site-packages/active_localization-0.0.0-py3.10.egg-info
[3.976s] running install_scripts
[4.154s] Installing frontier_detection script to /home/sarthak/precise_docking_ws/install/active_localization/lib/active_localization
[4.155s] Installing local_map_node script to /home/sarthak/precise_docking_ws/install/active_localization/lib/active_localization
[4.155s] Installing localization script to /home/sarthak/precise_docking_ws/install/active_localization/lib/active_localization
[4.155s] Installing path_to_goal script to /home/sarthak/precise_docking_ws/install/active_localization/lib/active_localization
[4.156s] writing list of installed files to '/home/sarthak/precise_docking_ws/build/active_localization/install.log'
[4.255s] Invoked command in '/home/sarthak/precise_docking_ws/src/active_localization' returned '0': PYTHONPATH=/home/sarthak/precise_docking_ws/build/active_localization/prefix_override:/home/sarthak/.local/lib/python3.10/site-packages/colcon_core/task/python/colcon_distutils_commands:/home/sarthak/precise_docking_ws/install/active_localization/lib/python3.10/site-packages:${PYTHONPATH} ROS_DOMAIN_ID=90 /usr/bin/python3 -W ignore:setup.py install is deprecated setup.py egg_info --egg-base ../../build/active_localization build --build-base /home/sarthak/precise_docking_ws/build/active_localization/build install --record /home/sarthak/precise_docking_ws/build/active_localization/install.log --single-version-externally-managed install_data
