[1.331s] [34mcolcon[0m [1;30mDEBUG[0m [32mCommand line arguments: ['/home/sarthak/.local/bin/colcon', 'build', '--packages-select', 'active_localization'][0m
[1.331s] [34mcolcon[0m [1;30mDEBUG[0m [32mParsed command line arguments: Namespace(log_base=None, log_level=None, verb_name='build', build_base='build', install_base='install', merge_install=False, symlink_install=False, test_result_base=None, continue_on_error=False, executor='parallel', parallel_workers=20, event_handlers=None, ignore_user_meta=False, metas=['./colcon.meta'], base_paths=['.'], packages_ignore=None, packages_ignore_regex=None, paths=None, packages_up_to=None, packages_up_to_regex=None, packages_above=None, packages_above_and_dependencies=None, packages_above_depth=None, packages_select_by_dep=None, packages_skip_by_dep=None, packages_skip_up_to=None, packages_select_build_failed=False, packages_skip_build_finished=False, packages_select_test_failures=False, packages_skip_test_passed=False, packages_select=['active_localization'], packages_skip=None, packages_select_regex=None, packages_skip_regex=None, packages_start=None, packages_end=None, allow_overriding=[], bazel_args=None, bazel_task=None, cmake_args=None, cmake_target=None, cmake_target_skip_unavailable=False, cmake_clean_cache=False, cmake_clean_first=False, cmake_force_configure=False, meson_args=[], ament_cmake_args=None, catkin_cmake_args=None, catkin_skip_building_tests=False, mixin_files=None, mixin=None, verb_parser=<colcon_alias.argument_parser.alias.AliasArgumentDecorator object at 0x77e004109de0>, verb_extension=<colcon_core.verb.build.BuildVerb object at 0x77e004108df0>, main=<bound method BuildVerb.main of <colcon_core.verb.build.BuildVerb object at 0x77e004108df0>>, mixin_verb=('build',))[0m
[1.425s] [34mcolcon.colcon_core.package_discovery[0m [1;30mLevel 1[0m discover_packages(colcon_meta) check parameters
[1.425s] [34mcolcon.colcon_core.package_discovery[0m [1;30mLevel 1[0m discover_packages(recursive) check parameters
[1.425s] [34mcolcon.colcon_core.package_discovery[0m [1;30mLevel 1[0m discover_packages(ignore) check parameters
[1.425s] [34mcolcon.colcon_core.package_discovery[0m [1;30mLevel 1[0m discover_packages(path) check parameters
[1.425s] [34mcolcon.colcon_core.package_discovery[0m [1;30mLevel 1[0m discover_packages(colcon_meta) discover
[1.425s] [34mcolcon.colcon_core.package_discovery[0m [1;30mLevel 1[0m discover_packages(recursive) discover
[1.425s] [34mcolcon.colcon_core.package_discovery[0m [1;30mINFO[0m Crawling recursively for packages in '/home/sarthak/precise_docking_ws'
[1.426s] [34mcolcon.colcon_core.package_identification[0m [1;30mLevel 1[0m _identify(.) by extensions ['ignore', 'ignore_ament_install']
[1.426s] [34mcolcon.colcon_core.package_identification[0m [1;30mLevel 1[0m _identify(.) by extension 'ignore'
[1.426s] [34mcolcon.colcon_core.package_identification[0m [1;30mLevel 1[0m _identify(.) by extension 'ignore_ament_install'
[1.426s] [34mcolcon.colcon_core.package_identification[0m [1;30mLevel 1[0m _identify(.) by extensions ['colcon_pkg']
[1.426s] [34mcolcon.colcon_core.package_identification[0m [1;30mLevel 1[0m _identify(.) by extension 'colcon_pkg'
[1.426s] [34mcolcon.colcon_core.package_identification[0m [1;30mLevel 1[0m _identify(.) by extensions ['colcon_meta']
[1.427s] [34mcolcon.colcon_core.package_identification[0m [1;30mLevel 1[0m _identify(.) by extension 'colcon_meta'
[1.427s] [34mcolcon.colcon_core.package_identification[0m [1;30mLevel 1[0m _identify(.) by extensions ['ros']
[1.427s] [34mcolcon.colcon_core.package_identification[0m [1;30mLevel 1[0m _identify(.) by extension 'ros'
[1.438s] [34mcolcon.colcon_core.package_identification[0m [1;30mLevel 1[0m _identify(.) by extensions ['bazel', 'cmake', 'meson', 'python']
[1.438s] [34mcolcon.colcon_core.package_identification[0m [1;30mLevel 1[0m _identify(.) by extension 'bazel'
[1.438s] [34mcolcon.colcon_core.package_identification[0m [1;30mLevel 1[0m _identify(.) by extension 'cmake'
[1.438s] [34mcolcon.colcon_core.package_identification[0m [1;30mLevel 1[0m _identify(.) by extension 'meson'
[1.438s] [34mcolcon.colcon_core.package_identification[0m [1;30mLevel 1[0m _identify(.) by extension 'python'
[1.438s] [34mcolcon.colcon_core.package_identification[0m [1;30mLevel 1[0m _identify(.) by extensions ['python_setup_py']
[1.438s] [34mcolcon.colcon_core.package_identification[0m [1;30mLevel 1[0m _identify(.) by extension 'python_setup_py'
[1.439s] [34mcolcon.colcon_core.package_identification[0m [1;30mLevel 1[0m _identify(Yolo dataset) by extensions ['ignore', 'ignore_ament_install']
[1.439s] [34mcolcon.colcon_core.package_identification[0m [1;30mLevel 1[0m _identify(Yolo dataset) by extension 'ignore'
[1.439s] [34mcolcon.colcon_core.package_identification[0m [1;30mLevel 1[0m _identify(Yolo dataset) by extension 'ignore_ament_install'
[1.439s] [34mcolcon.colcon_core.package_identification[0m [1;30mLevel 1[0m _identify(Yolo dataset) by extensions ['colcon_pkg']
[1.439s] [34mcolcon.colcon_core.package_identification[0m [1;30mLevel 1[0m _identify(Yolo dataset) by extension 'colcon_pkg'
[1.439s] [34mcolcon.colcon_core.package_identification[0m [1;30mLevel 1[0m _identify(Yolo dataset) by extensions ['colcon_meta']
[1.439s] [34mcolcon.colcon_core.package_identification[0m [1;30mLevel 1[0m _identify(Yolo dataset) by extension 'colcon_meta'
[1.439s] [34mcolcon.colcon_core.package_identification[0m [1;30mLevel 1[0m _identify(Yolo dataset) by extensions ['ros']
[1.439s] [34mcolcon.colcon_core.package_identification[0m [1;30mLevel 1[0m _identify(Yolo dataset) by extension 'ros'
[1.439s] [34mcolcon.colcon_core.package_identification[0m [1;30mLevel 1[0m _identify(Yolo dataset) by extensions ['bazel', 'cmake', 'meson', 'python']
[1.439s] [34mcolcon.colcon_core.package_identification[0m [1;30mLevel 1[0m _identify(Yolo dataset) by extension 'bazel'
[1.439s] [34mcolcon.colcon_core.package_identification[0m [1;30mLevel 1[0m _identify(Yolo dataset) by extension 'cmake'
[1.439s] [34mcolcon.colcon_core.package_identification[0m [1;30mLevel 1[0m _identify(Yolo dataset) by extension 'meson'
[1.439s] [34mcolcon.colcon_core.package_identification[0m [1;30mLevel 1[0m _identify(Yolo dataset) by extension 'python'
[1.439s] [34mcolcon.colcon_core.package_identification[0m [1;30mLevel 1[0m _identify(Yolo dataset) by extensions ['python_setup_py']
[1.439s] [34mcolcon.colcon_core.package_identification[0m [1;30mLevel 1[0m _identify(Yolo dataset) by extension 'python_setup_py'
[1.439s] [34mcolcon.colcon_core.package_identification[0m [1;30mLevel 1[0m _identify(build) by extensions ['ignore', 'ignore_ament_install']
[1.439s] [34mcolcon.colcon_core.package_identification[0m [1;30mLevel 1[0m _identify(build) by extension 'ignore'
[1.439s] [34mcolcon.colcon_core.package_identification[0m [1;30mLevel 1[0m _identify(build) ignored
[1.440s] [34mcolcon.colcon_core.package_identification[0m [1;30mLevel 1[0m _identify(install) by extensions ['ignore', 'ignore_ament_install']
[1.440s] [34mcolcon.colcon_core.package_identification[0m [1;30mLevel 1[0m _identify(install) by extension 'ignore'
[1.440s] [34mcolcon.colcon_core.package_identification[0m [1;30mLevel 1[0m _identify(install) ignored
[1.444s] [34mcolcon.colcon_core.package_identification[0m [1;30mLevel 1[0m _identify(log) by extensions ['ignore', 'ignore_ament_install']
[1.444s] [34mcolcon.colcon_core.package_identification[0m [1;30mLevel 1[0m _identify(log) by extension 'ignore'
[1.444s] [34mcolcon.colcon_core.package_identification[0m [1;30mLevel 1[0m _identify(log) ignored
[1.444s] [34mcolcon.colcon_core.package_identification[0m [1;30mLevel 1[0m _identify(maps) by extensions ['ignore', 'ignore_ament_install']
[1.445s] [34mcolcon.colcon_core.package_identification[0m [1;30mLevel 1[0m _identify(maps) by extension 'ignore'
[1.445s] [34mcolcon.colcon_core.package_identification[0m [1;30mLevel 1[0m _identify(maps) by extension 'ignore_ament_install'
[1.445s] [34mcolcon.colcon_core.package_identification[0m [1;30mLevel 1[0m _identify(maps) by extensions ['colcon_pkg']
[1.445s] [34mcolcon.colcon_core.package_identification[0m [1;30mLevel 1[0m _identify(maps) by extension 'colcon_pkg'
[1.445s] [34mcolcon.colcon_core.package_identification[0m [1;30mLevel 1[0m _identify(maps) by extensions ['colcon_meta']
[1.445s] [34mcolcon.colcon_core.package_identification[0m [1;30mLevel 1[0m _identify(maps) by extension 'colcon_meta'
[1.445s] [34mcolcon.colcon_core.package_identification[0m [1;30mLevel 1[0m _identify(maps) by extensions ['ros']
[1.445s] [34mcolcon.colcon_core.package_identification[0m [1;30mLevel 1[0m _identify(maps) by extension 'ros'
[1.445s] [34mcolcon.colcon_core.package_identification[0m [1;30mLevel 1[0m _identify(maps) by extensions ['bazel', 'cmake', 'meson', 'python']
[1.445s] [34mcolcon.colcon_core.package_identification[0m [1;30mLevel 1[0m _identify(maps) by extension 'bazel'
[1.445s] [34mcolcon.colcon_core.package_identification[0m [1;30mLevel 1[0m _identify(maps) by extension 'cmake'
[1.445s] [34mcolcon.colcon_core.package_identification[0m [1;30mLevel 1[0m _identify(maps) by extension 'meson'
[1.445s] [34mcolcon.colcon_core.package_identification[0m [1;30mLevel 1[0m _identify(maps) by extension 'python'
[1.445s] [34mcolcon.colcon_core.package_identification[0m [1;30mLevel 1[0m _identify(maps) by extensions ['python_setup_py']
[1.445s] [34mcolcon.colcon_core.package_identification[0m [1;30mLevel 1[0m _identify(maps) by extension 'python_setup_py'
[1.445s] [34mcolcon.colcon_core.package_identification[0m [1;30mLevel 1[0m _identify(plots) by extensions ['ignore', 'ignore_ament_install']
[1.445s] [34mcolcon.colcon_core.package_identification[0m [1;30mLevel 1[0m _identify(plots) by extension 'ignore'
[1.445s] [34mcolcon.colcon_core.package_identification[0m [1;30mLevel 1[0m _identify(plots) by extension 'ignore_ament_install'
[1.445s] [34mcolcon.colcon_core.package_identification[0m [1;30mLevel 1[0m _identify(plots) by extensions ['colcon_pkg']
[1.445s] [34mcolcon.colcon_core.package_identification[0m [1;30mLevel 1[0m _identify(plots) by extension 'colcon_pkg'
[1.445s] [34mcolcon.colcon_core.package_identification[0m [1;30mLevel 1[0m _identify(plots) by extensions ['colcon_meta']
[1.445s] [34mcolcon.colcon_core.package_identification[0m [1;30mLevel 1[0m _identify(plots) by extension 'colcon_meta'
[1.445s] [34mcolcon.colcon_core.package_identification[0m [1;30mLevel 1[0m _identify(plots) by extensions ['ros']
[1.445s] [34mcolcon.colcon_core.package_identification[0m [1;30mLevel 1[0m _identify(plots) by extension 'ros'
[1.446s] [34mcolcon.colcon_core.package_identification[0m [1;30mLevel 1[0m _identify(plots) by extensions ['bazel', 'cmake', 'meson', 'python']
[1.446s] [34mcolcon.colcon_core.package_identification[0m [1;30mLevel 1[0m _identify(plots) by extension 'bazel'
[1.446s] [34mcolcon.colcon_core.package_identification[0m [1;30mLevel 1[0m _identify(plots) by extension 'cmake'
[1.446s] [34mcolcon.colcon_core.package_identification[0m [1;30mLevel 1[0m _identify(plots) by extension 'meson'
[1.446s] [34mcolcon.colcon_core.package_identification[0m [1;30mLevel 1[0m _identify(plots) by extension 'python'
[1.446s] [34mcolcon.colcon_core.package_identification[0m [1;30mLevel 1[0m _identify(plots) by extensions ['python_setup_py']
[1.446s] [34mcolcon.colcon_core.package_identification[0m [1;30mLevel 1[0m _identify(plots) by extension 'python_setup_py'
[1.446s] [34mcolcon.colcon_core.package_identification[0m [1;30mLevel 1[0m _identify(src) by extensions ['ignore', 'ignore_ament_install']
[1.446s] [34mcolcon.colcon_core.package_identification[0m [1;30mLevel 1[0m _identify(src) by extension 'ignore'
[1.446s] [34mcolcon.colcon_core.package_identification[0m [1;30mLevel 1[0m _identify(src) by extension 'ignore_ament_install'
[1.446s] [34mcolcon.colcon_core.package_identification[0m [1;30mLevel 1[0m _identify(src) by extensions ['colcon_pkg']
[1.446s] [34mcolcon.colcon_core.package_identification[0m [1;30mLevel 1[0m _identify(src) by extension 'colcon_pkg'
[1.447s] [34mcolcon.colcon_core.package_identification[0m [1;30mLevel 1[0m _identify(src) by extensions ['colcon_meta']
[1.447s] [34mcolcon.colcon_core.package_identification[0m [1;30mLevel 1[0m _identify(src) by extension 'colcon_meta'
[1.447s] [34mcolcon.colcon_core.package_identification[0m [1;30mLevel 1[0m _identify(src) by extensions ['ros']
[1.447s] [34mcolcon.colcon_core.package_identification[0m [1;30mLevel 1[0m _identify(src) by extension 'ros'
[1.447s] [34mcolcon.colcon_core.package_identification[0m [1;30mLevel 1[0m _identify(src) by extensions ['bazel', 'cmake', 'meson', 'python']
[1.447s] [34mcolcon.colcon_core.package_identification[0m [1;30mLevel 1[0m _identify(src) by extension 'bazel'
[1.447s] [34mcolcon.colcon_core.package_identification[0m [1;30mLevel 1[0m _identify(src) by extension 'cmake'
[1.447s] [34mcolcon.colcon_core.package_identification[0m [1;30mLevel 1[0m _identify(src) by extension 'meson'
[1.447s] [34mcolcon.colcon_core.package_identification[0m [1;30mLevel 1[0m _identify(src) by extension 'python'
[1.447s] [34mcolcon.colcon_core.package_identification[0m [1;30mLevel 1[0m _identify(src) by extensions ['python_setup_py']
[1.447s] [34mcolcon.colcon_core.package_identification[0m [1;30mLevel 1[0m _identify(src) by extension 'python_setup_py'
[1.447s] [34mcolcon.colcon_core.package_identification[0m [1;30mLevel 1[0m _identify(src/ROS2-FrontierBaseExplorationForAutonomousRobot) by extensions ['ignore', 'ignore_ament_install']
[1.447s] [34mcolcon.colcon_core.package_identification[0m [1;30mLevel 1[0m _identify(src/ROS2-FrontierBaseExplorationForAutonomousRobot) by extension 'ignore'
[1.447s] [34mcolcon.colcon_core.package_identification[0m [1;30mLevel 1[0m _identify(src/ROS2-FrontierBaseExplorationForAutonomousRobot) by extension 'ignore_ament_install'
[1.447s] [34mcolcon.colcon_core.package_identification[0m [1;30mLevel 1[0m _identify(src/ROS2-FrontierBaseExplorationForAutonomousRobot) by extensions ['colcon_pkg']
[1.447s] [34mcolcon.colcon_core.package_identification[0m [1;30mLevel 1[0m _identify(src/ROS2-FrontierBaseExplorationForAutonomousRobot) by extension 'colcon_pkg'
[1.447s] [34mcolcon.colcon_core.package_identification[0m [1;30mLevel 1[0m _identify(src/ROS2-FrontierBaseExplorationForAutonomousRobot) by extensions ['colcon_meta']
[1.447s] [34mcolcon.colcon_core.package_identification[0m [1;30mLevel 1[0m _identify(src/ROS2-FrontierBaseExplorationForAutonomousRobot) by extension 'colcon_meta'
[1.447s] [34mcolcon.colcon_core.package_identification[0m [1;30mLevel 1[0m _identify(src/ROS2-FrontierBaseExplorationForAutonomousRobot) by extensions ['ros']
[1.447s] [34mcolcon.colcon_core.package_identification[0m [1;30mLevel 1[0m _identify(src/ROS2-FrontierBaseExplorationForAutonomousRobot) by extension 'ros'
[1.447s] [34mcolcon.colcon_core.package_identification[0m [1;30mLevel 1[0m _identify(src/ROS2-FrontierBaseExplorationForAutonomousRobot) by extensions ['bazel', 'cmake', 'meson', 'python']
[1.447s] [34mcolcon.colcon_core.package_identification[0m [1;30mLevel 1[0m _identify(src/ROS2-FrontierBaseExplorationForAutonomousRobot) by extension 'bazel'
[1.447s] [34mcolcon.colcon_core.package_identification[0m [1;30mLevel 1[0m _identify(src/ROS2-FrontierBaseExplorationForAutonomousRobot) by extension 'cmake'
[1.447s] [34mcolcon.colcon_core.package_identification[0m [1;30mLevel 1[0m _identify(src/ROS2-FrontierBaseExplorationForAutonomousRobot) by extension 'meson'
[1.447s] [34mcolcon.colcon_core.package_identification[0m [1;30mLevel 1[0m _identify(src/ROS2-FrontierBaseExplorationForAutonomousRobot) by extension 'python'
[1.448s] [34mcolcon.colcon_core.package_identification[0m [1;30mLevel 1[0m _identify(src/ROS2-FrontierBaseExplorationForAutonomousRobot) by extensions ['python_setup_py']
[1.448s] [34mcolcon.colcon_core.package_identification[0m [1;30mLevel 1[0m _identify(src/ROS2-FrontierBaseExplorationForAutonomousRobot) by extension 'python_setup_py'
[1.448s] [34mcolcon.colcon_core.package_identification[0m [1;30mLevel 1[0m _identify(src/ROS2-FrontierBaseExplorationForAutonomousRobot/autonomous_exploration) by extensions ['ignore', 'ignore_ament_install']
[1.448s] [34mcolcon.colcon_core.package_identification[0m [1;30mLevel 1[0m _identify(src/ROS2-FrontierBaseExplorationForAutonomousRobot/autonomous_exploration) by extension 'ignore'
[1.448s] [34mcolcon.colcon_core.package_identification[0m [1;30mLevel 1[0m _identify(src/ROS2-FrontierBaseExplorationForAutonomousRobot/autonomous_exploration) by extension 'ignore_ament_install'
[1.448s] [34mcolcon.colcon_core.package_identification[0m [1;30mLevel 1[0m _identify(src/ROS2-FrontierBaseExplorationForAutonomousRobot/autonomous_exploration) by extensions ['colcon_pkg']
[1.448s] [34mcolcon.colcon_core.package_identification[0m [1;30mLevel 1[0m _identify(src/ROS2-FrontierBaseExplorationForAutonomousRobot/autonomous_exploration) by extension 'colcon_pkg'
[1.448s] [34mcolcon.colcon_core.package_identification[0m [1;30mLevel 1[0m _identify(src/ROS2-FrontierBaseExplorationForAutonomousRobot/autonomous_exploration) by extensions ['colcon_meta']
[1.448s] [34mcolcon.colcon_core.package_identification[0m [1;30mLevel 1[0m _identify(src/ROS2-FrontierBaseExplorationForAutonomousRobot/autonomous_exploration) by extension 'colcon_meta'
[1.448s] [34mcolcon.colcon_core.package_identification[0m [1;30mLevel 1[0m _identify(src/ROS2-FrontierBaseExplorationForAutonomousRobot/autonomous_exploration) by extensions ['ros']
[1.448s] [34mcolcon.colcon_core.package_identification[0m [1;30mLevel 1[0m _identify(src/ROS2-FrontierBaseExplorationForAutonomousRobot/autonomous_exploration) by extension 'ros'
[1.453s] [34mcolcon.colcon_core.package_identification[0m [1;30mDEBUG[0m [32mPackage 'src/ROS2-FrontierBaseExplorationForAutonomousRobot/autonomous_exploration' with type 'ros.ament_python' and name 'autonomous_exploration'[0m
[1.454s] [34mcolcon.colcon_core.package_identification[0m [1;30mLevel 1[0m _identify(src/active_localization) by extensions ['ignore', 'ignore_ament_install']
[1.454s] [34mcolcon.colcon_core.package_identification[0m [1;30mLevel 1[0m _identify(src/active_localization) by extension 'ignore'
[1.454s] [34mcolcon.colcon_core.package_identification[0m [1;30mLevel 1[0m _identify(src/active_localization) by extension 'ignore_ament_install'
[1.454s] [34mcolcon.colcon_core.package_identification[0m [1;30mLevel 1[0m _identify(src/active_localization) by extensions ['colcon_pkg']
[1.454s] [34mcolcon.colcon_core.package_identification[0m [1;30mLevel 1[0m _identify(src/active_localization) by extension 'colcon_pkg'
[1.454s] [34mcolcon.colcon_core.package_identification[0m [1;30mLevel 1[0m _identify(src/active_localization) by extensions ['colcon_meta']
[1.454s] [34mcolcon.colcon_core.package_identification[0m [1;30mLevel 1[0m _identify(src/active_localization) by extension 'colcon_meta'
[1.454s] [34mcolcon.colcon_core.package_identification[0m [1;30mLevel 1[0m _identify(src/active_localization) by extensions ['ros']
[1.454s] [34mcolcon.colcon_core.package_identification[0m [1;30mLevel 1[0m _identify(src/active_localization) by extension 'ros'
[1.455s] [34mcolcon.colcon_core.package_identification[0m [1;30mDEBUG[0m [32mPackage 'src/active_localization' with type 'ros.ament_python' and name 'active_localization'[0m
[1.455s] [34mcolcon.colcon_core.package_identification[0m [1;30mLevel 1[0m _identify(src/arcuo_marker_detection) by extensions ['ignore', 'ignore_ament_install']
[1.455s] [34mcolcon.colcon_core.package_identification[0m [1;30mLevel 1[0m _identify(src/arcuo_marker_detection) by extension 'ignore'
[1.455s] [34mcolcon.colcon_core.package_identification[0m [1;30mLevel 1[0m _identify(src/arcuo_marker_detection) by extension 'ignore_ament_install'
[1.455s] [34mcolcon.colcon_core.package_identification[0m [1;30mLevel 1[0m _identify(src/arcuo_marker_detection) by extensions ['colcon_pkg']
[1.455s] [34mcolcon.colcon_core.package_identification[0m [1;30mLevel 1[0m _identify(src/arcuo_marker_detection) by extension 'colcon_pkg'
[1.455s] [34mcolcon.colcon_core.package_identification[0m [1;30mLevel 1[0m _identify(src/arcuo_marker_detection) by extensions ['colcon_meta']
[1.455s] [34mcolcon.colcon_core.package_identification[0m [1;30mLevel 1[0m _identify(src/arcuo_marker_detection) by extension 'colcon_meta'
[1.456s] [34mcolcon.colcon_core.package_identification[0m [1;30mLevel 1[0m _identify(src/arcuo_marker_detection) by extensions ['ros']
[1.456s] [34mcolcon.colcon_core.package_identification[0m [1;30mLevel 1[0m _identify(src/arcuo_marker_detection) by extension 'ros'
[1.457s] [34mcolcon.colcon_core.package_identification[0m [1;30mDEBUG[0m [32mPackage 'src/arcuo_marker_detection' with type 'ros.ament_python' and name 'arcuo_marker_detection'[0m
[1.457s] [34mcolcon.colcon_core.package_identification[0m [1;30mLevel 1[0m _identify(src/docking_bringup) by extensions ['ignore', 'ignore_ament_install']
[1.457s] [34mcolcon.colcon_core.package_identification[0m [1;30mLevel 1[0m _identify(src/docking_bringup) by extension 'ignore'
[1.457s] [34mcolcon.colcon_core.package_identification[0m [1;30mLevel 1[0m _identify(src/docking_bringup) by extension 'ignore_ament_install'
[1.457s] [34mcolcon.colcon_core.package_identification[0m [1;30mLevel 1[0m _identify(src/docking_bringup) by extensions ['colcon_pkg']
[1.457s] [34mcolcon.colcon_core.package_identification[0m [1;30mLevel 1[0m _identify(src/docking_bringup) by extension 'colcon_pkg'
[1.457s] [34mcolcon.colcon_core.package_identification[0m [1;30mLevel 1[0m _identify(src/docking_bringup) by extensions ['colcon_meta']
[1.457s] [34mcolcon.colcon_core.package_identification[0m [1;30mLevel 1[0m _identify(src/docking_bringup) by extension 'colcon_meta'
[1.457s] [34mcolcon.colcon_core.package_identification[0m [1;30mLevel 1[0m _identify(src/docking_bringup) by extensions ['ros']
[1.457s] [34mcolcon.colcon_core.package_identification[0m [1;30mLevel 1[0m _identify(src/docking_bringup) by extension 'ros'
[1.457s] [34mcolcon.colcon_core.package_identification[0m [1;30mDEBUG[0m [32mPackage 'src/docking_bringup' with type 'ros.ament_cmake' and name 'docking_bringup'[0m
[1.458s] [34mcolcon.colcon_core.package_identification[0m [1;30mLevel 1[0m _identify(src/frontend) by extensions ['ignore', 'ignore_ament_install']
[1.458s] [34mcolcon.colcon_core.package_identification[0m [1;30mLevel 1[0m _identify(src/frontend) by extension 'ignore'
[1.458s] [34mcolcon.colcon_core.package_identification[0m [1;30mLevel 1[0m _identify(src/frontend) by extension 'ignore_ament_install'
[1.458s] [34mcolcon.colcon_core.package_identification[0m [1;30mLevel 1[0m _identify(src/frontend) by extensions ['colcon_pkg']
[1.458s] [34mcolcon.colcon_core.package_identification[0m [1;30mLevel 1[0m _identify(src/frontend) by extension 'colcon_pkg'
[1.458s] [34mcolcon.colcon_core.package_identification[0m [1;30mLevel 1[0m _identify(src/frontend) by extensions ['colcon_meta']
[1.458s] [34mcolcon.colcon_core.package_identification[0m [1;30mLevel 1[0m _identify(src/frontend) by extension 'colcon_meta'
[1.458s] [34mcolcon.colcon_core.package_identification[0m [1;30mLevel 1[0m _identify(src/frontend) by extensions ['ros']
[1.458s] [34mcolcon.colcon_core.package_identification[0m [1;30mLevel 1[0m _identify(src/frontend) by extension 'ros'
[1.460s] [34mcolcon.colcon_core.package_identification[0m [1;30mDEBUG[0m [32mPackage 'src/frontend' with type 'ros.ament_cmake' and name 'frontend'[0m
[1.461s] [34mcolcon.colcon_core.package_identification[0m [1;30mLevel 1[0m _identify(src/localization_amcl) by extensions ['ignore', 'ignore_ament_install']
[1.461s] [34mcolcon.colcon_core.package_identification[0m [1;30mLevel 1[0m _identify(src/localization_amcl) by extension 'ignore'
[1.461s] [34mcolcon.colcon_core.package_identification[0m [1;30mLevel 1[0m _identify(src/localization_amcl) by extension 'ignore_ament_install'
[1.461s] [34mcolcon.colcon_core.package_identification[0m [1;30mLevel 1[0m _identify(src/localization_amcl) by extensions ['colcon_pkg']
[1.461s] [34mcolcon.colcon_core.package_identification[0m [1;30mLevel 1[0m _identify(src/localization_amcl) by extension 'colcon_pkg'
[1.461s] [34mcolcon.colcon_core.package_identification[0m [1;30mLevel 1[0m _identify(src/localization_amcl) by extensions ['colcon_meta']
[1.461s] [34mcolcon.colcon_core.package_identification[0m [1;30mLevel 1[0m _identify(src/localization_amcl) by extension 'colcon_meta'
[1.461s] [34mcolcon.colcon_core.package_identification[0m [1;30mLevel 1[0m _identify(src/localization_amcl) by extensions ['ros']
[1.461s] [34mcolcon.colcon_core.package_identification[0m [1;30mLevel 1[0m _identify(src/localization_amcl) by extension 'ros'
[1.463s] [34mcolcon.colcon_core.package_identification[0m [1;30mDEBUG[0m [32mPackage 'src/localization_amcl' with type 'ros.ament_cmake' and name 'localization_amcl'[0m
[1.463s] [34mcolcon.colcon_core.package_identification[0m [1;30mLevel 1[0m _identify(src/localization_node) by extensions ['ignore', 'ignore_ament_install']
[1.463s] [34mcolcon.colcon_core.package_identification[0m [1;30mLevel 1[0m _identify(src/localization_node) by extension 'ignore'
[1.463s] [34mcolcon.colcon_core.package_identification[0m [1;30mLevel 1[0m _identify(src/localization_node) by extension 'ignore_ament_install'
[1.463s] [34mcolcon.colcon_core.package_identification[0m [1;30mLevel 1[0m _identify(src/localization_node) by extensions ['colcon_pkg']
[1.463s] [34mcolcon.colcon_core.package_identification[0m [1;30mLevel 1[0m _identify(src/localization_node) by extension 'colcon_pkg'
[1.463s] [34mcolcon.colcon_core.package_identification[0m [1;30mLevel 1[0m _identify(src/localization_node) by extensions ['colcon_meta']
[1.463s] [34mcolcon.colcon_core.package_identification[0m [1;30mLevel 1[0m _identify(src/localization_node) by extension 'colcon_meta'
[1.463s] [34mcolcon.colcon_core.package_identification[0m [1;30mLevel 1[0m _identify(src/localization_node) by extensions ['ros']
[1.463s] [34mcolcon.colcon_core.package_identification[0m [1;30mLevel 1[0m _identify(src/localization_node) by extension 'ros'
[1.464s] [34mcolcon.colcon_core.package_identification[0m [1;30mDEBUG[0m [32mPackage 'src/localization_node' with type 'ros.ament_cmake' and name 'localization_node'[0m
[1.465s] [34mcolcon.colcon_core.package_identification[0m [1;30mLevel 1[0m _identify(src/reach_the_goal) by extensions ['ignore', 'ignore_ament_install']
[1.465s] [34mcolcon.colcon_core.package_identification[0m [1;30mLevel 1[0m _identify(src/reach_the_goal) by extension 'ignore'
[1.465s] [34mcolcon.colcon_core.package_identification[0m [1;30mLevel 1[0m _identify(src/reach_the_goal) by extension 'ignore_ament_install'
[1.465s] [34mcolcon.colcon_core.package_identification[0m [1;30mLevel 1[0m _identify(src/reach_the_goal) by extensions ['colcon_pkg']
[1.465s] [34mcolcon.colcon_core.package_identification[0m [1;30mLevel 1[0m _identify(src/reach_the_goal) by extension 'colcon_pkg'
[1.465s] [34mcolcon.colcon_core.package_identification[0m [1;30mLevel 1[0m _identify(src/reach_the_goal) by extensions ['colcon_meta']
[1.465s] [34mcolcon.colcon_core.package_identification[0m [1;30mLevel 1[0m _identify(src/reach_the_goal) by extension 'colcon_meta'
[1.465s] [34mcolcon.colcon_core.package_identification[0m [1;30mLevel 1[0m _identify(src/reach_the_goal) by extensions ['ros']
[1.465s] [34mcolcon.colcon_core.package_identification[0m [1;30mLevel 1[0m _identify(src/reach_the_goal) by extension 'ros'
[1.466s] [34mcolcon.colcon_core.package_identification[0m [1;30mDEBUG[0m [32mPackage 'src/reach_the_goal' with type 'ros.ament_python' and name 'reach_the_goal'[0m
[1.466s] [34mcolcon.colcon_core.package_identification[0m [1;30mLevel 1[0m _identify(src/teleop_cpp_ros2) by extensions ['ignore', 'ignore_ament_install']
[1.466s] [34mcolcon.colcon_core.package_identification[0m [1;30mLevel 1[0m _identify(src/teleop_cpp_ros2) by extension 'ignore'
[1.466s] [34mcolcon.colcon_core.package_identification[0m [1;30mLevel 1[0m _identify(src/teleop_cpp_ros2) by extension 'ignore_ament_install'
[1.466s] [34mcolcon.colcon_core.package_identification[0m [1;30mLevel 1[0m _identify(src/teleop_cpp_ros2) by extensions ['colcon_pkg']
[1.467s] [34mcolcon.colcon_core.package_identification[0m [1;30mLevel 1[0m _identify(src/teleop_cpp_ros2) by extension 'colcon_pkg'
[1.467s] [34mcolcon.colcon_core.package_identification[0m [1;30mLevel 1[0m _identify(src/teleop_cpp_ros2) by extensions ['colcon_meta']
[1.467s] [34mcolcon.colcon_core.package_identification[0m [1;30mLevel 1[0m _identify(src/teleop_cpp_ros2) by extension 'colcon_meta'
[1.467s] [34mcolcon.colcon_core.package_identification[0m [1;30mLevel 1[0m _identify(src/teleop_cpp_ros2) by extensions ['ros']
[1.467s] [34mcolcon.colcon_core.package_identification[0m [1;30mLevel 1[0m _identify(src/teleop_cpp_ros2) by extension 'ros'
[1.469s] [34mcolcon.colcon_core.package_identification[0m [1;30mDEBUG[0m [32mPackage 'src/teleop_cpp_ros2' with type 'ros.ament_cmake' and name 'teleop_cpp_ros2'[0m
[1.469s] [34mcolcon.colcon_core.package_identification[0m [1;30mLevel 1[0m _identify(src/template_ros2) by extensions ['ignore', 'ignore_ament_install']
[1.469s] [34mcolcon.colcon_core.package_identification[0m [1;30mLevel 1[0m _identify(src/template_ros2) by extension 'ignore'
[1.469s] [34mcolcon.colcon_core.package_identification[0m [1;30mLevel 1[0m _identify(src/template_ros2) by extension 'ignore_ament_install'
[1.469s] [34mcolcon.colcon_core.package_identification[0m [1;30mLevel 1[0m _identify(src/template_ros2) by extensions ['colcon_pkg']
[1.469s] [34mcolcon.colcon_core.package_identification[0m [1;30mLevel 1[0m _identify(src/template_ros2) by extension 'colcon_pkg'
[1.469s] [34mcolcon.colcon_core.package_identification[0m [1;30mLevel 1[0m _identify(src/template_ros2) by extensions ['colcon_meta']
[1.469s] [34mcolcon.colcon_core.package_identification[0m [1;30mLevel 1[0m _identify(src/template_ros2) by extension 'colcon_meta'
[1.469s] [34mcolcon.colcon_core.package_identification[0m [1;30mLevel 1[0m _identify(src/template_ros2) by extensions ['ros']
[1.469s] [34mcolcon.colcon_core.package_identification[0m [1;30mLevel 1[0m _identify(src/template_ros2) by extension 'ros'
[1.470s] [34mcolcon.colcon_core.package_identification[0m [1;30mDEBUG[0m [32mPackage 'src/template_ros2' with type 'ros.ament_python' and name 'template_ros2'[0m
[1.470s] [34mcolcon.colcon_core.package_identification[0m [1;30mLevel 1[0m _identify(src/ultralytics_ros) by extensions ['ignore', 'ignore_ament_install']
[1.470s] [34mcolcon.colcon_core.package_identification[0m [1;30mLevel 1[0m _identify(src/ultralytics_ros) by extension 'ignore'
[1.470s] [34mcolcon.colcon_core.package_identification[0m [1;30mLevel 1[0m _identify(src/ultralytics_ros) by extension 'ignore_ament_install'
[1.470s] [34mcolcon.colcon_core.package_identification[0m [1;30mLevel 1[0m _identify(src/ultralytics_ros) by extensions ['colcon_pkg']
[1.470s] [34mcolcon.colcon_core.package_identification[0m [1;30mLevel 1[0m _identify(src/ultralytics_ros) by extension 'colcon_pkg'
[1.470s] [34mcolcon.colcon_core.package_identification[0m [1;30mLevel 1[0m _identify(src/ultralytics_ros) by extensions ['colcon_meta']
[1.470s] [34mcolcon.colcon_core.package_identification[0m [1;30mLevel 1[0m _identify(src/ultralytics_ros) by extension 'colcon_meta'
[1.470s] [34mcolcon.colcon_core.package_identification[0m [1;30mLevel 1[0m _identify(src/ultralytics_ros) by extensions ['ros']
[1.470s] [34mcolcon.colcon_core.package_identification[0m [1;30mLevel 1[0m _identify(src/ultralytics_ros) by extension 'ros'
[1.473s] [34mcolcon.colcon_core.package_identification[0m [1;30mDEBUG[0m [32mPackage 'src/ultralytics_ros' with type 'ros.ament_cmake' and name 'ultralytics_ros'[0m
[1.473s] [34mcolcon.colcon_core.package_discovery[0m [1;30mLevel 1[0m discover_packages(recursive) using defaults
[1.473s] [34mcolcon.colcon_core.package_discovery[0m [1;30mLevel 1[0m discover_packages(ignore) discover
[1.473s] [34mcolcon.colcon_core.package_discovery[0m [1;30mLevel 1[0m discover_packages(ignore) using defaults
[1.473s] [34mcolcon.colcon_core.package_discovery[0m [1;30mLevel 1[0m discover_packages(path) discover
[1.473s] [34mcolcon.colcon_core.package_discovery[0m [1;30mLevel 1[0m discover_packages(path) using defaults
[1.495s] [34mcolcon.colcon_core.package_selection[0m [1;30mINFO[0m Skipping not selected package 'arcuo_marker_detection' in 'src/arcuo_marker_detection'
[1.496s] [34mcolcon.colcon_core.package_selection[0m [1;30mINFO[0m Skipping not selected package 'autonomous_exploration' in 'src/ROS2-FrontierBaseExplorationForAutonomousRobot/autonomous_exploration'
[1.496s] [34mcolcon.colcon_core.package_selection[0m [1;30mINFO[0m Skipping not selected package 'frontend' in 'src/frontend'
[1.496s] [34mcolcon.colcon_core.package_selection[0m [1;30mINFO[0m Skipping not selected package 'localization_amcl' in 'src/localization_amcl'
[1.496s] [34mcolcon.colcon_core.package_selection[0m [1;30mINFO[0m Skipping not selected package 'localization_node' in 'src/localization_node'
[1.496s] [34mcolcon.colcon_core.package_selection[0m [1;30mINFO[0m Skipping not selected package 'reach_the_goal' in 'src/reach_the_goal'
[1.496s] [34mcolcon.colcon_core.package_selection[0m [1;30mINFO[0m Skipping not selected package 'teleop_cpp_ros2' in 'src/teleop_cpp_ros2'
[1.496s] [34mcolcon.colcon_core.package_selection[0m [1;30mINFO[0m Skipping not selected package 'template_ros2' in 'src/template_ros2'
[1.496s] [34mcolcon.colcon_core.package_selection[0m [1;30mINFO[0m Skipping not selected package 'ultralytics_ros' in 'src/ultralytics_ros'
[1.496s] [34mcolcon.colcon_core.package_selection[0m [1;30mINFO[0m Skipping not selected package 'docking_bringup' in 'src/docking_bringup'
[1.497s] [34mcolcon.colcon_core.package_discovery[0m [1;30mLevel 1[0m discover_packages(prefix_path) check parameters
[1.497s] [34mcolcon.colcon_core.package_discovery[0m [1;30mLevel 1[0m discover_packages(prefix_path) discover
[1.510s] [34mcolcon.colcon_installed_package_information.package_discovery[0m [1;30mDEBUG[0m [32mFound 12 installed packages in /home/sarthak/precise_docking_ws/install[0m
[1.512s] [34mcolcon.colcon_installed_package_information.package_discovery[0m [1;30mDEBUG[0m [32mFound 406 installed packages in /opt/ros/humble[0m
[1.514s] [34mcolcon.colcon_core.package_discovery[0m [1;30mLevel 1[0m discover_packages(prefix_path) using defaults
[1.626s] [34mcolcon.colcon_core.verb[0m [1;30mLevel 5[0m set package 'active_localization' build argument 'bazel_args' from command line to 'None'
[1.626s] [34mcolcon.colcon_core.verb[0m [1;30mLevel 5[0m set package 'active_localization' build argument 'bazel_task' from command line to 'None'
[1.626s] [34mcolcon.colcon_core.verb[0m [1;30mLevel 5[0m set package 'active_localization' build argument 'cmake_args' from command line to 'None'
[1.626s] [34mcolcon.colcon_core.verb[0m [1;30mLevel 5[0m set package 'active_localization' build argument 'cmake_target' from command line to 'None'
[1.626s] [34mcolcon.colcon_core.verb[0m [1;30mLevel 5[0m set package 'active_localization' build argument 'cmake_target_skip_unavailable' from command line to 'False'
[1.626s] [34mcolcon.colcon_core.verb[0m [1;30mLevel 5[0m set package 'active_localization' build argument 'cmake_clean_cache' from command line to 'False'
[1.626s] [34mcolcon.colcon_core.verb[0m [1;30mLevel 5[0m set package 'active_localization' build argument 'cmake_clean_first' from command line to 'False'
[1.626s] [34mcolcon.colcon_core.verb[0m [1;30mLevel 5[0m set package 'active_localization' build argument 'cmake_force_configure' from command line to 'False'
[1.626s] [34mcolcon.colcon_core.verb[0m [1;30mLevel 5[0m set package 'active_localization' build argument 'meson_args' from command line to '[]'
[1.626s] [34mcolcon.colcon_core.verb[0m [1;30mLevel 5[0m set package 'active_localization' build argument 'ament_cmake_args' from command line to 'None'
[1.626s] [34mcolcon.colcon_core.verb[0m [1;30mLevel 5[0m set package 'active_localization' build argument 'catkin_cmake_args' from command line to 'None'
[1.626s] [34mcolcon.colcon_core.verb[0m [1;30mLevel 5[0m set package 'active_localization' build argument 'catkin_skip_building_tests' from command line to 'False'
[1.626s] [34mcolcon.colcon_core.verb[0m [1;30mDEBUG[0m [32mBuilding package 'active_localization' with the following arguments: {'ament_cmake_args': None, 'bazel_args': None, 'bazel_task': None, 'build_base': '/home/sarthak/precise_docking_ws/build/active_localization', 'catkin_cmake_args': None, 'catkin_skip_building_tests': False, 'cmake_args': None, 'cmake_clean_cache': False, 'cmake_clean_first': False, 'cmake_force_configure': False, 'cmake_target': None, 'cmake_target_skip_unavailable': False, 'install_base': '/home/sarthak/precise_docking_ws/install/active_localization', 'merge_install': False, 'meson_args': [], 'path': '/home/sarthak/precise_docking_ws/src/active_localization', 'symlink_install': False, 'test_result_base': None}[0m
[1.626s] [34mcolcon.colcon_core.executor[0m [1;30mINFO[0m Executing jobs using 'parallel' executor
[1.628s] [34mcolcon.colcon_parallel_executor.executor.parallel[0m [1;30mDEBUG[0m [32mrun_until_complete[0m
[1.628s] [34mcolcon.colcon_ros.task.ament_python.build[0m [1;30mINFO[0m Building ROS package in '/home/sarthak/precise_docking_ws/src/active_localization' with build type 'ament_python'
[1.629s] [34mcolcon.colcon_core.shell[0m [1;30mLevel 1[0m create_environment_hook('active_localization', 'ament_prefix_path')
[1.634s] [34mcolcon.colcon_core.plugin_system[0m [1;30mINFO[0m Skipping extension 'colcon_core.shell.bat': Not used on non-Windows systems
[1.634s] [34mcolcon.colcon_core.shell[0m [1;30mINFO[0m Creating environment hook '/home/sarthak/precise_docking_ws/install/active_localization/share/active_localization/hook/ament_prefix_path.ps1'
[1.636s] [34mcolcon.colcon_core.shell[0m [1;30mINFO[0m Creating environment descriptor '/home/sarthak/precise_docking_ws/install/active_localization/share/active_localization/hook/ament_prefix_path.dsv'
[1.636s] [34mcolcon.colcon_core.shell[0m [1;30mINFO[0m Creating environment hook '/home/sarthak/precise_docking_ws/install/active_localization/share/active_localization/hook/ament_prefix_path.sh'
[1.637s] [34mcolcon.colcon_ros_domain_id_coordinator.shell.ros_domain_id[0m [1;30mDEBUG[0m [32mAllocated ROS_DOMAIN_ID=79 for '/home/sarthak/precise_docking_ws/build/active_localization'[0m
[1.637s] [34mcolcon.colcon_core.shell[0m [1;30mINFO[0m Skip shell extension 'ros_domain_id' for command environment: 
[1.637s] [34mcolcon.colcon_core.shell[0m [1;30mINFO[0m Skip shell extension 'powershell' for command environment: Not usable outside of PowerShell
[1.638s] [34mcolcon.colcon_core.shell[0m [1;30mDEBUG[0m [32mSkip shell extension 'dsv' for command environment[0m
[2.568s] [34mcolcon.colcon_core.task.python.build[0m [1;30mINFO[0m Building Python package in '/home/sarthak/precise_docking_ws/src/active_localization'
[2.568s] [34mcolcon.colcon_ros_domain_id_coordinator.shell.ros_domain_id[0m [1;30mDEBUG[0m [32mAllocated ROS_DOMAIN_ID=79 for '/home/sarthak/precise_docking_ws/build/active_localization'[0m
[2.568s] [34mcolcon.colcon_core.shell[0m [1;30mINFO[0m Skip shell extension 'ros_domain_id' for command environment: 
[2.568s] [34mcolcon.colcon_core.shell[0m [1;30mINFO[0m Skip shell extension 'powershell' for command environment: Not usable outside of PowerShell
[2.568s] [34mcolcon.colcon_core.shell[0m [1;30mDEBUG[0m [32mSkip shell extension 'dsv' for command environment[0m
[4.972s] [34mcolcon.colcon_core.event_handler.log_command[0m [1;30mDEBUG[0m [32mInvoking command in '/home/sarthak/precise_docking_ws/src/active_localization': PYTHONPATH=/home/sarthak/precise_docking_ws/build/active_localization/prefix_override:/home/sarthak/.local/lib/python3.10/site-packages/colcon_core/task/python/colcon_distutils_commands:/home/sarthak/precise_docking_ws/install/active_localization/lib/python3.10/site-packages:${PYTHONPATH} /usr/bin/python3 -W ignore:setup.py install is deprecated setup.py egg_info --egg-base ../../build/active_localization build --build-base /home/sarthak/precise_docking_ws/build/active_localization/build install --record /home/sarthak/precise_docking_ws/build/active_localization/install.log --single-version-externally-managed install_data[0m
[10.108s] [34mcolcon.colcon_core.event_handler.log_command[0m [1;30mDEBUG[0m [32mInvoked command in '/home/sarthak/precise_docking_ws/src/active_localization' returned '0': PYTHONPATH=/home/sarthak/precise_docking_ws/build/active_localization/prefix_override:/home/sarthak/.local/lib/python3.10/site-packages/colcon_core/task/python/colcon_distutils_commands:/home/sarthak/precise_docking_ws/install/active_localization/lib/python3.10/site-packages:${PYTHONPATH} /usr/bin/python3 -W ignore:setup.py install is deprecated setup.py egg_info --egg-base ../../build/active_localization build --build-base /home/sarthak/precise_docking_ws/build/active_localization/build install --record /home/sarthak/precise_docking_ws/build/active_localization/install.log --single-version-externally-managed install_data[0m
[10.119s] [34mcolcon.colcon_core.environment[0m [1;30mLevel 1[0m checking '/home/sarthak/precise_docking_ws/install/active_localization' for CMake module files
[10.121s] [34mcolcon.colcon_core.environment[0m [1;30mLevel 1[0m checking '/home/sarthak/precise_docking_ws/install/active_localization' for CMake config files
[10.123s] [34mcolcon.colcon_core.environment[0m [1;30mLevel 1[0m checking '/home/sarthak/precise_docking_ws/install/active_localization/lib'
[10.123s] [34mcolcon.colcon_core.environment[0m [1;30mLevel 1[0m checking '/home/sarthak/precise_docking_ws/install/active_localization/bin'
[10.123s] [34mcolcon.colcon_core.environment[0m [1;30mLevel 1[0m checking '/home/sarthak/precise_docking_ws/install/active_localization/lib/pkgconfig/active_localization.pc'
[10.123s] [34mcolcon.colcon_core.environment[0m [1;30mLevel 1[0m checking '/home/sarthak/precise_docking_ws/install/active_localization/lib/python3.10/site-packages'
[10.123s] [34mcolcon.colcon_core.shell[0m [1;30mLevel 1[0m create_environment_hook('active_localization', 'pythonpath')
[10.124s] [34mcolcon.colcon_core.shell[0m [1;30mINFO[0m Creating environment hook '/home/sarthak/precise_docking_ws/install/active_localization/share/active_localization/hook/pythonpath.ps1'
[10.126s] [34mcolcon.colcon_core.shell[0m [1;30mINFO[0m Creating environment descriptor '/home/sarthak/precise_docking_ws/install/active_localization/share/active_localization/hook/pythonpath.dsv'
[10.126s] [34mcolcon.colcon_core.shell[0m [1;30mINFO[0m Creating environment hook '/home/sarthak/precise_docking_ws/install/active_localization/share/active_localization/hook/pythonpath.sh'
[10.127s] [34mcolcon.colcon_core.environment[0m [1;30mLevel 1[0m checking '/home/sarthak/precise_docking_ws/install/active_localization/bin'
[10.127s] [34mcolcon.colcon_core.environment[0m [1;30mLevel 1[0m create_environment_scripts_only(active_localization)
[10.127s] [34mcolcon.colcon_core.shell[0m [1;30mINFO[0m Creating package script '/home/sarthak/precise_docking_ws/install/active_localization/share/active_localization/package.ps1'
[10.128s] [34mcolcon.colcon_core.shell[0m [1;30mINFO[0m Creating package descriptor '/home/sarthak/precise_docking_ws/install/active_localization/share/active_localization/package.dsv'
[10.129s] [34mcolcon.colcon_core.shell[0m [1;30mINFO[0m Creating package script '/home/sarthak/precise_docking_ws/install/active_localization/share/active_localization/package.sh'
[10.130s] [34mcolcon.colcon_core.shell[0m [1;30mINFO[0m Creating package script '/home/sarthak/precise_docking_ws/install/active_localization/share/active_localization/package.bash'
[10.132s] [34mcolcon.colcon_core.shell[0m [1;30mINFO[0m Creating package script '/home/sarthak/precise_docking_ws/install/active_localization/share/active_localization/package.zsh'
[10.135s] [34mcolcon.colcon_core.environment[0m [1;30mLevel 1[0m create_file_with_runtime_dependencies(/home/sarthak/precise_docking_ws/install/active_localization/share/colcon-core/packages/active_localization)
[10.136s] [34mcolcon.colcon_parallel_executor.executor.parallel[0m [1;30mDEBUG[0m [32mclosing loop[0m
[10.136s] [34mcolcon.colcon_ros_domain_id_coordinator.shell.ros_domain_id[0m [1;30mDEBUG[0m [32mReleased ROS_DOMAIN_ID=79 for '/home/sarthak/precise_docking_ws/build/active_localization'[0m
[10.136s] [34mcolcon.colcon_parallel_executor.executor.parallel[0m [1;30mDEBUG[0m [32mloop closed[0m
[10.137s] [34mcolcon.colcon_parallel_executor.executor.parallel[0m [1;30mDEBUG[0m [32mrun_until_complete finished with '0'[0m
[10.137s] [34mcolcon.colcon_core.event_reactor[0m [1;30mDEBUG[0m [32mjoining thread[0m
[10.160s] [34mcolcon.colcon_core.plugin_system[0m [1;30mINFO[0m Skipping extension 'colcon_notification.desktop_notification.terminal_notifier': Not used on non-Darwin systems
[10.161s] [34mcolcon.colcon_core.plugin_system[0m [1;30mINFO[0m Skipping extension 'colcon_notification.desktop_notification.win32': Not used on non-Windows systems
[10.161s] [34mcolcon.colcon_notification.desktop_notification[0m [1;30mINFO[0m Sending desktop notification using 'notify2'
[10.207s] [34mcolcon.colcon_core.event_reactor[0m [1;30mDEBUG[0m [32mjoined thread[0m
[10.207s] [34mcolcon.colcon_core.shell[0m [1;30mINFO[0m Creating prefix script '/home/sarthak/precise_docking_ws/install/local_setup.ps1'
[10.210s] [34mcolcon.colcon_core.shell[0m [1;30mINFO[0m Creating prefix util module '/home/sarthak/precise_docking_ws/install/_local_setup_util_ps1.py'
[10.212s] [34mcolcon.colcon_core.shell[0m [1;30mINFO[0m Creating prefix chain script '/home/sarthak/precise_docking_ws/install/setup.ps1'
[10.217s] [34mcolcon.colcon_core.shell[0m [1;30mINFO[0m Creating prefix script '/home/sarthak/precise_docking_ws/install/local_setup.sh'
[10.218s] [34mcolcon.colcon_core.shell[0m [1;30mINFO[0m Creating prefix util module '/home/sarthak/precise_docking_ws/install/_local_setup_util_sh.py'
[10.219s] [34mcolcon.colcon_core.shell[0m [1;30mINFO[0m Creating prefix chain script '/home/sarthak/precise_docking_ws/install/setup.sh'
[10.221s] [34mcolcon.colcon_core.shell[0m [1;30mINFO[0m Creating prefix script '/home/sarthak/precise_docking_ws/install/local_setup.bash'
[10.221s] [34mcolcon.colcon_core.shell[0m [1;30mINFO[0m Creating prefix chain script '/home/sarthak/precise_docking_ws/install/setup.bash'
[10.224s] [34mcolcon.colcon_core.shell[0m [1;30mINFO[0m Creating prefix script '/home/sarthak/precise_docking_ws/install/local_setup.zsh'
[10.225s] [34mcolcon.colcon_core.shell[0m [1;30mINFO[0m Creating prefix chain script '/home/sarthak/precise_docking_ws/install/setup.zsh'
[10.226s] [34mcolcon.colcon_core.shell[0m [1;30mINFO[0m Creating '/home/sarthak/precise_docking_ws/install/spawn_shell.bash'
