[0.757s] Invoking command in '/home/sarthak/precise_docking_ws/build/active_localization': PYTHONPATH=/home/sarthak/precise_docking_ws/build/active_localization/prefix_override:/home/sarthak/.local/lib/python3.10/site-packages/colcon_core/task/python/colcon_distutils_commands:/home/sarthak/precise_docking_ws/install/active_localization/lib/python3.10/site-packages:${PYTHONPATH} /usr/bin/python3 -W ignore:setup.py install is deprecated setup.py develop --uninstall --editable --build-directory /home/sarthak/precise_docking_ws/build/active_localization/build
[0.874s] /home/sarthak/.local/lib/python3.10/site-packages/setuptools/_distutils/dist.py:261: UserWarning: Unknown distribution option: 'tests_require'
[0.874s]   warnings.warn(msg)
[1.032s] running develop
[1.033s] /home/sarthak/.local/lib/python3.10/site-packages/setuptools/command/develop.py:41: EasyInstallDeprecationWarning: easy_install command is deprecated.
[1.033s] !!
[1.033s] 
[1.034s]         ********************************************************************************
[1.034s]         Please avoid running ``setup.py`` and ``easy_install``.
[1.034s]         Instead, use pypa/build, pypa/installer or other
[1.034s]         standards-based tools.
[1.034s] 
[1.034s]         See https://github.com/pypa/setuptools/issues/917 for details.
[1.034s]         ********************************************************************************
[1.034s] 
[1.034s] !!
[1.034s]   easy_install.initialize_options(self)
[1.213s] Removing /home/sarthak/precise_docking_ws/install/active_localization/lib/python3.10/site-packages/active-localization.egg-link (link to .)
[1.238s] Invoked command in '/home/sarthak/precise_docking_ws/build/active_localization' returned '0': PYTHONPATH=/home/sarthak/precise_docking_ws/build/active_localization/prefix_override:/home/sarthak/.local/lib/python3.10/site-packages/colcon_core/task/python/colcon_distutils_commands:/home/sarthak/precise_docking_ws/install/active_localization/lib/python3.10/site-packages:${PYTHONPATH} /usr/bin/python3 -W ignore:setup.py install is deprecated setup.py develop --uninstall --editable --build-directory /home/sarthak/precise_docking_ws/build/active_localization/build
[1.240s] Invoking command in '/home/sarthak/precise_docking_ws/src/active_localization': PYTHONPATH=/home/sarthak/precise_docking_ws/build/active_localization/prefix_override:/home/sarthak/.local/lib/python3.10/site-packages/colcon_core/task/python/colcon_distutils_commands:/home/sarthak/precise_docking_ws/install/active_localization/lib/python3.10/site-packages:${PYTHONPATH} /usr/bin/python3 -W ignore:setup.py install is deprecated setup.py egg_info --egg-base ../../build/active_localization build --build-base /home/sarthak/precise_docking_ws/build/active_localization/build install --record /home/sarthak/precise_docking_ws/build/active_localization/install.log --single-version-externally-managed install_data --force
[1.363s] /home/sarthak/.local/lib/python3.10/site-packages/setuptools/_distutils/dist.py:261: UserWarning: Unknown distribution option: 'tests_require'
[1.363s]   warnings.warn(msg)
[1.478s] running egg_info
[1.490s] writing ../../build/active_localization/active_localization.egg-info/PKG-INFO
[1.490s] writing dependency_links to ../../build/active_localization/active_localization.egg-info/dependency_links.txt
[1.490s] writing entry points to ../../build/active_localization/active_localization.egg-info/entry_points.txt
[1.490s] writing requirements to ../../build/active_localization/active_localization.egg-info/requires.txt
[1.490s] writing top-level names to ../../build/active_localization/active_localization.egg-info/top_level.txt
[1.628s] writing manifest file '../../build/active_localization/active_localization.egg-info/SOURCES.txt'
[1.628s] running build
[1.628s] running build_py
[1.628s] creating /home/sarthak/precise_docking_ws/build/active_localization/build/lib/active_localization
[1.628s] copying active_localization/__init__.py -> /home/sarthak/precise_docking_ws/build/active_localization/build/lib/active_localization
[1.629s] copying active_localization/frontier_detection.py -> /home/sarthak/precise_docking_ws/build/active_localization/build/lib/active_localization
[1.629s] copying active_localization/path_to_goal.py -> /home/sarthak/precise_docking_ws/build/active_localization/build/lib/active_localization
[1.629s] copying active_localization/local_map.py -> /home/sarthak/precise_docking_ws/build/active_localization/build/lib/active_localization
[1.629s] copying active_localization/next_best_view.py -> /home/sarthak/precise_docking_ws/build/active_localization/build/lib/active_localization
[1.629s] running install
[1.633s] running install_lib
[1.647s] creating /home/sarthak/precise_docking_ws/install/active_localization/lib/python3.10/site-packages/active_localization
[1.647s] copying /home/sarthak/precise_docking_ws/build/active_localization/build/lib/active_localization/__init__.py -> /home/sarthak/precise_docking_ws/install/active_localization/lib/python3.10/site-packages/active_localization
[1.647s] copying /home/sarthak/precise_docking_ws/build/active_localization/build/lib/active_localization/frontier_detection.py -> /home/sarthak/precise_docking_ws/install/active_localization/lib/python3.10/site-packages/active_localization
[1.647s] copying /home/sarthak/precise_docking_ws/build/active_localization/build/lib/active_localization/path_to_goal.py -> /home/sarthak/precise_docking_ws/install/active_localization/lib/python3.10/site-packages/active_localization
[1.647s] copying /home/sarthak/precise_docking_ws/build/active_localization/build/lib/active_localization/local_map.py -> /home/sarthak/precise_docking_ws/install/active_localization/lib/python3.10/site-packages/active_localization
[1.647s] copying /home/sarthak/precise_docking_ws/build/active_localization/build/lib/active_localization/next_best_view.py -> /home/sarthak/precise_docking_ws/install/active_localization/lib/python3.10/site-packages/active_localization
[1.647s] byte-compiling /home/sarthak/precise_docking_ws/install/active_localization/lib/python3.10/site-packages/active_localization/__init__.py to __init__.cpython-310.pyc
[1.648s] byte-compiling /home/sarthak/precise_docking_ws/install/active_localization/lib/python3.10/site-packages/active_localization/frontier_detection.py to frontier_detection.cpython-310.pyc
[1.649s] byte-compiling /home/sarthak/precise_docking_ws/install/active_localization/lib/python3.10/site-packages/active_localization/path_to_goal.py to path_to_goal.cpython-310.pyc
[1.651s] byte-compiling /home/sarthak/precise_docking_ws/install/active_localization/lib/python3.10/site-packages/active_localization/local_map.py to local_map.cpython-310.pyc
[1.652s] byte-compiling /home/sarthak/precise_docking_ws/install/active_localization/lib/python3.10/site-packages/active_localization/next_best_view.py to next_best_view.cpython-310.pyc
[1.652s] running install_data
[1.652s] copying resource/active_localization -> /home/sarthak/precise_docking_ws/install/active_localization/share/ament_index/resource_index/packages
[1.653s] copying package.xml -> /home/sarthak/precise_docking_ws/install/active_localization/share/active_localization
[1.653s] running install_egg_info
[1.666s] Copying ../../build/active_localization/active_localization.egg-info to /home/sarthak/precise_docking_ws/install/active_localization/lib/python3.10/site-packages/active_localization-0.0.0-py3.10.egg-info
[1.668s] running install_scripts
[1.773s] Installing frontier_detection script to /home/sarthak/precise_docking_ws/install/active_localization/lib/active_localization
[1.773s] Installing local_map_node script to /home/sarthak/precise_docking_ws/install/active_localization/lib/active_localization
[1.773s] Installing localization script to /home/sarthak/precise_docking_ws/install/active_localization/lib/active_localization
[1.773s] Installing path_to_goal script to /home/sarthak/precise_docking_ws/install/active_localization/lib/active_localization
[1.773s] writing list of installed files to '/home/sarthak/precise_docking_ws/build/active_localization/install.log'
[1.795s] Invoked command in '/home/sarthak/precise_docking_ws/src/active_localization' returned '0': PYTHONPATH=/home/sarthak/precise_docking_ws/build/active_localization/prefix_override:/home/sarthak/.local/lib/python3.10/site-packages/colcon_core/task/python/colcon_distutils_commands:/home/sarthak/precise_docking_ws/install/active_localization/lib/python3.10/site-packages:${PYTHONPATH} /usr/bin/python3 -W ignore:setup.py install is deprecated setup.py egg_info --egg-base ../../build/active_localization build --build-base /home/sarthak/precise_docking_ws/build/active_localization/build install --record /home/sarthak/precise_docking_ws/build/active_localization/install.log --single-version-externally-managed install_data --force
