[0.016s] Invoking command in '/home/sarthak/precise_docking_ws/build/frontend': CMAKE_PREFIX_PATH=${CMAKE_PREFIX_PATH}:/home/sarthak/precise_docking_ws/install/template_ros2:/home/sarthak/precise_docking_ws/install/reach_the_goal:/home/sarthak/precise_docking_ws/install/arcuo_marker_detection:/opt/ros/humble /usr/bin/cmake --build /home/sarthak/precise_docking_ws/build/frontend -- -j20 -l20
[0.085s] [ 50%] Built target cpp_executable
[0.121s] [ 50%] Built target ament_cmake_python_copy_frontend
[0.147s] [35m[1mConsolidate compiler generated dependencies of target icp_node[0m
[0.178s] [ 75%] [32mBuilding CXX object CMakeFiles/icp_node.dir/src/icp_node.cpp.o[0m
[5.610s] [01m[K/home/sarthak/precise_docking_ws/src/frontend/src/icp_node.cpp:[m[K In member function ‘[01m[Ksensor_msgs::msg::PointCloud2 ICPNode::dataPointsToRosMsg(const DP&)[m[K’:
[5.610s] [01m[K/home/sarthak/precise_docking_ws/src/frontend/src/icp_node.cpp:131:30:[m[K [01;35m[Kwarning: [m[Kcomparison of integer expressions of different signedness: ‘[01m[Ksize_t[m[K’ {aka ‘[01m[Klong unsigned int[m[K’} and ‘[01m[KEigen::Index[m[K’ {aka ‘[01m[Klong int[m[K’} [[01;35m[K]8;;https://gcc.gnu.org/onlinedocs/gcc/Warning-Options.html#index-Wsign-compare-Wsign-compare]8;;[m[K]
[5.610s]   131 |         for (size_t i = 0; [01;35m[Ki < cloud.features.cols()[m[K; ++i)
[5.610s]       |                            [01;35m[K~~^~~~~~~~~~~~~~~~~~~~~~~[m[K
[13.985s] [100%] [32m[1mLinking CXX executable icp_node[0m
[15.158s] [100%] Built target icp_node
[15.410s] running egg_info
[15.411s] writing frontend.egg-info/PKG-INFO
[15.411s] writing dependency_links to frontend.egg-info/dependency_links.txt
[15.411s] writing top-level names to frontend.egg-info/top_level.txt
[15.414s] reading manifest file 'frontend.egg-info/SOURCES.txt'
[15.414s] writing manifest file 'frontend.egg-info/SOURCES.txt'
[15.465s] [100%] Built target ament_cmake_python_build_frontend_egg
[15.484s] Invoked command in '/home/sarthak/precise_docking_ws/build/frontend' returned '0': CMAKE_PREFIX_PATH=${CMAKE_PREFIX_PATH}:/home/sarthak/precise_docking_ws/install/template_ros2:/home/sarthak/precise_docking_ws/install/reach_the_goal:/home/sarthak/precise_docking_ws/install/arcuo_marker_detection:/opt/ros/humble /usr/bin/cmake --build /home/sarthak/precise_docking_ws/build/frontend -- -j20 -l20
[15.549s] Invoking command in '/home/sarthak/precise_docking_ws/build/frontend': CMAKE_PREFIX_PATH=${CMAKE_PREFIX_PATH}:/home/sarthak/precise_docking_ws/install/template_ros2:/home/sarthak/precise_docking_ws/install/reach_the_goal:/home/sarthak/precise_docking_ws/install/arcuo_marker_detection:/opt/ros/humble /usr/bin/cmake --install /home/sarthak/precise_docking_ws/build/frontend
[15.563s] -- Install configuration: ""
[15.563s] -- Up-to-date: /home/sarthak/precise_docking_ws/install/frontend/lib/frontend/cpp_executable
[15.564s] -- Installing: /home/sarthak/precise_docking_ws/install/frontend/lib/frontend/icp_node
[15.581s] -- Set runtime path of "/home/sarthak/precise_docking_ws/install/frontend/lib/frontend/icp_node" to ""
[15.581s] -- Up-to-date: /home/sarthak/precise_docking_ws/install/frontend/share/frontend/environment/pythonpath.sh
[15.581s] -- Up-to-date: /home/sarthak/precise_docking_ws/install/frontend/share/frontend/environment/pythonpath.dsv
[15.581s] -- Up-to-date: /home/sarthak/precise_docking_ws/install/frontend/local/lib/python3.10/dist-packages/frontend-0.0.0-py3.10.egg-info
[15.581s] -- Installing: /home/sarthak/precise_docking_ws/install/frontend/local/lib/python3.10/dist-packages/frontend-0.0.0-py3.10.egg-info/top_level.txt
[15.581s] -- Installing: /home/sarthak/precise_docking_ws/install/frontend/local/lib/python3.10/dist-packages/frontend-0.0.0-py3.10.egg-info/SOURCES.txt
[15.581s] -- Installing: /home/sarthak/precise_docking_ws/install/frontend/local/lib/python3.10/dist-packages/frontend-0.0.0-py3.10.egg-info/PKG-INFO
[15.581s] -- Installing: /home/sarthak/precise_docking_ws/install/frontend/local/lib/python3.10/dist-packages/frontend-0.0.0-py3.10.egg-info/dependency_links.txt
[15.582s] -- Up-to-date: /home/sarthak/precise_docking_ws/install/frontend/local/lib/python3.10/dist-packages/frontend
[15.582s] -- Up-to-date: /home/sarthak/precise_docking_ws/install/frontend/local/lib/python3.10/dist-packages/frontend/__init__.py
[15.582s] -- Up-to-date: /home/sarthak/precise_docking_ws/install/frontend/local/lib/python3.10/dist-packages/frontend/icp.py
[15.582s] -- Up-to-date: /home/sarthak/precise_docking_ws/install/frontend/local/lib/python3.10/dist-packages/frontend/module_to_import.py
[15.624s] Listing '/home/sarthak/precise_docking_ws/install/frontend/local/lib/python3.10/dist-packages/frontend'...
[15.630s] -- Up-to-date: /home/sarthak/precise_docking_ws/install/frontend/lib/frontend/py_node.py
[15.630s] -- Up-to-date: /home/sarthak/precise_docking_ws/install/frontend/lib/frontend/main.py
[15.630s] -- Up-to-date: /home/sarthak/precise_docking_ws/install/frontend/lib/frontend/laser_scan.py
[15.630s] -- Up-to-date: /home/sarthak/precise_docking_ws/install/frontend/lib/frontend/odom_to_map.py
[15.630s] -- Up-to-date: /home/sarthak/precise_docking_ws/install/frontend/lib/frontend/scan_to_map.py
[15.630s] -- Up-to-date: /home/sarthak/precise_docking_ws/install/frontend/share/ament_index/resource_index/package_run_dependencies/frontend
[15.631s] -- Up-to-date: /home/sarthak/precise_docking_ws/install/frontend/share/ament_index/resource_index/parent_prefix_path/frontend
[15.631s] -- Up-to-date: /home/sarthak/precise_docking_ws/install/frontend/share/frontend/environment/ament_prefix_path.sh
[15.631s] -- Up-to-date: /home/sarthak/precise_docking_ws/install/frontend/share/frontend/environment/ament_prefix_path.dsv
[15.631s] -- Up-to-date: /home/sarthak/precise_docking_ws/install/frontend/share/frontend/environment/path.sh
[15.631s] -- Up-to-date: /home/sarthak/precise_docking_ws/install/frontend/share/frontend/environment/path.dsv
[15.631s] -- Up-to-date: /home/sarthak/precise_docking_ws/install/frontend/share/frontend/local_setup.bash
[15.631s] -- Up-to-date: /home/sarthak/precise_docking_ws/install/frontend/share/frontend/local_setup.sh
[15.631s] -- Up-to-date: /home/sarthak/precise_docking_ws/install/frontend/share/frontend/local_setup.zsh
[15.631s] -- Up-to-date: /home/sarthak/precise_docking_ws/install/frontend/share/frontend/local_setup.dsv
[15.631s] -- Installing: /home/sarthak/precise_docking_ws/install/frontend/share/frontend/package.dsv
[15.631s] -- Up-to-date: /home/sarthak/precise_docking_ws/install/frontend/share/ament_index/resource_index/packages/frontend
[15.631s] -- Up-to-date: /home/sarthak/precise_docking_ws/install/frontend/share/frontend/cmake/frontendConfig.cmake
[15.631s] -- Up-to-date: /home/sarthak/precise_docking_ws/install/frontend/share/frontend/cmake/frontendConfig-version.cmake
[15.631s] -- Up-to-date: /home/sarthak/precise_docking_ws/install/frontend/share/frontend/package.xml
[15.633s] Invoked command in '/home/sarthak/precise_docking_ws/build/frontend' returned '0': CMAKE_PREFIX_PATH=${CMAKE_PREFIX_PATH}:/home/sarthak/precise_docking_ws/install/template_ros2:/home/sarthak/precise_docking_ws/install/reach_the_goal:/home/sarthak/precise_docking_ws/install/arcuo_marker_detection:/opt/ros/humble /usr/bin/cmake --install /home/sarthak/precise_docking_ws/build/frontend
