[0.028s] Invoking command in '/home/sarthak/precise_docking_ws/build/frontend': CMAKE_PREFIX_PATH=${CMAKE_PREFIX_PATH}:/home/sarthak/precise_docking_ws/install/template_ros2:/home/sarthak/precise_docking_ws/install/reach_the_goal:/home/sarthak/precise_docking_ws/install/autonomous_exploration:/home/sarthak/precise_docking_ws/install/arcuo_marker_detection:/home/sarthak/precise_docking_ws/install/active_localization:/opt/ros/humble /usr/bin/cmake --build /home/sarthak/precise_docking_ws/build/frontend -- -j20 -l20
[0.202s] [  0%] Built target ament_cmake_python_copy_frontend
[0.217s] [ 50%] Built target cpp_executable
[0.268s] [100%] Built target icp_node
[0.650s] running egg_info
[0.707s] writing frontend.egg-info/PKG-INFO
[0.709s] writing dependency_links to frontend.egg-info/dependency_links.txt
[0.710s] writing top-level names to frontend.egg-info/top_level.txt
[3.254s] writing manifest file 'frontend.egg-info/SOURCES.txt'
[3.349s] [100%] Built target ament_cmake_python_build_frontend_egg
[3.369s] Invoked command in '/home/sarthak/precise_docking_ws/build/frontend' returned '0': CMAKE_PREFIX_PATH=${CMAKE_PREFIX_PATH}:/home/sarthak/precise_docking_ws/install/template_ros2:/home/sarthak/precise_docking_ws/install/reach_the_goal:/home/sarthak/precise_docking_ws/install/autonomous_exploration:/home/sarthak/precise_docking_ws/install/arcuo_marker_detection:/home/sarthak/precise_docking_ws/install/active_localization:/opt/ros/humble /usr/bin/cmake --build /home/sarthak/precise_docking_ws/build/frontend -- -j20 -l20
[3.461s] Invoking command in '/home/sarthak/precise_docking_ws/build/frontend': CMAKE_PREFIX_PATH=${CMAKE_PREFIX_PATH}:/home/sarthak/precise_docking_ws/install/template_ros2:/home/sarthak/precise_docking_ws/install/reach_the_goal:/home/sarthak/precise_docking_ws/install/autonomous_exploration:/home/sarthak/precise_docking_ws/install/arcuo_marker_detection:/home/sarthak/precise_docking_ws/install/active_localization:/opt/ros/humble /usr/bin/cmake --install /home/sarthak/precise_docking_ws/build/frontend
[3.472s] -- Install configuration: ""
[3.474s] -- Up-to-date: /home/sarthak/precise_docking_ws/install/frontend/lib/frontend/cpp_executable
[3.477s] -- Up-to-date: /home/sarthak/precise_docking_ws/install/frontend/lib/frontend/icp_node
[3.478s] -- Up-to-date: /home/sarthak/precise_docking_ws/install/frontend/share/frontend/environment/pythonpath.sh
[3.478s] -- Up-to-date: /home/sarthak/precise_docking_ws/install/frontend/share/frontend/environment/pythonpath.dsv
[3.478s] -- Up-to-date: /home/sarthak/precise_docking_ws/install/frontend/local/lib/python3.10/dist-packages/frontend-0.0.0-py3.10.egg-info
[3.479s] -- Installing: /home/sarthak/precise_docking_ws/install/frontend/local/lib/python3.10/dist-packages/frontend-0.0.0-py3.10.egg-info/top_level.txt
[3.479s] -- Installing: /home/sarthak/precise_docking_ws/install/frontend/local/lib/python3.10/dist-packages/frontend-0.0.0-py3.10.egg-info/SOURCES.txt
[3.480s] -- Installing: /home/sarthak/precise_docking_ws/install/frontend/local/lib/python3.10/dist-packages/frontend-0.0.0-py3.10.egg-info/PKG-INFO
[3.480s] -- Installing: /home/sarthak/precise_docking_ws/install/frontend/local/lib/python3.10/dist-packages/frontend-0.0.0-py3.10.egg-info/dependency_links.txt
[3.481s] -- Up-to-date: /home/sarthak/precise_docking_ws/install/frontend/local/lib/python3.10/dist-packages/frontend
[3.481s] -- Up-to-date: /home/sarthak/precise_docking_ws/install/frontend/local/lib/python3.10/dist-packages/frontend/__init__.py
[3.481s] -- Up-to-date: /home/sarthak/precise_docking_ws/install/frontend/local/lib/python3.10/dist-packages/frontend/module_to_import.py
[3.538s] Listing '/home/sarthak/precise_docking_ws/install/frontend/local/lib/python3.10/dist-packages/frontend'...
[3.552s] -- Up-to-date: /home/sarthak/precise_docking_ws/install/frontend/lib/frontend/py_node.py
[3.553s] -- Up-to-date: /home/sarthak/precise_docking_ws/install/frontend/lib/frontend/main.py
[3.553s] -- Up-to-date: /home/sarthak/precise_docking_ws/install/frontend/lib/frontend/laser_scan.py
[3.554s] -- Up-to-date: /home/sarthak/precise_docking_ws/install/frontend/lib/frontend/odom_to_map.py
[3.554s] -- Up-to-date: /home/sarthak/precise_docking_ws/install/frontend/lib/frontend/scan_to_map.py
[3.555s] -- Up-to-date: /home/sarthak/precise_docking_ws/install/frontend/lib/frontend/map_create.py
[3.555s] -- Up-to-date: /home/sarthak/precise_docking_ws/install/frontend/lib/frontend/pose_graph.py
[3.556s] -- Up-to-date: /home/sarthak/precise_docking_ws/install/frontend/lib/frontend/pose_graph_odom.py
[3.556s] -- Up-to-date: /home/sarthak/precise_docking_ws/install/frontend/lib/frontend/pose_graph_odom_landmark.py
[3.556s] -- Up-to-date: /home/sarthak/precise_docking_ws/install/frontend/lib/frontend/plot_odom.py
[3.556s] -- Up-to-date: /home/sarthak/precise_docking_ws/install/frontend/lib/frontend/two_landmark.py
[3.557s] -- Installing: /home/sarthak/precise_docking_ws/install/frontend/lib/frontend/localize_with_arcuo.py
[3.557s] -- Up-to-date: /home/sarthak/precise_docking_ws/install/frontend/share/ament_index/resource_index/package_run_dependencies/frontend
[3.558s] -- Up-to-date: /home/sarthak/precise_docking_ws/install/frontend/share/ament_index/resource_index/parent_prefix_path/frontend
[3.559s] -- Up-to-date: /home/sarthak/precise_docking_ws/install/frontend/share/frontend/environment/ament_prefix_path.sh
[3.559s] -- Up-to-date: /home/sarthak/precise_docking_ws/install/frontend/share/frontend/environment/ament_prefix_path.dsv
[3.559s] -- Up-to-date: /home/sarthak/precise_docking_ws/install/frontend/share/frontend/environment/path.sh
[3.559s] -- Up-to-date: /home/sarthak/precise_docking_ws/install/frontend/share/frontend/environment/path.dsv
[3.560s] -- Up-to-date: /home/sarthak/precise_docking_ws/install/frontend/share/frontend/local_setup.bash
[3.560s] -- Up-to-date: /home/sarthak/precise_docking_ws/install/frontend/share/frontend/local_setup.sh
[3.560s] -- Up-to-date: /home/sarthak/precise_docking_ws/install/frontend/share/frontend/local_setup.zsh
[3.561s] -- Up-to-date: /home/sarthak/precise_docking_ws/install/frontend/share/frontend/local_setup.dsv
[3.561s] -- Installing: /home/sarthak/precise_docking_ws/install/frontend/share/frontend/package.dsv
[3.561s] -- Up-to-date: /home/sarthak/precise_docking_ws/install/frontend/share/ament_index/resource_index/packages/frontend
[3.561s] -- Up-to-date: /home/sarthak/precise_docking_ws/install/frontend/share/frontend/cmake/frontendConfig.cmake
[3.561s] -- Up-to-date: /home/sarthak/precise_docking_ws/install/frontend/share/frontend/cmake/frontendConfig-version.cmake
[3.562s] -- Up-to-date: /home/sarthak/precise_docking_ws/install/frontend/share/frontend/package.xml
[3.566s] Invoked command in '/home/sarthak/precise_docking_ws/build/frontend' returned '0': CMAKE_PREFIX_PATH=${CMAKE_PREFIX_PATH}:/home/sarthak/precise_docking_ws/install/template_ros2:/home/sarthak/precise_docking_ws/install/reach_the_goal:/home/sarthak/precise_docking_ws/install/autonomous_exploration:/home/sarthak/precise_docking_ws/install/arcuo_marker_detection:/home/sarthak/precise_docking_ws/install/active_localization:/opt/ros/humble /usr/bin/cmake --install /home/sarthak/precise_docking_ws/build/frontend
