[0.008s] Invoking command in '/home/sarthak/precise_docking_ws/build/frontend': CMAKE_PREFIX_PATH=${CMAKE_PREFIX_PATH}:/home/sarthak/precise_docking_ws/install/template_ros2:/home/sarthak/precise_docking_ws/install/reach_the_goal:/home/sarthak/precise_docking_ws/install/autonomous_exploration:/home/sarthak/precise_docking_ws/install/arcuo_marker_detection:/home/sarthak/precise_docking_ws/install/active_localization:/opt/ros/humble /usr/bin/cmake --build /home/sarthak/precise_docking_ws/build/frontend -- -j20 -l20
[0.031s] -- Found ament_cmake: 1.3.11 (/opt/ros/humble/share/ament_cmake/cmake)
[0.088s] -- Found Python3: /usr/bin/python3 (found version "3.10.12") found components: Interpreter 
[0.146s] -- Override CMake install command with custom implementation using symlinks instead of copying resources
[0.157s] -- Found sensor_msgs: 4.2.4 (/opt/ros/humble/share/sensor_msgs/cmake)
[0.186s] -- Found rosidl_generator_c: 3.1.6 (/opt/ros/humble/share/rosidl_generator_c/cmake)
[0.188s] -- Found rosidl_adapter: 3.1.6 (/opt/ros/humble/share/rosidl_adapter/cmake)
[0.193s] -- Found rosidl_generator_cpp: 3.1.6 (/opt/ros/humble/share/rosidl_generator_cpp/cmake)
[0.201s] -- Using all available rosidl_typesupport_c: rosidl_typesupport_fastrtps_c;rosidl_typesupport_introspection_c
[0.211s] -- Using all available rosidl_typesupport_cpp: rosidl_typesupport_fastrtps_cpp;rosidl_typesupport_introspection_cpp
[0.251s] -- Found rclcpp: 16.0.11 (/opt/ros/humble/share/rclcpp/cmake)
[0.273s] -- Found rmw_implementation_cmake: 6.1.2 (/opt/ros/humble/share/rmw_implementation_cmake/cmake)
[0.275s] -- Found rmw_fastrtps_cpp: 6.2.7 (/opt/ros/humble/share/rmw_fastrtps_cpp/cmake)
[0.363s] -- Using RMW implementation 'rmw_fastrtps_cpp' as default
[0.399s] -- Found rclpy: 3.3.15 (/opt/ros/humble/share/rclpy/cmake)
[0.411s] -- Found Boost: /usr/lib/x86_64-linux-gnu/cmake/Boost-1.74.0/BoostConfig.cmake (found version "1.74.0") found components: thread filesystem system program_options date_time 
[0.416s] -- Found Boost: /usr/lib/x86_64-linux-gnu/cmake/Boost-1.74.0/BoostConfig.cmake (found version "1.74.0") found components: thread filesystem system program_options date_time chrono 
[0.417s] -- Found nav_msgs: 4.2.4 (/opt/ros/humble/share/nav_msgs/cmake)
[0.429s] -- Found tf2_ros: 0.25.11 (/opt/ros/humble/share/tf2_ros/cmake)
[0.493s] -- Found tf2_geometry_msgs: 0.25.11 (/opt/ros/humble/share/tf2_geometry_msgs/cmake)
[0.497s] -- Found eigen3_cmake_module: 0.1.1 (/opt/ros/humble/share/eigen3_cmake_module/cmake)
[0.498s] -- Ensuring Eigen3 include directory is part of orocos-kdl CMake target
[0.658s] -- Found Python3: /usr/include/python3.10 (found version "3.10.12") found components: Development Development.Module Development.Embed 
[0.660s] -- Found tf2_sensor_msgs: 0.25.11 (/opt/ros/humble/share/tf2_sensor_msgs/cmake)
[0.786s] -- Configuring done
[0.799s] -- Generating done
[0.800s] -- Build files have been written to: /home/sarthak/precise_docking_ws/build/frontend
[0.828s] [35m[1mConsolidate compiler generated dependencies of target cpp_executable[0m
[0.829s] [35m[1mConsolidate compiler generated dependencies of target icp_node[0m
[0.846s] [ 50%] Built target cpp_executable
[0.846s] [ 50%] Built target ament_cmake_python_symlink_frontend
[0.859s] [100%] Built target icp_node
[1.045s] running egg_info
[1.059s] writing frontend.egg-info/PKG-INFO
[1.060s] writing dependency_links to frontend.egg-info/dependency_links.txt
[1.060s] writing top-level names to frontend.egg-info/top_level.txt
[1.301s] reading manifest file 'frontend.egg-info/SOURCES.txt'
[1.302s] writing manifest file 'frontend.egg-info/SOURCES.txt'
[1.331s] [100%] Built target ament_cmake_python_build_frontend_egg
[1.343s] Invoked command in '/home/sarthak/precise_docking_ws/build/frontend' returned '0': CMAKE_PREFIX_PATH=${CMAKE_PREFIX_PATH}:/home/sarthak/precise_docking_ws/install/template_ros2:/home/sarthak/precise_docking_ws/install/reach_the_goal:/home/sarthak/precise_docking_ws/install/autonomous_exploration:/home/sarthak/precise_docking_ws/install/arcuo_marker_detection:/home/sarthak/precise_docking_ws/install/active_localization:/opt/ros/humble /usr/bin/cmake --build /home/sarthak/precise_docking_ws/build/frontend -- -j20 -l20
[1.394s] Invoking command in '/home/sarthak/precise_docking_ws/build/frontend': CMAKE_PREFIX_PATH=${CMAKE_PREFIX_PATH}:/home/sarthak/precise_docking_ws/install/template_ros2:/home/sarthak/precise_docking_ws/install/reach_the_goal:/home/sarthak/precise_docking_ws/install/autonomous_exploration:/home/sarthak/precise_docking_ws/install/arcuo_marker_detection:/home/sarthak/precise_docking_ws/install/active_localization:/opt/ros/humble /usr/bin/cmake --install /home/sarthak/precise_docking_ws/build/frontend
[1.402s] -- Install configuration: ""
[1.403s] -- Execute custom install script
[1.403s] -- Up-to-date symlink: /home/sarthak/precise_docking_ws/install/frontend/share/frontend/environment/pythonpath.sh
[1.403s] -- Up-to-date symlink: /home/sarthak/precise_docking_ws/install/frontend/share/frontend/environment/pythonpath.dsv
[1.403s] -- Up-to-date symlink: /home/sarthak/precise_docking_ws/install/frontend/local/lib/python3.10/dist-packages/frontend-0.0.0-py3.10.egg-info/PKG-INFO
[1.404s] -- Up-to-date symlink: /home/sarthak/precise_docking_ws/install/frontend/local/lib/python3.10/dist-packages/frontend-0.0.0-py3.10.egg-info/SOURCES.txt
[1.404s] -- Up-to-date symlink: /home/sarthak/precise_docking_ws/install/frontend/local/lib/python3.10/dist-packages/frontend-0.0.0-py3.10.egg-info/dependency_links.txt
[1.404s] -- Up-to-date symlink: /home/sarthak/precise_docking_ws/install/frontend/local/lib/python3.10/dist-packages/frontend-0.0.0-py3.10.egg-info/top_level.txt
[1.404s] -- Up-to-date symlink: /home/sarthak/precise_docking_ws/install/frontend/local/lib/python3.10/dist-packages/frontend/__init__.py
[1.404s] -- Up-to-date symlink: /home/sarthak/precise_docking_ws/install/frontend/local/lib/python3.10/dist-packages/frontend/module_to_import.py
[1.404s] -- Symlinking: /home/sarthak/precise_docking_ws/install/frontend/lib/frontend/pose_graph_odom_landmark.py
[1.416s] -- Up-to-date symlink: /home/sarthak/precise_docking_ws/install/frontend/lib/frontend/localize_with_arcuo.py
[1.416s] -- Up-to-date symlink: /home/sarthak/precise_docking_ws/install/frontend/lib/frontend/hypotheses_map.py
[1.417s] -- Up-to-date symlink: /home/sarthak/precise_docking_ws/install/frontend/share/ament_index/resource_index/package_run_dependencies/frontend
[1.417s] -- Up-to-date symlink: /home/sarthak/precise_docking_ws/install/frontend/share/ament_index/resource_index/parent_prefix_path/frontend
[1.417s] -- Up-to-date symlink: /home/sarthak/precise_docking_ws/install/frontend/share/frontend/environment/ament_prefix_path.sh
[1.417s] -- Up-to-date symlink: /home/sarthak/precise_docking_ws/install/frontend/share/frontend/environment/ament_prefix_path.dsv
[1.417s] -- Up-to-date symlink: /home/sarthak/precise_docking_ws/install/frontend/share/frontend/environment/path.sh
[1.417s] -- Up-to-date symlink: /home/sarthak/precise_docking_ws/install/frontend/share/frontend/environment/path.dsv
[1.418s] -- Up-to-date symlink: /home/sarthak/precise_docking_ws/install/frontend/share/frontend/local_setup.bash
[1.418s] -- Up-to-date symlink: /home/sarthak/precise_docking_ws/install/frontend/share/frontend/local_setup.sh
[1.418s] -- Up-to-date symlink: /home/sarthak/precise_docking_ws/install/frontend/share/frontend/local_setup.zsh
[1.418s] -- Up-to-date symlink: /home/sarthak/precise_docking_ws/install/frontend/share/frontend/local_setup.dsv
[1.418s] -- Symlinking: /home/sarthak/precise_docking_ws/install/frontend/share/frontend/package.dsv
[1.429s] -- Up-to-date symlink: /home/sarthak/precise_docking_ws/install/frontend/share/ament_index/resource_index/packages/frontend
[1.430s] -- Up-to-date symlink: /home/sarthak/precise_docking_ws/install/frontend/share/frontend/cmake/frontendConfig.cmake
[1.430s] -- Up-to-date symlink: /home/sarthak/precise_docking_ws/install/frontend/share/frontend/cmake/frontendConfig-version.cmake
[1.430s] -- Up-to-date symlink: /home/sarthak/precise_docking_ws/install/frontend/share/frontend/package.xml
[1.462s] Listing '/home/sarthak/precise_docking_ws/install/frontend/local/lib/python3.10/dist-packages/frontend'...
[1.467s] Invoked command in '/home/sarthak/precise_docking_ws/build/frontend' returned '0': CMAKE_PREFIX_PATH=${CMAKE_PREFIX_PATH}:/home/sarthak/precise_docking_ws/install/template_ros2:/home/sarthak/precise_docking_ws/install/reach_the_goal:/home/sarthak/precise_docking_ws/install/autonomous_exploration:/home/sarthak/precise_docking_ws/install/arcuo_marker_detection:/home/sarthak/precise_docking_ws/install/active_localization:/opt/ros/humble /usr/bin/cmake --install /home/sarthak/precise_docking_ws/build/frontend
