[0.292s] DEBUG:colcon:Command line arguments: ['/home/sarthak/.local/bin/colcon', 'list', '-p', '--base-paths', '/home/sarthak/precise_docking_ws']
[0.292s] DEBUG:colcon:Parsed command line arguments: Namespace(log_base=None, log_level=None, verb_name='list', build_base='build', ignore_user_meta=False, metas=['./colcon.meta'], base_paths=['/home/sarthak/precise_docking_ws'], packages_ignore=None, packages_ignore_regex=None, paths=None, packages_up_to=None, packages_up_to_regex=None, packages_above=None, packages_above_and_dependencies=None, packages_above_depth=None, packages_select_by_dep=None, packages_skip_by_dep=None, packages_skip_up_to=None, packages_select_build_failed=False, packages_skip_build_finished=False, packages_select_test_failures=False, packages_skip_test_passed=False, packages_select=None, packages_skip=None, packages_select_regex=None, packages_skip_regex=None, packages_start=None, packages_end=None, allow_overriding=[], topological_order=False, names_only=False, paths_only=True, topological_graph=False, topological_graph_dot=False, topological_graph_density=False, topological_graph_legend=False, topological_graph_dot_cluster=False, topological_graph_dot_include_skipped=False, mixin_files=None, mixin=None, verb_parser=<colcon_alias.argument_parser.alias.AliasArgumentDecorator object at 0x79ebbb6227d0>, verb_extension=<colcon_package_information.verb.list.ListVerb object at 0x79ebbb620580>, main=<bound method ListVerb.main of <colcon_package_information.verb.list.ListVerb object at 0x79ebbb620580>>, mixin_verb=('list',))
[0.433s] Level 1:colcon.colcon_core.package_discovery:discover_packages(colcon_meta) check parameters
[0.433s] Level 1:colcon.colcon_core.package_discovery:discover_packages(recursive) check parameters
[0.433s] Level 1:colcon.colcon_core.package_discovery:discover_packages(ignore) check parameters
[0.433s] Level 1:colcon.colcon_core.package_discovery:discover_packages(path) check parameters
[0.433s] Level 1:colcon.colcon_core.package_discovery:discover_packages(recursive) discover
[0.433s] INFO:colcon.colcon_core.package_discovery:Crawling recursively for packages in '/home/sarthak/precise_docking_ws'
[0.433s] Level 1:colcon.colcon_core.package_identification:_identify(/home/sarthak/precise_docking_ws) by extensions ['ignore', 'ignore_ament_install']
[0.433s] Level 1:colcon.colcon_core.package_identification:_identify(/home/sarthak/precise_docking_ws) by extension 'ignore'
[0.433s] Level 1:colcon.colcon_core.package_identification:_identify(/home/sarthak/precise_docking_ws) by extension 'ignore_ament_install'
[0.433s] Level 1:colcon.colcon_core.package_identification:_identify(/home/sarthak/precise_docking_ws) by extensions ['colcon_pkg']
[0.433s] Level 1:colcon.colcon_core.package_identification:_identify(/home/sarthak/precise_docking_ws) by extension 'colcon_pkg'
[0.433s] Level 1:colcon.colcon_core.package_identification:_identify(/home/sarthak/precise_docking_ws) by extensions ['colcon_meta']
[0.433s] Level 1:colcon.colcon_core.package_identification:_identify(/home/sarthak/precise_docking_ws) by extension 'colcon_meta'
[0.433s] Level 1:colcon.colcon_core.package_identification:_identify(/home/sarthak/precise_docking_ws) by extensions ['ros']
[0.433s] Level 1:colcon.colcon_core.package_identification:_identify(/home/sarthak/precise_docking_ws) by extension 'ros'
[0.437s] Level 1:colcon.colcon_core.package_identification:_identify(/home/sarthak/precise_docking_ws) by extensions ['bazel', 'cmake', 'meson', 'python']
[0.437s] Level 1:colcon.colcon_core.package_identification:_identify(/home/sarthak/precise_docking_ws) by extension 'bazel'
[0.437s] Level 1:colcon.colcon_core.package_identification:_identify(/home/sarthak/precise_docking_ws) by extension 'cmake'
[0.437s] Level 1:colcon.colcon_core.package_identification:_identify(/home/sarthak/precise_docking_ws) by extension 'meson'
[0.437s] Level 1:colcon.colcon_core.package_identification:_identify(/home/sarthak/precise_docking_ws) by extension 'python'
[0.437s] Level 1:colcon.colcon_core.package_identification:_identify(/home/sarthak/precise_docking_ws) by extensions ['python_setup_py']
[0.437s] Level 1:colcon.colcon_core.package_identification:_identify(/home/sarthak/precise_docking_ws) by extension 'python_setup_py'
[0.437s] Level 1:colcon.colcon_core.package_identification:_identify(/home/sarthak/precise_docking_ws/build) by extensions ['ignore', 'ignore_ament_install']
[0.437s] Level 1:colcon.colcon_core.package_identification:_identify(/home/sarthak/precise_docking_ws/build) by extension 'ignore'
[0.437s] Level 1:colcon.colcon_core.package_identification:_identify(/home/sarthak/precise_docking_ws/build) ignored
[0.437s] Level 1:colcon.colcon_core.package_identification:_identify(/home/sarthak/precise_docking_ws/install) by extensions ['ignore', 'ignore_ament_install']
[0.438s] Level 1:colcon.colcon_core.package_identification:_identify(/home/sarthak/precise_docking_ws/install) by extension 'ignore'
[0.438s] Level 1:colcon.colcon_core.package_identification:_identify(/home/sarthak/precise_docking_ws/install) ignored
[0.438s] Level 1:colcon.colcon_core.package_identification:_identify(/home/sarthak/precise_docking_ws/log) by extensions ['ignore', 'ignore_ament_install']
[0.438s] Level 1:colcon.colcon_core.package_identification:_identify(/home/sarthak/precise_docking_ws/log) by extension 'ignore'
[0.438s] Level 1:colcon.colcon_core.package_identification:_identify(/home/sarthak/precise_docking_ws/log) ignored
[0.438s] Level 1:colcon.colcon_core.package_identification:_identify(/home/sarthak/precise_docking_ws/src) by extensions ['ignore', 'ignore_ament_install']
[0.438s] Level 1:colcon.colcon_core.package_identification:_identify(/home/sarthak/precise_docking_ws/src) by extension 'ignore'
[0.438s] Level 1:colcon.colcon_core.package_identification:_identify(/home/sarthak/precise_docking_ws/src) by extension 'ignore_ament_install'
[0.438s] Level 1:colcon.colcon_core.package_identification:_identify(/home/sarthak/precise_docking_ws/src) by extensions ['colcon_pkg']
[0.438s] Level 1:colcon.colcon_core.package_identification:_identify(/home/sarthak/precise_docking_ws/src) by extension 'colcon_pkg'
[0.438s] Level 1:colcon.colcon_core.package_identification:_identify(/home/sarthak/precise_docking_ws/src) by extensions ['colcon_meta']
[0.438s] Level 1:colcon.colcon_core.package_identification:_identify(/home/sarthak/precise_docking_ws/src) by extension 'colcon_meta'
[0.438s] Level 1:colcon.colcon_core.package_identification:_identify(/home/sarthak/precise_docking_ws/src) by extensions ['ros']
[0.438s] Level 1:colcon.colcon_core.package_identification:_identify(/home/sarthak/precise_docking_ws/src) by extension 'ros'
[0.438s] Level 1:colcon.colcon_core.package_identification:_identify(/home/sarthak/precise_docking_ws/src) by extensions ['bazel', 'cmake', 'meson', 'python']
[0.438s] Level 1:colcon.colcon_core.package_identification:_identify(/home/sarthak/precise_docking_ws/src) by extension 'bazel'
[0.438s] Level 1:colcon.colcon_core.package_identification:_identify(/home/sarthak/precise_docking_ws/src) by extension 'cmake'
[0.438s] Level 1:colcon.colcon_core.package_identification:_identify(/home/sarthak/precise_docking_ws/src) by extension 'meson'
[0.438s] Level 1:colcon.colcon_core.package_identification:_identify(/home/sarthak/precise_docking_ws/src) by extension 'python'
[0.438s] Level 1:colcon.colcon_core.package_identification:_identify(/home/sarthak/precise_docking_ws/src) by extensions ['python_setup_py']
[0.438s] Level 1:colcon.colcon_core.package_identification:_identify(/home/sarthak/precise_docking_ws/src) by extension 'python_setup_py'
[0.438s] Level 1:colcon.colcon_core.package_identification:_identify(/home/sarthak/precise_docking_ws/src/arcuo_marker_detection) by extensions ['ignore', 'ignore_ament_install']
[0.438s] Level 1:colcon.colcon_core.package_identification:_identify(/home/sarthak/precise_docking_ws/src/arcuo_marker_detection) by extension 'ignore'
[0.438s] Level 1:colcon.colcon_core.package_identification:_identify(/home/sarthak/precise_docking_ws/src/arcuo_marker_detection) by extension 'ignore_ament_install'
[0.438s] Level 1:colcon.colcon_core.package_identification:_identify(/home/sarthak/precise_docking_ws/src/arcuo_marker_detection) by extensions ['colcon_pkg']
[0.438s] Level 1:colcon.colcon_core.package_identification:_identify(/home/sarthak/precise_docking_ws/src/arcuo_marker_detection) by extension 'colcon_pkg'
[0.438s] Level 1:colcon.colcon_core.package_identification:_identify(/home/sarthak/precise_docking_ws/src/arcuo_marker_detection) by extensions ['colcon_meta']
[0.438s] Level 1:colcon.colcon_core.package_identification:_identify(/home/sarthak/precise_docking_ws/src/arcuo_marker_detection) by extension 'colcon_meta'
[0.439s] Level 1:colcon.colcon_core.package_identification:_identify(/home/sarthak/precise_docking_ws/src/arcuo_marker_detection) by extensions ['ros']
[0.439s] Level 1:colcon.colcon_core.package_identification:_identify(/home/sarthak/precise_docking_ws/src/arcuo_marker_detection) by extension 'ros'
[0.440s] DEBUG:colcon.colcon_core.package_identification:Package '/home/sarthak/precise_docking_ws/src/arcuo_marker_detection' with type 'ros.ament_python' and name 'arcuo_marker_detection'
[0.441s] Level 1:colcon.colcon_core.package_identification:_identify(/home/sarthak/precise_docking_ws/src/docking_bringup) by extensions ['ignore', 'ignore_ament_install']
[0.441s] Level 1:colcon.colcon_core.package_identification:_identify(/home/sarthak/precise_docking_ws/src/docking_bringup) by extension 'ignore'
[0.441s] Level 1:colcon.colcon_core.package_identification:_identify(/home/sarthak/precise_docking_ws/src/docking_bringup) by extension 'ignore_ament_install'
[0.441s] Level 1:colcon.colcon_core.package_identification:_identify(/home/sarthak/precise_docking_ws/src/docking_bringup) by extensions ['colcon_pkg']
[0.441s] Level 1:colcon.colcon_core.package_identification:_identify(/home/sarthak/precise_docking_ws/src/docking_bringup) by extension 'colcon_pkg'
[0.441s] Level 1:colcon.colcon_core.package_identification:_identify(/home/sarthak/precise_docking_ws/src/docking_bringup) by extensions ['colcon_meta']
[0.441s] Level 1:colcon.colcon_core.package_identification:_identify(/home/sarthak/precise_docking_ws/src/docking_bringup) by extension 'colcon_meta'
[0.441s] Level 1:colcon.colcon_core.package_identification:_identify(/home/sarthak/precise_docking_ws/src/docking_bringup) by extensions ['ros']
[0.441s] Level 1:colcon.colcon_core.package_identification:_identify(/home/sarthak/precise_docking_ws/src/docking_bringup) by extension 'ros'
[0.441s] DEBUG:colcon.colcon_core.package_identification:Package '/home/sarthak/precise_docking_ws/src/docking_bringup' with type 'ros.ament_cmake' and name 'docking_bringup'
[0.441s] Level 1:colcon.colcon_core.package_identification:_identify(/home/sarthak/precise_docking_ws/src/frontend) by extensions ['ignore', 'ignore_ament_install']
[0.441s] Level 1:colcon.colcon_core.package_identification:_identify(/home/sarthak/precise_docking_ws/src/frontend) by extension 'ignore'
[0.441s] Level 1:colcon.colcon_core.package_identification:_identify(/home/sarthak/precise_docking_ws/src/frontend) by extension 'ignore_ament_install'
[0.441s] Level 1:colcon.colcon_core.package_identification:_identify(/home/sarthak/precise_docking_ws/src/frontend) by extensions ['colcon_pkg']
[0.441s] Level 1:colcon.colcon_core.package_identification:_identify(/home/sarthak/precise_docking_ws/src/frontend) by extension 'colcon_pkg'
[0.441s] Level 1:colcon.colcon_core.package_identification:_identify(/home/sarthak/precise_docking_ws/src/frontend) by extensions ['colcon_meta']
[0.441s] Level 1:colcon.colcon_core.package_identification:_identify(/home/sarthak/precise_docking_ws/src/frontend) by extension 'colcon_meta'
[0.442s] Level 1:colcon.colcon_core.package_identification:_identify(/home/sarthak/precise_docking_ws/src/frontend) by extensions ['ros']
[0.442s] Level 1:colcon.colcon_core.package_identification:_identify(/home/sarthak/precise_docking_ws/src/frontend) by extension 'ros'
[0.443s] DEBUG:colcon.colcon_core.package_identification:Package '/home/sarthak/precise_docking_ws/src/frontend' with type 'ros.ament_cmake' and name 'frontend'
[0.443s] Level 1:colcon.colcon_core.package_identification:_identify(/home/sarthak/precise_docking_ws/src/libpointmatcher_ros) by extensions ['ignore', 'ignore_ament_install']
[0.443s] Level 1:colcon.colcon_core.package_identification:_identify(/home/sarthak/precise_docking_ws/src/libpointmatcher_ros) by extension 'ignore'
[0.443s] Level 1:colcon.colcon_core.package_identification:_identify(/home/sarthak/precise_docking_ws/src/libpointmatcher_ros) by extension 'ignore_ament_install'
[0.443s] Level 1:colcon.colcon_core.package_identification:_identify(/home/sarthak/precise_docking_ws/src/libpointmatcher_ros) by extensions ['colcon_pkg']
[0.443s] Level 1:colcon.colcon_core.package_identification:_identify(/home/sarthak/precise_docking_ws/src/libpointmatcher_ros) by extension 'colcon_pkg'
[0.443s] Level 1:colcon.colcon_core.package_identification:_identify(/home/sarthak/precise_docking_ws/src/libpointmatcher_ros) by extensions ['colcon_meta']
[0.443s] Level 1:colcon.colcon_core.package_identification:_identify(/home/sarthak/precise_docking_ws/src/libpointmatcher_ros) by extension 'colcon_meta'
[0.443s] Level 1:colcon.colcon_core.package_identification:_identify(/home/sarthak/precise_docking_ws/src/libpointmatcher_ros) by extensions ['ros']
[0.443s] Level 1:colcon.colcon_core.package_identification:_identify(/home/sarthak/precise_docking_ws/src/libpointmatcher_ros) by extension 'ros'
[0.444s] DEBUG:colcon.colcon_core.package_identification:Package '/home/sarthak/precise_docking_ws/src/libpointmatcher_ros' with type 'ros.ament_cmake' and name 'libpointmatcher_ros'
[0.444s] Level 1:colcon.colcon_core.package_identification:_identify(/home/sarthak/precise_docking_ws/src/norlab_icp_mapper) by extensions ['ignore', 'ignore_ament_install']
[0.444s] Level 1:colcon.colcon_core.package_identification:_identify(/home/sarthak/precise_docking_ws/src/norlab_icp_mapper) by extension 'ignore'
[0.444s] Level 1:colcon.colcon_core.package_identification:_identify(/home/sarthak/precise_docking_ws/src/norlab_icp_mapper) by extension 'ignore_ament_install'
[0.444s] Level 1:colcon.colcon_core.package_identification:_identify(/home/sarthak/precise_docking_ws/src/norlab_icp_mapper) by extensions ['colcon_pkg']
[0.444s] Level 1:colcon.colcon_core.package_identification:_identify(/home/sarthak/precise_docking_ws/src/norlab_icp_mapper) by extension 'colcon_pkg'
[0.444s] Level 1:colcon.colcon_core.package_identification:_identify(/home/sarthak/precise_docking_ws/src/norlab_icp_mapper) by extensions ['colcon_meta']
[0.444s] Level 1:colcon.colcon_core.package_identification:_identify(/home/sarthak/precise_docking_ws/src/norlab_icp_mapper) by extension 'colcon_meta'
[0.444s] Level 1:colcon.colcon_core.package_identification:_identify(/home/sarthak/precise_docking_ws/src/norlab_icp_mapper) by extensions ['ros']
[0.444s] Level 1:colcon.colcon_core.package_identification:_identify(/home/sarthak/precise_docking_ws/src/norlab_icp_mapper) by extension 'ros'
[0.445s] DEBUG:colcon.colcon_core.package_identification:Package '/home/sarthak/precise_docking_ws/src/norlab_icp_mapper' with type 'ros.cmake' and name 'norlab_icp_mapper'
[0.445s] Level 1:colcon.colcon_core.package_identification:_identify(/home/sarthak/precise_docking_ws/src/norlab_icp_mapper_ros) by extensions ['ignore', 'ignore_ament_install']
[0.446s] Level 1:colcon.colcon_core.package_identification:_identify(/home/sarthak/precise_docking_ws/src/norlab_icp_mapper_ros) by extension 'ignore'
[0.446s] Level 1:colcon.colcon_core.package_identification:_identify(/home/sarthak/precise_docking_ws/src/norlab_icp_mapper_ros) by extension 'ignore_ament_install'
[0.446s] Level 1:colcon.colcon_core.package_identification:_identify(/home/sarthak/precise_docking_ws/src/norlab_icp_mapper_ros) by extensions ['colcon_pkg']
[0.446s] Level 1:colcon.colcon_core.package_identification:_identify(/home/sarthak/precise_docking_ws/src/norlab_icp_mapper_ros) by extension 'colcon_pkg'
[0.446s] Level 1:colcon.colcon_core.package_identification:_identify(/home/sarthak/precise_docking_ws/src/norlab_icp_mapper_ros) by extensions ['colcon_meta']
[0.446s] Level 1:colcon.colcon_core.package_identification:_identify(/home/sarthak/precise_docking_ws/src/norlab_icp_mapper_ros) by extension 'colcon_meta'
[0.446s] Level 1:colcon.colcon_core.package_identification:_identify(/home/sarthak/precise_docking_ws/src/norlab_icp_mapper_ros) by extensions ['ros']
[0.446s] Level 1:colcon.colcon_core.package_identification:_identify(/home/sarthak/precise_docking_ws/src/norlab_icp_mapper_ros) by extension 'ros'
[0.447s] DEBUG:colcon.colcon_core.package_identification:Package '/home/sarthak/precise_docking_ws/src/norlab_icp_mapper_ros' with type 'ros.ament_cmake' and name 'norlab_icp_mapper_ros'
[0.447s] Level 1:colcon.colcon_core.package_identification:_identify(/home/sarthak/precise_docking_ws/src/reach_the_goal) by extensions ['ignore', 'ignore_ament_install']
[0.447s] Level 1:colcon.colcon_core.package_identification:_identify(/home/sarthak/precise_docking_ws/src/reach_the_goal) by extension 'ignore'
[0.447s] Level 1:colcon.colcon_core.package_identification:_identify(/home/sarthak/precise_docking_ws/src/reach_the_goal) by extension 'ignore_ament_install'
[0.448s] Level 1:colcon.colcon_core.package_identification:_identify(/home/sarthak/precise_docking_ws/src/reach_the_goal) by extensions ['colcon_pkg']
[0.448s] Level 1:colcon.colcon_core.package_identification:_identify(/home/sarthak/precise_docking_ws/src/reach_the_goal) by extension 'colcon_pkg'
[0.448s] Level 1:colcon.colcon_core.package_identification:_identify(/home/sarthak/precise_docking_ws/src/reach_the_goal) by extensions ['colcon_meta']
[0.448s] Level 1:colcon.colcon_core.package_identification:_identify(/home/sarthak/precise_docking_ws/src/reach_the_goal) by extension 'colcon_meta'
[0.448s] Level 1:colcon.colcon_core.package_identification:_identify(/home/sarthak/precise_docking_ws/src/reach_the_goal) by extensions ['ros']
[0.448s] Level 1:colcon.colcon_core.package_identification:_identify(/home/sarthak/precise_docking_ws/src/reach_the_goal) by extension 'ros'
[0.448s] DEBUG:colcon.colcon_core.package_identification:Package '/home/sarthak/precise_docking_ws/src/reach_the_goal' with type 'ros.ament_python' and name 'reach_the_goal'
[0.448s] Level 1:colcon.colcon_core.package_identification:_identify(/home/sarthak/precise_docking_ws/src/template_ros2) by extensions ['ignore', 'ignore_ament_install']
[0.448s] Level 1:colcon.colcon_core.package_identification:_identify(/home/sarthak/precise_docking_ws/src/template_ros2) by extension 'ignore'
[0.448s] Level 1:colcon.colcon_core.package_identification:_identify(/home/sarthak/precise_docking_ws/src/template_ros2) by extension 'ignore_ament_install'
[0.448s] Level 1:colcon.colcon_core.package_identification:_identify(/home/sarthak/precise_docking_ws/src/template_ros2) by extensions ['colcon_pkg']
[0.449s] Level 1:colcon.colcon_core.package_identification:_identify(/home/sarthak/precise_docking_ws/src/template_ros2) by extension 'colcon_pkg'
[0.449s] Level 1:colcon.colcon_core.package_identification:_identify(/home/sarthak/precise_docking_ws/src/template_ros2) by extensions ['colcon_meta']
[0.449s] Level 1:colcon.colcon_core.package_identification:_identify(/home/sarthak/precise_docking_ws/src/template_ros2) by extension 'colcon_meta'
[0.449s] Level 1:colcon.colcon_core.package_identification:_identify(/home/sarthak/precise_docking_ws/src/template_ros2) by extensions ['ros']
[0.449s] Level 1:colcon.colcon_core.package_identification:_identify(/home/sarthak/precise_docking_ws/src/template_ros2) by extension 'ros'
[0.450s] DEBUG:colcon.colcon_core.package_identification:Package '/home/sarthak/precise_docking_ws/src/template_ros2' with type 'ros.ament_python' and name 'template_ros2'
[0.450s] Level 1:colcon.colcon_core.package_discovery:discover_packages(recursive) using defaults
