[0.573s] Invoking command in '/home/sarthak/precise_docking_ws/build/teleop_cpp_ros2': CMAKE_PREFIX_PATH=${CMAKE_PREFIX_PATH}:/home/sarthak/precise_docking_ws/install/arcuo_marker_detection:/opt/ros/humble ROS_DOMAIN_ID=${ROS_DOMAIN_ID}7 /usr/bin/cmake --build /home/sarthak/precise_docking_ws/build/teleop_cpp_ros2 -- -j20 -l20
[0.850s] [ 50%] [32mBuilding CXX object CMakeFiles/teleop.dir/src/teleop_cpp_ros2.cpp.o[0m
[5.233s] [100%] [32m[1mLinking CXX executable teleop[0m
[5.448s] [100%] Built target teleop
[5.465s] Invoked command in '/home/sarthak/precise_docking_ws/build/teleop_cpp_ros2' returned '0': CMAKE_PREFIX_PATH=${CMAKE_PREFIX_PATH}:/home/sarthak/precise_docking_ws/install/arcuo_marker_detection:/opt/ros/humble ROS_DOMAIN_ID=227 /usr/bin/cmake --build /home/sarthak/precise_docking_ws/build/teleop_cpp_ros2 -- -j20 -l20
[5.495s] Invoking command in '/home/sarthak/precise_docking_ws/build/teleop_cpp_ros2': CMAKE_PREFIX_PATH=${CMAKE_PREFIX_PATH}:/home/sarthak/precise_docking_ws/install/arcuo_marker_detection:/opt/ros/humble ROS_DOMAIN_ID=227 /usr/bin/cmake --install /home/sarthak/precise_docking_ws/build/teleop_cpp_ros2
[5.504s] -- Install configuration: ""
[5.504s] -- Installing: /home/sarthak/precise_docking_ws/install/teleop_cpp_ros2/lib/teleop_cpp_ros2/teleop
[5.505s] -- Set runtime path of "/home/sarthak/precise_docking_ws/install/teleop_cpp_ros2/lib/teleop_cpp_ros2/teleop" to ""
[5.506s] -- Installing: /home/sarthak/precise_docking_ws/install/teleop_cpp_ros2/share/ament_index/resource_index/package_run_dependencies/teleop_cpp_ros2
[5.506s] -- Installing: /home/sarthak/precise_docking_ws/install/teleop_cpp_ros2/share/ament_index/resource_index/parent_prefix_path/teleop_cpp_ros2
[5.507s] -- Installing: /home/sarthak/precise_docking_ws/install/teleop_cpp_ros2/share/teleop_cpp_ros2/environment/ament_prefix_path.sh
[5.507s] -- Installing: /home/sarthak/precise_docking_ws/install/teleop_cpp_ros2/share/teleop_cpp_ros2/environment/ament_prefix_path.dsv
[5.507s] -- Installing: /home/sarthak/precise_docking_ws/install/teleop_cpp_ros2/share/teleop_cpp_ros2/environment/path.sh
[5.508s] -- Installing: /home/sarthak/precise_docking_ws/install/teleop_cpp_ros2/share/teleop_cpp_ros2/environment/path.dsv
[5.508s] -- Installing: /home/sarthak/precise_docking_ws/install/teleop_cpp_ros2/share/teleop_cpp_ros2/local_setup.bash
[5.509s] -- Installing: /home/sarthak/precise_docking_ws/install/teleop_cpp_ros2/share/teleop_cpp_ros2/local_setup.sh
[5.509s] -- Installing: /home/sarthak/precise_docking_ws/install/teleop_cpp_ros2/share/teleop_cpp_ros2/local_setup.zsh
[5.509s] -- Installing: /home/sarthak/precise_docking_ws/install/teleop_cpp_ros2/share/teleop_cpp_ros2/local_setup.dsv
[5.510s] -- Installing: /home/sarthak/precise_docking_ws/install/teleop_cpp_ros2/share/teleop_cpp_ros2/package.dsv
[5.510s] -- Installing: /home/sarthak/precise_docking_ws/install/teleop_cpp_ros2/share/ament_index/resource_index/packages/teleop_cpp_ros2
[5.511s] -- Installing: /home/sarthak/precise_docking_ws/install/teleop_cpp_ros2/share/teleop_cpp_ros2/cmake/teleop_cpp_ros2Config.cmake
[5.511s] -- Installing: /home/sarthak/precise_docking_ws/install/teleop_cpp_ros2/share/teleop_cpp_ros2/cmake/teleop_cpp_ros2Config-version.cmake
[5.511s] -- Installing: /home/sarthak/precise_docking_ws/install/teleop_cpp_ros2/share/teleop_cpp_ros2/package.xml
[5.516s] Invoked command in '/home/sarthak/precise_docking_ws/build/teleop_cpp_ros2' returned '0': CMAKE_PREFIX_PATH=${CMAKE_PREFIX_PATH}:/home/sarthak/precise_docking_ws/install/arcuo_marker_detection:/opt/ros/humble ROS_DOMAIN_ID=227 /usr/bin/cmake --install /home/sarthak/precise_docking_ws/build/teleop_cpp_ros2
