[1.078s] Invoking command in '/home/sarthak/precise_docking_ws/build/localization_node': CMAKE_PREFIX_PATH=${CMAKE_PREFIX_PATH}:/home/sarthak/precise_docking_ws/install/template_ros2:/home/sarthak/precise_docking_ws/install/reach_the_goal:/home/sarthak/precise_docking_ws/install/autonomous_exploration:/home/sarthak/precise_docking_ws/install/arcuo_marker_detection:/home/sarthak/precise_docking_ws/install/active_localization:/opt/ros/humble ROS_DOMAIN_ID=223 /usr/bin/cmake --build /home/sarthak/precise_docking_ws/build/localization_node -- -j20 -l20
[1.846s] [35m[1mConsolidate compiler generated dependencies of target active_docking[0m
[1.847s] [100%] Built target active_docking
[1.848s] Invoked command in '/home/sarthak/precise_docking_ws/build/localization_node' returned '0': CMAKE_PREFIX_PATH=${CMAKE_PREFIX_PATH}:/home/sarthak/precise_docking_ws/install/template_ros2:/home/sarthak/precise_docking_ws/install/reach_the_goal:/home/sarthak/precise_docking_ws/install/autonomous_exploration:/home/sarthak/precise_docking_ws/install/arcuo_marker_detection:/home/sarthak/precise_docking_ws/install/active_localization:/opt/ros/humble ROS_DOMAIN_ID=223 /usr/bin/cmake --build /home/sarthak/precise_docking_ws/build/localization_node -- -j20 -l20
[1.903s] Invoking command in '/home/sarthak/precise_docking_ws/build/localization_node': CMAKE_PREFIX_PATH=${CMAKE_PREFIX_PATH}:/home/sarthak/precise_docking_ws/install/template_ros2:/home/sarthak/precise_docking_ws/install/reach_the_goal:/home/sarthak/precise_docking_ws/install/autonomous_exploration:/home/sarthak/precise_docking_ws/install/arcuo_marker_detection:/home/sarthak/precise_docking_ws/install/active_localization:/opt/ros/humble ROS_DOMAIN_ID=223 /usr/bin/cmake --install /home/sarthak/precise_docking_ws/build/localization_node
[1.907s] -- Install configuration: ""
[1.907s] -- Execute custom install script
[1.907s] -- Up-to-date symlink: /home/sarthak/precise_docking_ws/install/localization_node/lib/localization_node/active_docking
[1.907s] -- Up-to-date symlink: /home/sarthak/precise_docking_ws/install/localization_node/share/ament_index/resource_index/package_run_dependencies/localization_node
[1.907s] -- Up-to-date symlink: /home/sarthak/precise_docking_ws/install/localization_node/share/ament_index/resource_index/parent_prefix_path/localization_node
[1.907s] -- Up-to-date symlink: /home/sarthak/precise_docking_ws/install/localization_node/share/localization_node/environment/ament_prefix_path.sh
[1.907s] -- Up-to-date symlink: /home/sarthak/precise_docking_ws/install/localization_node/share/localization_node/environment/ament_prefix_path.dsv
[1.908s] -- Up-to-date symlink: /home/sarthak/precise_docking_ws/install/localization_node/share/localization_node/environment/path.sh
[1.908s] -- Up-to-date symlink: /home/sarthak/precise_docking_ws/install/localization_node/share/localization_node/environment/path.dsv
[1.908s] -- Up-to-date symlink: /home/sarthak/precise_docking_ws/install/localization_node/share/localization_node/local_setup.bash
[1.908s] -- Up-to-date symlink: /home/sarthak/precise_docking_ws/install/localization_node/share/localization_node/local_setup.sh
[1.908s] -- Up-to-date symlink: /home/sarthak/precise_docking_ws/install/localization_node/share/localization_node/local_setup.zsh
[1.908s] -- Up-to-date symlink: /home/sarthak/precise_docking_ws/install/localization_node/share/localization_node/local_setup.dsv
[1.908s] -- Symlinking: /home/sarthak/precise_docking_ws/install/localization_node/share/localization_node/package.dsv
[1.918s] -- Up-to-date symlink: /home/sarthak/precise_docking_ws/install/localization_node/share/ament_index/resource_index/packages/localization_node
[1.918s] -- Up-to-date symlink: /home/sarthak/precise_docking_ws/install/localization_node/share/localization_node/cmake/localization_nodeConfig.cmake
[1.919s] -- Up-to-date symlink: /home/sarthak/precise_docking_ws/install/localization_node/share/localization_node/cmake/localization_nodeConfig-version.cmake
[1.919s] -- Up-to-date symlink: /home/sarthak/precise_docking_ws/install/localization_node/share/localization_node/package.xml
[1.957s] Invoked command in '/home/sarthak/precise_docking_ws/build/localization_node' returned '0': CMAKE_PREFIX_PATH=${CMAKE_PREFIX_PATH}:/home/sarthak/precise_docking_ws/install/template_ros2:/home/sarthak/precise_docking_ws/install/reach_the_goal:/home/sarthak/precise_docking_ws/install/autonomous_exploration:/home/sarthak/precise_docking_ws/install/arcuo_marker_detection:/home/sarthak/precise_docking_ws/install/active_localization:/opt/ros/humble ROS_DOMAIN_ID=223 /usr/bin/cmake --install /home/sarthak/precise_docking_ws/build/localization_node
