[1.810s] Invoking command in '/home/sarthak/precise_docking_ws/src/frontend': PYTHONPATH=/home/sarthak/precise_docking_ws/build/frontend/prefix_override:/home/sarthak/.local/lib/python3.10/site-packages/colcon_core/task/python/colcon_distutils_commands:/home/sarthak/precise_docking_ws/install/frontend/lib/python3.10/site-packages:${PYTHONPATH} ROS_DOMAIN_ID=51 /usr/bin/python3 -W ignore:setup.py install is deprecated setup.py egg_info --egg-base ../../build/frontend build --build-base /home/sarthak/precise_docking_ws/build/frontend/build install --record /home/sarthak/precise_docking_ws/build/frontend/install.log --single-version-externally-managed install_data
[2.126s] running egg_info
[2.127s] creating ../../build/frontend/frontend.egg-info
[2.127s] writing ../../build/frontend/frontend.egg-info/PKG-INFO
[2.128s] writing dependency_links to ../../build/frontend/frontend.egg-info/dependency_links.txt
[2.128s] writing entry points to ../../build/frontend/frontend.egg-info/entry_points.txt
[2.128s] writing requirements to ../../build/frontend/frontend.egg-info/requires.txt
[2.128s] writing top-level names to ../../build/frontend/frontend.egg-info/top_level.txt
[2.129s] writing manifest file '../../build/frontend/frontend.egg-info/SOURCES.txt'
[2.131s] reading manifest file '../../build/frontend/frontend.egg-info/SOURCES.txt'
[2.132s] writing manifest file '../../build/frontend/frontend.egg-info/SOURCES.txt'
[2.132s] running build
[2.132s] running build_py
[2.132s] creating /home/sarthak/precise_docking_ws/build/frontend/build
[2.132s] creating /home/sarthak/precise_docking_ws/build/frontend/build/lib
[2.132s] creating /home/sarthak/precise_docking_ws/build/frontend/build/lib/frontend
[2.132s] copying frontend/__init__.py -> /home/sarthak/precise_docking_ws/build/frontend/build/lib/frontend
[2.133s] running install
[2.133s] running install_lib
[2.134s] creating /home/sarthak/precise_docking_ws/install/frontend/lib/python3.10/site-packages/frontend
[2.134s] copying /home/sarthak/precise_docking_ws/build/frontend/build/lib/frontend/__init__.py -> /home/sarthak/precise_docking_ws/install/frontend/lib/python3.10/site-packages/frontend
[2.135s] byte-compiling /home/sarthak/precise_docking_ws/install/frontend/lib/python3.10/site-packages/frontend/__init__.py to __init__.cpython-310.pyc
[2.135s] running install_data
[2.135s] creating /home/sarthak/precise_docking_ws/install/frontend/share/ament_index
[2.135s] creating /home/sarthak/precise_docking_ws/install/frontend/share/ament_index/resource_index
[2.135s] creating /home/sarthak/precise_docking_ws/install/frontend/share/ament_index/resource_index/packages
[2.135s] copying resource/frontend -> /home/sarthak/precise_docking_ws/install/frontend/share/ament_index/resource_index/packages
[2.135s] copying package.xml -> /home/sarthak/precise_docking_ws/install/frontend/share/frontend
[2.135s] running install_egg_info
[2.138s] Copying ../../build/frontend/frontend.egg-info to /home/sarthak/precise_docking_ws/install/frontend/lib/python3.10/site-packages/frontend-0.0.0-py3.10.egg-info
[2.138s] running install_scripts
[2.165s] writing list of installed files to '/home/sarthak/precise_docking_ws/build/frontend/install.log'
[2.223s] Invoked command in '/home/sarthak/precise_docking_ws/src/frontend' returned '0': PYTHONPATH=/home/sarthak/precise_docking_ws/build/frontend/prefix_override:/home/sarthak/.local/lib/python3.10/site-packages/colcon_core/task/python/colcon_distutils_commands:/home/sarthak/precise_docking_ws/install/frontend/lib/python3.10/site-packages:${PYTHONPATH} ROS_DOMAIN_ID=51 /usr/bin/python3 -W ignore:setup.py install is deprecated setup.py egg_info --egg-base ../../build/frontend build --build-base /home/sarthak/precise_docking_ws/build/frontend/build install --record /home/sarthak/precise_docking_ws/build/frontend/install.log --single-version-externally-managed install_data
