[3.095s] Invoking command in '/home/sarthak/precise_docking_ws/build/reach_the_goal': PYTHONPATH=/home/sarthak/precise_docking_ws/build/reach_the_goal/prefix_override:/home/sarthak/.local/lib/python3.10/site-packages/colcon_core/task/python/colcon_distutils_commands:/home/sarthak/precise_docking_ws/install/reach_the_goal/lib/python3.10/site-packages:${PYTHONPATH} ROS_DOMAIN_ID=223 /usr/bin/python3 -W ignore:setup.py install is deprecated setup.py develop --editable --build-directory /home/sarthak/precise_docking_ws/build/reach_the_goal/build --no-deps symlink_data
[3.330s] /home/sarthak/.local/lib/python3.10/site-packages/setuptools/_distutils/dist.py:261: UserWarning: Unknown distribution option: 'tests_require'
[3.330s]   warnings.warn(msg)
[3.750s] running develop
[3.751s] /home/sarthak/.local/lib/python3.10/site-packages/setuptools/command/develop.py:41: EasyInstallDeprecationWarning: easy_install command is deprecated.
[3.751s] !!
[3.751s] 
[3.751s]         ********************************************************************************
[3.751s]         Please avoid running ``setup.py`` and ``easy_install``.
[3.751s]         Instead, use pypa/build, pypa/installer or other
[3.751s]         standards-based tools.
[3.751s] 
[3.751s]         See https://github.com/pypa/setuptools/issues/917 for details.
[3.751s]         ********************************************************************************
[3.751s] 
[3.751s] !!
[3.751s]   easy_install.initialize_options(self)
[4.108s] running egg_info
[4.108s] creating reach_the_goal.egg-info
[4.133s] writing reach_the_goal.egg-info/PKG-INFO
[4.135s] writing dependency_links to reach_the_goal.egg-info/dependency_links.txt
[4.135s] writing entry points to reach_the_goal.egg-info/entry_points.txt
[4.135s] writing requirements to reach_the_goal.egg-info/requires.txt
[4.135s] writing top-level names to reach_the_goal.egg-info/top_level.txt
[4.135s] writing manifest file 'reach_the_goal.egg-info/SOURCES.txt'
[6.825s] writing manifest file 'reach_the_goal.egg-info/SOURCES.txt'
[6.869s] running build_ext
[6.870s] Creating /home/sarthak/precise_docking_ws/install/reach_the_goal/lib/python3.10/site-packages/reach-the-goal.egg-link (link to .)
[6.870s] Installing reach_the_goal_node script to /home/sarthak/precise_docking_ws/install/reach_the_goal/lib/reach_the_goal
[6.870s] 
[6.871s] Installed /home/sarthak/precise_docking_ws/build/reach_the_goal
[6.875s] running symlink_data
[6.875s] creating /home/sarthak/precise_docking_ws/install/reach_the_goal/share/ament_index/resource_index/packages
[6.875s] symbolically linking /home/sarthak/precise_docking_ws/build/reach_the_goal/resource/reach_the_goal -> /home/sarthak/precise_docking_ws/install/reach_the_goal/share/ament_index/resource_index/packages
[6.875s] symbolically linking /home/sarthak/precise_docking_ws/build/reach_the_goal/package.xml -> /home/sarthak/precise_docking_ws/install/reach_the_goal/share/reach_the_goal
[7.094s] Invoked command in '/home/sarthak/precise_docking_ws/build/reach_the_goal' returned '0': PYTHONPATH=/home/sarthak/precise_docking_ws/build/reach_the_goal/prefix_override:/home/sarthak/.local/lib/python3.10/site-packages/colcon_core/task/python/colcon_distutils_commands:/home/sarthak/precise_docking_ws/install/reach_the_goal/lib/python3.10/site-packages:${PYTHONPATH} ROS_DOMAIN_ID=223 /usr/bin/python3 -W ignore:setup.py install is deprecated setup.py develop --editable --build-directory /home/sarthak/precise_docking_ws/build/reach_the_goal/build --no-deps symlink_data
