[0.676s] Invoking command in '/home/sarthak/precise_docking_ws/build/teleop_cpp_ros2': CMAKE_PREFIX_PATH=${CMAKE_PREFIX_PATH}:/home/sarthak/precise_docking_ws/install/template_ros2:/home/sarthak/precise_docking_ws/install/reach_the_goal:/home/sarthak/precise_docking_ws/install/arcuo_marker_detection:/opt/ros/humble ROS_DOMAIN_ID=10 /usr/bin/cmake --build /home/sarthak/precise_docking_ws/build/teleop_cpp_ros2 -- -j20 -l20
[0.967s] [35m[1mConsolidate compiler generated dependencies of target teleop[0m
[0.967s] [100%] Built target teleop
[0.972s] Invoked command in '/home/sarthak/precise_docking_ws/build/teleop_cpp_ros2' returned '0': CMAKE_PREFIX_PATH=${CMAKE_PREFIX_PATH}:/home/sarthak/precise_docking_ws/install/template_ros2:/home/sarthak/precise_docking_ws/install/reach_the_goal:/home/sarthak/precise_docking_ws/install/arcuo_marker_detection:/opt/ros/humble ROS_DOMAIN_ID=10 /usr/bin/cmake --build /home/sarthak/precise_docking_ws/build/teleop_cpp_ros2 -- -j20 -l20
[1.008s] Invoking command in '/home/sarthak/precise_docking_ws/build/teleop_cpp_ros2': CMAKE_PREFIX_PATH=${CMAKE_PREFIX_PATH}:/home/sarthak/precise_docking_ws/install/template_ros2:/home/sarthak/precise_docking_ws/install/reach_the_goal:/home/sarthak/precise_docking_ws/install/arcuo_marker_detection:/opt/ros/humble ROS_DOMAIN_ID=10 /usr/bin/cmake --install /home/sarthak/precise_docking_ws/build/teleop_cpp_ros2
[1.017s] -- Install configuration: ""
[1.017s] -- Up-to-date: /home/sarthak/precise_docking_ws/install/teleop_cpp_ros2/lib/teleop_cpp_ros2/teleop
[1.018s] -- Up-to-date: /home/sarthak/precise_docking_ws/install/teleop_cpp_ros2/share/ament_index/resource_index/package_run_dependencies/teleop_cpp_ros2
[1.018s] -- Up-to-date: /home/sarthak/precise_docking_ws/install/teleop_cpp_ros2/share/ament_index/resource_index/parent_prefix_path/teleop_cpp_ros2
[1.018s] -- Up-to-date: /home/sarthak/precise_docking_ws/install/teleop_cpp_ros2/share/teleop_cpp_ros2/environment/ament_prefix_path.sh
[1.018s] -- Up-to-date: /home/sarthak/precise_docking_ws/install/teleop_cpp_ros2/share/teleop_cpp_ros2/environment/ament_prefix_path.dsv
[1.018s] -- Up-to-date: /home/sarthak/precise_docking_ws/install/teleop_cpp_ros2/share/teleop_cpp_ros2/environment/path.sh
[1.018s] -- Up-to-date: /home/sarthak/precise_docking_ws/install/teleop_cpp_ros2/share/teleop_cpp_ros2/environment/path.dsv
[1.018s] -- Up-to-date: /home/sarthak/precise_docking_ws/install/teleop_cpp_ros2/share/teleop_cpp_ros2/local_setup.bash
[1.019s] -- Up-to-date: /home/sarthak/precise_docking_ws/install/teleop_cpp_ros2/share/teleop_cpp_ros2/local_setup.sh
[1.019s] -- Up-to-date: /home/sarthak/precise_docking_ws/install/teleop_cpp_ros2/share/teleop_cpp_ros2/local_setup.zsh
[1.019s] -- Up-to-date: /home/sarthak/precise_docking_ws/install/teleop_cpp_ros2/share/teleop_cpp_ros2/local_setup.dsv
[1.019s] -- Installing: /home/sarthak/precise_docking_ws/install/teleop_cpp_ros2/share/teleop_cpp_ros2/package.dsv
[1.019s] -- Up-to-date: /home/sarthak/precise_docking_ws/install/teleop_cpp_ros2/share/ament_index/resource_index/packages/teleop_cpp_ros2
[1.019s] -- Up-to-date: /home/sarthak/precise_docking_ws/install/teleop_cpp_ros2/share/teleop_cpp_ros2/cmake/teleop_cpp_ros2Config.cmake
[1.019s] -- Up-to-date: /home/sarthak/precise_docking_ws/install/teleop_cpp_ros2/share/teleop_cpp_ros2/cmake/teleop_cpp_ros2Config-version.cmake
[1.019s] -- Up-to-date: /home/sarthak/precise_docking_ws/install/teleop_cpp_ros2/share/teleop_cpp_ros2/package.xml
[1.020s] Invoked command in '/home/sarthak/precise_docking_ws/build/teleop_cpp_ros2' returned '0': CMAKE_PREFIX_PATH=${CMAKE_PREFIX_PATH}:/home/sarthak/precise_docking_ws/install/template_ros2:/home/sarthak/precise_docking_ws/install/reach_the_goal:/home/sarthak/precise_docking_ws/install/arcuo_marker_detection:/opt/ros/humble ROS_DOMAIN_ID=10 /usr/bin/cmake --install /home/sarthak/precise_docking_ws/build/teleop_cpp_ros2
