[1.507s] Invoking command in '/home/sarthak/precise_docking_ws/src/active_localization': PYTHONPATH=/home/sarthak/precise_docking_ws/build/active_localization/prefix_override:/home/sarthak/.local/lib/python3.10/site-packages/colcon_core/task/python/colcon_distutils_commands:/home/sarthak/precise_docking_ws/install/active_localization/lib/python3.10/site-packages:${PYTHONPATH} /usr/bin/python3 -W ignore:setup.py install is deprecated setup.py egg_info --egg-base ../../build/active_localization build --build-base /home/sarthak/precise_docking_ws/build/active_localization/build install --record /home/sarthak/precise_docking_ws/build/active_localization/install.log --single-version-externally-managed install_data
[1.786s] /home/sarthak/.local/lib/python3.10/site-packages/setuptools/_distutils/dist.py:261: UserWarning: Unknown distribution option: 'tests_require'
[1.786s]   warnings.warn(msg)
[1.972s] running egg_info
[1.996s] writing ../../build/active_localization/active_localization.egg-info/PKG-INFO
[1.997s] writing dependency_links to ../../build/active_localization/active_localization.egg-info/dependency_links.txt
[1.997s] writing entry points to ../../build/active_localization/active_localization.egg-info/entry_points.txt
[1.997s] writing requirements to ../../build/active_localization/active_localization.egg-info/requires.txt
[1.997s] writing top-level names to ../../build/active_localization/active_localization.egg-info/top_level.txt
[2.312s] writing manifest file '../../build/active_localization/active_localization.egg-info/SOURCES.txt'
[2.312s] running build
[2.312s] running build_py
[2.313s] copying active_localization/__init__.py -> /home/sarthak/precise_docking_ws/build/active_localization/build/lib/active_localization
[2.313s] copying active_localization/frontier_detection.py -> /home/sarthak/precise_docking_ws/build/active_localization/build/lib/active_localization
[2.314s] copying active_localization/path_to_goal.py -> /home/sarthak/precise_docking_ws/build/active_localization/build/lib/active_localization
[2.314s] copying active_localization/local_map_lidar.py -> /home/sarthak/precise_docking_ws/build/active_localization/build/lib/active_localization
[2.314s] copying active_localization/local_map.py -> /home/sarthak/precise_docking_ws/build/active_localization/build/lib/active_localization
[2.314s] copying active_localization/next_best_view.py -> /home/sarthak/precise_docking_ws/build/active_localization/build/lib/active_localization
[2.315s] running install
[2.325s] running install_lib
[2.360s] copying /home/sarthak/precise_docking_ws/build/active_localization/build/lib/active_localization/local_map_lidar.py -> /home/sarthak/precise_docking_ws/install/active_localization/lib/python3.10/site-packages/active_localization
[2.361s] byte-compiling /home/sarthak/precise_docking_ws/install/active_localization/lib/python3.10/site-packages/active_localization/local_map_lidar.py to local_map_lidar.cpython-310.pyc
[2.364s] running install_data
[2.364s] running install_egg_info
[2.388s] removing '/home/sarthak/precise_docking_ws/install/active_localization/lib/python3.10/site-packages/active_localization-0.0.0-py3.10.egg-info' (and everything under it)
[2.388s] Copying ../../build/active_localization/active_localization.egg-info to /home/sarthak/precise_docking_ws/install/active_localization/lib/python3.10/site-packages/active_localization-0.0.0-py3.10.egg-info
[2.389s] running install_scripts
[2.577s] Installing frontier_detection script to /home/sarthak/precise_docking_ws/install/active_localization/lib/active_localization
[2.577s] Installing local_map_lidar_node script to /home/sarthak/precise_docking_ws/install/active_localization/lib/active_localization
[2.577s] Installing local_map_node script to /home/sarthak/precise_docking_ws/install/active_localization/lib/active_localization
[2.577s] Installing localization script to /home/sarthak/precise_docking_ws/install/active_localization/lib/active_localization
[2.577s] Installing path_to_goal script to /home/sarthak/precise_docking_ws/install/active_localization/lib/active_localization
[2.578s] writing list of installed files to '/home/sarthak/precise_docking_ws/build/active_localization/install.log'
[2.665s] Invoked command in '/home/sarthak/precise_docking_ws/src/active_localization' returned '0': PYTHONPATH=/home/sarthak/precise_docking_ws/build/active_localization/prefix_override:/home/sarthak/.local/lib/python3.10/site-packages/colcon_core/task/python/colcon_distutils_commands:/home/sarthak/precise_docking_ws/install/active_localization/lib/python3.10/site-packages:${PYTHONPATH} /usr/bin/python3 -W ignore:setup.py install is deprecated setup.py egg_info --egg-base ../../build/active_localization build --build-base /home/sarthak/precise_docking_ws/build/active_localization/build install --record /home/sarthak/precise_docking_ws/build/active_localization/install.log --single-version-externally-managed install_data
