[1.438s] Invoking command in '/home/sarthak/precise_docking_ws/src/template_ros2': PYTHONPATH=/home/sarthak/precise_docking_ws/build/template_ros2/prefix_override:/home/sarthak/.local/lib/python3.10/site-packages/colcon_core/task/python/colcon_distutils_commands:/home/sarthak/precise_docking_ws/install/template_ros2/lib/python3.10/site-packages:${PYTHONPATH} /usr/bin/python3 -W ignore:setup.py install is deprecated setup.py egg_info --egg-base ../../build/template_ros2 build --build-base /home/sarthak/precise_docking_ws/build/template_ros2/build install --record /home/sarthak/precise_docking_ws/build/template_ros2/install.log --single-version-externally-managed install_data
[1.702s] running egg_info
[1.703s] writing ../../build/template_ros2/template_ros2.egg-info/PKG-INFO
[1.703s] writing dependency_links to ../../build/template_ros2/template_ros2.egg-info/dependency_links.txt
[1.704s] writing entry points to ../../build/template_ros2/template_ros2.egg-info/entry_points.txt
[1.704s] writing requirements to ../../build/template_ros2/template_ros2.egg-info/requires.txt
[1.704s] writing top-level names to ../../build/template_ros2/template_ros2.egg-info/top_level.txt
[1.707s] reading manifest file '../../build/template_ros2/template_ros2.egg-info/SOURCES.txt'
[1.709s] writing manifest file '../../build/template_ros2/template_ros2.egg-info/SOURCES.txt'
[1.709s] running build
[1.709s] running build_py
[1.710s] running install
[1.710s] running install_lib
[1.712s] running install_data
[1.713s] running install_egg_info
[1.714s] removing '/home/sarthak/precise_docking_ws/install/template_ros2/lib/python3.10/site-packages/template_ros2-0.0.0-py3.10.egg-info' (and everything under it)
[1.715s] Copying ../../build/template_ros2/template_ros2.egg-info to /home/sarthak/precise_docking_ws/install/template_ros2/lib/python3.10/site-packages/template_ros2-0.0.0-py3.10.egg-info
[1.715s] running install_scripts
[1.739s] writing list of installed files to '/home/sarthak/precise_docking_ws/build/template_ros2/install.log'
[1.807s] Invoked command in '/home/sarthak/precise_docking_ws/src/template_ros2' returned '0': PYTHONPATH=/home/sarthak/precise_docking_ws/build/template_ros2/prefix_override:/home/sarthak/.local/lib/python3.10/site-packages/colcon_core/task/python/colcon_distutils_commands:/home/sarthak/precise_docking_ws/install/template_ros2/lib/python3.10/site-packages:${PYTHONPATH} ROS_DOMAIN_ID=47 /usr/bin/python3 -W ignore:setup.py install is deprecated setup.py egg_info --egg-base ../../build/template_ros2 build --build-base /home/sarthak/precise_docking_ws/build/template_ros2/build install --record /home/sarthak/precise_docking_ws/build/template_ros2/install.log --single-version-externally-managed install_data
