[0.446s] DEBUG:colcon:Command line arguments: ['/home/sarthak/.local/bin/colcon', 'build']
[0.446s] DEBUG:colcon:Parsed command line arguments: Namespace(log_base=None, log_level=None, verb_name='build', build_base='build', install_base='install', merge_install=False, symlink_install=False, test_result_base=None, continue_on_error=False, executor='parallel', parallel_workers=20, event_handlers=None, ignore_user_meta=False, metas=['./colcon.meta'], base_paths=['.'], packages_ignore=None, packages_ignore_regex=None, paths=None, packages_up_to=None, packages_up_to_regex=None, packages_above=None, packages_above_and_dependencies=None, packages_above_depth=None, packages_select_by_dep=None, packages_skip_by_dep=None, packages_skip_up_to=None, packages_select_build_failed=False, packages_skip_build_finished=False, packages_select_test_failures=False, packages_skip_test_passed=False, packages_select=None, packages_skip=None, packages_select_regex=None, packages_skip_regex=None, packages_start=None, packages_end=None, allow_overriding=[], bazel_args=None, bazel_task=None, cmake_args=None, cmake_target=None, cmake_target_skip_unavailable=False, cmake_clean_cache=False, cmake_clean_first=False, cmake_force_configure=False, meson_args=[], ament_cmake_args=None, catkin_cmake_args=None, catkin_skip_building_tests=False, mixin_files=None, mixin=None, verb_parser=<colcon_alias.argument_parser.alias.AliasArgumentDecorator object at 0x70f6e51efe20>, verb_extension=<colcon_core.verb.build.BuildVerb object at 0x70f6e51eeef0>, main=<bound method BuildVerb.main of <colcon_core.verb.build.BuildVerb object at 0x70f6e51eeef0>>, mixin_verb=('build',))
[0.477s] Level 1:colcon.colcon_core.package_discovery:discover_packages(colcon_meta) check parameters
[0.477s] Level 1:colcon.colcon_core.package_discovery:discover_packages(recursive) check parameters
[0.477s] Level 1:colcon.colcon_core.package_discovery:discover_packages(ignore) check parameters
[0.478s] Level 1:colcon.colcon_core.package_discovery:discover_packages(path) check parameters
[0.478s] Level 1:colcon.colcon_core.package_discovery:discover_packages(colcon_meta) discover
[0.478s] Level 1:colcon.colcon_core.package_discovery:discover_packages(recursive) discover
[0.478s] INFO:colcon.colcon_core.package_discovery:Crawling recursively for packages in '/home/sarthak/precise_docking_ws'
[0.478s] Level 1:colcon.colcon_core.package_identification:_identify(.) by extensions ['ignore', 'ignore_ament_install']
[0.478s] Level 1:colcon.colcon_core.package_identification:_identify(.) by extension 'ignore'
[0.478s] Level 1:colcon.colcon_core.package_identification:_identify(.) by extension 'ignore_ament_install'
[0.478s] Level 1:colcon.colcon_core.package_identification:_identify(.) by extensions ['colcon_pkg']
[0.478s] Level 1:colcon.colcon_core.package_identification:_identify(.) by extension 'colcon_pkg'
[0.478s] Level 1:colcon.colcon_core.package_identification:_identify(.) by extensions ['colcon_meta']
[0.478s] Level 1:colcon.colcon_core.package_identification:_identify(.) by extension 'colcon_meta'
[0.478s] Level 1:colcon.colcon_core.package_identification:_identify(.) by extensions ['ros']
[0.478s] Level 1:colcon.colcon_core.package_identification:_identify(.) by extension 'ros'
[0.480s] Level 1:colcon.colcon_core.package_identification:_identify(.) by extensions ['bazel', 'cmake', 'meson', 'python']
[0.481s] Level 1:colcon.colcon_core.package_identification:_identify(.) by extension 'bazel'
[0.481s] Level 1:colcon.colcon_core.package_identification:_identify(.) by extension 'cmake'
[0.481s] Level 1:colcon.colcon_core.package_identification:_identify(.) by extension 'meson'
[0.481s] Level 1:colcon.colcon_core.package_identification:_identify(.) by extension 'python'
[0.481s] Level 1:colcon.colcon_core.package_identification:_identify(.) by extensions ['python_setup_py']
[0.481s] Level 1:colcon.colcon_core.package_identification:_identify(.) by extension 'python_setup_py'
[0.481s] Level 1:colcon.colcon_core.package_identification:_identify(build) by extensions ['ignore', 'ignore_ament_install']
[0.481s] Level 1:colcon.colcon_core.package_identification:_identify(build) by extension 'ignore'
[0.481s] Level 1:colcon.colcon_core.package_identification:_identify(build) ignored
[0.481s] Level 1:colcon.colcon_core.package_identification:_identify(install) by extensions ['ignore', 'ignore_ament_install']
[0.481s] Level 1:colcon.colcon_core.package_identification:_identify(install) by extension 'ignore'
[0.481s] Level 1:colcon.colcon_core.package_identification:_identify(install) ignored
[0.481s] Level 1:colcon.colcon_core.package_identification:_identify(log) by extensions ['ignore', 'ignore_ament_install']
[0.482s] Level 1:colcon.colcon_core.package_identification:_identify(log) by extension 'ignore'
[0.482s] Level 1:colcon.colcon_core.package_identification:_identify(log) ignored
[0.482s] Level 1:colcon.colcon_core.package_identification:_identify(plots) by extensions ['ignore', 'ignore_ament_install']
[0.482s] Level 1:colcon.colcon_core.package_identification:_identify(plots) by extension 'ignore'
[0.482s] Level 1:colcon.colcon_core.package_identification:_identify(plots) by extension 'ignore_ament_install'
[0.482s] Level 1:colcon.colcon_core.package_identification:_identify(plots) by extensions ['colcon_pkg']
[0.482s] Level 1:colcon.colcon_core.package_identification:_identify(plots) by extension 'colcon_pkg'
[0.482s] Level 1:colcon.colcon_core.package_identification:_identify(plots) by extensions ['colcon_meta']
[0.482s] Level 1:colcon.colcon_core.package_identification:_identify(plots) by extension 'colcon_meta'
[0.482s] Level 1:colcon.colcon_core.package_identification:_identify(plots) by extensions ['ros']
[0.482s] Level 1:colcon.colcon_core.package_identification:_identify(plots) by extension 'ros'
[0.482s] Level 1:colcon.colcon_core.package_identification:_identify(plots) by extensions ['bazel', 'cmake', 'meson', 'python']
[0.482s] Level 1:colcon.colcon_core.package_identification:_identify(plots) by extension 'bazel'
[0.482s] Level 1:colcon.colcon_core.package_identification:_identify(plots) by extension 'cmake'
[0.482s] Level 1:colcon.colcon_core.package_identification:_identify(plots) by extension 'meson'
[0.482s] Level 1:colcon.colcon_core.package_identification:_identify(plots) by extension 'python'
[0.482s] Level 1:colcon.colcon_core.package_identification:_identify(plots) by extensions ['python_setup_py']
[0.482s] Level 1:colcon.colcon_core.package_identification:_identify(plots) by extension 'python_setup_py'
[0.482s] Level 1:colcon.colcon_core.package_identification:_identify(src) by extensions ['ignore', 'ignore_ament_install']
[0.482s] Level 1:colcon.colcon_core.package_identification:_identify(src) by extension 'ignore'
[0.482s] Level 1:colcon.colcon_core.package_identification:_identify(src) by extension 'ignore_ament_install'
[0.482s] Level 1:colcon.colcon_core.package_identification:_identify(src) by extensions ['colcon_pkg']
[0.482s] Level 1:colcon.colcon_core.package_identification:_identify(src) by extension 'colcon_pkg'
[0.482s] Level 1:colcon.colcon_core.package_identification:_identify(src) by extensions ['colcon_meta']
[0.482s] Level 1:colcon.colcon_core.package_identification:_identify(src) by extension 'colcon_meta'
[0.482s] Level 1:colcon.colcon_core.package_identification:_identify(src) by extensions ['ros']
[0.482s] Level 1:colcon.colcon_core.package_identification:_identify(src) by extension 'ros'
[0.483s] Level 1:colcon.colcon_core.package_identification:_identify(src) by extensions ['bazel', 'cmake', 'meson', 'python']
[0.483s] Level 1:colcon.colcon_core.package_identification:_identify(src) by extension 'bazel'
[0.483s] Level 1:colcon.colcon_core.package_identification:_identify(src) by extension 'cmake'
[0.483s] Level 1:colcon.colcon_core.package_identification:_identify(src) by extension 'meson'
[0.483s] Level 1:colcon.colcon_core.package_identification:_identify(src) by extension 'python'
[0.483s] Level 1:colcon.colcon_core.package_identification:_identify(src) by extensions ['python_setup_py']
[0.483s] Level 1:colcon.colcon_core.package_identification:_identify(src) by extension 'python_setup_py'
[0.483s] Level 1:colcon.colcon_core.package_identification:_identify(src/arcuo_marker_detection) by extensions ['ignore', 'ignore_ament_install']
[0.483s] Level 1:colcon.colcon_core.package_identification:_identify(src/arcuo_marker_detection) by extension 'ignore'
[0.483s] Level 1:colcon.colcon_core.package_identification:_identify(src/arcuo_marker_detection) by extension 'ignore_ament_install'
[0.483s] Level 1:colcon.colcon_core.package_identification:_identify(src/arcuo_marker_detection) by extensions ['colcon_pkg']
[0.483s] Level 1:colcon.colcon_core.package_identification:_identify(src/arcuo_marker_detection) by extension 'colcon_pkg'
[0.483s] Level 1:colcon.colcon_core.package_identification:_identify(src/arcuo_marker_detection) by extensions ['colcon_meta']
[0.483s] Level 1:colcon.colcon_core.package_identification:_identify(src/arcuo_marker_detection) by extension 'colcon_meta'
[0.483s] Level 1:colcon.colcon_core.package_identification:_identify(src/arcuo_marker_detection) by extensions ['ros']
[0.483s] Level 1:colcon.colcon_core.package_identification:_identify(src/arcuo_marker_detection) by extension 'ros'
[0.485s] DEBUG:colcon.colcon_core.package_identification:Package 'src/arcuo_marker_detection' with type 'ros.ament_python' and name 'arcuo_marker_detection'
[0.486s] Level 1:colcon.colcon_core.package_identification:_identify(src/docking_bringup) by extensions ['ignore', 'ignore_ament_install']
[0.486s] Level 1:colcon.colcon_core.package_identification:_identify(src/docking_bringup) by extension 'ignore'
[0.486s] Level 1:colcon.colcon_core.package_identification:_identify(src/docking_bringup) by extension 'ignore_ament_install'
[0.486s] Level 1:colcon.colcon_core.package_identification:_identify(src/docking_bringup) by extensions ['colcon_pkg']
[0.486s] Level 1:colcon.colcon_core.package_identification:_identify(src/docking_bringup) by extension 'colcon_pkg'
[0.486s] Level 1:colcon.colcon_core.package_identification:_identify(src/docking_bringup) by extensions ['colcon_meta']
[0.486s] Level 1:colcon.colcon_core.package_identification:_identify(src/docking_bringup) by extension 'colcon_meta'
[0.486s] Level 1:colcon.colcon_core.package_identification:_identify(src/docking_bringup) by extensions ['ros']
[0.486s] Level 1:colcon.colcon_core.package_identification:_identify(src/docking_bringup) by extension 'ros'
[0.486s] DEBUG:colcon.colcon_core.package_identification:Package 'src/docking_bringup' with type 'ros.ament_cmake' and name 'docking_bringup'
[0.486s] Level 1:colcon.colcon_core.package_identification:_identify(src/frontend) by extensions ['ignore', 'ignore_ament_install']
[0.486s] Level 1:colcon.colcon_core.package_identification:_identify(src/frontend) by extension 'ignore'
[0.487s] Level 1:colcon.colcon_core.package_identification:_identify(src/frontend) by extension 'ignore_ament_install'
[0.487s] Level 1:colcon.colcon_core.package_identification:_identify(src/frontend) by extensions ['colcon_pkg']
[0.487s] Level 1:colcon.colcon_core.package_identification:_identify(src/frontend) by extension 'colcon_pkg'
[0.487s] Level 1:colcon.colcon_core.package_identification:_identify(src/frontend) by extensions ['colcon_meta']
[0.487s] Level 1:colcon.colcon_core.package_identification:_identify(src/frontend) by extension 'colcon_meta'
[0.487s] Level 1:colcon.colcon_core.package_identification:_identify(src/frontend) by extensions ['ros']
[0.487s] Level 1:colcon.colcon_core.package_identification:_identify(src/frontend) by extension 'ros'
[0.487s] DEBUG:colcon.colcon_core.package_identification:Package 'src/frontend' with type 'ros.ament_cmake' and name 'frontend'
[0.487s] Level 1:colcon.colcon_core.package_identification:_identify(src/reach_the_goal) by extensions ['ignore', 'ignore_ament_install']
[0.487s] Level 1:colcon.colcon_core.package_identification:_identify(src/reach_the_goal) by extension 'ignore'
[0.487s] Level 1:colcon.colcon_core.package_identification:_identify(src/reach_the_goal) by extension 'ignore_ament_install'
[0.488s] Level 1:colcon.colcon_core.package_identification:_identify(src/reach_the_goal) by extensions ['colcon_pkg']
[0.488s] Level 1:colcon.colcon_core.package_identification:_identify(src/reach_the_goal) by extension 'colcon_pkg'
[0.488s] Level 1:colcon.colcon_core.package_identification:_identify(src/reach_the_goal) by extensions ['colcon_meta']
[0.488s] Level 1:colcon.colcon_core.package_identification:_identify(src/reach_the_goal) by extension 'colcon_meta'
[0.488s] Level 1:colcon.colcon_core.package_identification:_identify(src/reach_the_goal) by extensions ['ros']
[0.488s] Level 1:colcon.colcon_core.package_identification:_identify(src/reach_the_goal) by extension 'ros'
[0.488s] DEBUG:colcon.colcon_core.package_identification:Package 'src/reach_the_goal' with type 'ros.ament_python' and name 'reach_the_goal'
[0.488s] Level 1:colcon.colcon_core.package_identification:_identify(src/teleop_cpp_ros2) by extensions ['ignore', 'ignore_ament_install']
[0.488s] Level 1:colcon.colcon_core.package_identification:_identify(src/teleop_cpp_ros2) by extension 'ignore'
[0.488s] Level 1:colcon.colcon_core.package_identification:_identify(src/teleop_cpp_ros2) by extension 'ignore_ament_install'
[0.488s] Level 1:colcon.colcon_core.package_identification:_identify(src/teleop_cpp_ros2) by extensions ['colcon_pkg']
[0.488s] Level 1:colcon.colcon_core.package_identification:_identify(src/teleop_cpp_ros2) by extension 'colcon_pkg'
[0.488s] Level 1:colcon.colcon_core.package_identification:_identify(src/teleop_cpp_ros2) by extensions ['colcon_meta']
[0.488s] Level 1:colcon.colcon_core.package_identification:_identify(src/teleop_cpp_ros2) by extension 'colcon_meta'
[0.488s] Level 1:colcon.colcon_core.package_identification:_identify(src/teleop_cpp_ros2) by extensions ['ros']
[0.488s] Level 1:colcon.colcon_core.package_identification:_identify(src/teleop_cpp_ros2) by extension 'ros'
[0.489s] DEBUG:colcon.colcon_core.package_identification:Package 'src/teleop_cpp_ros2' with type 'ros.ament_cmake' and name 'teleop_cpp_ros2'
[0.489s] Level 1:colcon.colcon_core.package_identification:_identify(src/template_ros2) by extensions ['ignore', 'ignore_ament_install']
[0.489s] Level 1:colcon.colcon_core.package_identification:_identify(src/template_ros2) by extension 'ignore'
[0.489s] Level 1:colcon.colcon_core.package_identification:_identify(src/template_ros2) by extension 'ignore_ament_install'
[0.489s] Level 1:colcon.colcon_core.package_identification:_identify(src/template_ros2) by extensions ['colcon_pkg']
[0.489s] Level 1:colcon.colcon_core.package_identification:_identify(src/template_ros2) by extension 'colcon_pkg'
[0.489s] Level 1:colcon.colcon_core.package_identification:_identify(src/template_ros2) by extensions ['colcon_meta']
[0.489s] Level 1:colcon.colcon_core.package_identification:_identify(src/template_ros2) by extension 'colcon_meta'
[0.489s] Level 1:colcon.colcon_core.package_identification:_identify(src/template_ros2) by extensions ['ros']
[0.489s] Level 1:colcon.colcon_core.package_identification:_identify(src/template_ros2) by extension 'ros'
[0.489s] DEBUG:colcon.colcon_core.package_identification:Package 'src/template_ros2' with type 'ros.ament_python' and name 'template_ros2'
[0.489s] Level 1:colcon.colcon_core.package_discovery:discover_packages(recursive) using defaults
[0.489s] Level 1:colcon.colcon_core.package_discovery:discover_packages(ignore) discover
[0.489s] Level 1:colcon.colcon_core.package_discovery:discover_packages(ignore) using defaults
[0.489s] Level 1:colcon.colcon_core.package_discovery:discover_packages(path) discover
[0.489s] Level 1:colcon.colcon_core.package_discovery:discover_packages(path) using defaults
[0.506s] Level 1:colcon.colcon_core.package_discovery:discover_packages(prefix_path) check parameters
[0.506s] Level 1:colcon.colcon_core.package_discovery:discover_packages(prefix_path) discover
[0.508s] DEBUG:colcon.colcon_installed_package_information.package_discovery:Found 9 installed packages in /home/sarthak/precise_docking_ws/install
[0.509s] DEBUG:colcon.colcon_installed_package_information.package_discovery:Found 295 installed packages in /opt/ros/humble
[0.510s] Level 1:colcon.colcon_core.package_discovery:discover_packages(prefix_path) using defaults
[0.543s] Level 5:colcon.colcon_core.verb:set package 'arcuo_marker_detection' build argument 'bazel_args' from command line to 'None'
[0.543s] Level 5:colcon.colcon_core.verb:set package 'arcuo_marker_detection' build argument 'bazel_task' from command line to 'None'
[0.544s] Level 5:colcon.colcon_core.verb:set package 'arcuo_marker_detection' build argument 'cmake_args' from command line to 'None'
[0.544s] Level 5:colcon.colcon_core.verb:set package 'arcuo_marker_detection' build argument 'cmake_target' from command line to 'None'
[0.544s] Level 5:colcon.colcon_core.verb:set package 'arcuo_marker_detection' build argument 'cmake_target_skip_unavailable' from command line to 'False'
[0.544s] Level 5:colcon.colcon_core.verb:set package 'arcuo_marker_detection' build argument 'cmake_clean_cache' from command line to 'False'
[0.544s] Level 5:colcon.colcon_core.verb:set package 'arcuo_marker_detection' build argument 'cmake_clean_first' from command line to 'False'
[0.544s] Level 5:colcon.colcon_core.verb:set package 'arcuo_marker_detection' build argument 'cmake_force_configure' from command line to 'False'
[0.544s] Level 5:colcon.colcon_core.verb:set package 'arcuo_marker_detection' build argument 'meson_args' from command line to '[]'
[0.544s] Level 5:colcon.colcon_core.verb:set package 'arcuo_marker_detection' build argument 'ament_cmake_args' from command line to 'None'
[0.544s] Level 5:colcon.colcon_core.verb:set package 'arcuo_marker_detection' build argument 'catkin_cmake_args' from command line to 'None'
[0.544s] Level 5:colcon.colcon_core.verb:set package 'arcuo_marker_detection' build argument 'catkin_skip_building_tests' from command line to 'False'
[0.544s] DEBUG:colcon.colcon_core.verb:Building package 'arcuo_marker_detection' with the following arguments: {'ament_cmake_args': None, 'bazel_args': None, 'bazel_task': None, 'build_base': '/home/sarthak/precise_docking_ws/build/arcuo_marker_detection', 'catkin_cmake_args': None, 'catkin_skip_building_tests': False, 'cmake_args': None, 'cmake_clean_cache': False, 'cmake_clean_first': False, 'cmake_force_configure': False, 'cmake_target': None, 'cmake_target_skip_unavailable': False, 'install_base': '/home/sarthak/precise_docking_ws/install/arcuo_marker_detection', 'merge_install': False, 'meson_args': [], 'path': '/home/sarthak/precise_docking_ws/src/arcuo_marker_detection', 'symlink_install': False, 'test_result_base': None}
[0.553s] Level 5:colcon.colcon_core.verb:set package 'frontend' build argument 'bazel_args' from command line to 'None'
[0.553s] Level 5:colcon.colcon_core.verb:set package 'frontend' build argument 'bazel_task' from command line to 'None'
[0.553s] Level 5:colcon.colcon_core.verb:set package 'frontend' build argument 'cmake_args' from command line to 'None'
[0.553s] Level 5:colcon.colcon_core.verb:set package 'frontend' build argument 'cmake_target' from command line to 'None'
[0.554s] Level 5:colcon.colcon_core.verb:set package 'frontend' build argument 'cmake_target_skip_unavailable' from command line to 'False'
[0.554s] Level 5:colcon.colcon_core.verb:set package 'frontend' build argument 'cmake_clean_cache' from command line to 'False'
[0.554s] Level 5:colcon.colcon_core.verb:set package 'frontend' build argument 'cmake_clean_first' from command line to 'False'
[0.554s] Level 5:colcon.colcon_core.verb:set package 'frontend' build argument 'cmake_force_configure' from command line to 'False'
[0.554s] Level 5:colcon.colcon_core.verb:set package 'frontend' build argument 'meson_args' from command line to '[]'
[0.554s] Level 5:colcon.colcon_core.verb:set package 'frontend' build argument 'ament_cmake_args' from command line to 'None'
[0.554s] Level 5:colcon.colcon_core.verb:set package 'frontend' build argument 'catkin_cmake_args' from command line to 'None'
[0.554s] Level 5:colcon.colcon_core.verb:set package 'frontend' build argument 'catkin_skip_building_tests' from command line to 'False'
[0.554s] DEBUG:colcon.colcon_core.verb:Building package 'frontend' with the following arguments: {'ament_cmake_args': None, 'bazel_args': None, 'bazel_task': None, 'build_base': '/home/sarthak/precise_docking_ws/build/frontend', 'catkin_cmake_args': None, 'catkin_skip_building_tests': False, 'cmake_args': None, 'cmake_clean_cache': False, 'cmake_clean_first': False, 'cmake_force_configure': False, 'cmake_target': None, 'cmake_target_skip_unavailable': False, 'install_base': '/home/sarthak/precise_docking_ws/install/frontend', 'merge_install': False, 'meson_args': [], 'path': '/home/sarthak/precise_docking_ws/src/frontend', 'symlink_install': False, 'test_result_base': None}
[0.563s] Level 5:colcon.colcon_core.verb:set package 'reach_the_goal' build argument 'bazel_args' from command line to 'None'
[0.563s] Level 5:colcon.colcon_core.verb:set package 'reach_the_goal' build argument 'bazel_task' from command line to 'None'
[0.563s] Level 5:colcon.colcon_core.verb:set package 'reach_the_goal' build argument 'cmake_args' from command line to 'None'
[0.563s] Level 5:colcon.colcon_core.verb:set package 'reach_the_goal' build argument 'cmake_target' from command line to 'None'
[0.563s] Level 5:colcon.colcon_core.verb:set package 'reach_the_goal' build argument 'cmake_target_skip_unavailable' from command line to 'False'
[0.563s] Level 5:colcon.colcon_core.verb:set package 'reach_the_goal' build argument 'cmake_clean_cache' from command line to 'False'
[0.563s] Level 5:colcon.colcon_core.verb:set package 'reach_the_goal' build argument 'cmake_clean_first' from command line to 'False'
[0.563s] Level 5:colcon.colcon_core.verb:set package 'reach_the_goal' build argument 'cmake_force_configure' from command line to 'False'
[0.563s] Level 5:colcon.colcon_core.verb:set package 'reach_the_goal' build argument 'meson_args' from command line to '[]'
[0.563s] Level 5:colcon.colcon_core.verb:set package 'reach_the_goal' build argument 'ament_cmake_args' from command line to 'None'
[0.563s] Level 5:colcon.colcon_core.verb:set package 'reach_the_goal' build argument 'catkin_cmake_args' from command line to 'None'
[0.563s] Level 5:colcon.colcon_core.verb:set package 'reach_the_goal' build argument 'catkin_skip_building_tests' from command line to 'False'
[0.563s] DEBUG:colcon.colcon_core.verb:Building package 'reach_the_goal' with the following arguments: {'ament_cmake_args': None, 'bazel_args': None, 'bazel_task': None, 'build_base': '/home/sarthak/precise_docking_ws/build/reach_the_goal', 'catkin_cmake_args': None, 'catkin_skip_building_tests': False, 'cmake_args': None, 'cmake_clean_cache': False, 'cmake_clean_first': False, 'cmake_force_configure': False, 'cmake_target': None, 'cmake_target_skip_unavailable': False, 'install_base': '/home/sarthak/precise_docking_ws/install/reach_the_goal', 'merge_install': False, 'meson_args': [], 'path': '/home/sarthak/precise_docking_ws/src/reach_the_goal', 'symlink_install': False, 'test_result_base': None}
[0.575s] Level 5:colcon.colcon_core.verb:set package 'teleop_cpp_ros2' build argument 'bazel_args' from command line to 'None'
[0.575s] Level 5:colcon.colcon_core.verb:set package 'teleop_cpp_ros2' build argument 'bazel_task' from command line to 'None'
[0.576s] Level 5:colcon.colcon_core.verb:set package 'teleop_cpp_ros2' build argument 'cmake_args' from command line to 'None'
[0.576s] Level 5:colcon.colcon_core.verb:set package 'teleop_cpp_ros2' build argument 'cmake_target' from command line to 'None'
[0.576s] Level 5:colcon.colcon_core.verb:set package 'teleop_cpp_ros2' build argument 'cmake_target_skip_unavailable' from command line to 'False'
[0.576s] Level 5:colcon.colcon_core.verb:set package 'teleop_cpp_ros2' build argument 'cmake_clean_cache' from command line to 'False'
[0.576s] Level 5:colcon.colcon_core.verb:set package 'teleop_cpp_ros2' build argument 'cmake_clean_first' from command line to 'False'
[0.576s] Level 5:colcon.colcon_core.verb:set package 'teleop_cpp_ros2' build argument 'cmake_force_configure' from command line to 'False'
[0.576s] Level 5:colcon.colcon_core.verb:set package 'teleop_cpp_ros2' build argument 'meson_args' from command line to '[]'
[0.576s] Level 5:colcon.colcon_core.verb:set package 'teleop_cpp_ros2' build argument 'ament_cmake_args' from command line to 'None'
[0.576s] Level 5:colcon.colcon_core.verb:set package 'teleop_cpp_ros2' build argument 'catkin_cmake_args' from command line to 'None'
[0.576s] Level 5:colcon.colcon_core.verb:set package 'teleop_cpp_ros2' build argument 'catkin_skip_building_tests' from command line to 'False'
[0.576s] DEBUG:colcon.colcon_core.verb:Building package 'teleop_cpp_ros2' with the following arguments: {'ament_cmake_args': None, 'bazel_args': None, 'bazel_task': None, 'build_base': '/home/sarthak/precise_docking_ws/build/teleop_cpp_ros2', 'catkin_cmake_args': None, 'catkin_skip_building_tests': False, 'cmake_args': None, 'cmake_clean_cache': False, 'cmake_clean_first': False, 'cmake_force_configure': False, 'cmake_target': None, 'cmake_target_skip_unavailable': False, 'install_base': '/home/sarthak/precise_docking_ws/install/teleop_cpp_ros2', 'merge_install': False, 'meson_args': [], 'path': '/home/sarthak/precise_docking_ws/src/teleop_cpp_ros2', 'symlink_install': False, 'test_result_base': None}
[0.585s] Level 5:colcon.colcon_core.verb:set package 'template_ros2' build argument 'bazel_args' from command line to 'None'
[0.585s] Level 5:colcon.colcon_core.verb:set package 'template_ros2' build argument 'bazel_task' from command line to 'None'
[0.585s] Level 5:colcon.colcon_core.verb:set package 'template_ros2' build argument 'cmake_args' from command line to 'None'
[0.585s] Level 5:colcon.colcon_core.verb:set package 'template_ros2' build argument 'cmake_target' from command line to 'None'
[0.585s] Level 5:colcon.colcon_core.verb:set package 'template_ros2' build argument 'cmake_target_skip_unavailable' from command line to 'False'
[0.585s] Level 5:colcon.colcon_core.verb:set package 'template_ros2' build argument 'cmake_clean_cache' from command line to 'False'
[0.585s] Level 5:colcon.colcon_core.verb:set package 'template_ros2' build argument 'cmake_clean_first' from command line to 'False'
[0.585s] Level 5:colcon.colcon_core.verb:set package 'template_ros2' build argument 'cmake_force_configure' from command line to 'False'
[0.585s] Level 5:colcon.colcon_core.verb:set package 'template_ros2' build argument 'meson_args' from command line to '[]'
[0.585s] Level 5:colcon.colcon_core.verb:set package 'template_ros2' build argument 'ament_cmake_args' from command line to 'None'
[0.585s] Level 5:colcon.colcon_core.verb:set package 'template_ros2' build argument 'catkin_cmake_args' from command line to 'None'
[0.585s] Level 5:colcon.colcon_core.verb:set package 'template_ros2' build argument 'catkin_skip_building_tests' from command line to 'False'
[0.585s] DEBUG:colcon.colcon_core.verb:Building package 'template_ros2' with the following arguments: {'ament_cmake_args': None, 'bazel_args': None, 'bazel_task': None, 'build_base': '/home/sarthak/precise_docking_ws/build/template_ros2', 'catkin_cmake_args': None, 'catkin_skip_building_tests': False, 'cmake_args': None, 'cmake_clean_cache': False, 'cmake_clean_first': False, 'cmake_force_configure': False, 'cmake_target': None, 'cmake_target_skip_unavailable': False, 'install_base': '/home/sarthak/precise_docking_ws/install/template_ros2', 'merge_install': False, 'meson_args': [], 'path': '/home/sarthak/precise_docking_ws/src/template_ros2', 'symlink_install': False, 'test_result_base': None}
[0.593s] Level 5:colcon.colcon_core.verb:set package 'docking_bringup' build argument 'bazel_args' from command line to 'None'
[0.593s] Level 5:colcon.colcon_core.verb:set package 'docking_bringup' build argument 'bazel_task' from command line to 'None'
[0.593s] Level 5:colcon.colcon_core.verb:set package 'docking_bringup' build argument 'cmake_args' from command line to 'None'
[0.593s] Level 5:colcon.colcon_core.verb:set package 'docking_bringup' build argument 'cmake_target' from command line to 'None'
[0.593s] Level 5:colcon.colcon_core.verb:set package 'docking_bringup' build argument 'cmake_target_skip_unavailable' from command line to 'False'
[0.593s] Level 5:colcon.colcon_core.verb:set package 'docking_bringup' build argument 'cmake_clean_cache' from command line to 'False'
[0.593s] Level 5:colcon.colcon_core.verb:set package 'docking_bringup' build argument 'cmake_clean_first' from command line to 'False'
[0.593s] Level 5:colcon.colcon_core.verb:set package 'docking_bringup' build argument 'cmake_force_configure' from command line to 'False'
[0.593s] Level 5:colcon.colcon_core.verb:set package 'docking_bringup' build argument 'meson_args' from command line to '[]'
[0.593s] Level 5:colcon.colcon_core.verb:set package 'docking_bringup' build argument 'ament_cmake_args' from command line to 'None'
[0.593s] Level 5:colcon.colcon_core.verb:set package 'docking_bringup' build argument 'catkin_cmake_args' from command line to 'None'
[0.593s] Level 5:colcon.colcon_core.verb:set package 'docking_bringup' build argument 'catkin_skip_building_tests' from command line to 'False'
[0.593s] DEBUG:colcon.colcon_core.verb:Building package 'docking_bringup' with the following arguments: {'ament_cmake_args': None, 'bazel_args': None, 'bazel_task': None, 'build_base': '/home/sarthak/precise_docking_ws/build/docking_bringup', 'catkin_cmake_args': None, 'catkin_skip_building_tests': False, 'cmake_args': None, 'cmake_clean_cache': False, 'cmake_clean_first': False, 'cmake_force_configure': False, 'cmake_target': None, 'cmake_target_skip_unavailable': False, 'install_base': '/home/sarthak/precise_docking_ws/install/docking_bringup', 'merge_install': False, 'meson_args': [], 'path': '/home/sarthak/precise_docking_ws/src/docking_bringup', 'symlink_install': False, 'test_result_base': None}
[0.593s] INFO:colcon.colcon_core.executor:Executing jobs using 'parallel' executor
[0.594s] DEBUG:colcon.colcon_parallel_executor.executor.parallel:run_until_complete
[0.594s] INFO:colcon.colcon_ros.task.ament_python.build:Building ROS package in '/home/sarthak/precise_docking_ws/src/arcuo_marker_detection' with build type 'ament_python'
[0.595s] Level 1:colcon.colcon_core.shell:create_environment_hook('arcuo_marker_detection', 'ament_prefix_path')
[0.597s] INFO:colcon.colcon_core.plugin_system:Skipping extension 'colcon_core.shell.bat': Not used on non-Windows systems
[0.598s] INFO:colcon.colcon_core.shell:Creating environment hook '/home/sarthak/precise_docking_ws/install/arcuo_marker_detection/share/arcuo_marker_detection/hook/ament_prefix_path.ps1'
[0.598s] INFO:colcon.colcon_core.shell:Creating environment descriptor '/home/sarthak/precise_docking_ws/install/arcuo_marker_detection/share/arcuo_marker_detection/hook/ament_prefix_path.dsv'
[0.599s] INFO:colcon.colcon_core.shell:Creating environment hook '/home/sarthak/precise_docking_ws/install/arcuo_marker_detection/share/arcuo_marker_detection/hook/ament_prefix_path.sh'
[0.600s] DEBUG:colcon.colcon_ros_domain_id_coordinator.shell.ros_domain_id:Allocated ROS_DOMAIN_ID=30 for '/home/sarthak/precise_docking_ws/build/arcuo_marker_detection'
[0.600s] INFO:colcon.colcon_core.shell:Skip shell extension 'ros_domain_id' for command environment: 
[0.600s] INFO:colcon.colcon_core.shell:Skip shell extension 'powershell' for command environment: Not usable outside of PowerShell
[0.600s] DEBUG:colcon.colcon_core.shell:Skip shell extension 'dsv' for command environment
[0.604s] INFO:colcon.colcon_ros.task.ament_cmake.build:Building ROS package in '/home/sarthak/precise_docking_ws/src/frontend' with build type 'ament_cmake'
[0.604s] INFO:colcon.colcon_cmake.task.cmake.build:Building CMake package in '/home/sarthak/precise_docking_ws/src/frontend'
[0.604s] DEBUG:colcon.colcon_ros_domain_id_coordinator.shell.ros_domain_id:Allocated ROS_DOMAIN_ID=8 for '/home/sarthak/precise_docking_ws/build/frontend'
[0.604s] INFO:colcon.colcon_core.shell:Skip shell extension 'ros_domain_id' for command environment: 
[0.605s] INFO:colcon.colcon_core.shell:Skip shell extension 'powershell' for command environment: Not usable outside of PowerShell
[0.605s] DEBUG:colcon.colcon_core.shell:Skip shell extension 'dsv' for command environment
[0.609s] INFO:colcon.colcon_ros.task.ament_python.build:Building ROS package in '/home/sarthak/precise_docking_ws/src/reach_the_goal' with build type 'ament_python'
[0.609s] Level 1:colcon.colcon_core.shell:create_environment_hook('reach_the_goal', 'ament_prefix_path')
[0.609s] INFO:colcon.colcon_core.shell:Creating environment hook '/home/sarthak/precise_docking_ws/install/reach_the_goal/share/reach_the_goal/hook/ament_prefix_path.ps1'
[0.610s] INFO:colcon.colcon_core.shell:Creating environment descriptor '/home/sarthak/precise_docking_ws/install/reach_the_goal/share/reach_the_goal/hook/ament_prefix_path.dsv'
[0.610s] INFO:colcon.colcon_core.shell:Creating environment hook '/home/sarthak/precise_docking_ws/install/reach_the_goal/share/reach_the_goal/hook/ament_prefix_path.sh'
[0.611s] DEBUG:colcon.colcon_ros_domain_id_coordinator.shell.ros_domain_id:Allocated ROS_DOMAIN_ID=22 for '/home/sarthak/precise_docking_ws/build/reach_the_goal'
[0.611s] INFO:colcon.colcon_core.shell:Skip shell extension 'ros_domain_id' for command environment: 
[0.611s] INFO:colcon.colcon_core.shell:Skip shell extension 'powershell' for command environment: Not usable outside of PowerShell
[0.611s] DEBUG:colcon.colcon_core.shell:Skip shell extension 'dsv' for command environment
[0.614s] INFO:colcon.colcon_ros.task.ament_cmake.build:Building ROS package in '/home/sarthak/precise_docking_ws/src/teleop_cpp_ros2' with build type 'ament_cmake'
[0.614s] INFO:colcon.colcon_cmake.task.cmake.build:Building CMake package in '/home/sarthak/precise_docking_ws/src/teleop_cpp_ros2'
[0.614s] DEBUG:colcon.colcon_ros_domain_id_coordinator.shell.ros_domain_id:Allocated ROS_DOMAIN_ID=60 for '/home/sarthak/precise_docking_ws/build/teleop_cpp_ros2'
[0.615s] INFO:colcon.colcon_core.shell:Skip shell extension 'ros_domain_id' for command environment: 
[0.615s] INFO:colcon.colcon_core.shell:Skip shell extension 'powershell' for command environment: Not usable outside of PowerShell
[0.615s] DEBUG:colcon.colcon_core.shell:Skip shell extension 'dsv' for command environment
[0.624s] INFO:colcon.colcon_ros.task.ament_python.build:Building ROS package in '/home/sarthak/precise_docking_ws/src/template_ros2' with build type 'ament_python'
[0.624s] Level 1:colcon.colcon_core.shell:create_environment_hook('template_ros2', 'ament_prefix_path')
[0.625s] INFO:colcon.colcon_core.shell:Creating environment hook '/home/sarthak/precise_docking_ws/install/template_ros2/share/template_ros2/hook/ament_prefix_path.ps1'
[0.627s] INFO:colcon.colcon_core.shell:Creating environment descriptor '/home/sarthak/precise_docking_ws/install/template_ros2/share/template_ros2/hook/ament_prefix_path.dsv'
[0.628s] INFO:colcon.colcon_core.shell:Creating environment hook '/home/sarthak/precise_docking_ws/install/template_ros2/share/template_ros2/hook/ament_prefix_path.sh'
[0.630s] DEBUG:colcon.colcon_ros_domain_id_coordinator.shell.ros_domain_id:Allocated ROS_DOMAIN_ID=43 for '/home/sarthak/precise_docking_ws/build/template_ros2'
[0.630s] INFO:colcon.colcon_core.shell:Skip shell extension 'ros_domain_id' for command environment: 
[0.630s] INFO:colcon.colcon_core.shell:Skip shell extension 'powershell' for command environment: Not usable outside of PowerShell
[0.631s] DEBUG:colcon.colcon_core.shell:Skip shell extension 'dsv' for command environment
[0.885s] INFO:colcon.colcon_core.task.python.build:Building Python package in '/home/sarthak/precise_docking_ws/src/arcuo_marker_detection'
[0.885s] DEBUG:colcon.colcon_ros_domain_id_coordinator.shell.ros_domain_id:Allocated ROS_DOMAIN_ID=30 for '/home/sarthak/precise_docking_ws/build/arcuo_marker_detection'
[0.885s] INFO:colcon.colcon_core.shell:Skip shell extension 'ros_domain_id' for command environment: 
[0.885s] INFO:colcon.colcon_core.shell:Skip shell extension 'powershell' for command environment: Not usable outside of PowerShell
[0.885s] DEBUG:colcon.colcon_core.shell:Skip shell extension 'dsv' for command environment
[0.894s] DEBUG:colcon.colcon_core.event_handler.log_command:Invoking command in '/home/sarthak/precise_docking_ws/build/frontend': CMAKE_PREFIX_PATH=${CMAKE_PREFIX_PATH}:/home/sarthak/precise_docking_ws/install/template_ros2:/home/sarthak/precise_docking_ws/install/reach_the_goal:/home/sarthak/precise_docking_ws/install/arcuo_marker_detection:/opt/ros/humble ROS_DOMAIN_ID=8 /usr/bin/cmake --build /home/sarthak/precise_docking_ws/build/frontend -- -j20 -l20
[1.143s] INFO:colcon.colcon_core.task.python.build:Building Python package in '/home/sarthak/precise_docking_ws/src/reach_the_goal'
[1.144s] DEBUG:colcon.colcon_ros_domain_id_coordinator.shell.ros_domain_id:Allocated ROS_DOMAIN_ID=22 for '/home/sarthak/precise_docking_ws/build/reach_the_goal'
[1.144s] INFO:colcon.colcon_core.shell:Skip shell extension 'ros_domain_id' for command environment: 
[1.144s] INFO:colcon.colcon_core.shell:Skip shell extension 'powershell' for command environment: Not usable outside of PowerShell
[1.144s] DEBUG:colcon.colcon_core.shell:Skip shell extension 'dsv' for command environment
[1.154s] DEBUG:colcon.colcon_core.event_handler.log_command:Invoking command in '/home/sarthak/precise_docking_ws/build/teleop_cpp_ros2': CMAKE_PREFIX_PATH=${CMAKE_PREFIX_PATH}:/home/sarthak/precise_docking_ws/install/template_ros2:/home/sarthak/precise_docking_ws/install/reach_the_goal:/home/sarthak/precise_docking_ws/install/arcuo_marker_detection:/opt/ros/humble ROS_DOMAIN_ID=60 /usr/bin/cmake --build /home/sarthak/precise_docking_ws/build/teleop_cpp_ros2 -- -j20 -l20
[1.400s] INFO:colcon.colcon_core.task.python.build:Building Python package in '/home/sarthak/precise_docking_ws/src/template_ros2'
[1.401s] DEBUG:colcon.colcon_ros_domain_id_coordinator.shell.ros_domain_id:Allocated ROS_DOMAIN_ID=43 for '/home/sarthak/precise_docking_ws/build/template_ros2'
[1.401s] INFO:colcon.colcon_core.shell:Skip shell extension 'ros_domain_id' for command environment: 
[1.402s] INFO:colcon.colcon_core.shell:Skip shell extension 'powershell' for command environment: Not usable outside of PowerShell
[1.402s] DEBUG:colcon.colcon_core.shell:Skip shell extension 'dsv' for command environment
[1.415s] DEBUG:colcon.colcon_core.event_handler.log_command:Invoked command in '/home/sarthak/precise_docking_ws/build/teleop_cpp_ros2' returned '0': CMAKE_PREFIX_PATH=${CMAKE_PREFIX_PATH}:/home/sarthak/precise_docking_ws/install/template_ros2:/home/sarthak/precise_docking_ws/install/reach_the_goal:/home/sarthak/precise_docking_ws/install/arcuo_marker_detection:/opt/ros/humble ROS_DOMAIN_ID=60 /usr/bin/cmake --build /home/sarthak/precise_docking_ws/build/teleop_cpp_ros2 -- -j20 -l20
[1.477s] DEBUG:colcon.colcon_core.event_handler.log_command:Invoking command in '/home/sarthak/precise_docking_ws/build/teleop_cpp_ros2': CMAKE_PREFIX_PATH=${CMAKE_PREFIX_PATH}:/home/sarthak/precise_docking_ws/install/template_ros2:/home/sarthak/precise_docking_ws/install/reach_the_goal:/home/sarthak/precise_docking_ws/install/arcuo_marker_detection:/opt/ros/humble ROS_DOMAIN_ID=60 /usr/bin/cmake --install /home/sarthak/precise_docking_ws/build/teleop_cpp_ros2
[1.489s] Level 1:colcon.colcon_core.environment:create_environment_scripts_only(teleop_cpp_ros2)
[1.490s] DEBUG:colcon.colcon_core.event_handler.log_command:Invoked command in '/home/sarthak/precise_docking_ws/build/teleop_cpp_ros2' returned '0': CMAKE_PREFIX_PATH=${CMAKE_PREFIX_PATH}:/home/sarthak/precise_docking_ws/install/template_ros2:/home/sarthak/precise_docking_ws/install/reach_the_goal:/home/sarthak/precise_docking_ws/install/arcuo_marker_detection:/opt/ros/humble ROS_DOMAIN_ID=60 /usr/bin/cmake --install /home/sarthak/precise_docking_ws/build/teleop_cpp_ros2
[1.493s] Level 1:colcon.colcon_core.environment:checking '/home/sarthak/precise_docking_ws/install/teleop_cpp_ros2' for CMake module files
[1.494s] Level 1:colcon.colcon_core.environment:checking '/home/sarthak/precise_docking_ws/install/teleop_cpp_ros2' for CMake config files
[1.494s] Level 1:colcon.colcon_core.shell:create_environment_hook('teleop_cpp_ros2', 'cmake_prefix_path')
[1.494s] INFO:colcon.colcon_core.shell:Creating environment hook '/home/sarthak/precise_docking_ws/install/teleop_cpp_ros2/share/teleop_cpp_ros2/hook/cmake_prefix_path.ps1'
[1.495s] INFO:colcon.colcon_core.shell:Creating environment descriptor '/home/sarthak/precise_docking_ws/install/teleop_cpp_ros2/share/teleop_cpp_ros2/hook/cmake_prefix_path.dsv'
[1.495s] INFO:colcon.colcon_core.shell:Creating environment hook '/home/sarthak/precise_docking_ws/install/teleop_cpp_ros2/share/teleop_cpp_ros2/hook/cmake_prefix_path.sh'
[1.496s] Level 1:colcon.colcon_core.environment:checking '/home/sarthak/precise_docking_ws/install/teleop_cpp_ros2/lib'
[1.496s] Level 1:colcon.colcon_core.environment:checking '/home/sarthak/precise_docking_ws/install/teleop_cpp_ros2/bin'
[1.497s] Level 1:colcon.colcon_core.environment:checking '/home/sarthak/precise_docking_ws/install/teleop_cpp_ros2/lib/pkgconfig/teleop_cpp_ros2.pc'
[1.497s] Level 1:colcon.colcon_core.environment:checking '/home/sarthak/precise_docking_ws/install/teleop_cpp_ros2/lib/python3.10/site-packages'
[1.497s] Level 1:colcon.colcon_core.environment:checking '/home/sarthak/precise_docking_ws/install/teleop_cpp_ros2/bin'
[1.497s] INFO:colcon.colcon_core.shell:Creating package script '/home/sarthak/precise_docking_ws/install/teleop_cpp_ros2/share/teleop_cpp_ros2/package.ps1'
[1.498s] INFO:colcon.colcon_core.shell:Creating package descriptor '/home/sarthak/precise_docking_ws/install/teleop_cpp_ros2/share/teleop_cpp_ros2/package.dsv'
[1.499s] INFO:colcon.colcon_core.shell:Creating package script '/home/sarthak/precise_docking_ws/install/teleop_cpp_ros2/share/teleop_cpp_ros2/package.sh'
[1.500s] INFO:colcon.colcon_core.shell:Creating package script '/home/sarthak/precise_docking_ws/install/teleop_cpp_ros2/share/teleop_cpp_ros2/package.bash'
[1.501s] INFO:colcon.colcon_core.shell:Creating package script '/home/sarthak/precise_docking_ws/install/teleop_cpp_ros2/share/teleop_cpp_ros2/package.zsh'
[1.501s] Level 1:colcon.colcon_core.environment:create_file_with_runtime_dependencies(/home/sarthak/precise_docking_ws/install/teleop_cpp_ros2/share/colcon-core/packages/teleop_cpp_ros2)
[1.528s] Level 1:colcon.colcon_core.environment:create_environment_scripts_only(teleop_cpp_ros2)
[1.529s] Level 1:colcon.colcon_core.environment:checking '/home/sarthak/precise_docking_ws/install/teleop_cpp_ros2' for CMake module files
[1.529s] Level 1:colcon.colcon_core.environment:checking '/home/sarthak/precise_docking_ws/install/teleop_cpp_ros2' for CMake config files
[1.529s] Level 1:colcon.colcon_core.shell:create_environment_hook('teleop_cpp_ros2', 'cmake_prefix_path')
[1.529s] INFO:colcon.colcon_core.shell:Creating environment hook '/home/sarthak/precise_docking_ws/install/teleop_cpp_ros2/share/teleop_cpp_ros2/hook/cmake_prefix_path.ps1'
[1.530s] INFO:colcon.colcon_core.shell:Creating environment descriptor '/home/sarthak/precise_docking_ws/install/teleop_cpp_ros2/share/teleop_cpp_ros2/hook/cmake_prefix_path.dsv'
[1.530s] INFO:colcon.colcon_core.shell:Creating environment hook '/home/sarthak/precise_docking_ws/install/teleop_cpp_ros2/share/teleop_cpp_ros2/hook/cmake_prefix_path.sh'
[1.531s] Level 1:colcon.colcon_core.environment:checking '/home/sarthak/precise_docking_ws/install/teleop_cpp_ros2/lib'
[1.531s] Level 1:colcon.colcon_core.environment:checking '/home/sarthak/precise_docking_ws/install/teleop_cpp_ros2/bin'
[1.531s] Level 1:colcon.colcon_core.environment:checking '/home/sarthak/precise_docking_ws/install/teleop_cpp_ros2/lib/pkgconfig/teleop_cpp_ros2.pc'
[1.531s] Level 1:colcon.colcon_core.environment:checking '/home/sarthak/precise_docking_ws/install/teleop_cpp_ros2/lib/python3.10/site-packages'
[1.531s] Level 1:colcon.colcon_core.environment:checking '/home/sarthak/precise_docking_ws/install/teleop_cpp_ros2/bin'
[1.531s] INFO:colcon.colcon_core.shell:Creating package script '/home/sarthak/precise_docking_ws/install/teleop_cpp_ros2/share/teleop_cpp_ros2/package.ps1'
[1.532s] INFO:colcon.colcon_core.shell:Creating package descriptor '/home/sarthak/precise_docking_ws/install/teleop_cpp_ros2/share/teleop_cpp_ros2/package.dsv'
[1.532s] INFO:colcon.colcon_core.shell:Creating package script '/home/sarthak/precise_docking_ws/install/teleop_cpp_ros2/share/teleop_cpp_ros2/package.sh'
[1.533s] INFO:colcon.colcon_core.shell:Creating package script '/home/sarthak/precise_docking_ws/install/teleop_cpp_ros2/share/teleop_cpp_ros2/package.bash'
[1.533s] INFO:colcon.colcon_core.shell:Creating package script '/home/sarthak/precise_docking_ws/install/teleop_cpp_ros2/share/teleop_cpp_ros2/package.zsh'
[1.533s] Level 1:colcon.colcon_core.environment:create_file_with_runtime_dependencies(/home/sarthak/precise_docking_ws/install/teleop_cpp_ros2/share/colcon-core/packages/teleop_cpp_ros2)
[1.533s] DEBUG:colcon.colcon_ros_domain_id_coordinator.shell.ros_domain_id:Released ROS_DOMAIN_ID=60 for '/home/sarthak/precise_docking_ws/build/teleop_cpp_ros2'
[1.931s] DEBUG:colcon.colcon_core.event_handler.log_command:Invoking command in '/home/sarthak/precise_docking_ws/src/arcuo_marker_detection': PYTHONPATH=/home/sarthak/precise_docking_ws/build/arcuo_marker_detection/prefix_override:/home/sarthak/.local/lib/python3.10/site-packages/colcon_core/task/python/colcon_distutils_commands:/home/sarthak/precise_docking_ws/install/arcuo_marker_detection/lib/python3.10/site-packages:${PYTHONPATH} ROS_DOMAIN_ID=30 /usr/bin/python3 -W ignore:setup.py install is deprecated setup.py egg_info --egg-base ../../build/arcuo_marker_detection build --build-base /home/sarthak/precise_docking_ws/build/arcuo_marker_detection/build install --record /home/sarthak/precise_docking_ws/build/arcuo_marker_detection/install.log --single-version-externally-managed install_data
[1.968s] DEBUG:colcon.colcon_core.event_handler.log_command:Invoking command in '/home/sarthak/precise_docking_ws/src/reach_the_goal': PYTHONPATH=/home/sarthak/precise_docking_ws/build/reach_the_goal/prefix_override:/home/sarthak/.local/lib/python3.10/site-packages/colcon_core/task/python/colcon_distutils_commands:/home/sarthak/precise_docking_ws/install/reach_the_goal/lib/python3.10/site-packages:${PYTHONPATH} ROS_DOMAIN_ID=22 /usr/bin/python3 -W ignore:setup.py install is deprecated setup.py egg_info --egg-base ../../build/reach_the_goal build --build-base /home/sarthak/precise_docking_ws/build/reach_the_goal/build install --record /home/sarthak/precise_docking_ws/build/reach_the_goal/install.log --single-version-externally-managed install_data
[1.985s] DEBUG:colcon.colcon_core.event_handler.log_command:Invoking command in '/home/sarthak/precise_docking_ws/src/template_ros2': PYTHONPATH=/home/sarthak/precise_docking_ws/build/template_ros2/prefix_override:/home/sarthak/.local/lib/python3.10/site-packages/colcon_core/task/python/colcon_distutils_commands:/home/sarthak/precise_docking_ws/install/template_ros2/lib/python3.10/site-packages:${PYTHONPATH} /usr/bin/python3 -W ignore:setup.py install is deprecated setup.py egg_info --egg-base ../../build/template_ros2 build --build-base /home/sarthak/precise_docking_ws/build/template_ros2/build install --record /home/sarthak/precise_docking_ws/build/template_ros2/install.log --single-version-externally-managed install_data
[2.357s] DEBUG:colcon.colcon_core.event_handler.log_command:Invoked command in '/home/sarthak/precise_docking_ws/build/frontend' returned '0': CMAKE_PREFIX_PATH=${CMAKE_PREFIX_PATH}:/home/sarthak/precise_docking_ws/install/template_ros2:/home/sarthak/precise_docking_ws/install/reach_the_goal:/home/sarthak/precise_docking_ws/install/arcuo_marker_detection:/opt/ros/humble ROS_DOMAIN_ID=8 /usr/bin/cmake --build /home/sarthak/precise_docking_ws/build/frontend -- -j20 -l20
[2.391s] DEBUG:colcon.colcon_core.event_handler.log_command:Invoking command in '/home/sarthak/precise_docking_ws/build/frontend': CMAKE_PREFIX_PATH=${CMAKE_PREFIX_PATH}:/home/sarthak/precise_docking_ws/install/template_ros2:/home/sarthak/precise_docking_ws/install/reach_the_goal:/home/sarthak/precise_docking_ws/install/arcuo_marker_detection:/opt/ros/humble ROS_DOMAIN_ID=8 /usr/bin/cmake --install /home/sarthak/precise_docking_ws/build/frontend
[2.443s] Level 1:colcon.colcon_core.environment:create_environment_scripts_only(frontend)
[2.444s] Level 1:colcon.colcon_core.environment:checking '/home/sarthak/precise_docking_ws/install/frontend' for CMake module files
[2.444s] DEBUG:colcon.colcon_core.event_handler.log_command:Invoked command in '/home/sarthak/precise_docking_ws/build/frontend' returned '0': CMAKE_PREFIX_PATH=${CMAKE_PREFIX_PATH}:/home/sarthak/precise_docking_ws/install/template_ros2:/home/sarthak/precise_docking_ws/install/reach_the_goal:/home/sarthak/precise_docking_ws/install/arcuo_marker_detection:/opt/ros/humble ROS_DOMAIN_ID=8 /usr/bin/cmake --install /home/sarthak/precise_docking_ws/build/frontend
[2.444s] Level 1:colcon.colcon_core.environment:checking '/home/sarthak/precise_docking_ws/install/frontend' for CMake config files
[2.444s] Level 1:colcon.colcon_core.shell:create_environment_hook('frontend', 'cmake_prefix_path')
[2.445s] INFO:colcon.colcon_core.shell:Creating environment hook '/home/sarthak/precise_docking_ws/install/frontend/share/frontend/hook/cmake_prefix_path.ps1'
[2.445s] INFO:colcon.colcon_core.shell:Creating environment descriptor '/home/sarthak/precise_docking_ws/install/frontend/share/frontend/hook/cmake_prefix_path.dsv'
[2.445s] INFO:colcon.colcon_core.shell:Creating environment hook '/home/sarthak/precise_docking_ws/install/frontend/share/frontend/hook/cmake_prefix_path.sh'
[2.446s] Level 1:colcon.colcon_core.environment:checking '/home/sarthak/precise_docking_ws/install/frontend/lib'
[2.446s] Level 1:colcon.colcon_core.environment:checking '/home/sarthak/precise_docking_ws/install/frontend/bin'
[2.446s] Level 1:colcon.colcon_core.environment:checking '/home/sarthak/precise_docking_ws/install/frontend/lib/pkgconfig/frontend.pc'
[2.446s] Level 1:colcon.colcon_core.environment:checking '/home/sarthak/precise_docking_ws/install/frontend/lib/python3.10/site-packages'
[2.446s] Level 1:colcon.colcon_core.shell:create_environment_hook('frontend', 'pythonpath')
[2.447s] INFO:colcon.colcon_core.shell:Creating environment hook '/home/sarthak/precise_docking_ws/install/frontend/share/frontend/hook/pythonpath.ps1'
[2.447s] INFO:colcon.colcon_core.shell:Creating environment descriptor '/home/sarthak/precise_docking_ws/install/frontend/share/frontend/hook/pythonpath.dsv'
[2.447s] INFO:colcon.colcon_core.shell:Creating environment hook '/home/sarthak/precise_docking_ws/install/frontend/share/frontend/hook/pythonpath.sh'
[2.448s] Level 1:colcon.colcon_core.environment:checking '/home/sarthak/precise_docking_ws/install/frontend/bin'
[2.448s] INFO:colcon.colcon_core.shell:Creating package script '/home/sarthak/precise_docking_ws/install/frontend/share/frontend/package.ps1'
[2.449s] INFO:colcon.colcon_core.shell:Creating package descriptor '/home/sarthak/precise_docking_ws/install/frontend/share/frontend/package.dsv'
[2.449s] INFO:colcon.colcon_core.shell:Creating package script '/home/sarthak/precise_docking_ws/install/frontend/share/frontend/package.sh'
[2.449s] INFO:colcon.colcon_core.shell:Creating package script '/home/sarthak/precise_docking_ws/install/frontend/share/frontend/package.bash'
[2.450s] INFO:colcon.colcon_core.shell:Creating package script '/home/sarthak/precise_docking_ws/install/frontend/share/frontend/package.zsh'
[2.450s] Level 1:colcon.colcon_core.environment:create_file_with_runtime_dependencies(/home/sarthak/precise_docking_ws/install/frontend/share/colcon-core/packages/frontend)
[2.482s] Level 1:colcon.colcon_core.environment:create_environment_scripts_only(frontend)
[2.483s] Level 1:colcon.colcon_core.environment:checking '/home/sarthak/precise_docking_ws/install/frontend' for CMake module files
[2.483s] Level 1:colcon.colcon_core.environment:checking '/home/sarthak/precise_docking_ws/install/frontend' for CMake config files
[2.483s] Level 1:colcon.colcon_core.shell:create_environment_hook('frontend', 'cmake_prefix_path')
[2.483s] INFO:colcon.colcon_core.shell:Creating environment hook '/home/sarthak/precise_docking_ws/install/frontend/share/frontend/hook/cmake_prefix_path.ps1'
[2.484s] INFO:colcon.colcon_core.shell:Creating environment descriptor '/home/sarthak/precise_docking_ws/install/frontend/share/frontend/hook/cmake_prefix_path.dsv'
[2.485s] INFO:colcon.colcon_core.shell:Creating environment hook '/home/sarthak/precise_docking_ws/install/frontend/share/frontend/hook/cmake_prefix_path.sh'
[2.486s] Level 1:colcon.colcon_core.environment:checking '/home/sarthak/precise_docking_ws/install/frontend/lib'
[2.486s] Level 1:colcon.colcon_core.environment:checking '/home/sarthak/precise_docking_ws/install/frontend/bin'
[2.486s] Level 1:colcon.colcon_core.environment:checking '/home/sarthak/precise_docking_ws/install/frontend/lib/pkgconfig/frontend.pc'
[2.486s] Level 1:colcon.colcon_core.environment:checking '/home/sarthak/precise_docking_ws/install/frontend/lib/python3.10/site-packages'
[2.486s] Level 1:colcon.colcon_core.shell:create_environment_hook('frontend', 'pythonpath')
[2.486s] INFO:colcon.colcon_core.shell:Creating environment hook '/home/sarthak/precise_docking_ws/install/frontend/share/frontend/hook/pythonpath.ps1'
[2.486s] INFO:colcon.colcon_core.shell:Creating environment descriptor '/home/sarthak/precise_docking_ws/install/frontend/share/frontend/hook/pythonpath.dsv'
[2.487s] INFO:colcon.colcon_core.shell:Creating environment hook '/home/sarthak/precise_docking_ws/install/frontend/share/frontend/hook/pythonpath.sh'
[2.487s] Level 1:colcon.colcon_core.environment:checking '/home/sarthak/precise_docking_ws/install/frontend/bin'
[2.487s] INFO:colcon.colcon_core.shell:Creating package script '/home/sarthak/precise_docking_ws/install/frontend/share/frontend/package.ps1'
[2.488s] INFO:colcon.colcon_core.shell:Creating package descriptor '/home/sarthak/precise_docking_ws/install/frontend/share/frontend/package.dsv'
[2.489s] INFO:colcon.colcon_core.shell:Creating package script '/home/sarthak/precise_docking_ws/install/frontend/share/frontend/package.sh'
[2.489s] INFO:colcon.colcon_core.shell:Creating package script '/home/sarthak/precise_docking_ws/install/frontend/share/frontend/package.bash'
[2.489s] INFO:colcon.colcon_core.shell:Creating package script '/home/sarthak/precise_docking_ws/install/frontend/share/frontend/package.zsh'
[2.489s] Level 1:colcon.colcon_core.environment:create_file_with_runtime_dependencies(/home/sarthak/precise_docking_ws/install/frontend/share/colcon-core/packages/frontend)
[2.490s] DEBUG:colcon.colcon_ros_domain_id_coordinator.shell.ros_domain_id:Released ROS_DOMAIN_ID=8 for '/home/sarthak/precise_docking_ws/build/frontend'
[3.258s] Level 1:colcon.colcon_core.environment:checking '/home/sarthak/precise_docking_ws/install/arcuo_marker_detection' for CMake module files
[3.259s] DEBUG:colcon.colcon_core.event_handler.log_command:Invoked command in '/home/sarthak/precise_docking_ws/src/arcuo_marker_detection' returned '0': PYTHONPATH=/home/sarthak/precise_docking_ws/build/arcuo_marker_detection/prefix_override:/home/sarthak/.local/lib/python3.10/site-packages/colcon_core/task/python/colcon_distutils_commands:/home/sarthak/precise_docking_ws/install/arcuo_marker_detection/lib/python3.10/site-packages:${PYTHONPATH} ROS_DOMAIN_ID=30 /usr/bin/python3 -W ignore:setup.py install is deprecated setup.py egg_info --egg-base ../../build/arcuo_marker_detection build --build-base /home/sarthak/precise_docking_ws/build/arcuo_marker_detection/build install --record /home/sarthak/precise_docking_ws/build/arcuo_marker_detection/install.log --single-version-externally-managed install_data
[3.259s] Level 1:colcon.colcon_core.environment:checking '/home/sarthak/precise_docking_ws/install/arcuo_marker_detection' for CMake config files
[3.260s] Level 1:colcon.colcon_core.environment:checking '/home/sarthak/precise_docking_ws/install/arcuo_marker_detection/lib'
[3.260s] Level 1:colcon.colcon_core.environment:checking '/home/sarthak/precise_docking_ws/install/arcuo_marker_detection/bin'
[3.260s] Level 1:colcon.colcon_core.environment:checking '/home/sarthak/precise_docking_ws/install/arcuo_marker_detection/lib/pkgconfig/arcuo_marker_detection.pc'
[3.260s] Level 1:colcon.colcon_core.environment:checking '/home/sarthak/precise_docking_ws/install/arcuo_marker_detection/lib/python3.10/site-packages'
[3.261s] Level 1:colcon.colcon_core.shell:create_environment_hook('arcuo_marker_detection', 'pythonpath')
[3.261s] INFO:colcon.colcon_core.shell:Creating environment hook '/home/sarthak/precise_docking_ws/install/arcuo_marker_detection/share/arcuo_marker_detection/hook/pythonpath.ps1'
[3.262s] INFO:colcon.colcon_core.shell:Creating environment descriptor '/home/sarthak/precise_docking_ws/install/arcuo_marker_detection/share/arcuo_marker_detection/hook/pythonpath.dsv'
[3.262s] INFO:colcon.colcon_core.shell:Creating environment hook '/home/sarthak/precise_docking_ws/install/arcuo_marker_detection/share/arcuo_marker_detection/hook/pythonpath.sh'
[3.263s] Level 1:colcon.colcon_core.environment:checking '/home/sarthak/precise_docking_ws/install/arcuo_marker_detection/bin'
[3.263s] Level 1:colcon.colcon_core.environment:create_environment_scripts_only(arcuo_marker_detection)
[3.263s] INFO:colcon.colcon_core.shell:Creating package script '/home/sarthak/precise_docking_ws/install/arcuo_marker_detection/share/arcuo_marker_detection/package.ps1'
[3.264s] INFO:colcon.colcon_core.shell:Creating package descriptor '/home/sarthak/precise_docking_ws/install/arcuo_marker_detection/share/arcuo_marker_detection/package.dsv'
[3.265s] INFO:colcon.colcon_core.shell:Creating package script '/home/sarthak/precise_docking_ws/install/arcuo_marker_detection/share/arcuo_marker_detection/package.sh'
[3.266s] INFO:colcon.colcon_core.shell:Creating package script '/home/sarthak/precise_docking_ws/install/arcuo_marker_detection/share/arcuo_marker_detection/package.bash'
[3.266s] INFO:colcon.colcon_core.shell:Creating package script '/home/sarthak/precise_docking_ws/install/arcuo_marker_detection/share/arcuo_marker_detection/package.zsh'
[3.267s] Level 1:colcon.colcon_core.environment:create_file_with_runtime_dependencies(/home/sarthak/precise_docking_ws/install/arcuo_marker_detection/share/colcon-core/packages/arcuo_marker_detection)
[3.267s] INFO:colcon.colcon_ros.task.ament_cmake.build:Building ROS package in '/home/sarthak/precise_docking_ws/src/docking_bringup' with build type 'ament_cmake'
[3.268s] INFO:colcon.colcon_cmake.task.cmake.build:Building CMake package in '/home/sarthak/precise_docking_ws/src/docking_bringup'
[3.268s] DEBUG:colcon.colcon_ros_domain_id_coordinator.shell.ros_domain_id:Released ROS_DOMAIN_ID=30 for '/home/sarthak/precise_docking_ws/build/arcuo_marker_detection'
[3.268s] DEBUG:colcon.colcon_ros_domain_id_coordinator.shell.ros_domain_id:Allocated ROS_DOMAIN_ID=39 for '/home/sarthak/precise_docking_ws/build/docking_bringup'
[3.269s] INFO:colcon.colcon_core.shell:Skip shell extension 'ros_domain_id' for command environment: 
[3.269s] INFO:colcon.colcon_core.shell:Skip shell extension 'powershell' for command environment: Not usable outside of PowerShell
[3.269s] DEBUG:colcon.colcon_core.shell:Skip shell extension 'dsv' for command environment
[3.281s] DEBUG:colcon.colcon_core.event_handler.log_command:Invoking command in '/home/sarthak/precise_docking_ws/build/docking_bringup': AMENT_PREFIX_PATH=/home/sarthak/precise_docking_ws/install/arcuo_marker_detection:/home/sarthak/precise_docking_ws/install/template_ros2:/home/sarthak/precise_docking_ws/install/reach_the_goal:/home/sarthak/precise_docking_ws/install/norlab_icp_mapper_ros:/home/sarthak/precise_docking_ws/install/libpointmatcher_ros:/home/sarthak/precise_docking_ws/install/frontend:/home/sarthak/precise_docking_ws/install/docking_bringup:/opt/ros/humble CMAKE_PREFIX_PATH=${CMAKE_PREFIX_PATH}:/home/sarthak/precise_docking_ws/install/template_ros2:/home/sarthak/precise_docking_ws/install/reach_the_goal:/home/sarthak/precise_docking_ws/install/arcuo_marker_detection:/opt/ros/humble PYTHONPATH=/home/sarthak/precise_docking_ws/install/arcuo_marker_detection/lib/python3.10/site-packages:/home/sarthak/precise_docking_ws/install/template_ros2/lib/python3.10/site-packages:/home/sarthak/precise_docking_ws/install/reach_the_goal/lib/python3.10/site-packages:/home/sarthak/precise_docking_ws/install/norlab_icp_mapper_ros/local/lib/python3.10/dist-packages:/home/sarthak/precise_docking_ws/install/frontend/local/lib/python3.10/dist-packages:/home/sarthak/precise_docking_ws/install/frontend/lib/python3.10/site-packages:/opt/ros/humble/lib/python3.10/site-packages:/opt/ros/humble/local/lib/python3.10/dist-packages /usr/bin/cmake --build /home/sarthak/precise_docking_ws/build/docking_bringup -- -j20 -l20
[3.308s] Level 1:colcon.colcon_core.environment:checking '/home/sarthak/precise_docking_ws/install/reach_the_goal' for CMake module files
[3.309s] DEBUG:colcon.colcon_core.event_handler.log_command:Invoked command in '/home/sarthak/precise_docking_ws/src/reach_the_goal' returned '0': PYTHONPATH=/home/sarthak/precise_docking_ws/build/reach_the_goal/prefix_override:/home/sarthak/.local/lib/python3.10/site-packages/colcon_core/task/python/colcon_distutils_commands:/home/sarthak/precise_docking_ws/install/reach_the_goal/lib/python3.10/site-packages:${PYTHONPATH} ROS_DOMAIN_ID=22 /usr/bin/python3 -W ignore:setup.py install is deprecated setup.py egg_info --egg-base ../../build/reach_the_goal build --build-base /home/sarthak/precise_docking_ws/build/reach_the_goal/build install --record /home/sarthak/precise_docking_ws/build/reach_the_goal/install.log --single-version-externally-managed install_data
[3.309s] Level 1:colcon.colcon_core.environment:checking '/home/sarthak/precise_docking_ws/install/reach_the_goal' for CMake config files
[3.309s] Level 1:colcon.colcon_core.environment:checking '/home/sarthak/precise_docking_ws/install/reach_the_goal/lib'
[3.310s] Level 1:colcon.colcon_core.environment:checking '/home/sarthak/precise_docking_ws/install/reach_the_goal/bin'
[3.310s] Level 1:colcon.colcon_core.environment:checking '/home/sarthak/precise_docking_ws/install/reach_the_goal/lib/pkgconfig/reach_the_goal.pc'
[3.310s] Level 1:colcon.colcon_core.environment:checking '/home/sarthak/precise_docking_ws/install/reach_the_goal/lib/python3.10/site-packages'
[3.310s] Level 1:colcon.colcon_core.shell:create_environment_hook('reach_the_goal', 'pythonpath')
[3.310s] INFO:colcon.colcon_core.shell:Creating environment hook '/home/sarthak/precise_docking_ws/install/reach_the_goal/share/reach_the_goal/hook/pythonpath.ps1'
[3.311s] INFO:colcon.colcon_core.shell:Creating environment descriptor '/home/sarthak/precise_docking_ws/install/reach_the_goal/share/reach_the_goal/hook/pythonpath.dsv'
[3.311s] INFO:colcon.colcon_core.shell:Creating environment hook '/home/sarthak/precise_docking_ws/install/reach_the_goal/share/reach_the_goal/hook/pythonpath.sh'
[3.312s] Level 1:colcon.colcon_core.environment:checking '/home/sarthak/precise_docking_ws/install/reach_the_goal/bin'
[3.312s] Level 1:colcon.colcon_core.environment:create_environment_scripts_only(reach_the_goal)
[3.312s] INFO:colcon.colcon_core.shell:Creating package script '/home/sarthak/precise_docking_ws/install/reach_the_goal/share/reach_the_goal/package.ps1'
[3.312s] INFO:colcon.colcon_core.shell:Creating package descriptor '/home/sarthak/precise_docking_ws/install/reach_the_goal/share/reach_the_goal/package.dsv'
[3.313s] INFO:colcon.colcon_core.shell:Creating package script '/home/sarthak/precise_docking_ws/install/reach_the_goal/share/reach_the_goal/package.sh'
[3.313s] INFO:colcon.colcon_core.shell:Creating package script '/home/sarthak/precise_docking_ws/install/reach_the_goal/share/reach_the_goal/package.bash'
[3.313s] INFO:colcon.colcon_core.shell:Creating package script '/home/sarthak/precise_docking_ws/install/reach_the_goal/share/reach_the_goal/package.zsh'
[3.313s] Level 1:colcon.colcon_core.environment:create_file_with_runtime_dependencies(/home/sarthak/precise_docking_ws/install/reach_the_goal/share/colcon-core/packages/reach_the_goal)
[3.313s] DEBUG:colcon.colcon_ros_domain_id_coordinator.shell.ros_domain_id:Released ROS_DOMAIN_ID=22 for '/home/sarthak/precise_docking_ws/build/reach_the_goal'
[3.331s] DEBUG:colcon.colcon_core.event_handler.log_command:Invoked command in '/home/sarthak/precise_docking_ws/build/docking_bringup' returned '0': AMENT_PREFIX_PATH=/home/sarthak/precise_docking_ws/install/arcuo_marker_detection:/home/sarthak/precise_docking_ws/install/template_ros2:/home/sarthak/precise_docking_ws/install/reach_the_goal:/home/sarthak/precise_docking_ws/install/norlab_icp_mapper_ros:/home/sarthak/precise_docking_ws/install/libpointmatcher_ros:/home/sarthak/precise_docking_ws/install/frontend:/home/sarthak/precise_docking_ws/install/docking_bringup:/opt/ros/humble CMAKE_PREFIX_PATH=${CMAKE_PREFIX_PATH}:/home/sarthak/precise_docking_ws/install/template_ros2:/home/sarthak/precise_docking_ws/install/reach_the_goal:/home/sarthak/precise_docking_ws/install/arcuo_marker_detection:/opt/ros/humble PYTHONPATH=/home/sarthak/precise_docking_ws/install/arcuo_marker_detection/lib/python3.10/site-packages:/home/sarthak/precise_docking_ws/install/template_ros2/lib/python3.10/site-packages:/home/sarthak/precise_docking_ws/install/reach_the_goal/lib/python3.10/site-packages:/home/sarthak/precise_docking_ws/install/norlab_icp_mapper_ros/local/lib/python3.10/dist-packages:/home/sarthak/precise_docking_ws/install/frontend/local/lib/python3.10/dist-packages:/home/sarthak/precise_docking_ws/install/frontend/lib/python3.10/site-packages:/opt/ros/humble/lib/python3.10/site-packages:/opt/ros/humble/local/lib/python3.10/dist-packages /usr/bin/cmake --build /home/sarthak/precise_docking_ws/build/docking_bringup -- -j20 -l20
[3.338s] Level 1:colcon.colcon_core.environment:checking '/home/sarthak/precise_docking_ws/install/template_ros2' for CMake module files
[3.338s] DEBUG:colcon.colcon_core.event_handler.log_command:Invoked command in '/home/sarthak/precise_docking_ws/src/template_ros2' returned '0': PYTHONPATH=/home/sarthak/precise_docking_ws/build/template_ros2/prefix_override:/home/sarthak/.local/lib/python3.10/site-packages/colcon_core/task/python/colcon_distutils_commands:/home/sarthak/precise_docking_ws/install/template_ros2/lib/python3.10/site-packages:${PYTHONPATH} ROS_DOMAIN_ID=43 /usr/bin/python3 -W ignore:setup.py install is deprecated setup.py egg_info --egg-base ../../build/template_ros2 build --build-base /home/sarthak/precise_docking_ws/build/template_ros2/build install --record /home/sarthak/precise_docking_ws/build/template_ros2/install.log --single-version-externally-managed install_data
[3.339s] Level 1:colcon.colcon_core.environment:checking '/home/sarthak/precise_docking_ws/install/template_ros2' for CMake config files
[3.339s] Level 1:colcon.colcon_core.environment:checking '/home/sarthak/precise_docking_ws/install/template_ros2/lib'
[3.339s] Level 1:colcon.colcon_core.environment:checking '/home/sarthak/precise_docking_ws/install/template_ros2/bin'
[3.339s] Level 1:colcon.colcon_core.environment:checking '/home/sarthak/precise_docking_ws/install/template_ros2/lib/pkgconfig/template_ros2.pc'
[3.339s] Level 1:colcon.colcon_core.environment:checking '/home/sarthak/precise_docking_ws/install/template_ros2/lib/python3.10/site-packages'
[3.339s] Level 1:colcon.colcon_core.shell:create_environment_hook('template_ros2', 'pythonpath')
[3.340s] INFO:colcon.colcon_core.shell:Creating environment hook '/home/sarthak/precise_docking_ws/install/template_ros2/share/template_ros2/hook/pythonpath.ps1'
[3.340s] INFO:colcon.colcon_core.shell:Creating environment descriptor '/home/sarthak/precise_docking_ws/install/template_ros2/share/template_ros2/hook/pythonpath.dsv'
[3.340s] INFO:colcon.colcon_core.shell:Creating environment hook '/home/sarthak/precise_docking_ws/install/template_ros2/share/template_ros2/hook/pythonpath.sh'
[3.341s] Level 1:colcon.colcon_core.environment:checking '/home/sarthak/precise_docking_ws/install/template_ros2/bin'
[3.341s] Level 1:colcon.colcon_core.environment:create_environment_scripts_only(template_ros2)
[3.341s] INFO:colcon.colcon_core.shell:Creating package script '/home/sarthak/precise_docking_ws/install/template_ros2/share/template_ros2/package.ps1'
[3.342s] INFO:colcon.colcon_core.shell:Creating package descriptor '/home/sarthak/precise_docking_ws/install/template_ros2/share/template_ros2/package.dsv'
[3.342s] INFO:colcon.colcon_core.shell:Creating package script '/home/sarthak/precise_docking_ws/install/template_ros2/share/template_ros2/package.sh'
[3.343s] INFO:colcon.colcon_core.shell:Creating package script '/home/sarthak/precise_docking_ws/install/template_ros2/share/template_ros2/package.bash'
[3.343s] INFO:colcon.colcon_core.shell:Creating package script '/home/sarthak/precise_docking_ws/install/template_ros2/share/template_ros2/package.zsh'
[3.343s] Level 1:colcon.colcon_core.environment:create_file_with_runtime_dependencies(/home/sarthak/precise_docking_ws/install/template_ros2/share/colcon-core/packages/template_ros2)
[3.344s] DEBUG:colcon.colcon_ros_domain_id_coordinator.shell.ros_domain_id:Released ROS_DOMAIN_ID=43 for '/home/sarthak/precise_docking_ws/build/template_ros2'
[3.362s] DEBUG:colcon.colcon_core.event_handler.log_command:Invoking command in '/home/sarthak/precise_docking_ws/build/docking_bringup': AMENT_PREFIX_PATH=/home/sarthak/precise_docking_ws/install/arcuo_marker_detection:/home/sarthak/precise_docking_ws/install/template_ros2:/home/sarthak/precise_docking_ws/install/reach_the_goal:/home/sarthak/precise_docking_ws/install/norlab_icp_mapper_ros:/home/sarthak/precise_docking_ws/install/libpointmatcher_ros:/home/sarthak/precise_docking_ws/install/frontend:/home/sarthak/precise_docking_ws/install/docking_bringup:/opt/ros/humble CMAKE_PREFIX_PATH=${CMAKE_PREFIX_PATH}:/home/sarthak/precise_docking_ws/install/template_ros2:/home/sarthak/precise_docking_ws/install/reach_the_goal:/home/sarthak/precise_docking_ws/install/arcuo_marker_detection:/opt/ros/humble PYTHONPATH=/home/sarthak/precise_docking_ws/install/arcuo_marker_detection/lib/python3.10/site-packages:/home/sarthak/precise_docking_ws/install/template_ros2/lib/python3.10/site-packages:/home/sarthak/precise_docking_ws/install/reach_the_goal/lib/python3.10/site-packages:/home/sarthak/precise_docking_ws/install/norlab_icp_mapper_ros/local/lib/python3.10/dist-packages:/home/sarthak/precise_docking_ws/install/frontend/local/lib/python3.10/dist-packages:/home/sarthak/precise_docking_ws/install/frontend/lib/python3.10/site-packages:/opt/ros/humble/lib/python3.10/site-packages:/opt/ros/humble/local/lib/python3.10/dist-packages /usr/bin/cmake --install /home/sarthak/precise_docking_ws/build/docking_bringup
[3.374s] Level 1:colcon.colcon_core.environment:create_environment_scripts_only(docking_bringup)
[3.374s] Level 1:colcon.colcon_core.environment:checking '/home/sarthak/precise_docking_ws/install/docking_bringup' for CMake module files
[3.375s] DEBUG:colcon.colcon_core.event_handler.log_command:Invoked command in '/home/sarthak/precise_docking_ws/build/docking_bringup' returned '0': AMENT_PREFIX_PATH=/home/sarthak/precise_docking_ws/install/arcuo_marker_detection:/home/sarthak/precise_docking_ws/install/template_ros2:/home/sarthak/precise_docking_ws/install/reach_the_goal:/home/sarthak/precise_docking_ws/install/norlab_icp_mapper_ros:/home/sarthak/precise_docking_ws/install/libpointmatcher_ros:/home/sarthak/precise_docking_ws/install/frontend:/home/sarthak/precise_docking_ws/install/docking_bringup:/opt/ros/humble CMAKE_PREFIX_PATH=${CMAKE_PREFIX_PATH}:/home/sarthak/precise_docking_ws/install/template_ros2:/home/sarthak/precise_docking_ws/install/reach_the_goal:/home/sarthak/precise_docking_ws/install/arcuo_marker_detection:/opt/ros/humble PYTHONPATH=/home/sarthak/precise_docking_ws/install/arcuo_marker_detection/lib/python3.10/site-packages:/home/sarthak/precise_docking_ws/install/template_ros2/lib/python3.10/site-packages:/home/sarthak/precise_docking_ws/install/reach_the_goal/lib/python3.10/site-packages:/home/sarthak/precise_docking_ws/install/norlab_icp_mapper_ros/local/lib/python3.10/dist-packages:/home/sarthak/precise_docking_ws/install/frontend/local/lib/python3.10/dist-packages:/home/sarthak/precise_docking_ws/install/frontend/lib/python3.10/site-packages:/opt/ros/humble/lib/python3.10/site-packages:/opt/ros/humble/local/lib/python3.10/dist-packages /usr/bin/cmake --install /home/sarthak/precise_docking_ws/build/docking_bringup
[3.375s] Level 1:colcon.colcon_core.environment:checking '/home/sarthak/precise_docking_ws/install/docking_bringup' for CMake config files
[3.375s] Level 1:colcon.colcon_core.shell:create_environment_hook('docking_bringup', 'cmake_prefix_path')
[3.376s] INFO:colcon.colcon_core.shell:Creating environment hook '/home/sarthak/precise_docking_ws/install/docking_bringup/share/docking_bringup/hook/cmake_prefix_path.ps1'
[3.376s] INFO:colcon.colcon_core.shell:Creating environment descriptor '/home/sarthak/precise_docking_ws/install/docking_bringup/share/docking_bringup/hook/cmake_prefix_path.dsv'
[3.377s] INFO:colcon.colcon_core.shell:Creating environment hook '/home/sarthak/precise_docking_ws/install/docking_bringup/share/docking_bringup/hook/cmake_prefix_path.sh'
[3.377s] Level 1:colcon.colcon_core.environment:checking '/home/sarthak/precise_docking_ws/install/docking_bringup/bin'
[3.377s] Level 1:colcon.colcon_core.environment:checking '/home/sarthak/precise_docking_ws/install/docking_bringup/lib/pkgconfig/docking_bringup.pc'
[3.377s] Level 1:colcon.colcon_core.environment:checking '/home/sarthak/precise_docking_ws/install/docking_bringup/lib/python3.10/site-packages'
[3.378s] Level 1:colcon.colcon_core.environment:checking '/home/sarthak/precise_docking_ws/install/docking_bringup/bin'
[3.378s] INFO:colcon.colcon_core.shell:Creating package script '/home/sarthak/precise_docking_ws/install/docking_bringup/share/docking_bringup/package.ps1'
[3.379s] INFO:colcon.colcon_core.shell:Creating package descriptor '/home/sarthak/precise_docking_ws/install/docking_bringup/share/docking_bringup/package.dsv'
[3.379s] INFO:colcon.colcon_core.shell:Creating package script '/home/sarthak/precise_docking_ws/install/docking_bringup/share/docking_bringup/package.sh'
[3.379s] INFO:colcon.colcon_core.shell:Creating package script '/home/sarthak/precise_docking_ws/install/docking_bringup/share/docking_bringup/package.bash'
[3.380s] INFO:colcon.colcon_core.shell:Creating package script '/home/sarthak/precise_docking_ws/install/docking_bringup/share/docking_bringup/package.zsh'
[3.380s] Level 1:colcon.colcon_core.environment:create_file_with_runtime_dependencies(/home/sarthak/precise_docking_ws/install/docking_bringup/share/colcon-core/packages/docking_bringup)
[3.406s] Level 1:colcon.colcon_core.environment:create_environment_scripts_only(docking_bringup)
[3.406s] Level 1:colcon.colcon_core.environment:checking '/home/sarthak/precise_docking_ws/install/docking_bringup' for CMake module files
[3.406s] Level 1:colcon.colcon_core.environment:checking '/home/sarthak/precise_docking_ws/install/docking_bringup' for CMake config files
[3.407s] Level 1:colcon.colcon_core.shell:create_environment_hook('docking_bringup', 'cmake_prefix_path')
[3.407s] INFO:colcon.colcon_core.shell:Creating environment hook '/home/sarthak/precise_docking_ws/install/docking_bringup/share/docking_bringup/hook/cmake_prefix_path.ps1'
[3.407s] INFO:colcon.colcon_core.shell:Creating environment descriptor '/home/sarthak/precise_docking_ws/install/docking_bringup/share/docking_bringup/hook/cmake_prefix_path.dsv'
[3.408s] INFO:colcon.colcon_core.shell:Creating environment hook '/home/sarthak/precise_docking_ws/install/docking_bringup/share/docking_bringup/hook/cmake_prefix_path.sh'
[3.408s] Level 1:colcon.colcon_core.environment:checking '/home/sarthak/precise_docking_ws/install/docking_bringup/bin'
[3.408s] Level 1:colcon.colcon_core.environment:checking '/home/sarthak/precise_docking_ws/install/docking_bringup/lib/pkgconfig/docking_bringup.pc'
[3.408s] Level 1:colcon.colcon_core.environment:checking '/home/sarthak/precise_docking_ws/install/docking_bringup/lib/python3.10/site-packages'
[3.408s] Level 1:colcon.colcon_core.environment:checking '/home/sarthak/precise_docking_ws/install/docking_bringup/bin'
[3.409s] INFO:colcon.colcon_core.shell:Creating package script '/home/sarthak/precise_docking_ws/install/docking_bringup/share/docking_bringup/package.ps1'
[3.410s] INFO:colcon.colcon_core.shell:Creating package descriptor '/home/sarthak/precise_docking_ws/install/docking_bringup/share/docking_bringup/package.dsv'
[3.411s] INFO:colcon.colcon_core.shell:Creating package script '/home/sarthak/precise_docking_ws/install/docking_bringup/share/docking_bringup/package.sh'
[3.412s] INFO:colcon.colcon_core.shell:Creating package script '/home/sarthak/precise_docking_ws/install/docking_bringup/share/docking_bringup/package.bash'
[3.412s] INFO:colcon.colcon_core.shell:Creating package script '/home/sarthak/precise_docking_ws/install/docking_bringup/share/docking_bringup/package.zsh'
[3.413s] Level 1:colcon.colcon_core.environment:create_file_with_runtime_dependencies(/home/sarthak/precise_docking_ws/install/docking_bringup/share/colcon-core/packages/docking_bringup)
[3.413s] DEBUG:colcon.colcon_parallel_executor.executor.parallel:closing loop
[3.413s] DEBUG:colcon.colcon_ros_domain_id_coordinator.shell.ros_domain_id:Released ROS_DOMAIN_ID=39 for '/home/sarthak/precise_docking_ws/build/docking_bringup'
[3.414s] DEBUG:colcon.colcon_parallel_executor.executor.parallel:loop closed
[3.414s] DEBUG:colcon.colcon_parallel_executor.executor.parallel:run_until_complete finished with '0'
[3.414s] DEBUG:colcon.colcon_core.event_reactor:joining thread
[3.421s] INFO:colcon.colcon_core.plugin_system:Skipping extension 'colcon_notification.desktop_notification.terminal_notifier': Not used on non-Darwin systems
[3.421s] INFO:colcon.colcon_core.plugin_system:Skipping extension 'colcon_notification.desktop_notification.win32': Not used on non-Windows systems
[3.421s] INFO:colcon.colcon_notification.desktop_notification:Sending desktop notification using 'notify2'
[3.432s] DEBUG:colcon.colcon_core.event_reactor:joined thread
[3.433s] INFO:colcon.colcon_core.shell:Creating prefix script '/home/sarthak/precise_docking_ws/install/local_setup.ps1'
[3.434s] INFO:colcon.colcon_core.shell:Creating prefix util module '/home/sarthak/precise_docking_ws/install/_local_setup_util_ps1.py'
[3.435s] INFO:colcon.colcon_core.shell:Creating prefix chain script '/home/sarthak/precise_docking_ws/install/setup.ps1'
[3.436s] INFO:colcon.colcon_core.shell:Creating prefix script '/home/sarthak/precise_docking_ws/install/local_setup.sh'
[3.436s] INFO:colcon.colcon_core.shell:Creating prefix util module '/home/sarthak/precise_docking_ws/install/_local_setup_util_sh.py'
[3.437s] INFO:colcon.colcon_core.shell:Creating prefix chain script '/home/sarthak/precise_docking_ws/install/setup.sh'
[3.438s] INFO:colcon.colcon_core.shell:Creating prefix script '/home/sarthak/precise_docking_ws/install/local_setup.bash'
[3.439s] INFO:colcon.colcon_core.shell:Creating prefix chain script '/home/sarthak/precise_docking_ws/install/setup.bash'
[3.441s] INFO:colcon.colcon_core.shell:Creating prefix script '/home/sarthak/precise_docking_ws/install/local_setup.zsh'
[3.442s] INFO:colcon.colcon_core.shell:Creating prefix chain script '/home/sarthak/precise_docking_ws/install/setup.zsh'
[3.444s] INFO:colcon.colcon_core.shell:Creating '/home/sarthak/precise_docking_ws/install/spawn_shell.bash'
