[0.833s] Invoking command in '/home/sarthak/precise_docking_ws/src/active_localization': PYTHONPATH=/home/sarthak/precise_docking_ws/build/active_localization/prefix_override:/home/sarthak/.local/lib/python3.10/site-packages/colcon_core/task/python/colcon_distutils_commands:/home/sarthak/precise_docking_ws/install/active_localization/lib/python3.10/site-packages:${PYTHONPATH} /usr/bin/python3 -W ignore:setup.py install is deprecated setup.py egg_info --egg-base ../../build/active_localization build --build-base /home/sarthak/precise_docking_ws/build/active_localization/build install --record /home/sarthak/precise_docking_ws/build/active_localization/install.log --single-version-externally-managed install_data
[1.015s] /home/sarthak/.local/lib/python3.10/site-packages/setuptools/_distutils/dist.py:261: UserWarning: Unknown distribution option: 'tests_require'
[1.016s]   warnings.warn(msg)
[1.151s] running egg_info
[1.167s] writing ../../build/active_localization/active_localization.egg-info/PKG-INFO
[1.167s] writing dependency_links to ../../build/active_localization/active_localization.egg-info/dependency_links.txt
[1.167s] writing entry points to ../../build/active_localization/active_localization.egg-info/entry_points.txt
[1.168s] writing requirements to ../../build/active_localization/active_localization.egg-info/requires.txt
[1.168s] writing top-level names to ../../build/active_localization/active_localization.egg-info/top_level.txt
[2.159s] reading manifest file '../../build/active_localization/active_localization.egg-info/SOURCES.txt'
[2.160s] writing manifest file '../../build/active_localization/active_localization.egg-info/SOURCES.txt'
[2.160s] running build
[2.160s] running build_py
[2.160s] copying active_localization/__init__.py -> /home/sarthak/precise_docking_ws/build/active_localization/build/lib/active_localization
[2.160s] copying active_localization/local_map_check.py -> /home/sarthak/precise_docking_ws/build/active_localization/build/lib/active_localization
[2.160s] copying active_localization/local_map.py -> /home/sarthak/precise_docking_ws/build/active_localization/build/lib/active_localization
[2.161s] running install
[2.164s] running install_lib
[2.180s] copying /home/sarthak/precise_docking_ws/build/active_localization/build/lib/active_localization/local_map_check.py -> /home/sarthak/precise_docking_ws/install/active_localization/lib/python3.10/site-packages/active_localization
[2.181s] byte-compiling /home/sarthak/precise_docking_ws/install/active_localization/lib/python3.10/site-packages/active_localization/local_map_check.py to local_map_check.cpython-310.pyc
[2.182s] running install_data
[2.183s] copying resource/active_localization -> /home/sarthak/precise_docking_ws/install/active_localization/share/ament_index/resource_index/packages
[2.183s] copying package.xml -> /home/sarthak/precise_docking_ws/install/active_localization/share/active_localization
[2.183s] running install_egg_info
[2.203s] removing '/home/sarthak/precise_docking_ws/install/active_localization/lib/python3.10/site-packages/active_localization-0.0.0-py3.10.egg-info' (and everything under it)
[2.203s] Copying ../../build/active_localization/active_localization.egg-info to /home/sarthak/precise_docking_ws/install/active_localization/lib/python3.10/site-packages/active_localization-0.0.0-py3.10.egg-info
[2.203s] running install_scripts
[2.319s] Installing active_localization_node script to /home/sarthak/precise_docking_ws/install/active_localization/lib/active_localization
[2.320s] Installing active_node script to /home/sarthak/precise_docking_ws/install/active_localization/lib/active_localization
[2.320s] writing list of installed files to '/home/sarthak/precise_docking_ws/build/active_localization/install.log'
[2.353s] Invoked command in '/home/sarthak/precise_docking_ws/src/active_localization' returned '0': PYTHONPATH=/home/sarthak/precise_docking_ws/build/active_localization/prefix_override:/home/sarthak/.local/lib/python3.10/site-packages/colcon_core/task/python/colcon_distutils_commands:/home/sarthak/precise_docking_ws/install/active_localization/lib/python3.10/site-packages:${PYTHONPATH} /usr/bin/python3 -W ignore:setup.py install is deprecated setup.py egg_info --egg-base ../../build/active_localization build --build-base /home/sarthak/precise_docking_ws/build/active_localization/build install --record /home/sarthak/precise_docking_ws/build/active_localization/install.log --single-version-externally-managed install_data
