[1.047s] Invoking command in '/home/sarthak/precise_docking_ws/build/ultralytics_ros': CMAKE_PREFIX_PATH=${CMAKE_PREFIX_PATH}:/home/sarthak/precise_docking_ws/install/template_ros2:/home/sarthak/precise_docking_ws/install/reach_the_goal:/home/sarthak/precise_docking_ws/install/autonomous_exploration:/home/sarthak/precise_docking_ws/install/arcuo_marker_detection:/home/sarthak/precise_docking_ws/install/active_localization:/opt/ros/humble ROS_DOMAIN_ID=31 /usr/bin/cmake --build /home/sarthak/precise_docking_ws/build/ultralytics_ros -- -j20 -l20
[1.088s] -- Found ament_cmake: 1.3.11 (/opt/ros/humble/share/ament_cmake/cmake)
[1.207s] -- Found rclcpp: 16.0.11 (/opt/ros/humble/share/rclcpp/cmake)
[1.227s] -- Found rosidl_generator_c: 3.1.6 (/opt/ros/humble/share/rosidl_generator_c/cmake)
[1.229s] -- Found rosidl_adapter: 3.1.6 (/opt/ros/humble/share/rosidl_adapter/cmake)
[1.232s] -- Found rosidl_generator_cpp: 3.1.6 (/opt/ros/humble/share/rosidl_generator_cpp/cmake)
[1.239s] -- Using all available rosidl_typesupport_c: rosidl_typesupport_fastrtps_c;rosidl_typesupport_introspection_c
[1.247s] -- Using all available rosidl_typesupport_cpp: rosidl_typesupport_fastrtps_cpp;rosidl_typesupport_introspection_cpp
[1.268s] -- Found rmw_implementation_cmake: 6.1.2 (/opt/ros/humble/share/rmw_implementation_cmake/cmake)
[1.270s] -- Found rmw_cyclonedds_cpp: 1.3.4 (/opt/ros/humble/share/rmw_cyclonedds_cpp/cmake)
[1.284s] -- Using RMW implementation 'rmw_cyclonedds_cpp' as default
[1.316s] -- Found rclpy: 3.3.15 (/opt/ros/humble/share/rclpy/cmake)
[1.316s] -- Found geometry_msgs: 4.2.4 (/opt/ros/humble/share/geometry_msgs/cmake)
[1.325s] -- Found sensor_msgs: 4.2.4 (/opt/ros/humble/share/sensor_msgs/cmake)
[1.337s] -- Found vision_msgs: 4.1.1 (/opt/ros/humble/share/vision_msgs/cmake)
[1.358s] -- Found visualization_msgs: 4.2.4 (/opt/ros/humble/share/visualization_msgs/cmake)
[1.378s] -- Found rosidl_default_generators: 1.2.0 (/opt/ros/humble/share/rosidl_default_generators/cmake)
[1.389s] -- Found cv_bridge: 3.2.1 (/opt/ros/humble/share/cv_bridge/cmake)
[1.401s] -- Found image_geometry: 3.2.1 (/opt/ros/humble/share/image_geometry/cmake)
[1.403s] -- Found message_filters: 4.3.5 (/opt/ros/humble/share/message_filters/cmake)
[1.406s] -- Found pcl_conversions: 2.4.5 (/opt/ros/humble/share/pcl_conversions/cmake)
[1.448s] -- Eigen found (include: /usr/include/eigen3, version: 3.4.0)
[1.482s] -- FLANN found (include: /usr/include, lib: /usr/lib/x86_64-linux-gnu/libflann_cpp.so)
[1.806s] -- OpenNI found (version: 1.5.4.0, include: /usr/include/ni, lib: /usr/lib/libOpenNI.so;libusb::libusb)
[1.812s] -- OpenNI2 found (version: 2.2.0.33, include: /usr/include/openni2, lib: /usr/lib/x86_64-linux-gnu/libOpenNI2.so;libusb::libusb)
[1.952s] -- Eigen found (include: /usr/include/eigen3, version: 3.4.0)
[1.957s] -- OpenNI found (version: 1.5.4.0, include: /usr/include/ni, lib: /usr/lib/libOpenNI.so;libusb::libusb)
[1.964s] -- OpenNI2 found (version: 2.2.0.33, include: /usr/include/openni2, lib: /usr/lib/x86_64-linux-gnu/libOpenNI2.so;libusb::libusb)
[2.148s] -- Found Qhull version 8.0.2
[2.367s] -- OpenNI found (version: 1.5.4.0, include: /usr/include/ni, lib: /usr/lib/libOpenNI.so;libusb::libusb)
[2.568s] -- Found pcl_ros: 2.4.5 (/opt/ros/humble/share/pcl_ros/cmake)
[2.579s] -- Found eigen3_cmake_module: 0.1.1 (/opt/ros/humble/share/eigen3_cmake_module/cmake)
[2.581s] -- Ensuring Eigen3 include directory is part of orocos-kdl CMake target
[2.639s] -- Found tf2_eigen: 0.25.9 (/opt/ros/humble/share/tf2_eigen/cmake)
[2.964s] -- Found ament_cmake_ros: 0.10.0 (/opt/ros/humble/share/ament_cmake_ros/cmake)
[3.377s] -- Using all available rosidl_typesupport_c: rosidl_typesupport_fastrtps_c;rosidl_typesupport_introspection_c
[3.559s] -- Using all available rosidl_typesupport_cpp: rosidl_typesupport_fastrtps_cpp;rosidl_typesupport_introspection_cpp
[3.594s] -- Found python_cmake_module: 0.10.0 (/opt/ros/humble/share/python_cmake_module/cmake)
[3.619s] -- Using PYTHON_EXECUTABLE: /usr/bin/python3
[3.619s] -- Using PYTHON_INCLUDE_DIRS: /usr/include/python3.10
[3.620s] -- Using PYTHON_LIBRARIES: /usr/lib/x86_64-linux-gnu/libpython3.10.so
[3.680s] -- Configuring done
[3.777s] -- Generating done
[3.780s] -- Build files have been written to: /home/sarthak/precise_docking_ws/build/ultralytics_ros
[3.821s] [  3%] [34m[1mGenerating C code for ROS interfaces[0m
[3.827s] [  6%] [34m[1mGenerating C++ code for ROS interfaces[0m
[3.846s] [  6%] Built target ament_cmake_python_copy_ultralytics_ros
[4.010s] [  6%] Built target ultralytics_ros__cpp
[4.019s] [  9%] [34m[1mGenerating C++ type support dispatch for ROS interfaces[0m
[4.021s] [ 12%] [34m[1mGenerating C++ introspection for ROS interfaces[0m
[4.022s] [ 15%] [34m[1mGenerating C++ type support for eProsima Fast-RTPS[0m
[4.065s] running egg_info
[4.080s] writing ultralytics_ros.egg-info/PKG-INFO
[4.080s] writing dependency_links to ultralytics_ros.egg-info/dependency_links.txt
[4.080s] writing top-level names to ultralytics_ros.egg-info/top_level.txt
[4.088s] [35m[1mConsolidate compiler generated dependencies of target ultralytics_ros__rosidl_generator_c[0m
[4.103s] [ 18%] [32mBuilding C object CMakeFiles/ultralytics_ros__rosidl_generator_c.dir/rosidl_generator_c/ultralytics_ros/msg/detail/yolo_result__functions.c.o[0m
[4.166s] [35m[1mConsolidate compiler generated dependencies of target ultralytics_ros__rosidl_typesupport_cpp[0m
[4.167s] [ 21%] [32m[1mLinking C shared library libultralytics_ros__rosidl_generator_c.so[0m
[4.178s] [35m[1mConsolidate compiler generated dependencies of target ultralytics_ros__rosidl_typesupport_introspection_cpp[0m
[4.179s] [ 24%] [32mBuilding CXX object CMakeFiles/ultralytics_ros__rosidl_typesupport_cpp.dir/rosidl_typesupport_cpp/ultralytics_ros/msg/yolo_result__type_support.cpp.o[0m
[4.190s] [ 27%] [32mBuilding CXX object CMakeFiles/ultralytics_ros__rosidl_typesupport_introspection_cpp.dir/rosidl_typesupport_introspection_cpp/ultralytics_ros/msg/detail/yolo_result__type_support.cpp.o[0m
[4.198s] [ 27%] Built target ultralytics_ros__rosidl_generator_c
[4.208s] [ 30%] [34m[1mGenerating C type support dispatch for ROS interfaces[0m
[4.210s] [ 36%] [34m[1mGenerating C introspection for ROS interfaces[0m
[4.211s] [ 36%] [34m[1mGenerating C type support for eProsima Fast-RTPS[0m
[4.319s] [35m[1mConsolidate compiler generated dependencies of target ultralytics_ros__rosidl_typesupport_fastrtps_cpp[0m
[4.335s] [ 39%] [32mBuilding CXX object CMakeFiles/ultralytics_ros__rosidl_typesupport_fastrtps_cpp.dir/rosidl_typesupport_fastrtps_cpp/ultralytics_ros/msg/detail/dds_fastrtps/yolo_result__type_support.cpp.o[0m
[4.363s] [35m[1mConsolidate compiler generated dependencies of target ultralytics_ros__rosidl_typesupport_c[0m
[4.373s] [ 42%] [32mBuilding CXX object CMakeFiles/ultralytics_ros__rosidl_typesupport_c.dir/rosidl_typesupport_c/ultralytics_ros/msg/yolo_result__type_support.cpp.o[0m
[4.400s] [35m[1mConsolidate compiler generated dependencies of target ultralytics_ros__rosidl_typesupport_fastrtps_c[0m
[4.403s] [ 45%] [32m[1mLinking CXX shared library libultralytics_ros__rosidl_typesupport_c.so[0m
[4.417s] [ 48%] [32mBuilding CXX object CMakeFiles/ultralytics_ros__rosidl_typesupport_fastrtps_c.dir/rosidl_typesupport_fastrtps_c/ultralytics_ros/msg/detail/yolo_result__type_support_c.cpp.o[0m
[4.442s] [ 48%] Built target ultralytics_ros__rosidl_typesupport_c
[4.447s] [35m[1mConsolidate compiler generated dependencies of target ultralytics_ros__rosidl_typesupport_introspection_c[0m
[4.461s] [ 51%] [32mBuilding C object CMakeFiles/ultralytics_ros__rosidl_typesupport_introspection_c.dir/rosidl_typesupport_introspection_c/ultralytics_ros/msg/detail/yolo_result__type_support.c.o[0m
[4.492s] [ 54%] [32m[1mLinking C shared library libultralytics_ros__rosidl_typesupport_introspection_c.so[0m
[4.498s] [ 57%] [32m[1mLinking CXX shared library libultralytics_ros__rosidl_typesupport_cpp.so[0m
[4.526s] [ 57%] Built target ultralytics_ros__rosidl_typesupport_introspection_c
[4.537s] [ 57%] Built target ultralytics_ros__rosidl_typesupport_cpp
[4.547s] [35m[1mConsolidate compiler generated dependencies of target tracker_with_cloud_node[0m
[4.554s] [ 60%] [32m[1mLinking CXX shared library libultralytics_ros__rosidl_typesupport_introspection_cpp.so[0m
[4.569s] [ 63%] [32mBuilding CXX object CMakeFiles/tracker_with_cloud_node.dir/src/tracker_with_cloud_node.cpp.o[0m
[4.621s] [ 63%] Built target ultralytics_ros__rosidl_typesupport_introspection_cpp
[4.650s] [ 66%] [32m[1mLinking CXX shared library libultralytics_ros__rosidl_typesupport_fastrtps_c.so[0m
[4.716s] [ 66%] Built target ultralytics_ros__rosidl_typesupport_fastrtps_c
[4.764s] [ 69%] [32m[1mLinking CXX shared library libultralytics_ros__rosidl_typesupport_fastrtps_cpp.so[0m
[4.832s] [ 69%] Built target ultralytics_ros__rosidl_typesupport_fastrtps_cpp
[4.850s] [ 69%] Built target ultralytics_ros
[4.872s] [ 72%] [34m[1mGenerating Python code for ROS interfaces[0m
[5.104s] [ 72%] Built target ultralytics_ros__py
[5.117s] [35m[1mConsolidate compiler generated dependencies of target ultralytics_ros__rosidl_generator_py[0m
[5.133s] [ 75%] [32mBuilding C object CMakeFiles/ultralytics_ros__rosidl_generator_py.dir/rosidl_generator_py/ultralytics_ros/msg/_yolo_result_s.c.o[0m
[5.159s] writing manifest file 'ultralytics_ros.egg-info/SOURCES.txt'
[5.197s] [ 75%] Built target ament_cmake_python_build_ultralytics_ros_egg
[5.262s] [ 78%] [32m[1mLinking C shared library rosidl_generator_py/ultralytics_ros/libultralytics_ros__rosidl_generator_py.so[0m
[5.312s] [ 78%] Built target ultralytics_ros__rosidl_generator_py
[5.327s] [35m[1mConsolidate compiler generated dependencies of target ultralytics_ros__rosidl_typesupport_fastrtps_c__pyext[0m
[5.327s] [35m[1mConsolidate compiler generated dependencies of target ultralytics_ros__rosidl_typesupport_introspection_c__pyext[0m
[5.327s] [35m[1mConsolidate compiler generated dependencies of target ultralytics_ros__rosidl_typesupport_c__pyext[0m
[5.340s] [ 84%] [32mBuilding C object CMakeFiles/ultralytics_ros__rosidl_typesupport_c__pyext.dir/rosidl_generator_py/ultralytics_ros/_ultralytics_ros_s.ep.rosidl_typesupport_c.c.o[0m
[5.341s] [ 84%] [32mBuilding C object CMakeFiles/ultralytics_ros__rosidl_typesupport_fastrtps_c__pyext.dir/rosidl_generator_py/ultralytics_ros/_ultralytics_ros_s.ep.rosidl_typesupport_fastrtps_c.c.o[0m
[5.341s] [ 87%] [32mBuilding C object CMakeFiles/ultralytics_ros__rosidl_typesupport_introspection_c__pyext.dir/rosidl_generator_py/ultralytics_ros/_ultralytics_ros_s.ep.rosidl_typesupport_introspection_c.c.o[0m
[5.407s] [ 90%] [32m[1mLinking C shared library rosidl_generator_py/ultralytics_ros/ultralytics_ros_s__rosidl_typesupport_introspection_c.cpython-310-x86_64-linux-gnu.so[0m
[5.412s] [ 93%] [32m[1mLinking C shared library rosidl_generator_py/ultralytics_ros/ultralytics_ros_s__rosidl_typesupport_c.cpython-310-x86_64-linux-gnu.so[0m
[5.413s] [ 96%] [32m[1mLinking C shared library rosidl_generator_py/ultralytics_ros/ultralytics_ros_s__rosidl_typesupport_fastrtps_c.cpython-310-x86_64-linux-gnu.so[0m
[5.443s] [ 96%] Built target ultralytics_ros__rosidl_typesupport_introspection_c__pyext
[5.453s] [ 96%] Built target ultralytics_ros__rosidl_typesupport_fastrtps_c__pyext
[5.459s] [ 96%] Built target ultralytics_ros__rosidl_typesupport_c__pyext
[23.545s] [100%] [32m[1mLinking CXX executable tracker_with_cloud_node[0m
[25.637s] [100%] Built target tracker_with_cloud_node
[25.652s] Invoked command in '/home/sarthak/precise_docking_ws/build/ultralytics_ros' returned '0': CMAKE_PREFIX_PATH=${CMAKE_PREFIX_PATH}:/home/sarthak/precise_docking_ws/install/template_ros2:/home/sarthak/precise_docking_ws/install/reach_the_goal:/home/sarthak/precise_docking_ws/install/autonomous_exploration:/home/sarthak/precise_docking_ws/install/arcuo_marker_detection:/home/sarthak/precise_docking_ws/install/active_localization:/opt/ros/humble ROS_DOMAIN_ID=31 /usr/bin/cmake --build /home/sarthak/precise_docking_ws/build/ultralytics_ros -- -j20 -l20
[25.737s] Invoking command in '/home/sarthak/precise_docking_ws/build/ultralytics_ros': CMAKE_PREFIX_PATH=${CMAKE_PREFIX_PATH}:/home/sarthak/precise_docking_ws/install/template_ros2:/home/sarthak/precise_docking_ws/install/reach_the_goal:/home/sarthak/precise_docking_ws/install/autonomous_exploration:/home/sarthak/precise_docking_ws/install/arcuo_marker_detection:/home/sarthak/precise_docking_ws/install/active_localization:/opt/ros/humble ROS_DOMAIN_ID=31 /usr/bin/cmake --install /home/sarthak/precise_docking_ws/build/ultralytics_ros
[25.744s] -- Install configuration: ""
[25.744s] -- Up-to-date: /home/sarthak/precise_docking_ws/install/ultralytics_ros/share/ament_index/resource_index/rosidl_interfaces/ultralytics_ros
[25.744s] -- Up-to-date: /home/sarthak/precise_docking_ws/install/ultralytics_ros/include/ultralytics_ros/ultralytics_ros
[25.744s] -- Up-to-date: /home/sarthak/precise_docking_ws/install/ultralytics_ros/include/ultralytics_ros/ultralytics_ros/msg
[25.744s] -- Up-to-date: /home/sarthak/precise_docking_ws/install/ultralytics_ros/include/ultralytics_ros/ultralytics_ros/msg/rosidl_generator_c__visibility_control.h
[25.744s] -- Installing: /home/sarthak/precise_docking_ws/install/ultralytics_ros/include/ultralytics_ros/ultralytics_ros/msg/yolo_result.h
[25.744s] -- Up-to-date: /home/sarthak/precise_docking_ws/install/ultralytics_ros/include/ultralytics_ros/ultralytics_ros/msg/detail
[25.744s] -- Installing: /home/sarthak/precise_docking_ws/install/ultralytics_ros/include/ultralytics_ros/ultralytics_ros/msg/detail/yolo_result__type_support.h
[25.744s] -- Installing: /home/sarthak/precise_docking_ws/install/ultralytics_ros/include/ultralytics_ros/ultralytics_ros/msg/detail/yolo_result__struct.h
[25.744s] -- Installing: /home/sarthak/precise_docking_ws/install/ultralytics_ros/include/ultralytics_ros/ultralytics_ros/msg/detail/yolo_result__functions.c
[25.744s] -- Installing: /home/sarthak/precise_docking_ws/install/ultralytics_ros/include/ultralytics_ros/ultralytics_ros/msg/detail/yolo_result__functions.h
[25.745s] -- Up-to-date: /home/sarthak/precise_docking_ws/install/ultralytics_ros/share/ultralytics_ros/environment/library_path.sh
[25.745s] -- Installing: /home/sarthak/precise_docking_ws/install/ultralytics_ros/share/ultralytics_ros/environment/library_path.dsv
[25.745s] -- Installing: /home/sarthak/precise_docking_ws/install/ultralytics_ros/lib/libultralytics_ros__rosidl_generator_c.so
[25.745s] -- Set runtime path of "/home/sarthak/precise_docking_ws/install/ultralytics_ros/lib/libultralytics_ros__rosidl_generator_c.so" to ""
[25.745s] -- Up-to-date: /home/sarthak/precise_docking_ws/install/ultralytics_ros/include/ultralytics_ros/ultralytics_ros
[25.745s] -- Up-to-date: /home/sarthak/precise_docking_ws/install/ultralytics_ros/include/ultralytics_ros/ultralytics_ros/msg
[25.745s] -- Up-to-date: /home/sarthak/precise_docking_ws/install/ultralytics_ros/include/ultralytics_ros/ultralytics_ros/msg/rosidl_typesupport_fastrtps_c__visibility_control.h
[25.745s] -- Up-to-date: /home/sarthak/precise_docking_ws/install/ultralytics_ros/include/ultralytics_ros/ultralytics_ros/msg/detail
[25.745s] -- Installing: /home/sarthak/precise_docking_ws/install/ultralytics_ros/include/ultralytics_ros/ultralytics_ros/msg/detail/yolo_result__rosidl_typesupport_fastrtps_c.h
[25.745s] -- Installing: /home/sarthak/precise_docking_ws/install/ultralytics_ros/lib/libultralytics_ros__rosidl_typesupport_fastrtps_c.so
[25.747s] -- Set runtime path of "/home/sarthak/precise_docking_ws/install/ultralytics_ros/lib/libultralytics_ros__rosidl_typesupport_fastrtps_c.so" to ""
[25.747s] -- Up-to-date: /home/sarthak/precise_docking_ws/install/ultralytics_ros/include/ultralytics_ros/ultralytics_ros
[25.748s] -- Up-to-date: /home/sarthak/precise_docking_ws/install/ultralytics_ros/include/ultralytics_ros/ultralytics_ros/msg
[25.748s] -- Installing: /home/sarthak/precise_docking_ws/install/ultralytics_ros/include/ultralytics_ros/ultralytics_ros/msg/yolo_result.hpp
[25.748s] -- Installing: /home/sarthak/precise_docking_ws/install/ultralytics_ros/include/ultralytics_ros/ultralytics_ros/msg/rosidl_generator_cpp__visibility_control.hpp
[25.748s] -- Up-to-date: /home/sarthak/precise_docking_ws/install/ultralytics_ros/include/ultralytics_ros/ultralytics_ros/msg/detail
[25.748s] -- Installing: /home/sarthak/precise_docking_ws/install/ultralytics_ros/include/ultralytics_ros/ultralytics_ros/msg/detail/yolo_result__type_support.hpp
[25.748s] -- Installing: /home/sarthak/precise_docking_ws/install/ultralytics_ros/include/ultralytics_ros/ultralytics_ros/msg/detail/yolo_result__traits.hpp
[25.748s] -- Installing: /home/sarthak/precise_docking_ws/install/ultralytics_ros/include/ultralytics_ros/ultralytics_ros/msg/detail/yolo_result__struct.hpp
[25.748s] -- Installing: /home/sarthak/precise_docking_ws/install/ultralytics_ros/include/ultralytics_ros/ultralytics_ros/msg/detail/yolo_result__builder.hpp
[25.748s] -- Up-to-date: /home/sarthak/precise_docking_ws/install/ultralytics_ros/include/ultralytics_ros/ultralytics_ros
[25.748s] -- Up-to-date: /home/sarthak/precise_docking_ws/install/ultralytics_ros/include/ultralytics_ros/ultralytics_ros/msg
[25.748s] -- Up-to-date: /home/sarthak/precise_docking_ws/install/ultralytics_ros/include/ultralytics_ros/ultralytics_ros/msg/detail
[25.748s] -- Installing: /home/sarthak/precise_docking_ws/install/ultralytics_ros/include/ultralytics_ros/ultralytics_ros/msg/detail/yolo_result__rosidl_typesupport_fastrtps_cpp.hpp
[25.748s] -- Up-to-date: /home/sarthak/precise_docking_ws/install/ultralytics_ros/include/ultralytics_ros/ultralytics_ros/msg/detail/dds_fastrtps
[25.748s] -- Up-to-date: /home/sarthak/precise_docking_ws/install/ultralytics_ros/include/ultralytics_ros/ultralytics_ros/msg/rosidl_typesupport_fastrtps_cpp__visibility_control.h
[25.748s] -- Installing: /home/sarthak/precise_docking_ws/install/ultralytics_ros/lib/libultralytics_ros__rosidl_typesupport_fastrtps_cpp.so
[25.749s] -- Set runtime path of "/home/sarthak/precise_docking_ws/install/ultralytics_ros/lib/libultralytics_ros__rosidl_typesupport_fastrtps_cpp.so" to ""
[25.749s] -- Up-to-date: /home/sarthak/precise_docking_ws/install/ultralytics_ros/include/ultralytics_ros/ultralytics_ros
[25.749s] -- Up-to-date: /home/sarthak/precise_docking_ws/install/ultralytics_ros/include/ultralytics_ros/ultralytics_ros/msg
[25.749s] -- Up-to-date: /home/sarthak/precise_docking_ws/install/ultralytics_ros/include/ultralytics_ros/ultralytics_ros/msg/rosidl_typesupport_introspection_c__visibility_control.h
[25.749s] -- Up-to-date: /home/sarthak/precise_docking_ws/install/ultralytics_ros/include/ultralytics_ros/ultralytics_ros/msg/detail
[25.749s] -- Installing: /home/sarthak/precise_docking_ws/install/ultralytics_ros/include/ultralytics_ros/ultralytics_ros/msg/detail/yolo_result__rosidl_typesupport_introspection_c.h
[25.749s] -- Installing: /home/sarthak/precise_docking_ws/install/ultralytics_ros/include/ultralytics_ros/ultralytics_ros/msg/detail/yolo_result__type_support.c
[25.749s] -- Installing: /home/sarthak/precise_docking_ws/install/ultralytics_ros/lib/libultralytics_ros__rosidl_typesupport_introspection_c.so
[25.749s] -- Set runtime path of "/home/sarthak/precise_docking_ws/install/ultralytics_ros/lib/libultralytics_ros__rosidl_typesupport_introspection_c.so" to ""
[25.749s] -- Installing: /home/sarthak/precise_docking_ws/install/ultralytics_ros/lib/libultralytics_ros__rosidl_typesupport_c.so
[25.749s] -- Set runtime path of "/home/sarthak/precise_docking_ws/install/ultralytics_ros/lib/libultralytics_ros__rosidl_typesupport_c.so" to ""
[25.750s] -- Up-to-date: /home/sarthak/precise_docking_ws/install/ultralytics_ros/include/ultralytics_ros/ultralytics_ros
[25.750s] -- Up-to-date: /home/sarthak/precise_docking_ws/install/ultralytics_ros/include/ultralytics_ros/ultralytics_ros/msg
[25.750s] -- Up-to-date: /home/sarthak/precise_docking_ws/install/ultralytics_ros/include/ultralytics_ros/ultralytics_ros/msg/detail
[25.750s] -- Installing: /home/sarthak/precise_docking_ws/install/ultralytics_ros/include/ultralytics_ros/ultralytics_ros/msg/detail/yolo_result__type_support.cpp
[25.750s] -- Installing: /home/sarthak/precise_docking_ws/install/ultralytics_ros/include/ultralytics_ros/ultralytics_ros/msg/detail/yolo_result__rosidl_typesupport_introspection_cpp.hpp
[25.750s] -- Installing: /home/sarthak/precise_docking_ws/install/ultralytics_ros/lib/libultralytics_ros__rosidl_typesupport_introspection_cpp.so
[25.751s] -- Set runtime path of "/home/sarthak/precise_docking_ws/install/ultralytics_ros/lib/libultralytics_ros__rosidl_typesupport_introspection_cpp.so" to ""
[25.751s] -- Installing: /home/sarthak/precise_docking_ws/install/ultralytics_ros/lib/libultralytics_ros__rosidl_typesupport_cpp.so
[25.751s] -- Set runtime path of "/home/sarthak/precise_docking_ws/install/ultralytics_ros/lib/libultralytics_ros__rosidl_typesupport_cpp.so" to ""
[25.751s] -- Up-to-date: /home/sarthak/precise_docking_ws/install/ultralytics_ros/share/ultralytics_ros/environment/pythonpath.sh
[25.751s] -- Installing: /home/sarthak/precise_docking_ws/install/ultralytics_ros/share/ultralytics_ros/environment/pythonpath.dsv
[25.751s] -- Up-to-date: /home/sarthak/precise_docking_ws/install/ultralytics_ros/local/lib/python3.10/dist-packages/ultralytics_ros-0.0.0-py3.10.egg-info
[25.751s] -- Installing: /home/sarthak/precise_docking_ws/install/ultralytics_ros/local/lib/python3.10/dist-packages/ultralytics_ros-0.0.0-py3.10.egg-info/top_level.txt
[25.751s] -- Installing: /home/sarthak/precise_docking_ws/install/ultralytics_ros/local/lib/python3.10/dist-packages/ultralytics_ros-0.0.0-py3.10.egg-info/SOURCES.txt
[25.751s] -- Installing: /home/sarthak/precise_docking_ws/install/ultralytics_ros/local/lib/python3.10/dist-packages/ultralytics_ros-0.0.0-py3.10.egg-info/PKG-INFO
[25.752s] -- Installing: /home/sarthak/precise_docking_ws/install/ultralytics_ros/local/lib/python3.10/dist-packages/ultralytics_ros-0.0.0-py3.10.egg-info/dependency_links.txt
[25.752s] -- Up-to-date: /home/sarthak/precise_docking_ws/install/ultralytics_ros/local/lib/python3.10/dist-packages/ultralytics_ros
[25.752s] -- Installing: /home/sarthak/precise_docking_ws/install/ultralytics_ros/local/lib/python3.10/dist-packages/ultralytics_ros/ultralytics_ros_s__rosidl_typesupport_introspection_c.cpython-310-x86_64-linux-gnu.so
[25.752s] -- Installing: /home/sarthak/precise_docking_ws/install/ultralytics_ros/local/lib/python3.10/dist-packages/ultralytics_ros/__init__.py
[25.752s] -- Up-to-date: /home/sarthak/precise_docking_ws/install/ultralytics_ros/local/lib/python3.10/dist-packages/ultralytics_ros/msg
[25.752s] -- Installing: /home/sarthak/precise_docking_ws/install/ultralytics_ros/local/lib/python3.10/dist-packages/ultralytics_ros/msg/_yolo_result.py
[25.752s] -- Installing: /home/sarthak/precise_docking_ws/install/ultralytics_ros/local/lib/python3.10/dist-packages/ultralytics_ros/msg/__init__.py
[25.752s] -- Installing: /home/sarthak/precise_docking_ws/install/ultralytics_ros/local/lib/python3.10/dist-packages/ultralytics_ros/msg/_yolo_result_s.c
[25.752s] -- Installing: /home/sarthak/precise_docking_ws/install/ultralytics_ros/local/lib/python3.10/dist-packages/ultralytics_ros/_ultralytics_ros_s.ep.rosidl_typesupport_introspection_c.c
[25.752s] -- Installing: /home/sarthak/precise_docking_ws/install/ultralytics_ros/local/lib/python3.10/dist-packages/ultralytics_ros/ultralytics_ros_s__rosidl_typesupport_fastrtps_c.cpython-310-x86_64-linux-gnu.so
[25.752s] -- Installing: /home/sarthak/precise_docking_ws/install/ultralytics_ros/local/lib/python3.10/dist-packages/ultralytics_ros/libultralytics_ros__rosidl_generator_py.so
[25.752s] -- Installing: /home/sarthak/precise_docking_ws/install/ultralytics_ros/local/lib/python3.10/dist-packages/ultralytics_ros/ultralytics_ros_s__rosidl_typesupport_c.cpython-310-x86_64-linux-gnu.so
[25.753s] -- Installing: /home/sarthak/precise_docking_ws/install/ultralytics_ros/local/lib/python3.10/dist-packages/ultralytics_ros/_ultralytics_ros_s.ep.rosidl_typesupport_c.c
[25.753s] -- Installing: /home/sarthak/precise_docking_ws/install/ultralytics_ros/local/lib/python3.10/dist-packages/ultralytics_ros/_ultralytics_ros_s.ep.rosidl_typesupport_fastrtps_c.c
[25.780s] Listing '/home/sarthak/precise_docking_ws/install/ultralytics_ros/local/lib/python3.10/dist-packages/ultralytics_ros'...
[25.780s] Compiling '/home/sarthak/precise_docking_ws/install/ultralytics_ros/local/lib/python3.10/dist-packages/ultralytics_ros/__init__.py'...
[25.780s] Listing '/home/sarthak/precise_docking_ws/install/ultralytics_ros/local/lib/python3.10/dist-packages/ultralytics_ros/msg'...
[25.780s] Compiling '/home/sarthak/precise_docking_ws/install/ultralytics_ros/local/lib/python3.10/dist-packages/ultralytics_ros/msg/__init__.py'...
[25.780s] Compiling '/home/sarthak/precise_docking_ws/install/ultralytics_ros/local/lib/python3.10/dist-packages/ultralytics_ros/msg/_yolo_result.py'...
[25.786s] -- Installing: /home/sarthak/precise_docking_ws/install/ultralytics_ros/local/lib/python3.10/dist-packages/ultralytics_ros/ultralytics_ros_s__rosidl_typesupport_fastrtps_c.cpython-310-x86_64-linux-gnu.so
[25.786s] -- Set runtime path of "/home/sarthak/precise_docking_ws/install/ultralytics_ros/local/lib/python3.10/dist-packages/ultralytics_ros/ultralytics_ros_s__rosidl_typesupport_fastrtps_c.cpython-310-x86_64-linux-gnu.so" to ""
[25.786s] -- Installing: /home/sarthak/precise_docking_ws/install/ultralytics_ros/local/lib/python3.10/dist-packages/ultralytics_ros/ultralytics_ros_s__rosidl_typesupport_introspection_c.cpython-310-x86_64-linux-gnu.so
[25.787s] -- Set runtime path of "/home/sarthak/precise_docking_ws/install/ultralytics_ros/local/lib/python3.10/dist-packages/ultralytics_ros/ultralytics_ros_s__rosidl_typesupport_introspection_c.cpython-310-x86_64-linux-gnu.so" to ""
[25.787s] -- Installing: /home/sarthak/precise_docking_ws/install/ultralytics_ros/local/lib/python3.10/dist-packages/ultralytics_ros/ultralytics_ros_s__rosidl_typesupport_c.cpython-310-x86_64-linux-gnu.so
[25.787s] -- Set runtime path of "/home/sarthak/precise_docking_ws/install/ultralytics_ros/local/lib/python3.10/dist-packages/ultralytics_ros/ultralytics_ros_s__rosidl_typesupport_c.cpython-310-x86_64-linux-gnu.so" to ""
[25.787s] -- Installing: /home/sarthak/precise_docking_ws/install/ultralytics_ros/lib/libultralytics_ros__rosidl_generator_py.so
[25.788s] -- Set runtime path of "/home/sarthak/precise_docking_ws/install/ultralytics_ros/lib/libultralytics_ros__rosidl_generator_py.so" to ""
[25.788s] -- Up-to-date: /home/sarthak/precise_docking_ws/install/ultralytics_ros/share/ultralytics_ros/msg/YoloResult.idl
[25.788s] -- Up-to-date: /home/sarthak/precise_docking_ws/install/ultralytics_ros/share/ultralytics_ros/msg/YoloResult.msg
[25.788s] -- Installing: /home/sarthak/precise_docking_ws/install/ultralytics_ros/lib/ultralytics_ros/tracker_with_cloud_node
[25.799s] -- Set runtime path of "/home/sarthak/precise_docking_ws/install/ultralytics_ros/lib/ultralytics_ros/tracker_with_cloud_node" to ""
[25.799s] -- Up-to-date: /home/sarthak/precise_docking_ws/install/ultralytics_ros/lib/ultralytics_ros/tracker_node.py
[25.799s] -- Up-to-date: /home/sarthak/precise_docking_ws/install/ultralytics_ros/share/ultralytics_ros/launch
[25.799s] -- Up-to-date: /home/sarthak/precise_docking_ws/install/ultralytics_ros/share/ultralytics_ros/launch/tracker.launch.xml
[25.799s] -- Up-to-date: /home/sarthak/precise_docking_ws/install/ultralytics_ros/share/ultralytics_ros/launch/kitti_tracker_with_cloud.launch.xml
[25.799s] -- Up-to-date: /home/sarthak/precise_docking_ws/install/ultralytics_ros/share/ultralytics_ros/launch/tracker_with_cloud.launch.xml
[25.799s] -- Up-to-date: /home/sarthak/precise_docking_ws/install/ultralytics_ros/share/ultralytics_ros/launch/kitti_tracker.launch.xml
[25.799s] -- Up-to-date: /home/sarthak/precise_docking_ws/install/ultralytics_ros/share/ultralytics_ros/rviz2
[25.799s] -- Up-to-date: /home/sarthak/precise_docking_ws/install/ultralytics_ros/share/ultralytics_ros/rviz2/default.rviz
[25.800s] -- Up-to-date: /home/sarthak/precise_docking_ws/install/ultralytics_ros/share/ultralytics_ros/rviz2/kitti.rviz
[25.800s] -- Up-to-date: /home/sarthak/precise_docking_ws/install/ultralytics_ros/share/ament_index/resource_index/package_run_dependencies/ultralytics_ros
[25.800s] -- Installing: /home/sarthak/precise_docking_ws/install/ultralytics_ros/share/ament_index/resource_index/parent_prefix_path/ultralytics_ros
[25.800s] -- Installing: /home/sarthak/precise_docking_ws/install/ultralytics_ros/share/ultralytics_ros/environment/ament_prefix_path.sh
[25.800s] -- Installing: /home/sarthak/precise_docking_ws/install/ultralytics_ros/share/ultralytics_ros/environment/ament_prefix_path.dsv
[25.800s] -- Installing: /home/sarthak/precise_docking_ws/install/ultralytics_ros/share/ultralytics_ros/environment/path.sh
[25.800s] -- Installing: /home/sarthak/precise_docking_ws/install/ultralytics_ros/share/ultralytics_ros/environment/path.dsv
[25.800s] -- Up-to-date: /home/sarthak/precise_docking_ws/install/ultralytics_ros/share/ultralytics_ros/local_setup.bash
[25.800s] -- Up-to-date: /home/sarthak/precise_docking_ws/install/ultralytics_ros/share/ultralytics_ros/local_setup.sh
[25.800s] -- Up-to-date: /home/sarthak/precise_docking_ws/install/ultralytics_ros/share/ultralytics_ros/local_setup.zsh
[25.800s] -- Installing: /home/sarthak/precise_docking_ws/install/ultralytics_ros/share/ultralytics_ros/local_setup.dsv
[25.800s] -- Installing: /home/sarthak/precise_docking_ws/install/ultralytics_ros/share/ultralytics_ros/package.dsv
[25.800s] -- Up-to-date: /home/sarthak/precise_docking_ws/install/ultralytics_ros/share/ament_index/resource_index/packages/ultralytics_ros
[25.800s] -- Up-to-date: /home/sarthak/precise_docking_ws/install/ultralytics_ros/share/ultralytics_ros/cmake/export_ultralytics_ros__rosidl_generator_cExport.cmake
[25.800s] -- Up-to-date: /home/sarthak/precise_docking_ws/install/ultralytics_ros/share/ultralytics_ros/cmake/export_ultralytics_ros__rosidl_generator_cExport-noconfig.cmake
[25.800s] -- Up-to-date: /home/sarthak/precise_docking_ws/install/ultralytics_ros/share/ultralytics_ros/cmake/export_ultralytics_ros__rosidl_typesupport_fastrtps_cExport.cmake
[25.800s] -- Up-to-date: /home/sarthak/precise_docking_ws/install/ultralytics_ros/share/ultralytics_ros/cmake/export_ultralytics_ros__rosidl_typesupport_fastrtps_cExport-noconfig.cmake
[25.801s] -- Up-to-date: /home/sarthak/precise_docking_ws/install/ultralytics_ros/share/ultralytics_ros/cmake/export_ultralytics_ros__rosidl_generator_cppExport.cmake
[25.801s] -- Up-to-date: /home/sarthak/precise_docking_ws/install/ultralytics_ros/share/ultralytics_ros/cmake/export_ultralytics_ros__rosidl_typesupport_fastrtps_cppExport.cmake
[25.801s] -- Up-to-date: /home/sarthak/precise_docking_ws/install/ultralytics_ros/share/ultralytics_ros/cmake/export_ultralytics_ros__rosidl_typesupport_fastrtps_cppExport-noconfig.cmake
[25.801s] -- Up-to-date: /home/sarthak/precise_docking_ws/install/ultralytics_ros/share/ultralytics_ros/cmake/ultralytics_ros__rosidl_typesupport_introspection_cExport.cmake
[25.801s] -- Up-to-date: /home/sarthak/precise_docking_ws/install/ultralytics_ros/share/ultralytics_ros/cmake/ultralytics_ros__rosidl_typesupport_introspection_cExport-noconfig.cmake
[25.801s] -- Up-to-date: /home/sarthak/precise_docking_ws/install/ultralytics_ros/share/ultralytics_ros/cmake/ultralytics_ros__rosidl_typesupport_cExport.cmake
[25.801s] -- Up-to-date: /home/sarthak/precise_docking_ws/install/ultralytics_ros/share/ultralytics_ros/cmake/ultralytics_ros__rosidl_typesupport_cExport-noconfig.cmake
[25.801s] -- Up-to-date: /home/sarthak/precise_docking_ws/install/ultralytics_ros/share/ultralytics_ros/cmake/ultralytics_ros__rosidl_typesupport_introspection_cppExport.cmake
[25.801s] -- Up-to-date: /home/sarthak/precise_docking_ws/install/ultralytics_ros/share/ultralytics_ros/cmake/ultralytics_ros__rosidl_typesupport_introspection_cppExport-noconfig.cmake
[25.801s] -- Up-to-date: /home/sarthak/precise_docking_ws/install/ultralytics_ros/share/ultralytics_ros/cmake/ultralytics_ros__rosidl_typesupport_cppExport.cmake
[25.801s] -- Up-to-date: /home/sarthak/precise_docking_ws/install/ultralytics_ros/share/ultralytics_ros/cmake/ultralytics_ros__rosidl_typesupport_cppExport-noconfig.cmake
[25.801s] -- Up-to-date: /home/sarthak/precise_docking_ws/install/ultralytics_ros/share/ultralytics_ros/cmake/export_ultralytics_ros__rosidl_generator_pyExport.cmake
[25.801s] -- Up-to-date: /home/sarthak/precise_docking_ws/install/ultralytics_ros/share/ultralytics_ros/cmake/export_ultralytics_ros__rosidl_generator_pyExport-noconfig.cmake
[25.801s] -- Up-to-date: /home/sarthak/precise_docking_ws/install/ultralytics_ros/share/ultralytics_ros/cmake/rosidl_cmake-extras.cmake
[25.801s] -- Up-to-date: /home/sarthak/precise_docking_ws/install/ultralytics_ros/share/ultralytics_ros/cmake/ament_cmake_export_dependencies-extras.cmake
[25.801s] -- Up-to-date: /home/sarthak/precise_docking_ws/install/ultralytics_ros/share/ultralytics_ros/cmake/ament_cmake_export_include_directories-extras.cmake
[25.801s] -- Up-to-date: /home/sarthak/precise_docking_ws/install/ultralytics_ros/share/ultralytics_ros/cmake/ament_cmake_export_libraries-extras.cmake
[25.802s] -- Up-to-date: /home/sarthak/precise_docking_ws/install/ultralytics_ros/share/ultralytics_ros/cmake/ament_cmake_export_targets-extras.cmake
[25.802s] -- Up-to-date: /home/sarthak/precise_docking_ws/install/ultralytics_ros/share/ultralytics_ros/cmake/rosidl_cmake_export_typesupport_targets-extras.cmake
[25.802s] -- Up-to-date: /home/sarthak/precise_docking_ws/install/ultralytics_ros/share/ultralytics_ros/cmake/rosidl_cmake_export_typesupport_libraries-extras.cmake
[25.802s] -- Up-to-date: /home/sarthak/precise_docking_ws/install/ultralytics_ros/share/ultralytics_ros/cmake/ultralytics_rosConfig.cmake
[25.802s] -- Up-to-date: /home/sarthak/precise_docking_ws/install/ultralytics_ros/share/ultralytics_ros/cmake/ultralytics_rosConfig-version.cmake
[25.802s] -- Up-to-date: /home/sarthak/precise_docking_ws/install/ultralytics_ros/share/ultralytics_ros/package.xml
[25.804s] Invoked command in '/home/sarthak/precise_docking_ws/build/ultralytics_ros' returned '0': CMAKE_PREFIX_PATH=${CMAKE_PREFIX_PATH}:/home/sarthak/precise_docking_ws/install/template_ros2:/home/sarthak/precise_docking_ws/install/reach_the_goal:/home/sarthak/precise_docking_ws/install/autonomous_exploration:/home/sarthak/precise_docking_ws/install/arcuo_marker_detection:/home/sarthak/precise_docking_ws/install/active_localization:/opt/ros/humble ROS_DOMAIN_ID=31 /usr/bin/cmake --install /home/sarthak/precise_docking_ws/build/ultralytics_ros
