-- The C compiler identification is GNU 11.4.0
-- The CXX compiler identification is GNU 11.4.0
-- Detecting C compiler ABI info
-- Detecting C compiler ABI info - done
-- Check for working C compiler: /usr/bin/cc - skipped
-- Detecting C compile features
-- Detecting C compile features - done
-- Detecting CXX compiler ABI info
-- Detecting CXX compiler ABI info - done
-- Check for working CXX compiler: /usr/bin/c++ - skipped
-- Detecting CXX compile features
-- Detecting CXX compile features - done
-- Found ament_cmake: 1.3.11 (/opt/ros/humble/share/ament_cmake/cmake)
-- Found Python3: /usr/bin/python3 (found version "3.10.12") found components: Interpreter 
-- Override CMake install command with custom implementation using symlinks instead of copying resources
-- Found sensor_msgs: 4.2.4 (/opt/ros/humble/share/sensor_msgs/cmake)
-- Found rosidl_generator_c: 3.1.6 (/opt/ros/humble/share/rosidl_generator_c/cmake)
-- Found rosidl_adapter: 3.1.6 (/opt/ros/humble/share/rosidl_adapter/cmake)
-- Found rosidl_generator_cpp: 3.1.6 (/opt/ros/humble/share/rosidl_generator_cpp/cmake)
-- Using all available rosidl_typesupport_c: rosidl_typesupport_fastrtps_c;rosidl_typesupport_introspection_c
-- Using all available rosidl_typesupport_cpp: rosidl_typesupport_fastrtps_cpp;rosidl_typesupport_introspection_cpp
-- Found rclcpp: 16.0.11 (/opt/ros/humble/share/rclcpp/cmake)
-- Found rmw_implementation_cmake: 6.1.2 (/opt/ros/humble/share/rmw_implementation_cmake/cmake)
-- Found rmw_fastrtps_cpp: 6.2.7 (/opt/ros/humble/share/rmw_fastrtps_cpp/cmake)
-- Found OpenSSL: /usr/lib/x86_64-linux-gnu/libcrypto.so (found version "3.0.2")  
-- Found FastRTPS: /opt/ros/humble/include  
-- Using RMW implementation 'rmw_fastrtps_cpp' as default
-- Looking for pthread.h
-- Looking for pthread.h - found
-- Performing Test CMAKE_HAVE_LIBC_PTHREAD
-- Performing Test CMAKE_HAVE_LIBC_PTHREAD - Success
-- Found Threads: TRUE  
-- Found rclpy: 3.3.15 (/opt/ros/humble/share/rclpy/cmake)
-- Found Boost: /usr/lib/x86_64-linux-gnu/cmake/Boost-1.74.0/BoostConfig.cmake (found version "1.74.0") found components: thread filesystem system program_options date_time 
-- Found Boost: /usr/lib/x86_64-linux-gnu/cmake/Boost-1.74.0/BoostConfig.cmake (found version "1.74.0") found components: thread filesystem system program_options date_time chrono 
-- Found nav_msgs: 4.2.4 (/opt/ros/humble/share/nav_msgs/cmake)
-- Found tf2_ros: 0.25.9 (/opt/ros/humble/share/tf2_ros/cmake)
-- Found tf2_geometry_msgs: 0.25.9 (/opt/ros/humble/share/tf2_geometry_msgs/cmake)
-- Found eigen3_cmake_module: 0.1.1 (/opt/ros/humble/share/eigen3_cmake_module/cmake)
-- Found Eigen3: TRUE (found version "3.4.0") 
-- Ensuring Eigen3 include directory is part of orocos-kdl CMake target
-- Found Python3: /usr/include/python3.10 (found version "3.10.12") found components: Development Development.Module Development.Embed 
-- Found tf2_sensor_msgs: 0.25.9 (/opt/ros/humble/share/tf2_sensor_msgs/cmake)
-- Configuring done
-- Generating done
-- Build files have been written to: /home/sarthak/precise_docking_ws/build/frontend
[ 25%] [32mBuilding CXX object CMakeFiles/cpp_executable.dir/src/cpp_node.cpp.o[0m
[ 50%] Built target ament_cmake_python_symlink_frontend
[ 50%] [32mBuilding CXX object CMakeFiles/icp_node.dir/src/icp_node.cpp.o[0m
running egg_info
creating frontend.egg-info
writing frontend.egg-info/PKG-INFO
writing dependency_links to frontend.egg-info/dependency_links.txt
writing top-level names to frontend.egg-info/top_level.txt
writing manifest file 'frontend.egg-info/SOURCES.txt'
writing manifest file 'frontend.egg-info/SOURCES.txt'
[ 50%] Built target ament_cmake_python_build_frontend_egg
[ 75%] [32m[1mLinking CXX executable cpp_executable[0m
[ 75%] Built target cpp_executable
[100%] [32m[1mLinking CXX executable icp_node[0m
[100%] Built target icp_node
-- Install configuration: ""
-- Execute custom install script
-- Symlinking: /home/sarthak/precise_docking_ws/install/frontend/share/frontend/environment/pythonpath.sh
-- Symlinking: /home/sarthak/precise_docking_ws/install/frontend/share/frontend/environment/pythonpath.dsv
-- Symlinking: /home/sarthak/precise_docking_ws/install/frontend/local/lib/python3.10/dist-packages/frontend-0.0.0-py3.10.egg-info/PKG-INFO
-- Symlinking: /home/sarthak/precise_docking_ws/install/frontend/local/lib/python3.10/dist-packages/frontend-0.0.0-py3.10.egg-info/SOURCES.txt
-- Symlinking: /home/sarthak/precise_docking_ws/install/frontend/local/lib/python3.10/dist-packages/frontend-0.0.0-py3.10.egg-info/dependency_links.txt
-- Symlinking: /home/sarthak/precise_docking_ws/install/frontend/local/lib/python3.10/dist-packages/frontend-0.0.0-py3.10.egg-info/top_level.txt
-- Symlinking: /home/sarthak/precise_docking_ws/install/frontend/local/lib/python3.10/dist-packages/frontend/__init__.py
-- Symlinking: /home/sarthak/precise_docking_ws/install/frontend/local/lib/python3.10/dist-packages/frontend/module_to_import.py
-- Symlinking: /home/sarthak/precise_docking_ws/install/frontend/lib/frontend/localize_with_arcuo.py
-- Symlinking: /home/sarthak/precise_docking_ws/install/frontend/share/ament_index/resource_index/package_run_dependencies/frontend
-- Symlinking: /home/sarthak/precise_docking_ws/install/frontend/share/ament_index/resource_index/parent_prefix_path/frontend
-- Symlinking: /home/sarthak/precise_docking_ws/install/frontend/share/frontend/environment/ament_prefix_path.sh
-- Symlinking: /home/sarthak/precise_docking_ws/install/frontend/share/frontend/environment/ament_prefix_path.dsv
-- Symlinking: /home/sarthak/precise_docking_ws/install/frontend/share/frontend/environment/path.sh
-- Symlinking: /home/sarthak/precise_docking_ws/install/frontend/share/frontend/environment/path.dsv
-- Symlinking: /home/sarthak/precise_docking_ws/install/frontend/share/frontend/local_setup.bash
-- Symlinking: /home/sarthak/precise_docking_ws/install/frontend/share/frontend/local_setup.sh
-- Symlinking: /home/sarthak/precise_docking_ws/install/frontend/share/frontend/local_setup.zsh
-- Symlinking: /home/sarthak/precise_docking_ws/install/frontend/share/frontend/local_setup.dsv
-- Symlinking: /home/sarthak/precise_docking_ws/install/frontend/share/frontend/package.dsv
-- Symlinking: /home/sarthak/precise_docking_ws/install/frontend/share/ament_index/resource_index/packages/frontend
-- Symlinking: /home/sarthak/precise_docking_ws/install/frontend/share/frontend/cmake/frontendConfig.cmake
-- Symlinking: /home/sarthak/precise_docking_ws/install/frontend/share/frontend/cmake/frontendConfig-version.cmake
-- Symlinking: /home/sarthak/precise_docking_ws/install/frontend/share/frontend/package.xml
Listing '/home/sarthak/precise_docking_ws/install/frontend/local/lib/python3.10/dist-packages/frontend'...
Compiling '/home/sarthak/precise_docking_ws/install/frontend/local/lib/python3.10/dist-packages/frontend/__init__.py'...
Compiling '/home/sarthak/precise_docking_ws/install/frontend/local/lib/python3.10/dist-packages/frontend/module_to_import.py'...
