/home/sarthak/.local/lib/python3.10/site-packages/setuptools/_distutils/dist.py:261: UserWarning: Unknown distribution option: 'tests_require'
  warnings.warn(msg)
running egg_info
creating ../../build/reach_the_goal/reach_the_goal.egg-info
writing ../../build/reach_the_goal/reach_the_goal.egg-info/PKG-INFO
writing dependency_links to ../../build/reach_the_goal/reach_the_goal.egg-info/dependency_links.txt
writing entry points to ../../build/reach_the_goal/reach_the_goal.egg-info/entry_points.txt
writing requirements to ../../build/reach_the_goal/reach_the_goal.egg-info/requires.txt
writing top-level names to ../../build/reach_the_goal/reach_the_goal.egg-info/top_level.txt
writing manifest file '../../build/reach_the_goal/reach_the_goal.egg-info/SOURCES.txt'
writing manifest file '../../build/reach_the_goal/reach_the_goal.egg-info/SOURCES.txt'
running build
running build_py
creating /home/sarthak/precise_docking_ws/build/reach_the_goal/build/lib/reach_the_goal
copying reach_the_goal/reach_the_goal_without_parameters.py -> /home/sarthak/precise_docking_ws/build/reach_the_goal/build/lib/reach_the_goal
copying reach_the_goal/reach_the_goal.py -> /home/sarthak/precise_docking_ws/build/reach_the_goal/build/lib/reach_the_goal
copying reach_the_goal/__init__.py -> /home/sarthak/precise_docking_ws/build/reach_the_goal/build/lib/reach_the_goal
copying reach_the_goal/reach_the_goal_working.py -> /home/sarthak/precise_docking_ws/build/reach_the_goal/build/lib/reach_the_goal
running install
running install_lib
creating /home/sarthak/precise_docking_ws/install/reach_the_goal/lib/python3.10/site-packages/reach_the_goal
copying /home/sarthak/precise_docking_ws/build/reach_the_goal/build/lib/reach_the_goal/reach_the_goal_without_parameters.py -> /home/sarthak/precise_docking_ws/install/reach_the_goal/lib/python3.10/site-packages/reach_the_goal
copying /home/sarthak/precise_docking_ws/build/reach_the_goal/build/lib/reach_the_goal/reach_the_goal.py -> /home/sarthak/precise_docking_ws/install/reach_the_goal/lib/python3.10/site-packages/reach_the_goal
copying /home/sarthak/precise_docking_ws/build/reach_the_goal/build/lib/reach_the_goal/__init__.py -> /home/sarthak/precise_docking_ws/install/reach_the_goal/lib/python3.10/site-packages/reach_the_goal
copying /home/sarthak/precise_docking_ws/build/reach_the_goal/build/lib/reach_the_goal/reach_the_goal_working.py -> /home/sarthak/precise_docking_ws/install/reach_the_goal/lib/python3.10/site-packages/reach_the_goal
byte-compiling /home/sarthak/precise_docking_ws/install/reach_the_goal/lib/python3.10/site-packages/reach_the_goal/reach_the_goal_without_parameters.py to reach_the_goal_without_parameters.cpython-310.pyc
byte-compiling /home/sarthak/precise_docking_ws/install/reach_the_goal/lib/python3.10/site-packages/reach_the_goal/reach_the_goal.py to reach_the_goal.cpython-310.pyc
byte-compiling /home/sarthak/precise_docking_ws/install/reach_the_goal/lib/python3.10/site-packages/reach_the_goal/__init__.py to __init__.cpython-310.pyc
byte-compiling /home/sarthak/precise_docking_ws/install/reach_the_goal/lib/python3.10/site-packages/reach_the_goal/reach_the_goal_working.py to reach_the_goal_working.cpython-310.pyc
running install_data
creating /home/sarthak/precise_docking_ws/install/reach_the_goal/share/ament_index/resource_index/packages
copying resource/reach_the_goal -> /home/sarthak/precise_docking_ws/install/reach_the_goal/share/ament_index/resource_index/packages
copying package.xml -> /home/sarthak/precise_docking_ws/install/reach_the_goal/share/reach_the_goal
running install_egg_info
Copying ../../build/reach_the_goal/reach_the_goal.egg-info to /home/sarthak/precise_docking_ws/install/reach_the_goal/lib/python3.10/site-packages/reach_the_goal-0.0.0-py3.10.egg-info
running install_scripts
Installing reach_the_goal_node script to /home/sarthak/precise_docking_ws/install/reach_the_goal/lib/reach_the_goal
writing list of installed files to '/home/sarthak/precise_docking_ws/build/reach_the_goal/install.log'
