[0.463s] DEBUG:colcon:Command line arguments: ['/home/sarthak/.local/bin/colcon', 'build']
[0.463s] DEBUG:colcon:Parsed command line arguments: Namespace(log_base=None, log_level=None, verb_name='build', build_base='build', install_base='install', merge_install=False, symlink_install=False, test_result_base=None, continue_on_error=False, executor='parallel', parallel_workers=20, event_handlers=None, ignore_user_meta=False, metas=['./colcon.meta'], base_paths=['.'], packages_ignore=None, packages_ignore_regex=None, paths=None, packages_up_to=None, packages_up_to_regex=None, packages_above=None, packages_above_and_dependencies=None, packages_above_depth=None, packages_select_by_dep=None, packages_skip_by_dep=None, packages_skip_up_to=None, packages_select_build_failed=False, packages_skip_build_finished=False, packages_select_test_failures=False, packages_skip_test_passed=False, packages_select=None, packages_skip=None, packages_select_regex=None, packages_skip_regex=None, packages_start=None, packages_end=None, allow_overriding=[], bazel_args=None, bazel_task=None, cmake_args=None, cmake_target=None, cmake_target_skip_unavailable=False, cmake_clean_cache=False, cmake_clean_first=False, cmake_force_configure=False, meson_args=[], ament_cmake_args=None, catkin_cmake_args=None, catkin_skip_building_tests=False, mixin_files=None, mixin=None, verb_parser=<colcon_alias.argument_parser.alias.AliasArgumentDecorator object at 0x77c34bd03e80>, verb_extension=<colcon_core.verb.build.BuildVerb object at 0x77c34bd02f50>, main=<bound method BuildVerb.main of <colcon_core.verb.build.BuildVerb object at 0x77c34bd02f50>>, mixin_verb=('build',))
[0.504s] Level 1:colcon.colcon_core.package_discovery:discover_packages(colcon_meta) check parameters
[0.504s] Level 1:colcon.colcon_core.package_discovery:discover_packages(recursive) check parameters
[0.504s] Level 1:colcon.colcon_core.package_discovery:discover_packages(ignore) check parameters
[0.504s] Level 1:colcon.colcon_core.package_discovery:discover_packages(path) check parameters
[0.505s] Level 1:colcon.colcon_core.package_discovery:discover_packages(colcon_meta) discover
[0.505s] Level 1:colcon.colcon_core.package_discovery:discover_packages(recursive) discover
[0.505s] INFO:colcon.colcon_core.package_discovery:Crawling recursively for packages in '/home/sarthak/precise_docking_ws'
[0.505s] Level 1:colcon.colcon_core.package_identification:_identify(.) by extensions ['ignore', 'ignore_ament_install']
[0.505s] Level 1:colcon.colcon_core.package_identification:_identify(.) by extension 'ignore'
[0.506s] Level 1:colcon.colcon_core.package_identification:_identify(.) by extension 'ignore_ament_install'
[0.506s] Level 1:colcon.colcon_core.package_identification:_identify(.) by extensions ['colcon_pkg']
[0.506s] Level 1:colcon.colcon_core.package_identification:_identify(.) by extension 'colcon_pkg'
[0.506s] Level 1:colcon.colcon_core.package_identification:_identify(.) by extensions ['colcon_meta']
[0.507s] Level 1:colcon.colcon_core.package_identification:_identify(.) by extension 'colcon_meta'
[0.507s] Level 1:colcon.colcon_core.package_identification:_identify(.) by extensions ['ros']
[0.507s] Level 1:colcon.colcon_core.package_identification:_identify(.) by extension 'ros'
[0.517s] Level 1:colcon.colcon_core.package_identification:_identify(.) by extensions ['bazel', 'cmake', 'meson', 'python']
[0.517s] Level 1:colcon.colcon_core.package_identification:_identify(.) by extension 'bazel'
[0.517s] Level 1:colcon.colcon_core.package_identification:_identify(.) by extension 'cmake'
[0.517s] Level 1:colcon.colcon_core.package_identification:_identify(.) by extension 'meson'
[0.517s] Level 1:colcon.colcon_core.package_identification:_identify(.) by extension 'python'
[0.518s] Level 1:colcon.colcon_core.package_identification:_identify(.) by extensions ['python_setup_py']
[0.518s] Level 1:colcon.colcon_core.package_identification:_identify(.) by extension 'python_setup_py'
[0.518s] Level 1:colcon.colcon_core.package_identification:_identify(build) by extensions ['ignore', 'ignore_ament_install']
[0.518s] Level 1:colcon.colcon_core.package_identification:_identify(build) by extension 'ignore'
[0.518s] Level 1:colcon.colcon_core.package_identification:_identify(build) ignored
[0.518s] Level 1:colcon.colcon_core.package_identification:_identify(install) by extensions ['ignore', 'ignore_ament_install']
[0.519s] Level 1:colcon.colcon_core.package_identification:_identify(install) by extension 'ignore'
[0.519s] Level 1:colcon.colcon_core.package_identification:_identify(install) ignored
[0.519s] Level 1:colcon.colcon_core.package_identification:_identify(log) by extensions ['ignore', 'ignore_ament_install']
[0.520s] Level 1:colcon.colcon_core.package_identification:_identify(log) by extension 'ignore'
[0.520s] Level 1:colcon.colcon_core.package_identification:_identify(log) ignored
[0.520s] Level 1:colcon.colcon_core.package_identification:_identify(plots) by extensions ['ignore', 'ignore_ament_install']
[0.520s] Level 1:colcon.colcon_core.package_identification:_identify(plots) by extension 'ignore'
[0.520s] Level 1:colcon.colcon_core.package_identification:_identify(plots) by extension 'ignore_ament_install'
[0.520s] Level 1:colcon.colcon_core.package_identification:_identify(plots) by extensions ['colcon_pkg']
[0.520s] Level 1:colcon.colcon_core.package_identification:_identify(plots) by extension 'colcon_pkg'
[0.520s] Level 1:colcon.colcon_core.package_identification:_identify(plots) by extensions ['colcon_meta']
[0.520s] Level 1:colcon.colcon_core.package_identification:_identify(plots) by extension 'colcon_meta'
[0.520s] Level 1:colcon.colcon_core.package_identification:_identify(plots) by extensions ['ros']
[0.520s] Level 1:colcon.colcon_core.package_identification:_identify(plots) by extension 'ros'
[0.521s] Level 1:colcon.colcon_core.package_identification:_identify(plots) by extensions ['bazel', 'cmake', 'meson', 'python']
[0.521s] Level 1:colcon.colcon_core.package_identification:_identify(plots) by extension 'bazel'
[0.521s] Level 1:colcon.colcon_core.package_identification:_identify(plots) by extension 'cmake'
[0.521s] Level 1:colcon.colcon_core.package_identification:_identify(plots) by extension 'meson'
[0.521s] Level 1:colcon.colcon_core.package_identification:_identify(plots) by extension 'python'
[0.521s] Level 1:colcon.colcon_core.package_identification:_identify(plots) by extensions ['python_setup_py']
[0.521s] Level 1:colcon.colcon_core.package_identification:_identify(plots) by extension 'python_setup_py'
[0.521s] Level 1:colcon.colcon_core.package_identification:_identify(src) by extensions ['ignore', 'ignore_ament_install']
[0.521s] Level 1:colcon.colcon_core.package_identification:_identify(src) by extension 'ignore'
[0.521s] Level 1:colcon.colcon_core.package_identification:_identify(src) by extension 'ignore_ament_install'
[0.521s] Level 1:colcon.colcon_core.package_identification:_identify(src) by extensions ['colcon_pkg']
[0.521s] Level 1:colcon.colcon_core.package_identification:_identify(src) by extension 'colcon_pkg'
[0.521s] Level 1:colcon.colcon_core.package_identification:_identify(src) by extensions ['colcon_meta']
[0.521s] Level 1:colcon.colcon_core.package_identification:_identify(src) by extension 'colcon_meta'
[0.521s] Level 1:colcon.colcon_core.package_identification:_identify(src) by extensions ['ros']
[0.521s] Level 1:colcon.colcon_core.package_identification:_identify(src) by extension 'ros'
[0.521s] Level 1:colcon.colcon_core.package_identification:_identify(src) by extensions ['bazel', 'cmake', 'meson', 'python']
[0.521s] Level 1:colcon.colcon_core.package_identification:_identify(src) by extension 'bazel'
[0.521s] Level 1:colcon.colcon_core.package_identification:_identify(src) by extension 'cmake'
[0.521s] Level 1:colcon.colcon_core.package_identification:_identify(src) by extension 'meson'
[0.521s] Level 1:colcon.colcon_core.package_identification:_identify(src) by extension 'python'
[0.521s] Level 1:colcon.colcon_core.package_identification:_identify(src) by extensions ['python_setup_py']
[0.521s] Level 1:colcon.colcon_core.package_identification:_identify(src) by extension 'python_setup_py'
[0.521s] Level 1:colcon.colcon_core.package_identification:_identify(src/arcuo_marker_detection) by extensions ['ignore', 'ignore_ament_install']
[0.521s] Level 1:colcon.colcon_core.package_identification:_identify(src/arcuo_marker_detection) by extension 'ignore'
[0.522s] Level 1:colcon.colcon_core.package_identification:_identify(src/arcuo_marker_detection) by extension 'ignore_ament_install'
[0.522s] Level 1:colcon.colcon_core.package_identification:_identify(src/arcuo_marker_detection) by extensions ['colcon_pkg']
[0.522s] Level 1:colcon.colcon_core.package_identification:_identify(src/arcuo_marker_detection) by extension 'colcon_pkg'
[0.522s] Level 1:colcon.colcon_core.package_identification:_identify(src/arcuo_marker_detection) by extensions ['colcon_meta']
[0.522s] Level 1:colcon.colcon_core.package_identification:_identify(src/arcuo_marker_detection) by extension 'colcon_meta'
[0.522s] Level 1:colcon.colcon_core.package_identification:_identify(src/arcuo_marker_detection) by extensions ['ros']
[0.522s] Level 1:colcon.colcon_core.package_identification:_identify(src/arcuo_marker_detection) by extension 'ros'
[0.526s] DEBUG:colcon.colcon_core.package_identification:Package 'src/arcuo_marker_detection' with type 'ros.ament_python' and name 'arcuo_marker_detection'
[0.526s] Level 1:colcon.colcon_core.package_identification:_identify(src/docking_bringup) by extensions ['ignore', 'ignore_ament_install']
[0.526s] Level 1:colcon.colcon_core.package_identification:_identify(src/docking_bringup) by extension 'ignore'
[0.526s] Level 1:colcon.colcon_core.package_identification:_identify(src/docking_bringup) by extension 'ignore_ament_install'
[0.526s] Level 1:colcon.colcon_core.package_identification:_identify(src/docking_bringup) by extensions ['colcon_pkg']
[0.526s] Level 1:colcon.colcon_core.package_identification:_identify(src/docking_bringup) by extension 'colcon_pkg'
[0.526s] Level 1:colcon.colcon_core.package_identification:_identify(src/docking_bringup) by extensions ['colcon_meta']
[0.526s] Level 1:colcon.colcon_core.package_identification:_identify(src/docking_bringup) by extension 'colcon_meta'
[0.526s] Level 1:colcon.colcon_core.package_identification:_identify(src/docking_bringup) by extensions ['ros']
[0.526s] Level 1:colcon.colcon_core.package_identification:_identify(src/docking_bringup) by extension 'ros'
[0.527s] DEBUG:colcon.colcon_core.package_identification:Package 'src/docking_bringup' with type 'ros.ament_cmake' and name 'docking_bringup'
[0.527s] Level 1:colcon.colcon_core.package_identification:_identify(src/frontend) by extensions ['ignore', 'ignore_ament_install']
[0.527s] Level 1:colcon.colcon_core.package_identification:_identify(src/frontend) by extension 'ignore'
[0.527s] Level 1:colcon.colcon_core.package_identification:_identify(src/frontend) by extension 'ignore_ament_install'
[0.527s] Level 1:colcon.colcon_core.package_identification:_identify(src/frontend) by extensions ['colcon_pkg']
[0.527s] Level 1:colcon.colcon_core.package_identification:_identify(src/frontend) by extension 'colcon_pkg'
[0.527s] Level 1:colcon.colcon_core.package_identification:_identify(src/frontend) by extensions ['colcon_meta']
[0.527s] Level 1:colcon.colcon_core.package_identification:_identify(src/frontend) by extension 'colcon_meta'
[0.527s] Level 1:colcon.colcon_core.package_identification:_identify(src/frontend) by extensions ['ros']
[0.527s] Level 1:colcon.colcon_core.package_identification:_identify(src/frontend) by extension 'ros'
[0.528s] DEBUG:colcon.colcon_core.package_identification:Package 'src/frontend' with type 'ros.ament_cmake' and name 'frontend'
[0.529s] Level 1:colcon.colcon_core.package_identification:_identify(src/reach_the_goal) by extensions ['ignore', 'ignore_ament_install']
[0.529s] Level 1:colcon.colcon_core.package_identification:_identify(src/reach_the_goal) by extension 'ignore'
[0.529s] Level 1:colcon.colcon_core.package_identification:_identify(src/reach_the_goal) by extension 'ignore_ament_install'
[0.529s] Level 1:colcon.colcon_core.package_identification:_identify(src/reach_the_goal) by extensions ['colcon_pkg']
[0.529s] Level 1:colcon.colcon_core.package_identification:_identify(src/reach_the_goal) by extension 'colcon_pkg'
[0.529s] Level 1:colcon.colcon_core.package_identification:_identify(src/reach_the_goal) by extensions ['colcon_meta']
[0.529s] Level 1:colcon.colcon_core.package_identification:_identify(src/reach_the_goal) by extension 'colcon_meta'
[0.529s] Level 1:colcon.colcon_core.package_identification:_identify(src/reach_the_goal) by extensions ['ros']
[0.529s] Level 1:colcon.colcon_core.package_identification:_identify(src/reach_the_goal) by extension 'ros'
[0.529s] DEBUG:colcon.colcon_core.package_identification:Package 'src/reach_the_goal' with type 'ros.ament_python' and name 'reach_the_goal'
[0.529s] Level 1:colcon.colcon_core.package_identification:_identify(src/teleop_cpp_ros2) by extensions ['ignore', 'ignore_ament_install']
[0.529s] Level 1:colcon.colcon_core.package_identification:_identify(src/teleop_cpp_ros2) by extension 'ignore'
[0.529s] Level 1:colcon.colcon_core.package_identification:_identify(src/teleop_cpp_ros2) by extension 'ignore_ament_install'
[0.529s] Level 1:colcon.colcon_core.package_identification:_identify(src/teleop_cpp_ros2) by extensions ['colcon_pkg']
[0.529s] Level 1:colcon.colcon_core.package_identification:_identify(src/teleop_cpp_ros2) by extension 'colcon_pkg'
[0.530s] Level 1:colcon.colcon_core.package_identification:_identify(src/teleop_cpp_ros2) by extensions ['colcon_meta']
[0.530s] Level 1:colcon.colcon_core.package_identification:_identify(src/teleop_cpp_ros2) by extension 'colcon_meta'
[0.530s] Level 1:colcon.colcon_core.package_identification:_identify(src/teleop_cpp_ros2) by extensions ['ros']
[0.530s] Level 1:colcon.colcon_core.package_identification:_identify(src/teleop_cpp_ros2) by extension 'ros'
[0.530s] DEBUG:colcon.colcon_core.package_identification:Package 'src/teleop_cpp_ros2' with type 'ros.ament_cmake' and name 'teleop_cpp_ros2'
[0.530s] Level 1:colcon.colcon_core.package_identification:_identify(src/template_ros2) by extensions ['ignore', 'ignore_ament_install']
[0.530s] Level 1:colcon.colcon_core.package_identification:_identify(src/template_ros2) by extension 'ignore'
[0.530s] Level 1:colcon.colcon_core.package_identification:_identify(src/template_ros2) by extension 'ignore_ament_install'
[0.530s] Level 1:colcon.colcon_core.package_identification:_identify(src/template_ros2) by extensions ['colcon_pkg']
[0.530s] Level 1:colcon.colcon_core.package_identification:_identify(src/template_ros2) by extension 'colcon_pkg'
[0.530s] Level 1:colcon.colcon_core.package_identification:_identify(src/template_ros2) by extensions ['colcon_meta']
[0.530s] Level 1:colcon.colcon_core.package_identification:_identify(src/template_ros2) by extension 'colcon_meta'
[0.530s] Level 1:colcon.colcon_core.package_identification:_identify(src/template_ros2) by extensions ['ros']
[0.530s] Level 1:colcon.colcon_core.package_identification:_identify(src/template_ros2) by extension 'ros'
[0.531s] DEBUG:colcon.colcon_core.package_identification:Package 'src/template_ros2' with type 'ros.ament_python' and name 'template_ros2'
[0.531s] Level 1:colcon.colcon_core.package_discovery:discover_packages(recursive) using defaults
[0.531s] Level 1:colcon.colcon_core.package_discovery:discover_packages(ignore) discover
[0.531s] Level 1:colcon.colcon_core.package_discovery:discover_packages(ignore) using defaults
[0.531s] Level 1:colcon.colcon_core.package_discovery:discover_packages(path) discover
[0.531s] Level 1:colcon.colcon_core.package_discovery:discover_packages(path) using defaults
[0.562s] Level 1:colcon.colcon_core.package_discovery:discover_packages(prefix_path) check parameters
[0.562s] Level 1:colcon.colcon_core.package_discovery:discover_packages(prefix_path) discover
[0.565s] DEBUG:colcon.colcon_installed_package_information.package_discovery:Found 9 installed packages in /home/sarthak/precise_docking_ws/install
[0.567s] DEBUG:colcon.colcon_installed_package_information.package_discovery:Found 295 installed packages in /opt/ros/humble
[0.568s] Level 1:colcon.colcon_core.package_discovery:discover_packages(prefix_path) using defaults
[0.629s] Level 5:colcon.colcon_core.verb:set package 'arcuo_marker_detection' build argument 'bazel_args' from command line to 'None'
[0.629s] Level 5:colcon.colcon_core.verb:set package 'arcuo_marker_detection' build argument 'bazel_task' from command line to 'None'
[0.629s] Level 5:colcon.colcon_core.verb:set package 'arcuo_marker_detection' build argument 'cmake_args' from command line to 'None'
[0.629s] Level 5:colcon.colcon_core.verb:set package 'arcuo_marker_detection' build argument 'cmake_target' from command line to 'None'
[0.629s] Level 5:colcon.colcon_core.verb:set package 'arcuo_marker_detection' build argument 'cmake_target_skip_unavailable' from command line to 'False'
[0.629s] Level 5:colcon.colcon_core.verb:set package 'arcuo_marker_detection' build argument 'cmake_clean_cache' from command line to 'False'
[0.629s] Level 5:colcon.colcon_core.verb:set package 'arcuo_marker_detection' build argument 'cmake_clean_first' from command line to 'False'
[0.629s] Level 5:colcon.colcon_core.verb:set package 'arcuo_marker_detection' build argument 'cmake_force_configure' from command line to 'False'
[0.629s] Level 5:colcon.colcon_core.verb:set package 'arcuo_marker_detection' build argument 'meson_args' from command line to '[]'
[0.629s] Level 5:colcon.colcon_core.verb:set package 'arcuo_marker_detection' build argument 'ament_cmake_args' from command line to 'None'
[0.629s] Level 5:colcon.colcon_core.verb:set package 'arcuo_marker_detection' build argument 'catkin_cmake_args' from command line to 'None'
[0.629s] Level 5:colcon.colcon_core.verb:set package 'arcuo_marker_detection' build argument 'catkin_skip_building_tests' from command line to 'False'
[0.629s] DEBUG:colcon.colcon_core.verb:Building package 'arcuo_marker_detection' with the following arguments: {'ament_cmake_args': None, 'bazel_args': None, 'bazel_task': None, 'build_base': '/home/sarthak/precise_docking_ws/build/arcuo_marker_detection', 'catkin_cmake_args': None, 'catkin_skip_building_tests': False, 'cmake_args': None, 'cmake_clean_cache': False, 'cmake_clean_first': False, 'cmake_force_configure': False, 'cmake_target': None, 'cmake_target_skip_unavailable': False, 'install_base': '/home/sarthak/precise_docking_ws/install/arcuo_marker_detection', 'merge_install': False, 'meson_args': [], 'path': '/home/sarthak/precise_docking_ws/src/arcuo_marker_detection', 'symlink_install': False, 'test_result_base': None}
[0.645s] Level 5:colcon.colcon_core.verb:set package 'frontend' build argument 'bazel_args' from command line to 'None'
[0.645s] Level 5:colcon.colcon_core.verb:set package 'frontend' build argument 'bazel_task' from command line to 'None'
[0.646s] Level 5:colcon.colcon_core.verb:set package 'frontend' build argument 'cmake_args' from command line to 'None'
[0.646s] Level 5:colcon.colcon_core.verb:set package 'frontend' build argument 'cmake_target' from command line to 'None'
[0.646s] Level 5:colcon.colcon_core.verb:set package 'frontend' build argument 'cmake_target_skip_unavailable' from command line to 'False'
[0.646s] Level 5:colcon.colcon_core.verb:set package 'frontend' build argument 'cmake_clean_cache' from command line to 'False'
[0.646s] Level 5:colcon.colcon_core.verb:set package 'frontend' build argument 'cmake_clean_first' from command line to 'False'
[0.646s] Level 5:colcon.colcon_core.verb:set package 'frontend' build argument 'cmake_force_configure' from command line to 'False'
[0.646s] Level 5:colcon.colcon_core.verb:set package 'frontend' build argument 'meson_args' from command line to '[]'
[0.646s] Level 5:colcon.colcon_core.verb:set package 'frontend' build argument 'ament_cmake_args' from command line to 'None'
[0.646s] Level 5:colcon.colcon_core.verb:set package 'frontend' build argument 'catkin_cmake_args' from command line to 'None'
[0.646s] Level 5:colcon.colcon_core.verb:set package 'frontend' build argument 'catkin_skip_building_tests' from command line to 'False'
[0.646s] DEBUG:colcon.colcon_core.verb:Building package 'frontend' with the following arguments: {'ament_cmake_args': None, 'bazel_args': None, 'bazel_task': None, 'build_base': '/home/sarthak/precise_docking_ws/build/frontend', 'catkin_cmake_args': None, 'catkin_skip_building_tests': False, 'cmake_args': None, 'cmake_clean_cache': False, 'cmake_clean_first': False, 'cmake_force_configure': False, 'cmake_target': None, 'cmake_target_skip_unavailable': False, 'install_base': '/home/sarthak/precise_docking_ws/install/frontend', 'merge_install': False, 'meson_args': [], 'path': '/home/sarthak/precise_docking_ws/src/frontend', 'symlink_install': False, 'test_result_base': None}
[0.655s] Level 5:colcon.colcon_core.verb:set package 'reach_the_goal' build argument 'bazel_args' from command line to 'None'
[0.655s] Level 5:colcon.colcon_core.verb:set package 'reach_the_goal' build argument 'bazel_task' from command line to 'None'
[0.655s] Level 5:colcon.colcon_core.verb:set package 'reach_the_goal' build argument 'cmake_args' from command line to 'None'
[0.655s] Level 5:colcon.colcon_core.verb:set package 'reach_the_goal' build argument 'cmake_target' from command line to 'None'
[0.655s] Level 5:colcon.colcon_core.verb:set package 'reach_the_goal' build argument 'cmake_target_skip_unavailable' from command line to 'False'
[0.655s] Level 5:colcon.colcon_core.verb:set package 'reach_the_goal' build argument 'cmake_clean_cache' from command line to 'False'
[0.655s] Level 5:colcon.colcon_core.verb:set package 'reach_the_goal' build argument 'cmake_clean_first' from command line to 'False'
[0.655s] Level 5:colcon.colcon_core.verb:set package 'reach_the_goal' build argument 'cmake_force_configure' from command line to 'False'
[0.655s] Level 5:colcon.colcon_core.verb:set package 'reach_the_goal' build argument 'meson_args' from command line to '[]'
[0.655s] Level 5:colcon.colcon_core.verb:set package 'reach_the_goal' build argument 'ament_cmake_args' from command line to 'None'
[0.655s] Level 5:colcon.colcon_core.verb:set package 'reach_the_goal' build argument 'catkin_cmake_args' from command line to 'None'
[0.655s] Level 5:colcon.colcon_core.verb:set package 'reach_the_goal' build argument 'catkin_skip_building_tests' from command line to 'False'
[0.655s] DEBUG:colcon.colcon_core.verb:Building package 'reach_the_goal' with the following arguments: {'ament_cmake_args': None, 'bazel_args': None, 'bazel_task': None, 'build_base': '/home/sarthak/precise_docking_ws/build/reach_the_goal', 'catkin_cmake_args': None, 'catkin_skip_building_tests': False, 'cmake_args': None, 'cmake_clean_cache': False, 'cmake_clean_first': False, 'cmake_force_configure': False, 'cmake_target': None, 'cmake_target_skip_unavailable': False, 'install_base': '/home/sarthak/precise_docking_ws/install/reach_the_goal', 'merge_install': False, 'meson_args': [], 'path': '/home/sarthak/precise_docking_ws/src/reach_the_goal', 'symlink_install': False, 'test_result_base': None}
[0.663s] Level 5:colcon.colcon_core.verb:set package 'teleop_cpp_ros2' build argument 'bazel_args' from command line to 'None'
[0.663s] Level 5:colcon.colcon_core.verb:set package 'teleop_cpp_ros2' build argument 'bazel_task' from command line to 'None'
[0.663s] Level 5:colcon.colcon_core.verb:set package 'teleop_cpp_ros2' build argument 'cmake_args' from command line to 'None'
[0.663s] Level 5:colcon.colcon_core.verb:set package 'teleop_cpp_ros2' build argument 'cmake_target' from command line to 'None'
[0.663s] Level 5:colcon.colcon_core.verb:set package 'teleop_cpp_ros2' build argument 'cmake_target_skip_unavailable' from command line to 'False'
[0.663s] Level 5:colcon.colcon_core.verb:set package 'teleop_cpp_ros2' build argument 'cmake_clean_cache' from command line to 'False'
[0.663s] Level 5:colcon.colcon_core.verb:set package 'teleop_cpp_ros2' build argument 'cmake_clean_first' from command line to 'False'
[0.663s] Level 5:colcon.colcon_core.verb:set package 'teleop_cpp_ros2' build argument 'cmake_force_configure' from command line to 'False'
[0.663s] Level 5:colcon.colcon_core.verb:set package 'teleop_cpp_ros2' build argument 'meson_args' from command line to '[]'
[0.663s] Level 5:colcon.colcon_core.verb:set package 'teleop_cpp_ros2' build argument 'ament_cmake_args' from command line to 'None'
[0.663s] Level 5:colcon.colcon_core.verb:set package 'teleop_cpp_ros2' build argument 'catkin_cmake_args' from command line to 'None'
[0.663s] Level 5:colcon.colcon_core.verb:set package 'teleop_cpp_ros2' build argument 'catkin_skip_building_tests' from command line to 'False'
[0.663s] DEBUG:colcon.colcon_core.verb:Building package 'teleop_cpp_ros2' with the following arguments: {'ament_cmake_args': None, 'bazel_args': None, 'bazel_task': None, 'build_base': '/home/sarthak/precise_docking_ws/build/teleop_cpp_ros2', 'catkin_cmake_args': None, 'catkin_skip_building_tests': False, 'cmake_args': None, 'cmake_clean_cache': False, 'cmake_clean_first': False, 'cmake_force_configure': False, 'cmake_target': None, 'cmake_target_skip_unavailable': False, 'install_base': '/home/sarthak/precise_docking_ws/install/teleop_cpp_ros2', 'merge_install': False, 'meson_args': [], 'path': '/home/sarthak/precise_docking_ws/src/teleop_cpp_ros2', 'symlink_install': False, 'test_result_base': None}
[0.675s] Level 5:colcon.colcon_core.verb:set package 'template_ros2' build argument 'bazel_args' from command line to 'None'
[0.676s] Level 5:colcon.colcon_core.verb:set package 'template_ros2' build argument 'bazel_task' from command line to 'None'
[0.676s] Level 5:colcon.colcon_core.verb:set package 'template_ros2' build argument 'cmake_args' from command line to 'None'
[0.676s] Level 5:colcon.colcon_core.verb:set package 'template_ros2' build argument 'cmake_target' from command line to 'None'
[0.676s] Level 5:colcon.colcon_core.verb:set package 'template_ros2' build argument 'cmake_target_skip_unavailable' from command line to 'False'
[0.676s] Level 5:colcon.colcon_core.verb:set package 'template_ros2' build argument 'cmake_clean_cache' from command line to 'False'
[0.676s] Level 5:colcon.colcon_core.verb:set package 'template_ros2' build argument 'cmake_clean_first' from command line to 'False'
[0.676s] Level 5:colcon.colcon_core.verb:set package 'template_ros2' build argument 'cmake_force_configure' from command line to 'False'
[0.676s] Level 5:colcon.colcon_core.verb:set package 'template_ros2' build argument 'meson_args' from command line to '[]'
[0.676s] Level 5:colcon.colcon_core.verb:set package 'template_ros2' build argument 'ament_cmake_args' from command line to 'None'
[0.676s] Level 5:colcon.colcon_core.verb:set package 'template_ros2' build argument 'catkin_cmake_args' from command line to 'None'
[0.676s] Level 5:colcon.colcon_core.verb:set package 'template_ros2' build argument 'catkin_skip_building_tests' from command line to 'False'
[0.676s] DEBUG:colcon.colcon_core.verb:Building package 'template_ros2' with the following arguments: {'ament_cmake_args': None, 'bazel_args': None, 'bazel_task': None, 'build_base': '/home/sarthak/precise_docking_ws/build/template_ros2', 'catkin_cmake_args': None, 'catkin_skip_building_tests': False, 'cmake_args': None, 'cmake_clean_cache': False, 'cmake_clean_first': False, 'cmake_force_configure': False, 'cmake_target': None, 'cmake_target_skip_unavailable': False, 'install_base': '/home/sarthak/precise_docking_ws/install/template_ros2', 'merge_install': False, 'meson_args': [], 'path': '/home/sarthak/precise_docking_ws/src/template_ros2', 'symlink_install': False, 'test_result_base': None}
[0.685s] Level 5:colcon.colcon_core.verb:set package 'docking_bringup' build argument 'bazel_args' from command line to 'None'
[0.685s] Level 5:colcon.colcon_core.verb:set package 'docking_bringup' build argument 'bazel_task' from command line to 'None'
[0.685s] Level 5:colcon.colcon_core.verb:set package 'docking_bringup' build argument 'cmake_args' from command line to 'None'
[0.685s] Level 5:colcon.colcon_core.verb:set package 'docking_bringup' build argument 'cmake_target' from command line to 'None'
[0.685s] Level 5:colcon.colcon_core.verb:set package 'docking_bringup' build argument 'cmake_target_skip_unavailable' from command line to 'False'
[0.685s] Level 5:colcon.colcon_core.verb:set package 'docking_bringup' build argument 'cmake_clean_cache' from command line to 'False'
[0.685s] Level 5:colcon.colcon_core.verb:set package 'docking_bringup' build argument 'cmake_clean_first' from command line to 'False'
[0.685s] Level 5:colcon.colcon_core.verb:set package 'docking_bringup' build argument 'cmake_force_configure' from command line to 'False'
[0.685s] Level 5:colcon.colcon_core.verb:set package 'docking_bringup' build argument 'meson_args' from command line to '[]'
[0.685s] Level 5:colcon.colcon_core.verb:set package 'docking_bringup' build argument 'ament_cmake_args' from command line to 'None'
[0.685s] Level 5:colcon.colcon_core.verb:set package 'docking_bringup' build argument 'catkin_cmake_args' from command line to 'None'
[0.685s] Level 5:colcon.colcon_core.verb:set package 'docking_bringup' build argument 'catkin_skip_building_tests' from command line to 'False'
[0.685s] DEBUG:colcon.colcon_core.verb:Building package 'docking_bringup' with the following arguments: {'ament_cmake_args': None, 'bazel_args': None, 'bazel_task': None, 'build_base': '/home/sarthak/precise_docking_ws/build/docking_bringup', 'catkin_cmake_args': None, 'catkin_skip_building_tests': False, 'cmake_args': None, 'cmake_clean_cache': False, 'cmake_clean_first': False, 'cmake_force_configure': False, 'cmake_target': None, 'cmake_target_skip_unavailable': False, 'install_base': '/home/sarthak/precise_docking_ws/install/docking_bringup', 'merge_install': False, 'meson_args': [], 'path': '/home/sarthak/precise_docking_ws/src/docking_bringup', 'symlink_install': False, 'test_result_base': None}
[0.686s] INFO:colcon.colcon_core.executor:Executing jobs using 'parallel' executor
[0.687s] DEBUG:colcon.colcon_parallel_executor.executor.parallel:run_until_complete
[0.687s] INFO:colcon.colcon_ros.task.ament_python.build:Building ROS package in '/home/sarthak/precise_docking_ws/src/arcuo_marker_detection' with build type 'ament_python'
[0.687s] Level 1:colcon.colcon_core.shell:create_environment_hook('arcuo_marker_detection', 'ament_prefix_path')
[0.690s] INFO:colcon.colcon_core.plugin_system:Skipping extension 'colcon_core.shell.bat': Not used on non-Windows systems
[0.691s] INFO:colcon.colcon_core.shell:Creating environment hook '/home/sarthak/precise_docking_ws/install/arcuo_marker_detection/share/arcuo_marker_detection/hook/ament_prefix_path.ps1'
[0.691s] INFO:colcon.colcon_core.shell:Creating environment descriptor '/home/sarthak/precise_docking_ws/install/arcuo_marker_detection/share/arcuo_marker_detection/hook/ament_prefix_path.dsv'
[0.692s] INFO:colcon.colcon_core.shell:Creating environment hook '/home/sarthak/precise_docking_ws/install/arcuo_marker_detection/share/arcuo_marker_detection/hook/ament_prefix_path.sh'
[0.692s] DEBUG:colcon.colcon_ros_domain_id_coordinator.shell.ros_domain_id:Allocated ROS_DOMAIN_ID=230 for '/home/sarthak/precise_docking_ws/build/arcuo_marker_detection'
[0.692s] INFO:colcon.colcon_core.shell:Skip shell extension 'ros_domain_id' for command environment: 
[0.692s] INFO:colcon.colcon_core.shell:Skip shell extension 'powershell' for command environment: Not usable outside of PowerShell
[0.692s] DEBUG:colcon.colcon_core.shell:Skip shell extension 'dsv' for command environment
[0.696s] INFO:colcon.colcon_ros.task.ament_cmake.build:Building ROS package in '/home/sarthak/precise_docking_ws/src/frontend' with build type 'ament_cmake'
[0.696s] INFO:colcon.colcon_cmake.task.cmake.build:Building CMake package in '/home/sarthak/precise_docking_ws/src/frontend'
[0.696s] DEBUG:colcon.colcon_ros_domain_id_coordinator.shell.ros_domain_id:Allocated ROS_DOMAIN_ID=55 for '/home/sarthak/precise_docking_ws/build/frontend'
[0.696s] INFO:colcon.colcon_core.shell:Skip shell extension 'ros_domain_id' for command environment: 
[0.696s] INFO:colcon.colcon_core.shell:Skip shell extension 'powershell' for command environment: Not usable outside of PowerShell
[0.696s] DEBUG:colcon.colcon_core.shell:Skip shell extension 'dsv' for command environment
[0.701s] INFO:colcon.colcon_ros.task.ament_python.build:Building ROS package in '/home/sarthak/precise_docking_ws/src/reach_the_goal' with build type 'ament_python'
[0.701s] Level 1:colcon.colcon_core.shell:create_environment_hook('reach_the_goal', 'ament_prefix_path')
[0.702s] INFO:colcon.colcon_core.shell:Creating environment hook '/home/sarthak/precise_docking_ws/install/reach_the_goal/share/reach_the_goal/hook/ament_prefix_path.ps1'
[0.702s] INFO:colcon.colcon_core.shell:Creating environment descriptor '/home/sarthak/precise_docking_ws/install/reach_the_goal/share/reach_the_goal/hook/ament_prefix_path.dsv'
[0.703s] INFO:colcon.colcon_core.shell:Creating environment hook '/home/sarthak/precise_docking_ws/install/reach_the_goal/share/reach_the_goal/hook/ament_prefix_path.sh'
[0.703s] DEBUG:colcon.colcon_ros_domain_id_coordinator.shell.ros_domain_id:Allocated ROS_DOMAIN_ID=20 for '/home/sarthak/precise_docking_ws/build/reach_the_goal'
[0.703s] INFO:colcon.colcon_core.shell:Skip shell extension 'ros_domain_id' for command environment: 
[0.703s] INFO:colcon.colcon_core.shell:Skip shell extension 'powershell' for command environment: Not usable outside of PowerShell
[0.704s] DEBUG:colcon.colcon_core.shell:Skip shell extension 'dsv' for command environment
[0.708s] INFO:colcon.colcon_ros.task.ament_cmake.build:Building ROS package in '/home/sarthak/precise_docking_ws/src/teleop_cpp_ros2' with build type 'ament_cmake'
[0.708s] INFO:colcon.colcon_cmake.task.cmake.build:Building CMake package in '/home/sarthak/precise_docking_ws/src/teleop_cpp_ros2'
[0.709s] DEBUG:colcon.colcon_ros_domain_id_coordinator.shell.ros_domain_id:Allocated ROS_DOMAIN_ID=44 for '/home/sarthak/precise_docking_ws/build/teleop_cpp_ros2'
[0.709s] INFO:colcon.colcon_core.shell:Skip shell extension 'ros_domain_id' for command environment: 
[0.709s] INFO:colcon.colcon_core.shell:Skip shell extension 'powershell' for command environment: Not usable outside of PowerShell
[0.709s] DEBUG:colcon.colcon_core.shell:Skip shell extension 'dsv' for command environment
[0.717s] INFO:colcon.colcon_ros.task.ament_python.build:Building ROS package in '/home/sarthak/precise_docking_ws/src/template_ros2' with build type 'ament_python'
[0.717s] Level 1:colcon.colcon_core.shell:create_environment_hook('template_ros2', 'ament_prefix_path')
[0.717s] INFO:colcon.colcon_core.shell:Creating environment hook '/home/sarthak/precise_docking_ws/install/template_ros2/share/template_ros2/hook/ament_prefix_path.ps1'
[0.718s] INFO:colcon.colcon_core.shell:Creating environment descriptor '/home/sarthak/precise_docking_ws/install/template_ros2/share/template_ros2/hook/ament_prefix_path.dsv'
[0.719s] INFO:colcon.colcon_core.shell:Creating environment hook '/home/sarthak/precise_docking_ws/install/template_ros2/share/template_ros2/hook/ament_prefix_path.sh'
[0.720s] DEBUG:colcon.colcon_ros_domain_id_coordinator.shell.ros_domain_id:Allocated ROS_DOMAIN_ID=29 for '/home/sarthak/precise_docking_ws/build/template_ros2'
[0.720s] INFO:colcon.colcon_core.shell:Skip shell extension 'ros_domain_id' for command environment: 
[0.720s] INFO:colcon.colcon_core.shell:Skip shell extension 'powershell' for command environment: Not usable outside of PowerShell
[0.720s] DEBUG:colcon.colcon_core.shell:Skip shell extension 'dsv' for command environment
[0.990s] INFO:colcon.colcon_core.task.python.build:Building Python package in '/home/sarthak/precise_docking_ws/src/arcuo_marker_detection'
[0.991s] DEBUG:colcon.colcon_ros_domain_id_coordinator.shell.ros_domain_id:Allocated ROS_DOMAIN_ID=230 for '/home/sarthak/precise_docking_ws/build/arcuo_marker_detection'
[0.991s] INFO:colcon.colcon_core.shell:Skip shell extension 'ros_domain_id' for command environment: 
[0.991s] INFO:colcon.colcon_core.shell:Skip shell extension 'powershell' for command environment: Not usable outside of PowerShell
[0.991s] DEBUG:colcon.colcon_core.shell:Skip shell extension 'dsv' for command environment
[1.002s] DEBUG:colcon.colcon_core.event_handler.log_command:Invoking command in '/home/sarthak/precise_docking_ws/build/frontend': CMAKE_PREFIX_PATH=${CMAKE_PREFIX_PATH}:/home/sarthak/precise_docking_ws/install/template_ros2:/home/sarthak/precise_docking_ws/install/reach_the_goal:/home/sarthak/precise_docking_ws/install/arcuo_marker_detection:/opt/ros/humble ROS_DOMAIN_ID=55 /usr/bin/cmake --build /home/sarthak/precise_docking_ws/build/frontend -- -j20 -l20
[1.316s] INFO:colcon.colcon_core.task.python.build:Building Python package in '/home/sarthak/precise_docking_ws/src/reach_the_goal'
[1.317s] DEBUG:colcon.colcon_ros_domain_id_coordinator.shell.ros_domain_id:Allocated ROS_DOMAIN_ID=20 for '/home/sarthak/precise_docking_ws/build/reach_the_goal'
[1.318s] INFO:colcon.colcon_core.shell:Skip shell extension 'ros_domain_id' for command environment: 
[1.318s] INFO:colcon.colcon_core.shell:Skip shell extension 'powershell' for command environment: Not usable outside of PowerShell
[1.318s] DEBUG:colcon.colcon_core.shell:Skip shell extension 'dsv' for command environment
[1.330s] DEBUG:colcon.colcon_core.event_handler.log_command:Invoking command in '/home/sarthak/precise_docking_ws/build/teleop_cpp_ros2': CMAKE_PREFIX_PATH=${CMAKE_PREFIX_PATH}:/home/sarthak/precise_docking_ws/install/template_ros2:/home/sarthak/precise_docking_ws/install/reach_the_goal:/home/sarthak/precise_docking_ws/install/arcuo_marker_detection:/opt/ros/humble ROS_DOMAIN_ID=44 /usr/bin/cmake --build /home/sarthak/precise_docking_ws/build/teleop_cpp_ros2 -- -j20 -l20
[1.583s] INFO:colcon.colcon_core.task.python.build:Building Python package in '/home/sarthak/precise_docking_ws/src/template_ros2'
[1.584s] DEBUG:colcon.colcon_ros_domain_id_coordinator.shell.ros_domain_id:Allocated ROS_DOMAIN_ID=29 for '/home/sarthak/precise_docking_ws/build/template_ros2'
[1.584s] INFO:colcon.colcon_core.shell:Skip shell extension 'ros_domain_id' for command environment: 
[1.584s] INFO:colcon.colcon_core.shell:Skip shell extension 'powershell' for command environment: Not usable outside of PowerShell
[1.584s] DEBUG:colcon.colcon_core.shell:Skip shell extension 'dsv' for command environment
[1.595s] DEBUG:colcon.colcon_core.event_handler.log_command:Invoked command in '/home/sarthak/precise_docking_ws/build/teleop_cpp_ros2' returned '0': CMAKE_PREFIX_PATH=${CMAKE_PREFIX_PATH}:/home/sarthak/precise_docking_ws/install/template_ros2:/home/sarthak/precise_docking_ws/install/reach_the_goal:/home/sarthak/precise_docking_ws/install/arcuo_marker_detection:/opt/ros/humble ROS_DOMAIN_ID=44 /usr/bin/cmake --build /home/sarthak/precise_docking_ws/build/teleop_cpp_ros2 -- -j20 -l20
[1.658s] DEBUG:colcon.colcon_core.event_handler.log_command:Invoking command in '/home/sarthak/precise_docking_ws/build/teleop_cpp_ros2': CMAKE_PREFIX_PATH=${CMAKE_PREFIX_PATH}:/home/sarthak/precise_docking_ws/install/template_ros2:/home/sarthak/precise_docking_ws/install/reach_the_goal:/home/sarthak/precise_docking_ws/install/arcuo_marker_detection:/opt/ros/humble ROS_DOMAIN_ID=44 /usr/bin/cmake --install /home/sarthak/precise_docking_ws/build/teleop_cpp_ros2
[1.670s] Level 1:colcon.colcon_core.environment:create_environment_scripts_only(teleop_cpp_ros2)
[1.671s] DEBUG:colcon.colcon_core.event_handler.log_command:Invoked command in '/home/sarthak/precise_docking_ws/build/teleop_cpp_ros2' returned '0': CMAKE_PREFIX_PATH=${CMAKE_PREFIX_PATH}:/home/sarthak/precise_docking_ws/install/template_ros2:/home/sarthak/precise_docking_ws/install/reach_the_goal:/home/sarthak/precise_docking_ws/install/arcuo_marker_detection:/opt/ros/humble ROS_DOMAIN_ID=44 /usr/bin/cmake --install /home/sarthak/precise_docking_ws/build/teleop_cpp_ros2
[1.675s] Level 1:colcon.colcon_core.environment:checking '/home/sarthak/precise_docking_ws/install/teleop_cpp_ros2' for CMake module files
[1.675s] Level 1:colcon.colcon_core.environment:checking '/home/sarthak/precise_docking_ws/install/teleop_cpp_ros2' for CMake config files
[1.676s] Level 1:colcon.colcon_core.shell:create_environment_hook('teleop_cpp_ros2', 'cmake_prefix_path')
[1.676s] INFO:colcon.colcon_core.shell:Creating environment hook '/home/sarthak/precise_docking_ws/install/teleop_cpp_ros2/share/teleop_cpp_ros2/hook/cmake_prefix_path.ps1'
[1.677s] INFO:colcon.colcon_core.shell:Creating environment descriptor '/home/sarthak/precise_docking_ws/install/teleop_cpp_ros2/share/teleop_cpp_ros2/hook/cmake_prefix_path.dsv'
[1.677s] INFO:colcon.colcon_core.shell:Creating environment hook '/home/sarthak/precise_docking_ws/install/teleop_cpp_ros2/share/teleop_cpp_ros2/hook/cmake_prefix_path.sh'
[1.678s] Level 1:colcon.colcon_core.environment:checking '/home/sarthak/precise_docking_ws/install/teleop_cpp_ros2/lib'
[1.679s] Level 1:colcon.colcon_core.environment:checking '/home/sarthak/precise_docking_ws/install/teleop_cpp_ros2/bin'
[1.679s] Level 1:colcon.colcon_core.environment:checking '/home/sarthak/precise_docking_ws/install/teleop_cpp_ros2/lib/pkgconfig/teleop_cpp_ros2.pc'
[1.679s] Level 1:colcon.colcon_core.environment:checking '/home/sarthak/precise_docking_ws/install/teleop_cpp_ros2/lib/python3.10/site-packages'
[1.680s] Level 1:colcon.colcon_core.environment:checking '/home/sarthak/precise_docking_ws/install/teleop_cpp_ros2/bin'
[1.680s] INFO:colcon.colcon_core.shell:Creating package script '/home/sarthak/precise_docking_ws/install/teleop_cpp_ros2/share/teleop_cpp_ros2/package.ps1'
[1.681s] INFO:colcon.colcon_core.shell:Creating package descriptor '/home/sarthak/precise_docking_ws/install/teleop_cpp_ros2/share/teleop_cpp_ros2/package.dsv'
[1.682s] INFO:colcon.colcon_core.shell:Creating package script '/home/sarthak/precise_docking_ws/install/teleop_cpp_ros2/share/teleop_cpp_ros2/package.sh'
[1.683s] INFO:colcon.colcon_core.shell:Creating package script '/home/sarthak/precise_docking_ws/install/teleop_cpp_ros2/share/teleop_cpp_ros2/package.bash'
[1.684s] INFO:colcon.colcon_core.shell:Creating package script '/home/sarthak/precise_docking_ws/install/teleop_cpp_ros2/share/teleop_cpp_ros2/package.zsh'
[1.684s] Level 1:colcon.colcon_core.environment:create_file_with_runtime_dependencies(/home/sarthak/precise_docking_ws/install/teleop_cpp_ros2/share/colcon-core/packages/teleop_cpp_ros2)
[1.713s] Level 1:colcon.colcon_core.environment:create_environment_scripts_only(teleop_cpp_ros2)
[1.714s] Level 1:colcon.colcon_core.environment:checking '/home/sarthak/precise_docking_ws/install/teleop_cpp_ros2' for CMake module files
[1.715s] Level 1:colcon.colcon_core.environment:checking '/home/sarthak/precise_docking_ws/install/teleop_cpp_ros2' for CMake config files
[1.715s] Level 1:colcon.colcon_core.shell:create_environment_hook('teleop_cpp_ros2', 'cmake_prefix_path')
[1.715s] INFO:colcon.colcon_core.shell:Creating environment hook '/home/sarthak/precise_docking_ws/install/teleop_cpp_ros2/share/teleop_cpp_ros2/hook/cmake_prefix_path.ps1'
[1.716s] INFO:colcon.colcon_core.shell:Creating environment descriptor '/home/sarthak/precise_docking_ws/install/teleop_cpp_ros2/share/teleop_cpp_ros2/hook/cmake_prefix_path.dsv'
[1.717s] INFO:colcon.colcon_core.shell:Creating environment hook '/home/sarthak/precise_docking_ws/install/teleop_cpp_ros2/share/teleop_cpp_ros2/hook/cmake_prefix_path.sh'
[1.718s] Level 1:colcon.colcon_core.environment:checking '/home/sarthak/precise_docking_ws/install/teleop_cpp_ros2/lib'
[1.718s] Level 1:colcon.colcon_core.environment:checking '/home/sarthak/precise_docking_ws/install/teleop_cpp_ros2/bin'
[1.718s] Level 1:colcon.colcon_core.environment:checking '/home/sarthak/precise_docking_ws/install/teleop_cpp_ros2/lib/pkgconfig/teleop_cpp_ros2.pc'
[1.718s] Level 1:colcon.colcon_core.environment:checking '/home/sarthak/precise_docking_ws/install/teleop_cpp_ros2/lib/python3.10/site-packages'
[1.719s] Level 1:colcon.colcon_core.environment:checking '/home/sarthak/precise_docking_ws/install/teleop_cpp_ros2/bin'
[1.719s] INFO:colcon.colcon_core.shell:Creating package script '/home/sarthak/precise_docking_ws/install/teleop_cpp_ros2/share/teleop_cpp_ros2/package.ps1'
[1.720s] INFO:colcon.colcon_core.shell:Creating package descriptor '/home/sarthak/precise_docking_ws/install/teleop_cpp_ros2/share/teleop_cpp_ros2/package.dsv'
[1.721s] INFO:colcon.colcon_core.shell:Creating package script '/home/sarthak/precise_docking_ws/install/teleop_cpp_ros2/share/teleop_cpp_ros2/package.sh'
[1.722s] INFO:colcon.colcon_core.shell:Creating package script '/home/sarthak/precise_docking_ws/install/teleop_cpp_ros2/share/teleop_cpp_ros2/package.bash'
[1.722s] INFO:colcon.colcon_core.shell:Creating package script '/home/sarthak/precise_docking_ws/install/teleop_cpp_ros2/share/teleop_cpp_ros2/package.zsh'
[1.723s] Level 1:colcon.colcon_core.environment:create_file_with_runtime_dependencies(/home/sarthak/precise_docking_ws/install/teleop_cpp_ros2/share/colcon-core/packages/teleop_cpp_ros2)
[1.724s] DEBUG:colcon.colcon_ros_domain_id_coordinator.shell.ros_domain_id:Released ROS_DOMAIN_ID=44 for '/home/sarthak/precise_docking_ws/build/teleop_cpp_ros2'
[2.158s] DEBUG:colcon.colcon_core.event_handler.log_command:Invoking command in '/home/sarthak/precise_docking_ws/src/template_ros2': PYTHONPATH=/home/sarthak/precise_docking_ws/build/template_ros2/prefix_override:/home/sarthak/.local/lib/python3.10/site-packages/colcon_core/task/python/colcon_distutils_commands:/home/sarthak/precise_docking_ws/install/template_ros2/lib/python3.10/site-packages:${PYTHONPATH} /usr/bin/python3 -W ignore:setup.py install is deprecated setup.py egg_info --egg-base ../../build/template_ros2 build --build-base /home/sarthak/precise_docking_ws/build/template_ros2/build install --record /home/sarthak/precise_docking_ws/build/template_ros2/install.log --single-version-externally-managed install_data
[2.165s] DEBUG:colcon.colcon_core.event_handler.log_command:Invoking command in '/home/sarthak/precise_docking_ws/src/arcuo_marker_detection': PYTHONPATH=/home/sarthak/precise_docking_ws/build/arcuo_marker_detection/prefix_override:/home/sarthak/.local/lib/python3.10/site-packages/colcon_core/task/python/colcon_distutils_commands:/home/sarthak/precise_docking_ws/install/arcuo_marker_detection/lib/python3.10/site-packages:${PYTHONPATH} ROS_DOMAIN_ID=230 /usr/bin/python3 -W ignore:setup.py install is deprecated setup.py egg_info --egg-base ../../build/arcuo_marker_detection build --build-base /home/sarthak/precise_docking_ws/build/arcuo_marker_detection/build install --record /home/sarthak/precise_docking_ws/build/arcuo_marker_detection/install.log --single-version-externally-managed install_data
[2.178s] DEBUG:colcon.colcon_core.event_handler.log_command:Invoking command in '/home/sarthak/precise_docking_ws/src/reach_the_goal': PYTHONPATH=/home/sarthak/precise_docking_ws/build/reach_the_goal/prefix_override:/home/sarthak/.local/lib/python3.10/site-packages/colcon_core/task/python/colcon_distutils_commands:/home/sarthak/precise_docking_ws/install/reach_the_goal/lib/python3.10/site-packages:${PYTHONPATH} ROS_DOMAIN_ID=20 /usr/bin/python3 -W ignore:setup.py install is deprecated setup.py egg_info --egg-base ../../build/reach_the_goal build --build-base /home/sarthak/precise_docking_ws/build/reach_the_goal/build install --record /home/sarthak/precise_docking_ws/build/reach_the_goal/install.log --single-version-externally-managed install_data
[2.464s] DEBUG:colcon.colcon_core.event_handler.log_command:Invoked command in '/home/sarthak/precise_docking_ws/build/frontend' returned '0': CMAKE_PREFIX_PATH=${CMAKE_PREFIX_PATH}:/home/sarthak/precise_docking_ws/install/template_ros2:/home/sarthak/precise_docking_ws/install/reach_the_goal:/home/sarthak/precise_docking_ws/install/arcuo_marker_detection:/opt/ros/humble ROS_DOMAIN_ID=55 /usr/bin/cmake --build /home/sarthak/precise_docking_ws/build/frontend -- -j20 -l20
[2.497s] DEBUG:colcon.colcon_core.event_handler.log_command:Invoking command in '/home/sarthak/precise_docking_ws/build/frontend': CMAKE_PREFIX_PATH=${CMAKE_PREFIX_PATH}:/home/sarthak/precise_docking_ws/install/template_ros2:/home/sarthak/precise_docking_ws/install/reach_the_goal:/home/sarthak/precise_docking_ws/install/arcuo_marker_detection:/opt/ros/humble ROS_DOMAIN_ID=55 /usr/bin/cmake --install /home/sarthak/precise_docking_ws/build/frontend
[2.546s] Level 1:colcon.colcon_core.environment:create_environment_scripts_only(frontend)
[2.546s] Level 1:colcon.colcon_core.environment:checking '/home/sarthak/precise_docking_ws/install/frontend' for CMake module files
[2.547s] DEBUG:colcon.colcon_core.event_handler.log_command:Invoked command in '/home/sarthak/precise_docking_ws/build/frontend' returned '0': CMAKE_PREFIX_PATH=${CMAKE_PREFIX_PATH}:/home/sarthak/precise_docking_ws/install/template_ros2:/home/sarthak/precise_docking_ws/install/reach_the_goal:/home/sarthak/precise_docking_ws/install/arcuo_marker_detection:/opt/ros/humble ROS_DOMAIN_ID=55 /usr/bin/cmake --install /home/sarthak/precise_docking_ws/build/frontend
[2.547s] Level 1:colcon.colcon_core.environment:checking '/home/sarthak/precise_docking_ws/install/frontend' for CMake config files
[2.548s] Level 1:colcon.colcon_core.shell:create_environment_hook('frontend', 'cmake_prefix_path')
[2.548s] INFO:colcon.colcon_core.shell:Creating environment hook '/home/sarthak/precise_docking_ws/install/frontend/share/frontend/hook/cmake_prefix_path.ps1'
[2.548s] INFO:colcon.colcon_core.shell:Creating environment descriptor '/home/sarthak/precise_docking_ws/install/frontend/share/frontend/hook/cmake_prefix_path.dsv'
[2.549s] INFO:colcon.colcon_core.shell:Creating environment hook '/home/sarthak/precise_docking_ws/install/frontend/share/frontend/hook/cmake_prefix_path.sh'
[2.549s] Level 1:colcon.colcon_core.environment:checking '/home/sarthak/precise_docking_ws/install/frontend/lib'
[2.549s] Level 1:colcon.colcon_core.environment:checking '/home/sarthak/precise_docking_ws/install/frontend/bin'
[2.549s] Level 1:colcon.colcon_core.environment:checking '/home/sarthak/precise_docking_ws/install/frontend/lib/pkgconfig/frontend.pc'
[2.549s] Level 1:colcon.colcon_core.environment:checking '/home/sarthak/precise_docking_ws/install/frontend/lib/python3.10/site-packages'
[2.549s] Level 1:colcon.colcon_core.shell:create_environment_hook('frontend', 'pythonpath')
[2.550s] INFO:colcon.colcon_core.shell:Creating environment hook '/home/sarthak/precise_docking_ws/install/frontend/share/frontend/hook/pythonpath.ps1'
[2.550s] INFO:colcon.colcon_core.shell:Creating environment descriptor '/home/sarthak/precise_docking_ws/install/frontend/share/frontend/hook/pythonpath.dsv'
[2.550s] INFO:colcon.colcon_core.shell:Creating environment hook '/home/sarthak/precise_docking_ws/install/frontend/share/frontend/hook/pythonpath.sh'
[2.550s] Level 1:colcon.colcon_core.environment:checking '/home/sarthak/precise_docking_ws/install/frontend/bin'
[2.551s] INFO:colcon.colcon_core.shell:Creating package script '/home/sarthak/precise_docking_ws/install/frontend/share/frontend/package.ps1'
[2.551s] INFO:colcon.colcon_core.shell:Creating package descriptor '/home/sarthak/precise_docking_ws/install/frontend/share/frontend/package.dsv'
[2.551s] INFO:colcon.colcon_core.shell:Creating package script '/home/sarthak/precise_docking_ws/install/frontend/share/frontend/package.sh'
[2.552s] INFO:colcon.colcon_core.shell:Creating package script '/home/sarthak/precise_docking_ws/install/frontend/share/frontend/package.bash'
[2.552s] INFO:colcon.colcon_core.shell:Creating package script '/home/sarthak/precise_docking_ws/install/frontend/share/frontend/package.zsh'
[2.552s] Level 1:colcon.colcon_core.environment:create_file_with_runtime_dependencies(/home/sarthak/precise_docking_ws/install/frontend/share/colcon-core/packages/frontend)
[2.583s] Level 1:colcon.colcon_core.environment:create_environment_scripts_only(frontend)
[2.583s] Level 1:colcon.colcon_core.environment:checking '/home/sarthak/precise_docking_ws/install/frontend' for CMake module files
[2.584s] Level 1:colcon.colcon_core.environment:checking '/home/sarthak/precise_docking_ws/install/frontend' for CMake config files
[2.584s] Level 1:colcon.colcon_core.shell:create_environment_hook('frontend', 'cmake_prefix_path')
[2.585s] INFO:colcon.colcon_core.shell:Creating environment hook '/home/sarthak/precise_docking_ws/install/frontend/share/frontend/hook/cmake_prefix_path.ps1'
[2.585s] INFO:colcon.colcon_core.shell:Creating environment descriptor '/home/sarthak/precise_docking_ws/install/frontend/share/frontend/hook/cmake_prefix_path.dsv'
[2.586s] INFO:colcon.colcon_core.shell:Creating environment hook '/home/sarthak/precise_docking_ws/install/frontend/share/frontend/hook/cmake_prefix_path.sh'
[2.586s] Level 1:colcon.colcon_core.environment:checking '/home/sarthak/precise_docking_ws/install/frontend/lib'
[2.586s] Level 1:colcon.colcon_core.environment:checking '/home/sarthak/precise_docking_ws/install/frontend/bin'
[2.586s] Level 1:colcon.colcon_core.environment:checking '/home/sarthak/precise_docking_ws/install/frontend/lib/pkgconfig/frontend.pc'
[2.586s] Level 1:colcon.colcon_core.environment:checking '/home/sarthak/precise_docking_ws/install/frontend/lib/python3.10/site-packages'
[2.586s] Level 1:colcon.colcon_core.shell:create_environment_hook('frontend', 'pythonpath')
[2.587s] INFO:colcon.colcon_core.shell:Creating environment hook '/home/sarthak/precise_docking_ws/install/frontend/share/frontend/hook/pythonpath.ps1'
[2.588s] INFO:colcon.colcon_core.shell:Creating environment descriptor '/home/sarthak/precise_docking_ws/install/frontend/share/frontend/hook/pythonpath.dsv'
[2.588s] INFO:colcon.colcon_core.shell:Creating environment hook '/home/sarthak/precise_docking_ws/install/frontend/share/frontend/hook/pythonpath.sh'
[2.589s] Level 1:colcon.colcon_core.environment:checking '/home/sarthak/precise_docking_ws/install/frontend/bin'
[2.589s] INFO:colcon.colcon_core.shell:Creating package script '/home/sarthak/precise_docking_ws/install/frontend/share/frontend/package.ps1'
[2.590s] INFO:colcon.colcon_core.shell:Creating package descriptor '/home/sarthak/precise_docking_ws/install/frontend/share/frontend/package.dsv'
[2.590s] INFO:colcon.colcon_core.shell:Creating package script '/home/sarthak/precise_docking_ws/install/frontend/share/frontend/package.sh'
[2.591s] INFO:colcon.colcon_core.shell:Creating package script '/home/sarthak/precise_docking_ws/install/frontend/share/frontend/package.bash'
[2.591s] INFO:colcon.colcon_core.shell:Creating package script '/home/sarthak/precise_docking_ws/install/frontend/share/frontend/package.zsh'
[2.591s] Level 1:colcon.colcon_core.environment:create_file_with_runtime_dependencies(/home/sarthak/precise_docking_ws/install/frontend/share/colcon-core/packages/frontend)
[2.592s] DEBUG:colcon.colcon_ros_domain_id_coordinator.shell.ros_domain_id:Released ROS_DOMAIN_ID=55 for '/home/sarthak/precise_docking_ws/build/frontend'
[3.489s] Level 1:colcon.colcon_core.environment:checking '/home/sarthak/precise_docking_ws/install/template_ros2' for CMake module files
[3.490s] DEBUG:colcon.colcon_core.event_handler.log_command:Invoked command in '/home/sarthak/precise_docking_ws/src/template_ros2' returned '0': PYTHONPATH=/home/sarthak/precise_docking_ws/build/template_ros2/prefix_override:/home/sarthak/.local/lib/python3.10/site-packages/colcon_core/task/python/colcon_distutils_commands:/home/sarthak/precise_docking_ws/install/template_ros2/lib/python3.10/site-packages:${PYTHONPATH} /usr/bin/python3 -W ignore:setup.py install is deprecated setup.py egg_info --egg-base ../../build/template_ros2 build --build-base /home/sarthak/precise_docking_ws/build/template_ros2/build install --record /home/sarthak/precise_docking_ws/build/template_ros2/install.log --single-version-externally-managed install_data
[3.490s] Level 1:colcon.colcon_core.environment:checking '/home/sarthak/precise_docking_ws/install/template_ros2' for CMake config files
[3.491s] Level 1:colcon.colcon_core.environment:checking '/home/sarthak/precise_docking_ws/install/template_ros2/lib'
[3.491s] Level 1:colcon.colcon_core.environment:checking '/home/sarthak/precise_docking_ws/install/template_ros2/bin'
[3.491s] Level 1:colcon.colcon_core.environment:checking '/home/sarthak/precise_docking_ws/install/template_ros2/lib/pkgconfig/template_ros2.pc'
[3.491s] Level 1:colcon.colcon_core.environment:checking '/home/sarthak/precise_docking_ws/install/template_ros2/lib/python3.10/site-packages'
[3.492s] Level 1:colcon.colcon_core.shell:create_environment_hook('template_ros2', 'pythonpath')
[3.492s] INFO:colcon.colcon_core.shell:Creating environment hook '/home/sarthak/precise_docking_ws/install/template_ros2/share/template_ros2/hook/pythonpath.ps1'
[3.493s] INFO:colcon.colcon_core.shell:Creating environment descriptor '/home/sarthak/precise_docking_ws/install/template_ros2/share/template_ros2/hook/pythonpath.dsv'
[3.493s] INFO:colcon.colcon_core.shell:Creating environment hook '/home/sarthak/precise_docking_ws/install/template_ros2/share/template_ros2/hook/pythonpath.sh'
[3.493s] Level 1:colcon.colcon_core.environment:checking '/home/sarthak/precise_docking_ws/install/template_ros2/bin'
[3.493s] Level 1:colcon.colcon_core.environment:create_environment_scripts_only(template_ros2)
[3.494s] INFO:colcon.colcon_core.shell:Creating package script '/home/sarthak/precise_docking_ws/install/template_ros2/share/template_ros2/package.ps1'
[3.494s] INFO:colcon.colcon_core.shell:Creating package descriptor '/home/sarthak/precise_docking_ws/install/template_ros2/share/template_ros2/package.dsv'
[3.495s] INFO:colcon.colcon_core.shell:Creating package script '/home/sarthak/precise_docking_ws/install/template_ros2/share/template_ros2/package.sh'
[3.495s] INFO:colcon.colcon_core.shell:Creating package script '/home/sarthak/precise_docking_ws/install/template_ros2/share/template_ros2/package.bash'
[3.495s] INFO:colcon.colcon_core.shell:Creating package script '/home/sarthak/precise_docking_ws/install/template_ros2/share/template_ros2/package.zsh'
[3.495s] Level 1:colcon.colcon_core.environment:create_file_with_runtime_dependencies(/home/sarthak/precise_docking_ws/install/template_ros2/share/colcon-core/packages/template_ros2)
[3.496s] DEBUG:colcon.colcon_ros_domain_id_coordinator.shell.ros_domain_id:Released ROS_DOMAIN_ID=29 for '/home/sarthak/precise_docking_ws/build/template_ros2'
[3.537s] Level 1:colcon.colcon_core.environment:checking '/home/sarthak/precise_docking_ws/install/reach_the_goal' for CMake module files
[3.538s] DEBUG:colcon.colcon_core.event_handler.log_command:Invoked command in '/home/sarthak/precise_docking_ws/src/reach_the_goal' returned '0': PYTHONPATH=/home/sarthak/precise_docking_ws/build/reach_the_goal/prefix_override:/home/sarthak/.local/lib/python3.10/site-packages/colcon_core/task/python/colcon_distutils_commands:/home/sarthak/precise_docking_ws/install/reach_the_goal/lib/python3.10/site-packages:${PYTHONPATH} ROS_DOMAIN_ID=20 /usr/bin/python3 -W ignore:setup.py install is deprecated setup.py egg_info --egg-base ../../build/reach_the_goal build --build-base /home/sarthak/precise_docking_ws/build/reach_the_goal/build install --record /home/sarthak/precise_docking_ws/build/reach_the_goal/install.log --single-version-externally-managed install_data
[3.539s] Level 1:colcon.colcon_core.environment:checking '/home/sarthak/precise_docking_ws/install/reach_the_goal' for CMake config files
[3.540s] Level 1:colcon.colcon_core.environment:checking '/home/sarthak/precise_docking_ws/install/reach_the_goal/lib'
[3.540s] Level 1:colcon.colcon_core.environment:checking '/home/sarthak/precise_docking_ws/install/reach_the_goal/bin'
[3.540s] Level 1:colcon.colcon_core.environment:checking '/home/sarthak/precise_docking_ws/install/reach_the_goal/lib/pkgconfig/reach_the_goal.pc'
[3.541s] Level 1:colcon.colcon_core.environment:checking '/home/sarthak/precise_docking_ws/install/reach_the_goal/lib/python3.10/site-packages'
[3.541s] Level 1:colcon.colcon_core.shell:create_environment_hook('reach_the_goal', 'pythonpath')
[3.542s] INFO:colcon.colcon_core.shell:Creating environment hook '/home/sarthak/precise_docking_ws/install/reach_the_goal/share/reach_the_goal/hook/pythonpath.ps1'
[3.542s] INFO:colcon.colcon_core.shell:Creating environment descriptor '/home/sarthak/precise_docking_ws/install/reach_the_goal/share/reach_the_goal/hook/pythonpath.dsv'
[3.543s] INFO:colcon.colcon_core.shell:Creating environment hook '/home/sarthak/precise_docking_ws/install/reach_the_goal/share/reach_the_goal/hook/pythonpath.sh'
[3.544s] Level 1:colcon.colcon_core.environment:checking '/home/sarthak/precise_docking_ws/install/reach_the_goal/bin'
[3.544s] Level 1:colcon.colcon_core.environment:create_environment_scripts_only(reach_the_goal)
[3.545s] INFO:colcon.colcon_core.shell:Creating package script '/home/sarthak/precise_docking_ws/install/reach_the_goal/share/reach_the_goal/package.ps1'
[3.546s] INFO:colcon.colcon_core.shell:Creating package descriptor '/home/sarthak/precise_docking_ws/install/reach_the_goal/share/reach_the_goal/package.dsv'
[3.546s] INFO:colcon.colcon_core.shell:Creating package script '/home/sarthak/precise_docking_ws/install/reach_the_goal/share/reach_the_goal/package.sh'
[3.547s] INFO:colcon.colcon_core.shell:Creating package script '/home/sarthak/precise_docking_ws/install/reach_the_goal/share/reach_the_goal/package.bash'
[3.548s] INFO:colcon.colcon_core.shell:Creating package script '/home/sarthak/precise_docking_ws/install/reach_the_goal/share/reach_the_goal/package.zsh'
[3.548s] Level 1:colcon.colcon_core.environment:create_file_with_runtime_dependencies(/home/sarthak/precise_docking_ws/install/reach_the_goal/share/colcon-core/packages/reach_the_goal)
[3.548s] DEBUG:colcon.colcon_ros_domain_id_coordinator.shell.ros_domain_id:Released ROS_DOMAIN_ID=20 for '/home/sarthak/precise_docking_ws/build/reach_the_goal'
[3.598s] Level 1:colcon.colcon_core.environment:checking '/home/sarthak/precise_docking_ws/install/arcuo_marker_detection' for CMake module files
[3.599s] DEBUG:colcon.colcon_core.event_handler.log_command:Invoked command in '/home/sarthak/precise_docking_ws/src/arcuo_marker_detection' returned '0': PYTHONPATH=/home/sarthak/precise_docking_ws/build/arcuo_marker_detection/prefix_override:/home/sarthak/.local/lib/python3.10/site-packages/colcon_core/task/python/colcon_distutils_commands:/home/sarthak/precise_docking_ws/install/arcuo_marker_detection/lib/python3.10/site-packages:${PYTHONPATH} ROS_DOMAIN_ID=230 /usr/bin/python3 -W ignore:setup.py install is deprecated setup.py egg_info --egg-base ../../build/arcuo_marker_detection build --build-base /home/sarthak/precise_docking_ws/build/arcuo_marker_detection/build install --record /home/sarthak/precise_docking_ws/build/arcuo_marker_detection/install.log --single-version-externally-managed install_data
[3.599s] Level 1:colcon.colcon_core.environment:checking '/home/sarthak/precise_docking_ws/install/arcuo_marker_detection' for CMake config files
[3.600s] Level 1:colcon.colcon_core.environment:checking '/home/sarthak/precise_docking_ws/install/arcuo_marker_detection/lib'
[3.600s] Level 1:colcon.colcon_core.environment:checking '/home/sarthak/precise_docking_ws/install/arcuo_marker_detection/bin'
[3.600s] Level 1:colcon.colcon_core.environment:checking '/home/sarthak/precise_docking_ws/install/arcuo_marker_detection/lib/pkgconfig/arcuo_marker_detection.pc'
[3.600s] Level 1:colcon.colcon_core.environment:checking '/home/sarthak/precise_docking_ws/install/arcuo_marker_detection/lib/python3.10/site-packages'
[3.600s] Level 1:colcon.colcon_core.shell:create_environment_hook('arcuo_marker_detection', 'pythonpath')
[3.601s] INFO:colcon.colcon_core.shell:Creating environment hook '/home/sarthak/precise_docking_ws/install/arcuo_marker_detection/share/arcuo_marker_detection/hook/pythonpath.ps1'
[3.601s] INFO:colcon.colcon_core.shell:Creating environment descriptor '/home/sarthak/precise_docking_ws/install/arcuo_marker_detection/share/arcuo_marker_detection/hook/pythonpath.dsv'
[3.601s] INFO:colcon.colcon_core.shell:Creating environment hook '/home/sarthak/precise_docking_ws/install/arcuo_marker_detection/share/arcuo_marker_detection/hook/pythonpath.sh'
[3.602s] Level 1:colcon.colcon_core.environment:checking '/home/sarthak/precise_docking_ws/install/arcuo_marker_detection/bin'
[3.602s] Level 1:colcon.colcon_core.environment:create_environment_scripts_only(arcuo_marker_detection)
[3.602s] INFO:colcon.colcon_core.shell:Creating package script '/home/sarthak/precise_docking_ws/install/arcuo_marker_detection/share/arcuo_marker_detection/package.ps1'
[3.603s] INFO:colcon.colcon_core.shell:Creating package descriptor '/home/sarthak/precise_docking_ws/install/arcuo_marker_detection/share/arcuo_marker_detection/package.dsv'
[3.603s] INFO:colcon.colcon_core.shell:Creating package script '/home/sarthak/precise_docking_ws/install/arcuo_marker_detection/share/arcuo_marker_detection/package.sh'
[3.604s] INFO:colcon.colcon_core.shell:Creating package script '/home/sarthak/precise_docking_ws/install/arcuo_marker_detection/share/arcuo_marker_detection/package.bash'
[3.604s] INFO:colcon.colcon_core.shell:Creating package script '/home/sarthak/precise_docking_ws/install/arcuo_marker_detection/share/arcuo_marker_detection/package.zsh'
[3.605s] Level 1:colcon.colcon_core.environment:create_file_with_runtime_dependencies(/home/sarthak/precise_docking_ws/install/arcuo_marker_detection/share/colcon-core/packages/arcuo_marker_detection)
[3.605s] INFO:colcon.colcon_ros.task.ament_cmake.build:Building ROS package in '/home/sarthak/precise_docking_ws/src/docking_bringup' with build type 'ament_cmake'
[3.605s] DEBUG:colcon.colcon_ros_domain_id_coordinator.shell.ros_domain_id:Released ROS_DOMAIN_ID=230 for '/home/sarthak/precise_docking_ws/build/arcuo_marker_detection'
[3.606s] INFO:colcon.colcon_cmake.task.cmake.build:Building CMake package in '/home/sarthak/precise_docking_ws/src/docking_bringup'
[3.607s] DEBUG:colcon.colcon_ros_domain_id_coordinator.shell.ros_domain_id:Allocated ROS_DOMAIN_ID=43 for '/home/sarthak/precise_docking_ws/build/docking_bringup'
[3.607s] INFO:colcon.colcon_core.shell:Skip shell extension 'ros_domain_id' for command environment: 
[3.607s] INFO:colcon.colcon_core.shell:Skip shell extension 'powershell' for command environment: Not usable outside of PowerShell
[3.608s] DEBUG:colcon.colcon_core.shell:Skip shell extension 'dsv' for command environment
[3.618s] DEBUG:colcon.colcon_core.event_handler.log_command:Invoking command in '/home/sarthak/precise_docking_ws/build/docking_bringup': AMENT_PREFIX_PATH=/home/sarthak/precise_docking_ws/install/arcuo_marker_detection:/home/sarthak/precise_docking_ws/install/template_ros2:/home/sarthak/precise_docking_ws/install/reach_the_goal:/home/sarthak/precise_docking_ws/install/norlab_icp_mapper_ros:/home/sarthak/precise_docking_ws/install/libpointmatcher_ros:/home/sarthak/precise_docking_ws/install/frontend:/home/sarthak/precise_docking_ws/install/docking_bringup:/opt/ros/humble CMAKE_PREFIX_PATH=${CMAKE_PREFIX_PATH}:/home/sarthak/precise_docking_ws/install/template_ros2:/home/sarthak/precise_docking_ws/install/reach_the_goal:/home/sarthak/precise_docking_ws/install/arcuo_marker_detection:/opt/ros/humble PYTHONPATH=/home/sarthak/precise_docking_ws/install/arcuo_marker_detection/lib/python3.10/site-packages:/home/sarthak/precise_docking_ws/install/template_ros2/lib/python3.10/site-packages:/home/sarthak/precise_docking_ws/install/reach_the_goal/lib/python3.10/site-packages:/home/sarthak/precise_docking_ws/install/norlab_icp_mapper_ros/local/lib/python3.10/dist-packages:/home/sarthak/precise_docking_ws/install/frontend/local/lib/python3.10/dist-packages:/home/sarthak/precise_docking_ws/install/frontend/lib/python3.10/site-packages:/opt/ros/humble/lib/python3.10/site-packages:/opt/ros/humble/local/lib/python3.10/dist-packages /usr/bin/cmake --build /home/sarthak/precise_docking_ws/build/docking_bringup -- -j20 -l20
[3.671s] DEBUG:colcon.colcon_core.event_handler.log_command:Invoked command in '/home/sarthak/precise_docking_ws/build/docking_bringup' returned '0': AMENT_PREFIX_PATH=/home/sarthak/precise_docking_ws/install/arcuo_marker_detection:/home/sarthak/precise_docking_ws/install/template_ros2:/home/sarthak/precise_docking_ws/install/reach_the_goal:/home/sarthak/precise_docking_ws/install/norlab_icp_mapper_ros:/home/sarthak/precise_docking_ws/install/libpointmatcher_ros:/home/sarthak/precise_docking_ws/install/frontend:/home/sarthak/precise_docking_ws/install/docking_bringup:/opt/ros/humble CMAKE_PREFIX_PATH=${CMAKE_PREFIX_PATH}:/home/sarthak/precise_docking_ws/install/template_ros2:/home/sarthak/precise_docking_ws/install/reach_the_goal:/home/sarthak/precise_docking_ws/install/arcuo_marker_detection:/opt/ros/humble PYTHONPATH=/home/sarthak/precise_docking_ws/install/arcuo_marker_detection/lib/python3.10/site-packages:/home/sarthak/precise_docking_ws/install/template_ros2/lib/python3.10/site-packages:/home/sarthak/precise_docking_ws/install/reach_the_goal/lib/python3.10/site-packages:/home/sarthak/precise_docking_ws/install/norlab_icp_mapper_ros/local/lib/python3.10/dist-packages:/home/sarthak/precise_docking_ws/install/frontend/local/lib/python3.10/dist-packages:/home/sarthak/precise_docking_ws/install/frontend/lib/python3.10/site-packages:/opt/ros/humble/lib/python3.10/site-packages:/opt/ros/humble/local/lib/python3.10/dist-packages /usr/bin/cmake --build /home/sarthak/precise_docking_ws/build/docking_bringup -- -j20 -l20
[3.698s] DEBUG:colcon.colcon_core.event_handler.log_command:Invoking command in '/home/sarthak/precise_docking_ws/build/docking_bringup': AMENT_PREFIX_PATH=/home/sarthak/precise_docking_ws/install/arcuo_marker_detection:/home/sarthak/precise_docking_ws/install/template_ros2:/home/sarthak/precise_docking_ws/install/reach_the_goal:/home/sarthak/precise_docking_ws/install/norlab_icp_mapper_ros:/home/sarthak/precise_docking_ws/install/libpointmatcher_ros:/home/sarthak/precise_docking_ws/install/frontend:/home/sarthak/precise_docking_ws/install/docking_bringup:/opt/ros/humble CMAKE_PREFIX_PATH=${CMAKE_PREFIX_PATH}:/home/sarthak/precise_docking_ws/install/template_ros2:/home/sarthak/precise_docking_ws/install/reach_the_goal:/home/sarthak/precise_docking_ws/install/arcuo_marker_detection:/opt/ros/humble PYTHONPATH=/home/sarthak/precise_docking_ws/install/arcuo_marker_detection/lib/python3.10/site-packages:/home/sarthak/precise_docking_ws/install/template_ros2/lib/python3.10/site-packages:/home/sarthak/precise_docking_ws/install/reach_the_goal/lib/python3.10/site-packages:/home/sarthak/precise_docking_ws/install/norlab_icp_mapper_ros/local/lib/python3.10/dist-packages:/home/sarthak/precise_docking_ws/install/frontend/local/lib/python3.10/dist-packages:/home/sarthak/precise_docking_ws/install/frontend/lib/python3.10/site-packages:/opt/ros/humble/lib/python3.10/site-packages:/opt/ros/humble/local/lib/python3.10/dist-packages /usr/bin/cmake --install /home/sarthak/precise_docking_ws/build/docking_bringup
[3.710s] Level 1:colcon.colcon_core.environment:create_environment_scripts_only(docking_bringup)
[3.711s] Level 1:colcon.colcon_core.environment:checking '/home/sarthak/precise_docking_ws/install/docking_bringup' for CMake module files
[3.713s] DEBUG:colcon.colcon_core.event_handler.log_command:Invoked command in '/home/sarthak/precise_docking_ws/build/docking_bringup' returned '0': AMENT_PREFIX_PATH=/home/sarthak/precise_docking_ws/install/arcuo_marker_detection:/home/sarthak/precise_docking_ws/install/template_ros2:/home/sarthak/precise_docking_ws/install/reach_the_goal:/home/sarthak/precise_docking_ws/install/norlab_icp_mapper_ros:/home/sarthak/precise_docking_ws/install/libpointmatcher_ros:/home/sarthak/precise_docking_ws/install/frontend:/home/sarthak/precise_docking_ws/install/docking_bringup:/opt/ros/humble CMAKE_PREFIX_PATH=${CMAKE_PREFIX_PATH}:/home/sarthak/precise_docking_ws/install/template_ros2:/home/sarthak/precise_docking_ws/install/reach_the_goal:/home/sarthak/precise_docking_ws/install/arcuo_marker_detection:/opt/ros/humble PYTHONPATH=/home/sarthak/precise_docking_ws/install/arcuo_marker_detection/lib/python3.10/site-packages:/home/sarthak/precise_docking_ws/install/template_ros2/lib/python3.10/site-packages:/home/sarthak/precise_docking_ws/install/reach_the_goal/lib/python3.10/site-packages:/home/sarthak/precise_docking_ws/install/norlab_icp_mapper_ros/local/lib/python3.10/dist-packages:/home/sarthak/precise_docking_ws/install/frontend/local/lib/python3.10/dist-packages:/home/sarthak/precise_docking_ws/install/frontend/lib/python3.10/site-packages:/opt/ros/humble/lib/python3.10/site-packages:/opt/ros/humble/local/lib/python3.10/dist-packages /usr/bin/cmake --install /home/sarthak/precise_docking_ws/build/docking_bringup
[3.714s] Level 1:colcon.colcon_core.environment:checking '/home/sarthak/precise_docking_ws/install/docking_bringup' for CMake config files
[3.714s] Level 1:colcon.colcon_core.shell:create_environment_hook('docking_bringup', 'cmake_prefix_path')
[3.715s] INFO:colcon.colcon_core.shell:Creating environment hook '/home/sarthak/precise_docking_ws/install/docking_bringup/share/docking_bringup/hook/cmake_prefix_path.ps1'
[3.716s] INFO:colcon.colcon_core.shell:Creating environment descriptor '/home/sarthak/precise_docking_ws/install/docking_bringup/share/docking_bringup/hook/cmake_prefix_path.dsv'
[3.716s] INFO:colcon.colcon_core.shell:Creating environment hook '/home/sarthak/precise_docking_ws/install/docking_bringup/share/docking_bringup/hook/cmake_prefix_path.sh'
[3.717s] Level 1:colcon.colcon_core.environment:checking '/home/sarthak/precise_docking_ws/install/docking_bringup/bin'
[3.717s] Level 1:colcon.colcon_core.environment:checking '/home/sarthak/precise_docking_ws/install/docking_bringup/lib/pkgconfig/docking_bringup.pc'
[3.717s] Level 1:colcon.colcon_core.environment:checking '/home/sarthak/precise_docking_ws/install/docking_bringup/lib/python3.10/site-packages'
[3.718s] Level 1:colcon.colcon_core.environment:checking '/home/sarthak/precise_docking_ws/install/docking_bringup/bin'
[3.718s] INFO:colcon.colcon_core.shell:Creating package script '/home/sarthak/precise_docking_ws/install/docking_bringup/share/docking_bringup/package.ps1'
[3.719s] INFO:colcon.colcon_core.shell:Creating package descriptor '/home/sarthak/precise_docking_ws/install/docking_bringup/share/docking_bringup/package.dsv'
[3.719s] INFO:colcon.colcon_core.shell:Creating package script '/home/sarthak/precise_docking_ws/install/docking_bringup/share/docking_bringup/package.sh'
[3.720s] INFO:colcon.colcon_core.shell:Creating package script '/home/sarthak/precise_docking_ws/install/docking_bringup/share/docking_bringup/package.bash'
[3.720s] INFO:colcon.colcon_core.shell:Creating package script '/home/sarthak/precise_docking_ws/install/docking_bringup/share/docking_bringup/package.zsh'
[3.720s] Level 1:colcon.colcon_core.environment:create_file_with_runtime_dependencies(/home/sarthak/precise_docking_ws/install/docking_bringup/share/colcon-core/packages/docking_bringup)
[3.759s] Level 1:colcon.colcon_core.environment:create_environment_scripts_only(docking_bringup)
[3.760s] Level 1:colcon.colcon_core.environment:checking '/home/sarthak/precise_docking_ws/install/docking_bringup' for CMake module files
[3.761s] Level 1:colcon.colcon_core.environment:checking '/home/sarthak/precise_docking_ws/install/docking_bringup' for CMake config files
[3.762s] Level 1:colcon.colcon_core.shell:create_environment_hook('docking_bringup', 'cmake_prefix_path')
[3.762s] INFO:colcon.colcon_core.shell:Creating environment hook '/home/sarthak/precise_docking_ws/install/docking_bringup/share/docking_bringup/hook/cmake_prefix_path.ps1'
[3.763s] INFO:colcon.colcon_core.shell:Creating environment descriptor '/home/sarthak/precise_docking_ws/install/docking_bringup/share/docking_bringup/hook/cmake_prefix_path.dsv'
[3.763s] INFO:colcon.colcon_core.shell:Creating environment hook '/home/sarthak/precise_docking_ws/install/docking_bringup/share/docking_bringup/hook/cmake_prefix_path.sh'
[3.764s] Level 1:colcon.colcon_core.environment:checking '/home/sarthak/precise_docking_ws/install/docking_bringup/bin'
[3.764s] Level 1:colcon.colcon_core.environment:checking '/home/sarthak/precise_docking_ws/install/docking_bringup/lib/pkgconfig/docking_bringup.pc'
[3.764s] Level 1:colcon.colcon_core.environment:checking '/home/sarthak/precise_docking_ws/install/docking_bringup/lib/python3.10/site-packages'
[3.764s] Level 1:colcon.colcon_core.environment:checking '/home/sarthak/precise_docking_ws/install/docking_bringup/bin'
[3.764s] INFO:colcon.colcon_core.shell:Creating package script '/home/sarthak/precise_docking_ws/install/docking_bringup/share/docking_bringup/package.ps1'
[3.765s] INFO:colcon.colcon_core.shell:Creating package descriptor '/home/sarthak/precise_docking_ws/install/docking_bringup/share/docking_bringup/package.dsv'
[3.765s] INFO:colcon.colcon_core.shell:Creating package script '/home/sarthak/precise_docking_ws/install/docking_bringup/share/docking_bringup/package.sh'
[3.766s] INFO:colcon.colcon_core.shell:Creating package script '/home/sarthak/precise_docking_ws/install/docking_bringup/share/docking_bringup/package.bash'
[3.766s] INFO:colcon.colcon_core.shell:Creating package script '/home/sarthak/precise_docking_ws/install/docking_bringup/share/docking_bringup/package.zsh'
[3.766s] Level 1:colcon.colcon_core.environment:create_file_with_runtime_dependencies(/home/sarthak/precise_docking_ws/install/docking_bringup/share/colcon-core/packages/docking_bringup)
[3.767s] DEBUG:colcon.colcon_parallel_executor.executor.parallel:closing loop
[3.767s] DEBUG:colcon.colcon_ros_domain_id_coordinator.shell.ros_domain_id:Released ROS_DOMAIN_ID=43 for '/home/sarthak/precise_docking_ws/build/docking_bringup'
[3.767s] DEBUG:colcon.colcon_parallel_executor.executor.parallel:loop closed
[3.767s] DEBUG:colcon.colcon_parallel_executor.executor.parallel:run_until_complete finished with '0'
[3.767s] DEBUG:colcon.colcon_core.event_reactor:joining thread
[3.787s] INFO:colcon.colcon_core.plugin_system:Skipping extension 'colcon_notification.desktop_notification.terminal_notifier': Not used on non-Darwin systems
[3.787s] INFO:colcon.colcon_core.plugin_system:Skipping extension 'colcon_notification.desktop_notification.win32': Not used on non-Windows systems
[3.788s] INFO:colcon.colcon_notification.desktop_notification:Sending desktop notification using 'notify2'
[3.808s] DEBUG:colcon.colcon_core.event_reactor:joined thread
[3.809s] INFO:colcon.colcon_core.shell:Creating prefix script '/home/sarthak/precise_docking_ws/install/local_setup.ps1'
[3.811s] INFO:colcon.colcon_core.shell:Creating prefix util module '/home/sarthak/precise_docking_ws/install/_local_setup_util_ps1.py'
[3.813s] INFO:colcon.colcon_core.shell:Creating prefix chain script '/home/sarthak/precise_docking_ws/install/setup.ps1'
[3.814s] INFO:colcon.colcon_core.shell:Creating prefix script '/home/sarthak/precise_docking_ws/install/local_setup.sh'
[3.815s] INFO:colcon.colcon_core.shell:Creating prefix util module '/home/sarthak/precise_docking_ws/install/_local_setup_util_sh.py'
[3.815s] INFO:colcon.colcon_core.shell:Creating prefix chain script '/home/sarthak/precise_docking_ws/install/setup.sh'
[3.816s] INFO:colcon.colcon_core.shell:Creating prefix script '/home/sarthak/precise_docking_ws/install/local_setup.bash'
[3.816s] INFO:colcon.colcon_core.shell:Creating prefix chain script '/home/sarthak/precise_docking_ws/install/setup.bash'
[3.817s] INFO:colcon.colcon_core.shell:Creating prefix script '/home/sarthak/precise_docking_ws/install/local_setup.zsh'
[3.818s] INFO:colcon.colcon_core.shell:Creating prefix chain script '/home/sarthak/precise_docking_ws/install/setup.zsh'
[3.818s] INFO:colcon.colcon_core.shell:Creating '/home/sarthak/precise_docking_ws/install/spawn_shell.bash'
