[0.390s] DEBUG:colcon:Command line arguments: ['/home/sarthak/.local/bin/colcon', 'build', '--packages-select', 'frontend']
[0.390s] DEBUG:colcon:Parsed command line arguments: Namespace(log_base=None, log_level=None, verb_name='build', build_base='build', install_base='install', merge_install=False, symlink_install=False, test_result_base=None, continue_on_error=False, executor='parallel', parallel_workers=20, event_handlers=None, ignore_user_meta=False, metas=['./colcon.meta'], base_paths=['.'], packages_ignore=None, packages_ignore_regex=None, paths=None, packages_up_to=None, packages_up_to_regex=None, packages_above=None, packages_above_and_dependencies=None, packages_above_depth=None, packages_select_by_dep=None, packages_skip_by_dep=None, packages_skip_up_to=None, packages_select_build_failed=False, packages_skip_build_finished=False, packages_select_test_failures=False, packages_skip_test_passed=False, packages_select=['frontend'], packages_skip=None, packages_select_regex=None, packages_skip_regex=None, packages_start=None, packages_end=None, allow_overriding=[], bazel_args=None, bazel_task=None, cmake_args=None, cmake_target=None, cmake_target_skip_unavailable=False, cmake_clean_cache=False, cmake_clean_first=False, cmake_force_configure=False, meson_args=[], ament_cmake_args=None, catkin_cmake_args=None, catkin_skip_building_tests=False, mixin_files=None, mixin=None, verb_parser=<colcon_alias.argument_parser.alias.AliasArgumentDecorator object at 0x7a34d1c21540>, verb_extension=<colcon_core.verb.build.BuildVerb object at 0x7a34d1c20610>, main=<bound method BuildVerb.main of <colcon_core.verb.build.BuildVerb object at 0x7a34d1c20610>>, mixin_verb=('build',))
[0.413s] Level 1:colcon.colcon_core.package_discovery:discover_packages(colcon_meta) check parameters
[0.413s] Level 1:colcon.colcon_core.package_discovery:discover_packages(recursive) check parameters
[0.413s] Level 1:colcon.colcon_core.package_discovery:discover_packages(ignore) check parameters
[0.413s] Level 1:colcon.colcon_core.package_discovery:discover_packages(path) check parameters
[0.414s] Level 1:colcon.colcon_core.package_discovery:discover_packages(colcon_meta) discover
[0.414s] Level 1:colcon.colcon_core.package_discovery:discover_packages(recursive) discover
[0.414s] INFO:colcon.colcon_core.package_discovery:Crawling recursively for packages in '/home/sarthak/precise_docking_ws'
[0.414s] Level 1:colcon.colcon_core.package_identification:_identify(.) by extensions ['ignore', 'ignore_ament_install']
[0.414s] Level 1:colcon.colcon_core.package_identification:_identify(.) by extension 'ignore'
[0.414s] Level 1:colcon.colcon_core.package_identification:_identify(.) by extension 'ignore_ament_install'
[0.414s] Level 1:colcon.colcon_core.package_identification:_identify(.) by extensions ['colcon_pkg']
[0.414s] Level 1:colcon.colcon_core.package_identification:_identify(.) by extension 'colcon_pkg'
[0.414s] Level 1:colcon.colcon_core.package_identification:_identify(.) by extensions ['colcon_meta']
[0.414s] Level 1:colcon.colcon_core.package_identification:_identify(.) by extension 'colcon_meta'
[0.414s] Level 1:colcon.colcon_core.package_identification:_identify(.) by extensions ['ros']
[0.414s] Level 1:colcon.colcon_core.package_identification:_identify(.) by extension 'ros'
[0.417s] Level 1:colcon.colcon_core.package_identification:_identify(.) by extensions ['bazel', 'cmake', 'meson', 'python']
[0.418s] Level 1:colcon.colcon_core.package_identification:_identify(.) by extension 'bazel'
[0.418s] Level 1:colcon.colcon_core.package_identification:_identify(.) by extension 'cmake'
[0.418s] Level 1:colcon.colcon_core.package_identification:_identify(.) by extension 'meson'
[0.418s] Level 1:colcon.colcon_core.package_identification:_identify(.) by extension 'python'
[0.418s] Level 1:colcon.colcon_core.package_identification:_identify(.) by extensions ['python_setup_py']
[0.418s] Level 1:colcon.colcon_core.package_identification:_identify(.) by extension 'python_setup_py'
[0.418s] Level 1:colcon.colcon_core.package_identification:_identify(build) by extensions ['ignore', 'ignore_ament_install']
[0.418s] Level 1:colcon.colcon_core.package_identification:_identify(build) by extension 'ignore'
[0.418s] Level 1:colcon.colcon_core.package_identification:_identify(build) ignored
[0.418s] Level 1:colcon.colcon_core.package_identification:_identify(install) by extensions ['ignore', 'ignore_ament_install']
[0.418s] Level 1:colcon.colcon_core.package_identification:_identify(install) by extension 'ignore'
[0.418s] Level 1:colcon.colcon_core.package_identification:_identify(install) ignored
[0.418s] Level 1:colcon.colcon_core.package_identification:_identify(log) by extensions ['ignore', 'ignore_ament_install']
[0.419s] Level 1:colcon.colcon_core.package_identification:_identify(log) by extension 'ignore'
[0.419s] Level 1:colcon.colcon_core.package_identification:_identify(log) ignored
[0.419s] Level 1:colcon.colcon_core.package_identification:_identify(src) by extensions ['ignore', 'ignore_ament_install']
[0.419s] Level 1:colcon.colcon_core.package_identification:_identify(src) by extension 'ignore'
[0.419s] Level 1:colcon.colcon_core.package_identification:_identify(src) by extension 'ignore_ament_install'
[0.419s] Level 1:colcon.colcon_core.package_identification:_identify(src) by extensions ['colcon_pkg']
[0.419s] Level 1:colcon.colcon_core.package_identification:_identify(src) by extension 'colcon_pkg'
[0.419s] Level 1:colcon.colcon_core.package_identification:_identify(src) by extensions ['colcon_meta']
[0.419s] Level 1:colcon.colcon_core.package_identification:_identify(src) by extension 'colcon_meta'
[0.419s] Level 1:colcon.colcon_core.package_identification:_identify(src) by extensions ['ros']
[0.419s] Level 1:colcon.colcon_core.package_identification:_identify(src) by extension 'ros'
[0.419s] Level 1:colcon.colcon_core.package_identification:_identify(src) by extensions ['bazel', 'cmake', 'meson', 'python']
[0.419s] Level 1:colcon.colcon_core.package_identification:_identify(src) by extension 'bazel'
[0.419s] Level 1:colcon.colcon_core.package_identification:_identify(src) by extension 'cmake'
[0.419s] Level 1:colcon.colcon_core.package_identification:_identify(src) by extension 'meson'
[0.419s] Level 1:colcon.colcon_core.package_identification:_identify(src) by extension 'python'
[0.419s] Level 1:colcon.colcon_core.package_identification:_identify(src) by extensions ['python_setup_py']
[0.419s] Level 1:colcon.colcon_core.package_identification:_identify(src) by extension 'python_setup_py'
[0.419s] Level 1:colcon.colcon_core.package_identification:_identify(src/arcuo_marker_detection) by extensions ['ignore', 'ignore_ament_install']
[0.419s] Level 1:colcon.colcon_core.package_identification:_identify(src/arcuo_marker_detection) by extension 'ignore'
[0.419s] Level 1:colcon.colcon_core.package_identification:_identify(src/arcuo_marker_detection) by extension 'ignore_ament_install'
[0.419s] Level 1:colcon.colcon_core.package_identification:_identify(src/arcuo_marker_detection) by extensions ['colcon_pkg']
[0.419s] Level 1:colcon.colcon_core.package_identification:_identify(src/arcuo_marker_detection) by extension 'colcon_pkg'
[0.419s] Level 1:colcon.colcon_core.package_identification:_identify(src/arcuo_marker_detection) by extensions ['colcon_meta']
[0.419s] Level 1:colcon.colcon_core.package_identification:_identify(src/arcuo_marker_detection) by extension 'colcon_meta'
[0.419s] Level 1:colcon.colcon_core.package_identification:_identify(src/arcuo_marker_detection) by extensions ['ros']
[0.419s] Level 1:colcon.colcon_core.package_identification:_identify(src/arcuo_marker_detection) by extension 'ros'
[0.422s] DEBUG:colcon.colcon_core.package_identification:Package 'src/arcuo_marker_detection' with type 'ros.ament_python' and name 'arcuo_marker_detection'
[0.422s] Level 1:colcon.colcon_core.package_identification:_identify(src/docking_bringup) by extensions ['ignore', 'ignore_ament_install']
[0.422s] Level 1:colcon.colcon_core.package_identification:_identify(src/docking_bringup) by extension 'ignore'
[0.423s] Level 1:colcon.colcon_core.package_identification:_identify(src/docking_bringup) by extension 'ignore_ament_install'
[0.423s] Level 1:colcon.colcon_core.package_identification:_identify(src/docking_bringup) by extensions ['colcon_pkg']
[0.423s] Level 1:colcon.colcon_core.package_identification:_identify(src/docking_bringup) by extension 'colcon_pkg'
[0.423s] Level 1:colcon.colcon_core.package_identification:_identify(src/docking_bringup) by extensions ['colcon_meta']
[0.423s] Level 1:colcon.colcon_core.package_identification:_identify(src/docking_bringup) by extension 'colcon_meta'
[0.423s] Level 1:colcon.colcon_core.package_identification:_identify(src/docking_bringup) by extensions ['ros']
[0.423s] Level 1:colcon.colcon_core.package_identification:_identify(src/docking_bringup) by extension 'ros'
[0.423s] DEBUG:colcon.colcon_core.package_identification:Package 'src/docking_bringup' with type 'ros.ament_cmake' and name 'docking_bringup'
[0.424s] Level 1:colcon.colcon_core.package_identification:_identify(src/frontend) by extensions ['ignore', 'ignore_ament_install']
[0.424s] Level 1:colcon.colcon_core.package_identification:_identify(src/frontend) by extension 'ignore'
[0.424s] Level 1:colcon.colcon_core.package_identification:_identify(src/frontend) by extension 'ignore_ament_install'
[0.424s] Level 1:colcon.colcon_core.package_identification:_identify(src/frontend) by extensions ['colcon_pkg']
[0.424s] Level 1:colcon.colcon_core.package_identification:_identify(src/frontend) by extension 'colcon_pkg'
[0.424s] Level 1:colcon.colcon_core.package_identification:_identify(src/frontend) by extensions ['colcon_meta']
[0.424s] Level 1:colcon.colcon_core.package_identification:_identify(src/frontend) by extension 'colcon_meta'
[0.424s] Level 1:colcon.colcon_core.package_identification:_identify(src/frontend) by extensions ['ros']
[0.424s] Level 1:colcon.colcon_core.package_identification:_identify(src/frontend) by extension 'ros'
[0.425s] DEBUG:colcon.colcon_core.package_identification:Package 'src/frontend' with type 'ros.ament_cmake' and name 'frontend'
[0.425s] Level 1:colcon.colcon_core.package_identification:_identify(src/reach_the_goal) by extensions ['ignore', 'ignore_ament_install']
[0.425s] Level 1:colcon.colcon_core.package_identification:_identify(src/reach_the_goal) by extension 'ignore'
[0.425s] Level 1:colcon.colcon_core.package_identification:_identify(src/reach_the_goal) by extension 'ignore_ament_install'
[0.425s] Level 1:colcon.colcon_core.package_identification:_identify(src/reach_the_goal) by extensions ['colcon_pkg']
[0.425s] Level 1:colcon.colcon_core.package_identification:_identify(src/reach_the_goal) by extension 'colcon_pkg'
[0.425s] Level 1:colcon.colcon_core.package_identification:_identify(src/reach_the_goal) by extensions ['colcon_meta']
[0.425s] Level 1:colcon.colcon_core.package_identification:_identify(src/reach_the_goal) by extension 'colcon_meta'
[0.425s] Level 1:colcon.colcon_core.package_identification:_identify(src/reach_the_goal) by extensions ['ros']
[0.425s] Level 1:colcon.colcon_core.package_identification:_identify(src/reach_the_goal) by extension 'ros'
[0.426s] DEBUG:colcon.colcon_core.package_identification:Package 'src/reach_the_goal' with type 'ros.ament_python' and name 'reach_the_goal'
[0.426s] Level 1:colcon.colcon_core.package_identification:_identify(src/template_ros2) by extensions ['ignore', 'ignore_ament_install']
[0.426s] Level 1:colcon.colcon_core.package_identification:_identify(src/template_ros2) by extension 'ignore'
[0.426s] Level 1:colcon.colcon_core.package_identification:_identify(src/template_ros2) by extension 'ignore_ament_install'
[0.426s] Level 1:colcon.colcon_core.package_identification:_identify(src/template_ros2) by extensions ['colcon_pkg']
[0.426s] Level 1:colcon.colcon_core.package_identification:_identify(src/template_ros2) by extension 'colcon_pkg'
[0.426s] Level 1:colcon.colcon_core.package_identification:_identify(src/template_ros2) by extensions ['colcon_meta']
[0.426s] Level 1:colcon.colcon_core.package_identification:_identify(src/template_ros2) by extension 'colcon_meta'
[0.426s] Level 1:colcon.colcon_core.package_identification:_identify(src/template_ros2) by extensions ['ros']
[0.426s] Level 1:colcon.colcon_core.package_identification:_identify(src/template_ros2) by extension 'ros'
[0.427s] DEBUG:colcon.colcon_core.package_identification:Package 'src/template_ros2' with type 'ros.ament_python' and name 'template_ros2'
[0.427s] Level 1:colcon.colcon_core.package_discovery:discover_packages(recursive) using defaults
[0.427s] Level 1:colcon.colcon_core.package_discovery:discover_packages(ignore) discover
[0.427s] Level 1:colcon.colcon_core.package_discovery:discover_packages(ignore) using defaults
[0.427s] Level 1:colcon.colcon_core.package_discovery:discover_packages(path) discover
[0.427s] Level 1:colcon.colcon_core.package_discovery:discover_packages(path) using defaults
[0.442s] INFO:colcon.colcon_core.package_selection:Skipping not selected package 'arcuo_marker_detection' in 'src/arcuo_marker_detection'
[0.442s] INFO:colcon.colcon_core.package_selection:Skipping not selected package 'reach_the_goal' in 'src/reach_the_goal'
[0.442s] INFO:colcon.colcon_core.package_selection:Skipping not selected package 'template_ros2' in 'src/template_ros2'
[0.442s] INFO:colcon.colcon_core.package_selection:Skipping not selected package 'docking_bringup' in 'src/docking_bringup'
[0.442s] Level 1:colcon.colcon_core.package_discovery:discover_packages(prefix_path) check parameters
[0.442s] Level 1:colcon.colcon_core.package_discovery:discover_packages(prefix_path) discover
[0.444s] DEBUG:colcon.colcon_installed_package_information.package_discovery:Found 8 installed packages in /home/sarthak/precise_docking_ws/install
[0.445s] DEBUG:colcon.colcon_installed_package_information.package_discovery:Found 287 installed packages in /opt/ros/humble
[0.446s] Level 1:colcon.colcon_core.package_discovery:discover_packages(prefix_path) using defaults
[0.477s] Level 5:colcon.colcon_core.verb:set package 'frontend' build argument 'bazel_args' from command line to 'None'
[0.478s] Level 5:colcon.colcon_core.verb:set package 'frontend' build argument 'bazel_task' from command line to 'None'
[0.478s] Level 5:colcon.colcon_core.verb:set package 'frontend' build argument 'cmake_args' from command line to 'None'
[0.478s] Level 5:colcon.colcon_core.verb:set package 'frontend' build argument 'cmake_target' from command line to 'None'
[0.478s] Level 5:colcon.colcon_core.verb:set package 'frontend' build argument 'cmake_target_skip_unavailable' from command line to 'False'
[0.478s] Level 5:colcon.colcon_core.verb:set package 'frontend' build argument 'cmake_clean_cache' from command line to 'False'
[0.478s] Level 5:colcon.colcon_core.verb:set package 'frontend' build argument 'cmake_clean_first' from command line to 'False'
[0.478s] Level 5:colcon.colcon_core.verb:set package 'frontend' build argument 'cmake_force_configure' from command line to 'False'
[0.478s] Level 5:colcon.colcon_core.verb:set package 'frontend' build argument 'meson_args' from command line to '[]'
[0.478s] Level 5:colcon.colcon_core.verb:set package 'frontend' build argument 'ament_cmake_args' from command line to 'None'
[0.478s] Level 5:colcon.colcon_core.verb:set package 'frontend' build argument 'catkin_cmake_args' from command line to 'None'
[0.478s] Level 5:colcon.colcon_core.verb:set package 'frontend' build argument 'catkin_skip_building_tests' from command line to 'False'
[0.478s] DEBUG:colcon.colcon_core.verb:Building package 'frontend' with the following arguments: {'ament_cmake_args': None, 'bazel_args': None, 'bazel_task': None, 'build_base': '/home/sarthak/precise_docking_ws/build/frontend', 'catkin_cmake_args': None, 'catkin_skip_building_tests': False, 'cmake_args': None, 'cmake_clean_cache': False, 'cmake_clean_first': False, 'cmake_force_configure': False, 'cmake_target': None, 'cmake_target_skip_unavailable': False, 'install_base': '/home/sarthak/precise_docking_ws/install/frontend', 'merge_install': False, 'meson_args': [], 'path': '/home/sarthak/precise_docking_ws/src/frontend', 'symlink_install': False, 'test_result_base': None}
[0.478s] INFO:colcon.colcon_core.executor:Executing jobs using 'parallel' executor
[0.479s] DEBUG:colcon.colcon_parallel_executor.executor.parallel:run_until_complete
[0.479s] INFO:colcon.colcon_ros.task.ament_cmake.build:Building ROS package in '/home/sarthak/precise_docking_ws/src/frontend' with build type 'ament_cmake'
[0.479s] INFO:colcon.colcon_cmake.task.cmake.build:Building CMake package in '/home/sarthak/precise_docking_ws/src/frontend'
[0.482s] INFO:colcon.colcon_core.plugin_system:Skipping extension 'colcon_core.shell.bat': Not used on non-Windows systems
[0.482s] DEBUG:colcon.colcon_ros_domain_id_coordinator.shell.ros_domain_id:Allocated ROS_DOMAIN_ID=19 for '/home/sarthak/precise_docking_ws/build/frontend'
[0.482s] INFO:colcon.colcon_core.shell:Skip shell extension 'ros_domain_id' for command environment: 
[0.482s] INFO:colcon.colcon_core.shell:Skip shell extension 'powershell' for command environment: Not usable outside of PowerShell
[0.482s] DEBUG:colcon.colcon_core.shell:Skip shell extension 'dsv' for command environment
[0.493s] DEBUG:colcon.colcon_core.event_handler.log_command:Invoking command in '/home/sarthak/precise_docking_ws/build/frontend': CMAKE_PREFIX_PATH=${CMAKE_PREFIX_PATH}:/home/sarthak/precise_docking_ws/install/template_ros2:/home/sarthak/precise_docking_ws/install/reach_the_goal:/home/sarthak/precise_docking_ws/install/arcuo_marker_detection:/opt/ros/humble /usr/bin/cmake --build /home/sarthak/precise_docking_ws/build/frontend -- -j20 -l20
[8.638s] DEBUG:colcon.colcon_core.event_handler.log_command:Invoked command in '/home/sarthak/precise_docking_ws/build/frontend' returned '2': CMAKE_PREFIX_PATH=${CMAKE_PREFIX_PATH}:/home/sarthak/precise_docking_ws/install/template_ros2:/home/sarthak/precise_docking_ws/install/reach_the_goal:/home/sarthak/precise_docking_ws/install/arcuo_marker_detection:/opt/ros/humble /usr/bin/cmake --build /home/sarthak/precise_docking_ws/build/frontend -- -j20 -l20
[8.683s] Level 1:colcon.colcon_core.environment:create_environment_scripts_only(frontend)
[8.687s] Level 1:colcon.colcon_core.environment:checking '/home/sarthak/precise_docking_ws/install/frontend' for CMake module files
[8.688s] Level 1:colcon.colcon_core.environment:checking '/home/sarthak/precise_docking_ws/install/frontend' for CMake config files
[8.688s] Level 1:colcon.colcon_core.shell:create_environment_hook('frontend', 'cmake_prefix_path')
[8.689s] INFO:colcon.colcon_core.shell:Creating environment hook '/home/sarthak/precise_docking_ws/install/frontend/share/frontend/hook/cmake_prefix_path.ps1'
[8.689s] INFO:colcon.colcon_core.shell:Creating environment descriptor '/home/sarthak/precise_docking_ws/install/frontend/share/frontend/hook/cmake_prefix_path.dsv'
[8.690s] INFO:colcon.colcon_core.shell:Creating environment hook '/home/sarthak/precise_docking_ws/install/frontend/share/frontend/hook/cmake_prefix_path.sh'
[8.691s] Level 1:colcon.colcon_core.environment:checking '/home/sarthak/precise_docking_ws/install/frontend/lib'
[8.691s] Level 1:colcon.colcon_core.environment:checking '/home/sarthak/precise_docking_ws/install/frontend/bin'
[8.691s] Level 1:colcon.colcon_core.environment:checking '/home/sarthak/precise_docking_ws/install/frontend/lib/pkgconfig/frontend.pc'
[8.691s] Level 1:colcon.colcon_core.environment:checking '/home/sarthak/precise_docking_ws/install/frontend/lib/python3.10/site-packages'
[8.691s] Level 1:colcon.colcon_core.shell:create_environment_hook('frontend', 'pythonpath')
[8.691s] INFO:colcon.colcon_core.shell:Creating environment hook '/home/sarthak/precise_docking_ws/install/frontend/share/frontend/hook/pythonpath.ps1'
[8.692s] INFO:colcon.colcon_core.shell:Creating environment descriptor '/home/sarthak/precise_docking_ws/install/frontend/share/frontend/hook/pythonpath.dsv'
[8.692s] INFO:colcon.colcon_core.shell:Creating environment hook '/home/sarthak/precise_docking_ws/install/frontend/share/frontend/hook/pythonpath.sh'
[8.693s] Level 1:colcon.colcon_core.environment:checking '/home/sarthak/precise_docking_ws/install/frontend/bin'
[8.693s] INFO:colcon.colcon_core.shell:Creating package script '/home/sarthak/precise_docking_ws/install/frontend/share/frontend/package.ps1'
[8.694s] INFO:colcon.colcon_core.shell:Creating package descriptor '/home/sarthak/precise_docking_ws/install/frontend/share/frontend/package.dsv'
[8.695s] INFO:colcon.colcon_core.shell:Creating package script '/home/sarthak/precise_docking_ws/install/frontend/share/frontend/package.sh'
[8.695s] INFO:colcon.colcon_core.shell:Creating package script '/home/sarthak/precise_docking_ws/install/frontend/share/frontend/package.bash'
[8.696s] INFO:colcon.colcon_core.shell:Creating package script '/home/sarthak/precise_docking_ws/install/frontend/share/frontend/package.zsh'
[8.697s] Level 1:colcon.colcon_core.environment:create_file_with_runtime_dependencies(/home/sarthak/precise_docking_ws/install/frontend/share/colcon-core/packages/frontend)
[8.697s] DEBUG:colcon.colcon_ros_domain_id_coordinator.shell.ros_domain_id:Released ROS_DOMAIN_ID=19 for '/home/sarthak/precise_docking_ws/build/frontend'
[8.707s] DEBUG:colcon.colcon_parallel_executor.executor.parallel:closing loop
[8.708s] DEBUG:colcon.colcon_parallel_executor.executor.parallel:loop closed
[8.708s] DEBUG:colcon.colcon_parallel_executor.executor.parallel:run_until_complete finished with '2'
[8.708s] DEBUG:colcon.colcon_core.event_reactor:joining thread
[8.716s] INFO:colcon.colcon_core.plugin_system:Skipping extension 'colcon_notification.desktop_notification.terminal_notifier': Not used on non-Darwin systems
[8.716s] INFO:colcon.colcon_core.plugin_system:Skipping extension 'colcon_notification.desktop_notification.win32': Not used on non-Windows systems
[8.717s] INFO:colcon.colcon_notification.desktop_notification:Sending desktop notification using 'notify2'
[8.734s] DEBUG:colcon.colcon_core.event_reactor:joined thread
[8.735s] INFO:colcon.colcon_core.shell:Creating prefix script '/home/sarthak/precise_docking_ws/install/local_setup.ps1'
[8.736s] INFO:colcon.colcon_core.shell:Creating prefix util module '/home/sarthak/precise_docking_ws/install/_local_setup_util_ps1.py'
[8.737s] INFO:colcon.colcon_core.shell:Creating prefix chain script '/home/sarthak/precise_docking_ws/install/setup.ps1'
[8.740s] INFO:colcon.colcon_core.shell:Creating prefix script '/home/sarthak/precise_docking_ws/install/local_setup.sh'
[8.741s] INFO:colcon.colcon_core.shell:Creating prefix util module '/home/sarthak/precise_docking_ws/install/_local_setup_util_sh.py'
[8.743s] INFO:colcon.colcon_core.shell:Creating prefix chain script '/home/sarthak/precise_docking_ws/install/setup.sh'
[8.746s] INFO:colcon.colcon_core.shell:Creating prefix script '/home/sarthak/precise_docking_ws/install/local_setup.bash'
[8.748s] INFO:colcon.colcon_core.shell:Creating prefix chain script '/home/sarthak/precise_docking_ws/install/setup.bash'
[8.750s] INFO:colcon.colcon_core.shell:Creating prefix script '/home/sarthak/precise_docking_ws/install/local_setup.zsh'
[8.751s] INFO:colcon.colcon_core.shell:Creating prefix chain script '/home/sarthak/precise_docking_ws/install/setup.zsh'
[8.753s] INFO:colcon.colcon_core.shell:Creating '/home/sarthak/precise_docking_ws/install/spawn_shell.bash'
