[2.062s] Invoking command in '/home/sarthak/precise_docking_ws/src/active_localization': PYTHONPATH=/home/sarthak/precise_docking_ws/build/active_localization/prefix_override:/home/sarthak/.local/lib/python3.10/site-packages/colcon_core/task/python/colcon_distutils_commands:/home/sarthak/precise_docking_ws/install/active_localization/lib/python3.10/site-packages:${PYTHONPATH} ROS_DOMAIN_ID=100 /usr/bin/python3 -W ignore:setup.py install is deprecated setup.py egg_info --egg-base ../../build/active_localization build --build-base /home/sarthak/precise_docking_ws/build/active_localization/build install --record /home/sarthak/precise_docking_ws/build/active_localization/install.log --single-version-externally-managed install_data
[2.226s] /home/sarthak/.local/lib/python3.10/site-packages/setuptools/_distutils/dist.py:261: UserWarning: Unknown distribution option: 'tests_require'
[2.226s]   warnings.warn(msg)
[2.363s] running egg_info
[2.379s] writing ../../build/active_localization/active_localization.egg-info/PKG-INFO
[2.379s] writing dependency_links to ../../build/active_localization/active_localization.egg-info/dependency_links.txt
[2.379s] writing entry points to ../../build/active_localization/active_localization.egg-info/entry_points.txt
[2.380s] writing requirements to ../../build/active_localization/active_localization.egg-info/requires.txt
[2.380s] writing top-level names to ../../build/active_localization/active_localization.egg-info/top_level.txt
[3.393s] writing manifest file '../../build/active_localization/active_localization.egg-info/SOURCES.txt'
[3.393s] running build
[3.393s] running build_py
[3.393s] copying active_localization/__init__.py -> /home/sarthak/precise_docking_ws/build/active_localization/build/lib/active_localization
[3.393s] copying active_localization/frontier_detection.py -> /home/sarthak/precise_docking_ws/build/active_localization/build/lib/active_localization
[3.393s] copying active_localization/path_to_goal.py -> /home/sarthak/precise_docking_ws/build/active_localization/build/lib/active_localization
[3.394s] copying active_localization/utility_function.py -> /home/sarthak/precise_docking_ws/build/active_localization/build/lib/active_localization
[3.395s] copying active_localization/local_map.py -> /home/sarthak/precise_docking_ws/build/active_localization/build/lib/active_localization
[3.395s] copying active_localization/next_best_view.py -> /home/sarthak/precise_docking_ws/build/active_localization/build/lib/active_localization
[3.395s] running install
[3.399s] running install_lib
[3.415s] copying /home/sarthak/precise_docking_ws/build/active_localization/build/lib/active_localization/frontier_detection.py -> /home/sarthak/precise_docking_ws/install/active_localization/lib/python3.10/site-packages/active_localization
[3.415s] copying /home/sarthak/precise_docking_ws/build/active_localization/build/lib/active_localization/path_to_goal.py -> /home/sarthak/precise_docking_ws/install/active_localization/lib/python3.10/site-packages/active_localization
[3.416s] byte-compiling /home/sarthak/precise_docking_ws/install/active_localization/lib/python3.10/site-packages/active_localization/frontier_detection.py to frontier_detection.cpython-310.pyc
[3.418s] byte-compiling /home/sarthak/precise_docking_ws/install/active_localization/lib/python3.10/site-packages/active_localization/path_to_goal.py to path_to_goal.cpython-310.pyc
[3.421s] running install_data
[3.421s] copying resource/active_localization -> /home/sarthak/precise_docking_ws/install/active_localization/share/ament_index/resource_index/packages
[3.422s] copying package.xml -> /home/sarthak/precise_docking_ws/install/active_localization/share/active_localization
[3.422s] running install_egg_info
[3.444s] removing '/home/sarthak/precise_docking_ws/install/active_localization/lib/python3.10/site-packages/active_localization-0.0.0-py3.10.egg-info' (and everything under it)
[3.444s] Copying ../../build/active_localization/active_localization.egg-info to /home/sarthak/precise_docking_ws/install/active_localization/lib/python3.10/site-packages/active_localization-0.0.0-py3.10.egg-info
[3.445s] running install_scripts
[3.573s] Installing frontier_detection script to /home/sarthak/precise_docking_ws/install/active_localization/lib/active_localization
[3.574s] Installing local_map_node script to /home/sarthak/precise_docking_ws/install/active_localization/lib/active_localization
[3.574s] Installing path_to_goal script to /home/sarthak/precise_docking_ws/install/active_localization/lib/active_localization
[3.574s] writing list of installed files to '/home/sarthak/precise_docking_ws/build/active_localization/install.log'
[3.625s] Invoked command in '/home/sarthak/precise_docking_ws/src/active_localization' returned '0': PYTHONPATH=/home/sarthak/precise_docking_ws/build/active_localization/prefix_override:/home/sarthak/.local/lib/python3.10/site-packages/colcon_core/task/python/colcon_distutils_commands:/home/sarthak/precise_docking_ws/install/active_localization/lib/python3.10/site-packages:${PYTHONPATH} ROS_DOMAIN_ID=100 /usr/bin/python3 -W ignore:setup.py install is deprecated setup.py egg_info --egg-base ../../build/active_localization build --build-base /home/sarthak/precise_docking_ws/build/active_localization/build install --record /home/sarthak/precise_docking_ws/build/active_localization/install.log --single-version-externally-managed install_data
