-- Found ament_cmake: 1.3.11 (/opt/ros/humble/share/ament_cmake/cmake)
-- Found Python3: /usr/bin/python3 (found version "3.10.12") found components: Interpreter 
-- Found rclcpp: 16.0.11 (/opt/ros/humble/share/rclcpp/cmake)
-- Found rosidl_generator_c: 3.1.6 (/opt/ros/humble/share/rosidl_generator_c/cmake)
-- Found rosidl_adapter: 3.1.6 (/opt/ros/humble/share/rosidl_adapter/cmake)
-- Found rosidl_generator_cpp: 3.1.6 (/opt/ros/humble/share/rosidl_generator_cpp/cmake)
-- Using all available rosidl_typesupport_c: rosidl_typesupport_fastrtps_c;rosidl_typesupport_introspection_c
-- Using all available rosidl_typesupport_cpp: rosidl_typesupport_fastrtps_cpp;rosidl_typesupport_introspection_cpp
-- Found rmw_implementation_cmake: 6.1.2 (/opt/ros/humble/share/rmw_implementation_cmake/cmake)
-- Found rmw_cyclonedds_cpp: 1.3.4 (/opt/ros/humble/share/rmw_cyclonedds_cpp/cmake)
-- Using RMW implementation 'rmw_cyclonedds_cpp' as default
-- Found sensor_msgs: 4.2.4 (/opt/ros/humble/share/sensor_msgs/cmake)
-- Found rclpy: 3.3.15 (/opt/ros/humble/share/rclpy/cmake)
-- Found nav_msgs: 4.2.4 (/opt/ros/humble/share/nav_msgs/cmake)
-- Found tf2_ros: 0.25.9 (/opt/ros/humble/share/tf2_ros/cmake)
-- Found tf2_geometry_msgs: 0.25.9 (/opt/ros/humble/share/tf2_geometry_msgs/cmake)
-- Found eigen3_cmake_module: 0.1.1 (/opt/ros/humble/share/eigen3_cmake_module/cmake)
-- Ensuring Eigen3 include directory is part of orocos-kdl CMake target
-- Found Python3: /usr/include/python3.10 (found version "3.10.12") found components: Development Development.Module Development.Embed 
-- Found tf2_sensor_msgs: 0.25.9 (/opt/ros/humble/share/tf2_sensor_msgs/cmake)
-- Configuring done
-- Generating done
-- Build files have been written to: /home/sarthak/precise_docking_ws/build/localization_amcl
[35m[1mConsolidate compiler generated dependencies of target cpp_executable[0m
[100%] Built target cpp_executable
[100%] Built target ament_cmake_python_copy_localization_amcl
running egg_info
writing localization_amcl.egg-info/PKG-INFO
writing dependency_links to localization_amcl.egg-info/dependency_links.txt
writing top-level names to localization_amcl.egg-info/top_level.txt
reading manifest file 'localization_amcl.egg-info/SOURCES.txt'
writing manifest file 'localization_amcl.egg-info/SOURCES.txt'
[100%] Built target ament_cmake_python_build_localization_amcl_egg
-- Install configuration: ""
-- Up-to-date: /home/sarthak/precise_docking_ws/install/localization_amcl/lib/localization_amcl/cpp_executable
-- Up-to-date: /home/sarthak/precise_docking_ws/install/localization_amcl/share/localization_amcl/environment/pythonpath.sh
-- Installing: /home/sarthak/precise_docking_ws/install/localization_amcl/share/localization_amcl/environment/pythonpath.dsv
-- Up-to-date: /home/sarthak/precise_docking_ws/install/localization_amcl/local/lib/python3.10/dist-packages/localization_amcl-0.0.0-py3.10.egg-info
-- Installing: /home/sarthak/precise_docking_ws/install/localization_amcl/local/lib/python3.10/dist-packages/localization_amcl-0.0.0-py3.10.egg-info/top_level.txt
-- Installing: /home/sarthak/precise_docking_ws/install/localization_amcl/local/lib/python3.10/dist-packages/localization_amcl-0.0.0-py3.10.egg-info/SOURCES.txt
-- Installing: /home/sarthak/precise_docking_ws/install/localization_amcl/local/lib/python3.10/dist-packages/localization_amcl-0.0.0-py3.10.egg-info/PKG-INFO
-- Installing: /home/sarthak/precise_docking_ws/install/localization_amcl/local/lib/python3.10/dist-packages/localization_amcl-0.0.0-py3.10.egg-info/dependency_links.txt
-- Up-to-date: /home/sarthak/precise_docking_ws/install/localization_amcl/local/lib/python3.10/dist-packages/localization_amcl
-- Up-to-date: /home/sarthak/precise_docking_ws/install/localization_amcl/local/lib/python3.10/dist-packages/localization_amcl/__init__.py
-- Up-to-date: /home/sarthak/precise_docking_ws/install/localization_amcl/local/lib/python3.10/dist-packages/localization_amcl/module_to_import.py
Listing '/home/sarthak/precise_docking_ws/install/localization_amcl/local/lib/python3.10/dist-packages/localization_amcl'...
-- Up-to-date: /home/sarthak/precise_docking_ws/install/localization_amcl/lib/localization_amcl/py_node.py
-- Up-to-date: /home/sarthak/precise_docking_ws/install/localization_amcl/share/ament_index/resource_index/package_run_dependencies/localization_amcl
-- Installing: /home/sarthak/precise_docking_ws/install/localization_amcl/share/ament_index/resource_index/parent_prefix_path/localization_amcl
-- Up-to-date: /home/sarthak/precise_docking_ws/install/localization_amcl/share/localization_amcl/environment/ament_prefix_path.sh
-- Installing: /home/sarthak/precise_docking_ws/install/localization_amcl/share/localization_amcl/environment/ament_prefix_path.dsv
-- Up-to-date: /home/sarthak/precise_docking_ws/install/localization_amcl/share/localization_amcl/environment/path.sh
-- Installing: /home/sarthak/precise_docking_ws/install/localization_amcl/share/localization_amcl/environment/path.dsv
-- Up-to-date: /home/sarthak/precise_docking_ws/install/localization_amcl/share/localization_amcl/local_setup.bash
-- Up-to-date: /home/sarthak/precise_docking_ws/install/localization_amcl/share/localization_amcl/local_setup.sh
-- Up-to-date: /home/sarthak/precise_docking_ws/install/localization_amcl/share/localization_amcl/local_setup.zsh
-- Installing: /home/sarthak/precise_docking_ws/install/localization_amcl/share/localization_amcl/local_setup.dsv
-- Installing: /home/sarthak/precise_docking_ws/install/localization_amcl/share/localization_amcl/package.dsv
-- Up-to-date: /home/sarthak/precise_docking_ws/install/localization_amcl/share/ament_index/resource_index/packages/localization_amcl
-- Up-to-date: /home/sarthak/precise_docking_ws/install/localization_amcl/share/localization_amcl/cmake/localization_amclConfig.cmake
-- Up-to-date: /home/sarthak/precise_docking_ws/install/localization_amcl/share/localization_amcl/cmake/localization_amclConfig-version.cmake
-- Up-to-date: /home/sarthak/precise_docking_ws/install/localization_amcl/share/localization_amcl/package.xml
