[1.706s] Invoking command in '/home/sarthak/precise_docking_ws/src/arcuo_marker_detection': PYTHONPATH=/home/sarthak/precise_docking_ws/build/arcuo_marker_detection/prefix_override:/home/sarthak/.local/lib/python3.10/site-packages/colcon_core/task/python/colcon_distutils_commands:/home/sarthak/precise_docking_ws/install/arcuo_marker_detection/lib/python3.10/site-packages:${PYTHONPATH} ROS_DOMAIN_ID=9 /usr/bin/python3 -W ignore:setup.py install is deprecated setup.py egg_info --egg-base ../../build/arcuo_marker_detection build --build-base /home/sarthak/precise_docking_ws/build/arcuo_marker_detection/build install --record /home/sarthak/precise_docking_ws/build/arcuo_marker_detection/install.log --single-version-externally-managed install_data
[1.938s] /home/sarthak/.local/lib/python3.10/site-packages/setuptools/_distutils/dist.py:261: UserWarning: Unknown distribution option: 'tests_require'
[1.938s]   warnings.warn(msg)
[2.143s] running egg_info
[2.169s] writing ../../build/arcuo_marker_detection/arcuo_marker_detection.egg-info/PKG-INFO
[2.170s] writing dependency_links to ../../build/arcuo_marker_detection/arcuo_marker_detection.egg-info/dependency_links.txt
[2.170s] writing entry points to ../../build/arcuo_marker_detection/arcuo_marker_detection.egg-info/entry_points.txt
[2.170s] writing requirements to ../../build/arcuo_marker_detection/arcuo_marker_detection.egg-info/requires.txt
[2.170s] writing top-level names to ../../build/arcuo_marker_detection/arcuo_marker_detection.egg-info/top_level.txt
[2.896s] writing manifest file '../../build/arcuo_marker_detection/arcuo_marker_detection.egg-info/SOURCES.txt'
[2.896s] running build
[2.896s] running build_py
[2.896s] copying arcuo_marker_detection/__init__.py -> /home/sarthak/precise_docking_ws/build/arcuo_marker_detection/build/lib/arcuo_marker_detection
[2.896s] copying arcuo_marker_detection/arcuo_detection.py -> /home/sarthak/precise_docking_ws/build/arcuo_marker_detection/build/lib/arcuo_marker_detection
[2.897s] running install
[2.901s] running install_lib
[2.917s] copying /home/sarthak/precise_docking_ws/build/arcuo_marker_detection/build/lib/arcuo_marker_detection/arcuo_detection.py -> /home/sarthak/precise_docking_ws/install/arcuo_marker_detection/lib/python3.10/site-packages/arcuo_marker_detection
[2.918s] byte-compiling /home/sarthak/precise_docking_ws/install/arcuo_marker_detection/lib/python3.10/site-packages/arcuo_marker_detection/arcuo_detection.py to arcuo_detection.cpython-310.pyc
[2.919s] running install_data
[2.920s] copying resource/arcuo_marker_detection -> /home/sarthak/precise_docking_ws/install/arcuo_marker_detection/share/ament_index/resource_index/packages
[2.920s] copying package.xml -> /home/sarthak/precise_docking_ws/install/arcuo_marker_detection/share/arcuo_marker_detection
[2.921s] running install_egg_info
[2.946s] removing '/home/sarthak/precise_docking_ws/install/arcuo_marker_detection/lib/python3.10/site-packages/arcuo_marker_detection-0.0.0-py3.10.egg-info' (and everything under it)
[2.946s] Copying ../../build/arcuo_marker_detection/arcuo_marker_detection.egg-info to /home/sarthak/precise_docking_ws/install/arcuo_marker_detection/lib/python3.10/site-packages/arcuo_marker_detection-0.0.0-py3.10.egg-info
[2.946s] running install_scripts
[3.080s] Installing aruco_marker_detection_node script to /home/sarthak/precise_docking_ws/install/arcuo_marker_detection/lib/arcuo_marker_detection
[3.080s] writing list of installed files to '/home/sarthak/precise_docking_ws/build/arcuo_marker_detection/install.log'
[3.134s] Invoked command in '/home/sarthak/precise_docking_ws/src/arcuo_marker_detection' returned '0': PYTHONPATH=/home/sarthak/precise_docking_ws/build/arcuo_marker_detection/prefix_override:/home/sarthak/.local/lib/python3.10/site-packages/colcon_core/task/python/colcon_distutils_commands:/home/sarthak/precise_docking_ws/install/arcuo_marker_detection/lib/python3.10/site-packages:${PYTHONPATH} ROS_DOMAIN_ID=9 /usr/bin/python3 -W ignore:setup.py install is deprecated setup.py egg_info --egg-base ../../build/arcuo_marker_detection build --build-base /home/sarthak/precise_docking_ws/build/arcuo_marker_detection/build install --record /home/sarthak/precise_docking_ws/build/arcuo_marker_detection/install.log --single-version-externally-managed install_data
